Reading OpenROAD database at '/mnt/c/Data/IEEE/32Bit-ALU/pd/runs/RUN_2026-01-21_11-02-19/20-openroad-generatepdn/ALU.odb'…
Reading library file at '/home/diddy/.ciel/ciel/sky130/versions/0fe599b2afb6708d281543108caf8310912f54af/sky130A/libs.ref/sky130_fd_sc_hd/lib/sky130_fd_sc_hd__tt_025C_1v80.lib'…
Reading design constraints file at '/nix/store/ifgrnqkf6pcsk2qzdn5bai2rvd4skbbc-python3-3.11.9-env/lib/python3.11/site-packages/librelane/scripts/base.sdc'…
[INFO] Using clock clk…
[INFO] Setting output delay to: 5.0
[INFO] Setting input delay to: 5.0
[INFO] Setting load to: 0.033442
[INFO] Setting clock uncertainty to: 0.25
[INFO] Setting clock transition to: 0.1499999999999999944488848768742172978818416595458984375
[INFO] Setting timing derate to: 5%
+ global_placement -density 0.65 -skip_io -pad_right 0 -pad_left 0 -init_wirelength_coef 0.25
[INFO GPL-0002] DBU: 1000
[INFO GPL-0003] SiteSize: (  0.460  2.720 ) um
[INFO GPL-0004] CoreBBox: (  5.520 10.880 ) ( 333.500 337.280 ) um
[INFO GPL-0006] NumInstances:             10045
[INFO GPL-0007] NumPlaceInstances:         8280
[INFO GPL-0008] NumFixedInstances:         1765
[INFO GPL-0009] NumDummyInstances:            0
[INFO GPL-0010] NumNets:                   8348
[INFO GPL-0011] NumPins:                  26041
[INFO GPL-0012] DieBBox:  (  0.000  0.000 ) ( 339.240 349.960 ) um
[INFO GPL-0013] CoreBBox: (  5.520 10.880 ) ( 333.500 337.280 ) um
[INFO GPL-0016] CoreArea:            107052.672 um^2
[INFO GPL-0017] NonPlaceInstsArea:     2808.944 um^2
[INFO GPL-0018] PlaceInstsArea:       64629.485 um^2
[INFO GPL-0019] Util:                    61.998 %
[INFO GPL-0020] StdInstsArea:         64629.485 um^2
[INFO GPL-0021] MacroInstsArea:           0.000 um^2
[INFO GPL-0031] FillerInit:NumGCells:      8719
[INFO GPL-0032] FillerInit:NumGNets:       8348
[INFO GPL-0033] FillerInit:NumGPins:      26041
[INFO GPL-0023] TargetDensity:            0.650
[INFO GPL-0024] AvrgPlaceInstArea:        7.805 um^2
[INFO GPL-0025] IdealBinArea:            12.008 um^2
[INFO GPL-0026] IdealBinCnt:               8914
[INFO GPL-0027] TotalBinArea:        107052.672 um^2
[INFO GPL-0028] BinCnt:        64     64
[INFO GPL-0029] BinSize: (  5.125  5.100 )
[INFO GPL-0030] NumBins: 4096
[NesterovSolve] Iter:    1 overflow: 0.998 HPWL: 16374007
[NesterovSolve] Iter:   10 overflow: 0.997 HPWL: 10114709
[NesterovSolve] Iter:   20 overflow: 0.996 HPWL: 9310565
[NesterovSolve] Iter:   30 overflow: 0.995 HPWL: 8796239
[NesterovSolve] Iter:   40 overflow: 0.995 HPWL: 8537697
[NesterovSolve] Iter:   50 overflow: 0.994 HPWL: 8442792
[NesterovSolve] Iter:   60 overflow: 0.994 HPWL: 8407102
[NesterovSolve] Iter:   70 overflow: 0.993 HPWL: 8387247
[NesterovSolve] Iter:   80 overflow: 0.993 HPWL: 8363143
[NesterovSolve] Iter:   90 overflow: 0.993 HPWL: 8349469
[NesterovSolve] Iter:  100 overflow: 0.992 HPWL: 8429346
[NesterovSolve] Iter:  110 overflow: 0.991 HPWL: 8805197
[NesterovSolve] Iter:  120 overflow: 0.990 HPWL: 9942720
[NesterovSolve] Iter:  130 overflow: 0.986 HPWL: 12376506
[NesterovSolve] Iter:  140 overflow: 0.981 HPWL: 15869198
[NesterovSolve] Iter:  150 overflow: 0.972 HPWL: 19673225
[NesterovSolve] Iter:  160 overflow: 0.961 HPWL: 23642630
[NesterovSolve] Iter:  170 overflow: 0.942 HPWL: 28450944
[NesterovSolve] Iter:  180 overflow: 0.921 HPWL: 34549800
[NesterovSolve] Iter:  190 overflow: 0.894 HPWL: 41366376
[NesterovSolve] Iter:  200 overflow: 0.866 HPWL: 48295096
[NesterovSolve] Iter:  210 overflow: 0.834 HPWL: 55066040
[NesterovSolve] Iter:  220 overflow: 0.796 HPWL: 61902733
[NesterovSolve] Iter:  230 overflow: 0.751 HPWL: 68977918
[NesterovSolve] Iter:  240 overflow: 0.708 HPWL: 75771211
[NesterovSolve] Iter:  250 overflow: 0.654 HPWL: 81700376
[NesterovSolve] Iter:  260 overflow: 0.609 HPWL: 85682984
[NesterovSolve] Iter:  270 overflow: 0.563 HPWL: 90232627
[NesterovSolve] Iter:  280 overflow: 0.515 HPWL: 94174299
[NesterovSolve] Iter:  290 overflow: 0.473 HPWL: 98080740
[NesterovSolve] Iter:  300 overflow: 0.429 HPWL: 101084661
[NesterovSolve] Iter:  310 overflow: 0.396 HPWL: 102766389
[NesterovSolve] Iter:  320 overflow: 0.359 HPWL: 104405684
[NesterovSolve] Iter:  330 overflow: 0.325 HPWL: 105522204
[NesterovSolve] Iter:  340 overflow: 0.298 HPWL: 105659697
[NesterovSolve] Iter:  350 overflow: 0.271 HPWL: 105841760
[NesterovSolve] Iter:  360 overflow: 0.248 HPWL: 105894264
[NesterovSolve] Iter:  370 overflow: 0.225 HPWL: 105982084
[NesterovSolve] Iter:  380 overflow: 0.202 HPWL: 106049563
[NesterovSolve] Iter:  390 overflow: 0.182 HPWL: 106311015
[NesterovSolve] Iter:  400 overflow: 0.163 HPWL: 106499075
[NesterovSolve] Iter:  410 overflow: 0.147 HPWL: 106794767
[NesterovSolve] Iter:  420 overflow: 0.130 HPWL: 107069607
[NesterovSolve] Iter:  430 overflow: 0.113 HPWL: 107374813
[NesterovSolve] Iter:  440 overflow: 0.099 HPWL: 107848702
[NesterovSolve] Finished with Overflow: 0.098997
[INFO] Setting RC values…
Setting global connections for newly added cells…
[INFO] Setting global connections...
Updating metrics…
Cell type report:                       Count       Area
  Fill cell                               240     900.86
  Tap cell                               1525    1908.08
  Buffer                                  180     932.14
  Inverter                               1315    5077.37
  Sequential cell                         314    8250.41
  Multi-Input combinational cell         6471   50369.56
  Total                                 10045   67438.43
Writing OpenROAD database to '/mnt/c/Data/IEEE/32Bit-ALU/pd/runs/RUN_2026-01-21_11-02-19/23-openroad-globalplacementskipio/ALU.odb'…
Writing netlist to '/mnt/c/Data/IEEE/32Bit-ALU/pd/runs/RUN_2026-01-21_11-02-19/23-openroad-globalplacementskipio/ALU.nl.v'…
Writing powered netlist to '/mnt/c/Data/IEEE/32Bit-ALU/pd/runs/RUN_2026-01-21_11-02-19/23-openroad-globalplacementskipio/ALU.pnl.v'…
Writing layout to '/mnt/c/Data/IEEE/32Bit-ALU/pd/runs/RUN_2026-01-21_11-02-19/23-openroad-globalplacementskipio/ALU.def'…
Writing timing constraints to '/mnt/c/Data/IEEE/32Bit-ALU/pd/runs/RUN_2026-01-21_11-02-19/23-openroad-globalplacementskipio/ALU.sdc'…
