Clock: clk
Sources: clk 
Generated: no
Virtual: yes
Propagated: no
Period: 8.000000

===========================================================================
report_clock_properties
============================================================================
Clock                   Period          Waveform
----------------------------------------------------
clk                   8.000000    0.000000  4.000000

===========================================================================
report_clock_latency
============================================================================
Clock clk
rise -> rise
    min     max
0.000000 0.000000 source latency
0.587846         network latency _14356_/CLK
        0.632660 network latency _14338_/CLK
---------------
0.587846 0.632660 latency
        0.044814 skew

fall -> fall
    min     max
0.000000 0.000000 source latency
0.493245         network latency _14356_/CLK
        0.528226 network latency _14338_/CLK
---------------
0.493245 0.528226 latency
        0.034981 skew



===========================================================================
report_clock_min_period
============================================================================
clk period_min = 6.53 fmax = 153.15
