
===========================================================================
report_checks -unconstrained
===========================================================================
======================= min_ff_n40C_1v95 Corner ===================================

Startpoint: rst (input port clocked by clk)
Endpoint: _14488_ (recovery check against rising-edge clock clk)
Path Group: asynchronous
Path Type: max

Fanout         Cap        Slew       Delay        Time   Description
---------------------------------------------------------------------------------------------
                                  0.000000    0.000000   clock clk (rise edge)
                                  0.000000    0.000000   clock network delay (propagated)
                                  1.600000    1.600000 v input external delay
     1    0.002662    0.004529    0.002137    1.602137 v rst (in)
                                                         rst (net)
                      0.004529    0.000000    1.602137 v input67/A (sky130_fd_sc_hd__buf_1)
     1    0.008840    0.039792    0.065660    1.667797 v input67/X (sky130_fd_sc_hd__buf_1)
                                                         net67 (net)
                      0.039794    0.000292    1.668089 v fanout2918/A (sky130_fd_sc_hd__clkbuf_2)
     2    0.036163    0.096975    0.132399    1.800488 v fanout2918/X (sky130_fd_sc_hd__clkbuf_2)
                                                         net2918 (net)
                      0.096976    0.000280    1.800768 v fanout2849/A (sky130_fd_sc_hd__dlymetal6s2s_1)
     2    0.019593    0.075468    0.155351    1.956119 v fanout2849/X (sky130_fd_sc_hd__dlymetal6s2s_1)
                                                         net2849 (net)
                      0.075485    0.001114    1.957233 v fanout2848/A (sky130_fd_sc_hd__buf_1)
     2    0.028305    0.112611    0.148761    2.105994 v fanout2848/X (sky130_fd_sc_hd__buf_1)
                                                         net2848 (net)
                      0.112611    0.000409    2.106403 v fanout2847/A (sky130_fd_sc_hd__buf_1)
     2    0.018507    0.076293    0.134165    2.240568 v fanout2847/X (sky130_fd_sc_hd__buf_1)
                                                         net2847 (net)
                      0.076293    0.000212    2.240781 v fanout2846/A (sky130_fd_sc_hd__dlymetal6s2s_1)
     2    0.013760    0.057951    0.132893    2.373674 v fanout2846/X (sky130_fd_sc_hd__dlymetal6s2s_1)
                                                         net2846 (net)
                      0.057951    0.000147    2.373821 v fanout2845/A (sky130_fd_sc_hd__clkbuf_1)
     2    0.008649    0.039501    0.085977    2.459798 v fanout2845/X (sky130_fd_sc_hd__clkbuf_1)
                                                         net2845 (net)
                      0.039501    0.000082    2.459880 v fanout2839/A (sky130_fd_sc_hd__clkbuf_1)
     3    0.014662    0.061445    0.096130    2.556010 v fanout2839/X (sky130_fd_sc_hd__clkbuf_1)
                                                         net2839 (net)
                      0.061445    0.000156    2.556166 v fanout2838/A (sky130_fd_sc_hd__dlymetal6s2s_1)
     4    0.017082    0.067651    0.135137    2.691303 v fanout2838/X (sky130_fd_sc_hd__dlymetal6s2s_1)
                                                         net2838 (net)
                      0.067652    0.000312    2.691615 v fanout2837/A (sky130_fd_sc_hd__clkbuf_2)
     5    0.028329    0.077146    0.131385    2.823000 v fanout2837/X (sky130_fd_sc_hd__clkbuf_2)
                                                         net2837 (net)
                      0.077146    0.000256    2.823256 v _14174_/A (sky130_fd_sc_hd__inv_2)
     1    0.005818    0.033589    0.051552    2.874808 ^ _14174_/Y (sky130_fd_sc_hd__inv_2)
                                                         _00310_ (net)
                      0.033589    0.000095    2.874903 ^ _14488_/RESET_B (sky130_fd_sc_hd__dfrtp_2)
                                              2.874903   data arrival time

                                  8.000000    8.000000   clock clk (rise edge)
                                  0.000000    8.000000   clock source latency
     1    0.047979    0.164436    0.115221    8.115221 ^ clk (in)
                                                         clk (net)
                      0.164498    0.000000    8.115221 ^ clkbuf_0_clk/A (sky130_fd_sc_hd__clkbuf_16)
     2    0.057671    0.059401    0.137199    8.252419 ^ clkbuf_0_clk/X (sky130_fd_sc_hd__clkbuf_16)
                                                         clknet_0_clk (net)
                      0.059430    0.001192    8.253612 ^ clkbuf_1_0__f_clk/A (sky130_fd_sc_hd__clkbuf_16)
    11    0.127947    0.108693    0.152530    8.406141 ^ clkbuf_1_0__f_clk/X (sky130_fd_sc_hd__clkbuf_16)
                                                         clknet_1_0__leaf_clk (net)
                      0.108784    0.002532    8.408673 ^ clkbuf_leaf_11_clk/A (sky130_fd_sc_hd__clkbuf_8)
    19    0.069439    0.097694    0.154230    8.562902 ^ clkbuf_leaf_11_clk/X (sky130_fd_sc_hd__clkbuf_8)
                                                         clknet_leaf_11_clk (net)
                      0.097699    0.000816    8.563719 ^ _14488_/CLK (sky130_fd_sc_hd__dfrtp_2)
                                 -0.250000    8.313719   clock uncertainty
                                  0.000000    8.313719   clock reconvergence pessimism
                                  0.143179    8.456898   library recovery time
                                              8.456898   data required time
---------------------------------------------------------------------------------------------
                                              8.456898   data required time
                                             -2.874903   data arrival time
---------------------------------------------------------------------------------------------
                                              5.581995   slack (MET)


Startpoint: _14415_ (rising edge-triggered flip-flop clocked by clk)
Endpoint: _14499_ (rising edge-triggered flip-flop clocked by clk)
Path Group: clk
Path Type: max

Fanout         Cap        Slew       Delay        Time   Description
---------------------------------------------------------------------------------------------
                                  0.000000    0.000000   clock clk (rise edge)
                                  0.000000    0.000000   clock source latency
     1    0.047979    0.164436    0.115221    0.115221 ^ clk (in)
                                                         clk (net)
                      0.164498    0.000000    0.115221 ^ clkbuf_0_clk/A (sky130_fd_sc_hd__clkbuf_16)
     2    0.057671    0.059401    0.137199    0.252420 ^ clkbuf_0_clk/X (sky130_fd_sc_hd__clkbuf_16)
                                                         clknet_0_clk (net)
                      0.059430    0.001192    0.253611 ^ clkbuf_1_0__f_clk/A (sky130_fd_sc_hd__clkbuf_16)
    11    0.127947    0.108693    0.152530    0.406141 ^ clkbuf_1_0__f_clk/X (sky130_fd_sc_hd__clkbuf_16)
                                                         clknet_1_0__leaf_clk (net)
                      0.108840    0.003204    0.409345 ^ clkbuf_leaf_17_clk/A (sky130_fd_sc_hd__clkbuf_8)
    25    0.072702    0.101727    0.156990    0.566335 ^ clkbuf_leaf_17_clk/X (sky130_fd_sc_hd__clkbuf_8)
                                                         clknet_leaf_17_clk (net)
                      0.101728    0.000565    0.566900 ^ _14415_/CLK (sky130_fd_sc_hd__dfrtp_1)
     2    0.034598    0.121732    0.332953    0.899853 v _14415_/Q (sky130_fd_sc_hd__dfrtp_1)
                                                         adder_inst.man_b_r[5] (net)
                      0.121733    0.000612    0.900465 v fanout1863/A (sky130_fd_sc_hd__buf_4)
     5    0.059368    0.063915    0.166763    1.067228 v fanout1863/X (sky130_fd_sc_hd__buf_4)
                                                         net1863 (net)
                      0.064169    0.003475    1.070703 v _07125_/A (sky130_fd_sc_hd__inv_2)
     1    0.024944    0.089431    0.092886    1.163588 ^ _07125_/Y (sky130_fd_sc_hd__inv_2)
                                                         _06897_ (net)
                      0.089484    0.001793    1.165381 ^ fanout1160/A (sky130_fd_sc_hd__clkbuf_2)
     3    0.095365    0.393848    0.327025    1.492406 ^ fanout1160/X (sky130_fd_sc_hd__clkbuf_2)
                                                         net1160 (net)
                      0.393894    0.003534    1.495940 ^ fanout1154/A (sky130_fd_sc_hd__buf_2)
     6    0.055116    0.202498    0.228858    1.724798 ^ fanout1154/X (sky130_fd_sc_hd__buf_2)
                                                         net1154 (net)
                      0.202572    0.003207    1.728005 ^ fanout1153/A (sky130_fd_sc_hd__clkbuf_2)
     5    0.046345    0.194134    0.207951    1.935956 ^ fanout1153/X (sky130_fd_sc_hd__clkbuf_2)
                                                         net1153 (net)
                      0.194158    0.001774    1.937730 ^ fanout1151/A (sky130_fd_sc_hd__clkbuf_2)
     5    0.031530    0.134643    0.166971    2.104701 ^ fanout1151/X (sky130_fd_sc_hd__clkbuf_2)
                                                         net1151 (net)
                      0.134690    0.000452    2.105153 ^ _09739_/A2 (sky130_fd_sc_hd__o211ai_1)
     2    0.011970    0.087272    0.095523    2.200676 v _09739_/Y (sky130_fd_sc_hd__o211ai_1)
                                                         _02825_ (net)
                      0.087272    0.000170    2.200846 v _09740_/B (sky130_fd_sc_hd__nand2_1)
     1    0.009314    0.076985    0.096389    2.297235 ^ _09740_/Y (sky130_fd_sc_hd__nand2_1)
                                                         _02826_ (net)
                      0.076985    0.000336    2.297571 ^ _09980_/B1 (sky130_fd_sc_hd__a21o_1)
     2    0.021555    0.144249    0.134372    2.431943 ^ _09980_/X (sky130_fd_sc_hd__a21o_1)
                                                         _03066_ (net)
                      0.144290    0.000398    2.432341 ^ _09981_/B1 (sky130_fd_sc_hd__o21ai_4)
     3    0.030050    0.065646    0.060744    2.493086 v _09981_/Y (sky130_fd_sc_hd__o21ai_4)
                                                         _03067_ (net)
                      0.065702    0.001593    2.494679 v _10005_/B2 (sky130_fd_sc_hd__o2bb2ai_4)
     1    0.010816    0.093552    0.103959    2.598638 ^ _10005_/Y (sky130_fd_sc_hd__o2bb2ai_4)
                                                         _03091_ (net)
                      0.093552    0.000180    2.598818 ^ _10011_/A (sky130_fd_sc_hd__nand3_4)
     2    0.010354    0.048208    0.048184    2.647002 v _10011_/Y (sky130_fd_sc_hd__nand3_4)
                                                         _03097_ (net)
                      0.048208    0.000112    2.647114 v fanout393/A (sky130_fd_sc_hd__buf_6)
     2    0.016558    0.022715    0.087073    2.734187 v fanout393/X (sky130_fd_sc_hd__buf_6)
                                                         net393 (net)
                      0.022721    0.000352    2.734539 v _10054_/A1 (sky130_fd_sc_hd__a21boi_4)
     1    0.010385    0.096481    0.097778    2.832317 ^ _10054_/Y (sky130_fd_sc_hd__a21boi_4)
                                                         _03140_ (net)
                      0.096481    0.000125    2.832442 ^ _10062_/C (sky130_fd_sc_hd__nand3_4)
     3    0.021978    0.075518    0.069033    2.901475 v _10062_/Y (sky130_fd_sc_hd__nand3_4)
                                                         _03148_ (net)
                      0.075520    0.000635    2.902110 v fanout325/A (sky130_fd_sc_hd__buf_6)
     2    0.009665    0.018978    0.093438    2.995548 v fanout325/X (sky130_fd_sc_hd__buf_6)
                                                         net325 (net)
                      0.018978    0.000111    2.995658 v fanout324/A (sky130_fd_sc_hd__buf_8)
     5    0.028199    0.026652    0.080906    3.076564 v fanout324/X (sky130_fd_sc_hd__buf_8)
                                                         net324 (net)
                      0.026659    0.000408    3.076972 v _10364_/A1 (sky130_fd_sc_hd__a21o_1)
     1    0.010825    0.046617    0.118021    3.194993 v _10364_/X (sky130_fd_sc_hd__a21o_1)
                                                         _03450_ (net)
                      0.046617    0.000191    3.195184 v _10367_/C1 (sky130_fd_sc_hd__o211ai_4)
     2    0.015846    0.151250    0.069824    3.265008 ^ _10367_/Y (sky130_fd_sc_hd__o211ai_4)
                                                         _03453_ (net)
                      0.151251    0.000560    3.265568 ^ rebuffer306/A (sky130_fd_sc_hd__buf_6)
     2    0.019620    0.039016    0.087571    3.353140 ^ rebuffer306/X (sky130_fd_sc_hd__buf_6)
                                                         net580 (net)
                      0.039017    0.000193    3.353333 ^ _10588_/A1_N (sky130_fd_sc_hd__o2bb2ai_4)
     3    0.024091    0.145936    0.102758    3.456091 ^ _10588_/Y (sky130_fd_sc_hd__o2bb2ai_4)
                                                         _03674_ (net)
                      0.145936    0.000327    3.456418 ^ _10595_/A (sky130_fd_sc_hd__nand3_4)
     4    0.026982    0.085686    0.083835    3.540253 v _10595_/Y (sky130_fd_sc_hd__nand3_4)
                                                         _03681_ (net)
                      0.085687    0.000462    3.540715 v rebuffer322/A (sky130_fd_sc_hd__buf_6)
     1    0.009834    0.019200    0.097935    3.638650 v rebuffer322/X (sky130_fd_sc_hd__buf_6)
                                                         net1140 (net)
                      0.019200    0.000161    3.638811 v _10802_/A2 (sky130_fd_sc_hd__a31oi_4)
     1    0.009304    0.116404    0.114828    3.753639 ^ _10802_/Y (sky130_fd_sc_hd__a31oi_4)
                                                         _03888_ (net)
                      0.116404    0.000094    3.753733 ^ _10806_/A1 (sky130_fd_sc_hd__a22oi_4)
     3    0.019173    0.059339    0.065024    3.818757 v _10806_/Y (sky130_fd_sc_hd__a22oi_4)
                                                         _03892_ (net)
                      0.059340    0.000444    3.819201 v rebuffer326/A (sky130_fd_sc_hd__buf_6)
     1    0.010425    0.019175    0.087029    3.906229 v rebuffer326/X (sky130_fd_sc_hd__buf_6)
                                                         net1146 (net)
                      0.019175    0.000199    3.906429 v _11727_/A4 (sky130_fd_sc_hd__a41oi_4)
     1    0.009703    0.142778    0.159453    4.065882 ^ _11727_/Y (sky130_fd_sc_hd__a41oi_4)
                                                         _04813_ (net)
                      0.142778    0.000062    4.065944 ^ _11728_/B1 (sky130_fd_sc_hd__o21ai_4)
     2    0.011314    0.042397    0.033663    4.099607 v _11728_/Y (sky130_fd_sc_hd__o21ai_4)
                                                         _04814_ (net)
                      0.042398    0.000121    4.099727 v _12230_/B1 (sky130_fd_sc_hd__a21oi_4)
     1    0.021370    0.143880    0.091788    4.191516 ^ _12230_/Y (sky130_fd_sc_hd__a21oi_4)
                                                         _05316_ (net)
                      0.143880    0.000351    4.191866 ^ wire165/A (sky130_fd_sc_hd__buf_8)
     4    0.065954    0.085887    0.118154    4.310021 ^ wire165/X (sky130_fd_sc_hd__buf_8)
                                                         net165 (net)
                      0.086238    0.004400    4.314421 ^ _12238_/A1 (sky130_fd_sc_hd__o21bai_4)
     3    0.044946    0.088257    0.092624    4.407044 v _12238_/Y (sky130_fd_sc_hd__o21bai_4)
                                                         _05324_ (net)
                      0.088352    0.002281    4.409326 v _12353_/A (sky130_fd_sc_hd__nand3_4)
     2    0.020244    0.074538    0.081681    4.491007 ^ _12353_/Y (sky130_fd_sc_hd__nand3_4)
                                                         _05439_ (net)
                      0.074540    0.000741    4.491748 ^ _12403_/A1 (sky130_fd_sc_hd__a21oi_4)
     2    0.013496    0.038550    0.042240    4.533988 v _12403_/Y (sky130_fd_sc_hd__a21oi_4)
                                                         _05489_ (net)
                      0.038550    0.000209    4.534196 v _12425_/A2 (sky130_fd_sc_hd__o21bai_4)
     3    0.015979    0.114626    0.108555    4.642751 ^ _12425_/Y (sky130_fd_sc_hd__o21bai_4)
                                                         _05511_ (net)
                      0.114626    0.000219    4.642970 ^ _12428_/A1 (sky130_fd_sc_hd__a21oi_4)
     3    0.009882    0.072007    0.041546    4.684515 v _12428_/Y (sky130_fd_sc_hd__a21oi_4)
                                                         _05514_ (net)
                      0.072007    0.000095    4.684611 v _12437_/A2 (sky130_fd_sc_hd__o211ai_2)
     2    0.013446    0.159430    0.160290    4.844901 ^ _12437_/Y (sky130_fd_sc_hd__o211ai_2)
                                                         _05523_ (net)
                      0.159430    0.000239    4.845140 ^ fanout148/A (sky130_fd_sc_hd__buf_6)
     2    0.010515    0.027897    0.077501    4.922640 ^ fanout148/X (sky130_fd_sc_hd__buf_6)
                                                         net148 (net)
                      0.027897    0.000093    4.922733 ^ fanout147/A (sky130_fd_sc_hd__buf_8)
     5    0.043597    0.059871    0.085474    5.008207 ^ fanout147/X (sky130_fd_sc_hd__buf_8)
                                                         net147 (net)
                      0.059984    0.002095    5.010303 ^ _12441_/A (sky130_fd_sc_hd__nand2_8)
     2    0.041688    0.080326    0.051905    5.062207 v _12441_/Y (sky130_fd_sc_hd__nand2_8)
                                                         _05527_ (net)
                      0.080333    0.000568    5.062775 v fanout128/A (sky130_fd_sc_hd__buf_8)
     5    0.025810    0.025657    0.105238    5.168013 v fanout128/X (sky130_fd_sc_hd__buf_8)
                                                         net128 (net)
                      0.025696    0.000860    5.168872 v fanout127/A (sky130_fd_sc_hd__buf_6)
     2    0.017050    0.023082    0.077928    5.246800 v fanout127/X (sky130_fd_sc_hd__buf_6)
                                                         net127 (net)
                      0.023093    0.000466    5.247267 v fanout124/A (sky130_fd_sc_hd__buf_8)
     4    0.027098    0.026140    0.081870    5.329136 v fanout124/X (sky130_fd_sc_hd__buf_8)
                                                         net124 (net)
                      0.026140    0.000186    5.329322 v fanout122/A (sky130_fd_sc_hd__buf_8)
     5    0.026044    0.025736    0.082242    5.411564 v fanout122/X (sky130_fd_sc_hd__buf_8)
                                                         net122 (net)
                      0.025774    0.000867    5.412431 v _12474_/A2 (sky130_fd_sc_hd__a21oi_4)
     2    0.010441    0.095206    0.110598    5.523029 ^ _12474_/Y (sky130_fd_sc_hd__a21oi_4)
                                                         _05560_ (net)
                      0.095206    0.000151    5.523181 ^ fanout117/A (sky130_fd_sc_hd__buf_6)
     5    0.022780    0.041936    0.085859    5.609040 ^ fanout117/X (sky130_fd_sc_hd__buf_6)
                                                         net117 (net)
                      0.041937    0.000264    5.609303 ^ _12491_/A (sky130_fd_sc_hd__nand3_4)
     4    0.026855    0.070801    0.063625    5.672928 v _12491_/Y (sky130_fd_sc_hd__nand3_4)
                                                         _05577_ (net)
                      0.070814    0.000747    5.673676 v fanout115/A (sky130_fd_sc_hd__buf_8)
     5    0.030519    0.027849    0.103751    5.777427 v fanout115/X (sky130_fd_sc_hd__buf_8)
                                                         net115 (net)
                      0.027868    0.000666    5.778092 v _12526_/B (sky130_fd_sc_hd__nor2_8)
     2    0.038983    0.124610    0.108828    5.886920 ^ _12526_/Y (sky130_fd_sc_hd__nor2_8)
                                                         _05612_ (net)
                      0.124621    0.000929    5.887850 ^ fanout103/A (sky130_fd_sc_hd__buf_8)
     4    0.031784    0.047645    0.090360    5.978209 ^ fanout103/X (sky130_fd_sc_hd__buf_8)
                                                         net103 (net)
                      0.047645    0.000121    5.978331 ^ fanout102/A (sky130_fd_sc_hd__buf_8)
     5    0.035972    0.051316    0.083869    6.062200 ^ fanout102/X (sky130_fd_sc_hd__buf_8)
                                                         net102 (net)
                      0.051324    0.000643    6.062842 ^ _12620_/A (sky130_fd_sc_hd__nand4_4)
     3    0.025327    0.094304    0.076247    6.139089 v _12620_/Y (sky130_fd_sc_hd__nand4_4)
                                                         _05702_ (net)
                      0.094306    0.000549    6.139638 v _12623_/A1 (sky130_fd_sc_hd__o211ai_2)
     1    0.005090    0.100325    0.136771    6.276409 ^ _12623_/Y (sky130_fd_sc_hd__o211ai_2)
                                                         _05705_ (net)
                      0.100325    0.000030    6.276439 ^ _12625_/A (sky130_fd_sc_hd__nand2_2)
     2    0.005675    0.035219    0.033468    6.309906 v _12625_/Y (sky130_fd_sc_hd__nand2_2)
                                                         multiplier_inst.exp_final[5] (net)
                      0.035219    0.000070    6.309976 v _12715_/A (sky130_fd_sc_hd__nand3_1)
     1    0.002903    0.045509    0.045473    6.355449 ^ _12715_/Y (sky130_fd_sc_hd__nand3_1)
                                                         _05780_ (net)
                      0.045509    0.000027    6.355475 ^ _12717_/A (sky130_fd_sc_hd__nand2_1)
     1    0.004162    0.027143    0.032525    6.388000 v _12717_/Y (sky130_fd_sc_hd__nand2_1)
                                                         multiplier_inst.overflow_calc (net)
                      0.027143    0.000066    6.388067 v _14499_/D (sky130_fd_sc_hd__dfrtp_1)
                                              6.388067   data arrival time

                                  8.000000    8.000000   clock clk (rise edge)
                                  0.000000    8.000000   clock source latency
     1    0.047979    0.164436    0.115221    8.115221 ^ clk (in)
                                                         clk (net)
                      0.164498    0.000000    8.115221 ^ clkbuf_0_clk/A (sky130_fd_sc_hd__clkbuf_16)
     2    0.057671    0.059401    0.137199    8.252419 ^ clkbuf_0_clk/X (sky130_fd_sc_hd__clkbuf_16)
                                                         clknet_0_clk (net)
                      0.059412    0.000814    8.253233 ^ clkbuf_1_1__f_clk/A (sky130_fd_sc_hd__clkbuf_16)
    11    0.110878    0.097171    0.142262    8.395495 ^ clkbuf_1_1__f_clk/X (sky130_fd_sc_hd__clkbuf_16)
                                                         clknet_1_1__leaf_clk (net)
                      0.097397    0.003799    8.399294 ^ clkbuf_leaf_8_clk/A (sky130_fd_sc_hd__clkbuf_8)
    26    0.075912    0.105587    0.156961    8.556254 ^ clkbuf_leaf_8_clk/X (sky130_fd_sc_hd__clkbuf_8)
                                                         clknet_leaf_8_clk (net)
                      0.105587    0.000466    8.556721 ^ _14499_/CLK (sky130_fd_sc_hd__dfrtp_1)
                                 -0.250000    8.306721   clock uncertainty
                                  0.000000    8.306721   clock reconvergence pessimism
                                 -0.063634    8.243087   library setup time
                                              8.243087   data required time
---------------------------------------------------------------------------------------------
                                              8.243087   data required time
                                             -6.388067   data arrival time
---------------------------------------------------------------------------------------------
                                              1.855020   slack (MET)




===========================================================================
report_checks --slack_max -0.01
============================================================================
======================= min_ff_n40C_1v95 Corner ===================================

No paths found.


===========================================================================
 report_check_types -max_slew -max_cap -max_fanout -violators
============================================================================
======================= min_ff_n40C_1v95 Corner ===================================

max fanout

Pin                                   Limit Fanout  Slack
---------------------------------------------------------
clkbuf_leaf_8_clk/X                       5     26    -21 (VIOLATED)
clkbuf_leaf_12_clk/X                      5     25    -20 (VIOLATED)
clkbuf_leaf_17_clk/X                      5     25    -20 (VIOLATED)
clkbuf_leaf_7_clk/X                       5     25    -20 (VIOLATED)
clkbuf_leaf_0_clk/X                       5     24    -19 (VIOLATED)
clkbuf_leaf_4_clk/X                       5     21    -16 (VIOLATED)
clkbuf_leaf_20_clk/X                      5     20    -15 (VIOLATED)
clkbuf_leaf_11_clk/X                      5     19    -14 (VIOLATED)
clkbuf_leaf_14_clk/X                      5     19    -14 (VIOLATED)
clkbuf_leaf_6_clk/X                       5     18    -13 (VIOLATED)
clkbuf_leaf_1_clk/X                       5     17    -12 (VIOLATED)
clkbuf_leaf_5_clk/X                       5     17    -12 (VIOLATED)
clkbuf_leaf_18_clk/X                      5     16    -11 (VIOLATED)
clkbuf_leaf_3_clk/X                       5     12     -7 (VIOLATED)
clkbuf_1_0__f_clk/X                       5     11     -6 (VIOLATED)
clkbuf_1_1__f_clk/X                       5     11     -6 (VIOLATED)
clkbuf_leaf_2_clk/X                       5     11     -6 (VIOLATED)
clkbuf_leaf_15_clk/X                      5     10     -5 (VIOLATED)
clkbuf_leaf_9_clk/X                       5      9     -4 (VIOLATED)
fanout923/X                               5      8     -3 (VIOLATED)
_08804_/Y                                 5      7     -2 (VIOLATED)
clkbuf_leaf_10_clk/X                      5      7     -2 (VIOLATED)
fanout1203/X                              5      7     -2 (VIOLATED)
fanout912/X                               5      7     -2 (VIOLATED)
_08138_/Y                                 5      6        (VIOLATED)
fanout1033/X                              5      6        (VIOLATED)
fanout1099/X                              5      6        (VIOLATED)
fanout1116/X                              5      6        (VIOLATED)
fanout1154/X                              5      6        (VIOLATED)
fanout1811/X                              5      6        (VIOLATED)
fanout1840/X                              5      6        (VIOLATED)
fanout2591/X                              5      6        (VIOLATED)
fanout790/X                               5      6        (VIOLATED)
fanout916/X                               5      6        (VIOLATED)



===========================================================================
report_parasitic_annotation -report_unannotated
============================================================================
Found 20 unannotated drivers.
 clkload0/X
 clkload1/Y
 clkload10/X
 clkload11/Y
 clkload12/Y
 clkload13/Y
 clkload14/Y
 clkload15/Y
 clkload16/Y
 clkload17/X
 clkload18/Y
 clkload19/Y
 clkload2/Y
 clkload3/Y
 clkload4/Y
 clkload5/Y
 clkload6/Y
 clkload7/X
 clkload8/Y
 clkload9/Y
Found 0 partially unannotated drivers.

===========================================================================
max slew violation count 0
max fanout violation count 34
max cap violation count 0
============================================================================

===========================================================================
check_setup -verbose -unconstrained_endpoints -multiple_clock -no_clock -no_input_delay -loops -generated_clocks
===========================================================================
