Clock: clk
Sources: clk 
Generated: no
Virtual: yes
Propagated: no
Period: 8.000000

===========================================================================
report_clock_properties
============================================================================
Clock                   Period          Waveform
----------------------------------------------------
clk                   8.000000    0.000000  4.000000

===========================================================================
report_clock_latency
============================================================================
Clock clk
rise -> rise
    min     max
0.000000 0.000000 source latency
0.539270         network latency _14479_/CLK
        0.568031 network latency _14338_/CLK
---------------
0.539270 0.568031 latency
        0.028760 skew

fall -> fall
    min     max
0.000000 0.000000 source latency
0.457989         network latency _14479_/CLK
        0.480042 network latency _14338_/CLK
---------------
0.457989 0.480042 latency
        0.022053 skew



===========================================================================
report_clock_min_period
============================================================================
clk period_min = 6.14 fmax = 162.73
