                                                                        Cells by Master                                                                         
┏━━━━━━━━━━━━━━━━━━━━━━━━━━━━━━━━━━━━━━━━━━━━━━━━━━━━━━━━━━━━━━━━━━━━━━━━━━━━━━━━━━━━━━━━━━━━━━━━━━━━━━━━━━━━━━━━━━━━━━━━━━━━━━━━━━┳━━━━━━━━━━━━━━━━━━━━━━━━━━━┓
┃ Cell                                                                                                                             ┃ Count                     ┃
┡━━━━━━━━━━━━━━━━━━━━━━━━━━━━━━━━━━━━━━━━━━━━━━━━━━━━━━━━━━━━━━━━━━━━━━━━━━━━━━━━━━━━━━━━━━━━━━━━━━━━━━━━━━━━━━━━━━━━━━━━━━━━━━━━━━╇━━━━━━━━━━━━━━━━━━━━━━━━━━━┩
│ sky130_ef_sc_hd__decap_12                                                                                                        │ 1785                      │
│ sky130_fd_sc_hd__a2111o_1                                                                                                        │ 1                         │
│ sky130_fd_sc_hd__a211o_1                                                                                                         │ 8                         │
│ sky130_fd_sc_hd__a211oi_1                                                                                                        │ 2                         │
│ sky130_fd_sc_hd__a21bo_1                                                                                                         │ 24                        │
│ sky130_fd_sc_hd__a21boi_1                                                                                                        │ 68                        │
│ sky130_fd_sc_hd__a21boi_2                                                                                                        │ 3                         │
│ sky130_fd_sc_hd__a21o_1                                                                                                          │ 107                       │
│ sky130_fd_sc_hd__a21oi_1                                                                                                         │ 158                       │
│ sky130_fd_sc_hd__a21oi_2                                                                                                         │ 24                        │
│ sky130_fd_sc_hd__a221o_1                                                                                                         │ 33                        │
│ sky130_fd_sc_hd__a221oi_1                                                                                                        │ 3                         │
│ sky130_fd_sc_hd__a221oi_2                                                                                                        │ 1                         │
│ sky130_fd_sc_hd__a22o_1                                                                                                          │ 40                        │
│ sky130_fd_sc_hd__a2bb2oi_1                                                                                                       │ 1                         │
│ sky130_fd_sc_hd__a311o_1                                                                                                         │ 2                         │
│ sky130_fd_sc_hd__a311oi_1                                                                                                        │ 1                         │
│ sky130_fd_sc_hd__a31o_1                                                                                                          │ 27                        │
│ sky130_fd_sc_hd__a31oi_1                                                                                                         │ 2                         │
│ sky130_fd_sc_hd__a31oi_2                                                                                                         │ 4                         │
│ sky130_fd_sc_hd__a32o_1                                                                                                          │ 3                         │
│ sky130_fd_sc_hd__a41o_1                                                                                                          │ 2                         │
│ sky130_fd_sc_hd__and2_1                                                                                                          │ 46                        │
│ sky130_fd_sc_hd__and2b_1                                                                                                         │ 9                         │
│ sky130_fd_sc_hd__and3_1                                                                                                          │ 76                        │
│ sky130_fd_sc_hd__and3_2                                                                                                          │ 1                         │
│ sky130_fd_sc_hd__and3b_1                                                                                                         │ 1                         │
│ sky130_fd_sc_hd__and4_1                                                                                                          │ 3                         │
│ sky130_fd_sc_hd__and4b_1                                                                                                         │ 3                         │
│ sky130_fd_sc_hd__buf_1                                                                                                           │ 7                         │
│ sky130_fd_sc_hd__buf_2                                                                                                           │ 88                        │
│ sky130_fd_sc_hd__buf_4                                                                                                           │ 65                        │
│ sky130_fd_sc_hd__buf_6                                                                                                           │ 14                        │
│ sky130_fd_sc_hd__bufinv_16                                                                                                       │ 2                         │
│ sky130_fd_sc_hd__clkbuf_1                                                                                                        │ 161                       │
│ sky130_fd_sc_hd__clkbuf_16                                                                                                       │ 3                         │
│ sky130_fd_sc_hd__clkbuf_2                                                                                                        │ 23                        │
│ sky130_fd_sc_hd__clkbuf_4                                                                                                        │ 120                       │
│ sky130_fd_sc_hd__clkbuf_8                                                                                                        │ 27                        │
│ sky130_fd_sc_hd__clkinv_16                                                                                                       │ 1                         │
│ sky130_fd_sc_hd__clkinv_2                                                                                                        │ 1                         │
│ sky130_fd_sc_hd__clkinv_4                                                                                                        │ 4                         │
│ sky130_fd_sc_hd__clkinv_8                                                                                                        │ 2                         │
│ sky130_fd_sc_hd__clkinvlp_2                                                                                                      │ 5                         │
│ sky130_fd_sc_hd__decap_3                                                                                                         │ 926                       │
│ sky130_fd_sc_hd__decap_4                                                                                                         │ 897                       │
│ sky130_fd_sc_hd__decap_6                                                                                                         │ 674                       │
│ sky130_fd_sc_hd__decap_8                                                                                                         │ 1035                      │
│ sky130_fd_sc_hd__dfrtp_1                                                                                                         │ 273                       │
│ sky130_fd_sc_hd__dfrtp_2                                                                                                         │ 11                        │
│ sky130_fd_sc_hd__dfrtp_4                                                                                                         │ 30                        │
│ sky130_fd_sc_hd__diode_2                                                                                                         │ 14                        │
│ sky130_fd_sc_hd__dlygate4sd3_1                                                                                                   │ 113                       │
│ sky130_fd_sc_hd__dlymetal6s2s_1                                                                                                  │ 8                         │
│ sky130_fd_sc_hd__fill_1                                                                                                          │ 2025                      │
│ sky130_fd_sc_hd__fill_2                                                                                                          │ 1087                      │
│ sky130_fd_sc_hd__inv_12                                                                                                          │ 6                         │
│ sky130_fd_sc_hd__inv_16                                                                                                          │ 3                         │
│ sky130_fd_sc_hd__inv_2                                                                                                           │ 1301                      │
│ sky130_fd_sc_hd__inv_4                                                                                                           │ 6                         │
│ sky130_fd_sc_hd__inv_6                                                                                                           │ 5                         │
│ sky130_fd_sc_hd__mux2_1                                                                                                          │ 109                       │
│ sky130_fd_sc_hd__nand2_1                                                                                                         │ 3539                      │
│ sky130_fd_sc_hd__nand2_2                                                                                                         │ 45                        │
│ sky130_fd_sc_hd__nand2_4                                                                                                         │ 4                         │
│ sky130_fd_sc_hd__nand2b_1                                                                                                        │ 49                        │
│ sky130_fd_sc_hd__nand3_1                                                                                                         │ 751                       │
│ sky130_fd_sc_hd__nand3_2                                                                                                         │ 45                        │
│ sky130_fd_sc_hd__nand3_4                                                                                                         │ 2                         │
│ sky130_fd_sc_hd__nand3b_1                                                                                                        │ 124                       │
│ sky130_fd_sc_hd__nand3b_2                                                                                                        │ 7                         │
│ sky130_fd_sc_hd__nor2_1                                                                                                          │ 330                       │
│ sky130_fd_sc_hd__nor2_2                                                                                                          │ 9                         │
│ sky130_fd_sc_hd__nor2_4                                                                                                          │ 2                         │
│ sky130_fd_sc_hd__nor2b_1                                                                                                         │ 6                         │
│ sky130_fd_sc_hd__nor3_1                                                                                                          │ 10                        │
│ sky130_fd_sc_hd__nor3_2                                                                                                          │ 1                         │
│ sky130_fd_sc_hd__nor3_4                                                                                                          │ 1                         │
│ sky130_fd_sc_hd__o2111a_1                                                                                                        │ 3                         │
│ sky130_fd_sc_hd__o2111ai_1                                                                                                       │ 1                         │
│ sky130_fd_sc_hd__o211a_1                                                                                                         │ 6                         │
│ sky130_fd_sc_hd__o211ai_1                                                                                                        │ 14                        │
│ sky130_fd_sc_hd__o211ai_2                                                                                                        │ 3                         │
│ sky130_fd_sc_hd__o211ai_4                                                                                                        │ 1                         │
│ sky130_fd_sc_hd__o21a_1                                                                                                          │ 45                        │
│ sky130_fd_sc_hd__o21ai_1                                                                                                         │ 231                       │
│ sky130_fd_sc_hd__o21ai_2                                                                                                         │ 3                         │
│ sky130_fd_sc_hd__o21ba_1                                                                                                         │ 7                         │
│ sky130_fd_sc_hd__o21bai_1                                                                                                        │ 8                         │
│ sky130_fd_sc_hd__o221a_1                                                                                                         │ 22                        │
│ sky130_fd_sc_hd__o22a_1                                                                                                          │ 10                        │
│ sky130_fd_sc_hd__o22ai_1                                                                                                         │ 1                         │
│ sky130_fd_sc_hd__o2bb2a_1                                                                                                        │ 1                         │
│ sky130_fd_sc_hd__o311ai_2                                                                                                        │ 1                         │
│ sky130_fd_sc_hd__o31a_1                                                                                                          │ 3                         │
│ sky130_fd_sc_hd__o31ai_1                                                                                                         │ 2                         │
│ sky130_fd_sc_hd__o32a_1                                                                                                          │ 1                         │
│ sky130_fd_sc_hd__or2_1                                                                                                           │ 202                       │
│ sky130_fd_sc_hd__or2_2                                                                                                           │ 1                         │
│ sky130_fd_sc_hd__or2b_1                                                                                                          │ 31                        │
│ sky130_fd_sc_hd__or3_1                                                                                                           │ 34                        │
│ sky130_fd_sc_hd__or3b_1                                                                                                          │ 4                         │
│ sky130_fd_sc_hd__or4_1                                                                                                           │ 23                        │
│ sky130_fd_sc_hd__or4_2                                                                                                           │ 3                         │
│ sky130_fd_sc_hd__or4b_1                                                                                                          │ 1                         │
│ sky130_fd_sc_hd__tapvpwrvgnd_1                                                                                                   │ 1525                      │
│ sky130_fd_sc_hd__xnor2_1                                                                                                         │ 34                        │
│ sky130_fd_sc_hd__xnor2_2                                                                                                         │ 5                         │
│ sky130_fd_sc_hd__xor2_1                                                                                                          │ 78                        │
│ sky130_fd_sc_hd__xor2_2                                                                                                          │ 5                         │
└──────────────────────────────────────────────────────────────────────────────────────────────────────────────────────────────────┴───────────────────────────┘
