
===========================================================================
report_checks -unconstrained
===========================================================================
======================= min_ss_100C_1v60 Corner ===================================

Startpoint: rst (input port clocked by clk)
Endpoint: _9264_ (recovery check against rising-edge clock clk)
Path Group: asynchronous
Path Type: max

Fanout         Cap        Slew       Delay        Time   Description
---------------------------------------------------------------------------------------------
                                  0.000000    0.000000   clock clk (rise edge)
                                  0.000000    0.000000   clock network delay (propagated)
                                  4.000000    4.000000 v input external delay
     1    0.002791    0.018426    0.009188    4.009188 v rst (in)
                                                         rst (net)
                      0.018426    0.000000    4.009188 v input67/A (sky130_fd_sc_hd__clkbuf_2)
     3    0.029061    0.207129    0.287164    4.296351 v input67/X (sky130_fd_sc_hd__clkbuf_2)
                                                         net67 (net)
                      0.207149    0.002125    4.298476 v fanout549/A (sky130_fd_sc_hd__clkbuf_4)
     6    0.045720    0.175647    0.417669    4.716146 v fanout549/X (sky130_fd_sc_hd__clkbuf_4)
                                                         net549 (net)
                      0.175674    0.002281    4.718426 v fanout548/A (sky130_fd_sc_hd__clkbuf_4)
     9    0.057871    0.214284    0.433559    5.151986 v fanout548/X (sky130_fd_sc_hd__clkbuf_4)
                                                         net548 (net)
                      0.214308    0.002366    5.154351 v fanout542/A (sky130_fd_sc_hd__buf_4)
    10    0.063338    0.160495    0.422158    5.576509 v fanout542/X (sky130_fd_sc_hd__buf_4)
                                                         net542 (net)
                      0.160495    0.000425    5.576935 v fanout541/A (sky130_fd_sc_hd__buf_4)
    10    0.053231    0.140209    0.379649    5.956584 v fanout541/X (sky130_fd_sc_hd__buf_4)
                                                         net541 (net)
                      0.140210    0.000637    5.957221 v _8950_/A (sky130_fd_sc_hd__inv_2)
     1    0.004749    0.059719    0.105096    6.062317 ^ _8950_/Y (sky130_fd_sc_hd__inv_2)
                                                         _0174_ (net)
                      0.059719    0.000051    6.062368 ^ _9264_/RESET_B (sky130_fd_sc_hd__dfrtp_4)
                                              6.062368   data arrival time

                                 20.000000   20.000000   clock clk (rise edge)
                                  0.000000   20.000000   clock source latency
     1    0.041584    0.301229    0.209685   20.209684 ^ clk (in)
                                                         clk (net)
                      0.301272    0.000000   20.209684 ^ clkbuf_0_clk/A (sky130_fd_sc_hd__clkbuf_16)
     2    0.038634    0.093777    0.350179   20.559864 ^ clkbuf_0_clk/X (sky130_fd_sc_hd__clkbuf_16)
                                                         clknet_0_clk (net)
                      0.093778    0.000488   20.560352 ^ clkbuf_1_1__f_clk/A (sky130_fd_sc_hd__clkbuf_16)
    13    0.119495    0.203455    0.346637   20.906988 ^ clkbuf_1_1__f_clk/X (sky130_fd_sc_hd__clkbuf_16)
                                                         clknet_1_1__leaf_clk (net)
                      0.203518    0.003459   20.910448 ^ clkbuf_leaf_14_clk/A (sky130_fd_sc_hd__clkbuf_8)
     5    0.051934    0.158748    0.361226   21.271673 ^ clkbuf_leaf_14_clk/X (sky130_fd_sc_hd__clkbuf_8)
                                                         clknet_leaf_14_clk (net)
                      0.158748    0.000718   21.272390 ^ _9264_/CLK (sky130_fd_sc_hd__dfrtp_4)
                                 -0.250000   21.022392   clock uncertainty
                                  0.000000   21.022392   clock reconvergence pessimism
                                  0.478249   21.500641   library recovery time
                                             21.500641   data required time
---------------------------------------------------------------------------------------------
                                             21.500641   data required time
                                             -6.062368   data arrival time
---------------------------------------------------------------------------------------------
                                             15.438272   slack (MET)


Startpoint: _9300_ (rising edge-triggered flip-flop clocked by clk)
Endpoint: _9411_ (rising edge-triggered flip-flop clocked by clk)
Path Group: clk
Path Type: max

Fanout         Cap        Slew       Delay        Time   Description
---------------------------------------------------------------------------------------------
                                  0.000000    0.000000   clock clk (rise edge)
                                  0.000000    0.000000   clock source latency
     1    0.041584    0.301229    0.209684    0.209684 ^ clk (in)
                                                         clk (net)
                      0.301272    0.000000    0.209684 ^ clkbuf_0_clk/A (sky130_fd_sc_hd__clkbuf_16)
     2    0.038634    0.093777    0.350178    0.559863 ^ clkbuf_0_clk/X (sky130_fd_sc_hd__clkbuf_16)
                                                         clknet_0_clk (net)
                      0.093779    0.000628    0.560490 ^ clkbuf_1_0__f_clk/A (sky130_fd_sc_hd__clkbuf_16)
    11    0.102442    0.179877    0.328571    0.889061 ^ clkbuf_1_0__f_clk/X (sky130_fd_sc_hd__clkbuf_16)
                                                         clknet_1_0__leaf_clk (net)
                      0.179932    0.003024    0.892085 ^ clkbuf_leaf_0_clk/A (sky130_fd_sc_hd__clkbuf_8)
    19    0.061413    0.181769    0.367995    1.260081 ^ clkbuf_leaf_0_clk/X (sky130_fd_sc_hd__clkbuf_8)
                                                         clknet_leaf_0_clk (net)
                      0.181769    0.000203    1.260284 ^ _9300_/CLK (sky130_fd_sc_hd__dfrtp_1)
     1    0.012686    0.163406    0.879241    2.139525 v _9300_/Q (sky130_fd_sc_hd__dfrtp_1)
                                                         adder_inst.man_a_r[12] (net)
                      0.163406    0.000295    2.139820 v fanout413/A (sky130_fd_sc_hd__clkbuf_4)
     7    0.076495    0.273750    0.474990    2.614810 v fanout413/X (sky130_fd_sc_hd__clkbuf_4)
                                                         net413 (net)
                      0.273750    0.000305    2.615115 v fanout412/A (sky130_fd_sc_hd__clkbuf_4)
    10    0.056010    0.208641    0.474788    3.089903 v fanout412/X (sky130_fd_sc_hd__clkbuf_4)
                                                         net412 (net)
                      0.208651    0.001756    3.091659 v fanout411/A (sky130_fd_sc_hd__buf_2)
    10    0.048811    0.224587    0.456204    3.547863 v fanout411/X (sky130_fd_sc_hd__buf_2)
                                                         net411 (net)
                      0.224642    0.003372    3.551235 v _4938_/D (sky130_fd_sc_hd__and4_1)
     3    0.006127    0.100147    0.508321    4.059556 v _4938_/X (sky130_fd_sc_hd__and4_1)
                                                         _0568_ (net)
                      0.100147    0.000045    4.059601 v _4941_/A (sky130_fd_sc_hd__or3_1)
     3    0.008649    0.202247    0.938536    4.998137 v _4941_/X (sky130_fd_sc_hd__or3_1)
                                                         _0571_ (net)
                      0.202247    0.000070    4.998207 v _5200_/A1 (sky130_fd_sc_hd__a21o_1)
     3    0.015299    0.154346    0.437726    5.435933 v _5200_/X (sky130_fd_sc_hd__a21o_1)
                                                         _0830_ (net)
                      0.154346    0.000620    5.436553 v _5202_/A2 (sky130_fd_sc_hd__a21bo_1)
     2    0.006996    0.095316    0.408271    5.844823 v _5202_/X (sky130_fd_sc_hd__a21bo_1)
                                                         _0832_ (net)
                      0.095316    0.000144    5.844967 v _5203_/C (sky130_fd_sc_hd__and3_1)
     3    0.007194    0.109922    0.412422    6.257389 v _5203_/X (sky130_fd_sc_hd__and3_1)
                                                         _0833_ (net)
                      0.109922    0.000036    6.257425 v _5219_/A (sky130_fd_sc_hd__nor3_1)
     3    0.011587    0.654871    0.628193    6.885618 ^ _5219_/Y (sky130_fd_sc_hd__nor3_1)
                                                         _0849_ (net)
                      0.654871    0.000089    6.885707 ^ _5220_/B (sky130_fd_sc_hd__or2_1)
     3    0.009137    0.155600    0.430620    7.316327 ^ _5220_/X (sky130_fd_sc_hd__or2_1)
                                                         _0850_ (net)
                      0.155600    0.000092    7.316420 ^ _5222_/B1 (sky130_fd_sc_hd__a21oi_1)
     2    0.005290    0.154222    0.122132    7.438552 v _5222_/Y (sky130_fd_sc_hd__a21oi_1)
                                                         _0852_ (net)
                      0.154222    0.000044    7.438596 v _5224_/C (sky130_fd_sc_hd__nor4_1)
     3    0.012848    1.017291    0.910469    8.349065 ^ _5224_/Y (sky130_fd_sc_hd__nor4_1)
                                                         _0854_ (net)
                      1.017291    0.000118    8.349183 ^ max_cap152/A (sky130_fd_sc_hd__buf_1)
     2    0.009696    0.200597    0.484216    8.833399 ^ max_cap152/X (sky130_fd_sc_hd__buf_1)
                                                         net152 (net)
                      0.200597    0.000187    8.833587 ^ _5330_/B1 (sky130_fd_sc_hd__a211oi_2)
     5    0.016329    0.202730    0.174495    9.008081 v _5330_/Y (sky130_fd_sc_hd__a211oi_2)
                                                         _0960_ (net)
                      0.202730    0.000280    9.008362 v _5340_/A (sky130_fd_sc_hd__or3_1)
     2    0.005753    0.167124    0.938942    9.947304 v _5340_/X (sky130_fd_sc_hd__or3_1)
                                                         _0970_ (net)
                      0.167124    0.000058    9.947361 v _7253_/A1 (sky130_fd_sc_hd__a211oi_1)
     1    0.003782    0.356802    0.418694   10.366055 ^ _7253_/Y (sky130_fd_sc_hd__a211oi_1)
                                                         _2883_ (net)
                      0.356802    0.000035   10.366091 ^ _7254_/B (sky130_fd_sc_hd__nor2_1)
     2    0.004577    0.096139    0.182776   10.548866 v _7254_/Y (sky130_fd_sc_hd__nor2_1)
                                                         _2884_ (net)
                      0.096139    0.000049   10.548915 v _7255_/B (sky130_fd_sc_hd__and2_1)
     3    0.007315    0.103566    0.365629   10.914544 v _7255_/X (sky130_fd_sc_hd__and2_1)
                                                         _2885_ (net)
                      0.103566    0.000017   10.914561 v _7260_/A (sky130_fd_sc_hd__or2_1)
     2    0.012428    0.181492    0.610839   11.525399 v _7260_/X (sky130_fd_sc_hd__or2_1)
                                                         _2890_ (net)
                      0.181492    0.000211   11.525611 v _7322_/A (sky130_fd_sc_hd__xnor2_2)
     4    0.013177    0.343257    0.406505   11.932117 ^ _7322_/Y (sky130_fd_sc_hd__xnor2_2)
                                                         _2952_ (net)
                      0.343257    0.000060   11.932177 ^ _7375_/B (sky130_fd_sc_hd__nand4_1)
     2    0.005446    0.254347    0.345036   12.277212 v _7375_/Y (sky130_fd_sc_hd__nand4_1)
                                                         _3005_ (net)
                      0.254347    0.000046   12.277259 v _7397_/B (sky130_fd_sc_hd__or3_1)
     2    0.005791    0.173765    0.908396   13.185655 v _7397_/X (sky130_fd_sc_hd__or3_1)
                                                         _3027_ (net)
                      0.173765    0.000055   13.185710 v _7399_/A2 (sky130_fd_sc_hd__o221a_1)
     4    0.018003    0.217081    0.634416   13.820126 v _7399_/X (sky130_fd_sc_hd__o221a_1)
                                                         _3029_ (net)
                      0.217081    0.000592   13.820719 v _7405_/A1 (sky130_fd_sc_hd__a21o_1)
     3    0.007819    0.099048    0.389709   14.210427 v _7405_/X (sky130_fd_sc_hd__a21o_1)
                                                         _3035_ (net)
                      0.099048    0.000083   14.210509 v _7496_/A2 (sky130_fd_sc_hd__a211o_1)
     2    0.006000    0.114058    0.584913   14.795423 v _7496_/X (sky130_fd_sc_hd__a211o_1)
                                                         _3126_ (net)
                      0.114058    0.000044   14.795465 v _7518_/A1 (sky130_fd_sc_hd__a2111o_1)
     3    0.010229    0.180103    0.811849   15.607315 v _7518_/X (sky130_fd_sc_hd__a2111o_1)
                                                         _3148_ (net)
                      0.180103    0.000105   15.607420 v _7521_/A1 (sky130_fd_sc_hd__a21o_4)
    10    0.030304    0.113087    0.480272   16.087692 v _7521_/X (sky130_fd_sc_hd__a21o_4)
                                                         _3151_ (net)
                      0.113092    0.000886   16.088577 v _7522_/C (sky130_fd_sc_hd__nand3_1)
     1    0.004633    0.124159    0.161425   16.250002 ^ _7522_/Y (sky130_fd_sc_hd__nand3_1)
                                                         _3152_ (net)
                      0.124159    0.000087   16.250090 ^ fanout114/A (sky130_fd_sc_hd__buf_4)
    10    0.052960    0.242130    0.359318   16.609407 ^ fanout114/X (sky130_fd_sc_hd__buf_4)
                                                         net114 (net)
                      0.242131    0.000274   16.609682 ^ fanout113/A (sky130_fd_sc_hd__buf_4)
     5    0.021892    0.116793    0.321265   16.930946 ^ fanout113/X (sky130_fd_sc_hd__buf_4)
                                                         net113 (net)
                      0.116793    0.000115   16.931061 ^ fanout112/A (sky130_fd_sc_hd__buf_4)
     8    0.029073    0.143771    0.286505   17.217567 ^ fanout112/X (sky130_fd_sc_hd__buf_4)
                                                         net112 (net)
                      0.143771    0.000391   17.217957 ^ fanout111/A (sky130_fd_sc_hd__buf_2)
     6    0.025209    0.205026    0.330042   17.547998 ^ fanout111/X (sky130_fd_sc_hd__buf_2)
                                                         net111 (net)
                      0.205026    0.000508   17.548508 ^ fanout109/A (sky130_fd_sc_hd__buf_6)
    10    0.036671    0.130150    0.289381   17.837889 ^ fanout109/X (sky130_fd_sc_hd__buf_6)
                                                         net109 (net)
                      0.130150    0.000410   17.838299 ^ _7563_/A1 (sky130_fd_sc_hd__o211a_1)
     2    0.004807    0.105923    0.363267   18.201565 ^ _7563_/X (sky130_fd_sc_hd__o211a_1)
                                                         _3193_ (net)
                      0.105923    0.000034   18.201599 ^ _7569_/D_N (sky130_fd_sc_hd__nor4b_4)
     3    0.012586    0.460513    0.479918   18.681517 ^ _7569_/Y (sky130_fd_sc_hd__nor4b_4)
                                                         _3199_ (net)
                      0.460513    0.000348   18.681866 ^ _7614_/A (sky130_fd_sc_hd__and4_2)
     8    0.021918    0.240696    0.722315   19.404181 ^ _7614_/X (sky130_fd_sc_hd__and4_2)
                                                         _3244_ (net)
                      0.240696    0.000259   19.404440 ^ _7639_/B (sky130_fd_sc_hd__and4_1)
     1    0.002555    0.097005    0.417245   19.821684 ^ _7639_/X (sky130_fd_sc_hd__and4_1)
                                                         _3269_ (net)
                      0.097005    0.000027   19.821711 ^ fanout104/A (sky130_fd_sc_hd__buf_2)
     6    0.040623    0.319480    0.389386   20.211098 ^ fanout104/X (sky130_fd_sc_hd__buf_2)
                                                         net104 (net)
                      0.319601    0.002247   20.213345 ^ fanout103/A (sky130_fd_sc_hd__clkbuf_2)
    10    0.028980    0.252567    0.430557   20.643902 ^ fanout103/X (sky130_fd_sc_hd__clkbuf_2)
                                                         net103 (net)
                      0.252567    0.000199   20.644100 ^ _7661_/C (sky130_fd_sc_hd__and4bb_1)
     3    0.007434    0.170285    0.507265   21.151365 ^ _7661_/X (sky130_fd_sc_hd__and4bb_1)
                                                         _3289_ (net)
                      0.170285    0.000064   21.151430 ^ _7771_/A_N (sky130_fd_sc_hd__and4b_1)
     1    0.004338    0.089070    0.444445   21.595875 v _7771_/X (sky130_fd_sc_hd__and4b_1)
                                                         _3380_ (net)
                      0.089070    0.000068   21.595942 v _7773_/A2 (sky130_fd_sc_hd__a31o_1)
     1    0.002816    0.065932    0.371980   21.967922 v _7773_/X (sky130_fd_sc_hd__a31o_1)
                                                         multiplier_inst.overflow_calc (net)
                      0.065932    0.000030   21.967951 v _9411_/D (sky130_fd_sc_hd__dfrtp_1)
                                             21.967951   data arrival time

                                 20.000000   20.000000   clock clk (rise edge)
                                  0.000000   20.000000   clock source latency
     1    0.041584    0.301229    0.209685   20.209684 ^ clk (in)
                                                         clk (net)
                      0.301272    0.000000   20.209684 ^ clkbuf_0_clk/A (sky130_fd_sc_hd__clkbuf_16)
     2    0.038634    0.093777    0.350179   20.559864 ^ clkbuf_0_clk/X (sky130_fd_sc_hd__clkbuf_16)
                                                         clknet_0_clk (net)
                      0.093778    0.000488   20.560352 ^ clkbuf_1_1__f_clk/A (sky130_fd_sc_hd__clkbuf_16)
    13    0.119495    0.203455    0.346637   20.906988 ^ clkbuf_1_1__f_clk/X (sky130_fd_sc_hd__clkbuf_16)
                                                         clknet_1_1__leaf_clk (net)
                      0.203540    0.003928   20.910915 ^ clkbuf_leaf_11_clk/A (sky130_fd_sc_hd__clkbuf_8)
    26    0.072338    0.208641    0.398950   21.309866 ^ clkbuf_leaf_11_clk/X (sky130_fd_sc_hd__clkbuf_8)
                                                         clknet_leaf_11_clk (net)
                      0.208644    0.001153   21.311020 ^ _9411_/CLK (sky130_fd_sc_hd__dfrtp_1)
                                 -0.250000   21.061020   clock uncertainty
                                  0.000000   21.061020   clock reconvergence pessimism
                                 -0.237924   20.823097   library setup time
                                             20.823097   data required time
---------------------------------------------------------------------------------------------
                                             20.823097   data required time
                                            -21.967951   data arrival time
---------------------------------------------------------------------------------------------
                                             -1.144855   slack (VIOLATED)




===========================================================================
report_checks --slack_max -0.01
============================================================================
======================= min_ss_100C_1v60 Corner ===================================

Startpoint: _9300_ (rising edge-triggered flip-flop clocked by clk)
Endpoint: _9411_ (rising edge-triggered flip-flop clocked by clk)
Path Group: clk
Path Type: max

Fanout         Cap        Slew       Delay        Time   Description
---------------------------------------------------------------------------------------------
                                  0.000000    0.000000   clock clk (rise edge)
                                  0.000000    0.000000   clock source latency
     1    0.041584    0.301229    0.209684    0.209684 ^ clk (in)
                                                         clk (net)
                      0.301272    0.000000    0.209684 ^ clkbuf_0_clk/A (sky130_fd_sc_hd__clkbuf_16)
     2    0.038634    0.093777    0.350178    0.559863 ^ clkbuf_0_clk/X (sky130_fd_sc_hd__clkbuf_16)
                                                         clknet_0_clk (net)
                      0.093779    0.000628    0.560490 ^ clkbuf_1_0__f_clk/A (sky130_fd_sc_hd__clkbuf_16)
    11    0.102442    0.179877    0.328571    0.889061 ^ clkbuf_1_0__f_clk/X (sky130_fd_sc_hd__clkbuf_16)
                                                         clknet_1_0__leaf_clk (net)
                      0.179932    0.003024    0.892085 ^ clkbuf_leaf_0_clk/A (sky130_fd_sc_hd__clkbuf_8)
    19    0.061413    0.181769    0.367995    1.260081 ^ clkbuf_leaf_0_clk/X (sky130_fd_sc_hd__clkbuf_8)
                                                         clknet_leaf_0_clk (net)
                      0.181769    0.000203    1.260284 ^ _9300_/CLK (sky130_fd_sc_hd__dfrtp_1)
     1    0.012686    0.163406    0.879241    2.139525 v _9300_/Q (sky130_fd_sc_hd__dfrtp_1)
                                                         adder_inst.man_a_r[12] (net)
                      0.163406    0.000295    2.139820 v fanout413/A (sky130_fd_sc_hd__clkbuf_4)
     7    0.076495    0.273750    0.474990    2.614810 v fanout413/X (sky130_fd_sc_hd__clkbuf_4)
                                                         net413 (net)
                      0.273750    0.000305    2.615115 v fanout412/A (sky130_fd_sc_hd__clkbuf_4)
    10    0.056010    0.208641    0.474788    3.089903 v fanout412/X (sky130_fd_sc_hd__clkbuf_4)
                                                         net412 (net)
                      0.208651    0.001756    3.091659 v fanout411/A (sky130_fd_sc_hd__buf_2)
    10    0.048811    0.224587    0.456204    3.547863 v fanout411/X (sky130_fd_sc_hd__buf_2)
                                                         net411 (net)
                      0.224642    0.003372    3.551235 v _4938_/D (sky130_fd_sc_hd__and4_1)
     3    0.006127    0.100147    0.508321    4.059556 v _4938_/X (sky130_fd_sc_hd__and4_1)
                                                         _0568_ (net)
                      0.100147    0.000045    4.059601 v _4941_/A (sky130_fd_sc_hd__or3_1)
     3    0.008649    0.202247    0.938536    4.998137 v _4941_/X (sky130_fd_sc_hd__or3_1)
                                                         _0571_ (net)
                      0.202247    0.000070    4.998207 v _5200_/A1 (sky130_fd_sc_hd__a21o_1)
     3    0.015299    0.154346    0.437726    5.435933 v _5200_/X (sky130_fd_sc_hd__a21o_1)
                                                         _0830_ (net)
                      0.154346    0.000620    5.436553 v _5202_/A2 (sky130_fd_sc_hd__a21bo_1)
     2    0.006996    0.095316    0.408271    5.844823 v _5202_/X (sky130_fd_sc_hd__a21bo_1)
                                                         _0832_ (net)
                      0.095316    0.000144    5.844967 v _5203_/C (sky130_fd_sc_hd__and3_1)
     3    0.007194    0.109922    0.412422    6.257389 v _5203_/X (sky130_fd_sc_hd__and3_1)
                                                         _0833_ (net)
                      0.109922    0.000036    6.257425 v _5219_/A (sky130_fd_sc_hd__nor3_1)
     3    0.011587    0.654871    0.628193    6.885618 ^ _5219_/Y (sky130_fd_sc_hd__nor3_1)
                                                         _0849_ (net)
                      0.654871    0.000089    6.885707 ^ _5220_/B (sky130_fd_sc_hd__or2_1)
     3    0.009137    0.155600    0.430620    7.316327 ^ _5220_/X (sky130_fd_sc_hd__or2_1)
                                                         _0850_ (net)
                      0.155600    0.000092    7.316420 ^ _5222_/B1 (sky130_fd_sc_hd__a21oi_1)
     2    0.005290    0.154222    0.122132    7.438552 v _5222_/Y (sky130_fd_sc_hd__a21oi_1)
                                                         _0852_ (net)
                      0.154222    0.000044    7.438596 v _5224_/C (sky130_fd_sc_hd__nor4_1)
     3    0.012848    1.017291    0.910469    8.349065 ^ _5224_/Y (sky130_fd_sc_hd__nor4_1)
                                                         _0854_ (net)
                      1.017291    0.000118    8.349183 ^ max_cap152/A (sky130_fd_sc_hd__buf_1)
     2    0.009696    0.200597    0.484216    8.833399 ^ max_cap152/X (sky130_fd_sc_hd__buf_1)
                                                         net152 (net)
                      0.200597    0.000187    8.833587 ^ _5330_/B1 (sky130_fd_sc_hd__a211oi_2)
     5    0.016329    0.202730    0.174495    9.008081 v _5330_/Y (sky130_fd_sc_hd__a211oi_2)
                                                         _0960_ (net)
                      0.202730    0.000280    9.008362 v _5340_/A (sky130_fd_sc_hd__or3_1)
     2    0.005753    0.167124    0.938942    9.947304 v _5340_/X (sky130_fd_sc_hd__or3_1)
                                                         _0970_ (net)
                      0.167124    0.000058    9.947361 v _7253_/A1 (sky130_fd_sc_hd__a211oi_1)
     1    0.003782    0.356802    0.418694   10.366055 ^ _7253_/Y (sky130_fd_sc_hd__a211oi_1)
                                                         _2883_ (net)
                      0.356802    0.000035   10.366091 ^ _7254_/B (sky130_fd_sc_hd__nor2_1)
     2    0.004577    0.096139    0.182776   10.548866 v _7254_/Y (sky130_fd_sc_hd__nor2_1)
                                                         _2884_ (net)
                      0.096139    0.000049   10.548915 v _7255_/B (sky130_fd_sc_hd__and2_1)
     3    0.007315    0.103566    0.365629   10.914544 v _7255_/X (sky130_fd_sc_hd__and2_1)
                                                         _2885_ (net)
                      0.103566    0.000017   10.914561 v _7260_/A (sky130_fd_sc_hd__or2_1)
     2    0.012428    0.181492    0.610839   11.525399 v _7260_/X (sky130_fd_sc_hd__or2_1)
                                                         _2890_ (net)
                      0.181492    0.000211   11.525611 v _7322_/A (sky130_fd_sc_hd__xnor2_2)
     4    0.013177    0.343257    0.406505   11.932117 ^ _7322_/Y (sky130_fd_sc_hd__xnor2_2)
                                                         _2952_ (net)
                      0.343257    0.000060   11.932177 ^ _7375_/B (sky130_fd_sc_hd__nand4_1)
     2    0.005446    0.254347    0.345036   12.277212 v _7375_/Y (sky130_fd_sc_hd__nand4_1)
                                                         _3005_ (net)
                      0.254347    0.000046   12.277259 v _7397_/B (sky130_fd_sc_hd__or3_1)
     2    0.005791    0.173765    0.908396   13.185655 v _7397_/X (sky130_fd_sc_hd__or3_1)
                                                         _3027_ (net)
                      0.173765    0.000055   13.185710 v _7399_/A2 (sky130_fd_sc_hd__o221a_1)
     4    0.018003    0.217081    0.634416   13.820126 v _7399_/X (sky130_fd_sc_hd__o221a_1)
                                                         _3029_ (net)
                      0.217081    0.000592   13.820719 v _7405_/A1 (sky130_fd_sc_hd__a21o_1)
     3    0.007819    0.099048    0.389709   14.210427 v _7405_/X (sky130_fd_sc_hd__a21o_1)
                                                         _3035_ (net)
                      0.099048    0.000083   14.210509 v _7496_/A2 (sky130_fd_sc_hd__a211o_1)
     2    0.006000    0.114058    0.584913   14.795423 v _7496_/X (sky130_fd_sc_hd__a211o_1)
                                                         _3126_ (net)
                      0.114058    0.000044   14.795465 v _7518_/A1 (sky130_fd_sc_hd__a2111o_1)
     3    0.010229    0.180103    0.811849   15.607315 v _7518_/X (sky130_fd_sc_hd__a2111o_1)
                                                         _3148_ (net)
                      0.180103    0.000105   15.607420 v _7521_/A1 (sky130_fd_sc_hd__a21o_4)
    10    0.030304    0.113087    0.480272   16.087692 v _7521_/X (sky130_fd_sc_hd__a21o_4)
                                                         _3151_ (net)
                      0.113092    0.000886   16.088577 v _7522_/C (sky130_fd_sc_hd__nand3_1)
     1    0.004633    0.124159    0.161425   16.250002 ^ _7522_/Y (sky130_fd_sc_hd__nand3_1)
                                                         _3152_ (net)
                      0.124159    0.000087   16.250090 ^ fanout114/A (sky130_fd_sc_hd__buf_4)
    10    0.052960    0.242130    0.359318   16.609407 ^ fanout114/X (sky130_fd_sc_hd__buf_4)
                                                         net114 (net)
                      0.242131    0.000274   16.609682 ^ fanout113/A (sky130_fd_sc_hd__buf_4)
     5    0.021892    0.116793    0.321265   16.930946 ^ fanout113/X (sky130_fd_sc_hd__buf_4)
                                                         net113 (net)
                      0.116793    0.000115   16.931061 ^ fanout112/A (sky130_fd_sc_hd__buf_4)
     8    0.029073    0.143771    0.286505   17.217567 ^ fanout112/X (sky130_fd_sc_hd__buf_4)
                                                         net112 (net)
                      0.143771    0.000391   17.217957 ^ fanout111/A (sky130_fd_sc_hd__buf_2)
     6    0.025209    0.205026    0.330042   17.547998 ^ fanout111/X (sky130_fd_sc_hd__buf_2)
                                                         net111 (net)
                      0.205026    0.000508   17.548508 ^ fanout109/A (sky130_fd_sc_hd__buf_6)
    10    0.036671    0.130150    0.289381   17.837889 ^ fanout109/X (sky130_fd_sc_hd__buf_6)
                                                         net109 (net)
                      0.130150    0.000410   17.838299 ^ _7563_/A1 (sky130_fd_sc_hd__o211a_1)
     2    0.004807    0.105923    0.363267   18.201565 ^ _7563_/X (sky130_fd_sc_hd__o211a_1)
                                                         _3193_ (net)
                      0.105923    0.000034   18.201599 ^ _7569_/D_N (sky130_fd_sc_hd__nor4b_4)
     3    0.012586    0.460513    0.479918   18.681517 ^ _7569_/Y (sky130_fd_sc_hd__nor4b_4)
                                                         _3199_ (net)
                      0.460513    0.000348   18.681866 ^ _7614_/A (sky130_fd_sc_hd__and4_2)
     8    0.021918    0.240696    0.722315   19.404181 ^ _7614_/X (sky130_fd_sc_hd__and4_2)
                                                         _3244_ (net)
                      0.240696    0.000259   19.404440 ^ _7639_/B (sky130_fd_sc_hd__and4_1)
     1    0.002555    0.097005    0.417245   19.821684 ^ _7639_/X (sky130_fd_sc_hd__and4_1)
                                                         _3269_ (net)
                      0.097005    0.000027   19.821711 ^ fanout104/A (sky130_fd_sc_hd__buf_2)
     6    0.040623    0.319480    0.389386   20.211098 ^ fanout104/X (sky130_fd_sc_hd__buf_2)
                                                         net104 (net)
                      0.319601    0.002247   20.213345 ^ fanout103/A (sky130_fd_sc_hd__clkbuf_2)
    10    0.028980    0.252567    0.430557   20.643902 ^ fanout103/X (sky130_fd_sc_hd__clkbuf_2)
                                                         net103 (net)
                      0.252567    0.000199   20.644100 ^ _7661_/C (sky130_fd_sc_hd__and4bb_1)
     3    0.007434    0.170285    0.507265   21.151365 ^ _7661_/X (sky130_fd_sc_hd__and4bb_1)
                                                         _3289_ (net)
                      0.170285    0.000064   21.151430 ^ _7771_/A_N (sky130_fd_sc_hd__and4b_1)
     1    0.004338    0.089070    0.444445   21.595875 v _7771_/X (sky130_fd_sc_hd__and4b_1)
                                                         _3380_ (net)
                      0.089070    0.000068   21.595942 v _7773_/A2 (sky130_fd_sc_hd__a31o_1)
     1    0.002816    0.065932    0.371980   21.967922 v _7773_/X (sky130_fd_sc_hd__a31o_1)
                                                         multiplier_inst.overflow_calc (net)
                      0.065932    0.000030   21.967951 v _9411_/D (sky130_fd_sc_hd__dfrtp_1)
                                             21.967951   data arrival time

                                 20.000000   20.000000   clock clk (rise edge)
                                  0.000000   20.000000   clock source latency
     1    0.041584    0.301229    0.209685   20.209684 ^ clk (in)
                                                         clk (net)
                      0.301272    0.000000   20.209684 ^ clkbuf_0_clk/A (sky130_fd_sc_hd__clkbuf_16)
     2    0.038634    0.093777    0.350179   20.559864 ^ clkbuf_0_clk/X (sky130_fd_sc_hd__clkbuf_16)
                                                         clknet_0_clk (net)
                      0.093778    0.000488   20.560352 ^ clkbuf_1_1__f_clk/A (sky130_fd_sc_hd__clkbuf_16)
    13    0.119495    0.203455    0.346637   20.906988 ^ clkbuf_1_1__f_clk/X (sky130_fd_sc_hd__clkbuf_16)
                                                         clknet_1_1__leaf_clk (net)
                      0.203540    0.003928   20.910915 ^ clkbuf_leaf_11_clk/A (sky130_fd_sc_hd__clkbuf_8)
    26    0.072338    0.208641    0.398950   21.309866 ^ clkbuf_leaf_11_clk/X (sky130_fd_sc_hd__clkbuf_8)
                                                         clknet_leaf_11_clk (net)
                      0.208644    0.001153   21.311020 ^ _9411_/CLK (sky130_fd_sc_hd__dfrtp_1)
                                 -0.250000   21.061020   clock uncertainty
                                  0.000000   21.061020   clock reconvergence pessimism
                                 -0.237924   20.823097   library setup time
                                             20.823097   data required time
---------------------------------------------------------------------------------------------
                                             20.823097   data required time
                                            -21.967951   data arrival time
---------------------------------------------------------------------------------------------
                                             -1.144855   slack (VIOLATED)




===========================================================================
 report_check_types -max_slew -max_cap -max_fanout -violators
============================================================================
======================= min_ss_100C_1v60 Corner ===================================

max slew

Pin                                        Limit        Slew       Slack
------------------------------------------------------------------------
_5224_/Y                                0.750000    1.017291   -0.267291 (VIOLATED)
_5225_/A2                               0.750000    1.017291   -0.267291 (VIOLATED)
_5233_/C1                               0.750000    1.017291   -0.267291 (VIOLATED)
max_cap152/A                            0.750000    1.017291   -0.267291 (VIOLATED)
_5784_/Y                                0.750000    0.917962   -0.167962 (VIOLATED)
_5880_/A2                               0.750000    0.917962   -0.167962 (VIOLATED)
_5881_/C1                               0.750000    0.917962   -0.167962 (VIOLATED)
max_cap135/A                            0.750000    0.917962   -0.167962 (VIOLATED)
_8119_/Y                                0.750000    0.852791   -0.102791 (VIOLATED)
_8136_/C                                0.750000    0.852791   -0.102791 (VIOLATED)
_8220_/A3                               0.750000    0.852791   -0.102791 (VIOLATED)
max_cap155/A                            0.750000    0.852791   -0.102791 (VIOLATED)
_6166_/Y                                0.750000    0.836342   -0.086342 (VIOLATED)
_6168_/C                                0.750000    0.836342   -0.086342 (VIOLATED)
_6171_/B                                0.750000    0.836342   -0.086342 (VIOLATED)
_6252_/B1                               0.750000    0.836342   -0.086342 (VIOLATED)
fanout187/A                             0.750000    0.830811   -0.080811 (VIOLATED)
_8742_/B                                0.750000    0.830811   -0.080811 (VIOLATED)
_8749_/B                                0.750000    0.830810   -0.080811 (VIOLATED)
_8729_/Y                                0.750000    0.830809   -0.080809 (VIOLATED)
fanout186/A                             0.750000    0.830809   -0.080809 (VIOLATED)
_6086_/Y                                0.750000    0.790289   -0.040289 (VIOLATED)
_6088_/A                                0.750000    0.790289   -0.040289 (VIOLATED)
_6625_/A                                0.750000    0.790289   -0.040289 (VIOLATED)

max fanout

Pin                                   Limit Fanout  Slack
---------------------------------------------------------
clkbuf_leaf_11_clk/X                     10     26    -16 (VIOLATED)
clkbuf_leaf_19_clk/X                     10     25    -15 (VIOLATED)
clkbuf_leaf_6_clk/X                      10     25    -15 (VIOLATED)
clkbuf_leaf_3_clk/X                      10     22    -12 (VIOLATED)
clkbuf_leaf_12_clk/X                     10     21    -11 (VIOLATED)
clkbuf_leaf_10_clk/X                     10     20    -10 (VIOLATED)
clkbuf_leaf_20_clk/X                     10     20    -10 (VIOLATED)
clkbuf_leaf_0_clk/X                      10     19     -9 (VIOLATED)
clkbuf_leaf_18_clk/X                     10     18     -8 (VIOLATED)
clkbuf_leaf_22_clk/X                     10     18     -8 (VIOLATED)
clkbuf_leaf_17_clk/X                     10     16     -6 (VIOLATED)
clkbuf_leaf_1_clk/X                      10     14     -4 (VIOLATED)
clkbuf_leaf_21_clk/X                     10     14     -4 (VIOLATED)
clkbuf_1_1__f_clk/X                      10     13     -3 (VIOLATED)
clkbuf_leaf_16_clk/X                     10     12     -2 (VIOLATED)
clkbuf_1_0__f_clk/X                      10     11        (VIOLATED)
clkbuf_leaf_7_clk/X                      10     11        (VIOLATED)
fanout227/X                              10     11        (VIOLATED)
fanout251/X                              10     11        (VIOLATED)
fanout274/X                              10     11        (VIOLATED)
fanout280/X                              10     11        (VIOLATED)
fanout309/X                              10     11        (VIOLATED)
fanout366/X                              10     11        (VIOLATED)
fanout460/X                              10     11        (VIOLATED)



===========================================================================
report_parasitic_annotation -report_unannotated
============================================================================
Found 22 unannotated drivers.
 clkload0/Y
 clkload1/Y
 clkload10/Y
 clkload11/Y
 clkload12/X
 clkload13/Y
 clkload14/Y
 clkload15/Y
 clkload16/Y
 clkload17/Y
 clkload18/Y
 clkload19/Y
 clkload2/Y
 clkload20/Y
 clkload21/Y
 clkload3/Y
 clkload4/Y
 clkload5/Y
 clkload6/Y
 clkload7/Y
 clkload8/Y
 clkload9/Y
Found 0 partially unannotated drivers.

===========================================================================
max slew violation count 24
max fanout violation count 24
max cap violation count 0
============================================================================

===========================================================================
check_setup -verbose -unconstrained_endpoints -multiple_clock -no_clock -no_input_delay -loops -generated_clocks
===========================================================================
