Clock: clk
Sources: clk 
Generated: no
Virtual: yes
Propagated: no
Period: 20.000000

===========================================================================
report_clock_properties
============================================================================
Clock                   Period          Waveform
----------------------------------------------------
clk                  20.000000    0.000000 10.000000

===========================================================================
report_clock_latency
============================================================================
Clock clk
rise -> rise
    min     max
0.000000 0.000000 source latency
1.230970         network latency _9344_/CLK
        1.311112 network latency _9321_/CLK
---------------
1.230970 1.311112 latency
        0.080142 skew

fall -> fall
    min     max
0.000000 0.000000 source latency
1.105270         network latency _9344_/CLK
        1.165426 network latency _9321_/CLK
---------------
1.105270 1.165426 latency
        0.060156 skew



===========================================================================
report_clock_min_period
============================================================================
clk period_min = 21.14 fmax = 47.29
