                                                                     Buffers by Cell Master                                                                     
┏━━━━━━━━━━━━━━━━━━━━━━━━━━━━━━━━━━━━━━━━━━━━━━━━━━━━━━━━━━━━━━━━━━━━━━━━━━━━━━━━━━━━━━━━━━━━━━━━━━━━━━━━━━━━━━━━━━━━━━━━━━━━━━━━━━┳━━━━━━━━━━━━━━━━━━━━━━━━━━━┓
┃ Buffer                                                                                                                           ┃ Count                     ┃
┡━━━━━━━━━━━━━━━━━━━━━━━━━━━━━━━━━━━━━━━━━━━━━━━━━━━━━━━━━━━━━━━━━━━━━━━━━━━━━━━━━━━━━━━━━━━━━━━━━━━━━━━━━━━━━━━━━━━━━━━━━━━━━━━━━━╇━━━━━━━━━━━━━━━━━━━━━━━━━━━┩
│ sky130_fd_sc_hd__buf_1                                                                                                           │ 641                       │
│ sky130_fd_sc_hd__buf_12                                                                                                          │ 1                         │
│ sky130_fd_sc_hd__buf_2                                                                                                           │ 213                       │
│ sky130_fd_sc_hd__buf_4                                                                                                           │ 251                       │
│ sky130_fd_sc_hd__buf_6                                                                                                           │ 324                       │
│ sky130_fd_sc_hd__buf_8                                                                                                           │ 69                        │
│ sky130_fd_sc_hd__clkbuf_1                                                                                                        │ 395                       │
│ sky130_fd_sc_hd__clkbuf_16                                                                                                       │ 3                         │
│ sky130_fd_sc_hd__clkbuf_2                                                                                                        │ 825                       │
│ sky130_fd_sc_hd__clkbuf_4                                                                                                        │ 51                        │
│ sky130_fd_sc_hd__clkbuf_8                                                                                                        │ 23                        │
│ sky130_fd_sc_hd__dlygate4sd1_1                                                                                                   │ 110                       │
│ sky130_fd_sc_hd__dlygate4sd3_1                                                                                                   │ 173                       │
│ sky130_fd_sc_hd__dlymetal6s2s_1                                                                                                  │ 299                       │
│ sky130_fd_sc_hd__dlymetal6s4s_1                                                                                                  │ 11                        │
└──────────────────────────────────────────────────────────────────────────────────────────────────────────────────────────────────┴───────────────────────────┘
