                                                                       Cells by Function                                                                        
┏━━━━━━━━━━━━━━━━━━━━━━━━━━━━━━━━━━━━━━━━━━━━━━━━━━━━━━━━━━━━━━━━━━━━━━━━━━━━━━━━━━━━━━━━━━━━━━━━━━━━━━━━━━━━━━━━━━━━━━━━━━━━━━━━━┳━━━━━━━━━━━━━━━━━━━━━━━━━━━━┓
┃ Cell Function                                                                                                                   ┃ Count                      ┃
┡━━━━━━━━━━━━━━━━━━━━━━━━━━━━━━━━━━━━━━━━━━━━━━━━━━━━━━━━━━━━━━━━━━━━━━━━━━━━━━━━━━━━━━━━━━━━━━━━━━━━━━━━━━━━━━━━━━━━━━━━━━━━━━━━━╇━━━━━━━━━━━━━━━━━━━━━━━━━━━━┩
│ sky130_ef_sc_hd__decap                                                                                                          │ 1937                       │
│ sky130_fd_sc_hd__a2111o                                                                                                         │ 7                          │
│ sky130_fd_sc_hd__a2111oi                                                                                                        │ 3                          │
│ sky130_fd_sc_hd__a211o                                                                                                          │ 36                         │
│ sky130_fd_sc_hd__a211oi                                                                                                         │ 23                         │
│ sky130_fd_sc_hd__a21bo                                                                                                          │ 43                         │
│ sky130_fd_sc_hd__a21boi                                                                                                         │ 84                         │
│ sky130_fd_sc_hd__a21o                                                                                                           │ 342                        │
│ sky130_fd_sc_hd__a21oi                                                                                                          │ 389                        │
│ sky130_fd_sc_hd__a221o                                                                                                          │ 30                         │
│ sky130_fd_sc_hd__a221oi                                                                                                         │ 6                          │
│ sky130_fd_sc_hd__a22o                                                                                                           │ 184                        │
│ sky130_fd_sc_hd__a22oi                                                                                                          │ 215                        │
│ sky130_fd_sc_hd__a2bb2o                                                                                                         │ 25                         │
│ sky130_fd_sc_hd__a2bb2oi                                                                                                        │ 35                         │
│ sky130_fd_sc_hd__a311o                                                                                                          │ 16                         │
│ sky130_fd_sc_hd__a311oi                                                                                                         │ 7                          │
│ sky130_fd_sc_hd__a31o                                                                                                           │ 103                        │
│ sky130_fd_sc_hd__a31oi                                                                                                          │ 56                         │
│ sky130_fd_sc_hd__a32o                                                                                                           │ 46                         │
│ sky130_fd_sc_hd__a32oi                                                                                                          │ 49                         │
│ sky130_fd_sc_hd__a41o                                                                                                           │ 19                         │
│ sky130_fd_sc_hd__a41oi                                                                                                          │ 11                         │
│ sky130_fd_sc_hd__and2                                                                                                           │ 107                        │
│ sky130_fd_sc_hd__and2b                                                                                                          │ 17                         │
│ sky130_fd_sc_hd__and3                                                                                                           │ 239                        │
│ sky130_fd_sc_hd__and3b                                                                                                          │ 11                         │
│ sky130_fd_sc_hd__and4                                                                                                           │ 122                        │
│ sky130_fd_sc_hd__and4b                                                                                                          │ 9                          │
│ sky130_fd_sc_hd__and4bb                                                                                                         │ 6                          │
│ sky130_fd_sc_hd__buf                                                                                                            │ 1499                       │
│ sky130_fd_sc_hd__clkbuf                                                                                                         │ 1297                       │
│ sky130_fd_sc_hd__clkinv                                                                                                         │ 4                          │
│ sky130_fd_sc_hd__clkinvlp                                                                                                       │ 1                          │
│ sky130_fd_sc_hd__decap                                                                                                          │ 2657                       │
│ sky130_fd_sc_hd__dfrtp                                                                                                          │ 314                        │
│ sky130_fd_sc_hd__diode                                                                                                          │ 118                        │
│ sky130_fd_sc_hd__dlygate4sd1                                                                                                    │ 110                        │
│ sky130_fd_sc_hd__dlygate4sd3                                                                                                    │ 173                        │
│ sky130_fd_sc_hd__dlymetal6s2s                                                                                                   │ 299                        │
│ sky130_fd_sc_hd__dlymetal6s4s                                                                                                   │ 11                         │
│ sky130_fd_sc_hd__fill                                                                                                           │ 3443                       │
│ sky130_fd_sc_hd__inv                                                                                                            │ 459                        │
│ sky130_fd_sc_hd__mux2                                                                                                           │ 70                         │
│ sky130_fd_sc_hd__nand2                                                                                                          │ 1128                       │
│ sky130_fd_sc_hd__nand2b                                                                                                         │ 25                         │
│ sky130_fd_sc_hd__nand3                                                                                                          │ 562                        │
│ sky130_fd_sc_hd__nand3b                                                                                                         │ 61                         │
│ sky130_fd_sc_hd__nand4                                                                                                          │ 365                        │
│ sky130_fd_sc_hd__nand4b                                                                                                         │ 11                         │
│ sky130_fd_sc_hd__nor2                                                                                                           │ 172                        │
│ sky130_fd_sc_hd__nor3                                                                                                           │ 11                         │
│ sky130_fd_sc_hd__nor3b                                                                                                          │ 4                          │
│ sky130_fd_sc_hd__nor4                                                                                                           │ 7                          │
│ sky130_fd_sc_hd__nor4b                                                                                                          │ 3                          │
│ sky130_fd_sc_hd__o2111a                                                                                                         │ 16                         │
│ sky130_fd_sc_hd__o2111ai                                                                                                        │ 117                        │
│ sky130_fd_sc_hd__o211a                                                                                                          │ 98                         │
│ sky130_fd_sc_hd__o211ai                                                                                                         │ 393                        │
│ sky130_fd_sc_hd__o21a                                                                                                           │ 117                        │
│ sky130_fd_sc_hd__o21ai                                                                                                          │ 398                        │
│ sky130_fd_sc_hd__o21ba                                                                                                          │ 12                         │
│ sky130_fd_sc_hd__o21bai                                                                                                         │ 28                         │
│ sky130_fd_sc_hd__o221a                                                                                                          │ 49                         │
│ sky130_fd_sc_hd__o221ai                                                                                                         │ 73                         │
│ sky130_fd_sc_hd__o22a                                                                                                           │ 63                         │
│ sky130_fd_sc_hd__o22ai                                                                                                          │ 44                         │
│ sky130_fd_sc_hd__o2bb2a                                                                                                         │ 36                         │
│ sky130_fd_sc_hd__o2bb2ai                                                                                                        │ 278                        │
│ sky130_fd_sc_hd__o311a                                                                                                          │ 38                         │
│ sky130_fd_sc_hd__o311ai                                                                                                         │ 5                          │
│ sky130_fd_sc_hd__o31a                                                                                                           │ 60                         │
│ sky130_fd_sc_hd__o31ai                                                                                                          │ 5                          │
│ sky130_fd_sc_hd__o32a                                                                                                           │ 27                         │
│ sky130_fd_sc_hd__o32ai                                                                                                          │ 3                          │
│ sky130_fd_sc_hd__o41a                                                                                                           │ 5                          │
│ sky130_fd_sc_hd__or2                                                                                                            │ 42                         │
│ sky130_fd_sc_hd__or3                                                                                                            │ 35                         │
│ sky130_fd_sc_hd__or3b                                                                                                           │ 11                         │
│ sky130_fd_sc_hd__or4                                                                                                            │ 37                         │
│ sky130_fd_sc_hd__or4b                                                                                                           │ 9                          │
│ sky130_fd_sc_hd__or4bb                                                                                                          │ 2                          │
│ sky130_fd_sc_hd__tapvpwrvgnd                                                                                                    │ 2175                       │
│ sky130_fd_sc_hd__xnor2                                                                                                          │ 33                         │
│ sky130_fd_sc_hd__xor2                                                                                                           │ 38                         │
└─────────────────────────────────────────────────────────────────────────────────────────────────────────────────────────────────┴────────────────────────────┘
