[WARNING ORD-0039] .openroad ignored with -python
                                Cells by Master                                 
┏━━━━━━━━━━━━━━━━━━━━━━━━━━━━━━━━━━━━━━━━━━━━━━━━━━━━━━━━━━━━━━━━┳━━━━━━━━━━━━━┓
┃ Cell                                                           ┃ Count       ┃
┡━━━━━━━━━━━━━━━━━━━━━━━━━━━━━━━━━━━━━━━━━━━━━━━━━━━━━━━━━━━━━━━━╇━━━━━━━━━━━━━┩
│ sky130_ef_sc_hd__decap_12                                      │ 1937        │
│ sky130_fd_sc_hd__a2111o_1                                      │ 6           │
│ sky130_fd_sc_hd__a2111o_4                                      │ 1           │
│ sky130_fd_sc_hd__a2111oi_2                                     │ 1           │
│ sky130_fd_sc_hd__a2111oi_4                                     │ 2           │
│ sky130_fd_sc_hd__a211o_1                                       │ 33          │
│ sky130_fd_sc_hd__a211o_4                                       │ 3           │
│ sky130_fd_sc_hd__a211oi_1                                      │ 14          │
│ sky130_fd_sc_hd__a211oi_2                                      │ 6           │
│ sky130_fd_sc_hd__a211oi_4                                      │ 3           │
│ sky130_fd_sc_hd__a21bo_1                                       │ 41          │
│ sky130_fd_sc_hd__a21bo_2                                       │ 1           │
│ sky130_fd_sc_hd__a21bo_4                                       │ 1           │
│ sky130_fd_sc_hd__a21boi_1                                      │ 36          │
│ sky130_fd_sc_hd__a21boi_2                                      │ 23          │
│ sky130_fd_sc_hd__a21boi_4                                      │ 25          │
│ sky130_fd_sc_hd__a21o_1                                        │ 330         │
│ sky130_fd_sc_hd__a21o_2                                        │ 3           │
│ sky130_fd_sc_hd__a21o_4                                        │ 9           │
│ sky130_fd_sc_hd__a21oi_1                                       │ 221         │
│ sky130_fd_sc_hd__a21oi_2                                       │ 113         │
│ sky130_fd_sc_hd__a21oi_4                                       │ 55          │
│ sky130_fd_sc_hd__a221o_1                                       │ 29          │
│ sky130_fd_sc_hd__a221o_2                                       │ 1           │
│ sky130_fd_sc_hd__a221oi_1                                      │ 2           │
│ sky130_fd_sc_hd__a221oi_2                                      │ 3           │
│ sky130_fd_sc_hd__a221oi_4                                      │ 1           │
│ sky130_fd_sc_hd__a22o_1                                        │ 174         │
│ sky130_fd_sc_hd__a22o_2                                        │ 3           │
│ sky130_fd_sc_hd__a22o_4                                        │ 7           │
│ sky130_fd_sc_hd__a22oi_1                                       │ 81          │
│ sky130_fd_sc_hd__a22oi_2                                       │ 81          │
│ sky130_fd_sc_hd__a22oi_4                                       │ 53          │
│ sky130_fd_sc_hd__a2bb2o_1                                      │ 15          │
│ sky130_fd_sc_hd__a2bb2o_2                                      │ 5           │
│ sky130_fd_sc_hd__a2bb2o_4                                      │ 5           │
│ sky130_fd_sc_hd__a2bb2oi_1                                     │ 11          │
│ sky130_fd_sc_hd__a2bb2oi_2                                     │ 16          │
│ sky130_fd_sc_hd__a2bb2oi_4                                     │ 8           │
│ sky130_fd_sc_hd__a311o_1                                       │ 16          │
│ sky130_fd_sc_hd__a311oi_1                                      │ 3           │
│ sky130_fd_sc_hd__a311oi_2                                      │ 2           │
│ sky130_fd_sc_hd__a311oi_4                                      │ 2           │
│ sky130_fd_sc_hd__a31o_1                                        │ 94          │
│ sky130_fd_sc_hd__a31o_4                                        │ 9           │
│ sky130_fd_sc_hd__a31oi_1                                       │ 19          │
│ sky130_fd_sc_hd__a31oi_2                                       │ 15          │
│ sky130_fd_sc_hd__a31oi_4                                       │ 22          │
│ sky130_fd_sc_hd__a32o_1                                        │ 38          │
│ sky130_fd_sc_hd__a32o_2                                        │ 8           │
│ sky130_fd_sc_hd__a32oi_1                                       │ 2           │
│ sky130_fd_sc_hd__a32oi_2                                       │ 21          │
│ sky130_fd_sc_hd__a32oi_4                                       │ 26          │
│ sky130_fd_sc_hd__a41o_1                                        │ 19          │
│ sky130_fd_sc_hd__a41oi_1                                       │ 2           │
│ sky130_fd_sc_hd__a41oi_2                                       │ 8           │
│ sky130_fd_sc_hd__a41oi_4                                       │ 1           │
│ sky130_fd_sc_hd__and2_1                                        │ 89          │
│ sky130_fd_sc_hd__and2_2                                        │ 1           │
│ sky130_fd_sc_hd__and2_4                                        │ 17          │
│ sky130_fd_sc_hd__and2b_1                                       │ 13          │
│ sky130_fd_sc_hd__and2b_2                                       │ 4           │
│ sky130_fd_sc_hd__and3_1                                        │ 213         │
│ sky130_fd_sc_hd__and3_2                                        │ 5           │
│ sky130_fd_sc_hd__and3_4                                        │ 21          │
│ sky130_fd_sc_hd__and3b_1                                       │ 10          │
│ sky130_fd_sc_hd__and3b_2                                       │ 1           │
│ sky130_fd_sc_hd__and4_1                                        │ 116         │
│ sky130_fd_sc_hd__and4_2                                        │ 5           │
│ sky130_fd_sc_hd__and4_4                                        │ 1           │
│ sky130_fd_sc_hd__and4b_1                                       │ 9           │
│ sky130_fd_sc_hd__and4bb_1                                      │ 6           │
│ sky130_fd_sc_hd__buf_1                                         │ 641         │
│ sky130_fd_sc_hd__buf_12                                        │ 1           │
│ sky130_fd_sc_hd__buf_2                                         │ 213         │
│ sky130_fd_sc_hd__buf_4                                         │ 251         │
│ sky130_fd_sc_hd__buf_6                                         │ 324         │
│ sky130_fd_sc_hd__buf_8                                         │ 69          │
│ sky130_fd_sc_hd__clkbuf_1                                      │ 395         │
│ sky130_fd_sc_hd__clkbuf_16                                     │ 3           │
│ sky130_fd_sc_hd__clkbuf_2                                      │ 825         │
│ sky130_fd_sc_hd__clkbuf_4                                      │ 51          │
│ sky130_fd_sc_hd__clkbuf_8                                      │ 23          │
│ sky130_fd_sc_hd__clkinv_16                                     │ 3           │
│ sky130_fd_sc_hd__clkinv_4                                      │ 1           │
│ sky130_fd_sc_hd__clkinvlp_4                                    │ 1           │
│ sky130_fd_sc_hd__decap_3                                       │ 869         │
│ sky130_fd_sc_hd__decap_4                                       │ 628         │
│ sky130_fd_sc_hd__decap_6                                       │ 654         │
│ sky130_fd_sc_hd__decap_8                                       │ 506         │
│ sky130_fd_sc_hd__dfrtp_1                                       │ 296         │
│ sky130_fd_sc_hd__dfrtp_2                                       │ 18          │
│ sky130_fd_sc_hd__diode_2                                       │ 118         │
│ sky130_fd_sc_hd__dlygate4sd1_1                                 │ 110         │
│ sky130_fd_sc_hd__dlygate4sd3_1                                 │ 173         │
│ sky130_fd_sc_hd__dlymetal6s2s_1                                │ 299         │
│ sky130_fd_sc_hd__dlymetal6s4s_1                                │ 11          │
│ sky130_fd_sc_hd__fill_1                                        │ 2178        │
│ sky130_fd_sc_hd__fill_2                                        │ 1265        │
│ sky130_fd_sc_hd__inv_12                                        │ 3           │
│ sky130_fd_sc_hd__inv_16                                        │ 2           │
│ sky130_fd_sc_hd__inv_2                                         │ 443         │
│ sky130_fd_sc_hd__inv_4                                         │ 3           │
│ sky130_fd_sc_hd__inv_6                                         │ 4           │
│ sky130_fd_sc_hd__inv_8                                         │ 4           │
│ sky130_fd_sc_hd__mux2_1                                        │ 59          │
│ sky130_fd_sc_hd__mux2_2                                        │ 3           │
│ sky130_fd_sc_hd__mux2_4                                        │ 8           │
│ sky130_fd_sc_hd__nand2_1                                       │ 867         │
│ sky130_fd_sc_hd__nand2_2                                       │ 184         │
│ sky130_fd_sc_hd__nand2_4                                       │ 68          │
│ sky130_fd_sc_hd__nand2_8                                       │ 9           │
│ sky130_fd_sc_hd__nand2b_1                                      │ 13          │
│ sky130_fd_sc_hd__nand2b_2                                      │ 3           │
│ sky130_fd_sc_hd__nand2b_4                                      │ 9           │
│ sky130_fd_sc_hd__nand3_1                                       │ 206         │
│ sky130_fd_sc_hd__nand3_2                                       │ 192         │
│ sky130_fd_sc_hd__nand3_4                                       │ 164         │
│ sky130_fd_sc_hd__nand3b_1                                      │ 34          │
│ sky130_fd_sc_hd__nand3b_2                                      │ 7           │
│ sky130_fd_sc_hd__nand3b_4                                      │ 20          │
│ sky130_fd_sc_hd__nand4_1                                       │ 154         │
│ sky130_fd_sc_hd__nand4_2                                       │ 141         │
│ sky130_fd_sc_hd__nand4_4                                       │ 70          │
│ sky130_fd_sc_hd__nand4b_1                                      │ 3           │
│ sky130_fd_sc_hd__nand4b_2                                      │ 2           │
│ sky130_fd_sc_hd__nand4b_4                                      │ 6           │
│ sky130_fd_sc_hd__nor2_1                                        │ 129         │
│ sky130_fd_sc_hd__nor2_2                                        │ 22          │
│ sky130_fd_sc_hd__nor2_4                                        │ 18          │
│ sky130_fd_sc_hd__nor2_8                                        │ 3           │
│ sky130_fd_sc_hd__nor3_1                                        │ 7           │
│ sky130_fd_sc_hd__nor3_2                                        │ 1           │
│ sky130_fd_sc_hd__nor3_4                                        │ 3           │
│ sky130_fd_sc_hd__nor3b_1                                       │ 2           │
│ sky130_fd_sc_hd__nor3b_4                                       │ 2           │
│ sky130_fd_sc_hd__nor4_1                                        │ 3           │
│ sky130_fd_sc_hd__nor4_2                                        │ 1           │
│ sky130_fd_sc_hd__nor4_4                                        │ 3           │
│ sky130_fd_sc_hd__nor4b_1                                       │ 2           │
│ sky130_fd_sc_hd__nor4b_4                                       │ 1           │
│ sky130_fd_sc_hd__o2111a_1                                      │ 14          │
│ sky130_fd_sc_hd__o2111a_4                                      │ 2           │
│ sky130_fd_sc_hd__o2111ai_1                                     │ 31          │
│ sky130_fd_sc_hd__o2111ai_2                                     │ 27          │
│ sky130_fd_sc_hd__o2111ai_4                                     │ 59          │
│ sky130_fd_sc_hd__o211a_1                                       │ 85          │
│ sky130_fd_sc_hd__o211a_2                                       │ 3           │
│ sky130_fd_sc_hd__o211a_4                                       │ 10          │
│ sky130_fd_sc_hd__o211ai_1                                      │ 106         │
│ sky130_fd_sc_hd__o211ai_2                                      │ 163         │
│ sky130_fd_sc_hd__o211ai_4                                      │ 124         │
│ sky130_fd_sc_hd__o21a_1                                        │ 108         │
│ sky130_fd_sc_hd__o21a_2                                        │ 3           │
│ sky130_fd_sc_hd__o21a_4                                        │ 6           │
│ sky130_fd_sc_hd__o21ai_1                                       │ 226         │
│ sky130_fd_sc_hd__o21ai_2                                       │ 122         │
│ sky130_fd_sc_hd__o21ai_4                                       │ 50          │
│ sky130_fd_sc_hd__o21ba_1                                       │ 11          │
│ sky130_fd_sc_hd__o21ba_2                                       │ 1           │
│ sky130_fd_sc_hd__o21bai_1                                      │ 13          │
│ sky130_fd_sc_hd__o21bai_2                                      │ 7           │
│ sky130_fd_sc_hd__o21bai_4                                      │ 8           │
│ sky130_fd_sc_hd__o221a_1                                       │ 43          │
│ sky130_fd_sc_hd__o221a_2                                       │ 2           │
│ sky130_fd_sc_hd__o221a_4                                       │ 4           │
│ sky130_fd_sc_hd__o221ai_1                                      │ 11          │
│ sky130_fd_sc_hd__o221ai_2                                      │ 28          │
│ sky130_fd_sc_hd__o221ai_4                                      │ 34          │
│ sky130_fd_sc_hd__o22a_1                                        │ 54          │
│ sky130_fd_sc_hd__o22a_2                                        │ 5           │
│ sky130_fd_sc_hd__o22a_4                                        │ 4           │
│ sky130_fd_sc_hd__o22ai_1                                       │ 14          │
│ sky130_fd_sc_hd__o22ai_2                                       │ 18          │
│ sky130_fd_sc_hd__o22ai_4                                       │ 12          │
│ sky130_fd_sc_hd__o2bb2a_1                                      │ 22          │
│ sky130_fd_sc_hd__o2bb2a_2                                      │ 8           │
│ sky130_fd_sc_hd__o2bb2a_4                                      │ 6           │
│ sky130_fd_sc_hd__o2bb2ai_1                                     │ 96          │
│ sky130_fd_sc_hd__o2bb2ai_2                                     │ 113         │
│ sky130_fd_sc_hd__o2bb2ai_4                                     │ 69          │
│ sky130_fd_sc_hd__o311a_1                                       │ 32          │
│ sky130_fd_sc_hd__o311a_4                                       │ 6           │
│ sky130_fd_sc_hd__o311ai_2                                      │ 2           │
│ sky130_fd_sc_hd__o311ai_4                                      │ 3           │
│ sky130_fd_sc_hd__o31a_1                                        │ 58          │
│ sky130_fd_sc_hd__o31a_2                                        │ 1           │
│ sky130_fd_sc_hd__o31a_4                                        │ 1           │
│ sky130_fd_sc_hd__o31ai_1                                       │ 2           │
│ sky130_fd_sc_hd__o31ai_2                                       │ 2           │
│ sky130_fd_sc_hd__o31ai_4                                       │ 1           │
│ sky130_fd_sc_hd__o32a_1                                        │ 18          │
│ sky130_fd_sc_hd__o32a_4                                        │ 9           │
│ sky130_fd_sc_hd__o32ai_1                                       │ 2           │
│ sky130_fd_sc_hd__o32ai_4                                       │ 1           │
│ sky130_fd_sc_hd__o41a_1                                        │ 5           │
│ sky130_fd_sc_hd__or2_1                                         │ 33          │
│ sky130_fd_sc_hd__or2_2                                         │ 2           │
│ sky130_fd_sc_hd__or2_4                                         │ 7           │
│ sky130_fd_sc_hd__or3_1                                         │ 27          │
│ sky130_fd_sc_hd__or3_2                                         │ 2           │
│ sky130_fd_sc_hd__or3_4                                         │ 6           │
│ sky130_fd_sc_hd__or3b_1                                        │ 6           │
│ sky130_fd_sc_hd__or3b_2                                        │ 1           │
│ sky130_fd_sc_hd__or3b_4                                        │ 4           │
│ sky130_fd_sc_hd__or4_1                                         │ 28          │
│ sky130_fd_sc_hd__or4_2                                         │ 3           │
│ sky130_fd_sc_hd__or4_4                                         │ 6           │
│ sky130_fd_sc_hd__or4b_1                                        │ 7           │
│ sky130_fd_sc_hd__or4b_4                                        │ 2           │
│ sky130_fd_sc_hd__or4bb_1                                       │ 1           │
│ sky130_fd_sc_hd__or4bb_4                                       │ 1           │
│ sky130_fd_sc_hd__tapvpwrvgnd_1                                 │ 2175        │
│ sky130_fd_sc_hd__xnor2_1                                       │ 11          │
│ sky130_fd_sc_hd__xnor2_2                                       │ 17          │
│ sky130_fd_sc_hd__xnor2_4                                       │ 5           │
│ sky130_fd_sc_hd__xor2_1                                        │ 19          │
│ sky130_fd_sc_hd__xor2_2                                        │ 13          │
│ sky130_fd_sc_hd__xor2_4                                        │ 6           │
└────────────────────────────────────────────────────────────────┴─────────────┘
                               Cells by Function                                
┏━━━━━━━━━━━━━━━━━━━━━━━━━━━━━━━━━━━━━━━━━━━━━━━━━━━━━━━━━━━━━━━┳━━━━━━━━━━━━━━┓
┃ Cell Function                                                 ┃ Count        ┃
┡━━━━━━━━━━━━━━━━━━━━━━━━━━━━━━━━━━━━━━━━━━━━━━━━━━━━━━━━━━━━━━━╇━━━━━━━━━━━━━━┩
│ sky130_ef_sc_hd__decap                                        │ 1937         │
│ sky130_fd_sc_hd__a2111o                                       │ 7            │
│ sky130_fd_sc_hd__a2111oi                                      │ 3            │
│ sky130_fd_sc_hd__a211o                                        │ 36           │
│ sky130_fd_sc_hd__a211oi                                       │ 23           │
│ sky130_fd_sc_hd__a21bo                                        │ 43           │
│ sky130_fd_sc_hd__a21boi                                       │ 84           │
│ sky130_fd_sc_hd__a21o                                         │ 342          │
│ sky130_fd_sc_hd__a21oi                                        │ 389          │
│ sky130_fd_sc_hd__a221o                                        │ 30           │
│ sky130_fd_sc_hd__a221oi                                       │ 6            │
│ sky130_fd_sc_hd__a22o                                         │ 184          │
│ sky130_fd_sc_hd__a22oi                                        │ 215          │
│ sky130_fd_sc_hd__a2bb2o                                       │ 25           │
│ sky130_fd_sc_hd__a2bb2oi                                      │ 35           │
│ sky130_fd_sc_hd__a311o                                        │ 16           │
│ sky130_fd_sc_hd__a311oi                                       │ 7            │
│ sky130_fd_sc_hd__a31o                                         │ 103          │
│ sky130_fd_sc_hd__a31oi                                        │ 56           │
│ sky130_fd_sc_hd__a32o                                         │ 46           │
│ sky130_fd_sc_hd__a32oi                                        │ 49           │
│ sky130_fd_sc_hd__a41o                                         │ 19           │
│ sky130_fd_sc_hd__a41oi                                        │ 11           │
│ sky130_fd_sc_hd__and2                                         │ 107          │
│ sky130_fd_sc_hd__and2b                                        │ 17           │
│ sky130_fd_sc_hd__and3                                         │ 239          │
│ sky130_fd_sc_hd__and3b                                        │ 11           │
│ sky130_fd_sc_hd__and4                                         │ 122          │
│ sky130_fd_sc_hd__and4b                                        │ 9            │
│ sky130_fd_sc_hd__and4bb                                       │ 6            │
│ sky130_fd_sc_hd__buf                                          │ 1499         │
│ sky130_fd_sc_hd__clkbuf                                       │ 1297         │
│ sky130_fd_sc_hd__clkinv                                       │ 4            │
│ sky130_fd_sc_hd__clkinvlp                                     │ 1            │
│ sky130_fd_sc_hd__decap                                        │ 2657         │
│ sky130_fd_sc_hd__dfrtp                                        │ 314          │
│ sky130_fd_sc_hd__diode                                        │ 118          │
│ sky130_fd_sc_hd__dlygate4sd1                                  │ 110          │
│ sky130_fd_sc_hd__dlygate4sd3                                  │ 173          │
│ sky130_fd_sc_hd__dlymetal6s2s                                 │ 299          │
│ sky130_fd_sc_hd__dlymetal6s4s                                 │ 11           │
│ sky130_fd_sc_hd__fill                                         │ 3443         │
│ sky130_fd_sc_hd__inv                                          │ 459          │
│ sky130_fd_sc_hd__mux2                                         │ 70           │
│ sky130_fd_sc_hd__nand2                                        │ 1128         │
│ sky130_fd_sc_hd__nand2b                                       │ 25           │
│ sky130_fd_sc_hd__nand3                                        │ 562          │
│ sky130_fd_sc_hd__nand3b                                       │ 61           │
│ sky130_fd_sc_hd__nand4                                        │ 365          │
│ sky130_fd_sc_hd__nand4b                                       │ 11           │
│ sky130_fd_sc_hd__nor2                                         │ 172          │
│ sky130_fd_sc_hd__nor3                                         │ 11           │
│ sky130_fd_sc_hd__nor3b                                        │ 4            │
│ sky130_fd_sc_hd__nor4                                         │ 7            │
│ sky130_fd_sc_hd__nor4b                                        │ 3            │
│ sky130_fd_sc_hd__o2111a                                       │ 16           │
│ sky130_fd_sc_hd__o2111ai                                      │ 117          │
│ sky130_fd_sc_hd__o211a                                        │ 98           │
│ sky130_fd_sc_hd__o211ai                                       │ 393          │
│ sky130_fd_sc_hd__o21a                                         │ 117          │
│ sky130_fd_sc_hd__o21ai                                        │ 398          │
│ sky130_fd_sc_hd__o21ba                                        │ 12           │
│ sky130_fd_sc_hd__o21bai                                       │ 28           │
│ sky130_fd_sc_hd__o221a                                        │ 49           │
│ sky130_fd_sc_hd__o221ai                                       │ 73           │
│ sky130_fd_sc_hd__o22a                                         │ 63           │
│ sky130_fd_sc_hd__o22ai                                        │ 44           │
│ sky130_fd_sc_hd__o2bb2a                                       │ 36           │
│ sky130_fd_sc_hd__o2bb2ai                                      │ 278          │
│ sky130_fd_sc_hd__o311a                                        │ 38           │
│ sky130_fd_sc_hd__o311ai                                       │ 5            │
│ sky130_fd_sc_hd__o31a                                         │ 60           │
│ sky130_fd_sc_hd__o31ai                                        │ 5            │
│ sky130_fd_sc_hd__o32a                                         │ 27           │
│ sky130_fd_sc_hd__o32ai                                        │ 3            │
│ sky130_fd_sc_hd__o41a                                         │ 5            │
│ sky130_fd_sc_hd__or2                                          │ 42           │
│ sky130_fd_sc_hd__or3                                          │ 35           │
│ sky130_fd_sc_hd__or3b                                         │ 11           │
│ sky130_fd_sc_hd__or4                                          │ 37           │
│ sky130_fd_sc_hd__or4b                                         │ 9            │
│ sky130_fd_sc_hd__or4bb                                        │ 2            │
│ sky130_fd_sc_hd__tapvpwrvgnd                                  │ 2175         │
│ sky130_fd_sc_hd__xnor2                                        │ 33           │
│ sky130_fd_sc_hd__xor2                                         │ 38           │
└───────────────────────────────────────────────────────────────┴──────────────┘
                                  Cells by SCL                                  
┏━━━━━━━━━━━━━━━━━━━━━━━━━━━━━━━━━━━━━━━━━━━━━━━━━━━━━━━┳━━━━━━━━━━━━━━━━━━━━━━┓
┃ SCL                                                   ┃ Count                ┃
┡━━━━━━━━━━━━━━━━━━━━━━━━━━━━━━━━━━━━━━━━━━━━━━━━━━━━━━━╇━━━━━━━━━━━━━━━━━━━━━━┩
│ sky130_ef_sc_hd                                       │ 1937                 │
│ sky130_fd_sc_hd                                       │ 19291                │
└───────────────────────────────────────────────────────┴──────────────────────┘
                             Buffers by Cell Master                             
┏━━━━━━━━━━━━━━━━━━━━━━━━━━━━━━━━━━━━━━━━━━━━━━━━━━━━━━━━━━━━━━━━┳━━━━━━━━━━━━━┓
┃ Buffer                                                         ┃ Count       ┃
┡━━━━━━━━━━━━━━━━━━━━━━━━━━━━━━━━━━━━━━━━━━━━━━━━━━━━━━━━━━━━━━━━╇━━━━━━━━━━━━━┩
│ sky130_fd_sc_hd__buf_1                                         │ 641         │
│ sky130_fd_sc_hd__buf_12                                        │ 1           │
│ sky130_fd_sc_hd__buf_2                                         │ 213         │
│ sky130_fd_sc_hd__buf_4                                         │ 251         │
│ sky130_fd_sc_hd__buf_6                                         │ 324         │
│ sky130_fd_sc_hd__buf_8                                         │ 69          │
│ sky130_fd_sc_hd__clkbuf_1                                      │ 395         │
│ sky130_fd_sc_hd__clkbuf_16                                     │ 3           │
│ sky130_fd_sc_hd__clkbuf_2                                      │ 825         │
│ sky130_fd_sc_hd__clkbuf_4                                      │ 51          │
│ sky130_fd_sc_hd__clkbuf_8                                      │ 23          │
│ sky130_fd_sc_hd__dlygate4sd1_1                                 │ 110         │
│ sky130_fd_sc_hd__dlygate4sd3_1                                 │ 173         │
│ sky130_fd_sc_hd__dlymetal6s2s_1                                │ 299         │
│ sky130_fd_sc_hd__dlymetal6s4s_1                                │ 11          │
└────────────────────────────────────────────────────────────────┴─────────────┘
