
===========================================================================
report_checks -unconstrained
===========================================================================
======================= nom_ss_100C_1v60 Corner ===================================

Startpoint: rst (input port clocked by clk)
Endpoint: _9217_ (recovery check against rising-edge clock clk)
Path Group: asynchronous
Path Type: max

Fanout         Cap        Slew       Delay        Time   Description
---------------------------------------------------------------------------------------------
                                  0.000000    0.000000   clock clk (rise edge)
                                  0.000000    0.000000   clock network delay (propagated)
                                  3.000000    3.000000 v input external delay
     2    0.003795    0.022329    0.012362    3.012362 v rst (in)
                                                         rst (net)
                      0.022329    0.000000    3.012362 v input67/A (sky130_fd_sc_hd__clkbuf_2)
     5    0.044912    0.311461    0.364214    3.376576 v input67/X (sky130_fd_sc_hd__clkbuf_2)
                                                         net67 (net)
                      0.311464    0.000776    3.377352 v fanout523/A (sky130_fd_sc_hd__buf_4)
    17    0.090419    0.208931    0.512358    3.889709 v fanout523/X (sky130_fd_sc_hd__buf_4)
                                                         net523 (net)
                      0.208931    0.000920    3.890630 v fanout518/A (sky130_fd_sc_hd__clkbuf_2)
    11    0.041240    0.287298    0.435092    4.325722 v fanout518/X (sky130_fd_sc_hd__clkbuf_2)
                                                         net518 (net)
                      0.287298    0.000410    4.326131 v fanout517/A (sky130_fd_sc_hd__clkbuf_4)
    15    0.053052    0.198816    0.472804    4.798936 v fanout517/X (sky130_fd_sc_hd__clkbuf_4)
                                                         net517 (net)
                      0.198816    0.000869    4.799805 v fanout516/A (sky130_fd_sc_hd__clkbuf_4)
     8    0.041182    0.161003    0.403098    5.202904 v fanout516/X (sky130_fd_sc_hd__clkbuf_4)
                                                         net516 (net)
                      0.161003    0.000502    5.203405 v fanout515/A (sky130_fd_sc_hd__buf_4)
    10    0.059810    0.153751    0.390281    5.593686 v fanout515/X (sky130_fd_sc_hd__buf_4)
                                                         net515 (net)
                      0.153840    0.003400    5.597086 v _8903_/A (sky130_fd_sc_hd__inv_2)
     1    0.004700    0.062270    0.110111    5.707197 ^ _8903_/Y (sky130_fd_sc_hd__inv_2)
                                                         _0127_ (net)
                      0.062270    0.000116    5.707313 ^ _9217_/RESET_B (sky130_fd_sc_hd__dfrtp_1)
                                              5.707313   data arrival time

                                 15.000000   15.000000   clock clk (rise edge)
                                  0.000000   15.000000   clock source latency
     2    0.053979    0.388472    0.273658   15.273659 ^ clk (in)
                                                         clk (net)
                      0.388716    0.000000   15.273659 ^ clkbuf_0_clk/A (sky130_fd_sc_hd__clkbuf_16)
     9    0.086414    0.158954    0.437327   15.710985 ^ clkbuf_0_clk/X (sky130_fd_sc_hd__clkbuf_16)
                                                         clknet_0_clk (net)
                      0.159151    0.004947   15.715932 ^ clkbuf_2_1__f_clk/A (sky130_fd_sc_hd__clkbuf_16)
    17    0.104962    0.182966    0.359359   16.075291 ^ clkbuf_2_1__f_clk/X (sky130_fd_sc_hd__clkbuf_16)
                                                         clknet_2_1__leaf_clk (net)
                      0.183627    0.008086   16.083376 ^ clkbuf_leaf_5_clk/A (sky130_fd_sc_hd__clkbuf_8)
    12    0.043499    0.138279    0.336341   16.419718 ^ clkbuf_leaf_5_clk/X (sky130_fd_sc_hd__clkbuf_8)
                                                         clknet_leaf_5_clk (net)
                      0.138279    0.000602   16.420321 ^ _9217_/CLK (sky130_fd_sc_hd__dfrtp_1)
                                 -0.250000   16.170321   clock uncertainty
                                  0.000000   16.170321   clock reconvergence pessimism
                                  0.488167   16.658489   library recovery time
                                             16.658489   data required time
---------------------------------------------------------------------------------------------
                                             16.658489   data required time
                                             -5.707313   data arrival time
---------------------------------------------------------------------------------------------
                                             10.951176   slack (MET)


Startpoint: _9291_ (rising edge-triggered flip-flop clocked by clk)
Endpoint: _9411_ (rising edge-triggered flip-flop clocked by clk)
Path Group: clk
Path Type: max

Fanout         Cap        Slew       Delay        Time   Description
---------------------------------------------------------------------------------------------
                                  0.000000    0.000000   clock clk (rise edge)
                                  0.000000    0.000000   clock source latency
     2    0.053979    0.388472    0.273658    0.273658 ^ clk (in)
                                                         clk (net)
                      0.388716    0.000000    0.273658 ^ clkbuf_0_clk/A (sky130_fd_sc_hd__clkbuf_16)
     9    0.086414    0.158954    0.437326    0.710985 ^ clkbuf_0_clk/X (sky130_fd_sc_hd__clkbuf_16)
                                                         clknet_0_clk (net)
                      0.159095    0.004282    0.715267 ^ clkbuf_2_0__f_clk/A (sky130_fd_sc_hd__clkbuf_16)
    15    0.101797    0.179461    0.354210    1.069476 ^ clkbuf_2_0__f_clk/X (sky130_fd_sc_hd__clkbuf_16)
                                                         clknet_2_0__leaf_clk (net)
                      0.180682    0.011777    1.081254 ^ clkbuf_leaf_31_clk/A (sky130_fd_sc_hd__clkbuf_8)
    19    0.056126    0.168981    0.358108    1.439362 ^ clkbuf_leaf_31_clk/X (sky130_fd_sc_hd__clkbuf_8)
                                                         clknet_leaf_31_clk (net)
                      0.168994    0.001622    1.440984 ^ _9291_/CLK (sky130_fd_sc_hd__dfrtp_4)
     5    0.043486    0.247461    1.006966    2.447950 ^ _9291_/Q (sky130_fd_sc_hd__dfrtp_4)
                                                         adder_inst.man_a_r[3] (net)
                      0.247461    0.000908    2.448858 ^ fanout460/A (sky130_fd_sc_hd__clkbuf_4)
    19    0.066773    0.322299    0.512684    2.961542 ^ fanout460/X (sky130_fd_sc_hd__clkbuf_4)
                                                         net460 (net)
                      0.322480    0.003137    2.964679 ^ fanout459/A (sky130_fd_sc_hd__buf_2)
    15    0.054801    0.425844    0.560182    3.524861 ^ fanout459/X (sky130_fd_sc_hd__buf_2)
                                                         net459 (net)
                      0.425844    0.001089    3.525951 ^ fanout458/A (sky130_fd_sc_hd__buf_2)
    21    0.061065    0.470854    0.634386    4.160336 ^ fanout458/X (sky130_fd_sc_hd__buf_2)
                                                         net458 (net)
                      0.470868    0.003173    4.163509 ^ _6752_/D (sky130_fd_sc_hd__and4_1)
     2    0.005221    0.134498    0.545712    4.709221 ^ _6752_/X (sky130_fd_sc_hd__and4_1)
                                                         _2382_ (net)
                      0.134498    0.000105    4.709326 ^ _6754_/A_N (sky130_fd_sc_hd__and2b_1)
     1    0.006608    0.096360    0.416597    5.125924 v _6754_/X (sky130_fd_sc_hd__and2b_1)
                                                         _2384_ (net)
                      0.096360    0.000268    5.126192 v _6756_/A (sky130_fd_sc_hd__xnor2_1)
     3    0.008947    0.384421    0.406030    5.532222 ^ _6756_/Y (sky130_fd_sc_hd__xnor2_1)
                                                         _2386_ (net)
                      0.384421    0.000121    5.532343 ^ _6758_/B (sky130_fd_sc_hd__nand3_1)
     2    0.007815    0.243565    0.354441    5.886785 v _6758_/Y (sky130_fd_sc_hd__nand3_1)
                                                         _2388_ (net)
                      0.243565    0.000187    5.886971 v _6809_/A1 (sky130_fd_sc_hd__a21o_1)
     3    0.009181    0.110003    0.410615    6.297586 v _6809_/X (sky130_fd_sc_hd__a21o_1)
                                                         _2439_ (net)
                      0.110003    0.000236    6.297822 v _6810_/C (sky130_fd_sc_hd__and3_1)
     3    0.008902    0.120463    0.434098    6.731920 v _6810_/X (sky130_fd_sc_hd__and3_1)
                                                         _2440_ (net)
                      0.120463    0.000188    6.732108 v _6845_/A (sky130_fd_sc_hd__or3_1)
     2    0.006220    0.171576    0.913656    7.645764 v _6845_/X (sky130_fd_sc_hd__or3_1)
                                                         _2475_ (net)
                      0.171576    0.000130    7.645894 v _6847_/B (sky130_fd_sc_hd__and3_4)
     3    0.018747    0.086386    0.392734    8.038628 v _6847_/X (sky130_fd_sc_hd__and3_4)
                                                         _2477_ (net)
                      0.086386    0.000324    8.038952 v _6855_/C1 (sky130_fd_sc_hd__a211o_1)
     3    0.008021    0.131291    0.489732    8.528684 v _6855_/X (sky130_fd_sc_hd__a211o_1)
                                                         _2485_ (net)
                      0.131291    0.000115    8.528799 v _6879_/B (sky130_fd_sc_hd__and4_1)
     4    0.013481    0.154532    0.472414    9.001213 v _6879_/X (sky130_fd_sc_hd__and4_1)
                                                         _2509_ (net)
                      0.154532    0.000181    9.001394 v _6886_/A (sky130_fd_sc_hd__or2_1)
     3    0.009332    0.153881    0.601024    9.602419 v _6886_/X (sky130_fd_sc_hd__or2_1)
                                                         _2516_ (net)
                      0.153881    0.000151    9.602570 v _6905_/B (sky130_fd_sc_hd__nor4_1)
     1    0.003231    0.403778    0.501754   10.104324 ^ _6905_/Y (sky130_fd_sc_hd__nor4_1)
                                                         _2535_ (net)
                      0.403778    0.000104   10.104427 ^ wire118/A (sky130_fd_sc_hd__clkbuf_1)
     2    0.007172    0.151885    0.321830   10.426257 ^ wire118/X (sky130_fd_sc_hd__clkbuf_1)
                                                         net118 (net)
                      0.151885    0.000187   10.426445 ^ _6916_/A2 (sky130_fd_sc_hd__a22o_1)
     3    0.011297    0.199795    0.395411   10.821856 ^ _6916_/X (sky130_fd_sc_hd__a22o_1)
                                                         _2546_ (net)
                      0.199795    0.000341   10.822197 ^ _6918_/A2 (sky130_fd_sc_hd__a31o_1)
     3    0.011970    0.208314    0.440322   11.262518 ^ _6918_/X (sky130_fd_sc_hd__a31o_1)
                                                         _2548_ (net)
                      0.208314    0.000535   11.263053 ^ _6923_/A1_N (sky130_fd_sc_hd__o2bb2a_2)
     3    0.018008    0.150529    0.556749   11.819802 v _6923_/X (sky130_fd_sc_hd__o2bb2a_2)
                                                         _2553_ (net)
                      0.150529    0.000820   11.820622 v _6935_/A3 (sky130_fd_sc_hd__o31ai_4)
     3    0.019471    0.468249    0.474071   12.294693 ^ _6935_/Y (sky130_fd_sc_hd__o31ai_4)
                                                         _2565_ (net)
                      0.468300    0.001665   12.296358 ^ _6937_/A1 (sky130_fd_sc_hd__a21o_1)
     2    0.010964    0.166908    0.427418   12.723776 ^ _6937_/X (sky130_fd_sc_hd__a21o_1)
                                                         _2567_ (net)
                      0.166908    0.000223   12.723999 ^ _6938_/A1 (sky130_fd_sc_hd__a21o_4)
     9    0.067685    0.300955    0.449800   13.173800 ^ _6938_/X (sky130_fd_sc_hd__a21o_4)
                                                         _2568_ (net)
                      0.301356    0.007553   13.181353 ^ _7400_/C (sky130_fd_sc_hd__nand3b_4)
     4    0.020832    0.191512    0.297254   13.478606 v _7400_/Y (sky130_fd_sc_hd__nand3b_4)
                                                         _3030_ (net)
                      0.191517    0.001159   13.479765 v _7405_/A1 (sky130_fd_sc_hd__a21o_1)
     3    0.013183    0.140813    0.419082   13.898847 v _7405_/X (sky130_fd_sc_hd__a21o_1)
                                                         _3035_ (net)
                      0.140814    0.000621   13.899467 v _7496_/A1 (sky130_fd_sc_hd__a211o_1)
     2    0.007818    0.129363    0.566303   14.465771 v _7496_/X (sky130_fd_sc_hd__a211o_1)
                                                         _3126_ (net)
                      0.129363    0.000282   14.466052 v _7518_/A2 (sky130_fd_sc_hd__a2111o_1)
     4    0.015438    0.219633    0.942251   15.408302 v _7518_/X (sky130_fd_sc_hd__a2111o_1)
                                                         _3148_ (net)
                      0.219633    0.000393   15.408695 v _7521_/A2 (sky130_fd_sc_hd__a21o_4)
     5    0.025702    0.104578    0.511566   15.920261 v _7521_/X (sky130_fd_sc_hd__a21o_4)
                                                         _3151_ (net)
                      0.104627    0.000746   15.921007 v _7522_/C (sky130_fd_sc_hd__nand3_4)
     9    0.049577    0.272965    0.275751   16.196758 ^ _7522_/Y (sky130_fd_sc_hd__nand3_4)
                                                         _3152_ (net)
                      0.272972    0.001146   16.197905 ^ fanout113/A (sky130_fd_sc_hd__buf_8)
    13    0.055594    0.152952    0.326857   16.524761 ^ fanout113/X (sky130_fd_sc_hd__buf_8)
                                                         net113 (net)
                      0.152952    0.001005   16.525766 ^ fanout112/A (sky130_fd_sc_hd__buf_8)
     6    0.028644    0.091787    0.231243   16.757010 ^ fanout112/X (sky130_fd_sc_hd__buf_8)
                                                         net112 (net)
                      0.091791    0.000757   16.757765 ^ _7608_/S (sky130_fd_sc_hd__mux2_1)
     5    0.020088    0.256385    0.885921   17.643686 v _7608_/X (sky130_fd_sc_hd__mux2_1)
                                                         _3238_ (net)
                      0.256385    0.000478   17.644163 v _7613_/C (sky130_fd_sc_hd__nor4b_2)
     1    0.006046    0.408380    0.501920   18.146084 ^ _7613_/Y (sky130_fd_sc_hd__nor4b_2)
                                                         _3243_ (net)
                      0.408380    0.000227   18.146311 ^ _7614_/A (sky130_fd_sc_hd__and4_4)
     8    0.024421    0.192999    0.690587   18.836899 ^ _7614_/X (sky130_fd_sc_hd__and4_4)
                                                         _3244_ (net)
                      0.193025    0.000934   18.837833 ^ _7639_/A (sky130_fd_sc_hd__and4_1)
     1    0.006759    0.153378    0.437513   19.275347 ^ _7639_/X (sky130_fd_sc_hd__and4_1)
                                                         _3269_ (net)
                      0.153378    0.000238   19.275585 ^ fanout104/A (sky130_fd_sc_hd__buf_6)
    15    0.059426    0.196739    0.312010   19.587595 ^ fanout104/X (sky130_fd_sc_hd__buf_6)
                                                         net104 (net)
                      0.197166    0.007455   19.595049 ^ fanout103/A (sky130_fd_sc_hd__buf_8)
     5    0.018337    0.068874    0.232044   19.827093 ^ fanout103/X (sky130_fd_sc_hd__buf_8)
                                                         net103 (net)
                      0.068875    0.000371   19.827465 ^ _7661_/C (sky130_fd_sc_hd__and4bb_1)
     3    0.007936    0.171675    0.454676   20.282141 ^ _7661_/X (sky130_fd_sc_hd__and4bb_1)
                                                         _3289_ (net)
                      0.171675    0.000178   20.282318 ^ _7771_/A_N (sky130_fd_sc_hd__and4b_1)
     1    0.003853    0.084134    0.439130   20.721449 v _7771_/X (sky130_fd_sc_hd__and4b_1)
                                                         _3380_ (net)
                      0.084134    0.000123   20.721571 v _7773_/A2 (sky130_fd_sc_hd__a31o_1)
     1    0.002177    0.060546    0.362261   21.083832 v _7773_/X (sky130_fd_sc_hd__a31o_1)
                                                         multiplier_inst.overflow_calc (net)
                      0.060546    0.000062   21.083895 v _9411_/D (sky130_fd_sc_hd__dfrtp_1)
                                             21.083895   data arrival time

                                 15.000000   15.000000   clock clk (rise edge)
                                  0.000000   15.000000   clock source latency
     2    0.053979    0.388472    0.273658   15.273659 ^ clk (in)
                                                         clk (net)
                      0.388716    0.000000   15.273659 ^ clkbuf_0_clk/A (sky130_fd_sc_hd__clkbuf_16)
     9    0.086414    0.158954    0.437327   15.710985 ^ clkbuf_0_clk/X (sky130_fd_sc_hd__clkbuf_16)
                                                         clknet_0_clk (net)
                      0.159120    0.004603   15.715588 ^ clkbuf_2_3__f_clk/A (sky130_fd_sc_hd__clkbuf_16)
    23    0.118998    0.202736    0.374950   16.090538 ^ clkbuf_2_3__f_clk/X (sky130_fd_sc_hd__clkbuf_16)
                                                         clknet_2_3__leaf_clk (net)
                      0.203044    0.005450   16.095987 ^ clkbuf_leaf_14_clk/A (sky130_fd_sc_hd__clkbuf_8)
    13    0.044891    0.141697    0.347837   16.443825 ^ clkbuf_leaf_14_clk/X (sky130_fd_sc_hd__clkbuf_8)
                                                         clknet_leaf_14_clk (net)
                      0.141703    0.001107   16.444931 ^ _9411_/CLK (sky130_fd_sc_hd__dfrtp_1)
                                 -0.250000   16.194933   clock uncertainty
                                  0.000000   16.194933   clock reconvergence pessimism
                                 -0.253518   15.941414   library setup time
                                             15.941414   data required time
---------------------------------------------------------------------------------------------
                                             15.941414   data required time
                                            -21.083895   data arrival time
---------------------------------------------------------------------------------------------
                                             -5.142480   slack (VIOLATED)




===========================================================================
report_checks --slack_max -0.01
============================================================================
======================= nom_ss_100C_1v60 Corner ===================================

Startpoint: _9291_ (rising edge-triggered flip-flop clocked by clk)
Endpoint: _9411_ (rising edge-triggered flip-flop clocked by clk)
Path Group: clk
Path Type: max

Fanout         Cap        Slew       Delay        Time   Description
---------------------------------------------------------------------------------------------
                                  0.000000    0.000000   clock clk (rise edge)
                                  0.000000    0.000000   clock source latency
     2    0.053979    0.388472    0.273658    0.273658 ^ clk (in)
                                                         clk (net)
                      0.388716    0.000000    0.273658 ^ clkbuf_0_clk/A (sky130_fd_sc_hd__clkbuf_16)
     9    0.086414    0.158954    0.437326    0.710985 ^ clkbuf_0_clk/X (sky130_fd_sc_hd__clkbuf_16)
                                                         clknet_0_clk (net)
                      0.159095    0.004282    0.715267 ^ clkbuf_2_0__f_clk/A (sky130_fd_sc_hd__clkbuf_16)
    15    0.101797    0.179461    0.354210    1.069476 ^ clkbuf_2_0__f_clk/X (sky130_fd_sc_hd__clkbuf_16)
                                                         clknet_2_0__leaf_clk (net)
                      0.180682    0.011777    1.081254 ^ clkbuf_leaf_31_clk/A (sky130_fd_sc_hd__clkbuf_8)
    19    0.056126    0.168981    0.358108    1.439362 ^ clkbuf_leaf_31_clk/X (sky130_fd_sc_hd__clkbuf_8)
                                                         clknet_leaf_31_clk (net)
                      0.168994    0.001622    1.440984 ^ _9291_/CLK (sky130_fd_sc_hd__dfrtp_4)
     5    0.043486    0.247461    1.006966    2.447950 ^ _9291_/Q (sky130_fd_sc_hd__dfrtp_4)
                                                         adder_inst.man_a_r[3] (net)
                      0.247461    0.000908    2.448858 ^ fanout460/A (sky130_fd_sc_hd__clkbuf_4)
    19    0.066773    0.322299    0.512684    2.961542 ^ fanout460/X (sky130_fd_sc_hd__clkbuf_4)
                                                         net460 (net)
                      0.322480    0.003137    2.964679 ^ fanout459/A (sky130_fd_sc_hd__buf_2)
    15    0.054801    0.425844    0.560182    3.524861 ^ fanout459/X (sky130_fd_sc_hd__buf_2)
                                                         net459 (net)
                      0.425844    0.001089    3.525951 ^ fanout458/A (sky130_fd_sc_hd__buf_2)
    21    0.061065    0.470854    0.634386    4.160336 ^ fanout458/X (sky130_fd_sc_hd__buf_2)
                                                         net458 (net)
                      0.470868    0.003173    4.163509 ^ _6752_/D (sky130_fd_sc_hd__and4_1)
     2    0.005221    0.134498    0.545712    4.709221 ^ _6752_/X (sky130_fd_sc_hd__and4_1)
                                                         _2382_ (net)
                      0.134498    0.000105    4.709326 ^ _6754_/A_N (sky130_fd_sc_hd__and2b_1)
     1    0.006608    0.096360    0.416597    5.125924 v _6754_/X (sky130_fd_sc_hd__and2b_1)
                                                         _2384_ (net)
                      0.096360    0.000268    5.126192 v _6756_/A (sky130_fd_sc_hd__xnor2_1)
     3    0.008947    0.384421    0.406030    5.532222 ^ _6756_/Y (sky130_fd_sc_hd__xnor2_1)
                                                         _2386_ (net)
                      0.384421    0.000121    5.532343 ^ _6758_/B (sky130_fd_sc_hd__nand3_1)
     2    0.007815    0.243565    0.354441    5.886785 v _6758_/Y (sky130_fd_sc_hd__nand3_1)
                                                         _2388_ (net)
                      0.243565    0.000187    5.886971 v _6809_/A1 (sky130_fd_sc_hd__a21o_1)
     3    0.009181    0.110003    0.410615    6.297586 v _6809_/X (sky130_fd_sc_hd__a21o_1)
                                                         _2439_ (net)
                      0.110003    0.000236    6.297822 v _6810_/C (sky130_fd_sc_hd__and3_1)
     3    0.008902    0.120463    0.434098    6.731920 v _6810_/X (sky130_fd_sc_hd__and3_1)
                                                         _2440_ (net)
                      0.120463    0.000188    6.732108 v _6845_/A (sky130_fd_sc_hd__or3_1)
     2    0.006220    0.171576    0.913656    7.645764 v _6845_/X (sky130_fd_sc_hd__or3_1)
                                                         _2475_ (net)
                      0.171576    0.000130    7.645894 v _6847_/B (sky130_fd_sc_hd__and3_4)
     3    0.018747    0.086386    0.392734    8.038628 v _6847_/X (sky130_fd_sc_hd__and3_4)
                                                         _2477_ (net)
                      0.086386    0.000324    8.038952 v _6855_/C1 (sky130_fd_sc_hd__a211o_1)
     3    0.008021    0.131291    0.489732    8.528684 v _6855_/X (sky130_fd_sc_hd__a211o_1)
                                                         _2485_ (net)
                      0.131291    0.000115    8.528799 v _6879_/B (sky130_fd_sc_hd__and4_1)
     4    0.013481    0.154532    0.472414    9.001213 v _6879_/X (sky130_fd_sc_hd__and4_1)
                                                         _2509_ (net)
                      0.154532    0.000181    9.001394 v _6886_/A (sky130_fd_sc_hd__or2_1)
     3    0.009332    0.153881    0.601024    9.602419 v _6886_/X (sky130_fd_sc_hd__or2_1)
                                                         _2516_ (net)
                      0.153881    0.000151    9.602570 v _6905_/B (sky130_fd_sc_hd__nor4_1)
     1    0.003231    0.403778    0.501754   10.104324 ^ _6905_/Y (sky130_fd_sc_hd__nor4_1)
                                                         _2535_ (net)
                      0.403778    0.000104   10.104427 ^ wire118/A (sky130_fd_sc_hd__clkbuf_1)
     2    0.007172    0.151885    0.321830   10.426257 ^ wire118/X (sky130_fd_sc_hd__clkbuf_1)
                                                         net118 (net)
                      0.151885    0.000187   10.426445 ^ _6916_/A2 (sky130_fd_sc_hd__a22o_1)
     3    0.011297    0.199795    0.395411   10.821856 ^ _6916_/X (sky130_fd_sc_hd__a22o_1)
                                                         _2546_ (net)
                      0.199795    0.000341   10.822197 ^ _6918_/A2 (sky130_fd_sc_hd__a31o_1)
     3    0.011970    0.208314    0.440322   11.262518 ^ _6918_/X (sky130_fd_sc_hd__a31o_1)
                                                         _2548_ (net)
                      0.208314    0.000535   11.263053 ^ _6923_/A1_N (sky130_fd_sc_hd__o2bb2a_2)
     3    0.018008    0.150529    0.556749   11.819802 v _6923_/X (sky130_fd_sc_hd__o2bb2a_2)
                                                         _2553_ (net)
                      0.150529    0.000820   11.820622 v _6935_/A3 (sky130_fd_sc_hd__o31ai_4)
     3    0.019471    0.468249    0.474071   12.294693 ^ _6935_/Y (sky130_fd_sc_hd__o31ai_4)
                                                         _2565_ (net)
                      0.468300    0.001665   12.296358 ^ _6937_/A1 (sky130_fd_sc_hd__a21o_1)
     2    0.010964    0.166908    0.427418   12.723776 ^ _6937_/X (sky130_fd_sc_hd__a21o_1)
                                                         _2567_ (net)
                      0.166908    0.000223   12.723999 ^ _6938_/A1 (sky130_fd_sc_hd__a21o_4)
     9    0.067685    0.300955    0.449800   13.173800 ^ _6938_/X (sky130_fd_sc_hd__a21o_4)
                                                         _2568_ (net)
                      0.301356    0.007553   13.181353 ^ _7400_/C (sky130_fd_sc_hd__nand3b_4)
     4    0.020832    0.191512    0.297254   13.478606 v _7400_/Y (sky130_fd_sc_hd__nand3b_4)
                                                         _3030_ (net)
                      0.191517    0.001159   13.479765 v _7405_/A1 (sky130_fd_sc_hd__a21o_1)
     3    0.013183    0.140813    0.419082   13.898847 v _7405_/X (sky130_fd_sc_hd__a21o_1)
                                                         _3035_ (net)
                      0.140814    0.000621   13.899467 v _7496_/A1 (sky130_fd_sc_hd__a211o_1)
     2    0.007818    0.129363    0.566303   14.465771 v _7496_/X (sky130_fd_sc_hd__a211o_1)
                                                         _3126_ (net)
                      0.129363    0.000282   14.466052 v _7518_/A2 (sky130_fd_sc_hd__a2111o_1)
     4    0.015438    0.219633    0.942251   15.408302 v _7518_/X (sky130_fd_sc_hd__a2111o_1)
                                                         _3148_ (net)
                      0.219633    0.000393   15.408695 v _7521_/A2 (sky130_fd_sc_hd__a21o_4)
     5    0.025702    0.104578    0.511566   15.920261 v _7521_/X (sky130_fd_sc_hd__a21o_4)
                                                         _3151_ (net)
                      0.104627    0.000746   15.921007 v _7522_/C (sky130_fd_sc_hd__nand3_4)
     9    0.049577    0.272965    0.275751   16.196758 ^ _7522_/Y (sky130_fd_sc_hd__nand3_4)
                                                         _3152_ (net)
                      0.272972    0.001146   16.197905 ^ fanout113/A (sky130_fd_sc_hd__buf_8)
    13    0.055594    0.152952    0.326857   16.524761 ^ fanout113/X (sky130_fd_sc_hd__buf_8)
                                                         net113 (net)
                      0.152952    0.001005   16.525766 ^ fanout112/A (sky130_fd_sc_hd__buf_8)
     6    0.028644    0.091787    0.231243   16.757010 ^ fanout112/X (sky130_fd_sc_hd__buf_8)
                                                         net112 (net)
                      0.091791    0.000757   16.757765 ^ _7608_/S (sky130_fd_sc_hd__mux2_1)
     5    0.020088    0.256385    0.885921   17.643686 v _7608_/X (sky130_fd_sc_hd__mux2_1)
                                                         _3238_ (net)
                      0.256385    0.000478   17.644163 v _7613_/C (sky130_fd_sc_hd__nor4b_2)
     1    0.006046    0.408380    0.501920   18.146084 ^ _7613_/Y (sky130_fd_sc_hd__nor4b_2)
                                                         _3243_ (net)
                      0.408380    0.000227   18.146311 ^ _7614_/A (sky130_fd_sc_hd__and4_4)
     8    0.024421    0.192999    0.690587   18.836899 ^ _7614_/X (sky130_fd_sc_hd__and4_4)
                                                         _3244_ (net)
                      0.193025    0.000934   18.837833 ^ _7639_/A (sky130_fd_sc_hd__and4_1)
     1    0.006759    0.153378    0.437513   19.275347 ^ _7639_/X (sky130_fd_sc_hd__and4_1)
                                                         _3269_ (net)
                      0.153378    0.000238   19.275585 ^ fanout104/A (sky130_fd_sc_hd__buf_6)
    15    0.059426    0.196739    0.312010   19.587595 ^ fanout104/X (sky130_fd_sc_hd__buf_6)
                                                         net104 (net)
                      0.197166    0.007455   19.595049 ^ fanout103/A (sky130_fd_sc_hd__buf_8)
     5    0.018337    0.068874    0.232044   19.827093 ^ fanout103/X (sky130_fd_sc_hd__buf_8)
                                                         net103 (net)
                      0.068875    0.000371   19.827465 ^ _7661_/C (sky130_fd_sc_hd__and4bb_1)
     3    0.007936    0.171675    0.454676   20.282141 ^ _7661_/X (sky130_fd_sc_hd__and4bb_1)
                                                         _3289_ (net)
                      0.171675    0.000178   20.282318 ^ _7771_/A_N (sky130_fd_sc_hd__and4b_1)
     1    0.003853    0.084134    0.439130   20.721449 v _7771_/X (sky130_fd_sc_hd__and4b_1)
                                                         _3380_ (net)
                      0.084134    0.000123   20.721571 v _7773_/A2 (sky130_fd_sc_hd__a31o_1)
     1    0.002177    0.060546    0.362261   21.083832 v _7773_/X (sky130_fd_sc_hd__a31o_1)
                                                         multiplier_inst.overflow_calc (net)
                      0.060546    0.000062   21.083895 v _9411_/D (sky130_fd_sc_hd__dfrtp_1)
                                             21.083895   data arrival time

                                 15.000000   15.000000   clock clk (rise edge)
                                  0.000000   15.000000   clock source latency
     2    0.053979    0.388472    0.273658   15.273659 ^ clk (in)
                                                         clk (net)
                      0.388716    0.000000   15.273659 ^ clkbuf_0_clk/A (sky130_fd_sc_hd__clkbuf_16)
     9    0.086414    0.158954    0.437327   15.710985 ^ clkbuf_0_clk/X (sky130_fd_sc_hd__clkbuf_16)
                                                         clknet_0_clk (net)
                      0.159120    0.004603   15.715588 ^ clkbuf_2_3__f_clk/A (sky130_fd_sc_hd__clkbuf_16)
    23    0.118998    0.202736    0.374950   16.090538 ^ clkbuf_2_3__f_clk/X (sky130_fd_sc_hd__clkbuf_16)
                                                         clknet_2_3__leaf_clk (net)
                      0.203044    0.005450   16.095987 ^ clkbuf_leaf_14_clk/A (sky130_fd_sc_hd__clkbuf_8)
    13    0.044891    0.141697    0.347837   16.443825 ^ clkbuf_leaf_14_clk/X (sky130_fd_sc_hd__clkbuf_8)
                                                         clknet_leaf_14_clk (net)
                      0.141703    0.001107   16.444931 ^ _9411_/CLK (sky130_fd_sc_hd__dfrtp_1)
                                 -0.250000   16.194933   clock uncertainty
                                  0.000000   16.194933   clock reconvergence pessimism
                                 -0.253518   15.941414   library setup time
                                             15.941414   data required time
---------------------------------------------------------------------------------------------
                                             15.941414   data required time
                                            -21.083895   data arrival time
---------------------------------------------------------------------------------------------
                                             -5.142480   slack (VIOLATED)




===========================================================================
 report_check_types -max_slew -max_cap -max_fanout -violators
============================================================================
======================= nom_ss_100C_1v60 Corner ===================================

max slew

Pin                                        Limit        Slew       Slack
------------------------------------------------------------------------
_5807_/C                                0.750000    1.353972   -0.603972 (VIOLATED)
ANTENNA__5807__C/DIODE                  0.750000    1.353972   -0.603972 (VIOLATED)
ANTENNA__5154__A2/DIODE                 0.750000    1.353952   -0.603952 (VIOLATED)
_4838_/A2                               0.750000    1.353952   -0.603952 (VIOLATED)
_5154_/A2                               0.750000    1.353952   -0.603952 (VIOLATED)
ANTENNA__4829__B/DIODE                  0.750000    1.353951   -0.603951 (VIOLATED)
ANTENNA__4838__A2/DIODE                 0.750000    1.353951   -0.603951 (VIOLATED)
ANTENNA__4974__B1/DIODE                 0.750000    1.353951   -0.603951 (VIOLATED)
_4829_/B                                0.750000    1.353951   -0.603951 (VIOLATED)
_4974_/B1                               0.750000    1.353951   -0.603951 (VIOLATED)
ANTENNA_clone60_X/DIODE                 0.750000    1.353949   -0.603949 (VIOLATED)
clone60/X                               0.750000    1.353949   -0.603949 (VIOLATED)
_6250_/Y                                0.750000    0.979663   -0.229663 (VIOLATED)
_6253_/A2                               0.750000    0.979663   -0.229663 (VIOLATED)
_6254_/B1                               0.750000    0.979663   -0.229663 (VIOLATED)
_6230_/Y                                0.750000    0.941779   -0.191779 (VIOLATED)
_6232_/C                                0.750000    0.941779   -0.191779 (VIOLATED)
_6244_/B                                0.750000    0.941779   -0.191779 (VIOLATED)
_6312_/B1                               0.750000    0.941779   -0.191779 (VIOLATED)
_5906_/B2                               0.750000    0.937828   -0.187828 (VIOLATED)
ANTENNA__5906__B2/DIODE                 0.750000    0.937828   -0.187828 (VIOLATED)
ANTENNA__6975__A1/DIODE                 0.750000    0.937825   -0.187825 (VIOLATED)
rebuffer25/A                            0.750000    0.937825   -0.187825 (VIOLATED)
ANTENNA_rebuffer25_A/DIODE              0.750000    0.937825   -0.187825 (VIOLATED)
_6975_/A1                               0.750000    0.937819   -0.187819 (VIOLATED)
_7071_/A                                0.750000    0.937796   -0.187796 (VIOLATED)
ANTENNA__7071__A/DIODE                  0.750000    0.937794   -0.187794 (VIOLATED)
_5274_/B2                               0.750000    0.937779   -0.187779 (VIOLATED)
ANTENNA__5274__B2/DIODE                 0.750000    0.937765   -0.187765 (VIOLATED)
_5272_/A                                0.750000    0.937753   -0.187753 (VIOLATED)
ANTENNA__5272__A/DIODE                  0.750000    0.937752   -0.187752 (VIOLATED)
_5169_/A1                               0.750000    0.937747   -0.187747 (VIOLATED)
ANTENNA__5167__B/DIODE                  0.750000    0.937747   -0.187747 (VIOLATED)
ANTENNA__5169__A1/DIODE                 0.750000    0.937747   -0.187747 (VIOLATED)
_5167_/B                                0.750000    0.937746   -0.187746 (VIOLATED)
ANTENNA_rebuffer24_X/DIODE              0.750000    0.937728   -0.187728 (VIOLATED)
rebuffer24/X                            0.750000    0.937485   -0.187485 (VIOLATED)
_5999_/A1                               0.750000    0.922833   -0.172833 (VIOLATED)
ANTENNA__5999__A1/DIODE                 0.750000    0.922833   -0.172833 (VIOLATED)
ANTENNA__5529__A/DIODE                  0.750000    0.922831   -0.172831 (VIOLATED)
_5529_/A                                0.750000    0.922831   -0.172831 (VIOLATED)
_5530_/B2                               0.750000    0.922827   -0.172827 (VIOLATED)
ANTENNA__5530__B2/DIODE                 0.750000    0.922826   -0.172826 (VIOLATED)
_5681_/A1                               0.750000    0.922811   -0.172811 (VIOLATED)
ANTENNA__5681__A1/DIODE                 0.750000    0.922805   -0.172805 (VIOLATED)
_5699_/A                                0.750000    0.922793   -0.172793 (VIOLATED)
ANTENNA__5699__A/DIODE                  0.750000    0.922791   -0.172791 (VIOLATED)
ANTENNA_rebuffer6_X/DIODE               0.750000    0.922639   -0.172640 (VIOLATED)
rebuffer6/X                             0.750000    0.922638   -0.172638 (VIOLATED)
ANTENNA__5904__A/DIODE                  0.750000    0.905674   -0.155674 (VIOLATED)
_5904_/A                                0.750000    0.905674   -0.155674 (VIOLATED)
_6989_/B2                               0.750000    0.905671   -0.155671 (VIOLATED)
ANTENNA__6989__B2/DIODE                 0.750000    0.905670   -0.155670 (VIOLATED)
_7086_/A1                               0.750000    0.905668   -0.155668 (VIOLATED)
ANTENNA_rebuffer90_A/DIODE              0.750000    0.905667   -0.155667 (VIOLATED)
rebuffer90/A                            0.750000    0.905667   -0.155667 (VIOLATED)
ANTENNA__7086__A1/DIODE                 0.750000    0.905667   -0.155667 (VIOLATED)
_5273_/A                                0.750000    0.905667   -0.155667 (VIOLATED)
ANTENNA__5273__A/DIODE                  0.750000    0.905667   -0.155667 (VIOLATED)
ANTENNA_clone92_X/DIODE                 0.750000    0.905666   -0.155666 (VIOLATED)
clone92/X                               0.750000    0.905666   -0.155666 (VIOLATED)
_7589_/B1                               0.750000    0.799664   -0.049664 (VIOLATED)
_7580_/A0                               0.750000    0.799664   -0.049664 (VIOLATED)
_7576_/Y                                0.750000    0.799660   -0.049660 (VIOLATED)
_8064_/B                                0.750000    0.792089   -0.042089 (VIOLATED)
ANTENNA__8064__B/DIODE                  0.750000    0.792089   -0.042089 (VIOLATED)
_7886_/C1                               0.750000    0.792088   -0.042088 (VIOLATED)
ANTENNA__7886__C1/DIODE                 0.750000    0.792087   -0.042087 (VIOLATED)
_7833_/C1                               0.750000    0.792087   -0.042087 (VIOLATED)
_7854_/C1                               0.750000    0.792087   -0.042087 (VIOLATED)
ANTENNA__7833__C1/DIODE                 0.750000    0.792087   -0.042087 (VIOLATED)
ANTENNA__7854__C1/DIODE                 0.750000    0.792086   -0.042086 (VIOLATED)
ANTENNA__7836__B1/DIODE                 0.750000    0.792086   -0.042086 (VIOLATED)
_7836_/B1                               0.750000    0.792086   -0.042086 (VIOLATED)
ANTENNA__7875__A/DIODE                  0.750000    0.792076   -0.042076 (VIOLATED)
_7875_/A                                0.750000    0.792075   -0.042075 (VIOLATED)
_7862_/B1                               0.750000    0.792073   -0.042073 (VIOLATED)
ANTENNA__7862__B1/DIODE                 0.750000    0.792073   -0.042073 (VIOLATED)
ANTENNA__7829__Y/DIODE                  0.750000    0.792068   -0.042068 (VIOLATED)
_7829_/Y                                0.750000    0.792068   -0.042068 (VIOLATED)
ANTENNA__7761__A/DIODE                  0.750000    0.788982   -0.038982 (VIOLATED)
_7761_/A                                0.750000    0.788982   -0.038982 (VIOLATED)
_7774_/A_N                              0.750000    0.788981   -0.038982 (VIOLATED)
ANTENNA__7774__A_N/DIODE                0.750000    0.788981   -0.038981 (VIOLATED)
_7745_/B                                0.750000    0.788980   -0.038980 (VIOLATED)
ANTENNA__7745__B/DIODE                  0.750000    0.788980   -0.038980 (VIOLATED)
ANTENNA__7744__Y/DIODE                  0.750000    0.788971   -0.038971 (VIOLATED)
_7744_/Y                                0.750000    0.788971   -0.038971 (VIOLATED)
_8312_/B1                               0.750000    0.784916   -0.034916 (VIOLATED)
_8311_/Y                                0.750000    0.784915   -0.034915 (VIOLATED)
_8395_/B1                               0.750000    0.784915   -0.034915 (VIOLATED)
_5783_/Y                                0.750000    0.783560   -0.033560 (VIOLATED)
_5784_/D                                0.750000    0.783560   -0.033560 (VIOLATED)
_6075_/B1                               0.750000    0.783560   -0.033560 (VIOLATED)
_5656_/A                                0.750000    0.781690   -0.031690 (VIOLATED)
_5996_/A1                               0.750000    0.781690   -0.031690 (VIOLATED)
ANTENNA__5656__A/DIODE                  0.750000    0.781690   -0.031690 (VIOLATED)
ANTENNA__5996__A1/DIODE                 0.750000    0.781690   -0.031690 (VIOLATED)
_5747_/A                                0.750000    0.781690   -0.031690 (VIOLATED)
ANTENNA__5747__A/DIODE                  0.750000    0.781690   -0.031690 (VIOLATED)
_5808_/A1                               0.750000    0.781690   -0.031690 (VIOLATED)
_5807_/B                                0.750000    0.781690   -0.031690 (VIOLATED)
ANTENNA__5808__A1/DIODE                 0.750000    0.781689   -0.031689 (VIOLATED)
ANTENNA__5807__B/DIODE                  0.750000    0.781689   -0.031689 (VIOLATED)
ANTENNA_clone81_X/DIODE                 0.750000    0.781688   -0.031688 (VIOLATED)
clone81/X                               0.750000    0.781688   -0.031688 (VIOLATED)

max fanout

Pin                                   Limit Fanout  Slack
---------------------------------------------------------
clkbuf_2_3__f_clk/X                      10     23    -13 (VIOLATED)
_4587_/Y                                 10     21    -11 (VIOLATED)
_4599_/X                                 10     21    -11 (VIOLATED)
_7719_/Y                                 10     21    -11 (VIOLATED)
_9270_/Q                                 10     21    -11 (VIOLATED)
_9271_/Q                                 10     21    -11 (VIOLATED)
_9272_/Q                                 10     21    -11 (VIOLATED)
_9273_/Q                                 10     21    -11 (VIOLATED)
_9276_/Q                                 10     21    -11 (VIOLATED)
_9277_/Q                                 10     21    -11 (VIOLATED)
fanout156/X                              10     21    -11 (VIOLATED)
fanout162/X                              10     21    -11 (VIOLATED)
fanout166/X                              10     21    -11 (VIOLATED)
fanout168/X                              10     21    -11 (VIOLATED)
fanout171/X                              10     21    -11 (VIOLATED)
fanout173/X                              10     21    -11 (VIOLATED)
fanout180/X                              10     21    -11 (VIOLATED)
fanout185/X                              10     21    -11 (VIOLATED)
fanout186/X                              10     21    -11 (VIOLATED)
fanout187/X                              10     21    -11 (VIOLATED)
fanout191/X                              10     21    -11 (VIOLATED)
fanout200/X                              10     21    -11 (VIOLATED)
fanout203/X                              10     21    -11 (VIOLATED)
fanout205/X                              10     21    -11 (VIOLATED)
fanout207/X                              10     21    -11 (VIOLATED)
fanout209/X                              10     21    -11 (VIOLATED)
fanout212/X                              10     21    -11 (VIOLATED)
fanout214/X                              10     21    -11 (VIOLATED)
fanout216/X                              10     21    -11 (VIOLATED)
fanout219/X                              10     21    -11 (VIOLATED)
fanout220/X                              10     21    -11 (VIOLATED)
fanout222/X                              10     21    -11 (VIOLATED)
fanout225/X                              10     21    -11 (VIOLATED)
fanout227/X                              10     21    -11 (VIOLATED)
fanout229/X                              10     21    -11 (VIOLATED)
fanout231/X                              10     21    -11 (VIOLATED)
fanout233/X                              10     21    -11 (VIOLATED)
fanout235/X                              10     21    -11 (VIOLATED)
fanout237/X                              10     21    -11 (VIOLATED)
fanout238/X                              10     21    -11 (VIOLATED)
fanout239/X                              10     21    -11 (VIOLATED)
fanout241/X                              10     21    -11 (VIOLATED)
fanout242/X                              10     21    -11 (VIOLATED)
fanout243/X                              10     21    -11 (VIOLATED)
fanout244/X                              10     21    -11 (VIOLATED)
fanout245/X                              10     21    -11 (VIOLATED)
fanout247/X                              10     21    -11 (VIOLATED)
fanout248/X                              10     21    -11 (VIOLATED)
fanout249/X                              10     21    -11 (VIOLATED)
fanout250/X                              10     21    -11 (VIOLATED)
fanout251/X                              10     21    -11 (VIOLATED)
fanout253/X                              10     21    -11 (VIOLATED)
fanout255/X                              10     21    -11 (VIOLATED)
fanout256/X                              10     21    -11 (VIOLATED)
fanout259/X                              10     21    -11 (VIOLATED)
fanout261/X                              10     21    -11 (VIOLATED)
fanout262/X                              10     21    -11 (VIOLATED)
fanout263/X                              10     21    -11 (VIOLATED)
fanout265/X                              10     21    -11 (VIOLATED)
fanout266/X                              10     21    -11 (VIOLATED)
fanout268/X                              10     21    -11 (VIOLATED)
fanout269/X                              10     21    -11 (VIOLATED)
fanout271/X                              10     21    -11 (VIOLATED)
fanout273/X                              10     21    -11 (VIOLATED)
fanout274/X                              10     21    -11 (VIOLATED)
fanout276/X                              10     21    -11 (VIOLATED)
fanout278/X                              10     21    -11 (VIOLATED)
fanout279/X                              10     21    -11 (VIOLATED)
fanout280/X                              10     21    -11 (VIOLATED)
fanout283/X                              10     21    -11 (VIOLATED)
fanout285/X                              10     21    -11 (VIOLATED)
fanout286/X                              10     21    -11 (VIOLATED)
fanout287/X                              10     21    -11 (VIOLATED)
fanout289/X                              10     21    -11 (VIOLATED)
fanout290/X                              10     21    -11 (VIOLATED)
fanout292/X                              10     21    -11 (VIOLATED)
fanout293/X                              10     21    -11 (VIOLATED)
fanout297/X                              10     21    -11 (VIOLATED)
fanout299/X                              10     21    -11 (VIOLATED)
fanout300/X                              10     21    -11 (VIOLATED)
fanout301/X                              10     21    -11 (VIOLATED)
fanout302/X                              10     21    -11 (VIOLATED)
fanout303/X                              10     21    -11 (VIOLATED)
fanout305/X                              10     21    -11 (VIOLATED)
fanout308/X                              10     21    -11 (VIOLATED)
fanout310/X                              10     21    -11 (VIOLATED)
fanout311/X                              10     21    -11 (VIOLATED)
fanout315/X                              10     21    -11 (VIOLATED)
fanout317/X                              10     21    -11 (VIOLATED)
fanout318/X                              10     21    -11 (VIOLATED)
fanout321/X                              10     21    -11 (VIOLATED)
fanout324/X                              10     21    -11 (VIOLATED)
fanout326/X                              10     21    -11 (VIOLATED)
fanout341/X                              10     21    -11 (VIOLATED)
fanout342/X                              10     21    -11 (VIOLATED)
fanout345/X                              10     21    -11 (VIOLATED)
fanout347/X                              10     21    -11 (VIOLATED)
fanout349/X                              10     21    -11 (VIOLATED)
fanout351/X                              10     21    -11 (VIOLATED)
fanout353/X                              10     21    -11 (VIOLATED)
fanout355/X                              10     21    -11 (VIOLATED)
fanout356/X                              10     21    -11 (VIOLATED)
fanout357/X                              10     21    -11 (VIOLATED)
fanout359/X                              10     21    -11 (VIOLATED)
fanout360/X                              10     21    -11 (VIOLATED)
fanout362/X                              10     21    -11 (VIOLATED)
fanout365/X                              10     21    -11 (VIOLATED)
fanout367/X                              10     21    -11 (VIOLATED)
fanout368/X                              10     21    -11 (VIOLATED)
fanout371/X                              10     21    -11 (VIOLATED)
fanout373/X                              10     21    -11 (VIOLATED)
fanout374/X                              10     21    -11 (VIOLATED)
fanout377/X                              10     21    -11 (VIOLATED)
fanout380/X                              10     21    -11 (VIOLATED)
fanout383/X                              10     21    -11 (VIOLATED)
fanout386/X                              10     21    -11 (VIOLATED)
fanout392/X                              10     21    -11 (VIOLATED)
fanout395/X                              10     21    -11 (VIOLATED)
fanout397/X                              10     21    -11 (VIOLATED)
fanout398/X                              10     21    -11 (VIOLATED)
fanout399/X                              10     21    -11 (VIOLATED)
fanout400/X                              10     21    -11 (VIOLATED)
fanout403/X                              10     21    -11 (VIOLATED)
fanout406/X                              10     21    -11 (VIOLATED)
fanout407/X                              10     21    -11 (VIOLATED)
fanout410/X                              10     21    -11 (VIOLATED)
fanout412/X                              10     21    -11 (VIOLATED)
fanout414/X                              10     21    -11 (VIOLATED)
fanout416/X                              10     21    -11 (VIOLATED)
fanout418/X                              10     21    -11 (VIOLATED)
fanout420/X                              10     21    -11 (VIOLATED)
fanout422/X                              10     21    -11 (VIOLATED)
fanout424/X                              10     21    -11 (VIOLATED)
fanout426/X                              10     21    -11 (VIOLATED)
fanout428/X                              10     21    -11 (VIOLATED)
fanout430/X                              10     21    -11 (VIOLATED)
fanout432/X                              10     21    -11 (VIOLATED)
fanout433/X                              10     21    -11 (VIOLATED)
fanout436/X                              10     21    -11 (VIOLATED)
fanout437/X                              10     21    -11 (VIOLATED)
fanout439/X                              10     21    -11 (VIOLATED)
fanout442/X                              10     21    -11 (VIOLATED)
fanout444/X                              10     21    -11 (VIOLATED)
fanout445/X                              10     21    -11 (VIOLATED)
fanout446/X                              10     21    -11 (VIOLATED)
fanout447/X                              10     21    -11 (VIOLATED)
fanout450/X                              10     21    -11 (VIOLATED)
fanout451/X                              10     21    -11 (VIOLATED)
fanout455/X                              10     21    -11 (VIOLATED)
fanout458/X                              10     21    -11 (VIOLATED)
fanout461/X                              10     21    -11 (VIOLATED)
fanout464/X                              10     21    -11 (VIOLATED)
fanout465/X                              10     21    -11 (VIOLATED)
fanout467/X                              10     21    -11 (VIOLATED)
fanout470/X                              10     21    -11 (VIOLATED)
fanout472/X                              10     21    -11 (VIOLATED)
fanout474/X                              10     21    -11 (VIOLATED)
fanout475/X                              10     21    -11 (VIOLATED)
fanout477/X                              10     21    -11 (VIOLATED)
fanout479/X                              10     21    -11 (VIOLATED)
fanout480/X                              10     21    -11 (VIOLATED)
fanout491/X                              10     21    -11 (VIOLATED)
fanout501/X                              10     21    -11 (VIOLATED)
fanout503/X                              10     21    -11 (VIOLATED)
fanout505/X                              10     21    -11 (VIOLATED)
_8757_/X                                 10     19     -9 (VIOLATED)
_9274_/Q                                 10     19     -9 (VIOLATED)
_9275_/Q                                 10     19     -9 (VIOLATED)
_9279_/Q                                 10     19     -9 (VIOLATED)
clkbuf_2_2__f_clk/X                      10     19     -9 (VIOLATED)
clkbuf_leaf_28_clk/X                     10     19     -9 (VIOLATED)
clkbuf_leaf_31_clk/X                     10     19     -9 (VIOLATED)
fanout155/X                              10     19     -9 (VIOLATED)
fanout164/X                              10     19     -9 (VIOLATED)
fanout199/X                              10     19     -9 (VIOLATED)
fanout232/X                              10     19     -9 (VIOLATED)
fanout260/X                              10     19     -9 (VIOLATED)
fanout267/X                              10     19     -9 (VIOLATED)
fanout402/X                              10     19     -9 (VIOLATED)
fanout413/X                              10     19     -9 (VIOLATED)
fanout448/X                              10     19     -9 (VIOLATED)
fanout454/X                              10     19     -9 (VIOLATED)
fanout460/X                              10     19     -9 (VIOLATED)
fanout462/X                              10     19     -9 (VIOLATED)
fanout506/X                              10     19     -9 (VIOLATED)
fanout542/X                              10     19     -9 (VIOLATED)
clkbuf_leaf_4_clk/X                      10     18     -8 (VIOLATED)
clkbuf_2_1__f_clk/X                      10     17     -7 (VIOLATED)
clkbuf_leaf_13_clk/X                     10     17     -7 (VIOLATED)
clkbuf_leaf_27_clk/X                     10     17     -7 (VIOLATED)
fanout175/X                              10     17     -7 (VIOLATED)
fanout202/X                              10     17     -7 (VIOLATED)
fanout206/X                              10     17     -7 (VIOLATED)
fanout284/X                              10     17     -7 (VIOLATED)
fanout307/X                              10     17     -7 (VIOLATED)
fanout330/X                              10     17     -7 (VIOLATED)
fanout348/X                              10     17     -7 (VIOLATED)
fanout378/X                              10     17     -7 (VIOLATED)
fanout384/X                              10     17     -7 (VIOLATED)
fanout385/X                              10     17     -7 (VIOLATED)
fanout387/X                              10     17     -7 (VIOLATED)
fanout394/X                              10     17     -7 (VIOLATED)
fanout423/X                              10     17     -7 (VIOLATED)
fanout434/X                              10     17     -7 (VIOLATED)
fanout449/X                              10     17     -7 (VIOLATED)
fanout453/X                              10     17     -7 (VIOLATED)
fanout456/X                              10     17     -7 (VIOLATED)
fanout468/X                              10     17     -7 (VIOLATED)
fanout523/X                              10     17     -7 (VIOLATED)
rebuffer24/X                             10     17     -7 (VIOLATED)
clkbuf_leaf_0_clk/X                      10     16     -6 (VIOLATED)
clkbuf_leaf_16_clk/X                     10     16     -6 (VIOLATED)
clkbuf_leaf_9_clk/X                      10     16     -6 (VIOLATED)
_7829_/Y                                 10     15     -5 (VIOLATED)
_9286_/Q                                 10     15     -5 (VIOLATED)
clkbuf_2_0__f_clk/X                      10     15     -5 (VIOLATED)
clkbuf_leaf_17_clk/X                     10     15     -5 (VIOLATED)
clkbuf_leaf_3_clk/X                      10     15     -5 (VIOLATED)
fanout104/X                              10     15     -5 (VIOLATED)
fanout108/X                              10     15     -5 (VIOLATED)
fanout210/X                              10     15     -5 (VIOLATED)
fanout213/X                              10     15     -5 (VIOLATED)
fanout215/X                              10     15     -5 (VIOLATED)
fanout217/X                              10     15     -5 (VIOLATED)
fanout226/X                              10     15     -5 (VIOLATED)
fanout240/X                              10     15     -5 (VIOLATED)
fanout246/X                              10     15     -5 (VIOLATED)
fanout258/X                              10     15     -5 (VIOLATED)
fanout288/X                              10     15     -5 (VIOLATED)
fanout294/X                              10     15     -5 (VIOLATED)
fanout333/X                              10     15     -5 (VIOLATED)
fanout346/X                              10     15     -5 (VIOLATED)
fanout354/X                              10     15     -5 (VIOLATED)
fanout358/X                              10     15     -5 (VIOLATED)
fanout361/X                              10     15     -5 (VIOLATED)
fanout396/X                              10     15     -5 (VIOLATED)
fanout409/X                              10     15     -5 (VIOLATED)
fanout425/X                              10     15     -5 (VIOLATED)
fanout427/X                              10     15     -5 (VIOLATED)
fanout429/X                              10     15     -5 (VIOLATED)
fanout431/X                              10     15     -5 (VIOLATED)
fanout438/X                              10     15     -5 (VIOLATED)
fanout459/X                              10     15     -5 (VIOLATED)
fanout466/X                              10     15     -5 (VIOLATED)
fanout489/X                              10     15     -5 (VIOLATED)
fanout517/X                              10     15     -5 (VIOLATED)
clkbuf_leaf_14_clk/X                     10     13     -3 (VIOLATED)
clkbuf_leaf_24_clk/X                     10     13     -3 (VIOLATED)
fanout113/X                              10     13     -3 (VIOLATED)
fanout161/X                              10     13     -3 (VIOLATED)
fanout201/X                              10     13     -3 (VIOLATED)
fanout211/X                              10     13     -3 (VIOLATED)
fanout252/X                              10     13     -3 (VIOLATED)
fanout254/X                              10     13     -3 (VIOLATED)
fanout270/X                              10     13     -3 (VIOLATED)
fanout277/X                              10     13     -3 (VIOLATED)
fanout281/X                              10     13     -3 (VIOLATED)
fanout295/X                              10     13     -3 (VIOLATED)
fanout304/X                              10     13     -3 (VIOLATED)
fanout322/X                              10     13     -3 (VIOLATED)
fanout337/X                              10     13     -3 (VIOLATED)
fanout343/X                              10     13     -3 (VIOLATED)
fanout363/X                              10     13     -3 (VIOLATED)
fanout364/X                              10     13     -3 (VIOLATED)
fanout369/X                              10     13     -3 (VIOLATED)
fanout370/X                              10     13     -3 (VIOLATED)
fanout376/X                              10     13     -3 (VIOLATED)
fanout382/X                              10     13     -3 (VIOLATED)
fanout388/X                              10     13     -3 (VIOLATED)
fanout391/X                              10     13     -3 (VIOLATED)
fanout408/X                              10     13     -3 (VIOLATED)
fanout417/X                              10     13     -3 (VIOLATED)
fanout435/X                              10     13     -3 (VIOLATED)
fanout457/X                              10     13     -3 (VIOLATED)
fanout463/X                              10     13     -3 (VIOLATED)
fanout469/X                              10     13     -3 (VIOLATED)
fanout486/X                              10     13     -3 (VIOLATED)
fanout494/X                              10     13     -3 (VIOLATED)
fanout534/X                              10     13     -3 (VIOLATED)
clkbuf_leaf_22_clk/X                     10     12     -2 (VIOLATED)
clkbuf_leaf_25_clk/X                     10     12     -2 (VIOLATED)
clkbuf_leaf_5_clk/X                      10     12     -2 (VIOLATED)
clkbuf_leaf_8_clk/X                      10     12     -2 (VIOLATED)
_5405_/X                                 10     11        (VIOLATED)
_5451_/X                                 10     11        (VIOLATED)
_7640_/Y                                 10     11        (VIOLATED)
_8542_/Y                                 10     11        (VIOLATED)
_9346_/Q                                 10     11        (VIOLATED)
_9396_/Q                                 10     11        (VIOLATED)
_9410_/Q                                 10     11        (VIOLATED)
clkbuf_leaf_15_clk/X                     10     11        (VIOLATED)
clkbuf_leaf_20_clk/X                     10     11        (VIOLATED)
clone60/X                                10     11        (VIOLATED)
clone81/X                                10     11        (VIOLATED)
clone92/X                                10     11        (VIOLATED)
fanout142/X                              10     11        (VIOLATED)
fanout178/X                              10     11        (VIOLATED)
fanout204/X                              10     11        (VIOLATED)
fanout208/X                              10     11        (VIOLATED)
fanout218/X                              10     11        (VIOLATED)
fanout221/X                              10     11        (VIOLATED)
fanout224/X                              10     11        (VIOLATED)
fanout230/X                              10     11        (VIOLATED)
fanout236/X                              10     11        (VIOLATED)
fanout264/X                              10     11        (VIOLATED)
fanout272/X                              10     11        (VIOLATED)
fanout275/X                              10     11        (VIOLATED)
fanout282/X                              10     11        (VIOLATED)
fanout291/X                              10     11        (VIOLATED)
fanout298/X                              10     11        (VIOLATED)
fanout309/X                              10     11        (VIOLATED)
fanout313/X                              10     11        (VIOLATED)
fanout316/X                              10     11        (VIOLATED)
fanout323/X                              10     11        (VIOLATED)
fanout327/X                              10     11        (VIOLATED)
fanout340/X                              10     11        (VIOLATED)
fanout344/X                              10     11        (VIOLATED)
fanout352/X                              10     11        (VIOLATED)
fanout375/X                              10     11        (VIOLATED)
fanout381/X                              10     11        (VIOLATED)
fanout389/X                              10     11        (VIOLATED)
fanout404/X                              10     11        (VIOLATED)
fanout405/X                              10     11        (VIOLATED)
fanout411/X                              10     11        (VIOLATED)
fanout415/X                              10     11        (VIOLATED)
fanout421/X                              10     11        (VIOLATED)
fanout441/X                              10     11        (VIOLATED)
fanout476/X                              10     11        (VIOLATED)
fanout481/X                              10     11        (VIOLATED)
fanout482/X                              10     11        (VIOLATED)
fanout484/X                              10     11        (VIOLATED)
fanout518/X                              10     11        (VIOLATED)
fanout539/X                              10     11        (VIOLATED)
fanout548/X                              10     11        (VIOLATED)
fanout549/X                              10     11        (VIOLATED)
rebuffer6/X                              10     11        (VIOLATED)



===========================================================================
report_parasitic_annotation -report_unannotated
============================================================================
Found 29 unannotated drivers.
 clkload0/Y
 clkload1/Y
 clkload10/Y
 clkload11/Y
 clkload12/Y
 clkload13/Y
 clkload14/Y
 clkload15/Y
 clkload16/Y
 clkload17/Y
 clkload18/Y
 clkload19/Y
 clkload2/Y
 clkload20/Y
 clkload21/Y
 clkload22/X
 clkload23/Y
 clkload24/Y
 clkload25/Y
 clkload26/Y
 clkload27/Y
 clkload28/Y
 clkload3/Y
 clkload4/Y
 clkload5/Y
 clkload6/X
 clkload7/Y
 clkload8/Y
 clkload9/Y
Found 0 partially unannotated drivers.

===========================================================================
max slew violation count 106
max fanout violation count 336
max cap violation count 0
============================================================================

===========================================================================
check_setup -verbose -unconstrained_endpoints -multiple_clock -no_clock -no_input_delay -loops -generated_clocks
===========================================================================
