Clock: clk
Sources: clk 
Generated: no
Virtual: yes
Propagated: no
Period: 15.000000

===========================================================================
report_clock_properties
============================================================================
Clock                   Period          Waveform
----------------------------------------------------
clk                  15.000000    0.000000  7.500000

===========================================================================
report_clock_latency
============================================================================
Clock clk
rise -> rise
    min     max
0.000000 0.000000 source latency
1.075966         network latency _9296_/CLK
        1.464612 network latency _9321_/CLK
---------------
1.075966 1.464612 latency
        0.388645 skew

fall -> fall
    min     max
0.000000 0.000000 source latency
0.912792         network latency _9296_/CLK
        1.271392 network latency _9321_/CLK
---------------
0.912792 1.271392 latency
        0.358600 skew



===========================================================================
report_clock_min_period
============================================================================
clk period_min = 20.14 fmax = 49.65
