                                                                     Buffers by Cell Master                                                                     
┏━━━━━━━━━━━━━━━━━━━━━━━━━━━━━━━━━━━━━━━━━━━━━━━━━━━━━━━━━━━━━━━━━━━━━━━━━━━━━━━━━━━━━━━━━━━━━━━━━━━━━━━━━━━━━━━━━━━━━━━━━━━━━━━━━━┳━━━━━━━━━━━━━━━━━━━━━━━━━━━┓
┃ Buffer                                                                                                                           ┃ Count                     ┃
┡━━━━━━━━━━━━━━━━━━━━━━━━━━━━━━━━━━━━━━━━━━━━━━━━━━━━━━━━━━━━━━━━━━━━━━━━━━━━━━━━━━━━━━━━━━━━━━━━━━━━━━━━━━━━━━━━━━━━━━━━━━━━━━━━━━╇━━━━━━━━━━━━━━━━━━━━━━━━━━━┩
│ sky130_fd_sc_hd__buf_1                                                                                                           │ 27                        │
│ sky130_fd_sc_hd__buf_12                                                                                                          │ 3                         │
│ sky130_fd_sc_hd__buf_2                                                                                                           │ 169                       │
│ sky130_fd_sc_hd__buf_4                                                                                                           │ 70                        │
│ sky130_fd_sc_hd__buf_6                                                                                                           │ 46                        │
│ sky130_fd_sc_hd__buf_8                                                                                                           │ 18                        │
│ sky130_fd_sc_hd__clkbuf_1                                                                                                        │ 79                        │
│ sky130_fd_sc_hd__clkbuf_16                                                                                                       │ 5                         │
│ sky130_fd_sc_hd__clkbuf_2                                                                                                        │ 61                        │
│ sky130_fd_sc_hd__clkbuf_4                                                                                                        │ 122                       │
│ sky130_fd_sc_hd__clkbuf_8                                                                                                        │ 32                        │
│ sky130_fd_sc_hd__dlygate4sd1_1                                                                                                   │ 35                        │
│ sky130_fd_sc_hd__dlygate4sd3_1                                                                                                   │ 169                       │
│ sky130_fd_sc_hd__dlymetal6s2s_1                                                                                                  │ 28                        │
│ sky130_fd_sc_hd__dlymetal6s4s_1                                                                                                  │ 2                         │
└──────────────────────────────────────────────────────────────────────────────────────────────────────────────────────────────────┴───────────────────────────┘
