[WARNING ORD-0039] .openroad ignored with -python
                                Cells by Master                                 
┏━━━━━━━━━━━━━━━━━━━━━━━━━━━━━━━━━━━━━━━━━━━━━━━━━━━━━━━━━━━━━━━━┳━━━━━━━━━━━━━┓
┃ Cell                                                           ┃ Count       ┃
┡━━━━━━━━━━━━━━━━━━━━━━━━━━━━━━━━━━━━━━━━━━━━━━━━━━━━━━━━━━━━━━━━╇━━━━━━━━━━━━━┩
│ sky130_ef_sc_hd__decap_12                                      │ 3587        │
│ sky130_fd_sc_hd__a2111o_1                                      │ 5           │
│ sky130_fd_sc_hd__a211o_1                                       │ 73          │
│ sky130_fd_sc_hd__a211o_2                                       │ 2           │
│ sky130_fd_sc_hd__a211o_4                                       │ 12          │
│ sky130_fd_sc_hd__a211oi_1                                      │ 19          │
│ sky130_fd_sc_hd__a211oi_2                                      │ 27          │
│ sky130_fd_sc_hd__a211oi_4                                      │ 20          │
│ sky130_fd_sc_hd__a21bo_1                                       │ 73          │
│ sky130_fd_sc_hd__a21bo_2                                       │ 1           │
│ sky130_fd_sc_hd__a21boi_1                                      │ 10          │
│ sky130_fd_sc_hd__a21boi_2                                      │ 4           │
│ sky130_fd_sc_hd__a21o_1                                        │ 269         │
│ sky130_fd_sc_hd__a21o_2                                        │ 2           │
│ sky130_fd_sc_hd__a21o_4                                        │ 2           │
│ sky130_fd_sc_hd__a21oi_1                                       │ 136         │
│ sky130_fd_sc_hd__a21oi_2                                       │ 31          │
│ sky130_fd_sc_hd__a21oi_4                                       │ 4           │
│ sky130_fd_sc_hd__a221o_1                                       │ 43          │
│ sky130_fd_sc_hd__a221oi_1                                      │ 2           │
│ sky130_fd_sc_hd__a221oi_2                                      │ 2           │
│ sky130_fd_sc_hd__a221oi_4                                      │ 2           │
│ sky130_fd_sc_hd__a22o_1                                        │ 101         │
│ sky130_fd_sc_hd__a22o_4                                        │ 2           │
│ sky130_fd_sc_hd__a22oi_1                                       │ 100         │
│ sky130_fd_sc_hd__a22oi_2                                       │ 33          │
│ sky130_fd_sc_hd__a2bb2o_1                                      │ 5           │
│ sky130_fd_sc_hd__a2bb2o_4                                      │ 2           │
│ sky130_fd_sc_hd__a2bb2oi_1                                     │ 3           │
│ sky130_fd_sc_hd__a311o_1                                       │ 5           │
│ sky130_fd_sc_hd__a311o_4                                       │ 1           │
│ sky130_fd_sc_hd__a311oi_2                                      │ 1           │
│ sky130_fd_sc_hd__a311oi_4                                      │ 1           │
│ sky130_fd_sc_hd__a31o_1                                        │ 84          │
│ sky130_fd_sc_hd__a31o_4                                        │ 1           │
│ sky130_fd_sc_hd__a31oi_1                                       │ 5           │
│ sky130_fd_sc_hd__a31oi_2                                       │ 4           │
│ sky130_fd_sc_hd__a31oi_4                                       │ 2           │
│ sky130_fd_sc_hd__a32o_1                                        │ 7           │
│ sky130_fd_sc_hd__a32o_2                                        │ 3           │
│ sky130_fd_sc_hd__a32oi_2                                       │ 1           │
│ sky130_fd_sc_hd__a41o_1                                        │ 8           │
│ sky130_fd_sc_hd__a41oi_2                                       │ 1           │
│ sky130_fd_sc_hd__and2_1                                        │ 121         │
│ sky130_fd_sc_hd__and2_2                                        │ 3           │
│ sky130_fd_sc_hd__and2_4                                        │ 2           │
│ sky130_fd_sc_hd__and2b_1                                       │ 119         │
│ sky130_fd_sc_hd__and2b_2                                       │ 2           │
│ sky130_fd_sc_hd__and3_1                                        │ 167         │
│ sky130_fd_sc_hd__and3_2                                        │ 1           │
│ sky130_fd_sc_hd__and3_4                                        │ 8           │
│ sky130_fd_sc_hd__and3b_1                                       │ 7           │
│ sky130_fd_sc_hd__and3b_2                                       │ 1           │
│ sky130_fd_sc_hd__and4_1                                        │ 180         │
│ sky130_fd_sc_hd__and4_4                                        │ 1           │
│ sky130_fd_sc_hd__and4b_1                                       │ 7           │
│ sky130_fd_sc_hd__and4bb_1                                      │ 27          │
│ sky130_fd_sc_hd__and4bb_2                                      │ 1           │
│ sky130_fd_sc_hd__buf_1                                         │ 27          │
│ sky130_fd_sc_hd__buf_12                                        │ 3           │
│ sky130_fd_sc_hd__buf_2                                         │ 169         │
│ sky130_fd_sc_hd__buf_4                                         │ 70          │
│ sky130_fd_sc_hd__buf_6                                         │ 46          │
│ sky130_fd_sc_hd__buf_8                                         │ 18          │
│ sky130_fd_sc_hd__bufinv_16                                     │ 1           │
│ sky130_fd_sc_hd__clkbuf_1                                      │ 79          │
│ sky130_fd_sc_hd__clkbuf_16                                     │ 5           │
│ sky130_fd_sc_hd__clkbuf_2                                      │ 61          │
│ sky130_fd_sc_hd__clkbuf_4                                      │ 122         │
│ sky130_fd_sc_hd__clkbuf_8                                      │ 32          │
│ sky130_fd_sc_hd__clkinv_2                                      │ 3           │
│ sky130_fd_sc_hd__clkinv_4                                      │ 1           │
│ sky130_fd_sc_hd__clkinv_8                                      │ 6           │
│ sky130_fd_sc_hd__clkinvlp_4                                    │ 2           │
│ sky130_fd_sc_hd__decap_3                                       │ 1052        │
│ sky130_fd_sc_hd__decap_4                                       │ 924         │
│ sky130_fd_sc_hd__decap_6                                       │ 817         │
│ sky130_fd_sc_hd__decap_8                                       │ 1037        │
│ sky130_fd_sc_hd__dfrtp_1                                       │ 254         │
│ sky130_fd_sc_hd__dfrtp_2                                       │ 19          │
│ sky130_fd_sc_hd__dfrtp_4                                       │ 41          │
│ sky130_fd_sc_hd__diode_2                                       │ 3321        │
│ sky130_fd_sc_hd__dlygate4sd1_1                                 │ 35          │
│ sky130_fd_sc_hd__dlygate4sd3_1                                 │ 169         │
│ sky130_fd_sc_hd__dlymetal6s2s_1                                │ 28          │
│ sky130_fd_sc_hd__dlymetal6s4s_1                                │ 2           │
│ sky130_fd_sc_hd__fill_1                                        │ 2263        │
│ sky130_fd_sc_hd__fill_2                                        │ 820         │
│ sky130_fd_sc_hd__inv_12                                        │ 3           │
│ sky130_fd_sc_hd__inv_16                                        │ 2           │
│ sky130_fd_sc_hd__inv_2                                         │ 414         │
│ sky130_fd_sc_hd__inv_4                                         │ 1           │
│ sky130_fd_sc_hd__inv_6                                         │ 5           │
│ sky130_fd_sc_hd__inv_8                                         │ 5           │
│ sky130_fd_sc_hd__mux2_1                                        │ 95          │
│ sky130_fd_sc_hd__mux2_2                                        │ 10          │
│ sky130_fd_sc_hd__mux2_4                                        │ 17          │
│ sky130_fd_sc_hd__nand2_1                                       │ 312         │
│ sky130_fd_sc_hd__nand2_2                                       │ 13          │
│ sky130_fd_sc_hd__nand2_4                                       │ 6           │
│ sky130_fd_sc_hd__nand2b_1                                      │ 70          │
│ sky130_fd_sc_hd__nand2b_2                                      │ 4           │
│ sky130_fd_sc_hd__nand2b_4                                      │ 11          │
│ sky130_fd_sc_hd__nand3_1                                       │ 142         │
│ sky130_fd_sc_hd__nand3_2                                       │ 46          │
│ sky130_fd_sc_hd__nand3_4                                       │ 10          │
│ sky130_fd_sc_hd__nand3b_1                                      │ 12          │
│ sky130_fd_sc_hd__nand3b_2                                      │ 3           │
│ sky130_fd_sc_hd__nand3b_4                                      │ 1           │
│ sky130_fd_sc_hd__nand4_1                                       │ 35          │
│ sky130_fd_sc_hd__nand4_2                                       │ 6           │
│ sky130_fd_sc_hd__nand4_4                                       │ 4           │
│ sky130_fd_sc_hd__nor2_1                                        │ 279         │
│ sky130_fd_sc_hd__nor2_2                                        │ 20          │
│ sky130_fd_sc_hd__nor2_4                                        │ 4           │
│ sky130_fd_sc_hd__nor2_8                                        │ 1           │
│ sky130_fd_sc_hd__nor3_1                                        │ 31          │
│ sky130_fd_sc_hd__nor3_2                                        │ 4           │
│ sky130_fd_sc_hd__nor3_4                                        │ 7           │
│ sky130_fd_sc_hd__nor3b_1                                       │ 5           │
│ sky130_fd_sc_hd__nor3b_4                                       │ 3           │
│ sky130_fd_sc_hd__nor4_1                                        │ 4           │
│ sky130_fd_sc_hd__nor4_2                                        │ 3           │
│ sky130_fd_sc_hd__nor4_4                                        │ 4           │
│ sky130_fd_sc_hd__nor4b_2                                       │ 1           │
│ sky130_fd_sc_hd__nor4b_4                                       │ 1           │
│ sky130_fd_sc_hd__o2111a_1                                      │ 3           │
│ sky130_fd_sc_hd__o2111ai_1                                     │ 1           │
│ sky130_fd_sc_hd__o211a_1                                       │ 85          │
│ sky130_fd_sc_hd__o211a_4                                       │ 13          │
│ sky130_fd_sc_hd__o211ai_1                                      │ 16          │
│ sky130_fd_sc_hd__o211ai_2                                      │ 25          │
│ sky130_fd_sc_hd__o211ai_4                                      │ 11          │
│ sky130_fd_sc_hd__o21a_1                                        │ 77          │
│ sky130_fd_sc_hd__o21a_2                                        │ 1           │
│ sky130_fd_sc_hd__o21a_4                                        │ 2           │
│ sky130_fd_sc_hd__o21ai_1                                       │ 100         │
│ sky130_fd_sc_hd__o21ai_2                                       │ 16          │
│ sky130_fd_sc_hd__o21ai_4                                       │ 2           │
│ sky130_fd_sc_hd__o21ba_1                                       │ 57          │
│ sky130_fd_sc_hd__o21ba_2                                       │ 1           │
│ sky130_fd_sc_hd__o21bai_1                                      │ 44          │
│ sky130_fd_sc_hd__o21bai_2                                      │ 6           │
│ sky130_fd_sc_hd__o21bai_4                                      │ 1           │
│ sky130_fd_sc_hd__o221a_1                                       │ 29          │
│ sky130_fd_sc_hd__o221a_4                                       │ 3           │
│ sky130_fd_sc_hd__o221ai_1                                      │ 2           │
│ sky130_fd_sc_hd__o221ai_4                                      │ 2           │
│ sky130_fd_sc_hd__o22a_1                                        │ 17          │
│ sky130_fd_sc_hd__o22ai_1                                       │ 2           │
│ sky130_fd_sc_hd__o22ai_2                                       │ 3           │
│ sky130_fd_sc_hd__o2bb2a_1                                      │ 25          │
│ sky130_fd_sc_hd__o2bb2a_2                                      │ 1           │
│ sky130_fd_sc_hd__o2bb2a_4                                      │ 2           │
│ sky130_fd_sc_hd__o311a_1                                       │ 2           │
│ sky130_fd_sc_hd__o31a_1                                        │ 13          │
│ sky130_fd_sc_hd__o31a_4                                        │ 2           │
│ sky130_fd_sc_hd__o31ai_1                                       │ 2           │
│ sky130_fd_sc_hd__o31ai_4                                       │ 2           │
│ sky130_fd_sc_hd__o32a_1                                        │ 3           │
│ sky130_fd_sc_hd__o32a_4                                        │ 1           │
│ sky130_fd_sc_hd__o41a_1                                        │ 9           │
│ sky130_fd_sc_hd__o41ai_1                                       │ 1           │
│ sky130_fd_sc_hd__or2_1                                         │ 128         │
│ sky130_fd_sc_hd__or2_2                                         │ 12          │
│ sky130_fd_sc_hd__or2_4                                         │ 8           │
│ sky130_fd_sc_hd__or3_1                                         │ 64          │
│ sky130_fd_sc_hd__or3_2                                         │ 2           │
│ sky130_fd_sc_hd__or3_4                                         │ 27          │
│ sky130_fd_sc_hd__or3b_1                                        │ 10          │
│ sky130_fd_sc_hd__or3b_2                                        │ 1           │
│ sky130_fd_sc_hd__or4_1                                         │ 24          │
│ sky130_fd_sc_hd__or4_2                                         │ 3           │
│ sky130_fd_sc_hd__or4_4                                         │ 14          │
│ sky130_fd_sc_hd__or4b_1                                        │ 3           │
│ sky130_fd_sc_hd__or4b_4                                        │ 1           │
│ sky130_fd_sc_hd__or4bb_1                                       │ 1           │
│ sky130_fd_sc_hd__or4bb_4                                       │ 3           │
│ sky130_fd_sc_hd__tapvpwrvgnd_1                                 │ 2059        │
│ sky130_fd_sc_hd__xnor2_1                                       │ 245         │
│ sky130_fd_sc_hd__xnor2_2                                       │ 59          │
│ sky130_fd_sc_hd__xnor2_4                                       │ 6           │
│ sky130_fd_sc_hd__xor2_1                                        │ 84          │
│ sky130_fd_sc_hd__xor2_2                                        │ 21          │
│ sky130_fd_sc_hd__xor2_4                                        │ 3           │
└────────────────────────────────────────────────────────────────┴─────────────┘
                               Cells by Function                                
┏━━━━━━━━━━━━━━━━━━━━━━━━━━━━━━━━━━━━━━━━━━━━━━━━━━━━━━━━━━━━━━━┳━━━━━━━━━━━━━━┓
┃ Cell Function                                                 ┃ Count        ┃
┡━━━━━━━━━━━━━━━━━━━━━━━━━━━━━━━━━━━━━━━━━━━━━━━━━━━━━━━━━━━━━━━╇━━━━━━━━━━━━━━┩
│ sky130_ef_sc_hd__decap                                        │ 3587         │
│ sky130_fd_sc_hd__a2111o                                       │ 5            │
│ sky130_fd_sc_hd__a211o                                        │ 87           │
│ sky130_fd_sc_hd__a211oi                                       │ 66           │
│ sky130_fd_sc_hd__a21bo                                        │ 74           │
│ sky130_fd_sc_hd__a21boi                                       │ 14           │
│ sky130_fd_sc_hd__a21o                                         │ 273          │
│ sky130_fd_sc_hd__a21oi                                        │ 171          │
│ sky130_fd_sc_hd__a221o                                        │ 43           │
│ sky130_fd_sc_hd__a221oi                                       │ 6            │
│ sky130_fd_sc_hd__a22o                                         │ 103          │
│ sky130_fd_sc_hd__a22oi                                        │ 133          │
│ sky130_fd_sc_hd__a2bb2o                                       │ 7            │
│ sky130_fd_sc_hd__a2bb2oi                                      │ 3            │
│ sky130_fd_sc_hd__a311o                                        │ 6            │
│ sky130_fd_sc_hd__a311oi                                       │ 2            │
│ sky130_fd_sc_hd__a31o                                         │ 85           │
│ sky130_fd_sc_hd__a31oi                                        │ 11           │
│ sky130_fd_sc_hd__a32o                                         │ 10           │
│ sky130_fd_sc_hd__a32oi                                        │ 1            │
│ sky130_fd_sc_hd__a41o                                         │ 8            │
│ sky130_fd_sc_hd__a41oi                                        │ 1            │
│ sky130_fd_sc_hd__and2                                         │ 126          │
│ sky130_fd_sc_hd__and2b                                        │ 121          │
│ sky130_fd_sc_hd__and3                                         │ 176          │
│ sky130_fd_sc_hd__and3b                                        │ 8            │
│ sky130_fd_sc_hd__and4                                         │ 181          │
│ sky130_fd_sc_hd__and4b                                        │ 7            │
│ sky130_fd_sc_hd__and4bb                                       │ 28           │
│ sky130_fd_sc_hd__buf                                          │ 333          │
│ sky130_fd_sc_hd__bufinv                                       │ 1            │
│ sky130_fd_sc_hd__clkbuf                                       │ 299          │
│ sky130_fd_sc_hd__clkinv                                       │ 10           │
│ sky130_fd_sc_hd__clkinvlp                                     │ 2            │
│ sky130_fd_sc_hd__decap                                        │ 3830         │
│ sky130_fd_sc_hd__dfrtp                                        │ 314          │
│ sky130_fd_sc_hd__diode                                        │ 3321         │
│ sky130_fd_sc_hd__dlygate4sd1                                  │ 35           │
│ sky130_fd_sc_hd__dlygate4sd3                                  │ 169          │
│ sky130_fd_sc_hd__dlymetal6s2s                                 │ 28           │
│ sky130_fd_sc_hd__dlymetal6s4s                                 │ 2            │
│ sky130_fd_sc_hd__fill                                         │ 3083         │
│ sky130_fd_sc_hd__inv                                          │ 430          │
│ sky130_fd_sc_hd__mux2                                         │ 122          │
│ sky130_fd_sc_hd__nand2                                        │ 331          │
│ sky130_fd_sc_hd__nand2b                                       │ 85           │
│ sky130_fd_sc_hd__nand3                                        │ 198          │
│ sky130_fd_sc_hd__nand3b                                       │ 16           │
│ sky130_fd_sc_hd__nand4                                        │ 45           │
│ sky130_fd_sc_hd__nor2                                         │ 304          │
│ sky130_fd_sc_hd__nor3                                         │ 42           │
│ sky130_fd_sc_hd__nor3b                                        │ 8            │
│ sky130_fd_sc_hd__nor4                                         │ 11           │
│ sky130_fd_sc_hd__nor4b                                        │ 2            │
│ sky130_fd_sc_hd__o2111a                                       │ 3            │
│ sky130_fd_sc_hd__o2111ai                                      │ 1            │
│ sky130_fd_sc_hd__o211a                                        │ 98           │
│ sky130_fd_sc_hd__o211ai                                       │ 52           │
│ sky130_fd_sc_hd__o21a                                         │ 80           │
│ sky130_fd_sc_hd__o21ai                                        │ 118          │
│ sky130_fd_sc_hd__o21ba                                        │ 58           │
│ sky130_fd_sc_hd__o21bai                                       │ 51           │
│ sky130_fd_sc_hd__o221a                                        │ 32           │
│ sky130_fd_sc_hd__o221ai                                       │ 4            │
│ sky130_fd_sc_hd__o22a                                         │ 17           │
│ sky130_fd_sc_hd__o22ai                                        │ 5            │
│ sky130_fd_sc_hd__o2bb2a                                       │ 28           │
│ sky130_fd_sc_hd__o311a                                        │ 2            │
│ sky130_fd_sc_hd__o31a                                         │ 15           │
│ sky130_fd_sc_hd__o31ai                                        │ 4            │
│ sky130_fd_sc_hd__o32a                                         │ 4            │
│ sky130_fd_sc_hd__o41a                                         │ 9            │
│ sky130_fd_sc_hd__o41ai                                        │ 1            │
│ sky130_fd_sc_hd__or2                                          │ 148          │
│ sky130_fd_sc_hd__or3                                          │ 93           │
│ sky130_fd_sc_hd__or3b                                         │ 11           │
│ sky130_fd_sc_hd__or4                                          │ 41           │
│ sky130_fd_sc_hd__or4b                                         │ 4            │
│ sky130_fd_sc_hd__or4bb                                        │ 4            │
│ sky130_fd_sc_hd__tapvpwrvgnd                                  │ 2059         │
│ sky130_fd_sc_hd__xnor2                                        │ 310          │
│ sky130_fd_sc_hd__xor2                                         │ 108          │
└───────────────────────────────────────────────────────────────┴──────────────┘
                                  Cells by SCL                                  
┏━━━━━━━━━━━━━━━━━━━━━━━━━━━━━━━━━━━━━━━━━━━━━━━━━━━━━━━┳━━━━━━━━━━━━━━━━━━━━━━┓
┃ SCL                                                   ┃ Count                ┃
┡━━━━━━━━━━━━━━━━━━━━━━━━━━━━━━━━━━━━━━━━━━━━━━━━━━━━━━━╇━━━━━━━━━━━━━━━━━━━━━━┩
│ sky130_ef_sc_hd                                       │ 3587                 │
│ sky130_fd_sc_hd                                       │ 18137                │
└───────────────────────────────────────────────────────┴──────────────────────┘
                             Buffers by Cell Master                             
┏━━━━━━━━━━━━━━━━━━━━━━━━━━━━━━━━━━━━━━━━━━━━━━━━━━━━━━━━━━━━━━━━┳━━━━━━━━━━━━━┓
┃ Buffer                                                         ┃ Count       ┃
┡━━━━━━━━━━━━━━━━━━━━━━━━━━━━━━━━━━━━━━━━━━━━━━━━━━━━━━━━━━━━━━━━╇━━━━━━━━━━━━━┩
│ sky130_fd_sc_hd__buf_1                                         │ 27          │
│ sky130_fd_sc_hd__buf_12                                        │ 3           │
│ sky130_fd_sc_hd__buf_2                                         │ 169         │
│ sky130_fd_sc_hd__buf_4                                         │ 70          │
│ sky130_fd_sc_hd__buf_6                                         │ 46          │
│ sky130_fd_sc_hd__buf_8                                         │ 18          │
│ sky130_fd_sc_hd__clkbuf_1                                      │ 79          │
│ sky130_fd_sc_hd__clkbuf_16                                     │ 5           │
│ sky130_fd_sc_hd__clkbuf_2                                      │ 61          │
│ sky130_fd_sc_hd__clkbuf_4                                      │ 122         │
│ sky130_fd_sc_hd__clkbuf_8                                      │ 32          │
│ sky130_fd_sc_hd__dlygate4sd1_1                                 │ 35          │
│ sky130_fd_sc_hd__dlygate4sd3_1                                 │ 169         │
│ sky130_fd_sc_hd__dlymetal6s2s_1                                │ 28          │
│ sky130_fd_sc_hd__dlymetal6s4s_1                                │ 2           │
└────────────────────────────────────────────────────────────────┴─────────────┘
