Clock: clk
Sources: clk 
Generated: no
Virtual: yes
Propagated: no
Period: 20.000000

===========================================================================
report_clock_properties
============================================================================
Clock                   Period          Waveform
----------------------------------------------------
clk                  20.000000    0.000000 10.000000

===========================================================================
report_clock_latency
============================================================================
Clock clk
rise -> rise
    min     max
0.000000 0.000000 source latency
0.735131         network latency _9344_/CLK
        0.794988 network latency _9442_/CLK
---------------
0.735131 0.794988 latency
        0.059857 skew

fall -> fall
    min     max
0.000000 0.000000 source latency
0.634900         network latency _9344_/CLK
        0.678596 network latency _9442_/CLK
---------------
0.634900 0.678596 latency
        0.043696 skew



===========================================================================
report_clock_min_period
============================================================================
clk period_min = 11.01 fmax = 90.83
