Clock: clk
Sources: clk 
Generated: no
Virtual: yes
Propagated: no
Period: 20.000000

===========================================================================
report_clock_properties
============================================================================
Clock                   Period          Waveform
----------------------------------------------------
clk                  20.000000    0.000000 10.000000

===========================================================================
report_clock_latency
============================================================================
Clock clk
rise -> rise
    min     max
0.000000 0.000000 source latency
0.711083         network latency _9344_/CLK
        0.765121 network latency _9321_/CLK
---------------
0.711083 0.765121 latency
        0.054037 skew

fall -> fall
    min     max
0.000000 0.000000 source latency
0.617845         network latency _9344_/CLK
        0.657994 network latency _9321_/CLK
---------------
0.617845 0.657994 latency
        0.040148 skew



===========================================================================
report_clock_min_period
============================================================================
clk period_min = 10.83 fmax = 92.37
