┏━━━━━━━┳━━━━━━━━━┳━━━━━━━━━━┳━━━━━━━━━━━━━━━━━━━━━━━━━┳━━━━━━━━━━━━━━┳━━━━━━━┓
┃ P / R ┃ Partial ┃ Required ┃ Net                     ┃ Pin          ┃ Layer ┃
┡━━━━━━━╇━━━━━━━━━╇━━━━━━━━━━╇━━━━━━━━━━━━━━━━━━━━━━━━━╇━━━━━━━━━━━━━━╇━━━━━━━┩
│ 4.43  │ 1772.77 │ 400.00   │ net1108                 │ fanout1104/A │ met3  │
│ 3.26  │ 1303.94 │ 400.00   │ net1177                 │ fanout1176/A │ met3  │
│ 2.99  │ 1197.56 │ 400.00   │ net1458                 │ fanout1457/A │ met3  │
│ 2.99  │ 1197.41 │ 400.00   │ net2684                 │ fanout2667/A │ met3  │
│ 2.68  │ 1073.22 │ 400.00   │ adder_inst.man_b_r[13\] │ fanout1633/A │ met3  │
│ 1.98  │ 792.31  │ 400.00   │ net2473                 │ fanout2472/A │ met3  │
│ 1.96  │ 782.95  │ 400.00   │ net1268                 │ fanout1266/A │ met3  │
│ 1.93  │ 770.87  │ 400.00   │ net1004                 │ fanout1003/A │ met3  │
│ 1.92  │ 767.32  │ 400.00   │ adder_inst.man_b_r[8\]  │ fanout1782/A │ met3  │
│ 1.84  │ 736.12  │ 400.00   │ _00472_                 │ fanout1034/A │ met3  │
│ 1.81  │ 724.17  │ 400.00   │ net2607                 │ _10310_/B    │ met3  │
│ 1.81  │ 724.17  │ 400.00   │ net2607                 │ fanout2591/A │ met3  │
│ 1.70  │ 679.10  │ 400.00   │ net1492                 │ fanout1477/A │ met3  │
│ 1.58  │ 632.45  │ 400.00   │ net2439                 │ fanout2434/A │ met3  │
│ 1.56  │ 623.76  │ 400.00   │ net1532                 │ fanout1531/A │ met3  │
│ 1.56  │ 622.29  │ 400.00   │ net2349                 │ fanout2348/A │ met3  │
│ 1.45  │ 580.62  │ 400.00   │ net1249                 │ fanout1248/A │ met3  │
│ 1.44  │ 575.44  │ 400.00   │ net1633                 │ fanout1629/A │ met3  │
│ 1.44  │ 575.44  │ 400.00   │ net2139                 │ fanout2138/A │ met3  │
│ 1.35  │ 538.25  │ 400.00   │ net1248                 │ fanout1244/A │ met4  │
│ 1.34  │ 534.67  │ 400.00   │ net1649                 │ _13178_/A0   │ met3  │
│ 1.31  │ 523.61  │ 400.00   │ net1165                 │ fanout1163/A │ met3  │
│ 1.23  │ 493.13  │ 400.00   │ net1221                 │ fanout1218/A │ met3  │
│ 1.19  │ 476.96  │ 400.00   │ _06897_                 │ fanout1160/A │ met3  │
│ 1.18  │ 471.77  │ 400.00   │ net2534                 │ fanout2531/A │ met3  │
│ 1.15  │ 460.82  │ 400.00   │ net1491                 │ fanout1490/A │ met3  │
│ 1.15  │ 460.32  │ 400.00   │ net1548                 │ _09151_/B    │ met1  │
│ 1.12  │ 447.05  │ 400.00   │ adder_inst.sum_raw[10\] │ _14361_/D    │ met3  │
│ 1.12  │ 447.05  │ 400.00   │ net2586                 │ fanout2583/A │ met3  │
│ 1.06  │ 423.70  │ 400.00   │ _05530_                 │ fanout785/A  │ met3  │
│ 1.05  │ 419.94  │ 400.00   │ net1403                 │ fanout1402/A │ met3  │
│ 1.03  │ 413.52  │ 400.00   │ net2339                 │ fanout2338/A │ met1  │
└───────┴─────────┴──────────┴─────────────────────────┴──────────────┴───────┘
