Clock: clk
Sources: clk 
Generated: no
Virtual: yes
Propagated: no
Period: 20.000000

===========================================================================
report_clock_properties
============================================================================
Clock                   Period          Waveform
----------------------------------------------------
clk                  20.000000    0.000000 10.000000

===========================================================================
report_clock_latency
============================================================================
Clock clk
rise -> rise
    min     max
0.000000 0.000000 source latency
0.617459         network latency _9343_/CLK
        0.648274 network latency _9506_/CLK
---------------
0.617459 0.648274 latency
        0.030815 skew

fall -> fall
    min     max
0.000000 0.000000 source latency
0.556959         network latency _9343_/CLK
        0.580561 network latency _9506_/CLK
---------------
0.556959 0.580561 latency
        0.023602 skew



===========================================================================
report_clock_min_period
============================================================================
clk period_min = 10.18 fmax = 98.20
