Clock: clk
Sources: clk 
Generated: no
Virtual: yes
Propagated: no
Period: 15.000000

===========================================================================
report_clock_properties
============================================================================
Clock                   Period          Waveform
----------------------------------------------------
clk                  15.000000    0.000000  7.500000

===========================================================================
report_clock_latency
============================================================================
Clock clk
rise -> rise
    min     max
0.000000 0.000000 source latency
0.629735         network latency _9296_/CLK
        0.853281 network latency _9321_/CLK
---------------
0.629735 0.853281 latency
        0.223546 skew

fall -> fall
    min     max
0.000000 0.000000 source latency
0.511080         network latency _9296_/CLK
        0.717499 network latency _9321_/CLK
---------------
0.511080 0.717499 latency
        0.206419 skew



===========================================================================
report_clock_min_period
============================================================================
clk period_min = 10.51 fmax = 95.17
