
===========================================================================
report_checks -unconstrained
===========================================================================
======================= max_ff_n40C_1v95 Corner ===================================

Startpoint: rst (input port clocked by clk)
Endpoint: _9217_ (recovery check against rising-edge clock clk)
Path Group: asynchronous
Path Type: max

Fanout         Cap        Slew       Delay        Time   Description
---------------------------------------------------------------------------------------------
                                  0.000000    0.000000   clock clk (rise edge)
                                  0.000000    0.000000   clock network delay (propagated)
                                  3.000000    3.000000 v input external delay
     2    0.003677    0.006001    0.003093    3.003093 v rst (in)
                                                         rst (net)
                      0.006009    0.000000    3.003093 v input67/A (sky130_fd_sc_hd__clkbuf_2)
     5    0.045602    0.119692    0.134890    3.137983 v input67/X (sky130_fd_sc_hd__clkbuf_2)
                                                         net67 (net)
                      0.119720    0.001575    3.139559 v fanout523/A (sky130_fd_sc_hd__buf_4)
    17    0.093456    0.088271    0.183690    3.323249 v fanout523/X (sky130_fd_sc_hd__buf_4)
                                                         net523 (net)
                      0.088355    0.002343    3.325592 v fanout518/A (sky130_fd_sc_hd__clkbuf_2)
    11    0.042398    0.111957    0.163140    3.488732 v fanout518/X (sky130_fd_sc_hd__clkbuf_2)
                                                         net518 (net)
                      0.111970    0.001029    3.489761 v fanout517/A (sky130_fd_sc_hd__clkbuf_4)
    15    0.052514    0.080924    0.172264    3.662025 v fanout517/X (sky130_fd_sc_hd__clkbuf_4)
                                                         net517 (net)
                      0.081050    0.002209    3.664233 v fanout516/A (sky130_fd_sc_hd__clkbuf_4)
     8    0.041723    0.065824    0.150906    3.815140 v fanout516/X (sky130_fd_sc_hd__clkbuf_4)
                                                         net516 (net)
                      0.065846    0.001174    3.816313 v fanout515/A (sky130_fd_sc_hd__buf_4)
    10    0.061062    0.066438    0.141809    3.958122 v fanout515/X (sky130_fd_sc_hd__buf_4)
                                                         net515 (net)
                      0.067626    0.007057    3.965179 v _8903_/A (sky130_fd_sc_hd__inv_2)
     1    0.005213    0.030118    0.046961    4.012140 ^ _8903_/Y (sky130_fd_sc_hd__inv_2)
                                                         _0127_ (net)
                      0.030119    0.000309    4.012449 ^ _9217_/RESET_B (sky130_fd_sc_hd__dfrtp_1)
                                              4.012449   data arrival time

                                 15.000000   15.000000   clock clk (rise edge)
                                  0.000000   15.000000   clock source latency
     2    0.057560    0.196884    0.141357   15.141357 ^ clk (in)
                                                         clk (net)
                      0.197826    0.000000   15.141357 ^ clkbuf_0_clk/A (sky130_fd_sc_hd__clkbuf_16)
     9    0.090356    0.084300    0.156176   15.297533 ^ clkbuf_0_clk/X (sky130_fd_sc_hd__clkbuf_16)
                                                         clknet_0_clk (net)
                      0.085588    0.008228   15.305760 ^ clkbuf_2_1__f_clk/A (sky130_fd_sc_hd__clkbuf_16)
    17    0.107412    0.095725    0.142771   15.448532 ^ clkbuf_2_1__f_clk/X (sky130_fd_sc_hd__clkbuf_16)
                                                         clknet_2_1__leaf_clk (net)
                      0.099821    0.015579   15.464110 ^ clkbuf_leaf_5_clk/A (sky130_fd_sc_hd__clkbuf_8)
    12    0.047519    0.070712    0.131552   15.595662 ^ clkbuf_leaf_5_clk/X (sky130_fd_sc_hd__clkbuf_8)
                                                         clknet_leaf_5_clk (net)
                      0.070741    0.001364   15.597026 ^ _9217_/CLK (sky130_fd_sc_hd__dfrtp_1)
                                 -0.250000   15.347027   clock uncertainty
                                  0.000000   15.347027   clock reconvergence pessimism
                                  0.149759   15.496786   library recovery time
                                             15.496786   data required time
---------------------------------------------------------------------------------------------
                                             15.496786   data required time
                                             -4.012449   data arrival time
---------------------------------------------------------------------------------------------
                                             11.484338   slack (MET)


Startpoint: _9326_ (rising edge-triggered flip-flop clocked by clk)
Endpoint: _9411_ (rising edge-triggered flip-flop clocked by clk)
Path Group: clk
Path Type: max

Fanout         Cap        Slew       Delay        Time   Description
---------------------------------------------------------------------------------------------
                                  0.000000    0.000000   clock clk (rise edge)
                                  0.000000    0.000000   clock source latency
     2    0.057560    0.196884    0.141357    0.141357 ^ clk (in)
                                                         clk (net)
                      0.197826    0.000000    0.141357 ^ clkbuf_0_clk/A (sky130_fd_sc_hd__clkbuf_16)
     9    0.090356    0.084300    0.156176    0.297533 ^ clkbuf_0_clk/X (sky130_fd_sc_hd__clkbuf_16)
                                                         clknet_0_clk (net)
                      0.085275    0.007166    0.304699 ^ clkbuf_2_0__f_clk/A (sky130_fd_sc_hd__clkbuf_16)
    15    0.105410    0.093914    0.139196    0.443895 ^ clkbuf_2_0__f_clk/X (sky130_fd_sc_hd__clkbuf_16)
                                                         clknet_2_0__leaf_clk (net)
                      0.100455    0.019162    0.463056 ^ clkbuf_leaf_0_clk/A (sky130_fd_sc_hd__clkbuf_8)
    16    0.053501    0.078291    0.136687    0.599744 ^ clkbuf_leaf_0_clk/X (sky130_fd_sc_hd__clkbuf_8)
                                                         clknet_leaf_0_clk (net)
                      0.078445    0.002374    0.602118 ^ _9326_/CLK (sky130_fd_sc_hd__dfrtp_2)
     5    0.040207    0.148430    0.315879    0.917997 ^ _9326_/Q (sky130_fd_sc_hd__dfrtp_2)
                                                         adder_inst.man_b_r[4] (net)
                      0.148710    0.005660    0.923657 ^ fanout316/A (sky130_fd_sc_hd__buf_2)
    11    0.063081    0.231396    0.229437    1.153094 ^ fanout316/X (sky130_fd_sc_hd__buf_2)
                                                         net316 (net)
                      0.231851    0.008429    1.161523 ^ fanout315/A (sky130_fd_sc_hd__buf_2)
    21    0.063634    0.233437    0.236799    1.398322 ^ fanout315/X (sky130_fd_sc_hd__buf_2)
                                                         net315 (net)
                      0.233454    0.001678    1.400000 ^ fanout314/A (sky130_fd_sc_hd__buf_2)
    10    0.042285    0.157087    0.188029    1.588028 ^ fanout314/X (sky130_fd_sc_hd__buf_2)
                                                         net314 (net)
                      0.157208    0.003606    1.591635 ^ _5736_/C (sky130_fd_sc_hd__and4_1)
     2    0.005890    0.056930    0.138850    1.730484 ^ _5736_/X (sky130_fd_sc_hd__and4_1)
                                                         _1366_ (net)
                      0.056932    0.000403    1.730887 ^ _5738_/A (sky130_fd_sc_hd__nor2_1)
     1    0.005253    0.041912    0.036087    1.766974 v _5738_/Y (sky130_fd_sc_hd__nor2_1)
                                                         _1368_ (net)
                      0.041917    0.000385    1.767359 v _5739_/B (sky130_fd_sc_hd__xnor2_1)
     3    0.012039    0.210801    0.185810    1.953169 ^ _5739_/Y (sky130_fd_sc_hd__xnor2_1)
                                                         _1369_ (net)
                      0.210805    0.000800    1.953969 ^ _5740_/C (sky130_fd_sc_hd__nand3_1)
     2    0.008702    0.078662    0.086148    2.040117 v _5740_/Y (sky130_fd_sc_hd__nand3_1)
                                                         _1370_ (net)
                      0.078666    0.000475    2.040592 v _5743_/A1 (sky130_fd_sc_hd__a21o_1)
     2    0.016441    0.062509    0.150916    2.191508 v _5743_/X (sky130_fd_sc_hd__a21o_1)
                                                         _1373_ (net)
                      0.062540    0.001285    2.192793 v _5756_/A2 (sky130_fd_sc_hd__a21o_1)
     2    0.010790    0.046479    0.146971    2.339764 v _5756_/X (sky130_fd_sc_hd__a21o_1)
                                                         _1386_ (net)
                      0.046494    0.000779    2.340543 v _5758_/A1 (sky130_fd_sc_hd__a211oi_2)
     2    0.010359    0.182372    0.177819    2.518363 ^ _5758_/Y (sky130_fd_sc_hd__a211oi_2)
                                                         _1388_ (net)
                      0.182372    0.000623    2.518986 ^ _5779_/A_N (sky130_fd_sc_hd__and4bb_2)
     3    0.010131    0.043889    0.163541    2.682527 v _5779_/X (sky130_fd_sc_hd__and4bb_2)
                                                         _1409_ (net)
                      0.043895    0.000503    2.683031 v _5842_/A2 (sky130_fd_sc_hd__o211a_4)
     5    0.021690    0.045703    0.166194    2.849224 v _5842_/X (sky130_fd_sc_hd__o211a_4)
                                                         _1472_ (net)
                      0.045889    0.002498    2.851723 v _5878_/B (sky130_fd_sc_hd__or4_4)
     2    0.017103    0.073772    0.332391    3.184114 v _5878_/X (sky130_fd_sc_hd__or4_4)
                                                         _1508_ (net)
                      0.073851    0.001358    3.185472 v _5881_/A2 (sky130_fd_sc_hd__a211oi_4)
     2    0.013413    0.177798    0.212598    3.398071 ^ _5881_/Y (sky130_fd_sc_hd__a211oi_4)
                                                         _1511_ (net)
                      0.177799    0.000968    3.399038 ^ _5883_/B (sky130_fd_sc_hd__nor3_4)
     3    0.019430    0.069606    0.046453    3.445492 v _5883_/Y (sky130_fd_sc_hd__nor3_4)
                                                         _1513_ (net)
                      0.069615    0.001481    3.446972 v _5990_/A1 (sky130_fd_sc_hd__o211a_4)
     4    0.019046    0.043712    0.186534    3.633506 v _5990_/X (sky130_fd_sc_hd__o211a_4)
                                                         _1620_ (net)
                      0.043729    0.001285    3.634791 v _5992_/A (sky130_fd_sc_hd__nor3_4)
     9    0.040979    0.319696    0.291563    3.926354 ^ _5992_/Y (sky130_fd_sc_hd__nor3_4)
                                                         _1622_ (net)
                      0.319735    0.002863    3.929217 ^ _7168_/A (sky130_fd_sc_hd__nor3_4)
     1    0.009054    0.070583    0.030572    3.959789 v _7168_/Y (sky130_fd_sc_hd__nor3_4)
                                                         _2798_ (net)
                      0.070584    0.000688    3.960477 v _7169_/A (sky130_fd_sc_hd__nor2_4)
     4    0.033917    0.164945    0.165615    4.126091 ^ _7169_/Y (sky130_fd_sc_hd__nor2_4)
                                                         _2799_ (net)
                      0.165129    0.004453    4.130545 ^ _7170_/B (sky130_fd_sc_hd__nand2_4)
     1    0.015321    0.056203    0.044026    4.174571 v _7170_/Y (sky130_fd_sc_hd__nand2_4)
                                                         _2800_ (net)
                      0.056289    0.001756    4.176327 v _7397_/A (sky130_fd_sc_hd__or3_4)
     2    0.008374    0.050235    0.243858    4.420185 v _7397_/X (sky130_fd_sc_hd__or3_4)
                                                         _3027_ (net)
                      0.050236    0.000543    4.420728 v _7399_/A1 (sky130_fd_sc_hd__o221a_4)
     4    0.020110    0.047428    0.195576    4.616304 v _7399_/X (sky130_fd_sc_hd__o221a_4)
                                                         _3029_ (net)
                      0.047457    0.001868    4.618173 v _7405_/A2 (sky130_fd_sc_hd__a21o_1)
     3    0.013764    0.054710    0.149032    4.767205 v _7405_/X (sky130_fd_sc_hd__a21o_1)
                                                         _3035_ (net)
                      0.054733    0.001060    4.768265 v _7496_/A1 (sky130_fd_sc_hd__a211o_1)
     2    0.008281    0.052214    0.183119    4.951385 v _7496_/X (sky130_fd_sc_hd__a211o_1)
                                                         _3126_ (net)
                      0.052218    0.000533    4.951917 v _7518_/A2 (sky130_fd_sc_hd__a2111o_1)
     4    0.015812    0.083829    0.302761    5.254678 v _7518_/X (sky130_fd_sc_hd__a2111o_1)
                                                         _3148_ (net)
                      0.083839    0.000935    5.255613 v _7521_/A2 (sky130_fd_sc_hd__a21o_4)
     5    0.027012    0.044552    0.177441    5.433054 v _7521_/X (sky130_fd_sc_hd__a21o_4)
                                                         _3151_ (net)
                      0.044639    0.001672    5.434726 v _7522_/C (sky130_fd_sc_hd__nand3_4)
     9    0.052538    0.142392    0.127102    5.561828 ^ _7522_/Y (sky130_fd_sc_hd__nand3_4)
                                                         _3152_ (net)
                      0.142501    0.003123    5.564950 ^ fanout113/A (sky130_fd_sc_hd__buf_8)
    13    0.058052    0.076934    0.109853    5.674803 ^ fanout113/X (sky130_fd_sc_hd__buf_8)
                                                         net113 (net)
                      0.077066    0.002649    5.677453 ^ fanout112/A (sky130_fd_sc_hd__buf_8)
     6    0.030653    0.045741    0.085220    5.762672 ^ fanout112/X (sky130_fd_sc_hd__buf_8)
                                                         net112 (net)
                      0.045856    0.001589    5.764261 ^ fanout111/A (sky130_fd_sc_hd__buf_8)
     6    0.032037    0.047055    0.079295    5.843556 ^ fanout111/X (sky130_fd_sc_hd__buf_8)
                                                         net111 (net)
                      0.047278    0.002558    5.846115 ^ fanout110/A (sky130_fd_sc_hd__buf_8)
     5    0.021875    0.035611    0.071288    5.917403 ^ fanout110/X (sky130_fd_sc_hd__buf_8)
                                                         net110 (net)
                      0.035694    0.001089    5.918492 ^ _7563_/A2 (sky130_fd_sc_hd__o211a_1)
     2    0.005905    0.049324    0.090525    6.009017 ^ _7563_/X (sky130_fd_sc_hd__o211a_1)
                                                         _3193_ (net)
                      0.049326    0.000375    6.009392 ^ _7569_/D_N (sky130_fd_sc_hd__nor4b_4)
     2    0.011021    0.189076    0.163825    6.173217 ^ _7569_/Y (sky130_fd_sc_hd__nor4b_4)
                                                         _3199_ (net)
                      0.189077    0.000866    6.174083 ^ max_cap109/A (sky130_fd_sc_hd__buf_6)
     2    0.012516    0.030945    0.080680    6.254763 ^ max_cap109/X (sky130_fd_sc_hd__buf_6)
                                                         net109 (net)
                      0.030958    0.000496    6.255259 ^ _7614_/D (sky130_fd_sc_hd__and4_4)
     8    0.025873    0.074917    0.159455    6.414714 ^ _7614_/X (sky130_fd_sc_hd__and4_4)
                                                         _3244_ (net)
                      0.074998    0.002168    6.416882 ^ _7639_/A (sky130_fd_sc_hd__and4_1)
     1    0.006980    0.063111    0.125745    6.542627 ^ _7639_/X (sky130_fd_sc_hd__and4_1)
                                                         _3269_ (net)
                      0.063115    0.000538    6.543164 ^ fanout104/A (sky130_fd_sc_hd__buf_6)
    15    0.061570    0.097038    0.114600    6.657764 ^ fanout104/X (sky130_fd_sc_hd__buf_6)
                                                         net104 (net)
                      0.099381    0.011934    6.669698 ^ fanout103/A (sky130_fd_sc_hd__buf_8)
     5    0.019579    0.033944    0.077924    6.747622 ^ fanout103/X (sky130_fd_sc_hd__buf_8)
                                                         net103 (net)
                      0.033972    0.000870    6.748492 ^ _7661_/C (sky130_fd_sc_hd__and4bb_1)
     3    0.008572    0.077075    0.137739    6.886231 ^ _7661_/X (sky130_fd_sc_hd__and4bb_1)
                                                         _3289_ (net)
                      0.077077    0.000477    6.886707 ^ _7771_/A_N (sky130_fd_sc_hd__and4b_1)
     1    0.003990    0.033965    0.124845    7.011552 v _7771_/X (sky130_fd_sc_hd__and4b_1)
                                                         _3380_ (net)
                      0.033965    0.000255    7.011807 v _7773_/A2 (sky130_fd_sc_hd__a31o_1)
     1    0.002433    0.026470    0.125861    7.137669 v _7773_/X (sky130_fd_sc_hd__a31o_1)
                                                         multiplier_inst.overflow_calc (net)
                      0.026470    0.000171    7.137840 v _9411_/D (sky130_fd_sc_hd__dfrtp_1)
                                              7.137840   data arrival time

                                 15.000000   15.000000   clock clk (rise edge)
                                  0.000000   15.000000   clock source latency
     2    0.057560    0.196884    0.141357   15.141357 ^ clk (in)
                                                         clk (net)
                      0.197826    0.000000   15.141357 ^ clkbuf_0_clk/A (sky130_fd_sc_hd__clkbuf_16)
     9    0.090356    0.084300    0.156176   15.297533 ^ clkbuf_0_clk/X (sky130_fd_sc_hd__clkbuf_16)
                                                         clknet_0_clk (net)
                      0.085568    0.008164   15.305696 ^ clkbuf_2_3__f_clk/A (sky130_fd_sc_hd__clkbuf_16)
    23    0.122153    0.106601    0.151877   15.457574 ^ clkbuf_2_3__f_clk/X (sky130_fd_sc_hd__clkbuf_16)
                                                         clknet_2_3__leaf_clk (net)
                      0.108124    0.010173   15.467747 ^ clkbuf_leaf_14_clk/A (sky130_fd_sc_hd__clkbuf_8)
    13    0.048583    0.072335    0.134625   15.602371 ^ clkbuf_leaf_14_clk/X (sky130_fd_sc_hd__clkbuf_8)
                                                         clknet_leaf_14_clk (net)
                      0.072496    0.002412   15.604784 ^ _9411_/CLK (sky130_fd_sc_hd__dfrtp_1)
                                 -0.250000   15.354785   clock uncertainty
                                  0.000000   15.354785   clock reconvergence pessimism
                                 -0.066576   15.288208   library setup time
                                             15.288208   data required time
---------------------------------------------------------------------------------------------
                                             15.288208   data required time
                                             -7.137840   data arrival time
---------------------------------------------------------------------------------------------
                                              8.150369   slack (MET)




===========================================================================
report_checks --slack_max -0.01
============================================================================
======================= max_ff_n40C_1v95 Corner ===================================

No paths found.


===========================================================================
 report_check_types -max_slew -max_cap -max_fanout -violators
============================================================================
======================= max_ff_n40C_1v95 Corner ===================================

max fanout

Pin                                   Limit Fanout  Slack
---------------------------------------------------------
clkbuf_2_3__f_clk/X                      10     23    -13 (VIOLATED)
_4587_/Y                                 10     21    -11 (VIOLATED)
_4599_/X                                 10     21    -11 (VIOLATED)
_7719_/Y                                 10     21    -11 (VIOLATED)
_9270_/Q                                 10     21    -11 (VIOLATED)
_9271_/Q                                 10     21    -11 (VIOLATED)
_9272_/Q                                 10     21    -11 (VIOLATED)
_9273_/Q                                 10     21    -11 (VIOLATED)
_9276_/Q                                 10     21    -11 (VIOLATED)
_9277_/Q                                 10     21    -11 (VIOLATED)
fanout156/X                              10     21    -11 (VIOLATED)
fanout162/X                              10     21    -11 (VIOLATED)
fanout166/X                              10     21    -11 (VIOLATED)
fanout168/X                              10     21    -11 (VIOLATED)
fanout171/X                              10     21    -11 (VIOLATED)
fanout173/X                              10     21    -11 (VIOLATED)
fanout180/X                              10     21    -11 (VIOLATED)
fanout185/X                              10     21    -11 (VIOLATED)
fanout186/X                              10     21    -11 (VIOLATED)
fanout187/X                              10     21    -11 (VIOLATED)
fanout191/X                              10     21    -11 (VIOLATED)
fanout200/X                              10     21    -11 (VIOLATED)
fanout203/X                              10     21    -11 (VIOLATED)
fanout205/X                              10     21    -11 (VIOLATED)
fanout207/X                              10     21    -11 (VIOLATED)
fanout209/X                              10     21    -11 (VIOLATED)
fanout212/X                              10     21    -11 (VIOLATED)
fanout214/X                              10     21    -11 (VIOLATED)
fanout216/X                              10     21    -11 (VIOLATED)
fanout219/X                              10     21    -11 (VIOLATED)
fanout220/X                              10     21    -11 (VIOLATED)
fanout222/X                              10     21    -11 (VIOLATED)
fanout225/X                              10     21    -11 (VIOLATED)
fanout227/X                              10     21    -11 (VIOLATED)
fanout229/X                              10     21    -11 (VIOLATED)
fanout231/X                              10     21    -11 (VIOLATED)
fanout233/X                              10     21    -11 (VIOLATED)
fanout235/X                              10     21    -11 (VIOLATED)
fanout237/X                              10     21    -11 (VIOLATED)
fanout238/X                              10     21    -11 (VIOLATED)
fanout239/X                              10     21    -11 (VIOLATED)
fanout241/X                              10     21    -11 (VIOLATED)
fanout242/X                              10     21    -11 (VIOLATED)
fanout243/X                              10     21    -11 (VIOLATED)
fanout244/X                              10     21    -11 (VIOLATED)
fanout245/X                              10     21    -11 (VIOLATED)
fanout247/X                              10     21    -11 (VIOLATED)
fanout248/X                              10     21    -11 (VIOLATED)
fanout249/X                              10     21    -11 (VIOLATED)
fanout250/X                              10     21    -11 (VIOLATED)
fanout251/X                              10     21    -11 (VIOLATED)
fanout253/X                              10     21    -11 (VIOLATED)
fanout255/X                              10     21    -11 (VIOLATED)
fanout256/X                              10     21    -11 (VIOLATED)
fanout259/X                              10     21    -11 (VIOLATED)
fanout261/X                              10     21    -11 (VIOLATED)
fanout262/X                              10     21    -11 (VIOLATED)
fanout263/X                              10     21    -11 (VIOLATED)
fanout265/X                              10     21    -11 (VIOLATED)
fanout266/X                              10     21    -11 (VIOLATED)
fanout268/X                              10     21    -11 (VIOLATED)
fanout269/X                              10     21    -11 (VIOLATED)
fanout271/X                              10     21    -11 (VIOLATED)
fanout273/X                              10     21    -11 (VIOLATED)
fanout274/X                              10     21    -11 (VIOLATED)
fanout276/X                              10     21    -11 (VIOLATED)
fanout278/X                              10     21    -11 (VIOLATED)
fanout279/X                              10     21    -11 (VIOLATED)
fanout280/X                              10     21    -11 (VIOLATED)
fanout283/X                              10     21    -11 (VIOLATED)
fanout285/X                              10     21    -11 (VIOLATED)
fanout286/X                              10     21    -11 (VIOLATED)
fanout287/X                              10     21    -11 (VIOLATED)
fanout289/X                              10     21    -11 (VIOLATED)
fanout290/X                              10     21    -11 (VIOLATED)
fanout292/X                              10     21    -11 (VIOLATED)
fanout293/X                              10     21    -11 (VIOLATED)
fanout297/X                              10     21    -11 (VIOLATED)
fanout299/X                              10     21    -11 (VIOLATED)
fanout300/X                              10     21    -11 (VIOLATED)
fanout301/X                              10     21    -11 (VIOLATED)
fanout302/X                              10     21    -11 (VIOLATED)
fanout303/X                              10     21    -11 (VIOLATED)
fanout305/X                              10     21    -11 (VIOLATED)
fanout308/X                              10     21    -11 (VIOLATED)
fanout310/X                              10     21    -11 (VIOLATED)
fanout311/X                              10     21    -11 (VIOLATED)
fanout315/X                              10     21    -11 (VIOLATED)
fanout317/X                              10     21    -11 (VIOLATED)
fanout318/X                              10     21    -11 (VIOLATED)
fanout321/X                              10     21    -11 (VIOLATED)
fanout324/X                              10     21    -11 (VIOLATED)
fanout326/X                              10     21    -11 (VIOLATED)
fanout341/X                              10     21    -11 (VIOLATED)
fanout342/X                              10     21    -11 (VIOLATED)
fanout345/X                              10     21    -11 (VIOLATED)
fanout347/X                              10     21    -11 (VIOLATED)
fanout349/X                              10     21    -11 (VIOLATED)
fanout351/X                              10     21    -11 (VIOLATED)
fanout353/X                              10     21    -11 (VIOLATED)
fanout355/X                              10     21    -11 (VIOLATED)
fanout356/X                              10     21    -11 (VIOLATED)
fanout357/X                              10     21    -11 (VIOLATED)
fanout359/X                              10     21    -11 (VIOLATED)
fanout360/X                              10     21    -11 (VIOLATED)
fanout362/X                              10     21    -11 (VIOLATED)
fanout365/X                              10     21    -11 (VIOLATED)
fanout367/X                              10     21    -11 (VIOLATED)
fanout368/X                              10     21    -11 (VIOLATED)
fanout371/X                              10     21    -11 (VIOLATED)
fanout373/X                              10     21    -11 (VIOLATED)
fanout374/X                              10     21    -11 (VIOLATED)
fanout377/X                              10     21    -11 (VIOLATED)
fanout380/X                              10     21    -11 (VIOLATED)
fanout383/X                              10     21    -11 (VIOLATED)
fanout386/X                              10     21    -11 (VIOLATED)
fanout392/X                              10     21    -11 (VIOLATED)
fanout395/X                              10     21    -11 (VIOLATED)
fanout397/X                              10     21    -11 (VIOLATED)
fanout398/X                              10     21    -11 (VIOLATED)
fanout399/X                              10     21    -11 (VIOLATED)
fanout400/X                              10     21    -11 (VIOLATED)
fanout403/X                              10     21    -11 (VIOLATED)
fanout406/X                              10     21    -11 (VIOLATED)
fanout407/X                              10     21    -11 (VIOLATED)
fanout410/X                              10     21    -11 (VIOLATED)
fanout412/X                              10     21    -11 (VIOLATED)
fanout414/X                              10     21    -11 (VIOLATED)
fanout416/X                              10     21    -11 (VIOLATED)
fanout418/X                              10     21    -11 (VIOLATED)
fanout420/X                              10     21    -11 (VIOLATED)
fanout422/X                              10     21    -11 (VIOLATED)
fanout424/X                              10     21    -11 (VIOLATED)
fanout426/X                              10     21    -11 (VIOLATED)
fanout428/X                              10     21    -11 (VIOLATED)
fanout430/X                              10     21    -11 (VIOLATED)
fanout432/X                              10     21    -11 (VIOLATED)
fanout433/X                              10     21    -11 (VIOLATED)
fanout436/X                              10     21    -11 (VIOLATED)
fanout437/X                              10     21    -11 (VIOLATED)
fanout439/X                              10     21    -11 (VIOLATED)
fanout442/X                              10     21    -11 (VIOLATED)
fanout444/X                              10     21    -11 (VIOLATED)
fanout445/X                              10     21    -11 (VIOLATED)
fanout446/X                              10     21    -11 (VIOLATED)
fanout447/X                              10     21    -11 (VIOLATED)
fanout450/X                              10     21    -11 (VIOLATED)
fanout451/X                              10     21    -11 (VIOLATED)
fanout455/X                              10     21    -11 (VIOLATED)
fanout458/X                              10     21    -11 (VIOLATED)
fanout461/X                              10     21    -11 (VIOLATED)
fanout464/X                              10     21    -11 (VIOLATED)
fanout465/X                              10     21    -11 (VIOLATED)
fanout467/X                              10     21    -11 (VIOLATED)
fanout470/X                              10     21    -11 (VIOLATED)
fanout472/X                              10     21    -11 (VIOLATED)
fanout474/X                              10     21    -11 (VIOLATED)
fanout475/X                              10     21    -11 (VIOLATED)
fanout477/X                              10     21    -11 (VIOLATED)
fanout479/X                              10     21    -11 (VIOLATED)
fanout480/X                              10     21    -11 (VIOLATED)
fanout491/X                              10     21    -11 (VIOLATED)
fanout501/X                              10     21    -11 (VIOLATED)
fanout503/X                              10     21    -11 (VIOLATED)
fanout505/X                              10     21    -11 (VIOLATED)
_8757_/X                                 10     19     -9 (VIOLATED)
_9274_/Q                                 10     19     -9 (VIOLATED)
_9275_/Q                                 10     19     -9 (VIOLATED)
_9279_/Q                                 10     19     -9 (VIOLATED)
clkbuf_2_2__f_clk/X                      10     19     -9 (VIOLATED)
clkbuf_leaf_28_clk/X                     10     19     -9 (VIOLATED)
clkbuf_leaf_31_clk/X                     10     19     -9 (VIOLATED)
fanout155/X                              10     19     -9 (VIOLATED)
fanout164/X                              10     19     -9 (VIOLATED)
fanout199/X                              10     19     -9 (VIOLATED)
fanout232/X                              10     19     -9 (VIOLATED)
fanout260/X                              10     19     -9 (VIOLATED)
fanout267/X                              10     19     -9 (VIOLATED)
fanout402/X                              10     19     -9 (VIOLATED)
fanout413/X                              10     19     -9 (VIOLATED)
fanout448/X                              10     19     -9 (VIOLATED)
fanout454/X                              10     19     -9 (VIOLATED)
fanout460/X                              10     19     -9 (VIOLATED)
fanout462/X                              10     19     -9 (VIOLATED)
fanout506/X                              10     19     -9 (VIOLATED)
fanout542/X                              10     19     -9 (VIOLATED)
clkbuf_leaf_4_clk/X                      10     18     -8 (VIOLATED)
clkbuf_2_1__f_clk/X                      10     17     -7 (VIOLATED)
clkbuf_leaf_13_clk/X                     10     17     -7 (VIOLATED)
clkbuf_leaf_27_clk/X                     10     17     -7 (VIOLATED)
fanout175/X                              10     17     -7 (VIOLATED)
fanout202/X                              10     17     -7 (VIOLATED)
fanout206/X                              10     17     -7 (VIOLATED)
fanout284/X                              10     17     -7 (VIOLATED)
fanout307/X                              10     17     -7 (VIOLATED)
fanout330/X                              10     17     -7 (VIOLATED)
fanout348/X                              10     17     -7 (VIOLATED)
fanout378/X                              10     17     -7 (VIOLATED)
fanout384/X                              10     17     -7 (VIOLATED)
fanout385/X                              10     17     -7 (VIOLATED)
fanout387/X                              10     17     -7 (VIOLATED)
fanout394/X                              10     17     -7 (VIOLATED)
fanout423/X                              10     17     -7 (VIOLATED)
fanout434/X                              10     17     -7 (VIOLATED)
fanout449/X                              10     17     -7 (VIOLATED)
fanout453/X                              10     17     -7 (VIOLATED)
fanout456/X                              10     17     -7 (VIOLATED)
fanout468/X                              10     17     -7 (VIOLATED)
fanout523/X                              10     17     -7 (VIOLATED)
rebuffer24/X                             10     17     -7 (VIOLATED)
clkbuf_leaf_0_clk/X                      10     16     -6 (VIOLATED)
clkbuf_leaf_16_clk/X                     10     16     -6 (VIOLATED)
clkbuf_leaf_9_clk/X                      10     16     -6 (VIOLATED)
_7829_/Y                                 10     15     -5 (VIOLATED)
_9286_/Q                                 10     15     -5 (VIOLATED)
clkbuf_2_0__f_clk/X                      10     15     -5 (VIOLATED)
clkbuf_leaf_17_clk/X                     10     15     -5 (VIOLATED)
clkbuf_leaf_3_clk/X                      10     15     -5 (VIOLATED)
fanout104/X                              10     15     -5 (VIOLATED)
fanout108/X                              10     15     -5 (VIOLATED)
fanout210/X                              10     15     -5 (VIOLATED)
fanout213/X                              10     15     -5 (VIOLATED)
fanout215/X                              10     15     -5 (VIOLATED)
fanout217/X                              10     15     -5 (VIOLATED)
fanout226/X                              10     15     -5 (VIOLATED)
fanout240/X                              10     15     -5 (VIOLATED)
fanout246/X                              10     15     -5 (VIOLATED)
fanout258/X                              10     15     -5 (VIOLATED)
fanout288/X                              10     15     -5 (VIOLATED)
fanout294/X                              10     15     -5 (VIOLATED)
fanout333/X                              10     15     -5 (VIOLATED)
fanout346/X                              10     15     -5 (VIOLATED)
fanout354/X                              10     15     -5 (VIOLATED)
fanout358/X                              10     15     -5 (VIOLATED)
fanout361/X                              10     15     -5 (VIOLATED)
fanout396/X                              10     15     -5 (VIOLATED)
fanout409/X                              10     15     -5 (VIOLATED)
fanout425/X                              10     15     -5 (VIOLATED)
fanout427/X                              10     15     -5 (VIOLATED)
fanout429/X                              10     15     -5 (VIOLATED)
fanout431/X                              10     15     -5 (VIOLATED)
fanout438/X                              10     15     -5 (VIOLATED)
fanout459/X                              10     15     -5 (VIOLATED)
fanout466/X                              10     15     -5 (VIOLATED)
fanout489/X                              10     15     -5 (VIOLATED)
fanout517/X                              10     15     -5 (VIOLATED)
clkbuf_leaf_14_clk/X                     10     13     -3 (VIOLATED)
clkbuf_leaf_24_clk/X                     10     13     -3 (VIOLATED)
fanout113/X                              10     13     -3 (VIOLATED)
fanout161/X                              10     13     -3 (VIOLATED)
fanout201/X                              10     13     -3 (VIOLATED)
fanout211/X                              10     13     -3 (VIOLATED)
fanout252/X                              10     13     -3 (VIOLATED)
fanout254/X                              10     13     -3 (VIOLATED)
fanout270/X                              10     13     -3 (VIOLATED)
fanout277/X                              10     13     -3 (VIOLATED)
fanout281/X                              10     13     -3 (VIOLATED)
fanout295/X                              10     13     -3 (VIOLATED)
fanout304/X                              10     13     -3 (VIOLATED)
fanout322/X                              10     13     -3 (VIOLATED)
fanout337/X                              10     13     -3 (VIOLATED)
fanout343/X                              10     13     -3 (VIOLATED)
fanout363/X                              10     13     -3 (VIOLATED)
fanout364/X                              10     13     -3 (VIOLATED)
fanout369/X                              10     13     -3 (VIOLATED)
fanout370/X                              10     13     -3 (VIOLATED)
fanout376/X                              10     13     -3 (VIOLATED)
fanout382/X                              10     13     -3 (VIOLATED)
fanout388/X                              10     13     -3 (VIOLATED)
fanout391/X                              10     13     -3 (VIOLATED)
fanout408/X                              10     13     -3 (VIOLATED)
fanout417/X                              10     13     -3 (VIOLATED)
fanout435/X                              10     13     -3 (VIOLATED)
fanout457/X                              10     13     -3 (VIOLATED)
fanout463/X                              10     13     -3 (VIOLATED)
fanout469/X                              10     13     -3 (VIOLATED)
fanout486/X                              10     13     -3 (VIOLATED)
fanout494/X                              10     13     -3 (VIOLATED)
fanout534/X                              10     13     -3 (VIOLATED)
clkbuf_leaf_22_clk/X                     10     12     -2 (VIOLATED)
clkbuf_leaf_25_clk/X                     10     12     -2 (VIOLATED)
clkbuf_leaf_5_clk/X                      10     12     -2 (VIOLATED)
clkbuf_leaf_8_clk/X                      10     12     -2 (VIOLATED)
_5405_/X                                 10     11        (VIOLATED)
_5451_/X                                 10     11        (VIOLATED)
_7640_/Y                                 10     11        (VIOLATED)
_8542_/Y                                 10     11        (VIOLATED)
_9346_/Q                                 10     11        (VIOLATED)
_9396_/Q                                 10     11        (VIOLATED)
_9410_/Q                                 10     11        (VIOLATED)
clkbuf_leaf_15_clk/X                     10     11        (VIOLATED)
clkbuf_leaf_20_clk/X                     10     11        (VIOLATED)
clone60/X                                10     11        (VIOLATED)
clone81/X                                10     11        (VIOLATED)
clone92/X                                10     11        (VIOLATED)
fanout142/X                              10     11        (VIOLATED)
fanout178/X                              10     11        (VIOLATED)
fanout204/X                              10     11        (VIOLATED)
fanout208/X                              10     11        (VIOLATED)
fanout218/X                              10     11        (VIOLATED)
fanout221/X                              10     11        (VIOLATED)
fanout224/X                              10     11        (VIOLATED)
fanout230/X                              10     11        (VIOLATED)
fanout236/X                              10     11        (VIOLATED)
fanout264/X                              10     11        (VIOLATED)
fanout272/X                              10     11        (VIOLATED)
fanout275/X                              10     11        (VIOLATED)
fanout282/X                              10     11        (VIOLATED)
fanout291/X                              10     11        (VIOLATED)
fanout298/X                              10     11        (VIOLATED)
fanout309/X                              10     11        (VIOLATED)
fanout313/X                              10     11        (VIOLATED)
fanout316/X                              10     11        (VIOLATED)
fanout323/X                              10     11        (VIOLATED)
fanout327/X                              10     11        (VIOLATED)
fanout340/X                              10     11        (VIOLATED)
fanout344/X                              10     11        (VIOLATED)
fanout352/X                              10     11        (VIOLATED)
fanout375/X                              10     11        (VIOLATED)
fanout381/X                              10     11        (VIOLATED)
fanout389/X                              10     11        (VIOLATED)
fanout404/X                              10     11        (VIOLATED)
fanout405/X                              10     11        (VIOLATED)
fanout411/X                              10     11        (VIOLATED)
fanout415/X                              10     11        (VIOLATED)
fanout421/X                              10     11        (VIOLATED)
fanout441/X                              10     11        (VIOLATED)
fanout476/X                              10     11        (VIOLATED)
fanout481/X                              10     11        (VIOLATED)
fanout482/X                              10     11        (VIOLATED)
fanout484/X                              10     11        (VIOLATED)
fanout518/X                              10     11        (VIOLATED)
fanout539/X                              10     11        (VIOLATED)
fanout548/X                              10     11        (VIOLATED)
fanout549/X                              10     11        (VIOLATED)
rebuffer6/X                              10     11        (VIOLATED)



===========================================================================
report_parasitic_annotation -report_unannotated
============================================================================
Found 29 unannotated drivers.
 clkload0/Y
 clkload1/Y
 clkload10/Y
 clkload11/Y
 clkload12/Y
 clkload13/Y
 clkload14/Y
 clkload15/Y
 clkload16/Y
 clkload17/Y
 clkload18/Y
 clkload19/Y
 clkload2/Y
 clkload20/Y
 clkload21/Y
 clkload22/X
 clkload23/Y
 clkload24/Y
 clkload25/Y
 clkload26/Y
 clkload27/Y
 clkload28/Y
 clkload3/Y
 clkload4/Y
 clkload5/Y
 clkload6/X
 clkload7/Y
 clkload8/Y
 clkload9/Y
Found 0 partially unannotated drivers.

===========================================================================
max slew violation count 0
max fanout violation count 336
max cap violation count 0
============================================================================

===========================================================================
check_setup -verbose -unconstrained_endpoints -multiple_clock -no_clock -no_input_delay -loops -generated_clocks
===========================================================================
