Clock: clk
Sources: clk 
Generated: no
Virtual: yes
Propagated: no
Period: 15.000000

===========================================================================
report_clock_properties
============================================================================
Clock                   Period          Waveform
----------------------------------------------------
clk                  15.000000    0.000000  7.500000

===========================================================================
report_clock_latency
============================================================================
Clock clk
rise -> rise
    min     max
0.000000 0.000000 source latency
0.455908         network latency _9296_/CLK
        0.616328 network latency _9321_/CLK
---------------
0.455908 0.616328 latency
        0.160420 skew

fall -> fall
    min     max
0.000000 0.000000 source latency
0.367834         network latency _9296_/CLK
        0.517352 network latency _9321_/CLK
---------------
0.367834 0.517352 latency
        0.149518 skew



===========================================================================
report_clock_min_period
============================================================================
clk period_min = 6.85 fmax = 145.99
