Clock: clk
Sources: clk 
Generated: no
Virtual: yes
Propagated: no
Period: 25.000000

===========================================================================
report_clock_properties
============================================================================
Clock                   Period          Waveform
----------------------------------------------------
clk                  25.000000    0.000000 12.500000

===========================================================================
report_clock_latency
============================================================================
Clock clk
rise -> rise
    min     max
0.000000 0.000000 source latency
2.435051         network latency _16086_/CLK
        2.485201 network latency _15872_/CLK
---------------
2.435051 2.485201 latency
        0.050150 skew

fall -> fall
    min     max
0.000000 0.000000 source latency
1.202852         network latency _16086_/CLK
        1.249854 network latency _15872_/CLK
---------------
1.202852 1.249854 latency
        0.047002 skew



===========================================================================
report_clock_min_period
============================================================================
clk period_min = 7.30 fmax = 137.08
