┏━━━━━━━┳━━━━━━━━━┳━━━━━━━━━━┳━━━━━━━━━━━━━━━━━━━━━━━━━━━━━━━━━━┳━━━━━━━━━━━━━━┳━━━━━━━┓
┃ P / R ┃ Partial ┃ Required ┃ Net                              ┃ Pin          ┃ Layer ┃
┡━━━━━━━╇━━━━━━━━━╇━━━━━━━━━━╇━━━━━━━━━━━━━━━━━━━━━━━━━━━━━━━━━━╇━━━━━━━━━━━━━━╇━━━━━━━┩
│ 4.40  │ 1761.33 │ 400.00   │ net1692                          │ fanout1691/A │ met3  │
│ 4.36  │ 1742.94 │ 400.00   │ net1160                          │ fanout1154/A │ met3  │
│ 2.87  │ 1148.00 │ 400.00   │ net1033                          │ _07391_/C    │ met3  │
│ 2.86  │ 1145.58 │ 400.00   │ net2635                          │ fanout2621/A │ met3  │
│ 2.81  │ 1124.17 │ 400.00   │ net2551                          │ fanout2535/A │ met3  │
│ 2.65  │ 1060.38 │ 400.00   │ net2576                          │ fanout2567/A │ met3  │
│ 2.48  │ 990.35  │ 400.00   │ net2523                          │ fanout2507/A │ met3  │
│ 2.41  │ 963.59  │ 400.00   │ net912                           │ _09877_/A2   │ met3  │
│ 2.41  │ 963.59  │ 400.00   │ net912                           │ _09878_/A2   │ met3  │
│ 2.40  │ 960.85  │ 400.00   │ net1221                          │ fanout1219/A │ met3  │
│ 2.35  │ 938.25  │ 400.00   │ net1428                          │ fanout1418/A │ met3  │
│ 2.24  │ 894.16  │ 400.00   │ net1202                          │ fanout1201/A │ met3  │
│ 2.13  │ 852.07  │ 400.00   │ net2490                          │ fanout2473/A │ met3  │
│ 2.12  │ 848.49  │ 400.00   │ net2330                          │ fanout2320/A │ met3  │
│ 2.11  │ 844.06  │ 400.00   │ net1166                          │ fanout1162/A │ met4  │
│ 2.10  │ 839.92  │ 400.00   │ net1268                          │ fanout1266/A │ met3  │
│ 2.03  │ 813.52  │ 400.00   │ net1098                          │ fanout1095/A │ met4  │
│ 1.99  │ 797.92  │ 400.00   │ net2521                          │ fanout2511/A │ met3  │
│ 1.99  │ 797.52  │ 400.00   │ _06072_                          │ fanout730/A  │ met3  │
│ 1.99  │ 797.52  │ 400.00   │ adder_inst.sum_raw[14\]          │ _14365_/D    │ met3  │
│ 1.84  │ 736.12  │ 400.00   │ net960                           │ fanout959/A  │ met3  │
│ 1.84  │ 736.12  │ 400.00   │ net2469                          │ fanout2465/A │ met3  │
│ 1.83  │ 730.93  │ 400.00   │ net1119                          │ fanout1118/A │ met3  │
│ 1.83  │ 730.93  │ 400.00   │ net1429                          │ fanout1428/A │ met3  │
│ 1.83  │ 730.93  │ 400.00   │ net2591                          │ fanout2590/A │ met3  │
│ 1.75  │ 701.64  │ 400.00   │ net2386                          │ fanout2385/A │ met3  │
│ 1.70  │ 679.94  │ 400.00   │ net923                           │ fanout922/A  │ met3  │
│ 1.70  │ 679.94  │ 400.00   │ net1477                          │ fanout1476/A │ met3  │
│ 1.70  │ 679.94  │ 400.00   │ net2488                          │ fanout2478/A │ met3  │
│ 1.70  │ 679.94  │ 400.00   │ net2507                          │ fanout2506/A │ met3  │
│ 1.56  │ 622.86  │ 400.00   │ net1593                          │ fanout1591/A │ met3  │
│ 1.56  │ 622.29  │ 400.00   │ adder_inst.sum_raw[15\]          │ _14366_/D    │ met3  │
│ 1.56  │ 622.29  │ 400.00   │ multiplier_inst.man_final_r[22\] │ _13808_/D_N  │ met3  │
│ 1.56  │ 622.29  │ 400.00   │ net1628                          │ fanout1625/A │ met3  │
│ 1.52  │ 606.69  │ 400.00   │ _06900_                          │ fanout1142/A │ met3  │
│ 1.44  │ 575.44  │ 400.00   │ _02699_                          │ fanout898/A  │ met3  │
│ 1.44  │ 575.44  │ 400.00   │ adder_inst.man_b_r[22\]          │ fanout1378/A │ met3  │
│ 1.44  │ 575.44  │ 400.00   │ net1166                          │ fanout1162/A │ met3  │
│ 1.44  │ 575.29  │ 400.00   │ _06895_                          │ fanout1167/A │ met4  │
│ 1.44  │ 575.29  │ 400.00   │ _06895_                          │ fanout1168/A │ met4  │
│ 1.42  │ 569.71  │ 400.00   │ net2667                          │ fanout2662/A │ met3  │
│ 1.42  │ 567.57  │ 400.00   │ adder_inst.man_a_r[17\]          │ fanout2182/A │ met3  │
│ 1.41  │ 562.57  │ 400.00   │ net1426                          │ fanout1421/A │ met3  │
│ 1.35  │ 539.83  │ 400.00   │ net899                           │ _11011_/A2   │ met3  │
│ 1.31  │ 523.76  │ 400.00   │ net2951                          │ fanout2159/A │ met3  │
│ 1.31  │ 523.61  │ 400.00   │ net1667                          │ fanout1663/A │ met3  │
│ 1.31  │ 523.61  │ 400.00   │ net1811                          │ fanout1810/A │ met3  │
│ 1.31  │ 523.61  │ 400.00   │ net2634                          │ fanout2625/A │ met3  │
│ 1.28  │ 511.39  │ 400.00   │ net1150                          │ fanout1148/A │ met3  │
│ 1.22  │ 486.20  │ 400.00   │ adder_inst.sum_raw_r[17\]        │ fanout2747/A │ met3  │
│ 1.22  │ 486.20  │ 400.00   │ adder_inst.sum_raw_r[17\]        │ fanout2750/A │ met3  │
│ 1.19  │ 475.53  │ 400.00   │ adder_inst.man_b_r[19\]          │ rebuffer82/A │ met1  │
│ 1.18  │ 471.77  │ 400.00   │ net1154                          │ fanout1153/A │ met3  │
│ 1.18  │ 471.77  │ 400.00   │ net1336                          │ fanout1335/A │ met3  │
│ 1.18  │ 471.77  │ 400.00   │ net1376                          │ fanout1366/A │ met3  │
│ 1.18  │ 471.77  │ 400.00   │ net2549                          │ fanout2538/A │ met3  │
│ 1.18  │ 471.77  │ 400.00   │ net2645                          │ fanout2640/A │ met3  │
│ 1.15  │ 461.07  │ 400.00   │ net1178                          │ fanout1173/A │ met3  │
│ 1.15  │ 461.07  │ 400.00   │ net1178                          │ fanout1174/A │ met3  │
│ 1.15  │ 460.82  │ 400.00   │ adder_inst.man_a_r[20\]          │ fanout2115/A │ met3  │
│ 1.15  │ 458.21  │ 400.00   │ net923                           │ _11166_/A2   │ met3  │
│ 1.15  │ 458.21  │ 400.00   │ net923                           │ fanout921/A  │ met3  │
│ 1.14  │ 455.21  │ 400.00   │ net2621                          │ fanout2617/A │ met3  │
│ 1.14  │ 455.21  │ 400.00   │ net3178                          │ fanout540/A  │ met3  │
│ 1.12  │ 447.05  │ 400.00   │ _06089_                          │ fanout376/A  │ met3  │
│ 1.12  │ 447.05  │ 400.00   │ net3176                          │ fanout605/A  │ met3  │
│ 1.05  │ 419.94  │ 400.00   │ net1390                          │ fanout1389/A │ met3  │
│ 1.05  │ 419.94  │ 400.00   │ net1840                          │ fanout1839/A │ met3  │
│ 1.05  │ 419.94  │ 400.00   │ net2038                          │ fanout2027/A │ met3  │
│ 1.05  │ 419.94  │ 400.00   │ net2310                          │ fanout2309/A │ met3  │
│ 1.02  │ 406.01  │ 400.00   │ _01022_                          │ _09378_/A2   │ met3  │
│ 1.01  │ 404.64  │ 400.00   │ net2087                          │ fanout2086/A │ met3  │
│ 1.00  │ 401.57  │ 400.00   │ net1586                          │ fanout1579/A │ met1  │
└───────┴─────────┴──────────┴──────────────────────────────────┴──────────────┴───────┘
