
===========================================================================
report_checks -unconstrained
===========================================================================
======================= min_ss_100C_1v60 Corner ===================================

Startpoint: rst (input port clocked by clk)
Endpoint: _9217_ (recovery check against rising-edge clock clk)
Path Group: asynchronous
Path Type: max

Fanout         Cap        Slew       Delay        Time   Description
---------------------------------------------------------------------------------------------
                                  0.000000    0.000000   clock clk (rise edge)
                                  0.000000    0.000000   clock network delay (propagated)
                                  3.000000    3.000000 v input external delay
     2    0.003744    0.022125    0.012180    3.012180 v rst (in)
                                                         rst (net)
                      0.022125    0.000000    3.012180 v input67/A (sky130_fd_sc_hd__clkbuf_2)
     5    0.041058    0.286033    0.346308    3.358488 v input67/X (sky130_fd_sc_hd__clkbuf_2)
                                                         net67 (net)
                      0.286120    0.000316    3.358804 v fanout523/A (sky130_fd_sc_hd__buf_4)
    17    0.084264    0.203727    0.490999    3.849803 v fanout523/X (sky130_fd_sc_hd__buf_4)
                                                         net523 (net)
                      0.203727    0.000171    3.849975 v fanout518/A (sky130_fd_sc_hd__clkbuf_2)
    11    0.039160    0.273416    0.423175    4.273150 v fanout518/X (sky130_fd_sc_hd__clkbuf_2)
                                                         net518 (net)
                      0.273416    0.000072    4.273222 v fanout517/A (sky130_fd_sc_hd__clkbuf_4)
    15    0.051400    0.194015    0.462898    4.736121 v fanout517/X (sky130_fd_sc_hd__clkbuf_4)
                                                         net517 (net)
                      0.194015    0.000277    4.736398 v fanout516/A (sky130_fd_sc_hd__clkbuf_4)
     8    0.040354    0.158258    0.399078    5.135476 v fanout516/X (sky130_fd_sc_hd__clkbuf_4)
                                                         net516 (net)
                      0.158258    0.000136    5.135612 v fanout515/A (sky130_fd_sc_hd__buf_4)
    10    0.058122    0.149994    0.386918    5.522530 v fanout515/X (sky130_fd_sc_hd__buf_4)
                                                         net515 (net)
                      0.150020    0.001968    5.524498 v _8903_/A (sky130_fd_sc_hd__inv_2)
     1    0.004545    0.060563    0.107494    5.631992 ^ _8903_/Y (sky130_fd_sc_hd__inv_2)
                                                         _0127_ (net)
                      0.060563    0.000054    5.632046 ^ _9217_/RESET_B (sky130_fd_sc_hd__dfrtp_1)
                                              5.632046   data arrival time

                                 15.000000   15.000000   clock clk (rise edge)
                                  0.000000   15.000000   clock source latency
     2    0.049721    0.358445    0.251529   15.251529 ^ clk (in)
                                                         clk (net)
                      0.358583    0.000000   15.251529 ^ clkbuf_0_clk/A (sky130_fd_sc_hd__clkbuf_16)
     9    0.081316    0.151544    0.420330   15.671859 ^ clkbuf_0_clk/X (sky130_fd_sc_hd__clkbuf_16)
                                                         clknet_0_clk (net)
                      0.151623    0.003190   15.675049 ^ clkbuf_2_1__f_clk/A (sky130_fd_sc_hd__clkbuf_16)
    17    0.099779    0.175658    0.351749   16.026798 ^ clkbuf_2_1__f_clk/X (sky130_fd_sc_hd__clkbuf_16)
                                                         clknet_2_1__leaf_clk (net)
                      0.175966    0.004956   16.031754 ^ clkbuf_leaf_5_clk/A (sky130_fd_sc_hd__clkbuf_8)
    12    0.042020    0.134649    0.330294   16.362049 ^ clkbuf_leaf_5_clk/X (sky130_fd_sc_hd__clkbuf_8)
                                                         clknet_leaf_5_clk (net)
                      0.134649    0.000217   16.362265 ^ _9217_/CLK (sky130_fd_sc_hd__dfrtp_1)
                                 -0.250000   16.112267   clock uncertainty
                                  0.000000   16.112267   clock reconvergence pessimism
                                  0.487588   16.599854   library recovery time
                                             16.599854   data required time
---------------------------------------------------------------------------------------------
                                             16.599854   data required time
                                             -5.632046   data arrival time
---------------------------------------------------------------------------------------------
                                             10.967809   slack (MET)


Startpoint: _9291_ (rising edge-triggered flip-flop clocked by clk)
Endpoint: _9411_ (rising edge-triggered flip-flop clocked by clk)
Path Group: clk
Path Type: max

Fanout         Cap        Slew       Delay        Time   Description
---------------------------------------------------------------------------------------------
                                  0.000000    0.000000   clock clk (rise edge)
                                  0.000000    0.000000   clock source latency
     2    0.049721    0.358445    0.251529    0.251529 ^ clk (in)
                                                         clk (net)
                      0.358583    0.000000    0.251529 ^ clkbuf_0_clk/A (sky130_fd_sc_hd__clkbuf_16)
     9    0.081316    0.151544    0.420331    0.671860 ^ clkbuf_0_clk/X (sky130_fd_sc_hd__clkbuf_16)
                                                         clknet_0_clk (net)
                      0.151597    0.002703    0.674562 ^ clkbuf_2_0__f_clk/A (sky130_fd_sc_hd__clkbuf_16)
    15    0.096629    0.172019    0.346891    1.021453 ^ clkbuf_2_0__f_clk/X (sky130_fd_sc_hd__clkbuf_16)
                                                         clknet_2_0__leaf_clk (net)
                      0.172599    0.007957    1.029409 ^ clkbuf_leaf_31_clk/A (sky130_fd_sc_hd__clkbuf_8)
    19    0.054074    0.163868    0.350934    1.380343 ^ clkbuf_leaf_31_clk/X (sky130_fd_sc_hd__clkbuf_8)
                                                         clknet_leaf_31_clk (net)
                      0.163869    0.000854    1.381197 ^ _9291_/CLK (sky130_fd_sc_hd__dfrtp_4)
     5    0.039966    0.233518    0.993043    2.374240 ^ _9291_/Q (sky130_fd_sc_hd__dfrtp_4)
                                                         adder_inst.man_a_r[3] (net)
                      0.233518    0.000429    2.374670 ^ fanout460/A (sky130_fd_sc_hd__clkbuf_4)
    19    0.062695    0.304082    0.494532    2.869202 ^ fanout460/X (sky130_fd_sc_hd__clkbuf_4)
                                                         net460 (net)
                      0.304085    0.001801    2.871003 ^ fanout459/A (sky130_fd_sc_hd__buf_2)
    15    0.051467    0.400811    0.536477    3.407480 ^ fanout459/X (sky130_fd_sc_hd__buf_2)
                                                         net459 (net)
                      0.400811    0.000436    3.407917 ^ fanout458/A (sky130_fd_sc_hd__buf_2)
    21    0.057902    0.448311    0.608761    4.016678 ^ fanout458/X (sky130_fd_sc_hd__buf_2)
                                                         net458 (net)
                      0.448314    0.002026    4.018704 ^ _6752_/D (sky130_fd_sc_hd__and4_1)
     2    0.005085    0.137499    0.537837    4.556541 ^ _6752_/X (sky130_fd_sc_hd__and4_1)
                                                         _2382_ (net)
                      0.137499    0.000033    4.556574 ^ _6754_/A_N (sky130_fd_sc_hd__and2b_1)
     1    0.006428    0.094926    0.416505    4.973079 v _6754_/X (sky130_fd_sc_hd__and2b_1)
                                                         _2384_ (net)
                      0.094926    0.000125    4.973205 v _6756_/A (sky130_fd_sc_hd__xnor2_1)
     3    0.008803    0.392477    0.401904    5.375109 ^ _6756_/Y (sky130_fd_sc_hd__xnor2_1)
                                                         _2386_ (net)
                      0.392477    0.000031    5.375140 ^ _6758_/B (sky130_fd_sc_hd__nand3_1)
     2    0.007686    0.249398    0.354931    5.730071 v _6758_/Y (sky130_fd_sc_hd__nand3_1)
                                                         _2388_ (net)
                      0.249398    0.000067    5.730137 v _6809_/A1 (sky130_fd_sc_hd__a21o_1)
     3    0.008838    0.107223    0.410370    6.140507 v _6809_/X (sky130_fd_sc_hd__a21o_1)
                                                         _2439_ (net)
                      0.107223    0.000115    6.140622 v _6810_/C (sky130_fd_sc_hd__and3_1)
     3    0.008570    0.117640    0.429960    6.570581 v _6810_/X (sky130_fd_sc_hd__and3_1)
                                                         _2440_ (net)
                      0.117640    0.000088    6.570670 v _6845_/A (sky130_fd_sc_hd__or3_1)
     2    0.006049    0.176083    0.910321    7.480991 v _6845_/X (sky130_fd_sc_hd__or3_1)
                                                         _2475_ (net)
                      0.176083    0.000037    7.481029 v _6847_/B (sky130_fd_sc_hd__and3_4)
     3    0.018289    0.085186    0.393782    7.874810 v _6847_/X (sky130_fd_sc_hd__and3_4)
                                                         _2477_ (net)
                      0.085186    0.000122    7.874932 v _6855_/C1 (sky130_fd_sc_hd__a211o_1)
     3    0.007825    0.129534    0.487408    8.362340 v _6855_/X (sky130_fd_sc_hd__a211o_1)
                                                         _2485_ (net)
                      0.129534    0.000037    8.362378 v _6879_/B (sky130_fd_sc_hd__and4_1)
     4    0.012894    0.150699    0.467388    8.829765 v _6879_/X (sky130_fd_sc_hd__and4_1)
                                                         _2509_ (net)
                      0.150699    0.000058    8.829823 v _6886_/A (sky130_fd_sc_hd__or2_1)
     3    0.009021    0.155563    0.596390    9.426213 v _6886_/X (sky130_fd_sc_hd__or2_1)
                                                         _2516_ (net)
                      0.155563    0.000065    9.426278 v _6915_/B (sky130_fd_sc_hd__nor4_1)
     2    0.006798    0.636921    0.675329   10.101607 ^ _6915_/Y (sky130_fd_sc_hd__nor4_1)
                                                         _2545_ (net)
                      0.636921    0.000089   10.101696 ^ _6916_/B2 (sky130_fd_sc_hd__a22o_1)
     3    0.010922    0.194704    0.533603   10.635299 ^ _6916_/X (sky130_fd_sc_hd__a22o_1)
                                                         _2546_ (net)
                      0.194704    0.000169   10.635468 ^ _6918_/A2 (sky130_fd_sc_hd__a31o_1)
     3    0.011371    0.199652    0.431712   11.067181 ^ _6918_/X (sky130_fd_sc_hd__a31o_1)
                                                         _2548_ (net)
                      0.199652    0.000331   11.067512 ^ _6923_/A1_N (sky130_fd_sc_hd__o2bb2a_2)
     3    0.017543    0.148536    0.551571   11.619082 v _6923_/X (sky130_fd_sc_hd__o2bb2a_2)
                                                         _2553_ (net)
                      0.148536    0.000424   11.619507 v _6935_/A3 (sky130_fd_sc_hd__o31ai_4)
     3    0.018128    0.449428    0.458112   12.077619 ^ _6935_/Y (sky130_fd_sc_hd__o31ai_4)
                                                         _2565_ (net)
                      0.449428    0.001033   12.078651 ^ _6937_/A1 (sky130_fd_sc_hd__a21o_1)
     2    0.010768    0.164271    0.419206   12.497857 ^ _6937_/X (sky130_fd_sc_hd__a21o_1)
                                                         _2567_ (net)
                      0.164271    0.000091   12.497948 ^ _6938_/A1 (sky130_fd_sc_hd__a21o_4)
     9    0.063364    0.284417    0.436790   12.934738 ^ _6938_/X (sky130_fd_sc_hd__a21o_4)
                                                         _2568_ (net)
                      0.284517    0.005116   12.939854 ^ _7400_/C (sky130_fd_sc_hd__nand3b_4)
     4    0.019751    0.184236    0.287788   13.227641 v _7400_/Y (sky130_fd_sc_hd__nand3b_4)
                                                         _3030_ (net)
                      0.184236    0.000733   13.228374 v _7405_/A1 (sky130_fd_sc_hd__a21o_1)
     3    0.012519    0.137296    0.410996   13.639370 v _7405_/X (sky130_fd_sc_hd__a21o_1)
                                                         _3035_ (net)
                      0.137296    0.000407   13.639777 v _7496_/A1 (sky130_fd_sc_hd__a211o_1)
     2    0.007396    0.125663    0.560782   14.200559 v _7496_/X (sky130_fd_sc_hd__a211o_1)
                                                         _3126_ (net)
                      0.125663    0.000160   14.200718 v _7518_/A2 (sky130_fd_sc_hd__a2111o_1)
     4    0.015051    0.216749    0.937788   15.138506 v _7518_/X (sky130_fd_sc_hd__a2111o_1)
                                                         _3148_ (net)
                      0.216749    0.000162   15.138668 v _7521_/A2 (sky130_fd_sc_hd__a21o_4)
     5    0.024716    0.102828    0.508496   15.647164 v _7521_/X (sky130_fd_sc_hd__a21o_4)
                                                         _3151_ (net)
                      0.102828    0.000341   15.647505 v _7522_/C (sky130_fd_sc_hd__nand3_4)
     9    0.046526    0.259575    0.265940   15.913445 ^ _7522_/Y (sky130_fd_sc_hd__nand3_4)
                                                         _3152_ (net)
                      0.259576    0.000416   15.913861 ^ fanout113/A (sky130_fd_sc_hd__buf_8)
    13    0.052455    0.145578    0.317925   16.231787 ^ fanout113/X (sky130_fd_sc_hd__buf_8)
                                                         net113 (net)
                      0.145578    0.000325   16.232111 ^ fanout112/A (sky130_fd_sc_hd__buf_8)
     6    0.028025    0.090296    0.227013   16.459124 ^ fanout112/X (sky130_fd_sc_hd__buf_8)
                                                         net112 (net)
                      0.090296    0.000227   16.459352 ^ fanout111/A (sky130_fd_sc_hd__buf_8)
     6    0.029014    0.092354    0.204066   16.663418 ^ fanout111/X (sky130_fd_sc_hd__buf_8)
                                                         net111 (net)
                      0.092357    0.000670   16.664087 ^ fanout110/A (sky130_fd_sc_hd__buf_8)
     5    0.019744    0.071419    0.187935   16.852022 ^ fanout110/X (sky130_fd_sc_hd__buf_8)
                                                         net110 (net)
                      0.071419    0.000185   16.852207 ^ _7563_/A2 (sky130_fd_sc_hd__o211a_1)
     2    0.005420    0.109621    0.304482   17.156689 ^ _7563_/X (sky130_fd_sc_hd__o211a_1)
                                                         _3193_ (net)
                      0.109621    0.000043   17.156733 ^ _7569_/D_N (sky130_fd_sc_hd__nor4b_4)
     2    0.009933    0.413098    0.441904   17.598637 ^ _7569_/Y (sky130_fd_sc_hd__nor4b_4)
                                                         _3199_ (net)
                      0.413098    0.000213   17.598848 ^ max_cap109/A (sky130_fd_sc_hd__buf_6)
     2    0.012292    0.065731    0.305617   17.904467 ^ max_cap109/X (sky130_fd_sc_hd__buf_6)
                                                         net109 (net)
                      0.065731    0.000083   17.904549 ^ _7614_/D (sky130_fd_sc_hd__and4_4)
     8    0.023755    0.190194    0.614506   18.519054 ^ _7614_/X (sky130_fd_sc_hd__and4_4)
                                                         _3244_ (net)
                      0.190194    0.000494   18.519548 ^ _7639_/A (sky130_fd_sc_hd__and4_1)
     1    0.006550    0.150588    0.433868   18.953417 ^ _7639_/X (sky130_fd_sc_hd__and4_1)
                                                         _3269_ (net)
                      0.150588    0.000099   18.953516 ^ fanout104/A (sky130_fd_sc_hd__buf_6)
    15    0.056616    0.188454    0.305855   19.259371 ^ fanout104/X (sky130_fd_sc_hd__buf_6)
                                                         net104 (net)
                      0.188670    0.005199   19.264570 ^ fanout103/A (sky130_fd_sc_hd__buf_8)
     5    0.017763    0.067610    0.227297   19.491869 ^ fanout103/X (sky130_fd_sc_hd__buf_8)
                                                         net103 (net)
                      0.067610    0.000156   19.492025 ^ _7661_/C (sky130_fd_sc_hd__and4bb_1)
     3    0.007696    0.173816    0.451195   19.943220 ^ _7661_/X (sky130_fd_sc_hd__and4bb_1)
                                                         _3289_ (net)
                      0.173816    0.000068   19.943287 ^ _7771_/A_N (sky130_fd_sc_hd__and4b_1)
     1    0.003692    0.082615    0.438142   20.381428 v _7771_/X (sky130_fd_sc_hd__and4b_1)
                                                         _3380_ (net)
                      0.082615    0.000050   20.381479 v _7773_/A2 (sky130_fd_sc_hd__a31o_1)
     1    0.002141    0.060248    0.361172   20.742651 v _7773_/X (sky130_fd_sc_hd__a31o_1)
                                                         multiplier_inst.overflow_calc (net)
                      0.060248    0.000018   20.742668 v _9411_/D (sky130_fd_sc_hd__dfrtp_1)
                                             20.742668   data arrival time

                                 15.000000   15.000000   clock clk (rise edge)
                                  0.000000   15.000000   clock source latency
     2    0.049721    0.358445    0.251529   15.251529 ^ clk (in)
                                                         clk (net)
                      0.358583    0.000000   15.251529 ^ clkbuf_0_clk/A (sky130_fd_sc_hd__clkbuf_16)
     9    0.081316    0.151544    0.420330   15.671859 ^ clkbuf_0_clk/X (sky130_fd_sc_hd__clkbuf_16)
                                                         clknet_0_clk (net)
                      0.151600    0.002759   15.674618 ^ clkbuf_2_3__f_clk/A (sky130_fd_sc_hd__clkbuf_16)
    23    0.112887    0.194081    0.366155   16.040773 ^ clkbuf_2_3__f_clk/X (sky130_fd_sc_hd__clkbuf_16)
                                                         clknet_2_3__leaf_clk (net)
                      0.194140    0.003251   16.044024 ^ clkbuf_leaf_14_clk/A (sky130_fd_sc_hd__clkbuf_8)
    13    0.043561    0.138411    0.341519   16.385542 ^ clkbuf_leaf_14_clk/X (sky130_fd_sc_hd__clkbuf_8)
                                                         clknet_leaf_14_clk (net)
                      0.138411    0.000549   16.386091 ^ _9411_/CLK (sky130_fd_sc_hd__dfrtp_1)
                                 -0.250000   16.136091   clock uncertainty
                                  0.000000   16.136091   clock reconvergence pessimism
                                 -0.254271   15.881821   library setup time
                                             15.881821   data required time
---------------------------------------------------------------------------------------------
                                             15.881821   data required time
                                            -20.742668   data arrival time
---------------------------------------------------------------------------------------------
                                             -4.860848   slack (VIOLATED)




===========================================================================
report_checks --slack_max -0.01
============================================================================
======================= min_ss_100C_1v60 Corner ===================================

Startpoint: _9291_ (rising edge-triggered flip-flop clocked by clk)
Endpoint: _9411_ (rising edge-triggered flip-flop clocked by clk)
Path Group: clk
Path Type: max

Fanout         Cap        Slew       Delay        Time   Description
---------------------------------------------------------------------------------------------
                                  0.000000    0.000000   clock clk (rise edge)
                                  0.000000    0.000000   clock source latency
     2    0.049721    0.358445    0.251529    0.251529 ^ clk (in)
                                                         clk (net)
                      0.358583    0.000000    0.251529 ^ clkbuf_0_clk/A (sky130_fd_sc_hd__clkbuf_16)
     9    0.081316    0.151544    0.420331    0.671860 ^ clkbuf_0_clk/X (sky130_fd_sc_hd__clkbuf_16)
                                                         clknet_0_clk (net)
                      0.151597    0.002703    0.674562 ^ clkbuf_2_0__f_clk/A (sky130_fd_sc_hd__clkbuf_16)
    15    0.096629    0.172019    0.346891    1.021453 ^ clkbuf_2_0__f_clk/X (sky130_fd_sc_hd__clkbuf_16)
                                                         clknet_2_0__leaf_clk (net)
                      0.172599    0.007957    1.029409 ^ clkbuf_leaf_31_clk/A (sky130_fd_sc_hd__clkbuf_8)
    19    0.054074    0.163868    0.350934    1.380343 ^ clkbuf_leaf_31_clk/X (sky130_fd_sc_hd__clkbuf_8)
                                                         clknet_leaf_31_clk (net)
                      0.163869    0.000854    1.381197 ^ _9291_/CLK (sky130_fd_sc_hd__dfrtp_4)
     5    0.039966    0.233518    0.993043    2.374240 ^ _9291_/Q (sky130_fd_sc_hd__dfrtp_4)
                                                         adder_inst.man_a_r[3] (net)
                      0.233518    0.000429    2.374670 ^ fanout460/A (sky130_fd_sc_hd__clkbuf_4)
    19    0.062695    0.304082    0.494532    2.869202 ^ fanout460/X (sky130_fd_sc_hd__clkbuf_4)
                                                         net460 (net)
                      0.304085    0.001801    2.871003 ^ fanout459/A (sky130_fd_sc_hd__buf_2)
    15    0.051467    0.400811    0.536477    3.407480 ^ fanout459/X (sky130_fd_sc_hd__buf_2)
                                                         net459 (net)
                      0.400811    0.000436    3.407917 ^ fanout458/A (sky130_fd_sc_hd__buf_2)
    21    0.057902    0.448311    0.608761    4.016678 ^ fanout458/X (sky130_fd_sc_hd__buf_2)
                                                         net458 (net)
                      0.448314    0.002026    4.018704 ^ _6752_/D (sky130_fd_sc_hd__and4_1)
     2    0.005085    0.137499    0.537837    4.556541 ^ _6752_/X (sky130_fd_sc_hd__and4_1)
                                                         _2382_ (net)
                      0.137499    0.000033    4.556574 ^ _6754_/A_N (sky130_fd_sc_hd__and2b_1)
     1    0.006428    0.094926    0.416505    4.973079 v _6754_/X (sky130_fd_sc_hd__and2b_1)
                                                         _2384_ (net)
                      0.094926    0.000125    4.973205 v _6756_/A (sky130_fd_sc_hd__xnor2_1)
     3    0.008803    0.392477    0.401904    5.375109 ^ _6756_/Y (sky130_fd_sc_hd__xnor2_1)
                                                         _2386_ (net)
                      0.392477    0.000031    5.375140 ^ _6758_/B (sky130_fd_sc_hd__nand3_1)
     2    0.007686    0.249398    0.354931    5.730071 v _6758_/Y (sky130_fd_sc_hd__nand3_1)
                                                         _2388_ (net)
                      0.249398    0.000067    5.730137 v _6809_/A1 (sky130_fd_sc_hd__a21o_1)
     3    0.008838    0.107223    0.410370    6.140507 v _6809_/X (sky130_fd_sc_hd__a21o_1)
                                                         _2439_ (net)
                      0.107223    0.000115    6.140622 v _6810_/C (sky130_fd_sc_hd__and3_1)
     3    0.008570    0.117640    0.429960    6.570581 v _6810_/X (sky130_fd_sc_hd__and3_1)
                                                         _2440_ (net)
                      0.117640    0.000088    6.570670 v _6845_/A (sky130_fd_sc_hd__or3_1)
     2    0.006049    0.176083    0.910321    7.480991 v _6845_/X (sky130_fd_sc_hd__or3_1)
                                                         _2475_ (net)
                      0.176083    0.000037    7.481029 v _6847_/B (sky130_fd_sc_hd__and3_4)
     3    0.018289    0.085186    0.393782    7.874810 v _6847_/X (sky130_fd_sc_hd__and3_4)
                                                         _2477_ (net)
                      0.085186    0.000122    7.874932 v _6855_/C1 (sky130_fd_sc_hd__a211o_1)
     3    0.007825    0.129534    0.487408    8.362340 v _6855_/X (sky130_fd_sc_hd__a211o_1)
                                                         _2485_ (net)
                      0.129534    0.000037    8.362378 v _6879_/B (sky130_fd_sc_hd__and4_1)
     4    0.012894    0.150699    0.467388    8.829765 v _6879_/X (sky130_fd_sc_hd__and4_1)
                                                         _2509_ (net)
                      0.150699    0.000058    8.829823 v _6886_/A (sky130_fd_sc_hd__or2_1)
     3    0.009021    0.155563    0.596390    9.426213 v _6886_/X (sky130_fd_sc_hd__or2_1)
                                                         _2516_ (net)
                      0.155563    0.000065    9.426278 v _6915_/B (sky130_fd_sc_hd__nor4_1)
     2    0.006798    0.636921    0.675329   10.101607 ^ _6915_/Y (sky130_fd_sc_hd__nor4_1)
                                                         _2545_ (net)
                      0.636921    0.000089   10.101696 ^ _6916_/B2 (sky130_fd_sc_hd__a22o_1)
     3    0.010922    0.194704    0.533603   10.635299 ^ _6916_/X (sky130_fd_sc_hd__a22o_1)
                                                         _2546_ (net)
                      0.194704    0.000169   10.635468 ^ _6918_/A2 (sky130_fd_sc_hd__a31o_1)
     3    0.011371    0.199652    0.431712   11.067181 ^ _6918_/X (sky130_fd_sc_hd__a31o_1)
                                                         _2548_ (net)
                      0.199652    0.000331   11.067512 ^ _6923_/A1_N (sky130_fd_sc_hd__o2bb2a_2)
     3    0.017543    0.148536    0.551571   11.619082 v _6923_/X (sky130_fd_sc_hd__o2bb2a_2)
                                                         _2553_ (net)
                      0.148536    0.000424   11.619507 v _6935_/A3 (sky130_fd_sc_hd__o31ai_4)
     3    0.018128    0.449428    0.458112   12.077619 ^ _6935_/Y (sky130_fd_sc_hd__o31ai_4)
                                                         _2565_ (net)
                      0.449428    0.001033   12.078651 ^ _6937_/A1 (sky130_fd_sc_hd__a21o_1)
     2    0.010768    0.164271    0.419206   12.497857 ^ _6937_/X (sky130_fd_sc_hd__a21o_1)
                                                         _2567_ (net)
                      0.164271    0.000091   12.497948 ^ _6938_/A1 (sky130_fd_sc_hd__a21o_4)
     9    0.063364    0.284417    0.436790   12.934738 ^ _6938_/X (sky130_fd_sc_hd__a21o_4)
                                                         _2568_ (net)
                      0.284517    0.005116   12.939854 ^ _7400_/C (sky130_fd_sc_hd__nand3b_4)
     4    0.019751    0.184236    0.287788   13.227641 v _7400_/Y (sky130_fd_sc_hd__nand3b_4)
                                                         _3030_ (net)
                      0.184236    0.000733   13.228374 v _7405_/A1 (sky130_fd_sc_hd__a21o_1)
     3    0.012519    0.137296    0.410996   13.639370 v _7405_/X (sky130_fd_sc_hd__a21o_1)
                                                         _3035_ (net)
                      0.137296    0.000407   13.639777 v _7496_/A1 (sky130_fd_sc_hd__a211o_1)
     2    0.007396    0.125663    0.560782   14.200559 v _7496_/X (sky130_fd_sc_hd__a211o_1)
                                                         _3126_ (net)
                      0.125663    0.000160   14.200718 v _7518_/A2 (sky130_fd_sc_hd__a2111o_1)
     4    0.015051    0.216749    0.937788   15.138506 v _7518_/X (sky130_fd_sc_hd__a2111o_1)
                                                         _3148_ (net)
                      0.216749    0.000162   15.138668 v _7521_/A2 (sky130_fd_sc_hd__a21o_4)
     5    0.024716    0.102828    0.508496   15.647164 v _7521_/X (sky130_fd_sc_hd__a21o_4)
                                                         _3151_ (net)
                      0.102828    0.000341   15.647505 v _7522_/C (sky130_fd_sc_hd__nand3_4)
     9    0.046526    0.259575    0.265940   15.913445 ^ _7522_/Y (sky130_fd_sc_hd__nand3_4)
                                                         _3152_ (net)
                      0.259576    0.000416   15.913861 ^ fanout113/A (sky130_fd_sc_hd__buf_8)
    13    0.052455    0.145578    0.317925   16.231787 ^ fanout113/X (sky130_fd_sc_hd__buf_8)
                                                         net113 (net)
                      0.145578    0.000325   16.232111 ^ fanout112/A (sky130_fd_sc_hd__buf_8)
     6    0.028025    0.090296    0.227013   16.459124 ^ fanout112/X (sky130_fd_sc_hd__buf_8)
                                                         net112 (net)
                      0.090296    0.000227   16.459352 ^ fanout111/A (sky130_fd_sc_hd__buf_8)
     6    0.029014    0.092354    0.204066   16.663418 ^ fanout111/X (sky130_fd_sc_hd__buf_8)
                                                         net111 (net)
                      0.092357    0.000670   16.664087 ^ fanout110/A (sky130_fd_sc_hd__buf_8)
     5    0.019744    0.071419    0.187935   16.852022 ^ fanout110/X (sky130_fd_sc_hd__buf_8)
                                                         net110 (net)
                      0.071419    0.000185   16.852207 ^ _7563_/A2 (sky130_fd_sc_hd__o211a_1)
     2    0.005420    0.109621    0.304482   17.156689 ^ _7563_/X (sky130_fd_sc_hd__o211a_1)
                                                         _3193_ (net)
                      0.109621    0.000043   17.156733 ^ _7569_/D_N (sky130_fd_sc_hd__nor4b_4)
     2    0.009933    0.413098    0.441904   17.598637 ^ _7569_/Y (sky130_fd_sc_hd__nor4b_4)
                                                         _3199_ (net)
                      0.413098    0.000213   17.598848 ^ max_cap109/A (sky130_fd_sc_hd__buf_6)
     2    0.012292    0.065731    0.305617   17.904467 ^ max_cap109/X (sky130_fd_sc_hd__buf_6)
                                                         net109 (net)
                      0.065731    0.000083   17.904549 ^ _7614_/D (sky130_fd_sc_hd__and4_4)
     8    0.023755    0.190194    0.614506   18.519054 ^ _7614_/X (sky130_fd_sc_hd__and4_4)
                                                         _3244_ (net)
                      0.190194    0.000494   18.519548 ^ _7639_/A (sky130_fd_sc_hd__and4_1)
     1    0.006550    0.150588    0.433868   18.953417 ^ _7639_/X (sky130_fd_sc_hd__and4_1)
                                                         _3269_ (net)
                      0.150588    0.000099   18.953516 ^ fanout104/A (sky130_fd_sc_hd__buf_6)
    15    0.056616    0.188454    0.305855   19.259371 ^ fanout104/X (sky130_fd_sc_hd__buf_6)
                                                         net104 (net)
                      0.188670    0.005199   19.264570 ^ fanout103/A (sky130_fd_sc_hd__buf_8)
     5    0.017763    0.067610    0.227297   19.491869 ^ fanout103/X (sky130_fd_sc_hd__buf_8)
                                                         net103 (net)
                      0.067610    0.000156   19.492025 ^ _7661_/C (sky130_fd_sc_hd__and4bb_1)
     3    0.007696    0.173816    0.451195   19.943220 ^ _7661_/X (sky130_fd_sc_hd__and4bb_1)
                                                         _3289_ (net)
                      0.173816    0.000068   19.943287 ^ _7771_/A_N (sky130_fd_sc_hd__and4b_1)
     1    0.003692    0.082615    0.438142   20.381428 v _7771_/X (sky130_fd_sc_hd__and4b_1)
                                                         _3380_ (net)
                      0.082615    0.000050   20.381479 v _7773_/A2 (sky130_fd_sc_hd__a31o_1)
     1    0.002141    0.060248    0.361172   20.742651 v _7773_/X (sky130_fd_sc_hd__a31o_1)
                                                         multiplier_inst.overflow_calc (net)
                      0.060248    0.000018   20.742668 v _9411_/D (sky130_fd_sc_hd__dfrtp_1)
                                             20.742668   data arrival time

                                 15.000000   15.000000   clock clk (rise edge)
                                  0.000000   15.000000   clock source latency
     2    0.049721    0.358445    0.251529   15.251529 ^ clk (in)
                                                         clk (net)
                      0.358583    0.000000   15.251529 ^ clkbuf_0_clk/A (sky130_fd_sc_hd__clkbuf_16)
     9    0.081316    0.151544    0.420330   15.671859 ^ clkbuf_0_clk/X (sky130_fd_sc_hd__clkbuf_16)
                                                         clknet_0_clk (net)
                      0.151600    0.002759   15.674618 ^ clkbuf_2_3__f_clk/A (sky130_fd_sc_hd__clkbuf_16)
    23    0.112887    0.194081    0.366155   16.040773 ^ clkbuf_2_3__f_clk/X (sky130_fd_sc_hd__clkbuf_16)
                                                         clknet_2_3__leaf_clk (net)
                      0.194140    0.003251   16.044024 ^ clkbuf_leaf_14_clk/A (sky130_fd_sc_hd__clkbuf_8)
    13    0.043561    0.138411    0.341519   16.385542 ^ clkbuf_leaf_14_clk/X (sky130_fd_sc_hd__clkbuf_8)
                                                         clknet_leaf_14_clk (net)
                      0.138411    0.000549   16.386091 ^ _9411_/CLK (sky130_fd_sc_hd__dfrtp_1)
                                 -0.250000   16.136091   clock uncertainty
                                  0.000000   16.136091   clock reconvergence pessimism
                                 -0.254271   15.881821   library setup time
                                             15.881821   data required time
---------------------------------------------------------------------------------------------
                                             15.881821   data required time
                                            -20.742668   data arrival time
---------------------------------------------------------------------------------------------
                                             -4.860848   slack (VIOLATED)




===========================================================================
 report_check_types -max_slew -max_cap -max_fanout -violators
============================================================================
======================= min_ss_100C_1v60 Corner ===================================

max slew

Pin                                        Limit        Slew       Slack
------------------------------------------------------------------------
ANTENNA__5807__C/DIODE                  0.750000    1.253399   -0.503399 (VIOLATED)
_5807_/C                                0.750000    1.253399   -0.503399 (VIOLATED)
ANTENNA__4829__B/DIODE                  0.750000    1.253388   -0.503388 (VIOLATED)
ANTENNA__4838__A2/DIODE                 0.750000    1.253388   -0.503388 (VIOLATED)
ANTENNA__4974__B1/DIODE                 0.750000    1.253388   -0.503388 (VIOLATED)
ANTENNA__5154__A2/DIODE                 0.750000    1.253388   -0.503388 (VIOLATED)
ANTENNA_clone60_X/DIODE                 0.750000    1.253388   -0.503388 (VIOLATED)
_4829_/B                                0.750000    1.253388   -0.503388 (VIOLATED)
_4838_/A2                               0.750000    1.253388   -0.503388 (VIOLATED)
_4974_/B1                               0.750000    1.253388   -0.503388 (VIOLATED)
_5154_/A2                               0.750000    1.253388   -0.503388 (VIOLATED)
clone60/X                               0.750000    1.253388   -0.503388 (VIOLATED)
_6250_/Y                                0.750000    0.973674   -0.223674 (VIOLATED)
_6253_/A2                               0.750000    0.973674   -0.223674 (VIOLATED)
_6254_/B1                               0.750000    0.973674   -0.223674 (VIOLATED)
_6230_/Y                                0.750000    0.952122   -0.202122 (VIOLATED)
_6232_/C                                0.750000    0.952122   -0.202122 (VIOLATED)
_6244_/B                                0.750000    0.952122   -0.202122 (VIOLATED)
_6312_/B1                               0.750000    0.952122   -0.202122 (VIOLATED)
_5906_/B2                               0.750000    0.887777   -0.137777 (VIOLATED)
ANTENNA__5906__B2/DIODE                 0.750000    0.887777   -0.137777 (VIOLATED)
ANTENNA__6975__A1/DIODE                 0.750000    0.887775   -0.137775 (VIOLATED)
ANTENNA_rebuffer25_A/DIODE              0.750000    0.887775   -0.137775 (VIOLATED)
rebuffer25/A                            0.750000    0.887775   -0.137775 (VIOLATED)
_6975_/A1                               0.750000    0.887773   -0.137773 (VIOLATED)
_7071_/A                                0.750000    0.887761   -0.137761 (VIOLATED)
ANTENNA__7071__A/DIODE                  0.750000    0.887760   -0.137760 (VIOLATED)
_5274_/B2                               0.750000    0.887752   -0.137752 (VIOLATED)
ANTENNA__5274__B2/DIODE                 0.750000    0.887509   -0.137509 (VIOLATED)
ANTENNA__5167__B/DIODE                  0.750000    0.887507   -0.137507 (VIOLATED)
ANTENNA__5169__A1/DIODE                 0.750000    0.887507   -0.137507 (VIOLATED)
ANTENNA__5272__A/DIODE                  0.750000    0.887507   -0.137507 (VIOLATED)
ANTENNA_rebuffer24_X/DIODE              0.750000    0.887507   -0.137507 (VIOLATED)
_5167_/B                                0.750000    0.887507   -0.137507 (VIOLATED)
_5169_/A1                               0.750000    0.887507   -0.137507 (VIOLATED)
_5272_/A                                0.750000    0.887507   -0.137507 (VIOLATED)
rebuffer24/X                            0.750000    0.887507   -0.137507 (VIOLATED)
ANTENNA__5904__A/DIODE                  0.750000    0.852647   -0.102647 (VIOLATED)
_5904_/A                                0.750000    0.852647   -0.102647 (VIOLATED)
_6989_/B2                               0.750000    0.852646   -0.102646 (VIOLATED)
ANTENNA__6989__B2/DIODE                 0.750000    0.852646   -0.102646 (VIOLATED)
ANTENNA__5273__A/DIODE                  0.750000    0.852644   -0.102644 (VIOLATED)
ANTENNA__7086__A1/DIODE                 0.750000    0.852644   -0.102644 (VIOLATED)
ANTENNA_clone92_X/DIODE                 0.750000    0.852644   -0.102644 (VIOLATED)
ANTENNA_rebuffer90_A/DIODE              0.750000    0.852644   -0.102644 (VIOLATED)
_5273_/A                                0.750000    0.852644   -0.102644 (VIOLATED)
_7086_/A1                               0.750000    0.852644   -0.102644 (VIOLATED)
clone92/X                               0.750000    0.852644   -0.102644 (VIOLATED)
rebuffer90/A                            0.750000    0.852644   -0.102644 (VIOLATED)
ANTENNA__5999__A1/DIODE                 0.750000    0.852555   -0.102555 (VIOLATED)
_5999_/A1                               0.750000    0.852555   -0.102555 (VIOLATED)
ANTENNA__5529__A/DIODE                  0.750000    0.852554   -0.102554 (VIOLATED)
_5529_/A                                0.750000    0.852554   -0.102554 (VIOLATED)
ANTENNA__5530__B2/DIODE                 0.750000    0.852551   -0.102551 (VIOLATED)
_5530_/B2                               0.750000    0.852551   -0.102551 (VIOLATED)
_5681_/A1                               0.750000    0.852542   -0.102542 (VIOLATED)
ANTENNA__5681__A1/DIODE                 0.750000    0.852540   -0.102540 (VIOLATED)
_5699_/A                                0.750000    0.852532   -0.102532 (VIOLATED)
ANTENNA__5699__A/DIODE                  0.750000    0.852531   -0.102531 (VIOLATED)
ANTENNA_rebuffer6_X/DIODE               0.750000    0.852220   -0.102220 (VIOLATED)
rebuffer6/X                             0.750000    0.852220   -0.102220 (VIOLATED)
_5783_/Y                                0.750000    0.778113   -0.028113 (VIOLATED)
_5784_/D                                0.750000    0.778113   -0.028113 (VIOLATED)
_6075_/B1                               0.750000    0.778113   -0.028113 (VIOLATED)
ANTENNA__8064__B/DIODE                  0.750000    0.759123   -0.009123 (VIOLATED)
_8064_/B                                0.750000    0.759123   -0.009123 (VIOLATED)
_7886_/C1                               0.750000    0.759122   -0.009122 (VIOLATED)
ANTENNA__7886__C1/DIODE                 0.750000    0.759122   -0.009122 (VIOLATED)
ANTENNA__7833__C1/DIODE                 0.750000    0.759122   -0.009122 (VIOLATED)
_7833_/C1                               0.750000    0.759122   -0.009122 (VIOLATED)
_7854_/C1                               0.750000    0.759122   -0.009122 (VIOLATED)
ANTENNA__7836__B1/DIODE                 0.750000    0.759121   -0.009121 (VIOLATED)
ANTENNA__7854__C1/DIODE                 0.750000    0.759121   -0.009121 (VIOLATED)
_7836_/B1                               0.750000    0.759121   -0.009121 (VIOLATED)
ANTENNA__7875__A/DIODE                  0.750000    0.759116   -0.009116 (VIOLATED)
_7875_/A                                0.750000    0.759116   -0.009116 (VIOLATED)
_7862_/B1                               0.750000    0.759115   -0.009115 (VIOLATED)
ANTENNA__7862__B1/DIODE                 0.750000    0.759115   -0.009115 (VIOLATED)
ANTENNA__7829__Y/DIODE                  0.750000    0.759113   -0.009113 (VIOLATED)
_7829_/Y                                0.750000    0.759113   -0.009113 (VIOLATED)

max fanout

Pin                                   Limit Fanout  Slack
---------------------------------------------------------
clkbuf_2_3__f_clk/X                      10     23    -13 (VIOLATED)
_4587_/Y                                 10     21    -11 (VIOLATED)
_4599_/X                                 10     21    -11 (VIOLATED)
_7719_/Y                                 10     21    -11 (VIOLATED)
_9270_/Q                                 10     21    -11 (VIOLATED)
_9271_/Q                                 10     21    -11 (VIOLATED)
_9272_/Q                                 10     21    -11 (VIOLATED)
_9273_/Q                                 10     21    -11 (VIOLATED)
_9276_/Q                                 10     21    -11 (VIOLATED)
_9277_/Q                                 10     21    -11 (VIOLATED)
fanout156/X                              10     21    -11 (VIOLATED)
fanout162/X                              10     21    -11 (VIOLATED)
fanout166/X                              10     21    -11 (VIOLATED)
fanout168/X                              10     21    -11 (VIOLATED)
fanout171/X                              10     21    -11 (VIOLATED)
fanout173/X                              10     21    -11 (VIOLATED)
fanout180/X                              10     21    -11 (VIOLATED)
fanout185/X                              10     21    -11 (VIOLATED)
fanout186/X                              10     21    -11 (VIOLATED)
fanout187/X                              10     21    -11 (VIOLATED)
fanout191/X                              10     21    -11 (VIOLATED)
fanout200/X                              10     21    -11 (VIOLATED)
fanout203/X                              10     21    -11 (VIOLATED)
fanout205/X                              10     21    -11 (VIOLATED)
fanout207/X                              10     21    -11 (VIOLATED)
fanout209/X                              10     21    -11 (VIOLATED)
fanout212/X                              10     21    -11 (VIOLATED)
fanout214/X                              10     21    -11 (VIOLATED)
fanout216/X                              10     21    -11 (VIOLATED)
fanout219/X                              10     21    -11 (VIOLATED)
fanout220/X                              10     21    -11 (VIOLATED)
fanout222/X                              10     21    -11 (VIOLATED)
fanout225/X                              10     21    -11 (VIOLATED)
fanout227/X                              10     21    -11 (VIOLATED)
fanout229/X                              10     21    -11 (VIOLATED)
fanout231/X                              10     21    -11 (VIOLATED)
fanout233/X                              10     21    -11 (VIOLATED)
fanout235/X                              10     21    -11 (VIOLATED)
fanout237/X                              10     21    -11 (VIOLATED)
fanout238/X                              10     21    -11 (VIOLATED)
fanout239/X                              10     21    -11 (VIOLATED)
fanout241/X                              10     21    -11 (VIOLATED)
fanout242/X                              10     21    -11 (VIOLATED)
fanout243/X                              10     21    -11 (VIOLATED)
fanout244/X                              10     21    -11 (VIOLATED)
fanout245/X                              10     21    -11 (VIOLATED)
fanout247/X                              10     21    -11 (VIOLATED)
fanout248/X                              10     21    -11 (VIOLATED)
fanout249/X                              10     21    -11 (VIOLATED)
fanout250/X                              10     21    -11 (VIOLATED)
fanout251/X                              10     21    -11 (VIOLATED)
fanout253/X                              10     21    -11 (VIOLATED)
fanout255/X                              10     21    -11 (VIOLATED)
fanout256/X                              10     21    -11 (VIOLATED)
fanout259/X                              10     21    -11 (VIOLATED)
fanout261/X                              10     21    -11 (VIOLATED)
fanout262/X                              10     21    -11 (VIOLATED)
fanout263/X                              10     21    -11 (VIOLATED)
fanout265/X                              10     21    -11 (VIOLATED)
fanout266/X                              10     21    -11 (VIOLATED)
fanout268/X                              10     21    -11 (VIOLATED)
fanout269/X                              10     21    -11 (VIOLATED)
fanout271/X                              10     21    -11 (VIOLATED)
fanout273/X                              10     21    -11 (VIOLATED)
fanout274/X                              10     21    -11 (VIOLATED)
fanout276/X                              10     21    -11 (VIOLATED)
fanout278/X                              10     21    -11 (VIOLATED)
fanout279/X                              10     21    -11 (VIOLATED)
fanout280/X                              10     21    -11 (VIOLATED)
fanout283/X                              10     21    -11 (VIOLATED)
fanout285/X                              10     21    -11 (VIOLATED)
fanout286/X                              10     21    -11 (VIOLATED)
fanout287/X                              10     21    -11 (VIOLATED)
fanout289/X                              10     21    -11 (VIOLATED)
fanout290/X                              10     21    -11 (VIOLATED)
fanout292/X                              10     21    -11 (VIOLATED)
fanout293/X                              10     21    -11 (VIOLATED)
fanout297/X                              10     21    -11 (VIOLATED)
fanout299/X                              10     21    -11 (VIOLATED)
fanout300/X                              10     21    -11 (VIOLATED)
fanout301/X                              10     21    -11 (VIOLATED)
fanout302/X                              10     21    -11 (VIOLATED)
fanout303/X                              10     21    -11 (VIOLATED)
fanout305/X                              10     21    -11 (VIOLATED)
fanout308/X                              10     21    -11 (VIOLATED)
fanout310/X                              10     21    -11 (VIOLATED)
fanout311/X                              10     21    -11 (VIOLATED)
fanout315/X                              10     21    -11 (VIOLATED)
fanout317/X                              10     21    -11 (VIOLATED)
fanout318/X                              10     21    -11 (VIOLATED)
fanout321/X                              10     21    -11 (VIOLATED)
fanout324/X                              10     21    -11 (VIOLATED)
fanout326/X                              10     21    -11 (VIOLATED)
fanout341/X                              10     21    -11 (VIOLATED)
fanout342/X                              10     21    -11 (VIOLATED)
fanout345/X                              10     21    -11 (VIOLATED)
fanout347/X                              10     21    -11 (VIOLATED)
fanout349/X                              10     21    -11 (VIOLATED)
fanout351/X                              10     21    -11 (VIOLATED)
fanout353/X                              10     21    -11 (VIOLATED)
fanout355/X                              10     21    -11 (VIOLATED)
fanout356/X                              10     21    -11 (VIOLATED)
fanout357/X                              10     21    -11 (VIOLATED)
fanout359/X                              10     21    -11 (VIOLATED)
fanout360/X                              10     21    -11 (VIOLATED)
fanout362/X                              10     21    -11 (VIOLATED)
fanout365/X                              10     21    -11 (VIOLATED)
fanout367/X                              10     21    -11 (VIOLATED)
fanout368/X                              10     21    -11 (VIOLATED)
fanout371/X                              10     21    -11 (VIOLATED)
fanout373/X                              10     21    -11 (VIOLATED)
fanout374/X                              10     21    -11 (VIOLATED)
fanout377/X                              10     21    -11 (VIOLATED)
fanout380/X                              10     21    -11 (VIOLATED)
fanout383/X                              10     21    -11 (VIOLATED)
fanout386/X                              10     21    -11 (VIOLATED)
fanout392/X                              10     21    -11 (VIOLATED)
fanout395/X                              10     21    -11 (VIOLATED)
fanout397/X                              10     21    -11 (VIOLATED)
fanout398/X                              10     21    -11 (VIOLATED)
fanout399/X                              10     21    -11 (VIOLATED)
fanout400/X                              10     21    -11 (VIOLATED)
fanout403/X                              10     21    -11 (VIOLATED)
fanout406/X                              10     21    -11 (VIOLATED)
fanout407/X                              10     21    -11 (VIOLATED)
fanout410/X                              10     21    -11 (VIOLATED)
fanout412/X                              10     21    -11 (VIOLATED)
fanout414/X                              10     21    -11 (VIOLATED)
fanout416/X                              10     21    -11 (VIOLATED)
fanout418/X                              10     21    -11 (VIOLATED)
fanout420/X                              10     21    -11 (VIOLATED)
fanout422/X                              10     21    -11 (VIOLATED)
fanout424/X                              10     21    -11 (VIOLATED)
fanout426/X                              10     21    -11 (VIOLATED)
fanout428/X                              10     21    -11 (VIOLATED)
fanout430/X                              10     21    -11 (VIOLATED)
fanout432/X                              10     21    -11 (VIOLATED)
fanout433/X                              10     21    -11 (VIOLATED)
fanout436/X                              10     21    -11 (VIOLATED)
fanout437/X                              10     21    -11 (VIOLATED)
fanout439/X                              10     21    -11 (VIOLATED)
fanout442/X                              10     21    -11 (VIOLATED)
fanout444/X                              10     21    -11 (VIOLATED)
fanout445/X                              10     21    -11 (VIOLATED)
fanout446/X                              10     21    -11 (VIOLATED)
fanout447/X                              10     21    -11 (VIOLATED)
fanout450/X                              10     21    -11 (VIOLATED)
fanout451/X                              10     21    -11 (VIOLATED)
fanout455/X                              10     21    -11 (VIOLATED)
fanout458/X                              10     21    -11 (VIOLATED)
fanout461/X                              10     21    -11 (VIOLATED)
fanout464/X                              10     21    -11 (VIOLATED)
fanout465/X                              10     21    -11 (VIOLATED)
fanout467/X                              10     21    -11 (VIOLATED)
fanout470/X                              10     21    -11 (VIOLATED)
fanout472/X                              10     21    -11 (VIOLATED)
fanout474/X                              10     21    -11 (VIOLATED)
fanout475/X                              10     21    -11 (VIOLATED)
fanout477/X                              10     21    -11 (VIOLATED)
fanout479/X                              10     21    -11 (VIOLATED)
fanout480/X                              10     21    -11 (VIOLATED)
fanout491/X                              10     21    -11 (VIOLATED)
fanout501/X                              10     21    -11 (VIOLATED)
fanout503/X                              10     21    -11 (VIOLATED)
fanout505/X                              10     21    -11 (VIOLATED)
_8757_/X                                 10     19     -9 (VIOLATED)
_9274_/Q                                 10     19     -9 (VIOLATED)
_9275_/Q                                 10     19     -9 (VIOLATED)
_9279_/Q                                 10     19     -9 (VIOLATED)
clkbuf_2_2__f_clk/X                      10     19     -9 (VIOLATED)
clkbuf_leaf_28_clk/X                     10     19     -9 (VIOLATED)
clkbuf_leaf_31_clk/X                     10     19     -9 (VIOLATED)
fanout155/X                              10     19     -9 (VIOLATED)
fanout164/X                              10     19     -9 (VIOLATED)
fanout199/X                              10     19     -9 (VIOLATED)
fanout232/X                              10     19     -9 (VIOLATED)
fanout260/X                              10     19     -9 (VIOLATED)
fanout267/X                              10     19     -9 (VIOLATED)
fanout402/X                              10     19     -9 (VIOLATED)
fanout413/X                              10     19     -9 (VIOLATED)
fanout448/X                              10     19     -9 (VIOLATED)
fanout454/X                              10     19     -9 (VIOLATED)
fanout460/X                              10     19     -9 (VIOLATED)
fanout462/X                              10     19     -9 (VIOLATED)
fanout506/X                              10     19     -9 (VIOLATED)
fanout542/X                              10     19     -9 (VIOLATED)
clkbuf_leaf_4_clk/X                      10     18     -8 (VIOLATED)
clkbuf_2_1__f_clk/X                      10     17     -7 (VIOLATED)
clkbuf_leaf_13_clk/X                     10     17     -7 (VIOLATED)
clkbuf_leaf_27_clk/X                     10     17     -7 (VIOLATED)
fanout175/X                              10     17     -7 (VIOLATED)
fanout202/X                              10     17     -7 (VIOLATED)
fanout206/X                              10     17     -7 (VIOLATED)
fanout284/X                              10     17     -7 (VIOLATED)
fanout307/X                              10     17     -7 (VIOLATED)
fanout330/X                              10     17     -7 (VIOLATED)
fanout348/X                              10     17     -7 (VIOLATED)
fanout378/X                              10     17     -7 (VIOLATED)
fanout384/X                              10     17     -7 (VIOLATED)
fanout385/X                              10     17     -7 (VIOLATED)
fanout387/X                              10     17     -7 (VIOLATED)
fanout394/X                              10     17     -7 (VIOLATED)
fanout423/X                              10     17     -7 (VIOLATED)
fanout434/X                              10     17     -7 (VIOLATED)
fanout449/X                              10     17     -7 (VIOLATED)
fanout453/X                              10     17     -7 (VIOLATED)
fanout456/X                              10     17     -7 (VIOLATED)
fanout468/X                              10     17     -7 (VIOLATED)
fanout523/X                              10     17     -7 (VIOLATED)
rebuffer24/X                             10     17     -7 (VIOLATED)
clkbuf_leaf_0_clk/X                      10     16     -6 (VIOLATED)
clkbuf_leaf_16_clk/X                     10     16     -6 (VIOLATED)
clkbuf_leaf_9_clk/X                      10     16     -6 (VIOLATED)
_7829_/Y                                 10     15     -5 (VIOLATED)
_9286_/Q                                 10     15     -5 (VIOLATED)
clkbuf_2_0__f_clk/X                      10     15     -5 (VIOLATED)
clkbuf_leaf_17_clk/X                     10     15     -5 (VIOLATED)
clkbuf_leaf_3_clk/X                      10     15     -5 (VIOLATED)
fanout104/X                              10     15     -5 (VIOLATED)
fanout108/X                              10     15     -5 (VIOLATED)
fanout210/X                              10     15     -5 (VIOLATED)
fanout213/X                              10     15     -5 (VIOLATED)
fanout215/X                              10     15     -5 (VIOLATED)
fanout217/X                              10     15     -5 (VIOLATED)
fanout226/X                              10     15     -5 (VIOLATED)
fanout240/X                              10     15     -5 (VIOLATED)
fanout246/X                              10     15     -5 (VIOLATED)
fanout258/X                              10     15     -5 (VIOLATED)
fanout288/X                              10     15     -5 (VIOLATED)
fanout294/X                              10     15     -5 (VIOLATED)
fanout333/X                              10     15     -5 (VIOLATED)
fanout346/X                              10     15     -5 (VIOLATED)
fanout354/X                              10     15     -5 (VIOLATED)
fanout358/X                              10     15     -5 (VIOLATED)
fanout361/X                              10     15     -5 (VIOLATED)
fanout396/X                              10     15     -5 (VIOLATED)
fanout409/X                              10     15     -5 (VIOLATED)
fanout425/X                              10     15     -5 (VIOLATED)
fanout427/X                              10     15     -5 (VIOLATED)
fanout429/X                              10     15     -5 (VIOLATED)
fanout431/X                              10     15     -5 (VIOLATED)
fanout438/X                              10     15     -5 (VIOLATED)
fanout459/X                              10     15     -5 (VIOLATED)
fanout466/X                              10     15     -5 (VIOLATED)
fanout489/X                              10     15     -5 (VIOLATED)
fanout517/X                              10     15     -5 (VIOLATED)
clkbuf_leaf_14_clk/X                     10     13     -3 (VIOLATED)
clkbuf_leaf_24_clk/X                     10     13     -3 (VIOLATED)
fanout113/X                              10     13     -3 (VIOLATED)
fanout161/X                              10     13     -3 (VIOLATED)
fanout201/X                              10     13     -3 (VIOLATED)
fanout211/X                              10     13     -3 (VIOLATED)
fanout252/X                              10     13     -3 (VIOLATED)
fanout254/X                              10     13     -3 (VIOLATED)
fanout270/X                              10     13     -3 (VIOLATED)
fanout277/X                              10     13     -3 (VIOLATED)
fanout281/X                              10     13     -3 (VIOLATED)
fanout295/X                              10     13     -3 (VIOLATED)
fanout304/X                              10     13     -3 (VIOLATED)
fanout322/X                              10     13     -3 (VIOLATED)
fanout337/X                              10     13     -3 (VIOLATED)
fanout343/X                              10     13     -3 (VIOLATED)
fanout363/X                              10     13     -3 (VIOLATED)
fanout364/X                              10     13     -3 (VIOLATED)
fanout369/X                              10     13     -3 (VIOLATED)
fanout370/X                              10     13     -3 (VIOLATED)
fanout376/X                              10     13     -3 (VIOLATED)
fanout382/X                              10     13     -3 (VIOLATED)
fanout388/X                              10     13     -3 (VIOLATED)
fanout391/X                              10     13     -3 (VIOLATED)
fanout408/X                              10     13     -3 (VIOLATED)
fanout417/X                              10     13     -3 (VIOLATED)
fanout435/X                              10     13     -3 (VIOLATED)
fanout457/X                              10     13     -3 (VIOLATED)
fanout463/X                              10     13     -3 (VIOLATED)
fanout469/X                              10     13     -3 (VIOLATED)
fanout486/X                              10     13     -3 (VIOLATED)
fanout494/X                              10     13     -3 (VIOLATED)
fanout534/X                              10     13     -3 (VIOLATED)
clkbuf_leaf_22_clk/X                     10     12     -2 (VIOLATED)
clkbuf_leaf_25_clk/X                     10     12     -2 (VIOLATED)
clkbuf_leaf_5_clk/X                      10     12     -2 (VIOLATED)
clkbuf_leaf_8_clk/X                      10     12     -2 (VIOLATED)
_5405_/X                                 10     11        (VIOLATED)
_5451_/X                                 10     11        (VIOLATED)
_7640_/Y                                 10     11        (VIOLATED)
_8542_/Y                                 10     11        (VIOLATED)
_9346_/Q                                 10     11        (VIOLATED)
_9396_/Q                                 10     11        (VIOLATED)
_9410_/Q                                 10     11        (VIOLATED)
clkbuf_leaf_15_clk/X                     10     11        (VIOLATED)
clkbuf_leaf_20_clk/X                     10     11        (VIOLATED)
clone60/X                                10     11        (VIOLATED)
clone81/X                                10     11        (VIOLATED)
clone92/X                                10     11        (VIOLATED)
fanout142/X                              10     11        (VIOLATED)
fanout178/X                              10     11        (VIOLATED)
fanout204/X                              10     11        (VIOLATED)
fanout208/X                              10     11        (VIOLATED)
fanout218/X                              10     11        (VIOLATED)
fanout221/X                              10     11        (VIOLATED)
fanout224/X                              10     11        (VIOLATED)
fanout230/X                              10     11        (VIOLATED)
fanout236/X                              10     11        (VIOLATED)
fanout264/X                              10     11        (VIOLATED)
fanout272/X                              10     11        (VIOLATED)
fanout275/X                              10     11        (VIOLATED)
fanout282/X                              10     11        (VIOLATED)
fanout291/X                              10     11        (VIOLATED)
fanout298/X                              10     11        (VIOLATED)
fanout309/X                              10     11        (VIOLATED)
fanout313/X                              10     11        (VIOLATED)
fanout316/X                              10     11        (VIOLATED)
fanout323/X                              10     11        (VIOLATED)
fanout327/X                              10     11        (VIOLATED)
fanout340/X                              10     11        (VIOLATED)
fanout344/X                              10     11        (VIOLATED)
fanout352/X                              10     11        (VIOLATED)
fanout375/X                              10     11        (VIOLATED)
fanout381/X                              10     11        (VIOLATED)
fanout389/X                              10     11        (VIOLATED)
fanout404/X                              10     11        (VIOLATED)
fanout405/X                              10     11        (VIOLATED)
fanout411/X                              10     11        (VIOLATED)
fanout415/X                              10     11        (VIOLATED)
fanout421/X                              10     11        (VIOLATED)
fanout441/X                              10     11        (VIOLATED)
fanout476/X                              10     11        (VIOLATED)
fanout481/X                              10     11        (VIOLATED)
fanout482/X                              10     11        (VIOLATED)
fanout484/X                              10     11        (VIOLATED)
fanout518/X                              10     11        (VIOLATED)
fanout539/X                              10     11        (VIOLATED)
fanout548/X                              10     11        (VIOLATED)
fanout549/X                              10     11        (VIOLATED)
rebuffer6/X                              10     11        (VIOLATED)



===========================================================================
report_parasitic_annotation -report_unannotated
============================================================================
Found 29 unannotated drivers.
 clkload0/Y
 clkload1/Y
 clkload10/Y
 clkload11/Y
 clkload12/Y
 clkload13/Y
 clkload14/Y
 clkload15/Y
 clkload16/Y
 clkload17/Y
 clkload18/Y
 clkload19/Y
 clkload2/Y
 clkload20/Y
 clkload21/Y
 clkload22/X
 clkload23/Y
 clkload24/Y
 clkload25/Y
 clkload26/Y
 clkload27/Y
 clkload28/Y
 clkload3/Y
 clkload4/Y
 clkload5/Y
 clkload6/X
 clkload7/Y
 clkload8/Y
 clkload9/Y
Found 0 partially unannotated drivers.

===========================================================================
max slew violation count 80
max fanout violation count 336
max cap violation count 0
============================================================================

===========================================================================
check_setup -verbose -unconstrained_endpoints -multiple_clock -no_clock -no_input_delay -loops -generated_clocks
===========================================================================
