Clock: clk
Sources: clk 
Generated: no
Virtual: yes
Propagated: no
Period: 15.000000

===========================================================================
report_clock_properties
============================================================================
Clock                   Period          Waveform
----------------------------------------------------
clk                  15.000000    0.000000  7.500000

===========================================================================
report_clock_latency
============================================================================
Clock clk
rise -> rise
    min     max
0.000000 0.000000 source latency
1.025530         network latency _9296_/CLK
        1.403541 network latency _9321_/CLK
---------------
1.025530 1.403541 latency
        0.378011 skew

fall -> fall
    min     max
0.000000 0.000000 source latency
0.877767         network latency _9296_/CLK
        1.228399 network latency _9321_/CLK
---------------
0.877767 1.228399 latency
        0.350632 skew



===========================================================================
report_clock_min_period
============================================================================
clk period_min = 19.86 fmax = 50.35
