Clock: clk
Sources: clk 
Generated: no
Virtual: no
Propagated: no
Period: 15.000000

===========================================================================
report_clock_properties
============================================================================
Clock                   Period          Waveform
----------------------------------------------------
clk                  15.000000    0.000000  7.500000

===========================================================================
report_clock_latency
============================================================================
Clock clk
rise -> rise
    min     max
0.000000 0.000000 source latency
2.773455         network latency _9195_/CLK
        2.773455 network latency _9195_/CLK
---------------
2.773455 2.773455 latency
        0.000000 skew

fall -> fall
    min     max
0.000000 0.000000 source latency
1.531827         network latency _9195_/CLK
        1.531827 network latency _9195_/CLK
---------------
1.531827 1.531827 latency
        0.000000 skew



===========================================================================
report_clock_min_period
============================================================================
clk period_min = 22.72 fmax = 44.02
