Reading OpenROAD database at '/mnt/c/Data/IEEE/32Bit-ALU/pd/runs/RUN_2026-01-21_11-02-25/17-openroad-cutrows/ALU.odb'…
Reading library file at '/home/diddy/.ciel/ciel/sky130/versions/0fe599b2afb6708d281543108caf8310912f54af/sky130A/libs.ref/sky130_fd_sc_hd/lib/sky130_fd_sc_hd__tt_025C_1v80.lib'…
Reading design constraints file at '/nix/store/ifgrnqkf6pcsk2qzdn5bai2rvd4skbbc-python3-3.11.9-env/lib/python3.11/site-packages/librelane/scripts/base.sdc'…
[INFO] Using clock clk…
[INFO] Setting output delay to: 4.0
[INFO] Setting input delay to: 4.0
[INFO] Setting load to: 0.033442
[INFO] Setting clock uncertainty to: 0.25
[INFO] Setting clock transition to: 0.1499999999999999944488848768742172978818416595458984375
[INFO] Setting timing derate to: 5%
[INFO TAP-0004] Inserted 234 endcaps.
[INFO TAP-0005] Inserted 1428 tapcells.
Setting global connections for newly added cells…
[INFO] Setting global connections...
Updating metrics…
Cell type report:                       Count       Area
  Fill cell                               234     878.34
  Tap cell                               1428    1786.71
  Inverter                                415    1557.74
  Sequential cell                         314    8250.41
  Multi-Input combinational cell         4220   41204.52
  Total                                  6611   53677.73
Writing OpenROAD database to '/mnt/c/Data/IEEE/32Bit-ALU/pd/runs/RUN_2026-01-21_11-02-25/18-openroad-tapendcapinsertion/ALU.odb'…
Writing netlist to '/mnt/c/Data/IEEE/32Bit-ALU/pd/runs/RUN_2026-01-21_11-02-25/18-openroad-tapendcapinsertion/ALU.nl.v'…
Writing powered netlist to '/mnt/c/Data/IEEE/32Bit-ALU/pd/runs/RUN_2026-01-21_11-02-25/18-openroad-tapendcapinsertion/ALU.pnl.v'…
Writing layout to '/mnt/c/Data/IEEE/32Bit-ALU/pd/runs/RUN_2026-01-21_11-02-25/18-openroad-tapendcapinsertion/ALU.def'…
Writing timing constraints to '/mnt/c/Data/IEEE/32Bit-ALU/pd/runs/RUN_2026-01-21_11-02-25/18-openroad-tapendcapinsertion/ALU.sdc'…
