
===========================================================================
report_checks -unconstrained
===========================================================================
======================= nom_ss_100C_1v60 Corner ===================================

Startpoint: rst (input port clocked by clk)
Endpoint: _14488_ (recovery check against rising-edge clock clk)
Path Group: asynchronous
Path Type: max

Fanout         Cap        Slew       Delay        Time   Description
---------------------------------------------------------------------------------------------
                                  0.000000    0.000000   clock clk (rise edge)
                                  0.000000    0.000000   clock network delay (propagated)
                                  1.600000    1.600000 v input external delay
     1    0.002631    0.017817    0.008701    1.608701 v rst (in)
                                                         rst (net)
                      0.017817    0.000000    1.608701 v input67/A (sky130_fd_sc_hd__buf_1)
     1    0.009639    0.121126    0.194977    1.803678 v input67/X (sky130_fd_sc_hd__buf_1)
                                                         net67 (net)
                      0.121127    0.000535    1.804213 v fanout2918/A (sky130_fd_sc_hd__clkbuf_2)
     2    0.039147    0.272586    0.381703    2.185916 v fanout2918/X (sky130_fd_sc_hd__clkbuf_2)
                                                         net2918 (net)
                      0.272586    0.000826    2.186742 v fanout2849/A (sky130_fd_sc_hd__dlymetal6s2s_1)
     2    0.021043    0.219165    0.506810    2.693552 v fanout2849/X (sky130_fd_sc_hd__dlymetal6s2s_1)
                                                         net2849 (net)
                      0.219173    0.001660    2.695211 v fanout2848/A (sky130_fd_sc_hd__buf_1)
     2    0.031900    0.361654    0.466236    3.161448 v fanout2848/X (sky130_fd_sc_hd__buf_1)
                                                         net2848 (net)
                      0.361654    0.001140    3.162588 v fanout2847/A (sky130_fd_sc_hd__buf_1)
     2    0.019249    0.225189    0.418848    3.581436 v fanout2847/X (sky130_fd_sc_hd__buf_1)
                                                         net2847 (net)
                      0.225189    0.000621    3.582057 v fanout2846/A (sky130_fd_sc_hd__dlymetal6s2s_1)
     2    0.014662    0.165877    0.442053    4.024110 v fanout2846/X (sky130_fd_sc_hd__dlymetal6s2s_1)
                                                         net2846 (net)
                      0.165877    0.000344    4.024454 v fanout2845/A (sky130_fd_sc_hd__clkbuf_1)
     2    0.009043    0.114887    0.259061    4.283515 v fanout2845/X (sky130_fd_sc_hd__clkbuf_1)
                                                         net2845 (net)
                      0.114887    0.000214    4.283730 v fanout2839/A (sky130_fd_sc_hd__clkbuf_1)
     3    0.015326    0.181143    0.285194    4.568923 v fanout2839/X (sky130_fd_sc_hd__clkbuf_1)
                                                         net2839 (net)
                      0.181143    0.000359    4.569283 v fanout2838/A (sky130_fd_sc_hd__dlymetal6s2s_1)
     4    0.017570    0.189913    0.439512    5.008795 v fanout2838/X (sky130_fd_sc_hd__dlymetal6s2s_1)
                                                         net2838 (net)
                      0.189913    0.000629    5.009424 v fanout2837/A (sky130_fd_sc_hd__clkbuf_2)
     5    0.029220    0.207969    0.369024    5.378448 v fanout2837/X (sky130_fd_sc_hd__clkbuf_2)
                                                         net2837 (net)
                      0.207969    0.000667    5.379115 v _14174_/A (sky130_fd_sc_hd__inv_2)
     1    0.005696    0.080206    0.140238    5.519353 ^ _14174_/Y (sky130_fd_sc_hd__inv_2)
                                                         _00310_ (net)
                      0.080206    0.000167    5.519520 ^ _14488_/RESET_B (sky130_fd_sc_hd__dfrtp_2)
                                              5.519520   data arrival time

                                  8.000000    8.000000   clock clk (rise edge)
                                  0.000000    8.000000   clock source latency
     1    0.052150    0.375145    0.263061    8.263061 ^ clk (in)
                                                         clk (net)
                      0.375209    0.000000    8.263061 ^ clkbuf_0_clk/A (sky130_fd_sc_hd__clkbuf_16)
     2    0.062104    0.125571    0.406433    8.669494 ^ clkbuf_0_clk/X (sky130_fd_sc_hd__clkbuf_16)
                                                         clknet_0_clk (net)
                      0.125640    0.002643    8.672137 ^ clkbuf_1_0__f_clk/A (sky130_fd_sc_hd__clkbuf_16)
    11    0.138423    0.230208    0.380732    9.052869 ^ clkbuf_1_0__f_clk/X (sky130_fd_sc_hd__clkbuf_16)
                                                         clknet_1_0__leaf_clk (net)
                      0.230434    0.004612    9.057481 ^ clkbuf_leaf_11_clk/A (sky130_fd_sc_hd__clkbuf_8)
    19    0.068415    0.199293    0.403300    9.460781 ^ clkbuf_leaf_11_clk/X (sky130_fd_sc_hd__clkbuf_8)
                                                         clknet_leaf_11_clk (net)
                      0.199305    0.001790    9.462570 ^ _14488_/CLK (sky130_fd_sc_hd__dfrtp_2)
                                 -0.250000    9.212570   clock uncertainty
                                  0.000000    9.212570   clock reconvergence pessimism
                                  0.483431    9.696002   library recovery time
                                              9.696002   data required time
---------------------------------------------------------------------------------------------
                                              9.696002   data required time
                                             -5.519520   data arrival time
---------------------------------------------------------------------------------------------
                                              4.176482   slack (MET)


Startpoint: _14415_ (rising edge-triggered flip-flop clocked by clk)
Endpoint: _14499_ (rising edge-triggered flip-flop clocked by clk)
Path Group: clk
Path Type: max

Fanout         Cap        Slew       Delay        Time   Description
---------------------------------------------------------------------------------------------
                                  0.000000    0.000000   clock clk (rise edge)
                                  0.000000    0.000000   clock source latency
     1    0.052150    0.375145    0.263061    0.263061 ^ clk (in)
                                                         clk (net)
                      0.375209    0.000000    0.263061 ^ clkbuf_0_clk/A (sky130_fd_sc_hd__clkbuf_16)
     2    0.062104    0.125571    0.406433    0.669494 ^ clkbuf_0_clk/X (sky130_fd_sc_hd__clkbuf_16)
                                                         clknet_0_clk (net)
                      0.125640    0.002644    0.672137 ^ clkbuf_1_0__f_clk/A (sky130_fd_sc_hd__clkbuf_16)
    11    0.138423    0.230208    0.380731    1.052869 ^ clkbuf_1_0__f_clk/X (sky130_fd_sc_hd__clkbuf_16)
                                                         clknet_1_0__leaf_clk (net)
                      0.230543    0.006151    1.059019 ^ clkbuf_leaf_17_clk/A (sky130_fd_sc_hd__clkbuf_8)
    25    0.070965    0.205612    0.407829    1.466848 ^ clkbuf_leaf_17_clk/X (sky130_fd_sc_hd__clkbuf_8)
                                                         clknet_leaf_17_clk (net)
                      0.205617    0.001354    1.468202 ^ _14415_/CLK (sky130_fd_sc_hd__dfrtp_1)
     2    0.038071    0.373592    1.070459    2.538661 v _14415_/Q (sky130_fd_sc_hd__dfrtp_1)
                                                         adder_inst.man_b_r[5] (net)
                      0.373595    0.001530    2.540191 v fanout1863/A (sky130_fd_sc_hd__buf_4)
     5    0.065851    0.167602    0.499155    3.039346 v fanout1863/X (sky130_fd_sc_hd__buf_4)
                                                         net1863 (net)
                      0.167927    0.006497    3.045844 v _07125_/A (sky130_fd_sc_hd__inv_2)
     1    0.027528    0.207562    0.236362    3.282205 ^ _07125_/Y (sky130_fd_sc_hd__inv_2)
                                                         _06897_ (net)
                      0.207617    0.002793    3.284998 ^ fanout1160/A (sky130_fd_sc_hd__clkbuf_2)
     3    0.105581    0.873053    0.818474    4.103472 ^ fanout1160/X (sky130_fd_sc_hd__clkbuf_2)
                                                         net1160 (net)
                      0.873118    0.006370    4.109843 ^ fanout1154/A (sky130_fd_sc_hd__buf_2)
     6    0.060949    0.470536    0.774329    4.884172 ^ fanout1154/X (sky130_fd_sc_hd__buf_2)
                                                         net1154 (net)
                      0.470609    0.005884    4.890056 ^ fanout1153/A (sky130_fd_sc_hd__clkbuf_2)
     5    0.049925    0.422198    0.605935    5.495991 ^ fanout1153/X (sky130_fd_sc_hd__clkbuf_2)
                                                         net1153 (net)
                      0.422216    0.003225    5.499217 ^ fanout1151/A (sky130_fd_sc_hd__clkbuf_2)
     5    0.033108    0.286653    0.492549    5.991765 ^ fanout1151/X (sky130_fd_sc_hd__clkbuf_2)
                                                         net1151 (net)
                      0.286653    0.000847    5.992613 ^ _09739_/A2 (sky130_fd_sc_hd__o211ai_1)
     2    0.012906    0.365805    0.411366    6.403979 v _09739_/Y (sky130_fd_sc_hd__o211ai_1)
                                                         _02825_ (net)
                      0.365805    0.000419    6.404397 v _09740_/B (sky130_fd_sc_hd__nand2_1)
     1    0.010047    0.195422    0.306386    6.710784 ^ _09740_/Y (sky130_fd_sc_hd__nand2_1)
                                                         _02826_ (net)
                      0.195422    0.000551    6.711335 ^ _09980_/B1 (sky130_fd_sc_hd__a21o_1)
     2    0.021791    0.304306    0.367606    7.078940 ^ _09980_/X (sky130_fd_sc_hd__a21o_1)
                                                         _03066_ (net)
                      0.304306    0.000774    7.079715 ^ _09981_/B1 (sky130_fd_sc_hd__o21ai_4)
     3    0.031661    0.182423    0.272140    7.351855 v _09981_/Y (sky130_fd_sc_hd__o21ai_4)
                                                         _03067_ (net)
                      0.182559    0.002612    7.354467 v _10005_/B2 (sky130_fd_sc_hd__o2bb2ai_4)
     1    0.011146    0.200533    0.267811    7.622278 ^ _10005_/Y (sky130_fd_sc_hd__o2bb2ai_4)
                                                         _03091_ (net)
                      0.200533    0.000422    7.622700 ^ _10011_/A (sky130_fd_sc_hd__nand3_4)
     2    0.010560    0.128185    0.181888    7.804588 v _10011_/Y (sky130_fd_sc_hd__nand3_4)
                                                         _03097_ (net)
                      0.128185    0.000288    7.804876 v fanout393/A (sky130_fd_sc_hd__buf_6)
     2    0.017242    0.053336    0.248807    8.053683 v fanout393/X (sky130_fd_sc_hd__buf_6)
                                                         net393 (net)
                      0.053346    0.000711    8.054394 v _10054_/A1 (sky130_fd_sc_hd__a21boi_4)
     1    0.010527    0.201190    0.237169    8.291562 ^ _10054_/Y (sky130_fd_sc_hd__a21boi_4)
                                                         _03140_ (net)
                      0.201190    0.000345    8.291907 ^ _10062_/C (sky130_fd_sc_hd__nand3_4)
     3    0.022815    0.204331    0.268929    8.560836 v _10062_/Y (sky130_fd_sc_hd__nand3_4)
                                                         _03148_ (net)
                      0.204334    0.001164    8.562000 v fanout325/A (sky130_fd_sc_hd__buf_6)
     2    0.009488    0.043101    0.272789    8.834789 v fanout325/X (sky130_fd_sc_hd__buf_6)
                                                         net325 (net)
                      0.043101    0.000282    8.835071 v fanout324/A (sky130_fd_sc_hd__buf_8)
     5    0.029080    0.061503    0.220015    9.055086 v fanout324/X (sky130_fd_sc_hd__buf_8)
                                                         net324 (net)
                      0.061514    0.000833    9.055919 v _10364_/A1 (sky130_fd_sc_hd__a21o_1)
     1    0.011268    0.127195    0.348090    9.404009 v _10364_/X (sky130_fd_sc_hd__a21o_1)
                                                         _03450_ (net)
                      0.127195    0.000430    9.404438 v _10367_/C1 (sky130_fd_sc_hd__o211ai_4)
     2    0.016338    0.316880    0.171736    9.576174 ^ _10367_/Y (sky130_fd_sc_hd__o211ai_4)
                                                         _03453_ (net)
                      0.316881    0.000902    9.577076 ^ rebuffer306/A (sky130_fd_sc_hd__buf_6)
     2    0.019566    0.083569    0.290461    9.867537 ^ rebuffer306/X (sky130_fd_sc_hd__buf_6)
                                                         net580 (net)
                      0.083571    0.000506    9.868044 ^ _10588_/A1_N (sky130_fd_sc_hd__o2bb2ai_4)
     3    0.024537    0.319114    0.275876   10.143920 ^ _10588_/Y (sky130_fd_sc_hd__o2bb2ai_4)
                                                         _03674_ (net)
                      0.319114    0.000722   10.144642 ^ _10595_/A (sky130_fd_sc_hd__nand3_4)
     4    0.027810    0.239007    0.307680   10.452322 v _10595_/Y (sky130_fd_sc_hd__nand3_4)
                                                         _03681_ (net)
                      0.239007    0.000851   10.453173 v rebuffer329/A (sky130_fd_sc_hd__buf_6)
     1    0.008632    0.042327    0.287642   10.740815 v rebuffer329/X (sky130_fd_sc_hd__buf_6)
                                                         net1217 (net)
                      0.042327    0.000253   10.741068 v _10797_/A (sky130_fd_sc_hd__nand2_4)
     2    0.019318    0.140585    0.114433   10.855501 ^ _10797_/Y (sky130_fd_sc_hd__nand2_4)
                                                         _03883_ (net)
                      0.140586    0.000694   10.856194 ^ _10804_/A1 (sky130_fd_sc_hd__a21oi_4)
     1    0.009315    0.130983    0.132902   10.989097 v _10804_/Y (sky130_fd_sc_hd__a21oi_4)
                                                         _03890_ (net)
                      0.130994    0.000311   10.989407 v _10806_/B2 (sky130_fd_sc_hd__a22oi_4)
     3    0.020602    0.339313    0.371881   11.361288 ^ _10806_/Y (sky130_fd_sc_hd__a22oi_4)
                                                         _03892_ (net)
                      0.339313    0.000814   11.362103 ^ rebuffer326/A (sky130_fd_sc_hd__buf_6)
     1    0.011625    0.062488    0.278637   11.640739 ^ rebuffer326/X (sky130_fd_sc_hd__buf_6)
                                                         net1146 (net)
                      0.062488    0.000473   11.641212 ^ _11727_/A4 (sky130_fd_sc_hd__a41oi_4)
     1    0.009077    0.204324    0.269145   11.910357 v _11727_/Y (sky130_fd_sc_hd__a41oi_4)
                                                         _04813_ (net)
                      0.204324    0.000201   11.910558 v _11728_/B1 (sky130_fd_sc_hd__o21ai_4)
     2    0.012446    0.225291    0.173761   12.084318 ^ _11728_/Y (sky130_fd_sc_hd__o21ai_4)
                                                         _04814_ (net)
                      0.225291    0.000364   12.084682 ^ _12230_/B1 (sky130_fd_sc_hd__a21oi_4)
     1    0.021437    0.140057    0.145161   12.229843 v _12230_/Y (sky130_fd_sc_hd__a21oi_4)
                                                         _05316_ (net)
                      0.140060    0.000791   12.230635 v wire165/A (sky130_fd_sc_hd__buf_8)
     4    0.066042    0.099929    0.302726   12.533360 v wire165/X (sky130_fd_sc_hd__buf_8)
                                                         net165 (net)
                      0.100889    0.007167   12.540527 v _12238_/A1 (sky130_fd_sc_hd__o21bai_4)
     3    0.048754    0.541896    0.533546   13.074073 ^ _12238_/Y (sky130_fd_sc_hd__o21bai_4)
                                                         _05324_ (net)
                      0.541934    0.003753   13.077826 ^ _12353_/A (sky130_fd_sc_hd__nand3_4)
     2    0.020581    0.233723    0.352546   13.430372 v _12353_/Y (sky130_fd_sc_hd__nand3_4)
                                                         _05439_ (net)
                      0.233725    0.001239   13.431611 v _12403_/A1 (sky130_fd_sc_hd__a21oi_4)
     2    0.015081    0.239721    0.337397   13.769008 ^ _12403_/Y (sky130_fd_sc_hd__a21oi_4)
                                                         _05489_ (net)
                      0.239721    0.000507   13.769515 ^ _12425_/A2 (sky130_fd_sc_hd__o21bai_4)
     3    0.015302    0.131291    0.194465   13.963980 v _12425_/Y (sky130_fd_sc_hd__o21bai_4)
                                                         _05511_ (net)
                      0.131291    0.000465   13.964444 v _12428_/A1 (sky130_fd_sc_hd__a21oi_4)
     3    0.010945    0.212169    0.260586   14.225031 ^ _12428_/Y (sky130_fd_sc_hd__a21oi_4)
                                                         _05514_ (net)
                      0.212170    0.000278   14.225308 ^ _12437_/A2 (sky130_fd_sc_hd__o211ai_2)
     2    0.013500    0.241908    0.295149   14.520457 v _12437_/Y (sky130_fd_sc_hd__o211ai_2)
                                                         _05523_ (net)
                      0.241908    0.000460   14.520917 v fanout148/A (sky130_fd_sc_hd__buf_6)
     2    0.009517    0.043482    0.290465   14.811382 v fanout148/X (sky130_fd_sc_hd__buf_6)
                                                         net148 (net)
                      0.043482    0.000255   14.811638 v fanout147/A (sky130_fd_sc_hd__buf_8)
     5    0.043616    0.079323    0.236885   15.048523 v fanout147/X (sky130_fd_sc_hd__buf_8)
                                                         net147 (net)
                      0.079363    0.001732   15.050255 v fanout146/A (sky130_fd_sc_hd__buf_6)
     2    0.013997    0.048815    0.219737   15.269992 v fanout146/X (sky130_fd_sc_hd__buf_6)
                                                         net146 (net)
                      0.048842    0.000460   15.270452 v fanout142/A (sky130_fd_sc_hd__buf_8)
     3    0.023648    0.055406    0.216014   15.486465 v fanout142/X (sky130_fd_sc_hd__buf_8)
                                                         net142 (net)
                      0.055434    0.001103   15.487569 v _12456_/A (sky130_fd_sc_hd__nand3_4)
     2    0.012090    0.171010    0.100201   15.587770 ^ _12456_/Y (sky130_fd_sc_hd__nand3_4)
                                                         _05542_ (net)
                      0.171010    0.000240   15.588010 ^ _12457_/A (sky130_fd_sc_hd__nand2_4)
     4    0.023299    0.177291    0.172784   15.760794 v _12457_/Y (sky130_fd_sc_hd__nand2_4)
                                                         _05543_ (net)
                      0.177291    0.000698   15.761492 v _12466_/B (sky130_fd_sc_hd__nor3_4)
     2    0.012461    0.312581    0.396552   16.158045 ^ _12466_/Y (sky130_fd_sc_hd__nor3_4)
                                                         _05552_ (net)
                      0.312581    0.000433   16.158478 ^ max_cap118/A (sky130_fd_sc_hd__buf_6)
     4    0.020073    0.084953    0.290118   16.448595 ^ max_cap118/X (sky130_fd_sc_hd__buf_6)
                                                         net118 (net)
                      0.084958    0.000751   16.449347 ^ _12491_/B (sky130_fd_sc_hd__nand3_4)
     4    0.027856    0.224665    0.244428   16.693775 v _12491_/Y (sky130_fd_sc_hd__nand3_4)
                                                         _05577_ (net)
                      0.224679    0.001432   16.695208 v fanout115/A (sky130_fd_sc_hd__buf_8)
     5    0.031582    0.064360    0.309726   17.004932 v fanout115/X (sky130_fd_sc_hd__buf_8)
                                                         net115 (net)
                      0.064394    0.001375   17.006308 v _12526_/B (sky130_fd_sc_hd__nor2_8)
     2    0.041351    0.276943    0.261696   17.268003 ^ _12526_/Y (sky130_fd_sc_hd__nor2_8)
                                                         _05612_ (net)
                      0.276965    0.001998   17.270002 ^ fanout103/A (sky130_fd_sc_hd__buf_8)
     4    0.032277    0.101163    0.287141   17.557144 ^ fanout103/X (sky130_fd_sc_hd__buf_8)
                                                         net103 (net)
                      0.101163    0.000435   17.557579 ^ fanout102/A (sky130_fd_sc_hd__buf_8)
     5    0.036490    0.109765    0.222265   17.779844 ^ fanout102/X (sky130_fd_sc_hd__buf_8)
                                                         net102 (net)
                      0.109781    0.001357   17.781200 ^ _12620_/A (sky130_fd_sc_hd__nand4_4)
     3    0.026080    0.301149    0.279883   18.061085 v _12620_/Y (sky130_fd_sc_hd__nand4_4)
                                                         _05702_ (net)
                      0.301149    0.000975   18.062059 v _12623_/A1 (sky130_fd_sc_hd__o211ai_2)
     1    0.005119    0.215809    0.364318   18.426378 ^ _12623_/Y (sky130_fd_sc_hd__o211ai_2)
                                                         _05705_ (net)
                      0.215809    0.000110   18.426487 ^ _12625_/A (sky130_fd_sc_hd__nand2_2)
     2    0.005605    0.087668    0.150878   18.577366 v _12625_/Y (sky130_fd_sc_hd__nand2_2)
                                                         multiplier_inst.exp_final[5] (net)
                      0.087668    0.000160   18.577526 v _12715_/A (sky130_fd_sc_hd__nand3_1)
     1    0.002945    0.096417    0.112314   18.689840 ^ _12715_/Y (sky130_fd_sc_hd__nand3_1)
                                                         _05780_ (net)
                      0.096417    0.000085   18.689924 ^ _12717_/A (sky130_fd_sc_hd__nand2_1)
     1    0.004167    0.090297    0.122474   18.812399 v _12717_/Y (sky130_fd_sc_hd__nand2_1)
                                                         multiplier_inst.overflow_calc (net)
                      0.090297    0.000139   18.812538 v _14499_/D (sky130_fd_sc_hd__dfrtp_1)
                                             18.812538   data arrival time

                                  8.000000    8.000000   clock clk (rise edge)
                                  0.000000    8.000000   clock source latency
     1    0.052150    0.375145    0.263061    8.263061 ^ clk (in)
                                                         clk (net)
                      0.375209    0.000000    8.263061 ^ clkbuf_0_clk/A (sky130_fd_sc_hd__clkbuf_16)
     2    0.062104    0.125571    0.406433    8.669494 ^ clkbuf_0_clk/X (sky130_fd_sc_hd__clkbuf_16)
                                                         clknet_0_clk (net)
                      0.125611    0.002116    8.671610 ^ clkbuf_1_1__f_clk/A (sky130_fd_sc_hd__clkbuf_16)
    11    0.116959    0.200897    0.356107    9.027717 ^ clkbuf_1_1__f_clk/X (sky130_fd_sc_hd__clkbuf_16)
                                                         clknet_1_1__leaf_clk (net)
                      0.201308    0.006446    9.034163 ^ clkbuf_leaf_8_clk/A (sky130_fd_sc_hd__clkbuf_8)
    26    0.074045    0.213014    0.400468    9.434631 ^ clkbuf_leaf_8_clk/X (sky130_fd_sc_hd__clkbuf_8)
                                                         clknet_leaf_8_clk (net)
                      0.213018    0.001316    9.435947 ^ _14499_/CLK (sky130_fd_sc_hd__dfrtp_1)
                                 -0.250000    9.185947   clock uncertainty
                                  0.000000    9.185947   clock reconvergence pessimism
                                 -0.246893    8.939054   library setup time
                                              8.939054   data required time
---------------------------------------------------------------------------------------------
                                              8.939054   data required time
                                            -18.812538   data arrival time
---------------------------------------------------------------------------------------------
                                             -9.873484   slack (VIOLATED)




===========================================================================
report_checks --slack_max -0.01
============================================================================
======================= nom_ss_100C_1v60 Corner ===================================

Startpoint: _14415_ (rising edge-triggered flip-flop clocked by clk)
Endpoint: _14499_ (rising edge-triggered flip-flop clocked by clk)
Path Group: clk
Path Type: max

Fanout         Cap        Slew       Delay        Time   Description
---------------------------------------------------------------------------------------------
                                  0.000000    0.000000   clock clk (rise edge)
                                  0.000000    0.000000   clock source latency
     1    0.052150    0.375145    0.263061    0.263061 ^ clk (in)
                                                         clk (net)
                      0.375209    0.000000    0.263061 ^ clkbuf_0_clk/A (sky130_fd_sc_hd__clkbuf_16)
     2    0.062104    0.125571    0.406433    0.669494 ^ clkbuf_0_clk/X (sky130_fd_sc_hd__clkbuf_16)
                                                         clknet_0_clk (net)
                      0.125640    0.002644    0.672137 ^ clkbuf_1_0__f_clk/A (sky130_fd_sc_hd__clkbuf_16)
    11    0.138423    0.230208    0.380731    1.052869 ^ clkbuf_1_0__f_clk/X (sky130_fd_sc_hd__clkbuf_16)
                                                         clknet_1_0__leaf_clk (net)
                      0.230543    0.006151    1.059019 ^ clkbuf_leaf_17_clk/A (sky130_fd_sc_hd__clkbuf_8)
    25    0.070965    0.205612    0.407829    1.466848 ^ clkbuf_leaf_17_clk/X (sky130_fd_sc_hd__clkbuf_8)
                                                         clknet_leaf_17_clk (net)
                      0.205617    0.001354    1.468202 ^ _14415_/CLK (sky130_fd_sc_hd__dfrtp_1)
     2    0.038071    0.373592    1.070459    2.538661 v _14415_/Q (sky130_fd_sc_hd__dfrtp_1)
                                                         adder_inst.man_b_r[5] (net)
                      0.373595    0.001530    2.540191 v fanout1863/A (sky130_fd_sc_hd__buf_4)
     5    0.065851    0.167602    0.499155    3.039346 v fanout1863/X (sky130_fd_sc_hd__buf_4)
                                                         net1863 (net)
                      0.167927    0.006497    3.045844 v _07125_/A (sky130_fd_sc_hd__inv_2)
     1    0.027528    0.207562    0.236362    3.282205 ^ _07125_/Y (sky130_fd_sc_hd__inv_2)
                                                         _06897_ (net)
                      0.207617    0.002793    3.284998 ^ fanout1160/A (sky130_fd_sc_hd__clkbuf_2)
     3    0.105581    0.873053    0.818474    4.103472 ^ fanout1160/X (sky130_fd_sc_hd__clkbuf_2)
                                                         net1160 (net)
                      0.873118    0.006370    4.109843 ^ fanout1154/A (sky130_fd_sc_hd__buf_2)
     6    0.060949    0.470536    0.774329    4.884172 ^ fanout1154/X (sky130_fd_sc_hd__buf_2)
                                                         net1154 (net)
                      0.470609    0.005884    4.890056 ^ fanout1153/A (sky130_fd_sc_hd__clkbuf_2)
     5    0.049925    0.422198    0.605935    5.495991 ^ fanout1153/X (sky130_fd_sc_hd__clkbuf_2)
                                                         net1153 (net)
                      0.422216    0.003225    5.499217 ^ fanout1151/A (sky130_fd_sc_hd__clkbuf_2)
     5    0.033108    0.286653    0.492549    5.991765 ^ fanout1151/X (sky130_fd_sc_hd__clkbuf_2)
                                                         net1151 (net)
                      0.286653    0.000847    5.992613 ^ _09739_/A2 (sky130_fd_sc_hd__o211ai_1)
     2    0.012906    0.365805    0.411366    6.403979 v _09739_/Y (sky130_fd_sc_hd__o211ai_1)
                                                         _02825_ (net)
                      0.365805    0.000419    6.404397 v _09740_/B (sky130_fd_sc_hd__nand2_1)
     1    0.010047    0.195422    0.306386    6.710784 ^ _09740_/Y (sky130_fd_sc_hd__nand2_1)
                                                         _02826_ (net)
                      0.195422    0.000551    6.711335 ^ _09980_/B1 (sky130_fd_sc_hd__a21o_1)
     2    0.021791    0.304306    0.367606    7.078940 ^ _09980_/X (sky130_fd_sc_hd__a21o_1)
                                                         _03066_ (net)
                      0.304306    0.000774    7.079715 ^ _09981_/B1 (sky130_fd_sc_hd__o21ai_4)
     3    0.031661    0.182423    0.272140    7.351855 v _09981_/Y (sky130_fd_sc_hd__o21ai_4)
                                                         _03067_ (net)
                      0.182559    0.002612    7.354467 v _10005_/B2 (sky130_fd_sc_hd__o2bb2ai_4)
     1    0.011146    0.200533    0.267811    7.622278 ^ _10005_/Y (sky130_fd_sc_hd__o2bb2ai_4)
                                                         _03091_ (net)
                      0.200533    0.000422    7.622700 ^ _10011_/A (sky130_fd_sc_hd__nand3_4)
     2    0.010560    0.128185    0.181888    7.804588 v _10011_/Y (sky130_fd_sc_hd__nand3_4)
                                                         _03097_ (net)
                      0.128185    0.000288    7.804876 v fanout393/A (sky130_fd_sc_hd__buf_6)
     2    0.017242    0.053336    0.248807    8.053683 v fanout393/X (sky130_fd_sc_hd__buf_6)
                                                         net393 (net)
                      0.053346    0.000711    8.054394 v _10054_/A1 (sky130_fd_sc_hd__a21boi_4)
     1    0.010527    0.201190    0.237169    8.291562 ^ _10054_/Y (sky130_fd_sc_hd__a21boi_4)
                                                         _03140_ (net)
                      0.201190    0.000345    8.291907 ^ _10062_/C (sky130_fd_sc_hd__nand3_4)
     3    0.022815    0.204331    0.268929    8.560836 v _10062_/Y (sky130_fd_sc_hd__nand3_4)
                                                         _03148_ (net)
                      0.204334    0.001164    8.562000 v fanout325/A (sky130_fd_sc_hd__buf_6)
     2    0.009488    0.043101    0.272789    8.834789 v fanout325/X (sky130_fd_sc_hd__buf_6)
                                                         net325 (net)
                      0.043101    0.000282    8.835071 v fanout324/A (sky130_fd_sc_hd__buf_8)
     5    0.029080    0.061503    0.220015    9.055086 v fanout324/X (sky130_fd_sc_hd__buf_8)
                                                         net324 (net)
                      0.061514    0.000833    9.055919 v _10364_/A1 (sky130_fd_sc_hd__a21o_1)
     1    0.011268    0.127195    0.348090    9.404009 v _10364_/X (sky130_fd_sc_hd__a21o_1)
                                                         _03450_ (net)
                      0.127195    0.000430    9.404438 v _10367_/C1 (sky130_fd_sc_hd__o211ai_4)
     2    0.016338    0.316880    0.171736    9.576174 ^ _10367_/Y (sky130_fd_sc_hd__o211ai_4)
                                                         _03453_ (net)
                      0.316881    0.000902    9.577076 ^ rebuffer306/A (sky130_fd_sc_hd__buf_6)
     2    0.019566    0.083569    0.290461    9.867537 ^ rebuffer306/X (sky130_fd_sc_hd__buf_6)
                                                         net580 (net)
                      0.083571    0.000506    9.868044 ^ _10588_/A1_N (sky130_fd_sc_hd__o2bb2ai_4)
     3    0.024537    0.319114    0.275876   10.143920 ^ _10588_/Y (sky130_fd_sc_hd__o2bb2ai_4)
                                                         _03674_ (net)
                      0.319114    0.000722   10.144642 ^ _10595_/A (sky130_fd_sc_hd__nand3_4)
     4    0.027810    0.239007    0.307680   10.452322 v _10595_/Y (sky130_fd_sc_hd__nand3_4)
                                                         _03681_ (net)
                      0.239007    0.000851   10.453173 v rebuffer329/A (sky130_fd_sc_hd__buf_6)
     1    0.008632    0.042327    0.287642   10.740815 v rebuffer329/X (sky130_fd_sc_hd__buf_6)
                                                         net1217 (net)
                      0.042327    0.000253   10.741068 v _10797_/A (sky130_fd_sc_hd__nand2_4)
     2    0.019318    0.140585    0.114433   10.855501 ^ _10797_/Y (sky130_fd_sc_hd__nand2_4)
                                                         _03883_ (net)
                      0.140586    0.000694   10.856194 ^ _10804_/A1 (sky130_fd_sc_hd__a21oi_4)
     1    0.009315    0.130983    0.132902   10.989097 v _10804_/Y (sky130_fd_sc_hd__a21oi_4)
                                                         _03890_ (net)
                      0.130994    0.000311   10.989407 v _10806_/B2 (sky130_fd_sc_hd__a22oi_4)
     3    0.020602    0.339313    0.371881   11.361288 ^ _10806_/Y (sky130_fd_sc_hd__a22oi_4)
                                                         _03892_ (net)
                      0.339313    0.000814   11.362103 ^ rebuffer326/A (sky130_fd_sc_hd__buf_6)
     1    0.011625    0.062488    0.278637   11.640739 ^ rebuffer326/X (sky130_fd_sc_hd__buf_6)
                                                         net1146 (net)
                      0.062488    0.000473   11.641212 ^ _11727_/A4 (sky130_fd_sc_hd__a41oi_4)
     1    0.009077    0.204324    0.269145   11.910357 v _11727_/Y (sky130_fd_sc_hd__a41oi_4)
                                                         _04813_ (net)
                      0.204324    0.000201   11.910558 v _11728_/B1 (sky130_fd_sc_hd__o21ai_4)
     2    0.012446    0.225291    0.173761   12.084318 ^ _11728_/Y (sky130_fd_sc_hd__o21ai_4)
                                                         _04814_ (net)
                      0.225291    0.000364   12.084682 ^ _12230_/B1 (sky130_fd_sc_hd__a21oi_4)
     1    0.021437    0.140057    0.145161   12.229843 v _12230_/Y (sky130_fd_sc_hd__a21oi_4)
                                                         _05316_ (net)
                      0.140060    0.000791   12.230635 v wire165/A (sky130_fd_sc_hd__buf_8)
     4    0.066042    0.099929    0.302726   12.533360 v wire165/X (sky130_fd_sc_hd__buf_8)
                                                         net165 (net)
                      0.100889    0.007167   12.540527 v _12238_/A1 (sky130_fd_sc_hd__o21bai_4)
     3    0.048754    0.541896    0.533546   13.074073 ^ _12238_/Y (sky130_fd_sc_hd__o21bai_4)
                                                         _05324_ (net)
                      0.541934    0.003753   13.077826 ^ _12353_/A (sky130_fd_sc_hd__nand3_4)
     2    0.020581    0.233723    0.352546   13.430372 v _12353_/Y (sky130_fd_sc_hd__nand3_4)
                                                         _05439_ (net)
                      0.233725    0.001239   13.431611 v _12403_/A1 (sky130_fd_sc_hd__a21oi_4)
     2    0.015081    0.239721    0.337397   13.769008 ^ _12403_/Y (sky130_fd_sc_hd__a21oi_4)
                                                         _05489_ (net)
                      0.239721    0.000507   13.769515 ^ _12425_/A2 (sky130_fd_sc_hd__o21bai_4)
     3    0.015302    0.131291    0.194465   13.963980 v _12425_/Y (sky130_fd_sc_hd__o21bai_4)
                                                         _05511_ (net)
                      0.131291    0.000465   13.964444 v _12428_/A1 (sky130_fd_sc_hd__a21oi_4)
     3    0.010945    0.212169    0.260586   14.225031 ^ _12428_/Y (sky130_fd_sc_hd__a21oi_4)
                                                         _05514_ (net)
                      0.212170    0.000278   14.225308 ^ _12437_/A2 (sky130_fd_sc_hd__o211ai_2)
     2    0.013500    0.241908    0.295149   14.520457 v _12437_/Y (sky130_fd_sc_hd__o211ai_2)
                                                         _05523_ (net)
                      0.241908    0.000460   14.520917 v fanout148/A (sky130_fd_sc_hd__buf_6)
     2    0.009517    0.043482    0.290465   14.811382 v fanout148/X (sky130_fd_sc_hd__buf_6)
                                                         net148 (net)
                      0.043482    0.000255   14.811638 v fanout147/A (sky130_fd_sc_hd__buf_8)
     5    0.043616    0.079323    0.236885   15.048523 v fanout147/X (sky130_fd_sc_hd__buf_8)
                                                         net147 (net)
                      0.079363    0.001732   15.050255 v fanout146/A (sky130_fd_sc_hd__buf_6)
     2    0.013997    0.048815    0.219737   15.269992 v fanout146/X (sky130_fd_sc_hd__buf_6)
                                                         net146 (net)
                      0.048842    0.000460   15.270452 v fanout142/A (sky130_fd_sc_hd__buf_8)
     3    0.023648    0.055406    0.216014   15.486465 v fanout142/X (sky130_fd_sc_hd__buf_8)
                                                         net142 (net)
                      0.055434    0.001103   15.487569 v _12456_/A (sky130_fd_sc_hd__nand3_4)
     2    0.012090    0.171010    0.100201   15.587770 ^ _12456_/Y (sky130_fd_sc_hd__nand3_4)
                                                         _05542_ (net)
                      0.171010    0.000240   15.588010 ^ _12457_/A (sky130_fd_sc_hd__nand2_4)
     4    0.023299    0.177291    0.172784   15.760794 v _12457_/Y (sky130_fd_sc_hd__nand2_4)
                                                         _05543_ (net)
                      0.177291    0.000698   15.761492 v _12466_/B (sky130_fd_sc_hd__nor3_4)
     2    0.012461    0.312581    0.396552   16.158045 ^ _12466_/Y (sky130_fd_sc_hd__nor3_4)
                                                         _05552_ (net)
                      0.312581    0.000433   16.158478 ^ max_cap118/A (sky130_fd_sc_hd__buf_6)
     4    0.020073    0.084953    0.290118   16.448595 ^ max_cap118/X (sky130_fd_sc_hd__buf_6)
                                                         net118 (net)
                      0.084958    0.000751   16.449347 ^ _12491_/B (sky130_fd_sc_hd__nand3_4)
     4    0.027856    0.224665    0.244428   16.693775 v _12491_/Y (sky130_fd_sc_hd__nand3_4)
                                                         _05577_ (net)
                      0.224679    0.001432   16.695208 v fanout115/A (sky130_fd_sc_hd__buf_8)
     5    0.031582    0.064360    0.309726   17.004932 v fanout115/X (sky130_fd_sc_hd__buf_8)
                                                         net115 (net)
                      0.064394    0.001375   17.006308 v _12526_/B (sky130_fd_sc_hd__nor2_8)
     2    0.041351    0.276943    0.261696   17.268003 ^ _12526_/Y (sky130_fd_sc_hd__nor2_8)
                                                         _05612_ (net)
                      0.276965    0.001998   17.270002 ^ fanout103/A (sky130_fd_sc_hd__buf_8)
     4    0.032277    0.101163    0.287141   17.557144 ^ fanout103/X (sky130_fd_sc_hd__buf_8)
                                                         net103 (net)
                      0.101163    0.000435   17.557579 ^ fanout102/A (sky130_fd_sc_hd__buf_8)
     5    0.036490    0.109765    0.222265   17.779844 ^ fanout102/X (sky130_fd_sc_hd__buf_8)
                                                         net102 (net)
                      0.109781    0.001357   17.781200 ^ _12620_/A (sky130_fd_sc_hd__nand4_4)
     3    0.026080    0.301149    0.279883   18.061085 v _12620_/Y (sky130_fd_sc_hd__nand4_4)
                                                         _05702_ (net)
                      0.301149    0.000975   18.062059 v _12623_/A1 (sky130_fd_sc_hd__o211ai_2)
     1    0.005119    0.215809    0.364318   18.426378 ^ _12623_/Y (sky130_fd_sc_hd__o211ai_2)
                                                         _05705_ (net)
                      0.215809    0.000110   18.426487 ^ _12625_/A (sky130_fd_sc_hd__nand2_2)
     2    0.005605    0.087668    0.150878   18.577366 v _12625_/Y (sky130_fd_sc_hd__nand2_2)
                                                         multiplier_inst.exp_final[5] (net)
                      0.087668    0.000160   18.577526 v _12715_/A (sky130_fd_sc_hd__nand3_1)
     1    0.002945    0.096417    0.112314   18.689840 ^ _12715_/Y (sky130_fd_sc_hd__nand3_1)
                                                         _05780_ (net)
                      0.096417    0.000085   18.689924 ^ _12717_/A (sky130_fd_sc_hd__nand2_1)
     1    0.004167    0.090297    0.122474   18.812399 v _12717_/Y (sky130_fd_sc_hd__nand2_1)
                                                         multiplier_inst.overflow_calc (net)
                      0.090297    0.000139   18.812538 v _14499_/D (sky130_fd_sc_hd__dfrtp_1)
                                             18.812538   data arrival time

                                  8.000000    8.000000   clock clk (rise edge)
                                  0.000000    8.000000   clock source latency
     1    0.052150    0.375145    0.263061    8.263061 ^ clk (in)
                                                         clk (net)
                      0.375209    0.000000    8.263061 ^ clkbuf_0_clk/A (sky130_fd_sc_hd__clkbuf_16)
     2    0.062104    0.125571    0.406433    8.669494 ^ clkbuf_0_clk/X (sky130_fd_sc_hd__clkbuf_16)
                                                         clknet_0_clk (net)
                      0.125611    0.002116    8.671610 ^ clkbuf_1_1__f_clk/A (sky130_fd_sc_hd__clkbuf_16)
    11    0.116959    0.200897    0.356107    9.027717 ^ clkbuf_1_1__f_clk/X (sky130_fd_sc_hd__clkbuf_16)
                                                         clknet_1_1__leaf_clk (net)
                      0.201308    0.006446    9.034163 ^ clkbuf_leaf_8_clk/A (sky130_fd_sc_hd__clkbuf_8)
    26    0.074045    0.213014    0.400468    9.434631 ^ clkbuf_leaf_8_clk/X (sky130_fd_sc_hd__clkbuf_8)
                                                         clknet_leaf_8_clk (net)
                      0.213018    0.001316    9.435947 ^ _14499_/CLK (sky130_fd_sc_hd__dfrtp_1)
                                 -0.250000    9.185947   clock uncertainty
                                  0.000000    9.185947   clock reconvergence pessimism
                                 -0.246893    8.939054   library setup time
                                              8.939054   data required time
---------------------------------------------------------------------------------------------
                                              8.939054   data required time
                                            -18.812538   data arrival time
---------------------------------------------------------------------------------------------
                                             -9.873484   slack (VIOLATED)




===========================================================================
 report_check_types -max_slew -max_cap -max_fanout -violators
============================================================================
======================= nom_ss_100C_1v60 Corner ===================================

max slew

Pin                                        Limit        Slew       Slack
------------------------------------------------------------------------
_13133_/A2                              0.750000    1.686486   -0.936486 (VIOLATED)
_13134_/A2                              0.750000    1.686487   -0.936487 (VIOLATED)
_13131_/Y                               0.750000    1.686464   -0.936464 (VIOLATED)
fanout790/A                             0.750000    1.298783   -0.548783 (VIOLATED)
_12443_/Y                               0.750000    1.298775   -0.548775 (VIOLATED)
_12456_/C                               0.750000    1.189208   -0.439208 (VIOLATED)
_13822_/A2                              0.750000    1.189205   -0.439205 (VIOLATED)
_13859_/A1                              0.750000    1.189197   -0.439197 (VIOLATED)
_12455_/X                               0.750000    1.189086   -0.439086 (VIOLATED)
_13823_/A2                              0.750000    1.061912   -0.311912 (VIOLATED)
ANTENNA_94/DIODE                        0.750000    1.061912   -0.311912 (VIOLATED)
_13116_/A1                              0.750000    1.061902   -0.311902 (VIOLATED)
fanout1097/X                            0.750000    1.061900   -0.311901 (VIOLATED)
fanout1532/A                            0.750000    1.018723   -0.268723 (VIOLATED)
fanout1540/A                            0.750000    1.018707   -0.268707 (VIOLATED)
rebuffer47/X                            0.750000    1.018694   -0.268694 (VIOLATED)
ANTENNA_60/DIODE                        0.750000    0.972509   -0.222509 (VIOLATED)
fanout2217/A                            0.750000    0.972509   -0.222509 (VIOLATED)
ANTENNA_106/DIODE                       0.750000    0.972505   -0.222505 (VIOLATED)
ANTENNA_61/DIODE                        0.750000    0.972504   -0.222504 (VIOLATED)
fanout2224/A                            0.750000    0.972504   -0.222504 (VIOLATED)
rebuffer34/X                            0.750000    0.972489   -0.222489 (VIOLATED)
fanout497/A                             0.750000    0.971347   -0.221347 (VIOLATED)
fanout487/A                             0.750000    0.971330   -0.221330 (VIOLATED)
fanout498/X                             0.750000    0.971316   -0.221316 (VIOLATED)
_13528_/A2                              0.750000    0.954700   -0.204700 (VIOLATED)
_13602_/A2                              0.750000    0.954698   -0.204698 (VIOLATED)
_13600_/B1                              0.750000    0.954696   -0.204696 (VIOLATED)
_13524_/Y                               0.750000    0.954692   -0.204692 (VIOLATED)
fanout1782/A                            0.750000    0.949739   -0.199739 (VIOLATED)
_14418_/Q                               0.750000    0.948637   -0.198637 (VIOLATED)
fanout1772/A                            0.750000    0.948637   -0.198637 (VIOLATED)
_12496_/B                               0.750000    0.926347   -0.176347 (VIOLATED)
_12501_/C                               0.750000    0.926346   -0.176346 (VIOLATED)
_12495_/Y                               0.750000    0.926341   -0.176341 (VIOLATED)
fanout1757/A                            0.750000    0.913554   -0.163554 (VIOLATED)
fanout1743/A                            0.750000    0.913420   -0.163420 (VIOLATED)
_14419_/Q                               0.750000    0.913417   -0.163417 (VIOLATED)
_12427_/B1                              0.750000    0.900604   -0.150604 (VIOLATED)
_12426_/Y                               0.750000    0.900603   -0.150603 (VIOLATED)
_12428_/A2                              0.750000    0.900603   -0.150603 (VIOLATED)
_12429_/A2                              0.750000    0.900603   -0.150603 (VIOLATED)
_12534_/C                               0.750000    0.900603   -0.150603 (VIOLATED)
fanout1154/A                            0.750000    0.873118   -0.123118 (VIOLATED)
ANTENNA_34/DIODE                        0.750000    0.873118   -0.123118 (VIOLATED)
fanout1159/A                            0.750000    0.873056   -0.123056 (VIOLATED)
fanout1160/X                            0.750000    0.873053   -0.123053 (VIOLATED)
fanout1667/A                            0.750000    0.863134   -0.113134 (VIOLATED)
ANTENNA_12/DIODE                        0.750000    0.863130   -0.113130 (VIOLATED)
fanout1650/A                            0.750000    0.862830   -0.112830 (VIOLATED)
_14422_/Q                               0.750000    0.862768   -0.112768 (VIOLATED)
_13525_/A1                              0.750000    0.845757   -0.095757 (VIOLATED)
_13603_/A2                              0.750000    0.845757   -0.095757 (VIOLATED)
_13521_/Y                               0.750000    0.845754   -0.095754 (VIOLATED)
_13207_/B1                              0.750000    0.825606   -0.075606 (VIOLATED)
fanout1984/A                            0.750000    0.825598   -0.075599 (VIOLATED)
fanout1983/A                            0.750000    0.825597   -0.075597 (VIOLATED)
fanout1985/X                            0.750000    0.825597   -0.075597 (VIOLATED)
_12467_/C                               0.750000    0.825009   -0.075009 (VIOLATED)
_12463_/B1_N                            0.750000    0.825008   -0.075009 (VIOLATED)
_12462_/Y                               0.750000    0.824957   -0.074957 (VIOLATED)
_10120_/B1                              0.750000    0.813344   -0.063344 (VIOLATED)
_10121_/C                               0.750000    0.813344   -0.063344 (VIOLATED)
_10369_/A1                              0.750000    0.813344   -0.063344 (VIOLATED)
_09864_/Y                               0.750000    0.813342   -0.063342 (VIOLATED)
_10148_/A3                              0.750000    0.813342   -0.063342 (VIOLATED)
_10152_/B                               0.750000    0.813342   -0.063342 (VIOLATED)
_13039_/A1                              0.750000    0.784193   -0.034193 (VIOLATED)
_13078_/A2                              0.750000    0.784193   -0.034193 (VIOLATED)
_13030_/Y                               0.750000    0.784191   -0.034191 (VIOLATED)
_13037_/B1                              0.750000    0.784191   -0.034191 (VIOLATED)
_11792_/Y                               0.750000    0.780125   -0.030125 (VIOLATED)
_11793_/B1                              0.750000    0.780125   -0.030125 (VIOLATED)
_11794_/A2                              0.750000    0.780125   -0.030125 (VIOLATED)
_12460_/A                               0.750000    0.777323   -0.027323 (VIOLATED)
_12464_/A1                              0.750000    0.777320   -0.027320 (VIOLATED)
_13860_/A1                              0.750000    0.777319   -0.027319 (VIOLATED)
_12459_/Y                               0.750000    0.777264   -0.027264 (VIOLATED)
_13238_/A1                              0.750000    0.765785   -0.015785 (VIOLATED)
_13166_/B                               0.750000    0.765785   -0.015785 (VIOLATED)
_13163_/Y                               0.750000    0.765784   -0.015784 (VIOLATED)
_13217_/B                               0.750000    0.765784   -0.015784 (VIOLATED)
fanout1104/A                            0.750000    0.763700   -0.013700 (VIOLATED)
fanout1107/A                            0.750000    0.763312   -0.013312 (VIOLATED)
fanout1108/X                            0.750000    0.763310   -0.013310 (VIOLATED)
_12473_/B                               0.750000    0.753377   -0.003377 (VIOLATED)
_13865_/A2                              0.750000    0.753377   -0.003377 (VIOLATED)
_13869_/A0                              0.750000    0.753377   -0.003377 (VIOLATED)
_12472_/X                               0.750000    0.753332   -0.003332 (VIOLATED)

max fanout

Pin                                   Limit Fanout  Slack
---------------------------------------------------------
clkbuf_leaf_8_clk/X                       5     26    -21 (VIOLATED)
clkbuf_leaf_12_clk/X                      5     25    -20 (VIOLATED)
clkbuf_leaf_17_clk/X                      5     25    -20 (VIOLATED)
clkbuf_leaf_7_clk/X                       5     25    -20 (VIOLATED)
clkbuf_leaf_0_clk/X                       5     24    -19 (VIOLATED)
clkbuf_leaf_4_clk/X                       5     21    -16 (VIOLATED)
clkbuf_leaf_20_clk/X                      5     20    -15 (VIOLATED)
clkbuf_leaf_11_clk/X                      5     19    -14 (VIOLATED)
clkbuf_leaf_14_clk/X                      5     19    -14 (VIOLATED)
clkbuf_leaf_6_clk/X                       5     18    -13 (VIOLATED)
clkbuf_leaf_1_clk/X                       5     17    -12 (VIOLATED)
clkbuf_leaf_5_clk/X                       5     17    -12 (VIOLATED)
clkbuf_leaf_18_clk/X                      5     16    -11 (VIOLATED)
clkbuf_leaf_3_clk/X                       5     12     -7 (VIOLATED)
clkbuf_1_0__f_clk/X                       5     11     -6 (VIOLATED)
clkbuf_1_1__f_clk/X                       5     11     -6 (VIOLATED)
clkbuf_leaf_2_clk/X                       5     11     -6 (VIOLATED)
clkbuf_leaf_15_clk/X                      5     10     -5 (VIOLATED)
clkbuf_leaf_9_clk/X                       5      9     -4 (VIOLATED)
fanout923/X                               5      8     -3 (VIOLATED)
_08804_/Y                                 5      7     -2 (VIOLATED)
clkbuf_leaf_10_clk/X                      5      7     -2 (VIOLATED)
fanout1203/X                              5      7     -2 (VIOLATED)
fanout912/X                               5      7     -2 (VIOLATED)
_08138_/Y                                 5      6        (VIOLATED)
fanout1033/X                              5      6        (VIOLATED)
fanout1099/X                              5      6        (VIOLATED)
fanout1116/X                              5      6        (VIOLATED)
fanout1154/X                              5      6        (VIOLATED)
fanout1811/X                              5      6        (VIOLATED)
fanout1840/X                              5      6        (VIOLATED)
fanout2591/X                              5      6        (VIOLATED)
fanout790/X                               5      6        (VIOLATED)
fanout916/X                               5      6        (VIOLATED)

max capacitance

Pin                                        Limit         Cap       Slack
------------------------------------------------------------------------
_13131_/Y                               0.047617    0.054451   -0.006834 (VIOLATED)



===========================================================================
report_parasitic_annotation -report_unannotated
============================================================================
Found 20 unannotated drivers.
 clkload0/X
 clkload1/Y
 clkload10/X
 clkload11/Y
 clkload12/Y
 clkload13/Y
 clkload14/Y
 clkload15/Y
 clkload16/Y
 clkload17/X
 clkload18/Y
 clkload19/Y
 clkload2/Y
 clkload3/Y
 clkload4/Y
 clkload5/Y
 clkload6/Y
 clkload7/X
 clkload8/Y
 clkload9/Y
Found 0 partially unannotated drivers.

===========================================================================
max slew violation count 89
max fanout violation count 34
max cap violation count 1
============================================================================

===========================================================================
check_setup -verbose -unconstrained_endpoints -multiple_clock -no_clock -no_input_delay -loops -generated_clocks
===========================================================================
