Clock: clk
Sources: clk 
Generated: no
Virtual: yes
Propagated: no
Period: 8.000000

===========================================================================
report_clock_properties
============================================================================
Clock                   Period          Waveform
----------------------------------------------------
clk                   8.000000    0.000000  4.000000

===========================================================================
report_clock_latency
============================================================================
Clock clk
rise -> rise
    min     max
0.000000 0.000000 source latency
1.402569         network latency _14479_/CLK
        1.469831 network latency _14431_/CLK
---------------
1.402569 1.469831 latency
        0.067261 skew

fall -> fall
    min     max
0.000000 0.000000 source latency
1.228387         network latency _14479_/CLK
        1.278380 network latency _14431_/CLK
---------------
1.228387 1.278380 latency
        0.049992 skew



===========================================================================
report_clock_min_period
============================================================================
clk period_min = 17.87 fmax = 55.95
