
===========================================================================
report_checks -unconstrained
===========================================================================
======================= nom_tt_025C_1v80 Corner ===================================

Startpoint: rst (input port clocked by clk)
Endpoint: _14488_ (recovery check against rising-edge clock clk)
Path Group: asynchronous
Path Type: max

Fanout         Cap        Slew       Delay        Time   Description
---------------------------------------------------------------------------------------------
                                  0.000000    0.000000   clock clk (rise edge)
                                  0.000000    0.000000   clock network delay (propagated)
                                  1.600000    1.600000 v input external delay
     1    0.002664    0.008317    0.004183    1.604182 v rst (in)
                                                         rst (net)
                      0.008317    0.000000    1.604182 v input67/A (sky130_fd_sc_hd__buf_1)
     1    0.006243    0.044553    0.088316    1.692498 v input67/X (sky130_fd_sc_hd__buf_1)
                                                         net67 (net)
                      0.044553    0.000081    1.692579 v fanout2918/A (sky130_fd_sc_hd__clkbuf_2)
     2    0.022201    0.089707    0.154831    1.847411 v fanout2918/X (sky130_fd_sc_hd__clkbuf_2)
                                                         net2918 (net)
                      0.089707    0.000003    1.847414 v fanout2849/A (sky130_fd_sc_hd__dlymetal6s2s_1)
     2    0.014423    0.085539    0.199496    2.046910 v fanout2849/X (sky130_fd_sc_hd__dlymetal6s2s_1)
                                                         net2849 (net)
                      0.085539    0.000397    2.047306 v fanout2848/A (sky130_fd_sc_hd__buf_1)
     2    0.013915    0.085964    0.154699    2.202005 v fanout2848/X (sky130_fd_sc_hd__buf_1)
                                                         net2848 (net)
                      0.085964    0.000094    2.202100 v fanout2847/A (sky130_fd_sc_hd__buf_1)
     2    0.008953    0.058787    0.134041    2.336140 v fanout2847/X (sky130_fd_sc_hd__buf_1)
                                                         net2847 (net)
                      0.058787    0.000091    2.336231 v fanout2846/A (sky130_fd_sc_hd__dlymetal6s2s_1)
     2    0.010808    0.070261    0.172399    2.508631 v fanout2846/X (sky130_fd_sc_hd__dlymetal6s2s_1)
                                                         net2846 (net)
                      0.070261    0.000012    2.508643 v fanout2845/A (sky130_fd_sc_hd__clkbuf_1)
     2    0.005563    0.041135    0.111672    2.620316 v fanout2845/X (sky130_fd_sc_hd__clkbuf_1)
                                                         net2845 (net)
                      0.041135    0.000005    2.620320 v fanout2839/A (sky130_fd_sc_hd__clkbuf_1)
     3    0.011721    0.073878    0.125766    2.746086 v fanout2839/X (sky130_fd_sc_hd__clkbuf_1)
                                                         net2839 (net)
                      0.073878    0.000040    2.746127 v fanout2838/A (sky130_fd_sc_hd__dlymetal6s2s_1)
     4    0.014775    0.087019    0.193639    2.939766 v fanout2838/X (sky130_fd_sc_hd__dlymetal6s2s_1)
                                                         net2838 (net)
                      0.087019    0.000099    2.939865 v fanout2837/A (sky130_fd_sc_hd__clkbuf_2)
     5    0.025383    0.100799    0.182985    3.122850 v fanout2837/X (sky130_fd_sc_hd__clkbuf_2)
                                                         net2837 (net)
                      0.100799    0.000068    3.122918 v _14174_/A (sky130_fd_sc_hd__inv_2)
     1    0.004619    0.040203    0.067937    3.190855 ^ _14174_/Y (sky130_fd_sc_hd__inv_2)
                                                         _00310_ (net)
                      0.040203    0.000025    3.190879 ^ _14488_/RESET_B (sky130_fd_sc_hd__dfrtp_2)
                                              3.190879   data arrival time

                                  8.000000    8.000000   clock clk (rise edge)
                                  0.000000    8.000000   clock source latency
     1    0.028415    0.133362    0.092962    8.092962 ^ clk (in)
                                                         clk (net)
                      0.133417    0.000000    8.092962 ^ clkbuf_0_clk/A (sky130_fd_sc_hd__clkbuf_16)
     2    0.027841    0.049509    0.164571    8.257534 ^ clkbuf_0_clk/X (sky130_fd_sc_hd__clkbuf_16)
                                                         clknet_0_clk (net)
                      0.049521    0.000462    8.257996 ^ clkbuf_1_0__f_clk/A (sky130_fd_sc_hd__clkbuf_16)
    11    0.080436    0.097203    0.173623    8.431619 ^ clkbuf_1_0__f_clk/X (sky130_fd_sc_hd__clkbuf_16)
                                                         clknet_1_0__leaf_clk (net)
                      0.097206    0.000754    8.432372 ^ clkbuf_leaf_11_clk/A (sky130_fd_sc_hd__clkbuf_8)
    19    0.056475    0.107968    0.196309    8.628681 ^ clkbuf_leaf_11_clk/X (sky130_fd_sc_hd__clkbuf_8)
                                                         clknet_leaf_11_clk (net)
                      0.107968    0.000023    8.628704 ^ _14488_/CLK (sky130_fd_sc_hd__dfrtp_2)
                                 -0.250000    8.378704   clock uncertainty
                                  0.000000    8.378704   clock reconvergence pessimism
                                  0.239927    8.618631   library recovery time
                                              8.618631   data required time
---------------------------------------------------------------------------------------------
                                              8.618631   data required time
                                             -3.190879   data arrival time
---------------------------------------------------------------------------------------------
                                              5.427752   slack (MET)


Startpoint: _14380_ (rising edge-triggered flip-flop clocked by clk)
Endpoint: _14499_ (rising edge-triggered flip-flop clocked by clk)
Path Group: clk
Path Type: max

Fanout         Cap        Slew       Delay        Time   Description
---------------------------------------------------------------------------------------------
                                  0.000000    0.000000   clock clk (rise edge)
                                  0.000000    0.000000   clock source latency
     1    0.028415    0.133362    0.092962    0.092962 ^ clk (in)
                                                         clk (net)
                      0.133417    0.000000    0.092962 ^ clkbuf_0_clk/A (sky130_fd_sc_hd__clkbuf_16)
     2    0.027841    0.049509    0.164572    0.257534 ^ clkbuf_0_clk/X (sky130_fd_sc_hd__clkbuf_16)
                                                         clknet_0_clk (net)
                      0.049521    0.000461    0.257995 ^ clkbuf_1_0__f_clk/A (sky130_fd_sc_hd__clkbuf_16)
    11    0.080436    0.097203    0.173624    0.431619 ^ clkbuf_1_0__f_clk/X (sky130_fd_sc_hd__clkbuf_16)
                                                         clknet_1_0__leaf_clk (net)
                      0.097205    0.000678    0.432296 ^ clkbuf_leaf_12_clk/A (sky130_fd_sc_hd__clkbuf_8)
    25    0.058031    0.110465    0.198146    0.630442 ^ clkbuf_leaf_12_clk/X (sky130_fd_sc_hd__clkbuf_8)
                                                         clknet_leaf_12_clk (net)
                      0.110465    0.000201    0.630643 ^ _14380_/CLK (sky130_fd_sc_hd__dfrtp_1)
     1    0.002812    0.046873    0.338487    0.969130 ^ _14380_/Q (sky130_fd_sc_hd__dfrtp_1)
                                                         adder_inst.man_a_r[4] (net)
                      0.046873    0.000008    0.969139 ^ fanout2580/A (sky130_fd_sc_hd__clkbuf_2)
     2    0.026695    0.149540    0.179804    1.148942 ^ fanout2580/X (sky130_fd_sc_hd__clkbuf_2)
                                                         net2580 (net)
                      0.149540    0.000023    1.148965 ^ fanout2579/A (sky130_fd_sc_hd__buf_1)
     2    0.009495    0.119233    0.159309    1.308274 ^ fanout2579/X (sky130_fd_sc_hd__buf_1)
                                                         net2579 (net)
                      0.119233    0.000033    1.308307 ^ fanout2576/A (sky130_fd_sc_hd__clkbuf_2)
     2    0.014849    0.087983    0.163714    1.472021 ^ fanout2576/X (sky130_fd_sc_hd__clkbuf_2)
                                                         net2576 (net)
                      0.087983    0.000045    1.472066 ^ fanout2575/A (sky130_fd_sc_hd__buf_4)
     5    0.024518    0.077250    0.153076    1.625142 ^ fanout2575/X (sky130_fd_sc_hd__buf_4)
                                                         net2575 (net)
                      0.077250    0.000053    1.625195 ^ fanout2574/A (sky130_fd_sc_hd__buf_1)
     2    0.011726    0.144580    0.161054    1.786249 ^ fanout2574/X (sky130_fd_sc_hd__buf_1)
                                                         net2574 (net)
                      0.144580    0.000037    1.786286 ^ fanout2573/A (sky130_fd_sc_hd__buf_2)
     5    0.020915    0.108420    0.188573    1.974858 ^ fanout2573/X (sky130_fd_sc_hd__buf_2)
                                                         net2573 (net)
                      0.108420    0.000080    1.974939 ^ fanout2572/A (sky130_fd_sc_hd__clkbuf_2)
     5    0.015445    0.091051    0.162017    2.136955 ^ fanout2572/X (sky130_fd_sc_hd__clkbuf_2)
                                                         net2572 (net)
                      0.091051    0.000008    2.136963 ^ _11908_/B (sky130_fd_sc_hd__nand2_1)
     3    0.009684    0.090631    0.097899    2.234861 v _11908_/Y (sky130_fd_sc_hd__nand2_1)
                                                         _04994_ (net)
                      0.090631    0.000075    2.234937 v _11910_/B2 (sky130_fd_sc_hd__o22a_1)
     2    0.006248    0.062450    0.191782    2.426719 v _11910_/X (sky130_fd_sc_hd__o22a_1)
                                                         _04996_ (net)
                      0.062450    0.000008    2.426727 v rebuffer157/A (sky130_fd_sc_hd__buf_6)
     1    0.008839    0.024538    0.121650    2.548377 v rebuffer157/X (sky130_fd_sc_hd__buf_6)
                                                         net3075 (net)
                      0.024538    0.000028    2.548405 v _11915_/C (sky130_fd_sc_hd__nand3_4)
     2    0.011789    0.073538    0.078706    2.627111 ^ _11915_/Y (sky130_fd_sc_hd__nand3_4)
                                                         _05001_ (net)
                      0.073538    0.000104    2.627215 ^ fanout626/A (sky130_fd_sc_hd__buf_6)
     5    0.018340    0.047984    0.113159    2.740374 ^ fanout626/X (sky130_fd_sc_hd__buf_6)
                                                         net626 (net)
                      0.047984    0.000026    2.740401 ^ _11990_/A1_N (sky130_fd_sc_hd__o2bb2ai_2)
     1    0.005527    0.114190    0.104934    2.845335 ^ _11990_/Y (sky130_fd_sc_hd__o2bb2ai_2)
                                                         _05076_ (net)
                      0.114190    0.000028    2.845363 ^ _12024_/A (sky130_fd_sc_hd__nand3_2)
     2    0.004776    0.059591    0.075658    2.921021 v _12024_/Y (sky130_fd_sc_hd__nand3_2)
                                                         _05110_ (net)
                      0.059591    0.000032    2.921052 v rebuffer245/A (sky130_fd_sc_hd__clkbuf_1)
     1    0.004819    0.038236    0.103528    3.024580 v rebuffer245/X (sky130_fd_sc_hd__clkbuf_1)
                                                         net3163 (net)
                      0.038236    0.000008    3.024589 v fanout549/A (sky130_fd_sc_hd__buf_6)
     4    0.014981    0.029312    0.117682    3.142270 v fanout549/X (sky130_fd_sc_hd__buf_6)
                                                         net549 (net)
                      0.029312    0.000024    3.142294 v _12035_/B2 (sky130_fd_sc_hd__a32oi_2)
     1    0.005067    0.162253    0.165808    3.308102 ^ _12035_/Y (sky130_fd_sc_hd__a32oi_2)
                                                         _05121_ (net)
                      0.162253    0.000021    3.308122 ^ _12039_/A (sky130_fd_sc_hd__nand3_2)
     2    0.009741    0.088958    0.109089    3.417212 v _12039_/Y (sky130_fd_sc_hd__nand3_2)
                                                         _05125_ (net)
                      0.088958    0.000063    3.417275 v fanout383/A (sky130_fd_sc_hd__buf_8)
     5    0.030068    0.036903    0.150687    3.567962 v fanout383/X (sky130_fd_sc_hd__buf_8)
                                                         net383 (net)
                      0.036903    0.000068    3.568030 v rebuffer238/A (sky130_fd_sc_hd__buf_6)
     1    0.008494    0.024284    0.109856    3.677886 v rebuffer238/X (sky130_fd_sc_hd__buf_6)
                                                         net3156 (net)
                      0.024284    0.000032    3.677918 v _12045_/B2 (sky130_fd_sc_hd__a32oi_4)
     2    0.012134    0.209879    0.208938    3.886857 ^ _12045_/Y (sky130_fd_sc_hd__a32oi_4)
                                                         _05131_ (net)
                      0.209879    0.000087    3.886944 ^ _12124_/B (sky130_fd_sc_hd__nand3_4)
     4    0.020304    0.100325    0.131640    4.018583 v _12124_/Y (sky130_fd_sc_hd__nand3_4)
                                                         _05210_ (net)
                      0.100325    0.000126    4.018709 v rebuffer241/A (sky130_fd_sc_hd__buf_6)
     1    0.005403    0.021861    0.135088    4.153797 v rebuffer241/X (sky130_fd_sc_hd__buf_6)
                                                         net3159 (net)
                      0.021861    0.000026    4.153823 v rebuffer240/A (sky130_fd_sc_hd__buf_6)
     1    0.004575    0.021316    0.098340    4.252163 v rebuffer240/X (sky130_fd_sc_hd__buf_6)
                                                         net3158 (net)
                      0.021316    0.000004    4.252166 v rebuffer234/A (sky130_fd_sc_hd__buf_6)
     2    0.010915    0.026030    0.105787    4.357954 v rebuffer234/X (sky130_fd_sc_hd__buf_6)
                                                         net3152 (net)
                      0.026030    0.000030    4.357984 v _12131_/A2_N (sky130_fd_sc_hd__o2bb2ai_4)
     2    0.010580    0.057324    0.113763    4.471747 v _12131_/Y (sky130_fd_sc_hd__o2bb2ai_4)
                                                         _05217_ (net)
                      0.057324    0.000032    4.471779 v _12170_/A (sky130_fd_sc_hd__nand2_4)
     2    0.014559    0.071581    0.074152    4.545931 ^ _12170_/Y (sky130_fd_sc_hd__nand2_4)
                                                         _05256_ (net)
                      0.071581    0.000051    4.545982 ^ _12196_/C1 (sky130_fd_sc_hd__o211ai_4)
     3    0.013135    0.076642    0.083531    4.629513 v _12196_/Y (sky130_fd_sc_hd__o211ai_4)
                                                         _05282_ (net)
                      0.076642    0.000016    4.629530 v _12209_/A1 (sky130_fd_sc_hd__a21oi_4)
     2    0.011838    0.134899    0.157524    4.787054 ^ _12209_/Y (sky130_fd_sc_hd__a21oi_4)
                                                         _05295_ (net)
                      0.134899    0.000050    4.787103 ^ _12210_/B1 (sky130_fd_sc_hd__o22ai_4)
     2    0.013206    0.073960    0.101412    4.888515 v _12210_/Y (sky130_fd_sc_hd__o22ai_4)
                                                         _05296_ (net)
                      0.073960    0.000079    4.888594 v _12213_/B2 (sky130_fd_sc_hd__a22oi_4)
     2    0.012146    0.169554    0.184830    5.073423 ^ _12213_/Y (sky130_fd_sc_hd__a22oi_4)
                                                         _05299_ (net)
                      0.169554    0.000064    5.073488 ^ _12217_/A1 (sky130_fd_sc_hd__o21bai_4)
     2    0.012045    0.062433    0.100457    5.173944 v _12217_/Y (sky130_fd_sc_hd__o21bai_4)
                                                         _05303_ (net)
                      0.062433    0.000106    5.174050 v _12220_/A (sky130_fd_sc_hd__nand2_4)
     2    0.018620    0.079397    0.084543    5.258593 ^ _12220_/Y (sky130_fd_sc_hd__nand2_4)
                                                         _05306_ (net)
                      0.079397    0.000434    5.259027 ^ _12221_/C1 (sky130_fd_sc_hd__o311ai_4)
     1    0.007180    0.089093    0.092372    5.351399 v _12221_/Y (sky130_fd_sc_hd__o311ai_4)
                                                         _05307_ (net)
                      0.089093    0.000073    5.351472 v wire167/A (sky130_fd_sc_hd__buf_6)
     5    0.029840    0.040332    0.153380    5.504853 v wire167/X (sky130_fd_sc_hd__buf_6)
                                                         net167 (net)
                      0.040356    0.000894    5.505747 v _12230_/A1 (sky130_fd_sc_hd__a21oi_4)
     1    0.014904    0.152999    0.158015    5.663762 ^ _12230_/Y (sky130_fd_sc_hd__a21oi_4)
                                                         _05316_ (net)
                      0.152999    0.000536    5.664298 ^ wire165/A (sky130_fd_sc_hd__buf_8)
     4    0.049740    0.089030    0.162830    5.827128 ^ wire165/X (sky130_fd_sc_hd__buf_8)
                                                         net165 (net)
                      0.089256    0.003179    5.830307 ^ _12238_/A2 (sky130_fd_sc_hd__o21bai_4)
     3    0.027580    0.092948    0.099101    5.929408 v _12238_/Y (sky130_fd_sc_hd__o21bai_4)
                                                         _05324_ (net)
                      0.092977    0.001590    5.930998 v _12353_/C (sky130_fd_sc_hd__nand3_4)
     2    0.016857    0.087967    0.120008    6.051005 ^ _12353_/Y (sky130_fd_sc_hd__nand3_4)
                                                         _05439_ (net)
                      0.087968    0.000293    6.051298 ^ _12403_/A2 (sky130_fd_sc_hd__a21oi_4)
     2    0.011986    0.046762    0.070920    6.122219 v _12403_/Y (sky130_fd_sc_hd__a21oi_4)
                                                         _05489_ (net)
                      0.046762    0.000062    6.122281 v _12425_/A1 (sky130_fd_sc_hd__o21bai_4)
     3    0.014401    0.145730    0.169440    6.291721 ^ _12425_/Y (sky130_fd_sc_hd__o21bai_4)
                                                         _05511_ (net)
                      0.145730    0.000073    6.291794 ^ _12428_/A2 (sky130_fd_sc_hd__a21oi_4)
     3    0.012259    0.094277    0.084493    6.376287 v _12428_/Y (sky130_fd_sc_hd__a21oi_4)
                                                         _05514_ (net)
                      0.094277    0.000040    6.376327 v _12437_/A1 (sky130_fd_sc_hd__o211ai_2)
     2    0.010002    0.182091    0.221710    6.598037 ^ _12437_/Y (sky130_fd_sc_hd__o211ai_2)
                                                         _05523_ (net)
                      0.182091    0.000061    6.598098 ^ fanout148/A (sky130_fd_sc_hd__buf_6)
     2    0.009556    0.034560    0.128106    6.726205 ^ fanout148/X (sky130_fd_sc_hd__buf_6)
                                                         net148 (net)
                      0.034560    0.000013    6.726218 ^ fanout147/A (sky130_fd_sc_hd__buf_8)
     5    0.035884    0.068079    0.114022    6.840240 ^ fanout147/X (sky130_fd_sc_hd__buf_8)
                                                         net147 (net)
                      0.068083    0.000583    6.840822 ^ _12441_/A (sky130_fd_sc_hd__nand2_8)
     2    0.020033    0.072754    0.057463    6.898285 v _12441_/Y (sky130_fd_sc_hd__nand2_8)
                                                         _05527_ (net)
                      0.072754    0.000143    6.898428 v fanout128/A (sky130_fd_sc_hd__buf_8)
     5    0.018732    0.029851    0.135141    7.033569 v fanout128/X (sky130_fd_sc_hd__buf_8)
                                                         net128 (net)
                      0.029851    0.000093    7.033662 v fanout127/A (sky130_fd_sc_hd__buf_6)
     2    0.011707    0.026634    0.110343    7.144005 v fanout127/X (sky130_fd_sc_hd__buf_6)
                                                         net127 (net)
                      0.026634    0.000109    7.144114 v fanout124/A (sky130_fd_sc_hd__buf_8)
     4    0.023832    0.032885    0.118503    7.262617 v fanout124/X (sky130_fd_sc_hd__buf_8)
                                                         net124 (net)
                      0.032885    0.000033    7.262650 v fanout122/A (sky130_fd_sc_hd__buf_8)
     5    0.021866    0.031701    0.119716    7.382365 v fanout122/X (sky130_fd_sc_hd__buf_8)
                                                         net122 (net)
                      0.031704    0.000278    7.382643 v _12474_/A1 (sky130_fd_sc_hd__a21oi_4)
     2    0.008696    0.116204    0.124388    7.507031 ^ _12474_/Y (sky130_fd_sc_hd__a21oi_4)
                                                         _05560_ (net)
                      0.116204    0.000046    7.507077 ^ fanout117/A (sky130_fd_sc_hd__buf_6)
     5    0.021152    0.052996    0.131543    7.638620 ^ fanout117/X (sky130_fd_sc_hd__buf_6)
                                                         net117 (net)
                      0.052996    0.000071    7.638691 ^ _12491_/B (sky130_fd_sc_hd__nand3_4)
     4    0.020358    0.087448    0.096936    7.735627 v _12491_/Y (sky130_fd_sc_hd__nand3_4)
                                                         _05577_ (net)
                      0.087448    0.000298    7.735924 v fanout115/A (sky130_fd_sc_hd__buf_6)
     5    0.020449    0.033692    0.145842    7.881766 v fanout115/X (sky130_fd_sc_hd__buf_6)
                                                         net115 (net)
                      0.033692    0.000133    7.881899 v _12526_/B (sky130_fd_sc_hd__nor2_4)
     1    0.005109    0.067733    0.069648    7.951547 ^ _12526_/Y (sky130_fd_sc_hd__nor2_4)
                                                         _05612_ (net)
                      0.067733    0.000009    7.951556 ^ fanout106/A (sky130_fd_sc_hd__buf_6)
     2    0.022861    0.055726    0.117441    8.068997 ^ fanout106/X (sky130_fd_sc_hd__buf_6)
                                                         net106 (net)
                      0.055738    0.000839    8.069837 ^ fanout103/A (sky130_fd_sc_hd__buf_8)
     4    0.029325    0.058327    0.114103    8.183940 ^ fanout103/X (sky130_fd_sc_hd__buf_8)
                                                         net103 (net)
                      0.058327    0.000019    8.183959 ^ fanout102/A (sky130_fd_sc_hd__buf_8)
     5    0.033450    0.064450    0.119734    8.303693 ^ fanout102/X (sky130_fd_sc_hd__buf_8)
                                                         net102 (net)
                      0.064450    0.000147    8.303840 ^ _12620_/A (sky130_fd_sc_hd__nand4_4)
     3    0.012992    0.098715    0.089291    8.393131 v _12620_/Y (sky130_fd_sc_hd__nand4_4)
                                                         _05702_ (net)
                      0.098715    0.000102    8.393233 v _12622_/A1 (sky130_fd_sc_hd__o21bai_1)
     1    0.002677    0.105892    0.148646    8.541880 ^ _12622_/Y (sky130_fd_sc_hd__o21bai_1)
                                                         _05704_ (net)
                      0.105892    0.000008    8.541887 ^ _12624_/B1 (sky130_fd_sc_hd__o21ai_1)
     1    0.004899    0.064260    0.088572    8.630459 v _12624_/Y (sky130_fd_sc_hd__o21ai_1)
                                                         _05706_ (net)
                      0.064260    0.000017    8.630476 v _12625_/A (sky130_fd_sc_hd__nand2_2)
     2    0.005618    0.050777    0.065577    8.696053 ^ _12625_/Y (sky130_fd_sc_hd__nand2_2)
                                                         multiplier_inst.exp_final[5] (net)
                      0.050777    0.000031    8.696084 ^ _12715_/A (sky130_fd_sc_hd__nand3_1)
     1    0.002599    0.059041    0.058847    8.754931 v _12715_/Y (sky130_fd_sc_hd__nand3_1)
                                                         _05780_ (net)
                      0.059041    0.000005    8.754936 v _12717_/A (sky130_fd_sc_hd__nand2_1)
     1    0.003344    0.047555    0.062988    8.817924 ^ _12717_/Y (sky130_fd_sc_hd__nand2_1)
                                                         multiplier_inst.overflow_calc (net)
                      0.047555    0.000016    8.817941 ^ _14499_/D (sky130_fd_sc_hd__dfrtp_1)
                                              8.817941   data arrival time

                                  8.000000    8.000000   clock clk (rise edge)
                                  0.000000    8.000000   clock source latency
     1    0.028415    0.133362    0.092962    8.092962 ^ clk (in)
                                                         clk (net)
                      0.133417    0.000000    8.092962 ^ clkbuf_0_clk/A (sky130_fd_sc_hd__clkbuf_16)
     2    0.027841    0.049509    0.164571    8.257534 ^ clkbuf_0_clk/X (sky130_fd_sc_hd__clkbuf_16)
                                                         clknet_0_clk (net)
                      0.049521    0.000443    8.257977 ^ clkbuf_1_1__f_clk/A (sky130_fd_sc_hd__clkbuf_16)
    11    0.079302    0.095989    0.172521    8.430497 ^ clkbuf_1_1__f_clk/X (sky130_fd_sc_hd__clkbuf_16)
                                                         clknet_1_1__leaf_clk (net)
                      0.095992    0.000779    8.431276 ^ clkbuf_leaf_8_clk/A (sky130_fd_sc_hd__clkbuf_8)
    26    0.063812    0.119662    0.204789    8.636065 ^ clkbuf_leaf_8_clk/X (sky130_fd_sc_hd__clkbuf_8)
                                                         clknet_leaf_8_clk (net)
                      0.119662    0.000076    8.636142 ^ _14499_/CLK (sky130_fd_sc_hd__dfrtp_1)
                                 -0.250000    8.386142   clock uncertainty
                                  0.000000    8.386142   clock reconvergence pessimism
                                 -0.049195    8.336946   library setup time
                                              8.336946   data required time
---------------------------------------------------------------------------------------------
                                              8.336946   data required time
                                             -8.817941   data arrival time
---------------------------------------------------------------------------------------------
                                             -0.480994   slack (VIOLATED)




===========================================================================
report_checks --slack_max -0.01
============================================================================
======================= nom_tt_025C_1v80 Corner ===================================

Startpoint: _14380_ (rising edge-triggered flip-flop clocked by clk)
Endpoint: _14499_ (rising edge-triggered flip-flop clocked by clk)
Path Group: clk
Path Type: max

Fanout         Cap        Slew       Delay        Time   Description
---------------------------------------------------------------------------------------------
                                  0.000000    0.000000   clock clk (rise edge)
                                  0.000000    0.000000   clock source latency
     1    0.028415    0.133362    0.092962    0.092962 ^ clk (in)
                                                         clk (net)
                      0.133417    0.000000    0.092962 ^ clkbuf_0_clk/A (sky130_fd_sc_hd__clkbuf_16)
     2    0.027841    0.049509    0.164572    0.257534 ^ clkbuf_0_clk/X (sky130_fd_sc_hd__clkbuf_16)
                                                         clknet_0_clk (net)
                      0.049521    0.000461    0.257995 ^ clkbuf_1_0__f_clk/A (sky130_fd_sc_hd__clkbuf_16)
    11    0.080436    0.097203    0.173624    0.431619 ^ clkbuf_1_0__f_clk/X (sky130_fd_sc_hd__clkbuf_16)
                                                         clknet_1_0__leaf_clk (net)
                      0.097205    0.000678    0.432296 ^ clkbuf_leaf_12_clk/A (sky130_fd_sc_hd__clkbuf_8)
    25    0.058031    0.110465    0.198146    0.630442 ^ clkbuf_leaf_12_clk/X (sky130_fd_sc_hd__clkbuf_8)
                                                         clknet_leaf_12_clk (net)
                      0.110465    0.000201    0.630643 ^ _14380_/CLK (sky130_fd_sc_hd__dfrtp_1)
     1    0.002812    0.046873    0.338487    0.969130 ^ _14380_/Q (sky130_fd_sc_hd__dfrtp_1)
                                                         adder_inst.man_a_r[4] (net)
                      0.046873    0.000008    0.969139 ^ fanout2580/A (sky130_fd_sc_hd__clkbuf_2)
     2    0.026695    0.149540    0.179804    1.148942 ^ fanout2580/X (sky130_fd_sc_hd__clkbuf_2)
                                                         net2580 (net)
                      0.149540    0.000023    1.148965 ^ fanout2579/A (sky130_fd_sc_hd__buf_1)
     2    0.009495    0.119233    0.159309    1.308274 ^ fanout2579/X (sky130_fd_sc_hd__buf_1)
                                                         net2579 (net)
                      0.119233    0.000033    1.308307 ^ fanout2576/A (sky130_fd_sc_hd__clkbuf_2)
     2    0.014849    0.087983    0.163714    1.472021 ^ fanout2576/X (sky130_fd_sc_hd__clkbuf_2)
                                                         net2576 (net)
                      0.087983    0.000045    1.472066 ^ fanout2575/A (sky130_fd_sc_hd__buf_4)
     5    0.024518    0.077250    0.153076    1.625142 ^ fanout2575/X (sky130_fd_sc_hd__buf_4)
                                                         net2575 (net)
                      0.077250    0.000053    1.625195 ^ fanout2574/A (sky130_fd_sc_hd__buf_1)
     2    0.011726    0.144580    0.161054    1.786249 ^ fanout2574/X (sky130_fd_sc_hd__buf_1)
                                                         net2574 (net)
                      0.144580    0.000037    1.786286 ^ fanout2573/A (sky130_fd_sc_hd__buf_2)
     5    0.020915    0.108420    0.188573    1.974858 ^ fanout2573/X (sky130_fd_sc_hd__buf_2)
                                                         net2573 (net)
                      0.108420    0.000080    1.974939 ^ fanout2572/A (sky130_fd_sc_hd__clkbuf_2)
     5    0.015445    0.091051    0.162017    2.136955 ^ fanout2572/X (sky130_fd_sc_hd__clkbuf_2)
                                                         net2572 (net)
                      0.091051    0.000008    2.136963 ^ _11908_/B (sky130_fd_sc_hd__nand2_1)
     3    0.009684    0.090631    0.097899    2.234861 v _11908_/Y (sky130_fd_sc_hd__nand2_1)
                                                         _04994_ (net)
                      0.090631    0.000075    2.234937 v _11910_/B2 (sky130_fd_sc_hd__o22a_1)
     2    0.006248    0.062450    0.191782    2.426719 v _11910_/X (sky130_fd_sc_hd__o22a_1)
                                                         _04996_ (net)
                      0.062450    0.000008    2.426727 v rebuffer157/A (sky130_fd_sc_hd__buf_6)
     1    0.008839    0.024538    0.121650    2.548377 v rebuffer157/X (sky130_fd_sc_hd__buf_6)
                                                         net3075 (net)
                      0.024538    0.000028    2.548405 v _11915_/C (sky130_fd_sc_hd__nand3_4)
     2    0.011789    0.073538    0.078706    2.627111 ^ _11915_/Y (sky130_fd_sc_hd__nand3_4)
                                                         _05001_ (net)
                      0.073538    0.000104    2.627215 ^ fanout626/A (sky130_fd_sc_hd__buf_6)
     5    0.018340    0.047984    0.113159    2.740374 ^ fanout626/X (sky130_fd_sc_hd__buf_6)
                                                         net626 (net)
                      0.047984    0.000026    2.740401 ^ _11990_/A1_N (sky130_fd_sc_hd__o2bb2ai_2)
     1    0.005527    0.114190    0.104934    2.845335 ^ _11990_/Y (sky130_fd_sc_hd__o2bb2ai_2)
                                                         _05076_ (net)
                      0.114190    0.000028    2.845363 ^ _12024_/A (sky130_fd_sc_hd__nand3_2)
     2    0.004776    0.059591    0.075658    2.921021 v _12024_/Y (sky130_fd_sc_hd__nand3_2)
                                                         _05110_ (net)
                      0.059591    0.000032    2.921052 v rebuffer245/A (sky130_fd_sc_hd__clkbuf_1)
     1    0.004819    0.038236    0.103528    3.024580 v rebuffer245/X (sky130_fd_sc_hd__clkbuf_1)
                                                         net3163 (net)
                      0.038236    0.000008    3.024589 v fanout549/A (sky130_fd_sc_hd__buf_6)
     4    0.014981    0.029312    0.117682    3.142270 v fanout549/X (sky130_fd_sc_hd__buf_6)
                                                         net549 (net)
                      0.029312    0.000024    3.142294 v _12035_/B2 (sky130_fd_sc_hd__a32oi_2)
     1    0.005067    0.162253    0.165808    3.308102 ^ _12035_/Y (sky130_fd_sc_hd__a32oi_2)
                                                         _05121_ (net)
                      0.162253    0.000021    3.308122 ^ _12039_/A (sky130_fd_sc_hd__nand3_2)
     2    0.009741    0.088958    0.109089    3.417212 v _12039_/Y (sky130_fd_sc_hd__nand3_2)
                                                         _05125_ (net)
                      0.088958    0.000063    3.417275 v fanout383/A (sky130_fd_sc_hd__buf_8)
     5    0.030068    0.036903    0.150687    3.567962 v fanout383/X (sky130_fd_sc_hd__buf_8)
                                                         net383 (net)
                      0.036903    0.000068    3.568030 v rebuffer238/A (sky130_fd_sc_hd__buf_6)
     1    0.008494    0.024284    0.109856    3.677886 v rebuffer238/X (sky130_fd_sc_hd__buf_6)
                                                         net3156 (net)
                      0.024284    0.000032    3.677918 v _12045_/B2 (sky130_fd_sc_hd__a32oi_4)
     2    0.012134    0.209879    0.208938    3.886857 ^ _12045_/Y (sky130_fd_sc_hd__a32oi_4)
                                                         _05131_ (net)
                      0.209879    0.000087    3.886944 ^ _12124_/B (sky130_fd_sc_hd__nand3_4)
     4    0.020304    0.100325    0.131640    4.018583 v _12124_/Y (sky130_fd_sc_hd__nand3_4)
                                                         _05210_ (net)
                      0.100325    0.000126    4.018709 v rebuffer241/A (sky130_fd_sc_hd__buf_6)
     1    0.005403    0.021861    0.135088    4.153797 v rebuffer241/X (sky130_fd_sc_hd__buf_6)
                                                         net3159 (net)
                      0.021861    0.000026    4.153823 v rebuffer240/A (sky130_fd_sc_hd__buf_6)
     1    0.004575    0.021316    0.098340    4.252163 v rebuffer240/X (sky130_fd_sc_hd__buf_6)
                                                         net3158 (net)
                      0.021316    0.000004    4.252166 v rebuffer234/A (sky130_fd_sc_hd__buf_6)
     2    0.010915    0.026030    0.105787    4.357954 v rebuffer234/X (sky130_fd_sc_hd__buf_6)
                                                         net3152 (net)
                      0.026030    0.000030    4.357984 v _12131_/A2_N (sky130_fd_sc_hd__o2bb2ai_4)
     2    0.010580    0.057324    0.113763    4.471747 v _12131_/Y (sky130_fd_sc_hd__o2bb2ai_4)
                                                         _05217_ (net)
                      0.057324    0.000032    4.471779 v _12170_/A (sky130_fd_sc_hd__nand2_4)
     2    0.014559    0.071581    0.074152    4.545931 ^ _12170_/Y (sky130_fd_sc_hd__nand2_4)
                                                         _05256_ (net)
                      0.071581    0.000051    4.545982 ^ _12196_/C1 (sky130_fd_sc_hd__o211ai_4)
     3    0.013135    0.076642    0.083531    4.629513 v _12196_/Y (sky130_fd_sc_hd__o211ai_4)
                                                         _05282_ (net)
                      0.076642    0.000016    4.629530 v _12209_/A1 (sky130_fd_sc_hd__a21oi_4)
     2    0.011838    0.134899    0.157524    4.787054 ^ _12209_/Y (sky130_fd_sc_hd__a21oi_4)
                                                         _05295_ (net)
                      0.134899    0.000050    4.787103 ^ _12210_/B1 (sky130_fd_sc_hd__o22ai_4)
     2    0.013206    0.073960    0.101412    4.888515 v _12210_/Y (sky130_fd_sc_hd__o22ai_4)
                                                         _05296_ (net)
                      0.073960    0.000079    4.888594 v _12213_/B2 (sky130_fd_sc_hd__a22oi_4)
     2    0.012146    0.169554    0.184830    5.073423 ^ _12213_/Y (sky130_fd_sc_hd__a22oi_4)
                                                         _05299_ (net)
                      0.169554    0.000064    5.073488 ^ _12217_/A1 (sky130_fd_sc_hd__o21bai_4)
     2    0.012045    0.062433    0.100457    5.173944 v _12217_/Y (sky130_fd_sc_hd__o21bai_4)
                                                         _05303_ (net)
                      0.062433    0.000106    5.174050 v _12220_/A (sky130_fd_sc_hd__nand2_4)
     2    0.018620    0.079397    0.084543    5.258593 ^ _12220_/Y (sky130_fd_sc_hd__nand2_4)
                                                         _05306_ (net)
                      0.079397    0.000434    5.259027 ^ _12221_/C1 (sky130_fd_sc_hd__o311ai_4)
     1    0.007180    0.089093    0.092372    5.351399 v _12221_/Y (sky130_fd_sc_hd__o311ai_4)
                                                         _05307_ (net)
                      0.089093    0.000073    5.351472 v wire167/A (sky130_fd_sc_hd__buf_6)
     5    0.029840    0.040332    0.153380    5.504853 v wire167/X (sky130_fd_sc_hd__buf_6)
                                                         net167 (net)
                      0.040356    0.000894    5.505747 v _12230_/A1 (sky130_fd_sc_hd__a21oi_4)
     1    0.014904    0.152999    0.158015    5.663762 ^ _12230_/Y (sky130_fd_sc_hd__a21oi_4)
                                                         _05316_ (net)
                      0.152999    0.000536    5.664298 ^ wire165/A (sky130_fd_sc_hd__buf_8)
     4    0.049740    0.089030    0.162830    5.827128 ^ wire165/X (sky130_fd_sc_hd__buf_8)
                                                         net165 (net)
                      0.089256    0.003179    5.830307 ^ _12238_/A2 (sky130_fd_sc_hd__o21bai_4)
     3    0.027580    0.092948    0.099101    5.929408 v _12238_/Y (sky130_fd_sc_hd__o21bai_4)
                                                         _05324_ (net)
                      0.092977    0.001590    5.930998 v _12353_/C (sky130_fd_sc_hd__nand3_4)
     2    0.016857    0.087967    0.120008    6.051005 ^ _12353_/Y (sky130_fd_sc_hd__nand3_4)
                                                         _05439_ (net)
                      0.087968    0.000293    6.051298 ^ _12403_/A2 (sky130_fd_sc_hd__a21oi_4)
     2    0.011986    0.046762    0.070920    6.122219 v _12403_/Y (sky130_fd_sc_hd__a21oi_4)
                                                         _05489_ (net)
                      0.046762    0.000062    6.122281 v _12425_/A1 (sky130_fd_sc_hd__o21bai_4)
     3    0.014401    0.145730    0.169440    6.291721 ^ _12425_/Y (sky130_fd_sc_hd__o21bai_4)
                                                         _05511_ (net)
                      0.145730    0.000073    6.291794 ^ _12428_/A2 (sky130_fd_sc_hd__a21oi_4)
     3    0.012259    0.094277    0.084493    6.376287 v _12428_/Y (sky130_fd_sc_hd__a21oi_4)
                                                         _05514_ (net)
                      0.094277    0.000040    6.376327 v _12437_/A1 (sky130_fd_sc_hd__o211ai_2)
     2    0.010002    0.182091    0.221710    6.598037 ^ _12437_/Y (sky130_fd_sc_hd__o211ai_2)
                                                         _05523_ (net)
                      0.182091    0.000061    6.598098 ^ fanout148/A (sky130_fd_sc_hd__buf_6)
     2    0.009556    0.034560    0.128106    6.726205 ^ fanout148/X (sky130_fd_sc_hd__buf_6)
                                                         net148 (net)
                      0.034560    0.000013    6.726218 ^ fanout147/A (sky130_fd_sc_hd__buf_8)
     5    0.035884    0.068079    0.114022    6.840240 ^ fanout147/X (sky130_fd_sc_hd__buf_8)
                                                         net147 (net)
                      0.068083    0.000583    6.840822 ^ _12441_/A (sky130_fd_sc_hd__nand2_8)
     2    0.020033    0.072754    0.057463    6.898285 v _12441_/Y (sky130_fd_sc_hd__nand2_8)
                                                         _05527_ (net)
                      0.072754    0.000143    6.898428 v fanout128/A (sky130_fd_sc_hd__buf_8)
     5    0.018732    0.029851    0.135141    7.033569 v fanout128/X (sky130_fd_sc_hd__buf_8)
                                                         net128 (net)
                      0.029851    0.000093    7.033662 v fanout127/A (sky130_fd_sc_hd__buf_6)
     2    0.011707    0.026634    0.110343    7.144005 v fanout127/X (sky130_fd_sc_hd__buf_6)
                                                         net127 (net)
                      0.026634    0.000109    7.144114 v fanout124/A (sky130_fd_sc_hd__buf_8)
     4    0.023832    0.032885    0.118503    7.262617 v fanout124/X (sky130_fd_sc_hd__buf_8)
                                                         net124 (net)
                      0.032885    0.000033    7.262650 v fanout122/A (sky130_fd_sc_hd__buf_8)
     5    0.021866    0.031701    0.119716    7.382365 v fanout122/X (sky130_fd_sc_hd__buf_8)
                                                         net122 (net)
                      0.031704    0.000278    7.382643 v _12474_/A1 (sky130_fd_sc_hd__a21oi_4)
     2    0.008696    0.116204    0.124388    7.507031 ^ _12474_/Y (sky130_fd_sc_hd__a21oi_4)
                                                         _05560_ (net)
                      0.116204    0.000046    7.507077 ^ fanout117/A (sky130_fd_sc_hd__buf_6)
     5    0.021152    0.052996    0.131543    7.638620 ^ fanout117/X (sky130_fd_sc_hd__buf_6)
                                                         net117 (net)
                      0.052996    0.000071    7.638691 ^ _12491_/B (sky130_fd_sc_hd__nand3_4)
     4    0.020358    0.087448    0.096936    7.735627 v _12491_/Y (sky130_fd_sc_hd__nand3_4)
                                                         _05577_ (net)
                      0.087448    0.000298    7.735924 v fanout115/A (sky130_fd_sc_hd__buf_6)
     5    0.020449    0.033692    0.145842    7.881766 v fanout115/X (sky130_fd_sc_hd__buf_6)
                                                         net115 (net)
                      0.033692    0.000133    7.881899 v _12526_/B (sky130_fd_sc_hd__nor2_4)
     1    0.005109    0.067733    0.069648    7.951547 ^ _12526_/Y (sky130_fd_sc_hd__nor2_4)
                                                         _05612_ (net)
                      0.067733    0.000009    7.951556 ^ fanout106/A (sky130_fd_sc_hd__buf_6)
     2    0.022861    0.055726    0.117441    8.068997 ^ fanout106/X (sky130_fd_sc_hd__buf_6)
                                                         net106 (net)
                      0.055738    0.000839    8.069837 ^ fanout103/A (sky130_fd_sc_hd__buf_8)
     4    0.029325    0.058327    0.114103    8.183940 ^ fanout103/X (sky130_fd_sc_hd__buf_8)
                                                         net103 (net)
                      0.058327    0.000019    8.183959 ^ fanout102/A (sky130_fd_sc_hd__buf_8)
     5    0.033450    0.064450    0.119734    8.303693 ^ fanout102/X (sky130_fd_sc_hd__buf_8)
                                                         net102 (net)
                      0.064450    0.000147    8.303840 ^ _12620_/A (sky130_fd_sc_hd__nand4_4)
     3    0.012992    0.098715    0.089291    8.393131 v _12620_/Y (sky130_fd_sc_hd__nand4_4)
                                                         _05702_ (net)
                      0.098715    0.000102    8.393233 v _12622_/A1 (sky130_fd_sc_hd__o21bai_1)
     1    0.002677    0.105892    0.148646    8.541880 ^ _12622_/Y (sky130_fd_sc_hd__o21bai_1)
                                                         _05704_ (net)
                      0.105892    0.000008    8.541887 ^ _12624_/B1 (sky130_fd_sc_hd__o21ai_1)
     1    0.004899    0.064260    0.088572    8.630459 v _12624_/Y (sky130_fd_sc_hd__o21ai_1)
                                                         _05706_ (net)
                      0.064260    0.000017    8.630476 v _12625_/A (sky130_fd_sc_hd__nand2_2)
     2    0.005618    0.050777    0.065577    8.696053 ^ _12625_/Y (sky130_fd_sc_hd__nand2_2)
                                                         multiplier_inst.exp_final[5] (net)
                      0.050777    0.000031    8.696084 ^ _12715_/A (sky130_fd_sc_hd__nand3_1)
     1    0.002599    0.059041    0.058847    8.754931 v _12715_/Y (sky130_fd_sc_hd__nand3_1)
                                                         _05780_ (net)
                      0.059041    0.000005    8.754936 v _12717_/A (sky130_fd_sc_hd__nand2_1)
     1    0.003344    0.047555    0.062988    8.817924 ^ _12717_/Y (sky130_fd_sc_hd__nand2_1)
                                                         multiplier_inst.overflow_calc (net)
                      0.047555    0.000016    8.817941 ^ _14499_/D (sky130_fd_sc_hd__dfrtp_1)
                                              8.817941   data arrival time

                                  8.000000    8.000000   clock clk (rise edge)
                                  0.000000    8.000000   clock source latency
     1    0.028415    0.133362    0.092962    8.092962 ^ clk (in)
                                                         clk (net)
                      0.133417    0.000000    8.092962 ^ clkbuf_0_clk/A (sky130_fd_sc_hd__clkbuf_16)
     2    0.027841    0.049509    0.164571    8.257534 ^ clkbuf_0_clk/X (sky130_fd_sc_hd__clkbuf_16)
                                                         clknet_0_clk (net)
                      0.049521    0.000443    8.257977 ^ clkbuf_1_1__f_clk/A (sky130_fd_sc_hd__clkbuf_16)
    11    0.079302    0.095989    0.172521    8.430497 ^ clkbuf_1_1__f_clk/X (sky130_fd_sc_hd__clkbuf_16)
                                                         clknet_1_1__leaf_clk (net)
                      0.095992    0.000779    8.431276 ^ clkbuf_leaf_8_clk/A (sky130_fd_sc_hd__clkbuf_8)
    26    0.063812    0.119662    0.204789    8.636065 ^ clkbuf_leaf_8_clk/X (sky130_fd_sc_hd__clkbuf_8)
                                                         clknet_leaf_8_clk (net)
                      0.119662    0.000076    8.636142 ^ _14499_/CLK (sky130_fd_sc_hd__dfrtp_1)
                                 -0.250000    8.386142   clock uncertainty
                                  0.000000    8.386142   clock reconvergence pessimism
                                 -0.049195    8.336946   library setup time
                                              8.336946   data required time
---------------------------------------------------------------------------------------------
                                              8.336946   data required time
                                             -8.817941   data arrival time
---------------------------------------------------------------------------------------------
                                             -0.480994   slack (VIOLATED)




===========================================================================
 report_check_types -max_slew -max_cap -max_fanout -violators
============================================================================
======================= nom_tt_025C_1v80 Corner ===================================

max fanout

Pin                                   Limit Fanout  Slack
---------------------------------------------------------
clkbuf_leaf_8_clk/X                       5     26    -21 (VIOLATED)
clkbuf_leaf_12_clk/X                      5     25    -20 (VIOLATED)
clkbuf_leaf_17_clk/X                      5     25    -20 (VIOLATED)
clkbuf_leaf_7_clk/X                       5     25    -20 (VIOLATED)
clkbuf_leaf_0_clk/X                       5     24    -19 (VIOLATED)
clkbuf_leaf_4_clk/X                       5     21    -16 (VIOLATED)
clkbuf_leaf_20_clk/X                      5     20    -15 (VIOLATED)
clkbuf_leaf_11_clk/X                      5     19    -14 (VIOLATED)
clkbuf_leaf_14_clk/X                      5     19    -14 (VIOLATED)
clkbuf_leaf_6_clk/X                       5     18    -13 (VIOLATED)
clkbuf_leaf_1_clk/X                       5     17    -12 (VIOLATED)
clkbuf_leaf_5_clk/X                       5     17    -12 (VIOLATED)
clkbuf_leaf_18_clk/X                      5     16    -11 (VIOLATED)
clkbuf_leaf_3_clk/X                       5     12     -7 (VIOLATED)
clkbuf_1_0__f_clk/X                       5     11     -6 (VIOLATED)
clkbuf_1_1__f_clk/X                       5     11     -6 (VIOLATED)
clkbuf_leaf_2_clk/X                       5     11     -6 (VIOLATED)
clkbuf_leaf_15_clk/X                      5     10     -5 (VIOLATED)
clkbuf_leaf_9_clk/X                       5      9     -4 (VIOLATED)
_08804_/Y                                 5      7     -2 (VIOLATED)
clkbuf_leaf_10_clk/X                      5      7     -2 (VIOLATED)
_08138_/Y                                 5      6        (VIOLATED)



===========================================================================
report_parasitic_annotation -report_unannotated
============================================================================
Found 20 unannotated drivers.
 clkload0/X
 clkload1/Y
 clkload10/X
 clkload11/Y
 clkload12/Y
 clkload13/Y
 clkload14/Y
 clkload15/Y
 clkload16/Y
 clkload17/X
 clkload18/Y
 clkload19/Y
 clkload2/Y
 clkload3/Y
 clkload4/Y
 clkload5/Y
 clkload6/Y
 clkload7/X
 clkload8/Y
 clkload9/Y
Found 0 partially unannotated drivers.

===========================================================================
max slew violation count 0
Writing metric design__max_slew_violation__count__corner:nom_tt_025C_1v80: 0
max fanout violation count 22
Writing metric design__max_fanout_violation__count__corner:nom_tt_025C_1v80: 22
max cap violation count 0
Writing metric design__max_cap_violation__count__corner:nom_tt_025C_1v80: 0
============================================================================

===========================================================================
check_setup -verbose -unconstrained_endpoints -multiple_clock -no_clock -no_input_delay -loops -generated_clocks
===========================================================================
