Clock: clk
Sources: clk 
Generated: no
Virtual: yes
Propagated: no
Period: 8.000000

===========================================================================
report_clock_properties
============================================================================
Clock                   Period          Waveform
----------------------------------------------------
clk                   8.000000    0.000000  4.000000

===========================================================================
report_clock_latency
============================================================================
Clock clk
rise -> rise
    min     max
0.000000 0.000000 source latency
0.616264         network latency _14390_/CLK
        0.636745 network latency _14364_/CLK
---------------
0.616264 0.636745 latency
        0.020482 skew

fall -> fall
    min     max
0.000000 0.000000 source latency
0.556248         network latency _14390_/CLK
        0.572338 network latency _14364_/CLK
---------------
0.556248 0.572338 latency
        0.016091 skew



===========================================================================
report_clock_min_period
============================================================================
clk period_min = 8.48 fmax = 117.91
