Clock: clk
Sources: clk 
Generated: no
Virtual: yes
Propagated: no
Period: 25.000000

===========================================================================
report_clock_properties
============================================================================
Clock                   Period          Waveform
----------------------------------------------------
clk                  25.000000    0.000000 12.500000

===========================================================================
report_clock_latency
============================================================================
Clock clk
rise -> rise
    min     max
0.000000 0.000000 source latency
0.557516         network latency _15928_/CLK
        0.786309 network latency _15987_/CLK
---------------
0.557516 0.786309 latency
        0.228794 skew

fall -> fall
    min     max
0.000000 0.000000 source latency
0.465006         network latency _15928_/CLK
        0.675639 network latency _15987_/CLK
---------------
0.465006 0.675639 latency
        0.210633 skew



===========================================================================
report_clock_min_period
============================================================================
clk period_min = 8.68 fmax = 115.24
