Reading OpenROAD database at '/mnt/c/Data/IEEE/32Bit-ALU/pd/runs/RUN_2026-01-21_11-02-41/47-odb-reportdisconnectedpins/ALU.odb'…
Reading library file at '/home/diddy/.ciel/ciel/sky130/versions/0fe599b2afb6708d281543108caf8310912f54af/sky130A/libs.ref/sky130_fd_sc_hd/lib/sky130_fd_sc_hd__tt_025C_1v80.lib'…
Reading design constraints file at '/nix/store/ifgrnqkf6pcsk2qzdn5bai2rvd4skbbc-python3-3.11.9-env/lib/python3.11/site-packages/librelane/scripts/base.sdc'…
[INFO] Using clock clk…
[INFO] Setting output delay to: 3.0
[INFO] Setting input delay to: 3.0
[INFO] Setting load to: 0.033442
[INFO] Setting clock uncertainty to: 0.25
[INFO] Setting clock transition to: 0.1499999999999999944488848768742172978818416595458984375
[INFO] Setting timing derate to: 5%
sky130_ef_sc_hd__decap_12 sky130_fd_sc_hd__decap_8 sky130_fd_sc_hd__decap_6 sky130_fd_sc_hd__decap_4 sky130_fd_sc_hd__decap_3 sky130_fd_sc_hd__fill*
[INFO DPL-0001] Placed 10220 filler instances.
Setting global connections for newly added cells…
[INFO] Setting global connections...
Updating metrics…
Cell type report:                       Count       Area
  Fill cell                             10500   83826.65
  Tap cell                               2059    2576.22
  Antenna cell                           3321    8310.47
  Clock buffer                             37     559.29
  Timing Repair Buffer                    829    6218.46
  Inverter                                415    1574.01
  Clock inverter                           27     330.32
  Timing Repair inverter                    1      11.26
  Sequential cell                         314    8035.21
  Multi-Input combinational cell         4221   33772.39
  Total                                 21724  145214.27
Writing OpenROAD database to '/mnt/c/Data/IEEE/32Bit-ALU/pd/runs/RUN_2026-01-21_11-02-41/51-openroad-fillinsertion/ALU.odb'…
Writing netlist to '/mnt/c/Data/IEEE/32Bit-ALU/pd/runs/RUN_2026-01-21_11-02-41/51-openroad-fillinsertion/ALU.nl.v'…
Writing powered netlist to '/mnt/c/Data/IEEE/32Bit-ALU/pd/runs/RUN_2026-01-21_11-02-41/51-openroad-fillinsertion/ALU.pnl.v'…
Writing layout to '/mnt/c/Data/IEEE/32Bit-ALU/pd/runs/RUN_2026-01-21_11-02-41/51-openroad-fillinsertion/ALU.def'…
Writing timing constraints to '/mnt/c/Data/IEEE/32Bit-ALU/pd/runs/RUN_2026-01-21_11-02-41/51-openroad-fillinsertion/ALU.sdc'…
