
===========================================================================
report_checks -unconstrained
===========================================================================
======================= max_tt_025C_1v80 Corner ===================================

Startpoint: rst (input port clocked by clk)
Endpoint: _14488_ (recovery check against rising-edge clock clk)
Path Group: asynchronous
Path Type: max

Fanout         Cap        Slew       Delay        Time   Description
---------------------------------------------------------------------------------------------
                                  0.000000    0.000000   clock clk (rise edge)
                                  0.000000    0.000000   clock network delay (propagated)
                                  1.600000    1.600000 v input external delay
     1    0.002693    0.008369    0.004293    1.604293 v rst (in)
                                                         rst (net)
                      0.008375    0.000000    1.604293 v input67/A (sky130_fd_sc_hd__buf_1)
     1    0.009982    0.064479    0.104316    1.708610 v input67/X (sky130_fd_sc_hd__buf_1)
                                                         net67 (net)
                      0.064494    0.000957    1.709567 v fanout2918/A (sky130_fd_sc_hd__clkbuf_2)
     2    0.043123    0.165531    0.214548    1.924115 v fanout2918/X (sky130_fd_sc_hd__clkbuf_2)
                                                         net2918 (net)
                      0.165580    0.002432    1.926547 v fanout2849/A (sky130_fd_sc_hd__dlymetal6s2s_1)
     2    0.022618    0.120860    0.261916    2.188463 v fanout2849/X (sky130_fd_sc_hd__dlymetal6s2s_1)
                                                         net2849 (net)
                      0.120942    0.002887    2.191351 v fanout2848/A (sky130_fd_sc_hd__buf_1)
     2    0.034742    0.202418    0.255184    2.446534 v fanout2848/X (sky130_fd_sc_hd__buf_1)
                                                         net2848 (net)
                      0.202455    0.002661    2.449196 v fanout2847/A (sky130_fd_sc_hd__buf_1)
     2    0.019773    0.119033    0.223290    2.672485 v fanout2847/X (sky130_fd_sc_hd__buf_1)
                                                         net2847 (net)
                      0.119041    0.001006    2.673491 v fanout2846/A (sky130_fd_sc_hd__dlymetal6s2s_1)
     2    0.015634    0.090967    0.216738    2.890229 v fanout2846/X (sky130_fd_sc_hd__dlymetal6s2s_1)
                                                         net2846 (net)
                      0.090972    0.000814    2.891043 v fanout2845/A (sky130_fd_sc_hd__clkbuf_1)
     2    0.009654    0.062742    0.138828    3.029871 v fanout2845/X (sky130_fd_sc_hd__clkbuf_1)
                                                         net2845 (net)
                      0.062746    0.000540    3.030412 v fanout2839/A (sky130_fd_sc_hd__clkbuf_1)
     3    0.016129    0.098455    0.153126    3.183538 v fanout2839/X (sky130_fd_sc_hd__clkbuf_1)
                                                         net2839 (net)
                      0.098461    0.000850    3.184389 v fanout2838/A (sky130_fd_sc_hd__dlymetal6s2s_1)
     4    0.018370    0.102929    0.217033    3.401422 v fanout2838/X (sky130_fd_sc_hd__dlymetal6s2s_1)
                                                         net2838 (net)
                      0.102951    0.001497    3.402920 v fanout2837/A (sky130_fd_sc_hd__clkbuf_2)
     5    0.029845    0.117009    0.201499    3.604419 v fanout2837/X (sky130_fd_sc_hd__clkbuf_2)
                                                         net2837 (net)
                      0.117032    0.001575    3.605993 v _14174_/A (sky130_fd_sc_hd__inv_2)
     1    0.006338    0.048739    0.080337    3.686330 ^ _14174_/Y (sky130_fd_sc_hd__inv_2)
                                                         _00310_ (net)
                      0.048742    0.000385    3.686715 ^ _14488_/RESET_B (sky130_fd_sc_hd__dfrtp_2)
                                              3.686715   data arrival time

                                  8.000000    8.000000   clock clk (rise edge)
                                  0.000000    8.000000   clock source latency
     1    0.056878    0.259012    0.183565    8.183565 ^ clk (in)
                                                         clk (net)
                      0.259243    0.000000    8.183565 ^ clkbuf_0_clk/A (sky130_fd_sc_hd__clkbuf_16)
     2    0.067177    0.087229    0.229788    8.413353 ^ clkbuf_0_clk/X (sky130_fd_sc_hd__clkbuf_16)
                                                         clknet_0_clk (net)
                      0.088006    0.006177    8.419530 ^ clkbuf_1_0__f_clk/A (sky130_fd_sc_hd__clkbuf_16)
    11    0.147659    0.160058    0.230130    8.649660 ^ clkbuf_1_0__f_clk/X (sky130_fd_sc_hd__clkbuf_16)
                                                         clknet_1_0__leaf_clk (net)
                      0.160718    0.008304    8.657964 ^ clkbuf_leaf_11_clk/A (sky130_fd_sc_hd__clkbuf_8)
    19    0.073429    0.136031    0.235526    8.893490 ^ clkbuf_leaf_11_clk/X (sky130_fd_sc_hd__clkbuf_8)
                                                         clknet_leaf_11_clk (net)
                      0.136324    0.004672    8.898162 ^ _14488_/CLK (sky130_fd_sc_hd__dfrtp_2)
                                 -0.250000    8.648162   clock uncertainty
                                  0.000000    8.648162   clock reconvergence pessimism
                                  0.246115    8.894277   library recovery time
                                              8.894277   data required time
---------------------------------------------------------------------------------------------
                                              8.894277   data required time
                                             -3.686715   data arrival time
---------------------------------------------------------------------------------------------
                                              5.207561   slack (MET)


Startpoint: _14415_ (rising edge-triggered flip-flop clocked by clk)
Endpoint: _14499_ (rising edge-triggered flip-flop clocked by clk)
Path Group: clk
Path Type: max

Fanout         Cap        Slew       Delay        Time   Description
---------------------------------------------------------------------------------------------
                                  0.000000    0.000000   clock clk (rise edge)
                                  0.000000    0.000000   clock source latency
     1    0.056878    0.259012    0.183565    0.183565 ^ clk (in)
                                                         clk (net)
                      0.259243    0.000000    0.183565 ^ clkbuf_0_clk/A (sky130_fd_sc_hd__clkbuf_16)
     2    0.067177    0.087229    0.229788    0.413353 ^ clkbuf_0_clk/X (sky130_fd_sc_hd__clkbuf_16)
                                                         clknet_0_clk (net)
                      0.088006    0.006177    0.419530 ^ clkbuf_1_0__f_clk/A (sky130_fd_sc_hd__clkbuf_16)
    11    0.147659    0.160058    0.230130    0.649660 ^ clkbuf_1_0__f_clk/X (sky130_fd_sc_hd__clkbuf_16)
                                                         clknet_1_0__leaf_clk (net)
                      0.161514    0.012191    0.661852 ^ clkbuf_leaf_17_clk/A (sky130_fd_sc_hd__clkbuf_8)
    25    0.076188    0.139025    0.238716    0.900568 ^ clkbuf_leaf_17_clk/X (sky130_fd_sc_hd__clkbuf_8)
                                                         clknet_leaf_17_clk (net)
                      0.139150    0.003431    0.903999 ^ _14415_/CLK (sky130_fd_sc_hd__dfrtp_1)
     2    0.040818    0.205025    0.539102    1.443101 v _14415_/Q (sky130_fd_sc_hd__dfrtp_1)
                                                         adder_inst.man_b_r[5] (net)
                      0.205091    0.003458    1.446559 v fanout1863/A (sky130_fd_sc_hd__buf_4)
     5    0.072003    0.099854    0.271985    1.718544 v fanout1863/X (sky130_fd_sc_hd__buf_4)
                                                         net1863 (net)
                      0.101899    0.011321    1.729865 v _07125_/A (sky130_fd_sc_hd__inv_2)
     1    0.030513    0.143701    0.151015    1.880880 ^ _07125_/Y (sky130_fd_sc_hd__inv_2)
                                                         _06897_ (net)
                      0.143938    0.004774    1.885654 ^ fanout1160/A (sky130_fd_sc_hd__clkbuf_2)
     3    0.115104    0.616257    0.527065    2.412719 ^ fanout1160/X (sky130_fd_sc_hd__clkbuf_2)
                                                         net1160 (net)
                      0.616568    0.011495    2.424214 ^ fanout1154/A (sky130_fd_sc_hd__buf_2)
     6    0.066181    0.321642    0.422710    2.846924 ^ fanout1154/X (sky130_fd_sc_hd__buf_2)
                                                         net1154 (net)
                      0.322197    0.010986    2.857910 ^ fanout1153/A (sky130_fd_sc_hd__clkbuf_2)
     5    0.053724    0.291644    0.350214    3.208124 ^ fanout1153/X (sky130_fd_sc_hd__clkbuf_2)
                                                         net1153 (net)
                      0.291871    0.006692    3.214816 ^ fanout1151/A (sky130_fd_sc_hd__clkbuf_2)
     5    0.035255    0.194047    0.281016    3.495832 ^ fanout1151/X (sky130_fd_sc_hd__clkbuf_2)
                                                         net1151 (net)
                      0.194137    0.001554    3.497386 ^ _09739_/A2 (sky130_fd_sc_hd__o211ai_1)
     2    0.013503    0.162163    0.182196    3.679582 v _09739_/Y (sky130_fd_sc_hd__o211ai_1)
                                                         _02825_ (net)
                      0.162227    0.000879    3.680461 v _09740_/B (sky130_fd_sc_hd__nand2_1)
     1    0.011088    0.120128    0.164679    3.845140 ^ _09740_/Y (sky130_fd_sc_hd__nand2_1)
                                                         _02826_ (net)
                      0.120189    0.001031    3.846171 ^ _09980_/B1 (sky130_fd_sc_hd__a21o_1)
     2    0.022388    0.198144    0.211582    4.057754 ^ _09980_/X (sky130_fd_sc_hd__a21o_1)
                                                         _03066_ (net)
                      0.198155    0.001635    4.059388 ^ _09981_/B1 (sky130_fd_sc_hd__o21ai_4)
     3    0.032658    0.105039    0.135612    4.195000 v _09981_/Y (sky130_fd_sc_hd__o21ai_4)
                                                         _03067_ (net)
                      0.105513    0.005398    4.200398 v _10005_/B2 (sky130_fd_sc_hd__o2bb2ai_4)
     1    0.011306    0.127917    0.157539    4.357937 ^ _10005_/Y (sky130_fd_sc_hd__o2bb2ai_4)
                                                         _03091_ (net)
                      0.127919    0.000909    4.358846 ^ _10011_/A (sky130_fd_sc_hd__nand3_4)
     2    0.010706    0.068910    0.086938    4.445784 v _10011_/Y (sky130_fd_sc_hd__nand3_4)
                                                         _03097_ (net)
                      0.068912    0.000691    4.446475 v fanout393/A (sky130_fd_sc_hd__buf_6)
     2    0.017524    0.032090    0.133489    4.579964 v fanout393/X (sky130_fd_sc_hd__buf_6)
                                                         net393 (net)
                      0.032186    0.001510    4.581474 v _10054_/A1 (sky130_fd_sc_hd__a21boi_4)
     1    0.010696    0.130051    0.141465    4.722939 ^ _10054_/Y (sky130_fd_sc_hd__a21boi_4)
                                                         _03140_ (net)
                      0.130053    0.000815    4.723754 ^ _10062_/C (sky130_fd_sc_hd__nand3_4)
     3    0.023844    0.111484    0.123705    4.847459 v _10062_/Y (sky130_fd_sc_hd__nand3_4)
                                                         _03148_ (net)
                      0.111574    0.002426    4.849885 v fanout325/A (sky130_fd_sc_hd__buf_6)
     2    0.009803    0.025299    0.145162    4.995046 v fanout325/X (sky130_fd_sc_hd__buf_6)
                                                         net325 (net)
                      0.025299    0.000670    4.995716 v fanout324/A (sky130_fd_sc_hd__buf_8)
     5    0.029540    0.037015    0.121212    5.116929 v fanout324/X (sky130_fd_sc_hd__buf_8)
                                                         net324 (net)
                      0.037133    0.001790    5.118718 v _10364_/A1 (sky130_fd_sc_hd__a21o_1)
     1    0.011394    0.068296    0.184234    5.302952 v _10364_/X (sky130_fd_sc_hd__a21o_1)
                                                         _03450_ (net)
                      0.068308    0.000901    5.303853 v _10367_/C1 (sky130_fd_sc_hd__o211ai_4)
     2    0.017475    0.210102    0.103032    5.406885 ^ _10367_/Y (sky130_fd_sc_hd__o211ai_4)
                                                         _03453_ (net)
                      0.210105    0.001616    5.408501 ^ rebuffer306/A (sky130_fd_sc_hd__buf_6)
     2    0.019746    0.051851    0.149629    5.558130 ^ rebuffer306/X (sky130_fd_sc_hd__buf_6)
                                                         net580 (net)
                      0.051889    0.001234    5.559363 ^ _10588_/A1_N (sky130_fd_sc_hd__o2bb2ai_4)
     3    0.025152    0.202997    0.154049    5.713412 ^ _10588_/Y (sky130_fd_sc_hd__o2bb2ai_4)
                                                         _03674_ (net)
                      0.203088    0.001647    5.715059 ^ _10595_/A (sky130_fd_sc_hd__nand3_4)
     4    0.028092    0.126399    0.147803    5.862862 v _10595_/Y (sky130_fd_sc_hd__nand3_4)
                                                         _03681_ (net)
                      0.126421    0.001314    5.864175 v rebuffer322/A (sky130_fd_sc_hd__buf_6)
     1    0.010319    0.025784    0.152387    6.016562 v rebuffer322/X (sky130_fd_sc_hd__buf_6)
                                                         net1140 (net)
                      0.025784    0.000847    6.017409 v _10802_/A2 (sky130_fd_sc_hd__a31oi_4)
     1    0.009489    0.152498    0.163232    6.180641 ^ _10802_/Y (sky130_fd_sc_hd__a31oi_4)
                                                         _03888_ (net)
                      0.152498    0.000720    6.181361 ^ _10806_/A1 (sky130_fd_sc_hd__a22oi_4)
     3    0.020199    0.083773    0.119601    6.300962 v _10806_/Y (sky130_fd_sc_hd__a22oi_4)
                                                         _03892_ (net)
                      0.083780    0.001485    6.302448 v rebuffer326/A (sky130_fd_sc_hd__buf_6)
     1    0.010959    0.026138    0.133501    6.435949 v rebuffer326/X (sky130_fd_sc_hd__buf_6)
                                                         net1146 (net)
                      0.026171    0.000922    6.436871 v _11727_/A4 (sky130_fd_sc_hd__a41oi_4)
     1    0.009617    0.180944    0.219696    6.656567 ^ _11727_/Y (sky130_fd_sc_hd__a41oi_4)
                                                         _04813_ (net)
                      0.180944    0.000467    6.657034 ^ _11728_/B1 (sky130_fd_sc_hd__o21ai_4)
     2    0.011304    0.066114    0.091779    6.748812 v _11728_/Y (sky130_fd_sc_hd__o21ai_4)
                                                         _04814_ (net)
                      0.066116    0.000801    6.749613 v _12230_/B1 (sky130_fd_sc_hd__a21oi_4)
     1    0.023103    0.202275    0.196414    6.946027 ^ _12230_/Y (sky130_fd_sc_hd__a21oi_4)
                                                         _05316_ (net)
                      0.202307    0.001995    6.948022 ^ wire165/A (sky130_fd_sc_hd__buf_8)
     4    0.071874    0.123374    0.193099    7.141121 ^ wire165/X (sky130_fd_sc_hd__buf_8)
                                                         net165 (net)
                      0.125775    0.013642    7.154764 ^ _12238_/A1 (sky130_fd_sc_hd__o21bai_4)
     3    0.049553    0.140344    0.156184    7.310947 v _12238_/Y (sky130_fd_sc_hd__o21bai_4)
                                                         _05324_ (net)
                      0.140945    0.007270    7.318218 v _12353_/A (sky130_fd_sc_hd__nand3_4)
     2    0.021949    0.100757    0.125371    7.443589 ^ _12353_/Y (sky130_fd_sc_hd__nand3_4)
                                                         _05439_ (net)
                      0.100789    0.002500    7.446088 ^ _12403_/A1 (sky130_fd_sc_hd__a21oi_4)
     2    0.014149    0.054761    0.074470    7.520559 v _12403_/Y (sky130_fd_sc_hd__a21oi_4)
                                                         _05489_ (net)
                      0.054766    0.001018    7.521576 v _12425_/A2 (sky130_fd_sc_hd__o21bai_4)
     3    0.016621    0.157288    0.157948    7.679525 ^ _12425_/Y (sky130_fd_sc_hd__o21bai_4)
                                                         _05511_ (net)
                      0.157290    0.001127    7.680652 ^ _12428_/A1 (sky130_fd_sc_hd__a21oi_4)
     3    0.010265    0.097871    0.080503    7.761155 v _12428_/Y (sky130_fd_sc_hd__a21oi_4)
                                                         _05514_ (net)
                      0.097872    0.000617    7.761772 v _12437_/A2 (sky130_fd_sc_hd__o211ai_2)
     2    0.014864    0.229957    0.237309    7.999081 ^ _12437_/Y (sky130_fd_sc_hd__o211ai_2)
                                                         _05523_ (net)
                      0.229959    0.001008    8.000089 ^ fanout148/A (sky130_fd_sc_hd__buf_6)
     2    0.010727    0.037444    0.139687    8.139776 ^ fanout148/X (sky130_fd_sc_hd__buf_6)
                                                         net148 (net)
                      0.037467    0.000733    8.140509 ^ fanout147/A (sky130_fd_sc_hd__buf_8)
     5    0.046767    0.084852    0.124891    8.265400 ^ fanout147/X (sky130_fd_sc_hd__buf_8)
                                                         net147 (net)
                      0.085673    0.006673    8.272073 ^ _12441_/A (sky130_fd_sc_hd__nand2_8)
     2    0.047341    0.116576    0.085722    8.357795 v _12441_/Y (sky130_fd_sc_hd__nand2_8)
                                                         _05527_ (net)
                      0.116723    0.003331    8.361125 v fanout128/A (sky130_fd_sc_hd__buf_8)
     5    0.028162    0.036556    0.160611    8.521736 v fanout128/X (sky130_fd_sc_hd__buf_8)
                                                         net128 (net)
                      0.037121    0.003359    8.525096 v fanout127/A (sky130_fd_sc_hd__buf_6)
     2    0.018201    0.032838    0.119909    8.645005 v fanout127/X (sky130_fd_sc_hd__buf_6)
                                                         net127 (net)
                      0.032970    0.001785    8.646791 v fanout124/A (sky130_fd_sc_hd__buf_8)
     4    0.028694    0.036424    0.123920    8.770711 v fanout124/X (sky130_fd_sc_hd__buf_8)
                                                         net124 (net)
                      0.036497    0.001432    8.772142 v fanout122/A (sky130_fd_sc_hd__buf_8)
     5    0.027697    0.036027    0.123973    8.896115 v fanout122/X (sky130_fd_sc_hd__buf_8)
                                                         net122 (net)
                      0.036682    0.003600    8.899715 v _12474_/A2 (sky130_fd_sc_hd__a21oi_4)
     2    0.011191    0.131114    0.161002    9.060717 ^ _12474_/Y (sky130_fd_sc_hd__a21oi_4)
                                                         _05560_ (net)
                      0.131115    0.000785    9.061502 ^ fanout117/A (sky130_fd_sc_hd__buf_6)
     5    0.023393    0.057256    0.137748    9.199250 ^ fanout117/X (sky130_fd_sc_hd__buf_6)
                                                         net117 (net)
                      0.057313    0.001600    9.200851 ^ _12491_/A (sky130_fd_sc_hd__nand3_4)
     4    0.028607    0.111864    0.105927    9.306778 v _12491_/Y (sky130_fd_sc_hd__nand3_4)
                                                         _05577_ (net)
                      0.111998    0.003053    9.309831 v fanout115/A (sky130_fd_sc_hd__buf_8)
     5    0.031935    0.039080    0.161156    9.470986 v fanout115/X (sky130_fd_sc_hd__buf_8)
                                                         net115 (net)
                      0.039448    0.003121    9.474107 v _12526_/B (sky130_fd_sc_hd__nor2_8)
     2    0.043331    0.181811    0.163239    9.637346 ^ _12526_/Y (sky130_fd_sc_hd__nor2_8)
                                                         _05612_ (net)
                      0.181939    0.003832    9.641178 ^ fanout103/A (sky130_fd_sc_hd__buf_8)
     4    0.032806    0.065060    0.150795    9.791973 ^ fanout103/X (sky130_fd_sc_hd__buf_8)
                                                         net103 (net)
                      0.065074    0.001003    9.792975 ^ fanout102/A (sky130_fd_sc_hd__buf_8)
     5    0.036697    0.069620    0.124156    9.917131 ^ fanout102/X (sky130_fd_sc_hd__buf_8)
                                                         net102 (net)
                      0.069856    0.003246    9.920378 ^ _12620_/A (sky130_fd_sc_hd__nand4_4)
     3    0.026314    0.147633    0.128551   10.048929 v _12620_/Y (sky130_fd_sc_hd__nand4_4)
                                                         _05702_ (net)
                      0.147692    0.002287   10.051216 v _12622_/A1 (sky130_fd_sc_hd__o21bai_4)
     1    0.005469    0.100740    0.169561   10.220778 ^ _12622_/Y (sky130_fd_sc_hd__o21bai_4)
                                                         _05704_ (net)
                      0.100741    0.000400   10.221177 ^ _12624_/B1 (sky130_fd_sc_hd__o21ai_2)
     1    0.005742    0.070676    0.068761   10.289938 v _12624_/Y (sky130_fd_sc_hd__o21ai_2)
                                                         _05706_ (net)
                      0.070678    0.000407   10.290345 v _12625_/B (sky130_fd_sc_hd__nand2_2)
     2    0.006038    0.052427    0.079517   10.369862 ^ _12625_/Y (sky130_fd_sc_hd__nand2_2)
                                                         multiplier_inst.exp_final[5] (net)
                      0.052428    0.000397   10.370258 ^ _12715_/A (sky130_fd_sc_hd__nand3_1)
     1    0.002908    0.062282    0.061545   10.431804 v _12715_/Y (sky130_fd_sc_hd__nand3_1)
                                                         _05780_ (net)
                      0.062282    0.000200   10.432004 v _12717_/A (sky130_fd_sc_hd__nand2_1)
     1    0.004568    0.059228    0.072101   10.504106 ^ _12717_/Y (sky130_fd_sc_hd__nand2_1)
                                                         multiplier_inst.overflow_calc (net)
                      0.059229    0.000266   10.504372 ^ _14499_/D (sky130_fd_sc_hd__dfrtp_1)
                                             10.504372   data arrival time

                                  8.000000    8.000000   clock clk (rise edge)
                                  0.000000    8.000000   clock source latency
     1    0.056878    0.259012    0.183565    8.183565 ^ clk (in)
                                                         clk (net)
                      0.259243    0.000000    8.183565 ^ clkbuf_0_clk/A (sky130_fd_sc_hd__clkbuf_16)
     2    0.067177    0.087229    0.229788    8.413353 ^ clkbuf_0_clk/X (sky130_fd_sc_hd__clkbuf_16)
                                                         clknet_0_clk (net)
                      0.087694    0.004609    8.417962 ^ clkbuf_1_1__f_clk/A (sky130_fd_sc_hd__clkbuf_16)
    11    0.122874    0.137125    0.210410    8.628372 ^ clkbuf_1_1__f_clk/X (sky130_fd_sc_hd__clkbuf_16)
                                                         clknet_1_1__leaf_clk (net)
                      0.139062    0.012924    8.641296 ^ clkbuf_leaf_8_clk/A (sky130_fd_sc_hd__clkbuf_8)
    26    0.079924    0.144893    0.236152    8.877447 ^ clkbuf_leaf_8_clk/X (sky130_fd_sc_hd__clkbuf_8)
                                                         clknet_leaf_8_clk (net)
                      0.145100    0.003714    8.881162 ^ _14499_/CLK (sky130_fd_sc_hd__dfrtp_1)
                                 -0.250000    8.631162   clock uncertainty
                                  0.000000    8.631162   clock reconvergence pessimism
                                 -0.048002    8.583159   library setup time
                                              8.583159   data required time
---------------------------------------------------------------------------------------------
                                              8.583159   data required time
                                            -10.504372   data arrival time
---------------------------------------------------------------------------------------------
                                             -1.921213   slack (VIOLATED)




===========================================================================
report_checks --slack_max -0.01
============================================================================
======================= max_tt_025C_1v80 Corner ===================================

Startpoint: _14415_ (rising edge-triggered flip-flop clocked by clk)
Endpoint: _14499_ (rising edge-triggered flip-flop clocked by clk)
Path Group: clk
Path Type: max

Fanout         Cap        Slew       Delay        Time   Description
---------------------------------------------------------------------------------------------
                                  0.000000    0.000000   clock clk (rise edge)
                                  0.000000    0.000000   clock source latency
     1    0.056878    0.259012    0.183565    0.183565 ^ clk (in)
                                                         clk (net)
                      0.259243    0.000000    0.183565 ^ clkbuf_0_clk/A (sky130_fd_sc_hd__clkbuf_16)
     2    0.067177    0.087229    0.229788    0.413353 ^ clkbuf_0_clk/X (sky130_fd_sc_hd__clkbuf_16)
                                                         clknet_0_clk (net)
                      0.088006    0.006177    0.419530 ^ clkbuf_1_0__f_clk/A (sky130_fd_sc_hd__clkbuf_16)
    11    0.147659    0.160058    0.230130    0.649660 ^ clkbuf_1_0__f_clk/X (sky130_fd_sc_hd__clkbuf_16)
                                                         clknet_1_0__leaf_clk (net)
                      0.161514    0.012191    0.661852 ^ clkbuf_leaf_17_clk/A (sky130_fd_sc_hd__clkbuf_8)
    25    0.076188    0.139025    0.238716    0.900568 ^ clkbuf_leaf_17_clk/X (sky130_fd_sc_hd__clkbuf_8)
                                                         clknet_leaf_17_clk (net)
                      0.139150    0.003431    0.903999 ^ _14415_/CLK (sky130_fd_sc_hd__dfrtp_1)
     2    0.040818    0.205025    0.539102    1.443101 v _14415_/Q (sky130_fd_sc_hd__dfrtp_1)
                                                         adder_inst.man_b_r[5] (net)
                      0.205091    0.003458    1.446559 v fanout1863/A (sky130_fd_sc_hd__buf_4)
     5    0.072003    0.099854    0.271985    1.718544 v fanout1863/X (sky130_fd_sc_hd__buf_4)
                                                         net1863 (net)
                      0.101899    0.011321    1.729865 v _07125_/A (sky130_fd_sc_hd__inv_2)
     1    0.030513    0.143701    0.151015    1.880880 ^ _07125_/Y (sky130_fd_sc_hd__inv_2)
                                                         _06897_ (net)
                      0.143938    0.004774    1.885654 ^ fanout1160/A (sky130_fd_sc_hd__clkbuf_2)
     3    0.115104    0.616257    0.527065    2.412719 ^ fanout1160/X (sky130_fd_sc_hd__clkbuf_2)
                                                         net1160 (net)
                      0.616568    0.011495    2.424214 ^ fanout1154/A (sky130_fd_sc_hd__buf_2)
     6    0.066181    0.321642    0.422710    2.846924 ^ fanout1154/X (sky130_fd_sc_hd__buf_2)
                                                         net1154 (net)
                      0.322197    0.010986    2.857910 ^ fanout1153/A (sky130_fd_sc_hd__clkbuf_2)
     5    0.053724    0.291644    0.350214    3.208124 ^ fanout1153/X (sky130_fd_sc_hd__clkbuf_2)
                                                         net1153 (net)
                      0.291871    0.006692    3.214816 ^ fanout1151/A (sky130_fd_sc_hd__clkbuf_2)
     5    0.035255    0.194047    0.281016    3.495832 ^ fanout1151/X (sky130_fd_sc_hd__clkbuf_2)
                                                         net1151 (net)
                      0.194137    0.001554    3.497386 ^ _09739_/A2 (sky130_fd_sc_hd__o211ai_1)
     2    0.013503    0.162163    0.182196    3.679582 v _09739_/Y (sky130_fd_sc_hd__o211ai_1)
                                                         _02825_ (net)
                      0.162227    0.000879    3.680461 v _09740_/B (sky130_fd_sc_hd__nand2_1)
     1    0.011088    0.120128    0.164679    3.845140 ^ _09740_/Y (sky130_fd_sc_hd__nand2_1)
                                                         _02826_ (net)
                      0.120189    0.001031    3.846171 ^ _09980_/B1 (sky130_fd_sc_hd__a21o_1)
     2    0.022388    0.198144    0.211582    4.057754 ^ _09980_/X (sky130_fd_sc_hd__a21o_1)
                                                         _03066_ (net)
                      0.198155    0.001635    4.059388 ^ _09981_/B1 (sky130_fd_sc_hd__o21ai_4)
     3    0.032658    0.105039    0.135612    4.195000 v _09981_/Y (sky130_fd_sc_hd__o21ai_4)
                                                         _03067_ (net)
                      0.105513    0.005398    4.200398 v _10005_/B2 (sky130_fd_sc_hd__o2bb2ai_4)
     1    0.011306    0.127917    0.157539    4.357937 ^ _10005_/Y (sky130_fd_sc_hd__o2bb2ai_4)
                                                         _03091_ (net)
                      0.127919    0.000909    4.358846 ^ _10011_/A (sky130_fd_sc_hd__nand3_4)
     2    0.010706    0.068910    0.086938    4.445784 v _10011_/Y (sky130_fd_sc_hd__nand3_4)
                                                         _03097_ (net)
                      0.068912    0.000691    4.446475 v fanout393/A (sky130_fd_sc_hd__buf_6)
     2    0.017524    0.032090    0.133489    4.579964 v fanout393/X (sky130_fd_sc_hd__buf_6)
                                                         net393 (net)
                      0.032186    0.001510    4.581474 v _10054_/A1 (sky130_fd_sc_hd__a21boi_4)
     1    0.010696    0.130051    0.141465    4.722939 ^ _10054_/Y (sky130_fd_sc_hd__a21boi_4)
                                                         _03140_ (net)
                      0.130053    0.000815    4.723754 ^ _10062_/C (sky130_fd_sc_hd__nand3_4)
     3    0.023844    0.111484    0.123705    4.847459 v _10062_/Y (sky130_fd_sc_hd__nand3_4)
                                                         _03148_ (net)
                      0.111574    0.002426    4.849885 v fanout325/A (sky130_fd_sc_hd__buf_6)
     2    0.009803    0.025299    0.145162    4.995046 v fanout325/X (sky130_fd_sc_hd__buf_6)
                                                         net325 (net)
                      0.025299    0.000670    4.995716 v fanout324/A (sky130_fd_sc_hd__buf_8)
     5    0.029540    0.037015    0.121212    5.116929 v fanout324/X (sky130_fd_sc_hd__buf_8)
                                                         net324 (net)
                      0.037133    0.001790    5.118718 v _10364_/A1 (sky130_fd_sc_hd__a21o_1)
     1    0.011394    0.068296    0.184234    5.302952 v _10364_/X (sky130_fd_sc_hd__a21o_1)
                                                         _03450_ (net)
                      0.068308    0.000901    5.303853 v _10367_/C1 (sky130_fd_sc_hd__o211ai_4)
     2    0.017475    0.210102    0.103032    5.406885 ^ _10367_/Y (sky130_fd_sc_hd__o211ai_4)
                                                         _03453_ (net)
                      0.210105    0.001616    5.408501 ^ rebuffer306/A (sky130_fd_sc_hd__buf_6)
     2    0.019746    0.051851    0.149629    5.558130 ^ rebuffer306/X (sky130_fd_sc_hd__buf_6)
                                                         net580 (net)
                      0.051889    0.001234    5.559363 ^ _10588_/A1_N (sky130_fd_sc_hd__o2bb2ai_4)
     3    0.025152    0.202997    0.154049    5.713412 ^ _10588_/Y (sky130_fd_sc_hd__o2bb2ai_4)
                                                         _03674_ (net)
                      0.203088    0.001647    5.715059 ^ _10595_/A (sky130_fd_sc_hd__nand3_4)
     4    0.028092    0.126399    0.147803    5.862862 v _10595_/Y (sky130_fd_sc_hd__nand3_4)
                                                         _03681_ (net)
                      0.126421    0.001314    5.864175 v rebuffer322/A (sky130_fd_sc_hd__buf_6)
     1    0.010319    0.025784    0.152387    6.016562 v rebuffer322/X (sky130_fd_sc_hd__buf_6)
                                                         net1140 (net)
                      0.025784    0.000847    6.017409 v _10802_/A2 (sky130_fd_sc_hd__a31oi_4)
     1    0.009489    0.152498    0.163232    6.180641 ^ _10802_/Y (sky130_fd_sc_hd__a31oi_4)
                                                         _03888_ (net)
                      0.152498    0.000720    6.181361 ^ _10806_/A1 (sky130_fd_sc_hd__a22oi_4)
     3    0.020199    0.083773    0.119601    6.300962 v _10806_/Y (sky130_fd_sc_hd__a22oi_4)
                                                         _03892_ (net)
                      0.083780    0.001485    6.302448 v rebuffer326/A (sky130_fd_sc_hd__buf_6)
     1    0.010959    0.026138    0.133501    6.435949 v rebuffer326/X (sky130_fd_sc_hd__buf_6)
                                                         net1146 (net)
                      0.026171    0.000922    6.436871 v _11727_/A4 (sky130_fd_sc_hd__a41oi_4)
     1    0.009617    0.180944    0.219696    6.656567 ^ _11727_/Y (sky130_fd_sc_hd__a41oi_4)
                                                         _04813_ (net)
                      0.180944    0.000467    6.657034 ^ _11728_/B1 (sky130_fd_sc_hd__o21ai_4)
     2    0.011304    0.066114    0.091779    6.748812 v _11728_/Y (sky130_fd_sc_hd__o21ai_4)
                                                         _04814_ (net)
                      0.066116    0.000801    6.749613 v _12230_/B1 (sky130_fd_sc_hd__a21oi_4)
     1    0.023103    0.202275    0.196414    6.946027 ^ _12230_/Y (sky130_fd_sc_hd__a21oi_4)
                                                         _05316_ (net)
                      0.202307    0.001995    6.948022 ^ wire165/A (sky130_fd_sc_hd__buf_8)
     4    0.071874    0.123374    0.193099    7.141121 ^ wire165/X (sky130_fd_sc_hd__buf_8)
                                                         net165 (net)
                      0.125775    0.013642    7.154764 ^ _12238_/A1 (sky130_fd_sc_hd__o21bai_4)
     3    0.049553    0.140344    0.156184    7.310947 v _12238_/Y (sky130_fd_sc_hd__o21bai_4)
                                                         _05324_ (net)
                      0.140945    0.007270    7.318218 v _12353_/A (sky130_fd_sc_hd__nand3_4)
     2    0.021949    0.100757    0.125371    7.443589 ^ _12353_/Y (sky130_fd_sc_hd__nand3_4)
                                                         _05439_ (net)
                      0.100789    0.002500    7.446088 ^ _12403_/A1 (sky130_fd_sc_hd__a21oi_4)
     2    0.014149    0.054761    0.074470    7.520559 v _12403_/Y (sky130_fd_sc_hd__a21oi_4)
                                                         _05489_ (net)
                      0.054766    0.001018    7.521576 v _12425_/A2 (sky130_fd_sc_hd__o21bai_4)
     3    0.016621    0.157288    0.157948    7.679525 ^ _12425_/Y (sky130_fd_sc_hd__o21bai_4)
                                                         _05511_ (net)
                      0.157290    0.001127    7.680652 ^ _12428_/A1 (sky130_fd_sc_hd__a21oi_4)
     3    0.010265    0.097871    0.080503    7.761155 v _12428_/Y (sky130_fd_sc_hd__a21oi_4)
                                                         _05514_ (net)
                      0.097872    0.000617    7.761772 v _12437_/A2 (sky130_fd_sc_hd__o211ai_2)
     2    0.014864    0.229957    0.237309    7.999081 ^ _12437_/Y (sky130_fd_sc_hd__o211ai_2)
                                                         _05523_ (net)
                      0.229959    0.001008    8.000089 ^ fanout148/A (sky130_fd_sc_hd__buf_6)
     2    0.010727    0.037444    0.139687    8.139776 ^ fanout148/X (sky130_fd_sc_hd__buf_6)
                                                         net148 (net)
                      0.037467    0.000733    8.140509 ^ fanout147/A (sky130_fd_sc_hd__buf_8)
     5    0.046767    0.084852    0.124891    8.265400 ^ fanout147/X (sky130_fd_sc_hd__buf_8)
                                                         net147 (net)
                      0.085673    0.006673    8.272073 ^ _12441_/A (sky130_fd_sc_hd__nand2_8)
     2    0.047341    0.116576    0.085722    8.357795 v _12441_/Y (sky130_fd_sc_hd__nand2_8)
                                                         _05527_ (net)
                      0.116723    0.003331    8.361125 v fanout128/A (sky130_fd_sc_hd__buf_8)
     5    0.028162    0.036556    0.160611    8.521736 v fanout128/X (sky130_fd_sc_hd__buf_8)
                                                         net128 (net)
                      0.037121    0.003359    8.525096 v fanout127/A (sky130_fd_sc_hd__buf_6)
     2    0.018201    0.032838    0.119909    8.645005 v fanout127/X (sky130_fd_sc_hd__buf_6)
                                                         net127 (net)
                      0.032970    0.001785    8.646791 v fanout124/A (sky130_fd_sc_hd__buf_8)
     4    0.028694    0.036424    0.123920    8.770711 v fanout124/X (sky130_fd_sc_hd__buf_8)
                                                         net124 (net)
                      0.036497    0.001432    8.772142 v fanout122/A (sky130_fd_sc_hd__buf_8)
     5    0.027697    0.036027    0.123973    8.896115 v fanout122/X (sky130_fd_sc_hd__buf_8)
                                                         net122 (net)
                      0.036682    0.003600    8.899715 v _12474_/A2 (sky130_fd_sc_hd__a21oi_4)
     2    0.011191    0.131114    0.161002    9.060717 ^ _12474_/Y (sky130_fd_sc_hd__a21oi_4)
                                                         _05560_ (net)
                      0.131115    0.000785    9.061502 ^ fanout117/A (sky130_fd_sc_hd__buf_6)
     5    0.023393    0.057256    0.137748    9.199250 ^ fanout117/X (sky130_fd_sc_hd__buf_6)
                                                         net117 (net)
                      0.057313    0.001600    9.200851 ^ _12491_/A (sky130_fd_sc_hd__nand3_4)
     4    0.028607    0.111864    0.105927    9.306778 v _12491_/Y (sky130_fd_sc_hd__nand3_4)
                                                         _05577_ (net)
                      0.111998    0.003053    9.309831 v fanout115/A (sky130_fd_sc_hd__buf_8)
     5    0.031935    0.039080    0.161156    9.470986 v fanout115/X (sky130_fd_sc_hd__buf_8)
                                                         net115 (net)
                      0.039448    0.003121    9.474107 v _12526_/B (sky130_fd_sc_hd__nor2_8)
     2    0.043331    0.181811    0.163239    9.637346 ^ _12526_/Y (sky130_fd_sc_hd__nor2_8)
                                                         _05612_ (net)
                      0.181939    0.003832    9.641178 ^ fanout103/A (sky130_fd_sc_hd__buf_8)
     4    0.032806    0.065060    0.150795    9.791973 ^ fanout103/X (sky130_fd_sc_hd__buf_8)
                                                         net103 (net)
                      0.065074    0.001003    9.792975 ^ fanout102/A (sky130_fd_sc_hd__buf_8)
     5    0.036697    0.069620    0.124156    9.917131 ^ fanout102/X (sky130_fd_sc_hd__buf_8)
                                                         net102 (net)
                      0.069856    0.003246    9.920378 ^ _12620_/A (sky130_fd_sc_hd__nand4_4)
     3    0.026314    0.147633    0.128551   10.048929 v _12620_/Y (sky130_fd_sc_hd__nand4_4)
                                                         _05702_ (net)
                      0.147692    0.002287   10.051216 v _12622_/A1 (sky130_fd_sc_hd__o21bai_4)
     1    0.005469    0.100740    0.169561   10.220778 ^ _12622_/Y (sky130_fd_sc_hd__o21bai_4)
                                                         _05704_ (net)
                      0.100741    0.000400   10.221177 ^ _12624_/B1 (sky130_fd_sc_hd__o21ai_2)
     1    0.005742    0.070676    0.068761   10.289938 v _12624_/Y (sky130_fd_sc_hd__o21ai_2)
                                                         _05706_ (net)
                      0.070678    0.000407   10.290345 v _12625_/B (sky130_fd_sc_hd__nand2_2)
     2    0.006038    0.052427    0.079517   10.369862 ^ _12625_/Y (sky130_fd_sc_hd__nand2_2)
                                                         multiplier_inst.exp_final[5] (net)
                      0.052428    0.000397   10.370258 ^ _12715_/A (sky130_fd_sc_hd__nand3_1)
     1    0.002908    0.062282    0.061545   10.431804 v _12715_/Y (sky130_fd_sc_hd__nand3_1)
                                                         _05780_ (net)
                      0.062282    0.000200   10.432004 v _12717_/A (sky130_fd_sc_hd__nand2_1)
     1    0.004568    0.059228    0.072101   10.504106 ^ _12717_/Y (sky130_fd_sc_hd__nand2_1)
                                                         multiplier_inst.overflow_calc (net)
                      0.059229    0.000266   10.504372 ^ _14499_/D (sky130_fd_sc_hd__dfrtp_1)
                                             10.504372   data arrival time

                                  8.000000    8.000000   clock clk (rise edge)
                                  0.000000    8.000000   clock source latency
     1    0.056878    0.259012    0.183565    8.183565 ^ clk (in)
                                                         clk (net)
                      0.259243    0.000000    8.183565 ^ clkbuf_0_clk/A (sky130_fd_sc_hd__clkbuf_16)
     2    0.067177    0.087229    0.229788    8.413353 ^ clkbuf_0_clk/X (sky130_fd_sc_hd__clkbuf_16)
                                                         clknet_0_clk (net)
                      0.087694    0.004609    8.417962 ^ clkbuf_1_1__f_clk/A (sky130_fd_sc_hd__clkbuf_16)
    11    0.122874    0.137125    0.210410    8.628372 ^ clkbuf_1_1__f_clk/X (sky130_fd_sc_hd__clkbuf_16)
                                                         clknet_1_1__leaf_clk (net)
                      0.139062    0.012924    8.641296 ^ clkbuf_leaf_8_clk/A (sky130_fd_sc_hd__clkbuf_8)
    26    0.079924    0.144893    0.236152    8.877447 ^ clkbuf_leaf_8_clk/X (sky130_fd_sc_hd__clkbuf_8)
                                                         clknet_leaf_8_clk (net)
                      0.145100    0.003714    8.881162 ^ _14499_/CLK (sky130_fd_sc_hd__dfrtp_1)
                                 -0.250000    8.631162   clock uncertainty
                                  0.000000    8.631162   clock reconvergence pessimism
                                 -0.048002    8.583159   library setup time
                                              8.583159   data required time
---------------------------------------------------------------------------------------------
                                              8.583159   data required time
                                            -10.504372   data arrival time
---------------------------------------------------------------------------------------------
                                             -1.921213   slack (VIOLATED)




===========================================================================
 report_check_types -max_slew -max_cap -max_fanout -violators
============================================================================
======================= max_tt_025C_1v80 Corner ===================================

max slew

Pin                                        Limit        Slew       Slack
------------------------------------------------------------------------
_13134_/A2                              0.750000    1.094448   -0.344448 (VIOLATED)
_13133_/A2                              0.750000    1.094445   -0.344445 (VIOLATED)
_13131_/Y                               0.750000    1.094321   -0.344321 (VIOLATED)
fanout790/A                             0.750000    0.832333   -0.082333 (VIOLATED)
_12443_/Y                               0.750000    0.832292   -0.082292 (VIOLATED)
_12456_/C                               0.750000    0.809008   -0.059008 (VIOLATED)
_13822_/A2                              0.750000    0.808992   -0.058992 (VIOLATED)
_13859_/A1                              0.750000    0.808978   -0.058978 (VIOLATED)
_12455_/X                               0.750000    0.808597   -0.058597 (VIOLATED)

max fanout

Pin                                   Limit Fanout  Slack
---------------------------------------------------------
clkbuf_leaf_8_clk/X                       5     26    -21 (VIOLATED)
clkbuf_leaf_12_clk/X                      5     25    -20 (VIOLATED)
clkbuf_leaf_17_clk/X                      5     25    -20 (VIOLATED)
clkbuf_leaf_7_clk/X                       5     25    -20 (VIOLATED)
clkbuf_leaf_0_clk/X                       5     24    -19 (VIOLATED)
clkbuf_leaf_4_clk/X                       5     21    -16 (VIOLATED)
clkbuf_leaf_20_clk/X                      5     20    -15 (VIOLATED)
clkbuf_leaf_11_clk/X                      5     19    -14 (VIOLATED)
clkbuf_leaf_14_clk/X                      5     19    -14 (VIOLATED)
clkbuf_leaf_6_clk/X                       5     18    -13 (VIOLATED)
clkbuf_leaf_1_clk/X                       5     17    -12 (VIOLATED)
clkbuf_leaf_5_clk/X                       5     17    -12 (VIOLATED)
clkbuf_leaf_18_clk/X                      5     16    -11 (VIOLATED)
clkbuf_leaf_3_clk/X                       5     12     -7 (VIOLATED)
clkbuf_1_0__f_clk/X                       5     11     -6 (VIOLATED)
clkbuf_1_1__f_clk/X                       5     11     -6 (VIOLATED)
clkbuf_leaf_2_clk/X                       5     11     -6 (VIOLATED)
clkbuf_leaf_15_clk/X                      5     10     -5 (VIOLATED)
clkbuf_leaf_9_clk/X                       5      9     -4 (VIOLATED)
fanout923/X                               5      8     -3 (VIOLATED)
_08804_/Y                                 5      7     -2 (VIOLATED)
clkbuf_leaf_10_clk/X                      5      7     -2 (VIOLATED)
fanout1203/X                              5      7     -2 (VIOLATED)
fanout912/X                               5      7     -2 (VIOLATED)
_08138_/Y                                 5      6        (VIOLATED)
fanout1033/X                              5      6        (VIOLATED)
fanout1099/X                              5      6        (VIOLATED)
fanout1116/X                              5      6        (VIOLATED)
fanout1154/X                              5      6        (VIOLATED)
fanout1811/X                              5      6        (VIOLATED)
fanout1840/X                              5      6        (VIOLATED)
fanout2591/X                              5      6        (VIOLATED)
fanout790/X                               5      6        (VIOLATED)
fanout916/X                               5      6        (VIOLATED)



===========================================================================
report_parasitic_annotation -report_unannotated
============================================================================
Found 20 unannotated drivers.
 clkload0/X
 clkload1/Y
 clkload10/X
 clkload11/Y
 clkload12/Y
 clkload13/Y
 clkload14/Y
 clkload15/Y
 clkload16/Y
 clkload17/X
 clkload18/Y
 clkload19/Y
 clkload2/Y
 clkload3/Y
 clkload4/Y
 clkload5/Y
 clkload6/Y
 clkload7/X
 clkload8/Y
 clkload9/Y
Found 0 partially unannotated drivers.

===========================================================================
max slew violation count 9
max fanout violation count 34
max cap violation count 0
============================================================================

===========================================================================
check_setup -verbose -unconstrained_endpoints -multiple_clock -no_clock -no_input_delay -loops -generated_clocks
===========================================================================
