Clock: clk
Sources: clk 
Generated: no
Virtual: yes
Propagated: no
Period: 8.000000

===========================================================================
report_clock_properties
============================================================================
Clock                   Period          Waveform
----------------------------------------------------
clk                   8.000000    0.000000  4.000000

===========================================================================
report_clock_latency
============================================================================
Clock clk
rise -> rise
    min     max
0.000000 0.000000 source latency
0.851851         network latency _14479_/CLK
        0.907519 network latency _14338_/CLK
---------------
0.851851 0.907519 latency
        0.055668 skew

fall -> fall
    min     max
0.000000 0.000000 source latency
0.714242         network latency _14356_/CLK
        0.756550 network latency _14338_/CLK
---------------
0.714242 0.756550 latency
        0.042309 skew



===========================================================================
report_clock_min_period
============================================================================
clk period_min = 9.92 fmax = 100.79
