Clock: clk
Sources: clk 
Generated: no
Virtual: yes
Propagated: no
Period: 20.000000

===========================================================================
report_clock_properties
============================================================================
Clock                   Period          Waveform
----------------------------------------------------
clk                  20.000000    0.000000 10.000000

===========================================================================
report_clock_latency
============================================================================
Clock clk
rise -> rise
    min     max
0.000000 0.000000 source latency
0.617444         network latency _9343_/CLK
        0.648434 network latency _9442_/CLK
---------------
0.617444 0.648434 latency
        0.030991 skew

fall -> fall
    min     max
0.000000 0.000000 source latency
0.556945         network latency _9343_/CLK
        0.580673 network latency _9442_/CLK
---------------
0.556945 0.580673 latency
        0.023729 skew



===========================================================================
report_clock_min_period
============================================================================
clk period_min = 10.99 fmax = 90.97
