137. Printing statistics.

=== ALU ===

   Number of wires:               7468
   Number of wire bits:           7561
   Number of public wires:         364
   Number of public wire bits:     457
   Number of ports:                  9
   Number of port bits:            102
   Number of memories:               0
   Number of memory bits:            0
   Number of processes:              0
   Number of cells:               7493
     sky130_fd_sc_hd__a2111o_2       7
     sky130_fd_sc_hd__a2111oi_2      3
     sky130_fd_sc_hd__a211o_2       36
     sky130_fd_sc_hd__a211oi_2      23
     sky130_fd_sc_hd__a21bo_2       43
     sky130_fd_sc_hd__a21boi_2      84
     sky130_fd_sc_hd__a21o_2       342
     sky130_fd_sc_hd__a21oi_2      389
     sky130_fd_sc_hd__a221o_2       30
     sky130_fd_sc_hd__a221oi_2       6
     sky130_fd_sc_hd__a22o_2       184
     sky130_fd_sc_hd__a22oi_2      215
     sky130_fd_sc_hd__a2bb2o_2      25
     sky130_fd_sc_hd__a2bb2oi_2     35
     sky130_fd_sc_hd__a311o_2       16
     sky130_fd_sc_hd__a311oi_2       7
     sky130_fd_sc_hd__a31o_2       103
     sky130_fd_sc_hd__a31oi_2       56
     sky130_fd_sc_hd__a32o_2        46
     sky130_fd_sc_hd__a32oi_2       49
     sky130_fd_sc_hd__a41o_2        19
     sky130_fd_sc_hd__a41oi_2       11
     sky130_fd_sc_hd__and2_2       107
     sky130_fd_sc_hd__and2b_2       17
     sky130_fd_sc_hd__and3_2       239
     sky130_fd_sc_hd__and3b_2       11
     sky130_fd_sc_hd__and4_2       122
     sky130_fd_sc_hd__and4b_2        9
     sky130_fd_sc_hd__and4bb_2       6
     sky130_fd_sc_hd__dfrtp_2      314
     sky130_fd_sc_hd__inv_2        448
     sky130_fd_sc_hd__mux2_1        70
     sky130_fd_sc_hd__nand2_2     1128
     sky130_fd_sc_hd__nand2b_2      25
     sky130_fd_sc_hd__nand3_2      562
     sky130_fd_sc_hd__nand3b_2      61
     sky130_fd_sc_hd__nand4_2      365
     sky130_fd_sc_hd__nand4b_2      11
     sky130_fd_sc_hd__nor2_2       172
     sky130_fd_sc_hd__nor3_2        11
     sky130_fd_sc_hd__nor3b_2        4
     sky130_fd_sc_hd__nor4_2         7
     sky130_fd_sc_hd__nor4b_2        3
     sky130_fd_sc_hd__o2111a_2      16
     sky130_fd_sc_hd__o2111ai_2    117
     sky130_fd_sc_hd__o211a_2       98
     sky130_fd_sc_hd__o211ai_2     393
     sky130_fd_sc_hd__o21a_2       117
     sky130_fd_sc_hd__o21ai_2      398
     sky130_fd_sc_hd__o21ba_2       12
     sky130_fd_sc_hd__o21bai_2      28
     sky130_fd_sc_hd__o221a_2       49
     sky130_fd_sc_hd__o221ai_2      73
     sky130_fd_sc_hd__o22a_2        63
     sky130_fd_sc_hd__o22ai_2       44
     sky130_fd_sc_hd__o2bb2a_2      36
     sky130_fd_sc_hd__o2bb2ai_2    278
     sky130_fd_sc_hd__o311a_2       38
     sky130_fd_sc_hd__o311ai_2       5
     sky130_fd_sc_hd__o31a_2        60
     sky130_fd_sc_hd__o31ai_2        5
     sky130_fd_sc_hd__o32a_2        27
     sky130_fd_sc_hd__o32ai_2        3
     sky130_fd_sc_hd__o41a_2         5
     sky130_fd_sc_hd__or2_2         42
     sky130_fd_sc_hd__or3_2         35
     sky130_fd_sc_hd__or3b_2        11
     sky130_fd_sc_hd__or4_2         37
     sky130_fd_sc_hd__or4b_2         9
     sky130_fd_sc_hd__or4bb_2        2
     sky130_fd_sc_hd__xnor2_2       33
     sky130_fd_sc_hd__xor2_2        38

   Chip area for module '\ALU': 76598.464000
     of which used for sequential elements: 8250.412800 (10.77%)

