                                                                       Cells by Function                                                                        
┏━━━━━━━━━━━━━━━━━━━━━━━━━━━━━━━━━━━━━━━━━━━━━━━━━━━━━━━━━━━━━━━━━━━━━━━━━━━━━━━━━━━━━━━━━━━━━━━━━━━━━━━━━━━━━━━━━━━━━━━━━━━━━━━━━┳━━━━━━━━━━━━━━━━━━━━━━━━━━━━┓
┃ Cell Function                                                                                                                   ┃ Count                      ┃
┡━━━━━━━━━━━━━━━━━━━━━━━━━━━━━━━━━━━━━━━━━━━━━━━━━━━━━━━━━━━━━━━━━━━━━━━━━━━━━━━━━━━━━━━━━━━━━━━━━━━━━━━━━━━━━━━━━━━━━━━━━━━━━━━━━╇━━━━━━━━━━━━━━━━━━━━━━━━━━━━┩
│ sky130_ef_sc_hd__decap                                                                                                          │ 2021                       │
│ sky130_fd_sc_hd__a2111o                                                                                                         │ 5                          │
│ sky130_fd_sc_hd__a211o                                                                                                          │ 87                         │
│ sky130_fd_sc_hd__a211oi                                                                                                         │ 66                         │
│ sky130_fd_sc_hd__a21bo                                                                                                          │ 74                         │
│ sky130_fd_sc_hd__a21boi                                                                                                         │ 14                         │
│ sky130_fd_sc_hd__a21o                                                                                                           │ 272                        │
│ sky130_fd_sc_hd__a21oi                                                                                                          │ 171                        │
│ sky130_fd_sc_hd__a221o                                                                                                          │ 43                         │
│ sky130_fd_sc_hd__a221oi                                                                                                         │ 6                          │
│ sky130_fd_sc_hd__a22o                                                                                                           │ 103                        │
│ sky130_fd_sc_hd__a22oi                                                                                                          │ 133                        │
│ sky130_fd_sc_hd__a2bb2o                                                                                                         │ 7                          │
│ sky130_fd_sc_hd__a2bb2oi                                                                                                        │ 3                          │
│ sky130_fd_sc_hd__a311o                                                                                                          │ 6                          │
│ sky130_fd_sc_hd__a311oi                                                                                                         │ 2                          │
│ sky130_fd_sc_hd__a31o                                                                                                           │ 85                         │
│ sky130_fd_sc_hd__a31oi                                                                                                          │ 11                         │
│ sky130_fd_sc_hd__a32o                                                                                                           │ 10                         │
│ sky130_fd_sc_hd__a32oi                                                                                                          │ 1                          │
│ sky130_fd_sc_hd__a41o                                                                                                           │ 8                          │
│ sky130_fd_sc_hd__a41oi                                                                                                          │ 1                          │
│ sky130_fd_sc_hd__and2                                                                                                           │ 126                        │
│ sky130_fd_sc_hd__and2b                                                                                                          │ 121                        │
│ sky130_fd_sc_hd__and3                                                                                                           │ 176                        │
│ sky130_fd_sc_hd__and3b                                                                                                          │ 8                          │
│ sky130_fd_sc_hd__and4                                                                                                           │ 181                        │
│ sky130_fd_sc_hd__and4b                                                                                                          │ 7                          │
│ sky130_fd_sc_hd__and4bb                                                                                                         │ 28                         │
│ sky130_fd_sc_hd__buf                                                                                                            │ 294                        │
│ sky130_fd_sc_hd__bufinv                                                                                                         │ 1                          │
│ sky130_fd_sc_hd__clkbuf                                                                                                         │ 266                        │
│ sky130_fd_sc_hd__clkinv                                                                                                         │ 7                          │
│ sky130_fd_sc_hd__clkinvlp                                                                                                       │ 1                          │
│ sky130_fd_sc_hd__decap                                                                                                          │ 2848                       │
│ sky130_fd_sc_hd__dfrtp                                                                                                          │ 314                        │
│ sky130_fd_sc_hd__diode                                                                                                          │ 27                         │
│ sky130_fd_sc_hd__dlygate4sd1                                                                                                    │ 2                          │
│ sky130_fd_sc_hd__dlygate4sd3                                                                                                    │ 171                        │
│ sky130_fd_sc_hd__dlymetal6s2s                                                                                                   │ 16                         │
│ sky130_fd_sc_hd__fill                                                                                                           │ 2305                       │
│ sky130_fd_sc_hd__inv                                                                                                            │ 427                        │
│ sky130_fd_sc_hd__mux2                                                                                                           │ 122                        │
│ sky130_fd_sc_hd__nand2                                                                                                          │ 331                        │
│ sky130_fd_sc_hd__nand2b                                                                                                         │ 85                         │
│ sky130_fd_sc_hd__nand3                                                                                                          │ 198                        │
│ sky130_fd_sc_hd__nand3b                                                                                                         │ 16                         │
│ sky130_fd_sc_hd__nand4                                                                                                          │ 45                         │
│ sky130_fd_sc_hd__nor2                                                                                                           │ 304                        │
│ sky130_fd_sc_hd__nor3                                                                                                           │ 42                         │
│ sky130_fd_sc_hd__nor3b                                                                                                          │ 8                          │
│ sky130_fd_sc_hd__nor4                                                                                                           │ 11                         │
│ sky130_fd_sc_hd__nor4b                                                                                                          │ 2                          │
│ sky130_fd_sc_hd__o2111a                                                                                                         │ 3                          │
│ sky130_fd_sc_hd__o2111ai                                                                                                        │ 1                          │
│ sky130_fd_sc_hd__o211a                                                                                                          │ 98                         │
│ sky130_fd_sc_hd__o211ai                                                                                                         │ 52                         │
│ sky130_fd_sc_hd__o21a                                                                                                           │ 80                         │
│ sky130_fd_sc_hd__o21ai                                                                                                          │ 118                        │
│ sky130_fd_sc_hd__o21ba                                                                                                          │ 58                         │
│ sky130_fd_sc_hd__o21bai                                                                                                         │ 51                         │
│ sky130_fd_sc_hd__o221a                                                                                                          │ 32                         │
│ sky130_fd_sc_hd__o221ai                                                                                                         │ 4                          │
│ sky130_fd_sc_hd__o22a                                                                                                           │ 17                         │
│ sky130_fd_sc_hd__o22ai                                                                                                          │ 5                          │
│ sky130_fd_sc_hd__o2bb2a                                                                                                         │ 28                         │
│ sky130_fd_sc_hd__o311a                                                                                                          │ 2                          │
│ sky130_fd_sc_hd__o31a                                                                                                           │ 15                         │
│ sky130_fd_sc_hd__o31ai                                                                                                          │ 4                          │
│ sky130_fd_sc_hd__o32a                                                                                                           │ 4                          │
│ sky130_fd_sc_hd__o41a                                                                                                           │ 9                          │
│ sky130_fd_sc_hd__o41ai                                                                                                          │ 1                          │
│ sky130_fd_sc_hd__or2                                                                                                            │ 148                        │
│ sky130_fd_sc_hd__or3                                                                                                            │ 93                         │
│ sky130_fd_sc_hd__or3b                                                                                                           │ 11                         │
│ sky130_fd_sc_hd__or4                                                                                                            │ 41                         │
│ sky130_fd_sc_hd__or4b                                                                                                           │ 4                          │
│ sky130_fd_sc_hd__or4bb                                                                                                          │ 4                          │
│ sky130_fd_sc_hd__tapvpwrvgnd                                                                                                    │ 1428                       │
│ sky130_fd_sc_hd__xnor2                                                                                                          │ 310                        │
│ sky130_fd_sc_hd__xor2                                                                                                           │ 108                        │
└─────────────────────────────────────────────────────────────────────────────────────────────────────────────────────────────────┴────────────────────────────┘
