
===========================================================================
report_checks -unconstrained
===========================================================================
======================= nom_tt_025C_1v80 Corner ===================================

Startpoint: rst (input port clocked by clk)
Endpoint: _9217_ (recovery check against rising-edge clock clk)
Path Group: asynchronous
Path Type: max

Fanout         Cap        Slew       Delay        Time   Description
---------------------------------------------------------------------------------------------
                                  0.000000    0.000000   clock clk (rise edge)
                                  0.000000    0.000000   clock network delay (propagated)
                                  3.000000    3.000000 v input external delay
     2    0.004648    0.012870    0.007547    3.007547 v rst (in)
                                                         rst (net)
                      0.012871    0.000000    3.007547 v input67/A (sky130_fd_sc_hd__clkbuf_2)
     5    0.027497    0.108788    0.155198    3.162745 v input67/X (sky130_fd_sc_hd__clkbuf_2)
                                                         net67 (net)
                      0.108793    0.000625    3.163370 v fanout523/A (sky130_fd_sc_hd__buf_4)
    17    0.068376    0.094153    0.228903    3.392273 v fanout523/X (sky130_fd_sc_hd__buf_4)
                                                         net523 (net)
                      0.094156    0.000884    3.393157 v fanout518/A (sky130_fd_sc_hd__clkbuf_2)
    11    0.033601    0.129901    0.207673    3.600830 v fanout518/X (sky130_fd_sc_hd__clkbuf_2)
                                                         net518 (net)
                      0.129901    0.000371    3.601201 v fanout517/A (sky130_fd_sc_hd__clkbuf_4)
    15    0.050105    0.108839    0.242818    3.844018 v fanout517/X (sky130_fd_sc_hd__clkbuf_4)
                                                         net517 (net)
                      0.108841    0.000721    3.844740 v fanout516/A (sky130_fd_sc_hd__clkbuf_4)
     8    0.040957    0.091400    0.220797    4.065536 v fanout516/X (sky130_fd_sc_hd__clkbuf_4)
                                                         net516 (net)
                      0.091416    0.001209    4.066746 v fanout515/A (sky130_fd_sc_hd__buf_4)
    10    0.054807    0.079408    0.210009    4.276755 v fanout515/X (sky130_fd_sc_hd__buf_4)
                                                         net515 (net)
                      0.079527    0.002712    4.279466 v _8903_/A (sky130_fd_sc_hd__inv_2)
     1    0.005637    0.039129    0.063372    4.342838 ^ _8903_/Y (sky130_fd_sc_hd__inv_2)
                                                         _0127_ (net)
                      0.039129    0.000195    4.343033 ^ _9217_/RESET_B (sky130_fd_sc_hd__dfrtp_1)
                                              4.343033   data arrival time

                                 15.000000   15.000000   clock clk (rise edge)
                                  0.000000   15.000000   clock source latency
     2    0.035037    0.162357    0.115142   15.115142 ^ clk (in)
                                                         clk (net)
                      0.162560    0.000000   15.115142 ^ clkbuf_0_clk/A (sky130_fd_sc_hd__clkbuf_16)
     9    0.066347    0.084890    0.200368   15.315509 ^ clkbuf_0_clk/X (sky130_fd_sc_hd__clkbuf_16)
                                                         clknet_0_clk (net)
                      0.085307    0.004341   15.319851 ^ clkbuf_2_1__f_clk/A (sky130_fd_sc_hd__clkbuf_16)
    17    0.084886    0.101388    0.188694   15.508544 ^ clkbuf_2_1__f_clk/X (sky130_fd_sc_hd__clkbuf_16)
                                                         clknet_2_1__leaf_clk (net)
                      0.101747    0.004828   15.513372 ^ clkbuf_leaf_5_clk/A (sky130_fd_sc_hd__clkbuf_8)
    12    0.042090    0.085154    0.179991   15.693363 ^ clkbuf_leaf_5_clk/X (sky130_fd_sc_hd__clkbuf_8)
                                                         clknet_leaf_5_clk (net)
                      0.085156    0.000599   15.693962 ^ _9217_/CLK (sky130_fd_sc_hd__dfrtp_1)
                                 -0.250000   15.443963   clock uncertainty
                                  0.000000   15.443963   clock reconvergence pessimism
                                  0.244154   15.688116   library recovery time
                                             15.688116   data required time
---------------------------------------------------------------------------------------------
                                             15.688116   data required time
                                             -4.343033   data arrival time
---------------------------------------------------------------------------------------------
                                             11.345083   slack (MET)


Startpoint: _9300_ (rising edge-triggered flip-flop clocked by clk)
Endpoint: _9426_ (rising edge-triggered flip-flop clocked by clk)
Path Group: clk
Path Type: max

Fanout         Cap        Slew       Delay        Time   Description
---------------------------------------------------------------------------------------------
                                  0.000000    0.000000   clock clk (rise edge)
                                  0.000000    0.000000   clock source latency
     2    0.035037    0.162357    0.115142    0.115142 ^ clk (in)
                                                         clk (net)
                      0.162560    0.000000    0.115142 ^ clkbuf_0_clk/A (sky130_fd_sc_hd__clkbuf_16)
     9    0.066347    0.084890    0.200368    0.315510 ^ clkbuf_0_clk/X (sky130_fd_sc_hd__clkbuf_16)
                                                         clknet_0_clk (net)
                      0.085210    0.003709    0.319219 ^ clkbuf_2_0__f_clk/A (sky130_fd_sc_hd__clkbuf_16)
    15    0.080419    0.097661    0.183295    0.502515 ^ clkbuf_2_0__f_clk/X (sky130_fd_sc_hd__clkbuf_16)
                                                         clknet_2_0__leaf_clk (net)
                      0.098946    0.008853    0.511368 ^ clkbuf_leaf_3_clk/A (sky130_fd_sc_hd__clkbuf_8)
    15    0.046128    0.091693    0.183873    0.695241 ^ clkbuf_leaf_3_clk/X (sky130_fd_sc_hd__clkbuf_8)
                                                         clknet_leaf_3_clk (net)
                      0.091699    0.000830    0.696071 ^ _9300_/CLK (sky130_fd_sc_hd__dfrtp_1)
     1    0.011748    0.114626    0.390882    1.086953 ^ _9300_/Q (sky130_fd_sc_hd__dfrtp_1)
                                                         adder_inst.man_a_r[12] (net)
                      0.114629    0.000810    1.087763 ^ fanout411/A (sky130_fd_sc_hd__buf_6)
    11    0.047787    0.101933    0.166630    1.254394 ^ fanout411/X (sky130_fd_sc_hd__buf_6)
                                                         net411 (net)
                      0.101962    0.001636    1.256030 ^ fanout409/A (sky130_fd_sc_hd__buf_4)
    15    0.048006    0.138080    0.201423    1.457453 ^ fanout409/X (sky130_fd_sc_hd__buf_4)
                                                         net409 (net)
                      0.138275    0.004241    1.461694 ^ fanout407/A (sky130_fd_sc_hd__buf_2)
    21    0.050926    0.248721    0.283740    1.745435 ^ fanout407/X (sky130_fd_sc_hd__buf_2)
                                                         net407 (net)
                      0.248751    0.002277    1.747712 ^ _6183_/A (sky130_fd_sc_hd__nand2_1)
     3    0.008708    0.101818    0.133568    1.881280 v _6183_/Y (sky130_fd_sc_hd__nand2_1)
                                                         _1813_ (net)
                      0.101818    0.000172    1.881452 v _6185_/B (sky130_fd_sc_hd__or3_4)
     2    0.006152    0.068657    0.385223    2.266675 v _6185_/X (sky130_fd_sc_hd__or3_4)
                                                         _1815_ (net)
                      0.068657    0.000197    2.266873 v _6269_/A2 (sky130_fd_sc_hd__a21o_1)
     3    0.009197    0.059538    0.211071    2.477943 v _6269_/X (sky130_fd_sc_hd__a21o_1)
                                                         _1899_ (net)
                      0.059539    0.000315    2.478258 v _6276_/A1 (sky130_fd_sc_hd__a21bo_1)
     2    0.013943    0.080293    0.215297    2.693555 v _6276_/X (sky130_fd_sc_hd__a21bo_1)
                                                         _1906_ (net)
                      0.080295    0.000560    2.694115 v _6279_/B1 (sky130_fd_sc_hd__a21o_1)
     3    0.015343    0.084341    0.214248    2.908362 v _6279_/X (sky130_fd_sc_hd__a21o_1)
                                                         _1909_ (net)
                      0.084346    0.000719    2.909081 v _6291_/B (sky130_fd_sc_hd__and3_1)
     2    0.005990    0.050521    0.192211    3.101292 v _6291_/X (sky130_fd_sc_hd__and3_1)
                                                         _1921_ (net)
                      0.050521    0.000145    3.101438 v _6380_/A2 (sky130_fd_sc_hd__o211a_1)
     3    0.008372    0.064586    0.230962    3.332400 v _6380_/X (sky130_fd_sc_hd__o211a_1)
                                                         _2010_ (net)
                      0.064587    0.000334    3.332734 v _6397_/A (sky130_fd_sc_hd__or4bb_4)
     2    0.014445    0.103127    0.572005    3.904739 v _6397_/X (sky130_fd_sc_hd__or4bb_4)
                                                         _2027_ (net)
                      0.103185    0.000349    3.905088 v _6474_/A2 (sky130_fd_sc_hd__a211oi_4)
     2    0.013368    0.240811    0.309850    4.214938 ^ _6474_/Y (sky130_fd_sc_hd__a211oi_4)
                                                         _2104_ (net)
                      0.240811    0.000500    4.215437 ^ _6480_/A (sky130_fd_sc_hd__nor3b_4)
     4    0.018682    0.077614    0.099160    4.314598 v _6480_/Y (sky130_fd_sc_hd__nor3b_4)
                                                         _2110_ (net)
                      0.077615    0.000525    4.315123 v rebuffer63/A (sky130_fd_sc_hd__clkbuf_1)
     1    0.005336    0.040005    0.113802    4.428925 v rebuffer63/X (sky130_fd_sc_hd__clkbuf_1)
                                                         net612 (net)
                      0.040005    0.000149    4.429073 v _6554_/C1 (sky130_fd_sc_hd__a211o_4)
     4    0.013452    0.063271    0.280629    4.709702 v _6554_/X (sky130_fd_sc_hd__a211o_4)
                                                         _2184_ (net)
                      0.063271    0.000174    4.709876 v _6556_/A (sky130_fd_sc_hd__and2_4)
     1    0.016958    0.044948    0.161757    4.871634 v _6556_/X (sky130_fd_sc_hd__and2_4)
                                                         _2186_ (net)
                      0.044948    0.000537    4.872171 v _6563_/B (sky130_fd_sc_hd__xnor2_4)
     3    0.011742    0.062781    0.129988    5.002159 v _6563_/Y (sky130_fd_sc_hd__xnor2_4)
                                                         _2193_ (net)
                      0.062785    0.000328    5.002487 v _6619_/A (sky130_fd_sc_hd__or4bb_4)
     3    0.017983    0.111088    0.581780    5.584267 v _6619_/X (sky130_fd_sc_hd__or4bb_4)
                                                         _2249_ (net)
                      0.111088    0.000814    5.585081 v _6620_/A1 (sky130_fd_sc_hd__o21bai_4)
     2    0.009375    0.118716    0.173208    5.758289 ^ _6620_/Y (sky130_fd_sc_hd__o21bai_4)
                                                         _2250_ (net)
                      0.118716    0.000352    5.758641 ^ _6622_/A1 (sky130_fd_sc_hd__a311oi_2)
     2    0.006447    0.102477    0.115337    5.873978 v _6622_/Y (sky130_fd_sc_hd__a311oi_2)
                                                         _2252_ (net)
                      0.102477    0.000170    5.874147 v _6623_/A1 (sky130_fd_sc_hd__o21a_1)
     1    0.005157    0.045650    0.212870    6.087018 v _6623_/X (sky130_fd_sc_hd__o21a_1)
                                                         _2253_ (net)
                      0.045650    0.000118    6.087136 v _6626_/A1 (sky130_fd_sc_hd__o21a_4)
     5    0.025206    0.059538    0.240906    6.328043 v _6626_/X (sky130_fd_sc_hd__o21a_4)
                                                         _2256_ (net)
                      0.059774    0.003219    6.331261 v _7399_/A2 (sky130_fd_sc_hd__o221a_4)
     4    0.015900    0.057766    0.283478    6.614739 v _7399_/X (sky130_fd_sc_hd__o221a_4)
                                                         _3029_ (net)
                      0.057766    0.000858    6.615597 v _7405_/A2 (sky130_fd_sc_hd__a21o_1)
     3    0.010904    0.066083    0.213208    6.828805 v _7405_/X (sky130_fd_sc_hd__a21o_1)
                                                         _3035_ (net)
                      0.066086    0.000528    6.829332 v _7496_/A1 (sky130_fd_sc_hd__a211o_1)
     2    0.007230    0.068765    0.283683    7.113016 v _7496_/X (sky130_fd_sc_hd__a211o_1)
                                                         _3126_ (net)
                      0.068765    0.000321    7.113337 v _7518_/A2 (sky130_fd_sc_hd__a2111o_1)
     4    0.014022    0.112407    0.477730    7.591067 v _7518_/X (sky130_fd_sc_hd__a2111o_1)
                                                         _3148_ (net)
                      0.112407    0.000281    7.591347 v _7521_/A2 (sky130_fd_sc_hd__a21o_4)
     5    0.022311    0.055036    0.265834    7.857182 v _7521_/X (sky130_fd_sc_hd__a21o_4)
                                                         _3151_ (net)
                      0.055046    0.000695    7.857877 v _7522_/C (sky130_fd_sc_hd__nand3_4)
     9    0.040127    0.150474    0.148452    8.006330 ^ _7522_/Y (sky130_fd_sc_hd__nand3_4)
                                                         _3152_ (net)
                      0.150478    0.000651    8.006980 ^ fanout113/A (sky130_fd_sc_hd__buf_8)
    13    0.046181    0.084208    0.158381    8.165361 ^ fanout113/X (sky130_fd_sc_hd__buf_8)
                                                         net113 (net)
                      0.084215    0.000611    8.165972 ^ fanout112/A (sky130_fd_sc_hd__buf_8)
     6    0.028537    0.057238    0.122377    8.288349 ^ fanout112/X (sky130_fd_sc_hd__buf_8)
                                                         net112 (net)
                      0.057240    0.000468    8.288817 ^ fanout111/A (sky130_fd_sc_hd__buf_8)
     6    0.028726    0.057398    0.113442    8.402259 ^ fanout111/X (sky130_fd_sc_hd__buf_8)
                                                         net111 (net)
                      0.057426    0.001156    8.403414 ^ fanout110/A (sky130_fd_sc_hd__buf_8)
     5    0.019172    0.043506    0.102709    8.506124 ^ fanout110/X (sky130_fd_sc_hd__buf_8)
                                                         net110 (net)
                      0.043508    0.000353    8.506475 ^ _7563_/A2 (sky130_fd_sc_hd__o211a_1)
     2    0.006155    0.069236    0.147549    8.654024 ^ _7563_/X (sky130_fd_sc_hd__o211a_1)
                                                         _3193_ (net)
                      0.069236    0.000146    8.654170 ^ _7569_/D_N (sky130_fd_sc_hd__nor4b_4)
     2    0.009944    0.251544    0.239711    8.893882 ^ _7569_/Y (sky130_fd_sc_hd__nor4b_4)
                                                         _3199_ (net)
                      0.251545    0.000492    8.894374 ^ max_cap109/A (sky130_fd_sc_hd__buf_6)
     2    0.012753    0.041155    0.147606    9.041980 ^ max_cap109/X (sky130_fd_sc_hd__buf_6)
                                                         net109 (net)
                      0.041158    0.000342    9.042322 ^ _7574_/A (sky130_fd_sc_hd__nand2_4)
     4    0.011446    0.045682    0.046035    9.088357 v _7574_/Y (sky130_fd_sc_hd__nand2_4)
                                                         _3204_ (net)
                      0.045683    0.000300    9.088657 v _8819_/B (sky130_fd_sc_hd__or3_4)
     4    0.018893    0.089667    0.400440    9.489097 v _8819_/X (sky130_fd_sc_hd__or3_4)
                                                         _4317_ (net)
                      0.089667    0.000572    9.489669 v _8824_/B (sky130_fd_sc_hd__nor3_4)
     2    0.009044    0.161828    0.199355    9.689024 ^ _8824_/Y (sky130_fd_sc_hd__nor3_4)
                                                         _4320_ (net)
                      0.161828    0.000267    9.689291 ^ max_cap102/A (sky130_fd_sc_hd__buf_6)
     4    0.010947    0.036315    0.125957    9.815248 ^ max_cap102/X (sky130_fd_sc_hd__buf_6)
                                                         net102 (net)
                      0.036322    0.000375    9.815623 ^ _8831_/D_N (sky130_fd_sc_hd__or4b_4)
     2    0.007246    0.089486    0.456824   10.272448 v _8831_/X (sky130_fd_sc_hd__or4b_4)
                                                         _4324_ (net)
                      0.089486    0.000123   10.272570 v _8832_/B (sky130_fd_sc_hd__and3_1)
     1    0.003145    0.038353    0.180234   10.452805 v _8832_/X (sky130_fd_sc_hd__and3_1)
                                                         multiplier_inst.man_final[14] (net)
                      0.038353    0.000101   10.452906 v _9426_/D (sky130_fd_sc_hd__dfrtp_1)
                                             10.452906   data arrival time

                                 15.000000   15.000000   clock clk (rise edge)
                                  0.000000   15.000000   clock source latency
     2    0.035037    0.162357    0.115142   15.115142 ^ clk (in)
                                                         clk (net)
                      0.162560    0.000000   15.115142 ^ clkbuf_0_clk/A (sky130_fd_sc_hd__clkbuf_16)
     9    0.066347    0.084890    0.200368   15.315509 ^ clkbuf_0_clk/X (sky130_fd_sc_hd__clkbuf_16)
                                                         clknet_0_clk (net)
                      0.085223    0.003800   15.319309 ^ clkbuf_2_2__f_clk/A (sky130_fd_sc_hd__clkbuf_16)
    19    0.087050    0.104061    0.188527   15.507835 ^ clkbuf_2_2__f_clk/X (sky130_fd_sc_hd__clkbuf_16)
                                                         clknet_2_2__leaf_clk (net)
                      0.104629    0.006166   15.514001 ^ clkbuf_leaf_27_clk/A (sky130_fd_sc_hd__clkbuf_8)
    17    0.051424    0.100157    0.192200   15.706202 ^ clkbuf_leaf_27_clk/X (sky130_fd_sc_hd__clkbuf_8)
                                                         clknet_leaf_27_clk (net)
                      0.100181    0.001499   15.707701 ^ _9426_/CLK (sky130_fd_sc_hd__dfrtp_1)
                                 -0.250000   15.457702   clock uncertainty
                                  0.000000   15.457702   clock reconvergence pessimism
                                 -0.098756   15.358945   library setup time
                                             15.358945   data required time
---------------------------------------------------------------------------------------------
                                             15.358945   data required time
                                            -10.452906   data arrival time
---------------------------------------------------------------------------------------------
                                              4.906039   slack (MET)




===========================================================================
report_checks --slack_max -0.01
============================================================================
======================= nom_tt_025C_1v80 Corner ===================================

No paths found.


===========================================================================
 report_check_types -max_slew -max_cap -max_fanout -violators
============================================================================
======================= nom_tt_025C_1v80 Corner ===================================

max fanout

Pin                                   Limit Fanout  Slack
---------------------------------------------------------
clkbuf_2_3__f_clk/X                      10     23    -13 (VIOLATED)
_4587_/Y                                 10     21    -11 (VIOLATED)
_4599_/X                                 10     21    -11 (VIOLATED)
_7719_/Y                                 10     21    -11 (VIOLATED)
_9270_/Q                                 10     21    -11 (VIOLATED)
_9271_/Q                                 10     21    -11 (VIOLATED)
_9272_/Q                                 10     21    -11 (VIOLATED)
_9273_/Q                                 10     21    -11 (VIOLATED)
_9276_/Q                                 10     21    -11 (VIOLATED)
_9277_/Q                                 10     21    -11 (VIOLATED)
fanout156/X                              10     21    -11 (VIOLATED)
fanout162/X                              10     21    -11 (VIOLATED)
fanout166/X                              10     21    -11 (VIOLATED)
fanout168/X                              10     21    -11 (VIOLATED)
fanout171/X                              10     21    -11 (VIOLATED)
fanout173/X                              10     21    -11 (VIOLATED)
fanout180/X                              10     21    -11 (VIOLATED)
fanout185/X                              10     21    -11 (VIOLATED)
fanout186/X                              10     21    -11 (VIOLATED)
fanout187/X                              10     21    -11 (VIOLATED)
fanout191/X                              10     21    -11 (VIOLATED)
fanout200/X                              10     21    -11 (VIOLATED)
fanout203/X                              10     21    -11 (VIOLATED)
fanout205/X                              10     21    -11 (VIOLATED)
fanout207/X                              10     21    -11 (VIOLATED)
fanout209/X                              10     21    -11 (VIOLATED)
fanout212/X                              10     21    -11 (VIOLATED)
fanout214/X                              10     21    -11 (VIOLATED)
fanout216/X                              10     21    -11 (VIOLATED)
fanout219/X                              10     21    -11 (VIOLATED)
fanout220/X                              10     21    -11 (VIOLATED)
fanout222/X                              10     21    -11 (VIOLATED)
fanout225/X                              10     21    -11 (VIOLATED)
fanout227/X                              10     21    -11 (VIOLATED)
fanout229/X                              10     21    -11 (VIOLATED)
fanout231/X                              10     21    -11 (VIOLATED)
fanout233/X                              10     21    -11 (VIOLATED)
fanout235/X                              10     21    -11 (VIOLATED)
fanout237/X                              10     21    -11 (VIOLATED)
fanout238/X                              10     21    -11 (VIOLATED)
fanout239/X                              10     21    -11 (VIOLATED)
fanout241/X                              10     21    -11 (VIOLATED)
fanout242/X                              10     21    -11 (VIOLATED)
fanout243/X                              10     21    -11 (VIOLATED)
fanout244/X                              10     21    -11 (VIOLATED)
fanout245/X                              10     21    -11 (VIOLATED)
fanout247/X                              10     21    -11 (VIOLATED)
fanout248/X                              10     21    -11 (VIOLATED)
fanout249/X                              10     21    -11 (VIOLATED)
fanout250/X                              10     21    -11 (VIOLATED)
fanout251/X                              10     21    -11 (VIOLATED)
fanout253/X                              10     21    -11 (VIOLATED)
fanout255/X                              10     21    -11 (VIOLATED)
fanout256/X                              10     21    -11 (VIOLATED)
fanout259/X                              10     21    -11 (VIOLATED)
fanout261/X                              10     21    -11 (VIOLATED)
fanout262/X                              10     21    -11 (VIOLATED)
fanout263/X                              10     21    -11 (VIOLATED)
fanout265/X                              10     21    -11 (VIOLATED)
fanout266/X                              10     21    -11 (VIOLATED)
fanout268/X                              10     21    -11 (VIOLATED)
fanout269/X                              10     21    -11 (VIOLATED)
fanout271/X                              10     21    -11 (VIOLATED)
fanout273/X                              10     21    -11 (VIOLATED)
fanout274/X                              10     21    -11 (VIOLATED)
fanout276/X                              10     21    -11 (VIOLATED)
fanout278/X                              10     21    -11 (VIOLATED)
fanout279/X                              10     21    -11 (VIOLATED)
fanout280/X                              10     21    -11 (VIOLATED)
fanout283/X                              10     21    -11 (VIOLATED)
fanout285/X                              10     21    -11 (VIOLATED)
fanout286/X                              10     21    -11 (VIOLATED)
fanout287/X                              10     21    -11 (VIOLATED)
fanout289/X                              10     21    -11 (VIOLATED)
fanout290/X                              10     21    -11 (VIOLATED)
fanout292/X                              10     21    -11 (VIOLATED)
fanout293/X                              10     21    -11 (VIOLATED)
fanout297/X                              10     21    -11 (VIOLATED)
fanout299/X                              10     21    -11 (VIOLATED)
fanout300/X                              10     21    -11 (VIOLATED)
fanout301/X                              10     21    -11 (VIOLATED)
fanout302/X                              10     21    -11 (VIOLATED)
fanout303/X                              10     21    -11 (VIOLATED)
fanout305/X                              10     21    -11 (VIOLATED)
fanout308/X                              10     21    -11 (VIOLATED)
fanout310/X                              10     21    -11 (VIOLATED)
fanout311/X                              10     21    -11 (VIOLATED)
fanout315/X                              10     21    -11 (VIOLATED)
fanout317/X                              10     21    -11 (VIOLATED)
fanout318/X                              10     21    -11 (VIOLATED)
fanout321/X                              10     21    -11 (VIOLATED)
fanout324/X                              10     21    -11 (VIOLATED)
fanout326/X                              10     21    -11 (VIOLATED)
fanout341/X                              10     21    -11 (VIOLATED)
fanout342/X                              10     21    -11 (VIOLATED)
fanout345/X                              10     21    -11 (VIOLATED)
fanout347/X                              10     21    -11 (VIOLATED)
fanout349/X                              10     21    -11 (VIOLATED)
fanout351/X                              10     21    -11 (VIOLATED)
fanout353/X                              10     21    -11 (VIOLATED)
fanout355/X                              10     21    -11 (VIOLATED)
fanout356/X                              10     21    -11 (VIOLATED)
fanout357/X                              10     21    -11 (VIOLATED)
fanout359/X                              10     21    -11 (VIOLATED)
fanout360/X                              10     21    -11 (VIOLATED)
fanout362/X                              10     21    -11 (VIOLATED)
fanout365/X                              10     21    -11 (VIOLATED)
fanout367/X                              10     21    -11 (VIOLATED)
fanout368/X                              10     21    -11 (VIOLATED)
fanout371/X                              10     21    -11 (VIOLATED)
fanout373/X                              10     21    -11 (VIOLATED)
fanout374/X                              10     21    -11 (VIOLATED)
fanout377/X                              10     21    -11 (VIOLATED)
fanout380/X                              10     21    -11 (VIOLATED)
fanout383/X                              10     21    -11 (VIOLATED)
fanout386/X                              10     21    -11 (VIOLATED)
fanout392/X                              10     21    -11 (VIOLATED)
fanout395/X                              10     21    -11 (VIOLATED)
fanout397/X                              10     21    -11 (VIOLATED)
fanout398/X                              10     21    -11 (VIOLATED)
fanout399/X                              10     21    -11 (VIOLATED)
fanout400/X                              10     21    -11 (VIOLATED)
fanout403/X                              10     21    -11 (VIOLATED)
fanout406/X                              10     21    -11 (VIOLATED)
fanout407/X                              10     21    -11 (VIOLATED)
fanout410/X                              10     21    -11 (VIOLATED)
fanout412/X                              10     21    -11 (VIOLATED)
fanout414/X                              10     21    -11 (VIOLATED)
fanout416/X                              10     21    -11 (VIOLATED)
fanout418/X                              10     21    -11 (VIOLATED)
fanout420/X                              10     21    -11 (VIOLATED)
fanout422/X                              10     21    -11 (VIOLATED)
fanout424/X                              10     21    -11 (VIOLATED)
fanout426/X                              10     21    -11 (VIOLATED)
fanout428/X                              10     21    -11 (VIOLATED)
fanout430/X                              10     21    -11 (VIOLATED)
fanout432/X                              10     21    -11 (VIOLATED)
fanout433/X                              10     21    -11 (VIOLATED)
fanout436/X                              10     21    -11 (VIOLATED)
fanout437/X                              10     21    -11 (VIOLATED)
fanout439/X                              10     21    -11 (VIOLATED)
fanout442/X                              10     21    -11 (VIOLATED)
fanout444/X                              10     21    -11 (VIOLATED)
fanout445/X                              10     21    -11 (VIOLATED)
fanout446/X                              10     21    -11 (VIOLATED)
fanout447/X                              10     21    -11 (VIOLATED)
fanout450/X                              10     21    -11 (VIOLATED)
fanout451/X                              10     21    -11 (VIOLATED)
fanout455/X                              10     21    -11 (VIOLATED)
fanout458/X                              10     21    -11 (VIOLATED)
fanout461/X                              10     21    -11 (VIOLATED)
fanout464/X                              10     21    -11 (VIOLATED)
fanout465/X                              10     21    -11 (VIOLATED)
fanout467/X                              10     21    -11 (VIOLATED)
fanout470/X                              10     21    -11 (VIOLATED)
fanout472/X                              10     21    -11 (VIOLATED)
fanout474/X                              10     21    -11 (VIOLATED)
fanout475/X                              10     21    -11 (VIOLATED)
fanout477/X                              10     21    -11 (VIOLATED)
fanout479/X                              10     21    -11 (VIOLATED)
fanout480/X                              10     21    -11 (VIOLATED)
fanout491/X                              10     21    -11 (VIOLATED)
fanout501/X                              10     21    -11 (VIOLATED)
fanout503/X                              10     21    -11 (VIOLATED)
fanout505/X                              10     21    -11 (VIOLATED)
_8757_/X                                 10     19     -9 (VIOLATED)
_9274_/Q                                 10     19     -9 (VIOLATED)
_9275_/Q                                 10     19     -9 (VIOLATED)
_9279_/Q                                 10     19     -9 (VIOLATED)
clkbuf_2_2__f_clk/X                      10     19     -9 (VIOLATED)
clkbuf_leaf_28_clk/X                     10     19     -9 (VIOLATED)
clkbuf_leaf_31_clk/X                     10     19     -9 (VIOLATED)
fanout155/X                              10     19     -9 (VIOLATED)
fanout164/X                              10     19     -9 (VIOLATED)
fanout199/X                              10     19     -9 (VIOLATED)
fanout232/X                              10     19     -9 (VIOLATED)
fanout260/X                              10     19     -9 (VIOLATED)
fanout267/X                              10     19     -9 (VIOLATED)
fanout402/X                              10     19     -9 (VIOLATED)
fanout413/X                              10     19     -9 (VIOLATED)
fanout448/X                              10     19     -9 (VIOLATED)
fanout454/X                              10     19     -9 (VIOLATED)
fanout460/X                              10     19     -9 (VIOLATED)
fanout462/X                              10     19     -9 (VIOLATED)
fanout506/X                              10     19     -9 (VIOLATED)
fanout542/X                              10     19     -9 (VIOLATED)
clkbuf_leaf_4_clk/X                      10     18     -8 (VIOLATED)
clkbuf_2_1__f_clk/X                      10     17     -7 (VIOLATED)
clkbuf_leaf_13_clk/X                     10     17     -7 (VIOLATED)
clkbuf_leaf_27_clk/X                     10     17     -7 (VIOLATED)
fanout175/X                              10     17     -7 (VIOLATED)
fanout202/X                              10     17     -7 (VIOLATED)
fanout206/X                              10     17     -7 (VIOLATED)
fanout284/X                              10     17     -7 (VIOLATED)
fanout307/X                              10     17     -7 (VIOLATED)
fanout330/X                              10     17     -7 (VIOLATED)
fanout348/X                              10     17     -7 (VIOLATED)
fanout378/X                              10     17     -7 (VIOLATED)
fanout384/X                              10     17     -7 (VIOLATED)
fanout385/X                              10     17     -7 (VIOLATED)
fanout387/X                              10     17     -7 (VIOLATED)
fanout394/X                              10     17     -7 (VIOLATED)
fanout423/X                              10     17     -7 (VIOLATED)
fanout434/X                              10     17     -7 (VIOLATED)
fanout449/X                              10     17     -7 (VIOLATED)
fanout453/X                              10     17     -7 (VIOLATED)
fanout456/X                              10     17     -7 (VIOLATED)
fanout468/X                              10     17     -7 (VIOLATED)
fanout523/X                              10     17     -7 (VIOLATED)
rebuffer24/X                             10     17     -7 (VIOLATED)
clkbuf_leaf_0_clk/X                      10     16     -6 (VIOLATED)
clkbuf_leaf_16_clk/X                     10     16     -6 (VIOLATED)
clkbuf_leaf_9_clk/X                      10     16     -6 (VIOLATED)
_7829_/Y                                 10     15     -5 (VIOLATED)
_9286_/Q                                 10     15     -5 (VIOLATED)
clkbuf_2_0__f_clk/X                      10     15     -5 (VIOLATED)
clkbuf_leaf_17_clk/X                     10     15     -5 (VIOLATED)
clkbuf_leaf_3_clk/X                      10     15     -5 (VIOLATED)
fanout104/X                              10     15     -5 (VIOLATED)
fanout108/X                              10     15     -5 (VIOLATED)
fanout210/X                              10     15     -5 (VIOLATED)
fanout213/X                              10     15     -5 (VIOLATED)
fanout215/X                              10     15     -5 (VIOLATED)
fanout217/X                              10     15     -5 (VIOLATED)
fanout226/X                              10     15     -5 (VIOLATED)
fanout240/X                              10     15     -5 (VIOLATED)
fanout246/X                              10     15     -5 (VIOLATED)
fanout258/X                              10     15     -5 (VIOLATED)
fanout288/X                              10     15     -5 (VIOLATED)
fanout294/X                              10     15     -5 (VIOLATED)
fanout333/X                              10     15     -5 (VIOLATED)
fanout346/X                              10     15     -5 (VIOLATED)
fanout354/X                              10     15     -5 (VIOLATED)
fanout358/X                              10     15     -5 (VIOLATED)
fanout361/X                              10     15     -5 (VIOLATED)
fanout396/X                              10     15     -5 (VIOLATED)
fanout409/X                              10     15     -5 (VIOLATED)
fanout425/X                              10     15     -5 (VIOLATED)
fanout427/X                              10     15     -5 (VIOLATED)
fanout429/X                              10     15     -5 (VIOLATED)
fanout431/X                              10     15     -5 (VIOLATED)
fanout438/X                              10     15     -5 (VIOLATED)
fanout459/X                              10     15     -5 (VIOLATED)
fanout466/X                              10     15     -5 (VIOLATED)
fanout489/X                              10     15     -5 (VIOLATED)
fanout517/X                              10     15     -5 (VIOLATED)
clkbuf_leaf_14_clk/X                     10     13     -3 (VIOLATED)
clkbuf_leaf_24_clk/X                     10     13     -3 (VIOLATED)
fanout113/X                              10     13     -3 (VIOLATED)
fanout161/X                              10     13     -3 (VIOLATED)
fanout201/X                              10     13     -3 (VIOLATED)
fanout211/X                              10     13     -3 (VIOLATED)
fanout252/X                              10     13     -3 (VIOLATED)
fanout254/X                              10     13     -3 (VIOLATED)
fanout270/X                              10     13     -3 (VIOLATED)
fanout277/X                              10     13     -3 (VIOLATED)
fanout281/X                              10     13     -3 (VIOLATED)
fanout295/X                              10     13     -3 (VIOLATED)
fanout304/X                              10     13     -3 (VIOLATED)
fanout322/X                              10     13     -3 (VIOLATED)
fanout337/X                              10     13     -3 (VIOLATED)
fanout343/X                              10     13     -3 (VIOLATED)
fanout363/X                              10     13     -3 (VIOLATED)
fanout364/X                              10     13     -3 (VIOLATED)
fanout369/X                              10     13     -3 (VIOLATED)
fanout370/X                              10     13     -3 (VIOLATED)
fanout376/X                              10     13     -3 (VIOLATED)
fanout382/X                              10     13     -3 (VIOLATED)
fanout388/X                              10     13     -3 (VIOLATED)
fanout391/X                              10     13     -3 (VIOLATED)
fanout408/X                              10     13     -3 (VIOLATED)
fanout417/X                              10     13     -3 (VIOLATED)
fanout435/X                              10     13     -3 (VIOLATED)
fanout457/X                              10     13     -3 (VIOLATED)
fanout463/X                              10     13     -3 (VIOLATED)
fanout469/X                              10     13     -3 (VIOLATED)
fanout486/X                              10     13     -3 (VIOLATED)
fanout494/X                              10     13     -3 (VIOLATED)
fanout534/X                              10     13     -3 (VIOLATED)
clkbuf_leaf_22_clk/X                     10     12     -2 (VIOLATED)
clkbuf_leaf_25_clk/X                     10     12     -2 (VIOLATED)
clkbuf_leaf_5_clk/X                      10     12     -2 (VIOLATED)
clkbuf_leaf_8_clk/X                      10     12     -2 (VIOLATED)
_5405_/X                                 10     11        (VIOLATED)
_5451_/X                                 10     11        (VIOLATED)
_7640_/Y                                 10     11        (VIOLATED)
_8542_/Y                                 10     11        (VIOLATED)
_9346_/Q                                 10     11        (VIOLATED)
_9396_/Q                                 10     11        (VIOLATED)
_9410_/Q                                 10     11        (VIOLATED)
clkbuf_leaf_15_clk/X                     10     11        (VIOLATED)
clkbuf_leaf_20_clk/X                     10     11        (VIOLATED)
clone60/X                                10     11        (VIOLATED)
clone81/X                                10     11        (VIOLATED)
clone92/X                                10     11        (VIOLATED)
fanout142/X                              10     11        (VIOLATED)
fanout178/X                              10     11        (VIOLATED)
fanout204/X                              10     11        (VIOLATED)
fanout208/X                              10     11        (VIOLATED)
fanout218/X                              10     11        (VIOLATED)
fanout221/X                              10     11        (VIOLATED)
fanout224/X                              10     11        (VIOLATED)
fanout230/X                              10     11        (VIOLATED)
fanout236/X                              10     11        (VIOLATED)
fanout264/X                              10     11        (VIOLATED)
fanout272/X                              10     11        (VIOLATED)
fanout275/X                              10     11        (VIOLATED)
fanout282/X                              10     11        (VIOLATED)
fanout291/X                              10     11        (VIOLATED)
fanout298/X                              10     11        (VIOLATED)
fanout309/X                              10     11        (VIOLATED)
fanout313/X                              10     11        (VIOLATED)
fanout316/X                              10     11        (VIOLATED)
fanout323/X                              10     11        (VIOLATED)
fanout327/X                              10     11        (VIOLATED)
fanout340/X                              10     11        (VIOLATED)
fanout344/X                              10     11        (VIOLATED)
fanout352/X                              10     11        (VIOLATED)
fanout375/X                              10     11        (VIOLATED)
fanout381/X                              10     11        (VIOLATED)
fanout389/X                              10     11        (VIOLATED)
fanout404/X                              10     11        (VIOLATED)
fanout405/X                              10     11        (VIOLATED)
fanout411/X                              10     11        (VIOLATED)
fanout415/X                              10     11        (VIOLATED)
fanout421/X                              10     11        (VIOLATED)
fanout441/X                              10     11        (VIOLATED)
fanout476/X                              10     11        (VIOLATED)
fanout481/X                              10     11        (VIOLATED)
fanout482/X                              10     11        (VIOLATED)
fanout484/X                              10     11        (VIOLATED)
fanout518/X                              10     11        (VIOLATED)
fanout539/X                              10     11        (VIOLATED)
fanout548/X                              10     11        (VIOLATED)
fanout549/X                              10     11        (VIOLATED)
rebuffer6/X                              10     11        (VIOLATED)



===========================================================================
report_parasitic_annotation -report_unannotated
============================================================================
Found 29 unannotated drivers.
 clkload0/Y
 clkload1/Y
 clkload10/Y
 clkload11/Y
 clkload12/Y
 clkload13/Y
 clkload14/Y
 clkload15/Y
 clkload16/Y
 clkload17/Y
 clkload18/Y
 clkload19/Y
 clkload2/Y
 clkload20/Y
 clkload21/Y
 clkload22/X
 clkload23/Y
 clkload24/Y
 clkload25/Y
 clkload26/Y
 clkload27/Y
 clkload28/Y
 clkload3/Y
 clkload4/Y
 clkload5/Y
 clkload6/X
 clkload7/Y
 clkload8/Y
 clkload9/Y
Found 0 partially unannotated drivers.

===========================================================================
max slew violation count 0
Writing metric design__max_slew_violation__count__corner:nom_tt_025C_1v80: 0
max fanout violation count 336
Writing metric design__max_fanout_violation__count__corner:nom_tt_025C_1v80: 336
max cap violation count 0
Writing metric design__max_cap_violation__count__corner:nom_tt_025C_1v80: 0
============================================================================

===========================================================================
check_setup -verbose -unconstrained_endpoints -multiple_clock -no_clock -no_input_delay -loops -generated_clocks
===========================================================================
