Clock: clk
Sources: clk 
Generated: no
Virtual: yes
Propagated: no
Period: 15.000000

===========================================================================
report_clock_properties
============================================================================
Clock                   Period          Waveform
----------------------------------------------------
clk                  15.000000    0.000000  7.500000

===========================================================================
report_clock_latency
============================================================================
Clock clk
rise -> rise
    min     max
0.000000 0.000000 source latency
0.507912         network latency _9296_/CLK
        0.716349 network latency _9351_/CLK
---------------
0.507912 0.716349 latency
        0.208438 skew

fall -> fall
    min     max
0.000000 0.000000 source latency
0.433185         network latency _9296_/CLK
        0.628808 network latency _9351_/CLK
---------------
0.433185 0.628808 latency
        0.195623 skew



===========================================================================
report_clock_min_period
============================================================================
clk period_min = 10.09 fmax = 99.07
