Clock: clk
Sources: clk 
Generated: no
Virtual: yes
Propagated: no
Period: 20.000000

===========================================================================
report_clock_properties
============================================================================
Clock                   Period          Waveform
----------------------------------------------------
clk                  20.000000    0.000000 10.000000

===========================================================================
report_clock_latency
============================================================================
Clock clk
rise -> rise
    min     max
0.000000 0.000000 source latency
0.524466         network latency _9344_/CLK
        0.576787 network latency _9442_/CLK
---------------
0.524466 0.576787 latency
        0.052320 skew

fall -> fall
    min     max
0.000000 0.000000 source latency
0.449204         network latency _9344_/CLK
        0.486667 network latency _9442_/CLK
---------------
0.449204 0.486667 latency
        0.037462 skew



===========================================================================
report_clock_min_period
============================================================================
clk period_min = 7.20 fmax = 138.93
