
===========================================================================
report_checks -unconstrained
===========================================================================
======================= nom_tt_025C_1v80 Corner ===================================

Startpoint: rst (input port clocked by clk)
Endpoint: _14488_ (recovery check against rising-edge clock clk)
Path Group: asynchronous
Path Type: max

Fanout         Cap        Slew       Delay        Time   Description
---------------------------------------------------------------------------------------------
                                  0.000000    0.000000   clock clk (rise edge)
                                  0.000000    0.000000   clock network delay (propagated)
                                  1.600000    1.600000 v input external delay
     1    0.002718    0.008433    0.004307    1.604307 v rst (in)
                                                         rst (net)
                      0.008434    0.000000    1.604307 v input67/A (sky130_fd_sc_hd__buf_1)
     1    0.006783    0.047548    0.090689    1.694996 v input67/X (sky130_fd_sc_hd__buf_1)
                                                         net67 (net)
                      0.047550    0.000359    1.695355 v fanout2918/A (sky130_fd_sc_hd__clkbuf_2)
     2    0.022974    0.092309    0.157417    1.852772 v fanout2918/X (sky130_fd_sc_hd__clkbuf_2)
                                                         net2918 (net)
                      0.092309    0.000289    1.853061 v fanout2849/A (sky130_fd_sc_hd__dlymetal6s2s_1)
     2    0.014519    0.086059    0.200757    2.053818 v fanout2849/X (sky130_fd_sc_hd__dlymetal6s2s_1)
                                                         net2849 (net)
                      0.086070    0.001025    2.054843 v fanout2848/A (sky130_fd_sc_hd__buf_1)
     2    0.015514    0.094855    0.161430    2.216274 v fanout2848/X (sky130_fd_sc_hd__buf_1)
                                                         net2848 (net)
                      0.094857    0.000502    2.216775 v fanout2847/A (sky130_fd_sc_hd__buf_1)
     2    0.010445    0.066977    0.144186    2.360961 v fanout2847/X (sky130_fd_sc_hd__buf_1)
                                                         net2847 (net)
                      0.066977    0.000253    2.361215 v fanout2846/A (sky130_fd_sc_hd__dlymetal6s2s_1)
     2    0.010562    0.069271    0.175093    2.536308 v fanout2846/X (sky130_fd_sc_hd__dlymetal6s2s_1)
                                                         net2846 (net)
                      0.069271    0.000284    2.536592 v fanout2845/A (sky130_fd_sc_hd__clkbuf_1)
     2    0.007070    0.049324    0.118111    2.654702 v fanout2845/X (sky130_fd_sc_hd__clkbuf_1)
                                                         net2845 (net)
                      0.049324    0.000170    2.654872 v fanout2839/A (sky130_fd_sc_hd__clkbuf_1)
     3    0.011641    0.073537    0.128819    2.783692 v fanout2839/X (sky130_fd_sc_hd__clkbuf_1)
                                                         net2839 (net)
                      0.073537    0.000306    2.783997 v fanout2838/A (sky130_fd_sc_hd__dlymetal6s2s_1)
     4    0.015600    0.090642    0.196280    2.980278 v fanout2838/X (sky130_fd_sc_hd__dlymetal6s2s_1)
                                                         net2838 (net)
                      0.090643    0.000479    2.980756 v fanout2837/A (sky130_fd_sc_hd__clkbuf_2)
     5    0.027155    0.107261    0.189084    3.169840 v fanout2837/X (sky130_fd_sc_hd__clkbuf_2)
                                                         net2837 (net)
                      0.107265    0.000755    3.170594 v _14174_/A (sky130_fd_sc_hd__inv_2)
     1    0.006591    0.047698    0.077490    3.248084 ^ _14174_/Y (sky130_fd_sc_hd__inv_2)
                                                         _00310_ (net)
                      0.047699    0.000277    3.248361 ^ _14488_/RESET_B (sky130_fd_sc_hd__dfrtp_2)
                                              3.248361   data arrival time

                                  8.000000    8.000000   clock clk (rise edge)
                                  0.000000    8.000000   clock source latency
     1    0.030801    0.144036    0.100950    8.100950 ^ clk (in)
                                                         clk (net)
                      0.144122    0.000000    8.100950 ^ clkbuf_0_clk/A (sky130_fd_sc_hd__clkbuf_16)
     2    0.037361    0.057832    0.174303    8.275253 ^ clkbuf_0_clk/X (sky130_fd_sc_hd__clkbuf_16)
                                                         clknet_0_clk (net)
                      0.058053    0.002285    8.277539 ^ clkbuf_1_0__f_clk/A (sky130_fd_sc_hd__clkbuf_16)
    11    0.090238    0.106920    0.182400    8.459939 ^ clkbuf_1_0__f_clk/X (sky130_fd_sc_hd__clkbuf_16)
                                                         clknet_1_0__leaf_clk (net)
                      0.107210    0.004088    8.464027 ^ clkbuf_leaf_11_clk/A (sky130_fd_sc_hd__clkbuf_8)
    19    0.063712    0.119766    0.208033    8.672060 ^ clkbuf_leaf_11_clk/X (sky130_fd_sc_hd__clkbuf_8)
                                                         clknet_leaf_11_clk (net)
                      0.119770    0.000850    8.672910 ^ _14488_/CLK (sky130_fd_sc_hd__dfrtp_2)
                                 -0.250000    8.422910   clock uncertainty
                                  0.000000    8.422910   clock reconvergence pessimism
                                  0.241339    8.664248   library recovery time
                                              8.664248   data required time
---------------------------------------------------------------------------------------------
                                              8.664248   data required time
                                             -3.248361   data arrival time
---------------------------------------------------------------------------------------------
                                              5.415887   slack (MET)


Startpoint: _14422_ (rising edge-triggered flip-flop clocked by clk)
Endpoint: _14499_ (rising edge-triggered flip-flop clocked by clk)
Path Group: clk
Path Type: max

Fanout         Cap        Slew       Delay        Time   Description
---------------------------------------------------------------------------------------------
                                  0.000000    0.000000   clock clk (rise edge)
                                  0.000000    0.000000   clock source latency
     1    0.030801    0.144036    0.100950    0.100950 ^ clk (in)
                                                         clk (net)
                      0.144122    0.000000    0.100950 ^ clkbuf_0_clk/A (sky130_fd_sc_hd__clkbuf_16)
     2    0.037361    0.057832    0.174303    0.275253 ^ clkbuf_0_clk/X (sky130_fd_sc_hd__clkbuf_16)
                                                         clknet_0_clk (net)
                      0.058053    0.002286    0.277539 ^ clkbuf_1_0__f_clk/A (sky130_fd_sc_hd__clkbuf_16)
    11    0.090238    0.106920    0.182399    0.459939 ^ clkbuf_1_0__f_clk/X (sky130_fd_sc_hd__clkbuf_16)
                                                         clknet_1_0__leaf_clk (net)
                      0.107121    0.003255    0.463194 ^ clkbuf_leaf_14_clk/A (sky130_fd_sc_hd__clkbuf_8)
    19    0.064130    0.120430    0.208519    0.671713 ^ clkbuf_leaf_14_clk/X (sky130_fd_sc_hd__clkbuf_8)
                                                         clknet_leaf_14_clk (net)
                      0.120443    0.001301    0.673014 ^ _14422_/CLK (sky130_fd_sc_hd__dfrtp_2)
     3    0.055235    0.265502    0.541582    1.214596 ^ _14422_/Q (sky130_fd_sc_hd__dfrtp_2)
                                                         adder_inst.man_b_r[12] (net)
                      0.265758    0.007410    1.222006 ^ fanout1667/A (sky130_fd_sc_hd__clkbuf_2)
     3    0.016111    0.096343    0.206774    1.428780 ^ fanout1667/X (sky130_fd_sc_hd__clkbuf_2)
                                                         net1667 (net)
                      0.096345    0.000672    1.429452 ^ fanout1663/A (sky130_fd_sc_hd__clkbuf_2)
     2    0.019529    0.112300    0.172066    1.601518 ^ fanout1663/X (sky130_fd_sc_hd__clkbuf_2)
                                                         net1663 (net)
                      0.112300    0.000318    1.601836 ^ fanout1662/A (sky130_fd_sc_hd__clkbuf_2)
     4    0.024320    0.136918    0.194485    1.796321 ^ fanout1662/X (sky130_fd_sc_hd__clkbuf_2)
                                                         net1662 (net)
                      0.137007    0.001834    1.798155 ^ fanout1659/A (sky130_fd_sc_hd__buf_2)
     5    0.021809    0.112604    0.189045    1.987200 ^ fanout1659/X (sky130_fd_sc_hd__buf_2)
                                                         net1659 (net)
                      0.112604    0.000409    1.987609 ^ fanout1658/A (sky130_fd_sc_hd__buf_1)
     3    0.011332    0.140178    0.167161    2.154770 ^ fanout1658/X (sky130_fd_sc_hd__buf_1)
                                                         net1658 (net)
                      0.140178    0.000432    2.155202 ^ fanout1657/A (sky130_fd_sc_hd__buf_2)
     5    0.020975    0.108676    0.187525    2.342727 ^ fanout1657/X (sky130_fd_sc_hd__buf_2)
                                                         net1657 (net)
                      0.108676    0.000375    2.343102 ^ _08549_/B (sky130_fd_sc_hd__nand2_1)
     3    0.008765    0.074165    0.098299    2.441401 v _08549_/Y (sky130_fd_sc_hd__nand2_1)
                                                         _01635_ (net)
                      0.074165    0.000286    2.441687 v _08702_/A2 (sky130_fd_sc_hd__o21ai_1)
     1    0.002927    0.100563    0.123371    2.565058 ^ _08702_/Y (sky130_fd_sc_hd__o21ai_1)
                                                         _01788_ (net)
                      0.100563    0.000063    2.565122 ^ _08704_/B (sky130_fd_sc_hd__nand2_1)
     2    0.007811    0.066367    0.090529    2.655651 v _08704_/Y (sky130_fd_sc_hd__nand2_1)
                                                         _01790_ (net)
                      0.066367    0.000233    2.655884 v _08717_/A (sky130_fd_sc_hd__nand3_1)
     2    0.005736    0.085952    0.091347    2.747231 ^ _08717_/Y (sky130_fd_sc_hd__nand3_1)
                                                         _01803_ (net)
                      0.085953    0.000096    2.747327 ^ fanout681/A (sky130_fd_sc_hd__dlymetal6s2s_1)
     5    0.024946    0.260810    0.255239    3.002565 ^ fanout681/X (sky130_fd_sc_hd__dlymetal6s2s_1)
                                                         net681 (net)
                      0.260816    0.001000    3.003565 ^ _08718_/B (sky130_fd_sc_hd__nand2_1)
     1    0.004523    0.067689    0.102427    3.105993 v _08718_/Y (sky130_fd_sc_hd__nand2_1)
                                                         _01804_ (net)
                      0.067689    0.000181    3.106174 v _08724_/A2_N (sky130_fd_sc_hd__o2bb2ai_1)
     2    0.010120    0.103986    0.166893    3.273067 v _08724_/Y (sky130_fd_sc_hd__o2bb2ai_1)
                                                         _01810_ (net)
                      0.103986    0.000228    3.273294 v _08729_/A1 (sky130_fd_sc_hd__o211ai_2)
     3    0.018822    0.269756    0.293168    3.566462 ^ _08729_/Y (sky130_fd_sc_hd__o211ai_2)
                                                         _01815_ (net)
                      0.269756    0.000805    3.567267 ^ _08735_/B1 (sky130_fd_sc_hd__o21ai_4)
     4    0.017890    0.092023    0.123554    3.690821 v _08735_/Y (sky130_fd_sc_hd__o21ai_4)
                                                         _01821_ (net)
                      0.092041    0.000566    3.691387 v _08743_/A2 (sky130_fd_sc_hd__o211ai_4)
     2    0.012656    0.181165    0.201499    3.892885 ^ _08743_/Y (sky130_fd_sc_hd__o211ai_4)
                                                         _01829_ (net)
                      0.181166    0.000514    3.893399 ^ fanout356/A (sky130_fd_sc_hd__buf_6)
     4    0.020111    0.052029    0.144456    4.037855 ^ fanout356/X (sky130_fd_sc_hd__buf_6)
                                                         net356 (net)
                      0.052033    0.000499    4.038353 ^ _08852_/A (sky130_fd_sc_hd__nand2_2)
     4    0.016828    0.075353    0.079007    4.117360 v _08852_/Y (sky130_fd_sc_hd__nand2_2)
                                                         _01938_ (net)
                      0.075385    0.000540    4.117899 v _08854_/B2 (sky130_fd_sc_hd__a22o_4)
     2    0.014505    0.052944    0.248225    4.366125 v _08854_/X (sky130_fd_sc_hd__a22o_4)
                                                         _01940_ (net)
                      0.052945    0.000337    4.366461 v _08856_/B1 (sky130_fd_sc_hd__o21ai_4)
     5    0.017215    0.171889    0.082076    4.448537 ^ _08856_/Y (sky130_fd_sc_hd__o21ai_4)
                                                         _01942_ (net)
                      0.171889    0.000290    4.448827 ^ _09236_/A1 (sky130_fd_sc_hd__a21o_1)
     1    0.005840    0.062003    0.152070    4.600897 ^ _09236_/X (sky130_fd_sc_hd__a21o_1)
                                                         _02322_ (net)
                      0.062003    0.000224    4.601121 ^ _09358_/A (sky130_fd_sc_hd__nand3_2)
     2    0.011990    0.088407    0.090751    4.691872 v _09358_/Y (sky130_fd_sc_hd__nand3_2)
                                                         _02444_ (net)
                      0.088407    0.000203    4.692075 v fanout191/A (sky130_fd_sc_hd__buf_4)
     5    0.017311    0.041014    0.168852    4.860927 v fanout191/X (sky130_fd_sc_hd__buf_4)
                                                         net191 (net)
                      0.041036    0.000651    4.861578 v _09452_/B1 (sky130_fd_sc_hd__a22o_1)
     1    0.009031    0.067745    0.206600    5.068178 v _09452_/X (sky130_fd_sc_hd__a22o_1)
                                                         _02538_ (net)
                      0.067745    0.000191    5.068369 v _09457_/A2 (sky130_fd_sc_hd__a21oi_4)
     2    0.015814    0.158313    0.195278    5.263647 ^ _09457_/Y (sky130_fd_sc_hd__a21oi_4)
                                                         _02543_ (net)
                      0.158314    0.000428    5.264075 ^ rebuffer318/A (sky130_fd_sc_hd__buf_6)
     1    0.018635    0.049581    0.137289    5.401364 ^ rebuffer318/X (sky130_fd_sc_hd__buf_6)
                                                         net1011 (net)
                      0.049585    0.000487    5.401851 ^ _09458_/A (sky130_fd_sc_hd__nor2_8)
     3    0.012348    0.050253    0.040671    5.442523 v _09458_/Y (sky130_fd_sc_hd__nor2_8)
                                                         _02544_ (net)
                      0.050254    0.000438    5.442961 v _10396_/A2 (sky130_fd_sc_hd__a41oi_2)
     1    0.005909    0.159884    0.173920    5.616880 ^ _10396_/Y (sky130_fd_sc_hd__a41oi_2)
                                                         _03482_ (net)
                      0.159884    0.000174    5.617054 ^ _10397_/B1 (sky130_fd_sc_hd__o21ai_2)
     2    0.010308    0.069373    0.097878    5.714932 v _10397_/Y (sky130_fd_sc_hd__o21ai_2)
                                                         _03483_ (net)
                      0.069375    0.000593    5.715525 v _12238_/B1_N (sky130_fd_sc_hd__o21bai_4)
     3    0.028562    0.095076    0.219865    5.935390 v _12238_/Y (sky130_fd_sc_hd__o21bai_4)
                                                         _05324_ (net)
                      0.095137    0.002180    5.937570 v _12353_/A (sky130_fd_sc_hd__nand3_4)
     2    0.017535    0.089124    0.098187    6.035757 ^ _12353_/Y (sky130_fd_sc_hd__nand3_4)
                                                         _05439_ (net)
                      0.089128    0.001139    6.036895 ^ _12403_/A1 (sky130_fd_sc_hd__a21oi_4)
     2    0.012154    0.049916    0.068062    6.104957 v _12403_/Y (sky130_fd_sc_hd__a21oi_4)
                                                         _05489_ (net)
                      0.049916    0.000379    6.105336 v _12425_/A2 (sky130_fd_sc_hd__o21bai_4)
     3    0.015696    0.152409    0.152472    6.257808 ^ _12425_/Y (sky130_fd_sc_hd__o21bai_4)
                                                         _05511_ (net)
                      0.152410    0.000481    6.258290 ^ _12428_/A1 (sky130_fd_sc_hd__a21oi_4)
     3    0.009889    0.093998    0.079014    6.337303 v _12428_/Y (sky130_fd_sc_hd__a21oi_4)
                                                         _05514_ (net)
                      0.093998    0.000255    6.337558 v _12437_/A2 (sky130_fd_sc_hd__o211ai_2)
     2    0.011652    0.198293    0.211285    6.548843 ^ _12437_/Y (sky130_fd_sc_hd__o211ai_2)
                                                         _05523_ (net)
                      0.198294    0.000505    6.549349 ^ fanout148/A (sky130_fd_sc_hd__buf_6)
     2    0.010732    0.036773    0.133220    6.682569 ^ fanout148/X (sky130_fd_sc_hd__buf_6)
                                                         net148 (net)
                      0.036777    0.000395    6.682963 ^ fanout147/A (sky130_fd_sc_hd__buf_8)
     5    0.037355    0.070216    0.115665    6.798628 ^ fanout147/X (sky130_fd_sc_hd__buf_8)
                                                         net147 (net)
                      0.070338    0.002350    6.800979 ^ _12441_/A (sky130_fd_sc_hd__nand2_8)
     2    0.024739    0.080560    0.062329    6.863308 v _12441_/Y (sky130_fd_sc_hd__nand2_8)
                                                         _05527_ (net)
                      0.080563    0.000874    6.864182 v fanout128/A (sky130_fd_sc_hd__buf_8)
     5    0.022336    0.032028    0.140810    7.004993 v fanout128/X (sky130_fd_sc_hd__buf_8)
                                                         net128 (net)
                      0.032097    0.001144    7.006137 v fanout127/A (sky130_fd_sc_hd__buf_6)
     2    0.015381    0.029857    0.115100    7.121237 v fanout127/X (sky130_fd_sc_hd__buf_6)
                                                         net127 (net)
                      0.029886    0.000825    7.122062 v fanout124/A (sky130_fd_sc_hd__buf_8)
     4    0.025326    0.033883    0.120736    7.242798 v fanout124/X (sky130_fd_sc_hd__buf_8)
                                                         net124 (net)
                      0.033887    0.000396    7.243195 v fanout122/A (sky130_fd_sc_hd__buf_8)
     5    0.024988    0.033865    0.121905    7.365100 v fanout122/X (sky130_fd_sc_hd__buf_8)
                                                         net122 (net)
                      0.033959    0.001505    7.366605 v _12474_/A2 (sky130_fd_sc_hd__a21oi_4)
     2    0.009059    0.118395    0.149970    7.516575 ^ _12474_/Y (sky130_fd_sc_hd__a21oi_4)
                                                         _05560_ (net)
                      0.118396    0.000287    7.516862 ^ fanout117/A (sky130_fd_sc_hd__buf_6)
     5    0.022832    0.055990    0.134341    7.651203 ^ fanout117/X (sky130_fd_sc_hd__buf_6)
                                                         net117 (net)
                      0.055995    0.000548    7.651751 ^ _12491_/A (sky130_fd_sc_hd__nand3_4)
     4    0.024102    0.098480    0.096324    7.748075 v _12491_/Y (sky130_fd_sc_hd__nand3_4)
                                                         _05577_ (net)
                      0.098515    0.001458    7.749532 v fanout115/A (sky130_fd_sc_hd__buf_8)
     5    0.029274    0.036624    0.154059    7.903591 v fanout115/X (sky130_fd_sc_hd__buf_8)
                                                         net115 (net)
                      0.036667    0.001109    7.904700 v _12526_/B (sky130_fd_sc_hd__nor2_8)
     2    0.024681    0.121183    0.116684    8.021384 ^ _12526_/Y (sky130_fd_sc_hd__nor2_8)
                                                         _05612_ (net)
                      0.121191    0.000973    8.022356 ^ fanout103/A (sky130_fd_sc_hd__buf_8)
     4    0.031029    0.061412    0.134332    8.156688 ^ fanout103/X (sky130_fd_sc_hd__buf_8)
                                                         net103 (net)
                      0.061414    0.000457    8.157145 ^ fanout102/A (sky130_fd_sc_hd__buf_8)
     5    0.035972    0.068155    0.123122    8.280267 ^ fanout102/X (sky130_fd_sc_hd__buf_8)
                                                         net102 (net)
                      0.068183    0.001290    8.281556 ^ _12620_/A (sky130_fd_sc_hd__nand4_4)
     3    0.024207    0.139646    0.122443    8.403998 v _12620_/Y (sky130_fd_sc_hd__nand4_4)
                                                         _05702_ (net)
                      0.139653    0.001058    8.405056 v _12622_/A1 (sky130_fd_sc_hd__o21bai_4)
     1    0.006434    0.104477    0.170989    8.576046 ^ _12622_/Y (sky130_fd_sc_hd__o21bai_4)
                                                         _05704_ (net)
                      0.104477    0.000264    8.576310 ^ _12624_/B1 (sky130_fd_sc_hd__o21ai_2)
     1    0.005494    0.056717    0.069108    8.645418 v _12624_/Y (sky130_fd_sc_hd__o21ai_2)
                                                         _05706_ (net)
                      0.056717    0.000200    8.645617 v _12625_/B (sky130_fd_sc_hd__nand2_2)
     2    0.005752    0.049546    0.072203    8.717820 ^ _12625_/Y (sky130_fd_sc_hd__nand2_2)
                                                         multiplier_inst.exp_final[5] (net)
                      0.049546    0.000175    8.717996 ^ _12715_/A (sky130_fd_sc_hd__nand3_1)
     1    0.003160    0.062825    0.062530    8.780525 v _12715_/Y (sky130_fd_sc_hd__nand3_1)
                                                         _05780_ (net)
                      0.062825    0.000102    8.780627 v _12717_/A (sky130_fd_sc_hd__nand2_1)
     1    0.004261    0.055363    0.070417    8.851044 ^ _12717_/Y (sky130_fd_sc_hd__nand2_1)
                                                         multiplier_inst.overflow_calc (net)
                      0.055363    0.000163    8.851207 ^ _14499_/D (sky130_fd_sc_hd__dfrtp_1)
                                              8.851207   data arrival time

                                  8.000000    8.000000   clock clk (rise edge)
                                  0.000000    8.000000   clock source latency
     1    0.030801    0.144036    0.100950    8.100950 ^ clk (in)
                                                         clk (net)
                      0.144122    0.000000    8.100950 ^ clkbuf_0_clk/A (sky130_fd_sc_hd__clkbuf_16)
     2    0.037361    0.057832    0.174303    8.275253 ^ clkbuf_0_clk/X (sky130_fd_sc_hd__clkbuf_16)
                                                         clknet_0_clk (net)
                      0.057997    0.001740    8.276994 ^ clkbuf_1_1__f_clk/A (sky130_fd_sc_hd__clkbuf_16)
    11    0.082724    0.099767    0.176754    8.453748 ^ clkbuf_1_1__f_clk/X (sky130_fd_sc_hd__clkbuf_16)
                                                         clknet_1_1__leaf_clk (net)
                      0.100018    0.003554    8.457301 ^ clkbuf_leaf_8_clk/A (sky130_fd_sc_hd__clkbuf_8)
    26    0.071894    0.132957    0.214961    8.672261 ^ clkbuf_leaf_8_clk/X (sky130_fd_sc_hd__clkbuf_8)
                                                         clknet_leaf_8_clk (net)
                      0.132963    0.001053    8.673315 ^ _14499_/CLK (sky130_fd_sc_hd__dfrtp_1)
                                 -0.250000    8.423315   clock uncertainty
                                  0.000000    8.423315   clock reconvergence pessimism
                                 -0.048961    8.374354   library setup time
                                              8.374354   data required time
---------------------------------------------------------------------------------------------
                                              8.374354   data required time
                                             -8.851207   data arrival time
---------------------------------------------------------------------------------------------
                                             -0.476853   slack (VIOLATED)




===========================================================================
report_checks --slack_max -0.01
============================================================================
======================= nom_tt_025C_1v80 Corner ===================================

Startpoint: _14422_ (rising edge-triggered flip-flop clocked by clk)
Endpoint: _14499_ (rising edge-triggered flip-flop clocked by clk)
Path Group: clk
Path Type: max

Fanout         Cap        Slew       Delay        Time   Description
---------------------------------------------------------------------------------------------
                                  0.000000    0.000000   clock clk (rise edge)
                                  0.000000    0.000000   clock source latency
     1    0.030801    0.144036    0.100950    0.100950 ^ clk (in)
                                                         clk (net)
                      0.144122    0.000000    0.100950 ^ clkbuf_0_clk/A (sky130_fd_sc_hd__clkbuf_16)
     2    0.037361    0.057832    0.174303    0.275253 ^ clkbuf_0_clk/X (sky130_fd_sc_hd__clkbuf_16)
                                                         clknet_0_clk (net)
                      0.058053    0.002286    0.277539 ^ clkbuf_1_0__f_clk/A (sky130_fd_sc_hd__clkbuf_16)
    11    0.090238    0.106920    0.182399    0.459939 ^ clkbuf_1_0__f_clk/X (sky130_fd_sc_hd__clkbuf_16)
                                                         clknet_1_0__leaf_clk (net)
                      0.107121    0.003255    0.463194 ^ clkbuf_leaf_14_clk/A (sky130_fd_sc_hd__clkbuf_8)
    19    0.064130    0.120430    0.208519    0.671713 ^ clkbuf_leaf_14_clk/X (sky130_fd_sc_hd__clkbuf_8)
                                                         clknet_leaf_14_clk (net)
                      0.120443    0.001301    0.673014 ^ _14422_/CLK (sky130_fd_sc_hd__dfrtp_2)
     3    0.055235    0.265502    0.541582    1.214596 ^ _14422_/Q (sky130_fd_sc_hd__dfrtp_2)
                                                         adder_inst.man_b_r[12] (net)
                      0.265758    0.007410    1.222006 ^ fanout1667/A (sky130_fd_sc_hd__clkbuf_2)
     3    0.016111    0.096343    0.206774    1.428780 ^ fanout1667/X (sky130_fd_sc_hd__clkbuf_2)
                                                         net1667 (net)
                      0.096345    0.000672    1.429452 ^ fanout1663/A (sky130_fd_sc_hd__clkbuf_2)
     2    0.019529    0.112300    0.172066    1.601518 ^ fanout1663/X (sky130_fd_sc_hd__clkbuf_2)
                                                         net1663 (net)
                      0.112300    0.000318    1.601836 ^ fanout1662/A (sky130_fd_sc_hd__clkbuf_2)
     4    0.024320    0.136918    0.194485    1.796321 ^ fanout1662/X (sky130_fd_sc_hd__clkbuf_2)
                                                         net1662 (net)
                      0.137007    0.001834    1.798155 ^ fanout1659/A (sky130_fd_sc_hd__buf_2)
     5    0.021809    0.112604    0.189045    1.987200 ^ fanout1659/X (sky130_fd_sc_hd__buf_2)
                                                         net1659 (net)
                      0.112604    0.000409    1.987609 ^ fanout1658/A (sky130_fd_sc_hd__buf_1)
     3    0.011332    0.140178    0.167161    2.154770 ^ fanout1658/X (sky130_fd_sc_hd__buf_1)
                                                         net1658 (net)
                      0.140178    0.000432    2.155202 ^ fanout1657/A (sky130_fd_sc_hd__buf_2)
     5    0.020975    0.108676    0.187525    2.342727 ^ fanout1657/X (sky130_fd_sc_hd__buf_2)
                                                         net1657 (net)
                      0.108676    0.000375    2.343102 ^ _08549_/B (sky130_fd_sc_hd__nand2_1)
     3    0.008765    0.074165    0.098299    2.441401 v _08549_/Y (sky130_fd_sc_hd__nand2_1)
                                                         _01635_ (net)
                      0.074165    0.000286    2.441687 v _08702_/A2 (sky130_fd_sc_hd__o21ai_1)
     1    0.002927    0.100563    0.123371    2.565058 ^ _08702_/Y (sky130_fd_sc_hd__o21ai_1)
                                                         _01788_ (net)
                      0.100563    0.000063    2.565122 ^ _08704_/B (sky130_fd_sc_hd__nand2_1)
     2    0.007811    0.066367    0.090529    2.655651 v _08704_/Y (sky130_fd_sc_hd__nand2_1)
                                                         _01790_ (net)
                      0.066367    0.000233    2.655884 v _08717_/A (sky130_fd_sc_hd__nand3_1)
     2    0.005736    0.085952    0.091347    2.747231 ^ _08717_/Y (sky130_fd_sc_hd__nand3_1)
                                                         _01803_ (net)
                      0.085953    0.000096    2.747327 ^ fanout681/A (sky130_fd_sc_hd__dlymetal6s2s_1)
     5    0.024946    0.260810    0.255239    3.002565 ^ fanout681/X (sky130_fd_sc_hd__dlymetal6s2s_1)
                                                         net681 (net)
                      0.260816    0.001000    3.003565 ^ _08718_/B (sky130_fd_sc_hd__nand2_1)
     1    0.004523    0.067689    0.102427    3.105993 v _08718_/Y (sky130_fd_sc_hd__nand2_1)
                                                         _01804_ (net)
                      0.067689    0.000181    3.106174 v _08724_/A2_N (sky130_fd_sc_hd__o2bb2ai_1)
     2    0.010120    0.103986    0.166893    3.273067 v _08724_/Y (sky130_fd_sc_hd__o2bb2ai_1)
                                                         _01810_ (net)
                      0.103986    0.000228    3.273294 v _08729_/A1 (sky130_fd_sc_hd__o211ai_2)
     3    0.018822    0.269756    0.293168    3.566462 ^ _08729_/Y (sky130_fd_sc_hd__o211ai_2)
                                                         _01815_ (net)
                      0.269756    0.000805    3.567267 ^ _08735_/B1 (sky130_fd_sc_hd__o21ai_4)
     4    0.017890    0.092023    0.123554    3.690821 v _08735_/Y (sky130_fd_sc_hd__o21ai_4)
                                                         _01821_ (net)
                      0.092041    0.000566    3.691387 v _08743_/A2 (sky130_fd_sc_hd__o211ai_4)
     2    0.012656    0.181165    0.201499    3.892885 ^ _08743_/Y (sky130_fd_sc_hd__o211ai_4)
                                                         _01829_ (net)
                      0.181166    0.000514    3.893399 ^ fanout356/A (sky130_fd_sc_hd__buf_6)
     4    0.020111    0.052029    0.144456    4.037855 ^ fanout356/X (sky130_fd_sc_hd__buf_6)
                                                         net356 (net)
                      0.052033    0.000499    4.038353 ^ _08852_/A (sky130_fd_sc_hd__nand2_2)
     4    0.016828    0.075353    0.079007    4.117360 v _08852_/Y (sky130_fd_sc_hd__nand2_2)
                                                         _01938_ (net)
                      0.075385    0.000540    4.117899 v _08854_/B2 (sky130_fd_sc_hd__a22o_4)
     2    0.014505    0.052944    0.248225    4.366125 v _08854_/X (sky130_fd_sc_hd__a22o_4)
                                                         _01940_ (net)
                      0.052945    0.000337    4.366461 v _08856_/B1 (sky130_fd_sc_hd__o21ai_4)
     5    0.017215    0.171889    0.082076    4.448537 ^ _08856_/Y (sky130_fd_sc_hd__o21ai_4)
                                                         _01942_ (net)
                      0.171889    0.000290    4.448827 ^ _09236_/A1 (sky130_fd_sc_hd__a21o_1)
     1    0.005840    0.062003    0.152070    4.600897 ^ _09236_/X (sky130_fd_sc_hd__a21o_1)
                                                         _02322_ (net)
                      0.062003    0.000224    4.601121 ^ _09358_/A (sky130_fd_sc_hd__nand3_2)
     2    0.011990    0.088407    0.090751    4.691872 v _09358_/Y (sky130_fd_sc_hd__nand3_2)
                                                         _02444_ (net)
                      0.088407    0.000203    4.692075 v fanout191/A (sky130_fd_sc_hd__buf_4)
     5    0.017311    0.041014    0.168852    4.860927 v fanout191/X (sky130_fd_sc_hd__buf_4)
                                                         net191 (net)
                      0.041036    0.000651    4.861578 v _09452_/B1 (sky130_fd_sc_hd__a22o_1)
     1    0.009031    0.067745    0.206600    5.068178 v _09452_/X (sky130_fd_sc_hd__a22o_1)
                                                         _02538_ (net)
                      0.067745    0.000191    5.068369 v _09457_/A2 (sky130_fd_sc_hd__a21oi_4)
     2    0.015814    0.158313    0.195278    5.263647 ^ _09457_/Y (sky130_fd_sc_hd__a21oi_4)
                                                         _02543_ (net)
                      0.158314    0.000428    5.264075 ^ rebuffer318/A (sky130_fd_sc_hd__buf_6)
     1    0.018635    0.049581    0.137289    5.401364 ^ rebuffer318/X (sky130_fd_sc_hd__buf_6)
                                                         net1011 (net)
                      0.049585    0.000487    5.401851 ^ _09458_/A (sky130_fd_sc_hd__nor2_8)
     3    0.012348    0.050253    0.040671    5.442523 v _09458_/Y (sky130_fd_sc_hd__nor2_8)
                                                         _02544_ (net)
                      0.050254    0.000438    5.442961 v _10396_/A2 (sky130_fd_sc_hd__a41oi_2)
     1    0.005909    0.159884    0.173920    5.616880 ^ _10396_/Y (sky130_fd_sc_hd__a41oi_2)
                                                         _03482_ (net)
                      0.159884    0.000174    5.617054 ^ _10397_/B1 (sky130_fd_sc_hd__o21ai_2)
     2    0.010308    0.069373    0.097878    5.714932 v _10397_/Y (sky130_fd_sc_hd__o21ai_2)
                                                         _03483_ (net)
                      0.069375    0.000593    5.715525 v _12238_/B1_N (sky130_fd_sc_hd__o21bai_4)
     3    0.028562    0.095076    0.219865    5.935390 v _12238_/Y (sky130_fd_sc_hd__o21bai_4)
                                                         _05324_ (net)
                      0.095137    0.002180    5.937570 v _12353_/A (sky130_fd_sc_hd__nand3_4)
     2    0.017535    0.089124    0.098187    6.035757 ^ _12353_/Y (sky130_fd_sc_hd__nand3_4)
                                                         _05439_ (net)
                      0.089128    0.001139    6.036895 ^ _12403_/A1 (sky130_fd_sc_hd__a21oi_4)
     2    0.012154    0.049916    0.068062    6.104957 v _12403_/Y (sky130_fd_sc_hd__a21oi_4)
                                                         _05489_ (net)
                      0.049916    0.000379    6.105336 v _12425_/A2 (sky130_fd_sc_hd__o21bai_4)
     3    0.015696    0.152409    0.152472    6.257808 ^ _12425_/Y (sky130_fd_sc_hd__o21bai_4)
                                                         _05511_ (net)
                      0.152410    0.000481    6.258290 ^ _12428_/A1 (sky130_fd_sc_hd__a21oi_4)
     3    0.009889    0.093998    0.079014    6.337303 v _12428_/Y (sky130_fd_sc_hd__a21oi_4)
                                                         _05514_ (net)
                      0.093998    0.000255    6.337558 v _12437_/A2 (sky130_fd_sc_hd__o211ai_2)
     2    0.011652    0.198293    0.211285    6.548843 ^ _12437_/Y (sky130_fd_sc_hd__o211ai_2)
                                                         _05523_ (net)
                      0.198294    0.000505    6.549349 ^ fanout148/A (sky130_fd_sc_hd__buf_6)
     2    0.010732    0.036773    0.133220    6.682569 ^ fanout148/X (sky130_fd_sc_hd__buf_6)
                                                         net148 (net)
                      0.036777    0.000395    6.682963 ^ fanout147/A (sky130_fd_sc_hd__buf_8)
     5    0.037355    0.070216    0.115665    6.798628 ^ fanout147/X (sky130_fd_sc_hd__buf_8)
                                                         net147 (net)
                      0.070338    0.002350    6.800979 ^ _12441_/A (sky130_fd_sc_hd__nand2_8)
     2    0.024739    0.080560    0.062329    6.863308 v _12441_/Y (sky130_fd_sc_hd__nand2_8)
                                                         _05527_ (net)
                      0.080563    0.000874    6.864182 v fanout128/A (sky130_fd_sc_hd__buf_8)
     5    0.022336    0.032028    0.140810    7.004993 v fanout128/X (sky130_fd_sc_hd__buf_8)
                                                         net128 (net)
                      0.032097    0.001144    7.006137 v fanout127/A (sky130_fd_sc_hd__buf_6)
     2    0.015381    0.029857    0.115100    7.121237 v fanout127/X (sky130_fd_sc_hd__buf_6)
                                                         net127 (net)
                      0.029886    0.000825    7.122062 v fanout124/A (sky130_fd_sc_hd__buf_8)
     4    0.025326    0.033883    0.120736    7.242798 v fanout124/X (sky130_fd_sc_hd__buf_8)
                                                         net124 (net)
                      0.033887    0.000396    7.243195 v fanout122/A (sky130_fd_sc_hd__buf_8)
     5    0.024988    0.033865    0.121905    7.365100 v fanout122/X (sky130_fd_sc_hd__buf_8)
                                                         net122 (net)
                      0.033959    0.001505    7.366605 v _12474_/A2 (sky130_fd_sc_hd__a21oi_4)
     2    0.009059    0.118395    0.149970    7.516575 ^ _12474_/Y (sky130_fd_sc_hd__a21oi_4)
                                                         _05560_ (net)
                      0.118396    0.000287    7.516862 ^ fanout117/A (sky130_fd_sc_hd__buf_6)
     5    0.022832    0.055990    0.134341    7.651203 ^ fanout117/X (sky130_fd_sc_hd__buf_6)
                                                         net117 (net)
                      0.055995    0.000548    7.651751 ^ _12491_/A (sky130_fd_sc_hd__nand3_4)
     4    0.024102    0.098480    0.096324    7.748075 v _12491_/Y (sky130_fd_sc_hd__nand3_4)
                                                         _05577_ (net)
                      0.098515    0.001458    7.749532 v fanout115/A (sky130_fd_sc_hd__buf_8)
     5    0.029274    0.036624    0.154059    7.903591 v fanout115/X (sky130_fd_sc_hd__buf_8)
                                                         net115 (net)
                      0.036667    0.001109    7.904700 v _12526_/B (sky130_fd_sc_hd__nor2_8)
     2    0.024681    0.121183    0.116684    8.021384 ^ _12526_/Y (sky130_fd_sc_hd__nor2_8)
                                                         _05612_ (net)
                      0.121191    0.000973    8.022356 ^ fanout103/A (sky130_fd_sc_hd__buf_8)
     4    0.031029    0.061412    0.134332    8.156688 ^ fanout103/X (sky130_fd_sc_hd__buf_8)
                                                         net103 (net)
                      0.061414    0.000457    8.157145 ^ fanout102/A (sky130_fd_sc_hd__buf_8)
     5    0.035972    0.068155    0.123122    8.280267 ^ fanout102/X (sky130_fd_sc_hd__buf_8)
                                                         net102 (net)
                      0.068183    0.001290    8.281556 ^ _12620_/A (sky130_fd_sc_hd__nand4_4)
     3    0.024207    0.139646    0.122443    8.403998 v _12620_/Y (sky130_fd_sc_hd__nand4_4)
                                                         _05702_ (net)
                      0.139653    0.001058    8.405056 v _12622_/A1 (sky130_fd_sc_hd__o21bai_4)
     1    0.006434    0.104477    0.170989    8.576046 ^ _12622_/Y (sky130_fd_sc_hd__o21bai_4)
                                                         _05704_ (net)
                      0.104477    0.000264    8.576310 ^ _12624_/B1 (sky130_fd_sc_hd__o21ai_2)
     1    0.005494    0.056717    0.069108    8.645418 v _12624_/Y (sky130_fd_sc_hd__o21ai_2)
                                                         _05706_ (net)
                      0.056717    0.000200    8.645617 v _12625_/B (sky130_fd_sc_hd__nand2_2)
     2    0.005752    0.049546    0.072203    8.717820 ^ _12625_/Y (sky130_fd_sc_hd__nand2_2)
                                                         multiplier_inst.exp_final[5] (net)
                      0.049546    0.000175    8.717996 ^ _12715_/A (sky130_fd_sc_hd__nand3_1)
     1    0.003160    0.062825    0.062530    8.780525 v _12715_/Y (sky130_fd_sc_hd__nand3_1)
                                                         _05780_ (net)
                      0.062825    0.000102    8.780627 v _12717_/A (sky130_fd_sc_hd__nand2_1)
     1    0.004261    0.055363    0.070417    8.851044 ^ _12717_/Y (sky130_fd_sc_hd__nand2_1)
                                                         multiplier_inst.overflow_calc (net)
                      0.055363    0.000163    8.851207 ^ _14499_/D (sky130_fd_sc_hd__dfrtp_1)
                                              8.851207   data arrival time

                                  8.000000    8.000000   clock clk (rise edge)
                                  0.000000    8.000000   clock source latency
     1    0.030801    0.144036    0.100950    8.100950 ^ clk (in)
                                                         clk (net)
                      0.144122    0.000000    8.100950 ^ clkbuf_0_clk/A (sky130_fd_sc_hd__clkbuf_16)
     2    0.037361    0.057832    0.174303    8.275253 ^ clkbuf_0_clk/X (sky130_fd_sc_hd__clkbuf_16)
                                                         clknet_0_clk (net)
                      0.057997    0.001740    8.276994 ^ clkbuf_1_1__f_clk/A (sky130_fd_sc_hd__clkbuf_16)
    11    0.082724    0.099767    0.176754    8.453748 ^ clkbuf_1_1__f_clk/X (sky130_fd_sc_hd__clkbuf_16)
                                                         clknet_1_1__leaf_clk (net)
                      0.100018    0.003554    8.457301 ^ clkbuf_leaf_8_clk/A (sky130_fd_sc_hd__clkbuf_8)
    26    0.071894    0.132957    0.214961    8.672261 ^ clkbuf_leaf_8_clk/X (sky130_fd_sc_hd__clkbuf_8)
                                                         clknet_leaf_8_clk (net)
                      0.132963    0.001053    8.673315 ^ _14499_/CLK (sky130_fd_sc_hd__dfrtp_1)
                                 -0.250000    8.423315   clock uncertainty
                                  0.000000    8.423315   clock reconvergence pessimism
                                 -0.048961    8.374354   library setup time
                                              8.374354   data required time
---------------------------------------------------------------------------------------------
                                              8.374354   data required time
                                             -8.851207   data arrival time
---------------------------------------------------------------------------------------------
                                             -0.476853   slack (VIOLATED)




===========================================================================
 report_check_types -max_slew -max_cap -max_fanout -violators
============================================================================
======================= nom_tt_025C_1v80 Corner ===================================

max fanout

Pin                                   Limit Fanout  Slack
---------------------------------------------------------
clkbuf_leaf_8_clk/X                       5     26    -21 (VIOLATED)
clkbuf_leaf_12_clk/X                      5     25    -20 (VIOLATED)
clkbuf_leaf_17_clk/X                      5     25    -20 (VIOLATED)
clkbuf_leaf_7_clk/X                       5     25    -20 (VIOLATED)
clkbuf_leaf_0_clk/X                       5     24    -19 (VIOLATED)
clkbuf_leaf_4_clk/X                       5     21    -16 (VIOLATED)
clkbuf_leaf_20_clk/X                      5     20    -15 (VIOLATED)
clkbuf_leaf_11_clk/X                      5     19    -14 (VIOLATED)
clkbuf_leaf_14_clk/X                      5     19    -14 (VIOLATED)
clkbuf_leaf_6_clk/X                       5     18    -13 (VIOLATED)
clkbuf_leaf_1_clk/X                       5     17    -12 (VIOLATED)
clkbuf_leaf_5_clk/X                       5     17    -12 (VIOLATED)
clkbuf_leaf_18_clk/X                      5     16    -11 (VIOLATED)
clkbuf_leaf_3_clk/X                       5     12     -7 (VIOLATED)
clkbuf_1_0__f_clk/X                       5     11     -6 (VIOLATED)
clkbuf_1_1__f_clk/X                       5     11     -6 (VIOLATED)
clkbuf_leaf_2_clk/X                       5     11     -6 (VIOLATED)
clkbuf_leaf_15_clk/X                      5     10     -5 (VIOLATED)
clkbuf_leaf_9_clk/X                       5      9     -4 (VIOLATED)
fanout923/X                               5      8     -3 (VIOLATED)
_08804_/Y                                 5      7     -2 (VIOLATED)
clkbuf_leaf_10_clk/X                      5      7     -2 (VIOLATED)
fanout1203/X                              5      7     -2 (VIOLATED)
fanout912/X                               5      7     -2 (VIOLATED)
_08138_/Y                                 5      6        (VIOLATED)
fanout1033/X                              5      6        (VIOLATED)
fanout1099/X                              5      6        (VIOLATED)
fanout1116/X                              5      6        (VIOLATED)
fanout1154/X                              5      6        (VIOLATED)
fanout1811/X                              5      6        (VIOLATED)
fanout1840/X                              5      6        (VIOLATED)
fanout2591/X                              5      6        (VIOLATED)
fanout790/X                               5      6        (VIOLATED)
fanout916/X                               5      6        (VIOLATED)



===========================================================================
report_parasitic_annotation -report_unannotated
============================================================================
Found 20 unannotated drivers.
 clkload0/X
 clkload1/Y
 clkload10/X
 clkload11/Y
 clkload12/Y
 clkload13/Y
 clkload14/Y
 clkload15/Y
 clkload16/Y
 clkload17/X
 clkload18/Y
 clkload19/Y
 clkload2/Y
 clkload3/Y
 clkload4/Y
 clkload5/Y
 clkload6/Y
 clkload7/X
 clkload8/Y
 clkload9/Y
Found 0 partially unannotated drivers.

===========================================================================
max slew violation count 0
Writing metric design__max_slew_violation__count__corner:nom_tt_025C_1v80: 0
max fanout violation count 34
Writing metric design__max_fanout_violation__count__corner:nom_tt_025C_1v80: 34
max cap violation count 0
Writing metric design__max_cap_violation__count__corner:nom_tt_025C_1v80: 0
============================================================================

===========================================================================
check_setup -verbose -unconstrained_endpoints -multiple_clock -no_clock -no_input_delay -loops -generated_clocks
===========================================================================
