Clock: clk
Sources: clk 
Generated: no
Virtual: yes
Propagated: no
Period: 8.000000

===========================================================================
report_clock_properties
============================================================================
Clock                   Period          Waveform
----------------------------------------------------
clk                   8.000000    0.000000  4.000000

===========================================================================
report_clock_latency
============================================================================
Clock clk
rise -> rise
    min     max
0.000000 0.000000 source latency
0.653012         network latency _14390_/CLK
        0.676490 network latency _14299_/CLK
---------------
0.653012 0.676490 latency
        0.023478 skew

fall -> fall
    min     max
0.000000 0.000000 source latency
0.583472         network latency _14390_/CLK
        0.601639 network latency _14299_/CLK
---------------
0.583472 0.601639 latency
        0.018167 skew



===========================================================================
report_clock_min_period
============================================================================
clk period_min = 8.48 fmax = 117.97
