Clock: clk
Sources: clk 
Generated: no
Virtual: yes
Propagated: no
Period: 20.000000

===========================================================================
report_clock_properties
============================================================================
Clock                   Period          Waveform
----------------------------------------------------
clk                  20.000000    0.000000 10.000000

===========================================================================
report_clock_latency
============================================================================
Clock clk
rise -> rise
    min     max
0.000000 0.000000 source latency
0.490701         network latency _9344_/CLK
        0.533593 network latency _9321_/CLK
---------------
0.490701 0.533593 latency
        0.042891 skew

fall -> fall
    min     max
0.000000 0.000000 source latency
0.423337         network latency _9344_/CLK
        0.454885 network latency _9321_/CLK
---------------
0.423337 0.454885 latency
        0.031548 skew



===========================================================================
report_clock_min_period
============================================================================
clk period_min = 6.95 fmax = 143.93
