┏━━━━━━━┳━━━━━━━━━┳━━━━━━━━━━┳━━━━━━━━━━━━━━━━━━━━━━━━┳━━━━━━━━━━━━━┳━━━━━━━┓
┃ P / R ┃ Partial ┃ Required ┃ Net                    ┃ Pin         ┃ Layer ┃
┡━━━━━━━╇━━━━━━━━━╇━━━━━━━━━━╇━━━━━━━━━━━━━━━━━━━━━━━━╇━━━━━━━━━━━━━╇━━━━━━━┩
│ 2.36  │ 945.91  │ 400.00   │ adder_inst.man_a_r[7\] │ _5213_/B1   │ met3  │
│ 2.21  │ 885.14  │ 400.00   │ net225                 │ _4604_/B    │ met3  │
│ 2.03  │ 812.06  │ 400.00   │ net464                 │ _7338_/A2   │ met3  │
│ 1.99  │ 797.52  │ 400.00   │ net380                 │ _8464_/A0   │ met3  │
│ 1.72  │ 686.59  │ 400.00   │ net443                 │ fanout442/A │ met1  │
│ 1.45  │ 580.46  │ 400.00   │ net257                 │ _6321_/A    │ met1  │
│ 1.26  │ 502.34  │ 400.00   │ net67                  │ fanout549/A │ met1  │
│ 1.25  │ 499.49  │ 400.00   │ _3371_                 │ _7754_/B    │ met3  │
│ 1.25  │ 499.49  │ 400.00   │ _3371_                 │ _7764_/A    │ met3  │
│ 1.25  │ 499.49  │ 400.00   │ _3371_                 │ _7775_/A_N  │ met3  │
│ 1.17  │ 468.49  │ 400.00   │ net460                 │ fanout459/A │ met1  │
│ 1.14  │ 455.07  │ 400.00   │ net479                 │ _8800_/A2   │ met1  │
│ 1.13  │ 450.75  │ 400.00   │ net464                 │ _8252_/A    │ met3  │
│ 1.12  │ 446.98  │ 400.00   │ net227                 │ _8191_/A0   │ met3  │
│ 1.12  │ 446.98  │ 400.00   │ net227                 │ _8487_/A    │ met3  │
│ 1.08  │ 431.73  │ 400.00   │ net251                 │ fanout247/A │ met2  │
│ 1.04  │ 417.59  │ 400.00   │ net309                 │ _8347_/A0   │ met1  │
└───────┴─────────┴──────────┴────────────────────────┴─────────────┴───────┘
