
===========================================================================
report_checks -unconstrained
===========================================================================
======================= nom_tt_025C_1v80 Corner ===================================

Startpoint: rst (input port clocked by clk)
Endpoint: _14488_ (recovery check against rising-edge clock clk)
Path Group: asynchronous
Path Type: max

Fanout         Cap        Slew       Delay        Time   Description
---------------------------------------------------------------------------------------------
                                  0.000000    0.000000   clock clk (rise edge)
                                  0.000000    0.000000   clock network delay (propagated)
                                  1.600000    1.600000 v input external delay
     1    0.002650    0.008276    0.004181    1.604181 v rst (in)
                                                         rst (net)
                      0.008276    0.000000    1.604181 v input67/A (sky130_fd_sc_hd__buf_1)
     1    0.009616    0.062388    0.102964    1.707145 v input67/X (sky130_fd_sc_hd__buf_1)
                                                         net67 (net)
                      0.062392    0.000533    1.707678 v fanout2918/A (sky130_fd_sc_hd__clkbuf_2)
     2    0.039227    0.150590    0.205930    1.913608 v fanout2918/X (sky130_fd_sc_hd__clkbuf_2)
                                                         net2918 (net)
                      0.150596    0.000828    1.914435 v fanout2849/A (sky130_fd_sc_hd__dlymetal6s2s_1)
     2    0.021081    0.114952    0.250327    2.164762 v fanout2849/X (sky130_fd_sc_hd__dlymetal6s2s_1)
                                                         net2849 (net)
                      0.114977    0.001661    2.166424 v fanout2848/A (sky130_fd_sc_hd__buf_1)
     2    0.031938    0.186366    0.242109    2.408533 v fanout2848/X (sky130_fd_sc_hd__buf_1)
                                                         net2848 (net)
                      0.186371    0.001142    2.409675 v fanout2847/A (sky130_fd_sc_hd__buf_1)
     2    0.019329    0.116648    0.216031    2.625706 v fanout2847/X (sky130_fd_sc_hd__buf_1)
                                                         net2847 (net)
                      0.116650    0.000624    2.626330 v fanout2846/A (sky130_fd_sc_hd__dlymetal6s2s_1)
     2    0.014657    0.086642    0.212403    2.838733 v fanout2846/X (sky130_fd_sc_hd__dlymetal6s2s_1)
                                                         net2846 (net)
                      0.086642    0.000345    2.839078 v fanout2845/A (sky130_fd_sc_hd__clkbuf_1)
     2    0.009081    0.059546    0.134680    2.973758 v fanout2845/X (sky130_fd_sc_hd__clkbuf_1)
                                                         net2845 (net)
                      0.059546    0.000215    2.973974 v fanout2839/A (sky130_fd_sc_hd__clkbuf_1)
     3    0.015340    0.093931    0.148853    3.122826 v fanout2839/X (sky130_fd_sc_hd__clkbuf_1)
                                                         net2839 (net)
                      0.093931    0.000361    3.123187 v fanout2838/A (sky130_fd_sc_hd__dlymetal6s2s_1)
     4    0.017521    0.099021    0.212409    3.335596 v fanout2838/X (sky130_fd_sc_hd__dlymetal6s2s_1)
                                                         net2838 (net)
                      0.099023    0.000627    3.336223 v fanout2837/A (sky130_fd_sc_hd__clkbuf_2)
     5    0.029100    0.114129    0.198260    3.534483 v fanout2837/X (sky130_fd_sc_hd__clkbuf_2)
                                                         net2837 (net)
                      0.114131    0.000664    3.535147 v _14174_/A (sky130_fd_sc_hd__inv_2)
     1    0.006045    0.047285    0.078190    3.613337 ^ _14174_/Y (sky130_fd_sc_hd__inv_2)
                                                         _00310_ (net)
                      0.047286    0.000179    3.613516 ^ _14488_/RESET_B (sky130_fd_sc_hd__dfrtp_2)
                                              3.613516   data arrival time

                                  8.000000    8.000000   clock clk (rise edge)
                                  0.000000    8.000000   clock source latency
     1    0.052150    0.238807    0.167451    8.167451 ^ clk (in)
                                                         clk (net)
                      0.238911    0.000000    8.167451 ^ clkbuf_0_clk/A (sky130_fd_sc_hd__clkbuf_16)
     2    0.062104    0.081825    0.221401    8.388851 ^ clkbuf_0_clk/X (sky130_fd_sc_hd__clkbuf_16)
                                                         clknet_0_clk (net)
                      0.081936    0.002641    8.391492 ^ clkbuf_1_0__f_clk/A (sky130_fd_sc_hd__clkbuf_16)
    11    0.138489    0.151375    0.224323    8.615815 ^ clkbuf_1_0__f_clk/X (sky130_fd_sc_hd__clkbuf_16)
                                                         clknet_1_0__leaf_clk (net)
                      0.151589    0.004610    8.620424 ^ clkbuf_leaf_11_clk/A (sky130_fd_sc_hd__clkbuf_8)
    19    0.070435    0.130803    0.230775    8.851200 ^ clkbuf_leaf_11_clk/X (sky130_fd_sc_hd__clkbuf_8)
                                                         clknet_leaf_11_clk (net)
                      0.130830    0.001842    8.853042 ^ _14488_/CLK (sky130_fd_sc_hd__dfrtp_2)
                                 -0.250000    8.603042   clock uncertainty
                                  0.000000    8.603042   clock reconvergence pessimism
                                  0.244856    8.847898   library recovery time
                                              8.847898   data required time
---------------------------------------------------------------------------------------------
                                              8.847898   data required time
                                             -3.613516   data arrival time
---------------------------------------------------------------------------------------------
                                              5.234383   slack (MET)


Startpoint: _14415_ (rising edge-triggered flip-flop clocked by clk)
Endpoint: _14499_ (rising edge-triggered flip-flop clocked by clk)
Path Group: clk
Path Type: max

Fanout         Cap        Slew       Delay        Time   Description
---------------------------------------------------------------------------------------------
                                  0.000000    0.000000   clock clk (rise edge)
                                  0.000000    0.000000   clock source latency
     1    0.052150    0.238807    0.167451    0.167451 ^ clk (in)
                                                         clk (net)
                      0.238911    0.000000    0.167451 ^ clkbuf_0_clk/A (sky130_fd_sc_hd__clkbuf_16)
     2    0.062104    0.081825    0.221401    0.388852 ^ clkbuf_0_clk/X (sky130_fd_sc_hd__clkbuf_16)
                                                         clknet_0_clk (net)
                      0.081936    0.002640    0.391492 ^ clkbuf_1_0__f_clk/A (sky130_fd_sc_hd__clkbuf_16)
    11    0.138489    0.151375    0.224322    0.615815 ^ clkbuf_1_0__f_clk/X (sky130_fd_sc_hd__clkbuf_16)
                                                         clknet_1_0__leaf_clk (net)
                      0.151761    0.006145    0.621960 ^ clkbuf_leaf_17_clk/A (sky130_fd_sc_hd__clkbuf_8)
    25    0.073456    0.135189    0.234310    0.856270 ^ clkbuf_leaf_17_clk/X (sky130_fd_sc_hd__clkbuf_8)
                                                         clknet_leaf_17_clk (net)
                      0.135201    0.001402    0.857672 ^ _14415_/CLK (sky130_fd_sc_hd__dfrtp_1)
     2    0.038006    0.191856    0.529428    1.387099 v _14415_/Q (sky130_fd_sc_hd__dfrtp_1)
                                                         adder_inst.man_b_r[5] (net)
                      0.191865    0.001526    1.388625 v fanout1863/A (sky130_fd_sc_hd__buf_4)
     5    0.065696    0.091843    0.263296    1.651920 v fanout1863/X (sky130_fd_sc_hd__buf_4)
                                                         net1863 (net)
                      0.092632    0.006456    1.658376 v _07125_/A (sky130_fd_sc_hd__inv_2)
     1    0.027550    0.130049    0.138511    1.796887 ^ _07125_/Y (sky130_fd_sc_hd__inv_2)
                                                         _06897_ (net)
                      0.130138    0.002794    1.799680 ^ fanout1160/A (sky130_fd_sc_hd__clkbuf_2)
     3    0.105550    0.565618    0.491586    2.291266 ^ fanout1160/X (sky130_fd_sc_hd__clkbuf_2)
                                                         net1160 (net)
                      0.565720    0.006363    2.297629 ^ fanout1154/A (sky130_fd_sc_hd__buf_2)
     6    0.060921    0.296650    0.400088    2.697717 ^ fanout1154/X (sky130_fd_sc_hd__buf_2)
                                                         net1154 (net)
                      0.296925    0.005868    2.703584 ^ fanout1153/A (sky130_fd_sc_hd__clkbuf_2)
     5    0.050105    0.272528    0.335182    3.038767 ^ fanout1153/X (sky130_fd_sc_hd__clkbuf_2)
                                                         net1153 (net)
                      0.272584    0.003238    3.042005 ^ fanout1151/A (sky130_fd_sc_hd__clkbuf_2)
     5    0.033264    0.184460    0.270540    3.312546 ^ fanout1151/X (sky130_fd_sc_hd__clkbuf_2)
                                                         net1151 (net)
                      0.184461    0.000851    3.313396 ^ _09739_/A2 (sky130_fd_sc_hd__o211ai_1)
     2    0.012853    0.156094    0.175723    3.489120 v _09739_/Y (sky130_fd_sc_hd__o211ai_1)
                                                         _02825_ (net)
                      0.156094    0.000417    3.489537 v _09740_/B (sky130_fd_sc_hd__nand2_1)
     1    0.010076    0.110985    0.155891    3.645428 ^ _09740_/Y (sky130_fd_sc_hd__nand2_1)
                                                         _02826_ (net)
                      0.110986    0.000553    3.645981 ^ _09980_/B1 (sky130_fd_sc_hd__a21o_1)
     2    0.021760    0.192772    0.205866    3.851847 ^ _09980_/X (sky130_fd_sc_hd__a21o_1)
                                                         _03066_ (net)
                      0.192773    0.000774    3.852621 ^ _09981_/B1 (sky130_fd_sc_hd__o21ai_4)
     3    0.031327    0.101391    0.133098    3.985718 v _09981_/Y (sky130_fd_sc_hd__o21ai_4)
                                                         _03067_ (net)
                      0.101505    0.002579    3.988298 v _10005_/B2 (sky130_fd_sc_hd__o2bb2ai_4)
     1    0.011074    0.126691    0.155102    4.143400 ^ _10005_/Y (sky130_fd_sc_hd__o2bb2ai_4)
                                                         _03091_ (net)
                      0.126692    0.000419    4.143819 ^ _10011_/A (sky130_fd_sc_hd__nand3_4)
     2    0.010434    0.068102    0.086108    4.229927 v _10011_/Y (sky130_fd_sc_hd__nand3_4)
                                                         _03097_ (net)
                      0.068102    0.000284    4.230211 v fanout393/A (sky130_fd_sc_hd__buf_6)
     2    0.017048    0.031278    0.133061    4.363272 v fanout393/X (sky130_fd_sc_hd__buf_6)
                                                         net393 (net)
                      0.031296    0.000702    4.363974 v _10054_/A1 (sky130_fd_sc_hd__a21boi_4)
     1    0.010529    0.129104    0.140471    4.504445 ^ _10054_/Y (sky130_fd_sc_hd__a21boi_4)
                                                         _03140_ (net)
                      0.129104    0.000344    4.504789 ^ _10062_/C (sky130_fd_sc_hd__nand3_4)
     3    0.022704    0.108302    0.121610    4.626399 v _10062_/Y (sky130_fd_sc_hd__nand3_4)
                                                         _03148_ (net)
                      0.108360    0.001156    4.627555 v fanout325/A (sky130_fd_sc_hd__buf_6)
     2    0.009674    0.025172    0.143656    4.771211 v fanout325/X (sky130_fd_sc_hd__buf_6)
                                                         net325 (net)
                      0.025172    0.000286    4.771497 v fanout324/A (sky130_fd_sc_hd__buf_8)
     5    0.028865    0.036215    0.121211    4.892708 v fanout324/X (sky130_fd_sc_hd__buf_8)
                                                         net324 (net)
                      0.036238    0.000826    4.893533 v _10364_/A1 (sky130_fd_sc_hd__a21o_1)
     1    0.011157    0.067219    0.183263    5.076797 v _10364_/X (sky130_fd_sc_hd__a21o_1)
                                                         _03450_ (net)
                      0.067220    0.000425    5.077221 v _10367_/C1 (sky130_fd_sc_hd__o211ai_4)
     2    0.016412    0.203798    0.100051    5.177272 ^ _10367_/Y (sky130_fd_sc_hd__o211ai_4)
                                                         _03453_ (net)
                      0.203799    0.000906    5.178178 ^ rebuffer306/A (sky130_fd_sc_hd__buf_6)
     2    0.019580    0.051537    0.148437    5.326615 ^ rebuffer306/X (sky130_fd_sc_hd__buf_6)
                                                         net580 (net)
                      0.051541    0.000506    5.327122 ^ _10588_/A1_N (sky130_fd_sc_hd__o2bb2ai_4)
     3    0.024535    0.199474    0.152958    5.480079 ^ _10588_/Y (sky130_fd_sc_hd__o2bb2ai_4)
                                                         _03674_ (net)
                      0.199474    0.000722    5.480801 ^ _10595_/A (sky130_fd_sc_hd__nand3_4)
     4    0.027534    0.124240    0.145744    5.626545 v _10595_/Y (sky130_fd_sc_hd__nand3_4)
                                                         _03681_ (net)
                      0.124291    0.000788    5.627333 v rebuffer322/A (sky130_fd_sc_hd__buf_6)
     1    0.010034    0.025487    0.151312    5.778645 v rebuffer322/X (sky130_fd_sc_hd__buf_6)
                                                         net1140 (net)
                      0.025487    0.000373    5.779018 v _10802_/A2 (sky130_fd_sc_hd__a31oi_4)
     1    0.009371    0.151706    0.162635    5.941653 ^ _10802_/Y (sky130_fd_sc_hd__a31oi_4)
                                                         _03888_ (net)
                      0.151706    0.000288    5.941941 ^ _10806_/A1 (sky130_fd_sc_hd__a22oi_4)
     3    0.019562    0.082539    0.118559    6.060500 v _10806_/Y (sky130_fd_sc_hd__a22oi_4)
                                                         _03892_ (net)
                      0.082541    0.000768    6.061268 v rebuffer326/A (sky130_fd_sc_hd__buf_6)
     1    0.010696    0.025908    0.132821    6.194089 v rebuffer326/X (sky130_fd_sc_hd__buf_6)
                                                         net1146 (net)
                      0.025908    0.000432    6.194521 v _11727_/A4 (sky130_fd_sc_hd__a41oi_4)
     1    0.009596    0.180818    0.219528    6.414050 ^ _11727_/Y (sky130_fd_sc_hd__a41oi_4)
                                                         _04813_ (net)
                      0.180818    0.000212    6.414262 ^ _11728_/B1 (sky130_fd_sc_hd__o21ai_4)
     2    0.011158    0.065837    0.091586    6.505848 v _11728_/Y (sky130_fd_sc_hd__o21ai_4)
                                                         _04814_ (net)
                      0.065838    0.000323    6.506171 v _12230_/B1 (sky130_fd_sc_hd__a21oi_4)
     1    0.022219    0.196820    0.192689    6.698860 ^ _12230_/Y (sky130_fd_sc_hd__a21oi_4)
                                                         _05316_ (net)
                      0.196890    0.000837    6.699697 ^ wire165/A (sky130_fd_sc_hd__buf_8)
     4    0.068860    0.117912    0.192121    6.891819 ^ wire165/X (sky130_fd_sc_hd__buf_8)
                                                         net165 (net)
                      0.118657    0.007512    6.899331 ^ _12238_/A1 (sky130_fd_sc_hd__o21bai_4)
     3    0.048100    0.136555    0.153874    7.053205 v _12238_/Y (sky130_fd_sc_hd__o21bai_4)
                                                         _05324_ (net)
                      0.136788    0.003660    7.056865 v _12353_/A (sky130_fd_sc_hd__nand3_4)
     2    0.021259    0.099027    0.122842    7.179707 ^ _12353_/Y (sky130_fd_sc_hd__nand3_4)
                                                         _05439_ (net)
                      0.099032    0.001294    7.181000 ^ _12403_/A1 (sky130_fd_sc_hd__a21oi_4)
     2    0.013858    0.054060    0.073648    7.254648 v _12403_/Y (sky130_fd_sc_hd__a21oi_4)
                                                         _05489_ (net)
                      0.054061    0.000457    7.255105 v _12425_/A2 (sky130_fd_sc_hd__o21bai_4)
     3    0.016202    0.155106    0.156064    7.411169 ^ _12425_/Y (sky130_fd_sc_hd__o21bai_4)
                                                         _05511_ (net)
                      0.155107    0.000494    7.411664 ^ _12428_/A1 (sky130_fd_sc_hd__a21oi_4)
     3    0.009993    0.096293    0.079654    7.491317 v _12428_/Y (sky130_fd_sc_hd__a21oi_4)
                                                         _05514_ (net)
                      0.096293    0.000250    7.491568 v _12437_/A2 (sky130_fd_sc_hd__o211ai_2)
     2    0.014042    0.221799    0.230576    7.722143 ^ _12437_/Y (sky130_fd_sc_hd__o211ai_2)
                                                         _05523_ (net)
                      0.221799    0.000484    7.722627 ^ fanout148/A (sky130_fd_sc_hd__buf_6)
     2    0.010516    0.036967    0.137816    7.860443 ^ fanout148/X (sky130_fd_sc_hd__buf_6)
                                                         net148 (net)
                      0.036968    0.000282    7.860725 ^ fanout147/A (sky130_fd_sc_hd__buf_8)
     5    0.045158    0.082308    0.124278    7.985004 ^ fanout147/X (sky130_fd_sc_hd__buf_8)
                                                         net147 (net)
                      0.082531    0.003455    7.988459 ^ _12441_/A (sky130_fd_sc_hd__nand2_8)
     2    0.044945    0.110890    0.083687    8.072145 v _12441_/Y (sky130_fd_sc_hd__nand2_8)
                                                         _05527_ (net)
                      0.110919    0.001450    8.073596 v fanout128/A (sky130_fd_sc_hd__buf_8)
     5    0.026761    0.035240    0.157786    8.231382 v fanout128/X (sky130_fd_sc_hd__buf_8)
                                                         net128 (net)
                      0.035348    0.001524    8.232906 v fanout127/A (sky130_fd_sc_hd__buf_6)
     2    0.017752    0.032024    0.119131    8.352037 v fanout127/X (sky130_fd_sc_hd__buf_6)
                                                         net127 (net)
                      0.032054    0.000874    8.352912 v fanout124/A (sky130_fd_sc_hd__buf_8)
     4    0.027732    0.035467    0.123327    8.476238 v fanout124/X (sky130_fd_sc_hd__buf_8)
                                                         net124 (net)
                      0.035476    0.000552    8.476791 v fanout122/A (sky130_fd_sc_hd__buf_8)
     5    0.026795    0.035076    0.123830    8.600621 v fanout122/X (sky130_fd_sc_hd__buf_8)
                                                         net122 (net)
                      0.035175    0.001589    8.602210 v _12474_/A2 (sky130_fd_sc_hd__a21oi_4)
     2    0.010777    0.128709    0.158587    8.760797 ^ _12474_/Y (sky130_fd_sc_hd__a21oi_4)
                                                         _05560_ (net)
                      0.128710    0.000342    8.761139 ^ fanout117/A (sky130_fd_sc_hd__buf_6)
     5    0.022948    0.056310    0.137129    8.898267 ^ fanout117/X (sky130_fd_sc_hd__buf_6)
                                                         net117 (net)
                      0.056318    0.000647    8.898913 ^ _12491_/A (sky130_fd_sc_hd__nand3_4)
     4    0.027809    0.109409    0.104624    9.003538 v _12491_/Y (sky130_fd_sc_hd__nand3_4)
                                                         _05577_ (net)
                      0.109439    0.001432    9.004970 v fanout115/A (sky130_fd_sc_hd__buf_8)
     5    0.031166    0.038032    0.160304    9.165274 v fanout115/X (sky130_fd_sc_hd__buf_8)
                                                         net115 (net)
                      0.038095    0.001354    9.166627 v _12526_/B (sky130_fd_sc_hd__nor2_8)
     2    0.041569    0.176179    0.159227    9.325854 ^ _12526_/Y (sky130_fd_sc_hd__nor2_8)
                                                         _05612_ (net)
                      0.176215    0.002012    9.327866 ^ fanout103/A (sky130_fd_sc_hd__buf_8)
     4    0.032301    0.064009    0.149373    9.477239 ^ fanout103/X (sky130_fd_sc_hd__buf_8)
                                                         net103 (net)
                      0.064010    0.000438    9.477676 ^ fanout102/A (sky130_fd_sc_hd__buf_8)
     5    0.036298    0.068643    0.124396    9.602073 ^ fanout102/X (sky130_fd_sc_hd__buf_8)
                                                         net102 (net)
                      0.068674    0.001346    9.603418 ^ _12620_/A (sky130_fd_sc_hd__nand4_4)
     3    0.025833    0.145583    0.127288    9.730707 v _12620_/Y (sky130_fd_sc_hd__nand4_4)
                                                         _05702_ (net)
                      0.145590    0.001113    9.731820 v _12622_/A1 (sky130_fd_sc_hd__o21bai_4)
     1    0.005383    0.099775    0.168447    9.900268 ^ _12622_/Y (sky130_fd_sc_hd__o21bai_4)
                                                         _05704_ (net)
                      0.099775    0.000168    9.900435 ^ _12624_/B1 (sky130_fd_sc_hd__o21ai_2)
     1    0.005546    0.066783    0.067883    9.968319 v _12624_/Y (sky130_fd_sc_hd__o21ai_2)
                                                         _05706_ (net)
                      0.066783    0.000181    9.968500 v _12625_/B (sky130_fd_sc_hd__nand2_2)
     2    0.005847    0.051161    0.077130   10.045630 ^ _12625_/Y (sky130_fd_sc_hd__nand2_2)
                                                         multiplier_inst.exp_final[5] (net)
                      0.051161    0.000167   10.045797 ^ _12715_/A (sky130_fd_sc_hd__nand3_1)
     1    0.002832    0.061000    0.060637   10.106434 v _12715_/Y (sky130_fd_sc_hd__nand3_1)
                                                         _05780_ (net)
                      0.061000    0.000083   10.106517 v _12717_/A (sky130_fd_sc_hd__nand2_1)
     1    0.004335    0.056971    0.070095   10.176612 ^ _12717_/Y (sky130_fd_sc_hd__nand2_1)
                                                         multiplier_inst.overflow_calc (net)
                      0.056971    0.000147   10.176759 ^ _14499_/D (sky130_fd_sc_hd__dfrtp_1)
                                             10.176759   data arrival time

                                  8.000000    8.000000   clock clk (rise edge)
                                  0.000000    8.000000   clock source latency
     1    0.052150    0.238807    0.167451    8.167451 ^ clk (in)
                                                         clk (net)
                      0.238911    0.000000    8.167451 ^ clkbuf_0_clk/A (sky130_fd_sc_hd__clkbuf_16)
     2    0.062104    0.081825    0.221401    8.388851 ^ clkbuf_0_clk/X (sky130_fd_sc_hd__clkbuf_16)
                                                         clknet_0_clk (net)
                      0.081892    0.002114    8.390965 ^ clkbuf_1_1__f_clk/A (sky130_fd_sc_hd__clkbuf_16)
    11    0.117025    0.130669    0.208596    8.599562 ^ clkbuf_1_1__f_clk/X (sky130_fd_sc_hd__clkbuf_16)
                                                         clknet_1_1__leaf_clk (net)
                      0.131163    0.006438    8.605999 ^ clkbuf_leaf_8_clk/A (sky130_fd_sc_hd__clkbuf_8)
    26    0.076668    0.138989    0.231828    8.837827 ^ clkbuf_leaf_8_clk/X (sky130_fd_sc_hd__clkbuf_8)
                                                         clknet_leaf_8_clk (net)
                      0.139000    0.001363    8.839190 ^ _14499_/CLK (sky130_fd_sc_hd__dfrtp_1)
                                 -0.250000    8.589190   clock uncertainty
                                  0.000000    8.589190   clock reconvergence pessimism
                                 -0.048414    8.540776   library setup time
                                              8.540776   data required time
---------------------------------------------------------------------------------------------
                                              8.540776   data required time
                                            -10.176759   data arrival time
---------------------------------------------------------------------------------------------
                                             -1.635982   slack (VIOLATED)




===========================================================================
report_checks --slack_max -0.01
============================================================================
======================= nom_tt_025C_1v80 Corner ===================================

Startpoint: _14415_ (rising edge-triggered flip-flop clocked by clk)
Endpoint: _14499_ (rising edge-triggered flip-flop clocked by clk)
Path Group: clk
Path Type: max

Fanout         Cap        Slew       Delay        Time   Description
---------------------------------------------------------------------------------------------
                                  0.000000    0.000000   clock clk (rise edge)
                                  0.000000    0.000000   clock source latency
     1    0.052150    0.238807    0.167451    0.167451 ^ clk (in)
                                                         clk (net)
                      0.238911    0.000000    0.167451 ^ clkbuf_0_clk/A (sky130_fd_sc_hd__clkbuf_16)
     2    0.062104    0.081825    0.221401    0.388852 ^ clkbuf_0_clk/X (sky130_fd_sc_hd__clkbuf_16)
                                                         clknet_0_clk (net)
                      0.081936    0.002640    0.391492 ^ clkbuf_1_0__f_clk/A (sky130_fd_sc_hd__clkbuf_16)
    11    0.138489    0.151375    0.224322    0.615815 ^ clkbuf_1_0__f_clk/X (sky130_fd_sc_hd__clkbuf_16)
                                                         clknet_1_0__leaf_clk (net)
                      0.151761    0.006145    0.621960 ^ clkbuf_leaf_17_clk/A (sky130_fd_sc_hd__clkbuf_8)
    25    0.073456    0.135189    0.234310    0.856270 ^ clkbuf_leaf_17_clk/X (sky130_fd_sc_hd__clkbuf_8)
                                                         clknet_leaf_17_clk (net)
                      0.135201    0.001402    0.857672 ^ _14415_/CLK (sky130_fd_sc_hd__dfrtp_1)
     2    0.038006    0.191856    0.529428    1.387099 v _14415_/Q (sky130_fd_sc_hd__dfrtp_1)
                                                         adder_inst.man_b_r[5] (net)
                      0.191865    0.001526    1.388625 v fanout1863/A (sky130_fd_sc_hd__buf_4)
     5    0.065696    0.091843    0.263296    1.651920 v fanout1863/X (sky130_fd_sc_hd__buf_4)
                                                         net1863 (net)
                      0.092632    0.006456    1.658376 v _07125_/A (sky130_fd_sc_hd__inv_2)
     1    0.027550    0.130049    0.138511    1.796887 ^ _07125_/Y (sky130_fd_sc_hd__inv_2)
                                                         _06897_ (net)
                      0.130138    0.002794    1.799680 ^ fanout1160/A (sky130_fd_sc_hd__clkbuf_2)
     3    0.105550    0.565618    0.491586    2.291266 ^ fanout1160/X (sky130_fd_sc_hd__clkbuf_2)
                                                         net1160 (net)
                      0.565720    0.006363    2.297629 ^ fanout1154/A (sky130_fd_sc_hd__buf_2)
     6    0.060921    0.296650    0.400088    2.697717 ^ fanout1154/X (sky130_fd_sc_hd__buf_2)
                                                         net1154 (net)
                      0.296925    0.005868    2.703584 ^ fanout1153/A (sky130_fd_sc_hd__clkbuf_2)
     5    0.050105    0.272528    0.335182    3.038767 ^ fanout1153/X (sky130_fd_sc_hd__clkbuf_2)
                                                         net1153 (net)
                      0.272584    0.003238    3.042005 ^ fanout1151/A (sky130_fd_sc_hd__clkbuf_2)
     5    0.033264    0.184460    0.270540    3.312546 ^ fanout1151/X (sky130_fd_sc_hd__clkbuf_2)
                                                         net1151 (net)
                      0.184461    0.000851    3.313396 ^ _09739_/A2 (sky130_fd_sc_hd__o211ai_1)
     2    0.012853    0.156094    0.175723    3.489120 v _09739_/Y (sky130_fd_sc_hd__o211ai_1)
                                                         _02825_ (net)
                      0.156094    0.000417    3.489537 v _09740_/B (sky130_fd_sc_hd__nand2_1)
     1    0.010076    0.110985    0.155891    3.645428 ^ _09740_/Y (sky130_fd_sc_hd__nand2_1)
                                                         _02826_ (net)
                      0.110986    0.000553    3.645981 ^ _09980_/B1 (sky130_fd_sc_hd__a21o_1)
     2    0.021760    0.192772    0.205866    3.851847 ^ _09980_/X (sky130_fd_sc_hd__a21o_1)
                                                         _03066_ (net)
                      0.192773    0.000774    3.852621 ^ _09981_/B1 (sky130_fd_sc_hd__o21ai_4)
     3    0.031327    0.101391    0.133098    3.985718 v _09981_/Y (sky130_fd_sc_hd__o21ai_4)
                                                         _03067_ (net)
                      0.101505    0.002579    3.988298 v _10005_/B2 (sky130_fd_sc_hd__o2bb2ai_4)
     1    0.011074    0.126691    0.155102    4.143400 ^ _10005_/Y (sky130_fd_sc_hd__o2bb2ai_4)
                                                         _03091_ (net)
                      0.126692    0.000419    4.143819 ^ _10011_/A (sky130_fd_sc_hd__nand3_4)
     2    0.010434    0.068102    0.086108    4.229927 v _10011_/Y (sky130_fd_sc_hd__nand3_4)
                                                         _03097_ (net)
                      0.068102    0.000284    4.230211 v fanout393/A (sky130_fd_sc_hd__buf_6)
     2    0.017048    0.031278    0.133061    4.363272 v fanout393/X (sky130_fd_sc_hd__buf_6)
                                                         net393 (net)
                      0.031296    0.000702    4.363974 v _10054_/A1 (sky130_fd_sc_hd__a21boi_4)
     1    0.010529    0.129104    0.140471    4.504445 ^ _10054_/Y (sky130_fd_sc_hd__a21boi_4)
                                                         _03140_ (net)
                      0.129104    0.000344    4.504789 ^ _10062_/C (sky130_fd_sc_hd__nand3_4)
     3    0.022704    0.108302    0.121610    4.626399 v _10062_/Y (sky130_fd_sc_hd__nand3_4)
                                                         _03148_ (net)
                      0.108360    0.001156    4.627555 v fanout325/A (sky130_fd_sc_hd__buf_6)
     2    0.009674    0.025172    0.143656    4.771211 v fanout325/X (sky130_fd_sc_hd__buf_6)
                                                         net325 (net)
                      0.025172    0.000286    4.771497 v fanout324/A (sky130_fd_sc_hd__buf_8)
     5    0.028865    0.036215    0.121211    4.892708 v fanout324/X (sky130_fd_sc_hd__buf_8)
                                                         net324 (net)
                      0.036238    0.000826    4.893533 v _10364_/A1 (sky130_fd_sc_hd__a21o_1)
     1    0.011157    0.067219    0.183263    5.076797 v _10364_/X (sky130_fd_sc_hd__a21o_1)
                                                         _03450_ (net)
                      0.067220    0.000425    5.077221 v _10367_/C1 (sky130_fd_sc_hd__o211ai_4)
     2    0.016412    0.203798    0.100051    5.177272 ^ _10367_/Y (sky130_fd_sc_hd__o211ai_4)
                                                         _03453_ (net)
                      0.203799    0.000906    5.178178 ^ rebuffer306/A (sky130_fd_sc_hd__buf_6)
     2    0.019580    0.051537    0.148437    5.326615 ^ rebuffer306/X (sky130_fd_sc_hd__buf_6)
                                                         net580 (net)
                      0.051541    0.000506    5.327122 ^ _10588_/A1_N (sky130_fd_sc_hd__o2bb2ai_4)
     3    0.024535    0.199474    0.152958    5.480079 ^ _10588_/Y (sky130_fd_sc_hd__o2bb2ai_4)
                                                         _03674_ (net)
                      0.199474    0.000722    5.480801 ^ _10595_/A (sky130_fd_sc_hd__nand3_4)
     4    0.027534    0.124240    0.145744    5.626545 v _10595_/Y (sky130_fd_sc_hd__nand3_4)
                                                         _03681_ (net)
                      0.124291    0.000788    5.627333 v rebuffer322/A (sky130_fd_sc_hd__buf_6)
     1    0.010034    0.025487    0.151312    5.778645 v rebuffer322/X (sky130_fd_sc_hd__buf_6)
                                                         net1140 (net)
                      0.025487    0.000373    5.779018 v _10802_/A2 (sky130_fd_sc_hd__a31oi_4)
     1    0.009371    0.151706    0.162635    5.941653 ^ _10802_/Y (sky130_fd_sc_hd__a31oi_4)
                                                         _03888_ (net)
                      0.151706    0.000288    5.941941 ^ _10806_/A1 (sky130_fd_sc_hd__a22oi_4)
     3    0.019562    0.082539    0.118559    6.060500 v _10806_/Y (sky130_fd_sc_hd__a22oi_4)
                                                         _03892_ (net)
                      0.082541    0.000768    6.061268 v rebuffer326/A (sky130_fd_sc_hd__buf_6)
     1    0.010696    0.025908    0.132821    6.194089 v rebuffer326/X (sky130_fd_sc_hd__buf_6)
                                                         net1146 (net)
                      0.025908    0.000432    6.194521 v _11727_/A4 (sky130_fd_sc_hd__a41oi_4)
     1    0.009596    0.180818    0.219528    6.414050 ^ _11727_/Y (sky130_fd_sc_hd__a41oi_4)
                                                         _04813_ (net)
                      0.180818    0.000212    6.414262 ^ _11728_/B1 (sky130_fd_sc_hd__o21ai_4)
     2    0.011158    0.065837    0.091586    6.505848 v _11728_/Y (sky130_fd_sc_hd__o21ai_4)
                                                         _04814_ (net)
                      0.065838    0.000323    6.506171 v _12230_/B1 (sky130_fd_sc_hd__a21oi_4)
     1    0.022219    0.196820    0.192689    6.698860 ^ _12230_/Y (sky130_fd_sc_hd__a21oi_4)
                                                         _05316_ (net)
                      0.196890    0.000837    6.699697 ^ wire165/A (sky130_fd_sc_hd__buf_8)
     4    0.068860    0.117912    0.192121    6.891819 ^ wire165/X (sky130_fd_sc_hd__buf_8)
                                                         net165 (net)
                      0.118657    0.007512    6.899331 ^ _12238_/A1 (sky130_fd_sc_hd__o21bai_4)
     3    0.048100    0.136555    0.153874    7.053205 v _12238_/Y (sky130_fd_sc_hd__o21bai_4)
                                                         _05324_ (net)
                      0.136788    0.003660    7.056865 v _12353_/A (sky130_fd_sc_hd__nand3_4)
     2    0.021259    0.099027    0.122842    7.179707 ^ _12353_/Y (sky130_fd_sc_hd__nand3_4)
                                                         _05439_ (net)
                      0.099032    0.001294    7.181000 ^ _12403_/A1 (sky130_fd_sc_hd__a21oi_4)
     2    0.013858    0.054060    0.073648    7.254648 v _12403_/Y (sky130_fd_sc_hd__a21oi_4)
                                                         _05489_ (net)
                      0.054061    0.000457    7.255105 v _12425_/A2 (sky130_fd_sc_hd__o21bai_4)
     3    0.016202    0.155106    0.156064    7.411169 ^ _12425_/Y (sky130_fd_sc_hd__o21bai_4)
                                                         _05511_ (net)
                      0.155107    0.000494    7.411664 ^ _12428_/A1 (sky130_fd_sc_hd__a21oi_4)
     3    0.009993    0.096293    0.079654    7.491317 v _12428_/Y (sky130_fd_sc_hd__a21oi_4)
                                                         _05514_ (net)
                      0.096293    0.000250    7.491568 v _12437_/A2 (sky130_fd_sc_hd__o211ai_2)
     2    0.014042    0.221799    0.230576    7.722143 ^ _12437_/Y (sky130_fd_sc_hd__o211ai_2)
                                                         _05523_ (net)
                      0.221799    0.000484    7.722627 ^ fanout148/A (sky130_fd_sc_hd__buf_6)
     2    0.010516    0.036967    0.137816    7.860443 ^ fanout148/X (sky130_fd_sc_hd__buf_6)
                                                         net148 (net)
                      0.036968    0.000282    7.860725 ^ fanout147/A (sky130_fd_sc_hd__buf_8)
     5    0.045158    0.082308    0.124278    7.985004 ^ fanout147/X (sky130_fd_sc_hd__buf_8)
                                                         net147 (net)
                      0.082531    0.003455    7.988459 ^ _12441_/A (sky130_fd_sc_hd__nand2_8)
     2    0.044945    0.110890    0.083687    8.072145 v _12441_/Y (sky130_fd_sc_hd__nand2_8)
                                                         _05527_ (net)
                      0.110919    0.001450    8.073596 v fanout128/A (sky130_fd_sc_hd__buf_8)
     5    0.026761    0.035240    0.157786    8.231382 v fanout128/X (sky130_fd_sc_hd__buf_8)
                                                         net128 (net)
                      0.035348    0.001524    8.232906 v fanout127/A (sky130_fd_sc_hd__buf_6)
     2    0.017752    0.032024    0.119131    8.352037 v fanout127/X (sky130_fd_sc_hd__buf_6)
                                                         net127 (net)
                      0.032054    0.000874    8.352912 v fanout124/A (sky130_fd_sc_hd__buf_8)
     4    0.027732    0.035467    0.123327    8.476238 v fanout124/X (sky130_fd_sc_hd__buf_8)
                                                         net124 (net)
                      0.035476    0.000552    8.476791 v fanout122/A (sky130_fd_sc_hd__buf_8)
     5    0.026795    0.035076    0.123830    8.600621 v fanout122/X (sky130_fd_sc_hd__buf_8)
                                                         net122 (net)
                      0.035175    0.001589    8.602210 v _12474_/A2 (sky130_fd_sc_hd__a21oi_4)
     2    0.010777    0.128709    0.158587    8.760797 ^ _12474_/Y (sky130_fd_sc_hd__a21oi_4)
                                                         _05560_ (net)
                      0.128710    0.000342    8.761139 ^ fanout117/A (sky130_fd_sc_hd__buf_6)
     5    0.022948    0.056310    0.137129    8.898267 ^ fanout117/X (sky130_fd_sc_hd__buf_6)
                                                         net117 (net)
                      0.056318    0.000647    8.898913 ^ _12491_/A (sky130_fd_sc_hd__nand3_4)
     4    0.027809    0.109409    0.104624    9.003538 v _12491_/Y (sky130_fd_sc_hd__nand3_4)
                                                         _05577_ (net)
                      0.109439    0.001432    9.004970 v fanout115/A (sky130_fd_sc_hd__buf_8)
     5    0.031166    0.038032    0.160304    9.165274 v fanout115/X (sky130_fd_sc_hd__buf_8)
                                                         net115 (net)
                      0.038095    0.001354    9.166627 v _12526_/B (sky130_fd_sc_hd__nor2_8)
     2    0.041569    0.176179    0.159227    9.325854 ^ _12526_/Y (sky130_fd_sc_hd__nor2_8)
                                                         _05612_ (net)
                      0.176215    0.002012    9.327866 ^ fanout103/A (sky130_fd_sc_hd__buf_8)
     4    0.032301    0.064009    0.149373    9.477239 ^ fanout103/X (sky130_fd_sc_hd__buf_8)
                                                         net103 (net)
                      0.064010    0.000438    9.477676 ^ fanout102/A (sky130_fd_sc_hd__buf_8)
     5    0.036298    0.068643    0.124396    9.602073 ^ fanout102/X (sky130_fd_sc_hd__buf_8)
                                                         net102 (net)
                      0.068674    0.001346    9.603418 ^ _12620_/A (sky130_fd_sc_hd__nand4_4)
     3    0.025833    0.145583    0.127288    9.730707 v _12620_/Y (sky130_fd_sc_hd__nand4_4)
                                                         _05702_ (net)
                      0.145590    0.001113    9.731820 v _12622_/A1 (sky130_fd_sc_hd__o21bai_4)
     1    0.005383    0.099775    0.168447    9.900268 ^ _12622_/Y (sky130_fd_sc_hd__o21bai_4)
                                                         _05704_ (net)
                      0.099775    0.000168    9.900435 ^ _12624_/B1 (sky130_fd_sc_hd__o21ai_2)
     1    0.005546    0.066783    0.067883    9.968319 v _12624_/Y (sky130_fd_sc_hd__o21ai_2)
                                                         _05706_ (net)
                      0.066783    0.000181    9.968500 v _12625_/B (sky130_fd_sc_hd__nand2_2)
     2    0.005847    0.051161    0.077130   10.045630 ^ _12625_/Y (sky130_fd_sc_hd__nand2_2)
                                                         multiplier_inst.exp_final[5] (net)
                      0.051161    0.000167   10.045797 ^ _12715_/A (sky130_fd_sc_hd__nand3_1)
     1    0.002832    0.061000    0.060637   10.106434 v _12715_/Y (sky130_fd_sc_hd__nand3_1)
                                                         _05780_ (net)
                      0.061000    0.000083   10.106517 v _12717_/A (sky130_fd_sc_hd__nand2_1)
     1    0.004335    0.056971    0.070095   10.176612 ^ _12717_/Y (sky130_fd_sc_hd__nand2_1)
                                                         multiplier_inst.overflow_calc (net)
                      0.056971    0.000147   10.176759 ^ _14499_/D (sky130_fd_sc_hd__dfrtp_1)
                                             10.176759   data arrival time

                                  8.000000    8.000000   clock clk (rise edge)
                                  0.000000    8.000000   clock source latency
     1    0.052150    0.238807    0.167451    8.167451 ^ clk (in)
                                                         clk (net)
                      0.238911    0.000000    8.167451 ^ clkbuf_0_clk/A (sky130_fd_sc_hd__clkbuf_16)
     2    0.062104    0.081825    0.221401    8.388851 ^ clkbuf_0_clk/X (sky130_fd_sc_hd__clkbuf_16)
                                                         clknet_0_clk (net)
                      0.081892    0.002114    8.390965 ^ clkbuf_1_1__f_clk/A (sky130_fd_sc_hd__clkbuf_16)
    11    0.117025    0.130669    0.208596    8.599562 ^ clkbuf_1_1__f_clk/X (sky130_fd_sc_hd__clkbuf_16)
                                                         clknet_1_1__leaf_clk (net)
                      0.131163    0.006438    8.605999 ^ clkbuf_leaf_8_clk/A (sky130_fd_sc_hd__clkbuf_8)
    26    0.076668    0.138989    0.231828    8.837827 ^ clkbuf_leaf_8_clk/X (sky130_fd_sc_hd__clkbuf_8)
                                                         clknet_leaf_8_clk (net)
                      0.139000    0.001363    8.839190 ^ _14499_/CLK (sky130_fd_sc_hd__dfrtp_1)
                                 -0.250000    8.589190   clock uncertainty
                                  0.000000    8.589190   clock reconvergence pessimism
                                 -0.048414    8.540776   library setup time
                                              8.540776   data required time
---------------------------------------------------------------------------------------------
                                              8.540776   data required time
                                            -10.176759   data arrival time
---------------------------------------------------------------------------------------------
                                             -1.635982   slack (VIOLATED)




===========================================================================
 report_check_types -max_slew -max_cap -max_fanout -violators
============================================================================
======================= nom_tt_025C_1v80 Corner ===================================

max slew

Pin                                        Limit        Slew       Slack
------------------------------------------------------------------------
_13134_/A2                              0.750000    1.005430   -0.255430 (VIOLATED)
_13133_/A2                              0.750000    1.005429   -0.255429 (VIOLATED)
_13131_/Y                               0.750000    1.005391   -0.255391 (VIOLATED)
fanout790/A                             0.750000    0.774641   -0.024641 (VIOLATED)
_12443_/Y                               0.750000    0.774628   -0.024628 (VIOLATED)
_12456_/C                               0.750000    0.769952   -0.019952 (VIOLATED)
_13822_/A2                              0.750000    0.769947   -0.019947 (VIOLATED)
_13859_/A1                              0.750000    0.769934   -0.019934 (VIOLATED)
_12455_/X                               0.750000    0.769761   -0.019761 (VIOLATED)

max fanout

Pin                                   Limit Fanout  Slack
---------------------------------------------------------
clkbuf_leaf_8_clk/X                       5     26    -21 (VIOLATED)
clkbuf_leaf_12_clk/X                      5     25    -20 (VIOLATED)
clkbuf_leaf_17_clk/X                      5     25    -20 (VIOLATED)
clkbuf_leaf_7_clk/X                       5     25    -20 (VIOLATED)
clkbuf_leaf_0_clk/X                       5     24    -19 (VIOLATED)
clkbuf_leaf_4_clk/X                       5     21    -16 (VIOLATED)
clkbuf_leaf_20_clk/X                      5     20    -15 (VIOLATED)
clkbuf_leaf_11_clk/X                      5     19    -14 (VIOLATED)
clkbuf_leaf_14_clk/X                      5     19    -14 (VIOLATED)
clkbuf_leaf_6_clk/X                       5     18    -13 (VIOLATED)
clkbuf_leaf_1_clk/X                       5     17    -12 (VIOLATED)
clkbuf_leaf_5_clk/X                       5     17    -12 (VIOLATED)
clkbuf_leaf_18_clk/X                      5     16    -11 (VIOLATED)
clkbuf_leaf_3_clk/X                       5     12     -7 (VIOLATED)
clkbuf_1_0__f_clk/X                       5     11     -6 (VIOLATED)
clkbuf_1_1__f_clk/X                       5     11     -6 (VIOLATED)
clkbuf_leaf_2_clk/X                       5     11     -6 (VIOLATED)
clkbuf_leaf_15_clk/X                      5     10     -5 (VIOLATED)
clkbuf_leaf_9_clk/X                       5      9     -4 (VIOLATED)
fanout923/X                               5      8     -3 (VIOLATED)
_08804_/Y                                 5      7     -2 (VIOLATED)
clkbuf_leaf_10_clk/X                      5      7     -2 (VIOLATED)
fanout1203/X                              5      7     -2 (VIOLATED)
fanout912/X                               5      7     -2 (VIOLATED)
_08138_/Y                                 5      6        (VIOLATED)
fanout1033/X                              5      6        (VIOLATED)
fanout1099/X                              5      6        (VIOLATED)
fanout1116/X                              5      6        (VIOLATED)
fanout1154/X                              5      6        (VIOLATED)
fanout1811/X                              5      6        (VIOLATED)
fanout1840/X                              5      6        (VIOLATED)
fanout2591/X                              5      6        (VIOLATED)
fanout790/X                               5      6        (VIOLATED)
fanout916/X                               5      6        (VIOLATED)



===========================================================================
report_parasitic_annotation -report_unannotated
============================================================================
Found 20 unannotated drivers.
 clkload0/X
 clkload1/Y
 clkload10/X
 clkload11/Y
 clkload12/Y
 clkload13/Y
 clkload14/Y
 clkload15/Y
 clkload16/Y
 clkload17/X
 clkload18/Y
 clkload19/Y
 clkload2/Y
 clkload3/Y
 clkload4/Y
 clkload5/Y
 clkload6/Y
 clkload7/X
 clkload8/Y
 clkload9/Y
Found 0 partially unannotated drivers.

===========================================================================
max slew violation count 9
max fanout violation count 34
max cap violation count 0
============================================================================

===========================================================================
check_setup -verbose -unconstrained_endpoints -multiple_clock -no_clock -no_input_delay -loops -generated_clocks
===========================================================================
