Clock: clk
Sources: clk 
Generated: no
Virtual: yes
Propagated: no
Period: 8.000000

===========================================================================
report_clock_properties
============================================================================
Clock                   Period          Waveform
----------------------------------------------------
clk                   8.000000    0.000000  4.000000

===========================================================================
report_clock_latency
============================================================================
Clock clk
rise -> rise
    min     max
0.000000 0.000000 source latency
0.814413         network latency _14479_/CLK
        0.859355 network latency _14431_/CLK
---------------
0.814413 0.859355 latency
        0.044942 skew

fall -> fall
    min     max
0.000000 0.000000 source latency
0.688738         network latency _14479_/CLK
        0.722056 network latency _14431_/CLK
---------------
0.688738 0.722056 latency
        0.033318 skew



===========================================================================
report_clock_min_period
============================================================================
clk period_min = 9.64 fmax = 103.78
