
===========================================================================
report_checks -unconstrained
===========================================================================
======================= min_tt_025C_1v80 Corner ===================================

Startpoint: rst (input port clocked by clk)
Endpoint: _9217_ (recovery check against rising-edge clock clk)
Path Group: asynchronous
Path Type: max

Fanout         Cap        Slew       Delay        Time   Description
---------------------------------------------------------------------------------------------
                                  0.000000    0.000000   clock clk (rise edge)
                                  0.000000    0.000000   clock network delay (propagated)
                                  3.000000    3.000000 v input external delay
     2    0.003623    0.010542    0.005801    3.005800 v rst (in)
                                                         rst (net)
                      0.010542    0.000000    3.005800 v input67/A (sky130_fd_sc_hd__clkbuf_2)
     5    0.040697    0.155295    0.189578    3.195379 v input67/X (sky130_fd_sc_hd__clkbuf_2)
                                                         net67 (net)
                      0.155296    0.000313    3.195691 v fanout523/A (sky130_fd_sc_hd__buf_4)
    17    0.083183    0.110372    0.263003    3.458694 v fanout523/X (sky130_fd_sc_hd__buf_4)
                                                         net523 (net)
                      0.110372    0.000169    3.458863 v fanout518/A (sky130_fd_sc_hd__clkbuf_2)
    11    0.038416    0.146875    0.228010    3.686873 v fanout518/X (sky130_fd_sc_hd__clkbuf_2)
                                                         net518 (net)
                      0.146875    0.000071    3.686944 v fanout517/A (sky130_fd_sc_hd__clkbuf_4)
    15    0.050447    0.107704    0.252172    3.939115 v fanout517/X (sky130_fd_sc_hd__clkbuf_4)
                                                         net517 (net)
                      0.107704    0.000272    3.939387 v fanout516/A (sky130_fd_sc_hd__clkbuf_4)
     8    0.040144    0.089932    0.219849    4.159236 v fanout516/X (sky130_fd_sc_hd__clkbuf_4)
                                                         net516 (net)
                      0.089932    0.000135    4.159372 v fanout515/A (sky130_fd_sc_hd__buf_4)
    10    0.057882    0.082317    0.212773    4.372145 v fanout515/X (sky130_fd_sc_hd__buf_4)
                                                         net515 (net)
                      0.082373    0.001958    4.374104 v _8903_/A (sky130_fd_sc_hd__inv_2)
     1    0.004912    0.037198    0.062034    4.436138 ^ _8903_/Y (sky130_fd_sc_hd__inv_2)
                                                         _0127_ (net)
                      0.037198    0.000059    4.436196 ^ _9217_/RESET_B (sky130_fd_sc_hd__dfrtp_1)
                                              4.436196   data arrival time

                                 15.000000   15.000000   clock clk (rise edge)
                                  0.000000   15.000000   clock source latency
     2    0.049614    0.226616    0.160268   15.160268 ^ clk (in)
                                                         clk (net)
                      0.226837    0.000000   15.160268 ^ clkbuf_0_clk/A (sky130_fd_sc_hd__clkbuf_16)
     9    0.080781    0.098811    0.231466   15.391734 ^ clkbuf_0_clk/X (sky130_fd_sc_hd__clkbuf_16)
                                                         clknet_0_clk (net)
                      0.098940    0.003167   15.394902 ^ clkbuf_2_1__f_clk/A (sky130_fd_sc_hd__clkbuf_16)
    17    0.099134    0.114870    0.204320   15.599222 ^ clkbuf_2_1__f_clk/X (sky130_fd_sc_hd__clkbuf_16)
                                                         clknet_2_1__leaf_clk (net)
                      0.115192    0.004906   15.604128 ^ clkbuf_leaf_5_clk/A (sky130_fd_sc_hd__clkbuf_8)
    12    0.043356    0.087254    0.186839   15.790967 ^ clkbuf_leaf_5_clk/X (sky130_fd_sc_hd__clkbuf_8)
                                                         clknet_leaf_5_clk (net)
                      0.087254    0.000224   15.791191 ^ _9217_/CLK (sky130_fd_sc_hd__dfrtp_1)
                                 -0.250000   15.541192   clock uncertainty
                                  0.000000   15.541192   clock reconvergence pessimism
                                  0.245293   15.786486   library recovery time
                                             15.786486   data required time
---------------------------------------------------------------------------------------------
                                             15.786486   data required time
                                             -4.436196   data arrival time
---------------------------------------------------------------------------------------------
                                             11.350289   slack (MET)


Startpoint: _9326_ (rising edge-triggered flip-flop clocked by clk)
Endpoint: _9426_ (rising edge-triggered flip-flop clocked by clk)
Path Group: clk
Path Type: max

Fanout         Cap        Slew       Delay        Time   Description
---------------------------------------------------------------------------------------------
                                  0.000000    0.000000   clock clk (rise edge)
                                  0.000000    0.000000   clock source latency
     2    0.049614    0.226616    0.160267    0.160267 ^ clk (in)
                                                         clk (net)
                      0.226837    0.000000    0.160267 ^ clkbuf_0_clk/A (sky130_fd_sc_hd__clkbuf_16)
     9    0.080781    0.098811    0.231468    0.391735 ^ clkbuf_0_clk/X (sky130_fd_sc_hd__clkbuf_16)
                                                         clknet_0_clk (net)
                      0.098899    0.002683    0.394418 ^ clkbuf_2_0__f_clk/A (sky130_fd_sc_hd__clkbuf_16)
    15    0.095866    0.112403    0.200406    0.594824 ^ clkbuf_2_0__f_clk/X (sky130_fd_sc_hd__clkbuf_16)
                                                         clknet_2_0__leaf_clk (net)
                      0.113179    0.007473    0.602297 ^ clkbuf_leaf_0_clk/A (sky130_fd_sc_hd__clkbuf_8)
    16    0.048906    0.096039    0.192784    0.795080 ^ clkbuf_leaf_0_clk/X (sky130_fd_sc_hd__clkbuf_8)
                                                         clknet_leaf_0_clk (net)
                      0.096039    0.000331    0.795411 ^ _9326_/CLK (sky130_fd_sc_hd__dfrtp_2)
     5    0.035643    0.179777    0.472291    1.267703 ^ _9326_/Q (sky130_fd_sc_hd__dfrtp_2)
                                                         adder_inst.man_b_r[4] (net)
                      0.179802    0.002165    1.269868 ^ fanout316/A (sky130_fd_sc_hd__buf_2)
    11    0.054408    0.265251    0.306896    1.576764 ^ fanout316/X (sky130_fd_sc_hd__buf_2)
                                                         net316 (net)
                      0.265333    0.003887    1.580651 ^ fanout315/A (sky130_fd_sc_hd__buf_2)
    21    0.057949    0.282537    0.341325    1.921976 ^ fanout315/X (sky130_fd_sc_hd__buf_2)
                                                         net315 (net)
                      0.282537    0.000144    1.922119 ^ fanout314/A (sky130_fd_sc_hd__buf_2)
    10    0.038304    0.189497    0.282812    2.204932 ^ fanout314/X (sky130_fd_sc_hd__buf_2)
                                                         net314 (net)
                      0.189510    0.001695    2.206626 ^ _6271_/C (sky130_fd_sc_hd__and4_1)
     2    0.006692    0.088824    0.241149    2.447775 ^ _6271_/X (sky130_fd_sc_hd__and4_1)
                                                         _1901_ (net)
                      0.088824    0.000112    2.447887 ^ _6273_/A (sky130_fd_sc_hd__nor2_1)
     1    0.004902    0.059830    0.061720    2.509608 v _6273_/Y (sky130_fd_sc_hd__nor2_1)
                                                         _1903_ (net)
                      0.059830    0.000045    2.509653 v _6274_/B (sky130_fd_sc_hd__xnor2_1)
     3    0.010555    0.267373    0.249130    2.758782 ^ _6274_/Y (sky130_fd_sc_hd__xnor2_1)
                                                         _1904_ (net)
                      0.267373    0.000139    2.758921 ^ _6276_/A2 (sky130_fd_sc_hd__a21bo_1)
     2    0.014935    0.131971    0.221988    2.980910 ^ _6276_/X (sky130_fd_sc_hd__a21bo_1)
                                                         _1906_ (net)
                      0.131971    0.000251    2.981160 ^ _6279_/B1 (sky130_fd_sc_hd__a21o_1)
     3    0.017764    0.159118    0.187116    3.168277 ^ _6279_/X (sky130_fd_sc_hd__a21o_1)
                                                         _1909_ (net)
                      0.159118    0.000584    3.168860 ^ rebuffer15/A (sky130_fd_sc_hd__buf_2)
     1    0.005551    0.039867    0.139928    3.308788 ^ rebuffer15/X (sky130_fd_sc_hd__buf_2)
                                                         net564 (net)
                      0.039867    0.000052    3.308839 ^ _6378_/A2 (sky130_fd_sc_hd__a21oi_2)
     2    0.011200    0.066456    0.067081    3.375920 v _6378_/Y (sky130_fd_sc_hd__a21oi_2)
                                                         _2008_ (net)
                      0.066456    0.000084    3.376004 v _6380_/A1 (sky130_fd_sc_hd__o211a_1)
     3    0.009451    0.067660    0.260187    3.636191 v _6380_/X (sky130_fd_sc_hd__o211a_1)
                                                         _2010_ (net)
                      0.067660    0.000174    3.636366 v _6397_/A (sky130_fd_sc_hd__or4bb_4)
     2    0.014064    0.102291    0.571840    4.208205 v _6397_/X (sky130_fd_sc_hd__or4bb_4)
                                                         _2027_ (net)
                      0.102291    0.000110    4.208315 v _6474_/A2 (sky130_fd_sc_hd__a211oi_4)
     2    0.013034    0.237885    0.307224    4.515540 ^ _6474_/Y (sky130_fd_sc_hd__a211oi_4)
                                                         _2104_ (net)
                      0.237885    0.000171    4.515711 ^ _6480_/A (sky130_fd_sc_hd__nor3b_4)
     4    0.019895    0.078431    0.100928    4.616638 v _6480_/Y (sky130_fd_sc_hd__nor3b_4)
                                                         _2110_ (net)
                      0.078431    0.000161    4.616799 v rebuffer63/A (sky130_fd_sc_hd__clkbuf_1)
     1    0.004449    0.035291    0.110106    4.726905 v rebuffer63/X (sky130_fd_sc_hd__clkbuf_1)
                                                         net612 (net)
                      0.035291    0.000039    4.726944 v _6554_/C1 (sky130_fd_sc_hd__a211o_4)
     4    0.015559    0.067155    0.284903    5.011847 v _6554_/X (sky130_fd_sc_hd__a211o_4)
                                                         _2184_ (net)
                      0.067155    0.000034    5.011881 v _6556_/A (sky130_fd_sc_hd__and2_4)
     1    0.015894    0.043549    0.162111    5.173992 v _6556_/X (sky130_fd_sc_hd__and2_4)
                                                         _2186_ (net)
                      0.043549    0.000146    5.174138 v _6563_/B (sky130_fd_sc_hd__xnor2_4)
     3    0.011929    0.063206    0.129804    5.303942 v _6563_/Y (sky130_fd_sc_hd__xnor2_4)
                                                         _2193_ (net)
                      0.063210    0.000141    5.304083 v _6619_/A (sky130_fd_sc_hd__or4bb_4)
     3    0.021458    0.115498    0.589754    5.893836 v _6619_/X (sky130_fd_sc_hd__or4bb_4)
                                                         _2249_ (net)
                      0.115498    0.000743    5.894580 v _6620_/A1 (sky130_fd_sc_hd__o21bai_4)
     2    0.010893    0.126807    0.181742    6.076322 ^ _6620_/Y (sky130_fd_sc_hd__o21bai_4)
                                                         _2250_ (net)
                      0.126807    0.000223    6.076546 ^ _6622_/A1 (sky130_fd_sc_hd__a311oi_2)
     2    0.005968    0.100217    0.115667    6.192213 v _6622_/Y (sky130_fd_sc_hd__a311oi_2)
                                                         _2252_ (net)
                      0.100217    0.000067    6.192280 v _6623_/A1 (sky130_fd_sc_hd__o21a_1)
     1    0.004713    0.043643    0.209861    6.402141 v _6623_/X (sky130_fd_sc_hd__o21a_1)
                                                         _2253_ (net)
                      0.043643    0.000017    6.402158 v _6626_/A1 (sky130_fd_sc_hd__o21a_4)
     5    0.033461    0.069629    0.250754    6.652912 v _6626_/X (sky130_fd_sc_hd__o21a_4)
                                                         _2256_ (net)
                      0.069817    0.003165    6.656077 v _7399_/A2 (sky130_fd_sc_hd__o221a_4)
     4    0.017971    0.060387    0.290629    6.946706 v _7399_/X (sky130_fd_sc_hd__o221a_4)
                                                         _3029_ (net)
                      0.060387    0.000684    6.947391 v _7405_/A2 (sky130_fd_sc_hd__a21o_1)
     3    0.012492    0.072416    0.220080    7.167471 v _7405_/X (sky130_fd_sc_hd__a21o_1)
                                                         _3035_ (net)
                      0.072417    0.000406    7.167877 v _7496_/A1 (sky130_fd_sc_hd__a211o_1)
     2    0.007420    0.069746    0.287369    7.455245 v _7496_/X (sky130_fd_sc_hd__a211o_1)
                                                         _3126_ (net)
                      0.069746    0.000160    7.455405 v _7518_/A2 (sky130_fd_sc_hd__a2111o_1)
     4    0.014915    0.116417    0.482614    7.938019 v _7518_/X (sky130_fd_sc_hd__a2111o_1)
                                                         _3148_ (net)
                      0.116417    0.000161    7.938180 v _7521_/A2 (sky130_fd_sc_hd__a21o_4)
     5    0.024643    0.057685    0.270617    8.208797 v _7521_/X (sky130_fd_sc_hd__a21o_4)
                                                         _3151_ (net)
                      0.057686    0.000339    8.209137 v _7522_/C (sky130_fd_sc_hd__nand3_4)
     9    0.046254    0.167650    0.162027    8.371163 ^ _7522_/Y (sky130_fd_sc_hd__nand3_4)
                                                         _3152_ (net)
                      0.167651    0.000414    8.371577 ^ fanout113/A (sky130_fd_sc_hd__buf_8)
    13    0.052049    0.091975    0.169537    8.541115 ^ fanout113/X (sky130_fd_sc_hd__buf_8)
                                                         net113 (net)
                      0.091977    0.000323    8.541438 ^ fanout112/A (sky130_fd_sc_hd__buf_8)
     6    0.028709    0.057673    0.124682    8.666121 ^ fanout112/X (sky130_fd_sc_hd__buf_8)
                                                         net112 (net)
                      0.057673    0.000233    8.666353 ^ fanout111/A (sky130_fd_sc_hd__buf_8)
     6    0.029757    0.059016    0.115056    8.781409 ^ fanout111/X (sky130_fd_sc_hd__buf_8)
                                                         net111 (net)
                      0.059024    0.000685    8.782094 ^ fanout110/A (sky130_fd_sc_hd__buf_8)
     5    0.020089    0.044848    0.104455    8.886550 ^ fanout110/X (sky130_fd_sc_hd__buf_8)
                                                         net110 (net)
                      0.044848    0.000187    8.886737 ^ _7563_/A2 (sky130_fd_sc_hd__o211a_1)
     2    0.005521    0.065059    0.144012    9.030749 ^ _7563_/X (sky130_fd_sc_hd__o211a_1)
                                                         _3193_ (net)
                      0.065059    0.000044    9.030792 ^ _7569_/D_N (sky130_fd_sc_hd__nor4b_4)
     2    0.010057    0.252835    0.239371    9.270164 ^ _7569_/Y (sky130_fd_sc_hd__nor4b_4)
                                                         _3199_ (net)
                      0.252835    0.000215    9.270378 ^ max_cap109/A (sky130_fd_sc_hd__buf_6)
     2    0.012285    0.040430    0.147224    9.417603 ^ max_cap109/X (sky130_fd_sc_hd__buf_6)
                                                         net109 (net)
                      0.040430    0.000075    9.417679 ^ _7574_/A (sky130_fd_sc_hd__nand2_4)
     4    0.011003    0.044137    0.045201    9.462879 v _7574_/Y (sky130_fd_sc_hd__nand2_4)
                                                         _3204_ (net)
                      0.044137    0.000115    9.462996 v _8819_/B (sky130_fd_sc_hd__or3_4)
     4    0.018507    0.089207    0.399264    9.862259 v _8819_/X (sky130_fd_sc_hd__or3_4)
                                                         _4317_ (net)
                      0.089207    0.000201    9.862459 v _8824_/B (sky130_fd_sc_hd__nor3_4)
     2    0.008124    0.154004    0.192925   10.055385 ^ _8824_/Y (sky130_fd_sc_hd__nor3_4)
                                                         _4320_ (net)
                      0.154004    0.000078   10.055463 ^ max_cap102/A (sky130_fd_sc_hd__buf_6)
     4    0.010451    0.035354    0.123639   10.179101 ^ max_cap102/X (sky130_fd_sc_hd__buf_6)
                                                         net102 (net)
                      0.035355    0.000116   10.179217 ^ _8831_/D_N (sky130_fd_sc_hd__or4b_4)
     2    0.006815    0.088684    0.454963   10.634181 v _8831_/X (sky130_fd_sc_hd__or4b_4)
                                                         _4324_ (net)
                      0.088684    0.000036   10.634216 v _8832_/B (sky130_fd_sc_hd__and3_1)
     1    0.002552    0.035453    0.176013   10.810229 v _8832_/X (sky130_fd_sc_hd__and3_1)
                                                         multiplier_inst.man_final[14] (net)
                      0.035453    0.000024   10.810253 v _9426_/D (sky130_fd_sc_hd__dfrtp_1)
                                             10.810253   data arrival time

                                 15.000000   15.000000   clock clk (rise edge)
                                  0.000000   15.000000   clock source latency
     2    0.049614    0.226616    0.160268   15.160268 ^ clk (in)
                                                         clk (net)
                      0.226837    0.000000   15.160268 ^ clkbuf_0_clk/A (sky130_fd_sc_hd__clkbuf_16)
     9    0.080781    0.098811    0.231466   15.391734 ^ clkbuf_0_clk/X (sky130_fd_sc_hd__clkbuf_16)
                                                         clknet_0_clk (net)
                      0.098886    0.002498   15.394232 ^ clkbuf_2_2__f_clk/A (sky130_fd_sc_hd__clkbuf_16)
    19    0.094631    0.111191    0.200076   15.594309 ^ clkbuf_2_2__f_clk/X (sky130_fd_sc_hd__clkbuf_16)
                                                         clknet_2_2__leaf_clk (net)
                      0.111465    0.004476   15.598785 ^ clkbuf_leaf_27_clk/A (sky130_fd_sc_hd__clkbuf_8)
    17    0.053893    0.103974    0.198137   15.796922 ^ clkbuf_leaf_27_clk/X (sky130_fd_sc_hd__clkbuf_8)
                                                         clknet_leaf_27_clk (net)
                      0.103980    0.000931   15.797853 ^ _9426_/CLK (sky130_fd_sc_hd__dfrtp_1)
                                 -0.250000   15.547853   clock uncertainty
                                  0.000000   15.547853   clock reconvergence pessimism
                                 -0.096627   15.451226   library setup time
                                             15.451226   data required time
---------------------------------------------------------------------------------------------
                                             15.451226   data required time
                                            -10.810253   data arrival time
---------------------------------------------------------------------------------------------
                                              4.640973   slack (MET)




===========================================================================
report_checks --slack_max -0.01
============================================================================
======================= min_tt_025C_1v80 Corner ===================================

No paths found.


===========================================================================
 report_check_types -max_slew -max_cap -max_fanout -violators
============================================================================
======================= min_tt_025C_1v80 Corner ===================================

max slew

Pin                                        Limit        Slew       Slack
------------------------------------------------------------------------
_5807_/C                                0.750000    0.782217   -0.032217 (VIOLATED)
ANTENNA__5807__C/DIODE                  0.750000    0.782217   -0.032217 (VIOLATED)
ANTENNA__4829__B/DIODE                  0.750000    0.782198   -0.032198 (VIOLATED)
ANTENNA__4838__A2/DIODE                 0.750000    0.782198   -0.032198 (VIOLATED)
ANTENNA__4974__B1/DIODE                 0.750000    0.782198   -0.032198 (VIOLATED)
ANTENNA__5154__A2/DIODE                 0.750000    0.782198   -0.032198 (VIOLATED)
ANTENNA_clone60_X/DIODE                 0.750000    0.782198   -0.032198 (VIOLATED)
_4829_/B                                0.750000    0.782198   -0.032198 (VIOLATED)
_4838_/A2                               0.750000    0.782198   -0.032198 (VIOLATED)
_4974_/B1                               0.750000    0.782198   -0.032198 (VIOLATED)
_5154_/A2                               0.750000    0.782198   -0.032198 (VIOLATED)
clone60/X                               0.750000    0.782198   -0.032198 (VIOLATED)

max fanout

Pin                                   Limit Fanout  Slack
---------------------------------------------------------
clkbuf_2_3__f_clk/X                      10     23    -13 (VIOLATED)
_4587_/Y                                 10     21    -11 (VIOLATED)
_4599_/X                                 10     21    -11 (VIOLATED)
_7719_/Y                                 10     21    -11 (VIOLATED)
_9270_/Q                                 10     21    -11 (VIOLATED)
_9271_/Q                                 10     21    -11 (VIOLATED)
_9272_/Q                                 10     21    -11 (VIOLATED)
_9273_/Q                                 10     21    -11 (VIOLATED)
_9276_/Q                                 10     21    -11 (VIOLATED)
_9277_/Q                                 10     21    -11 (VIOLATED)
fanout156/X                              10     21    -11 (VIOLATED)
fanout162/X                              10     21    -11 (VIOLATED)
fanout166/X                              10     21    -11 (VIOLATED)
fanout168/X                              10     21    -11 (VIOLATED)
fanout171/X                              10     21    -11 (VIOLATED)
fanout173/X                              10     21    -11 (VIOLATED)
fanout180/X                              10     21    -11 (VIOLATED)
fanout185/X                              10     21    -11 (VIOLATED)
fanout186/X                              10     21    -11 (VIOLATED)
fanout187/X                              10     21    -11 (VIOLATED)
fanout191/X                              10     21    -11 (VIOLATED)
fanout200/X                              10     21    -11 (VIOLATED)
fanout203/X                              10     21    -11 (VIOLATED)
fanout205/X                              10     21    -11 (VIOLATED)
fanout207/X                              10     21    -11 (VIOLATED)
fanout209/X                              10     21    -11 (VIOLATED)
fanout212/X                              10     21    -11 (VIOLATED)
fanout214/X                              10     21    -11 (VIOLATED)
fanout216/X                              10     21    -11 (VIOLATED)
fanout219/X                              10     21    -11 (VIOLATED)
fanout220/X                              10     21    -11 (VIOLATED)
fanout222/X                              10     21    -11 (VIOLATED)
fanout225/X                              10     21    -11 (VIOLATED)
fanout227/X                              10     21    -11 (VIOLATED)
fanout229/X                              10     21    -11 (VIOLATED)
fanout231/X                              10     21    -11 (VIOLATED)
fanout233/X                              10     21    -11 (VIOLATED)
fanout235/X                              10     21    -11 (VIOLATED)
fanout237/X                              10     21    -11 (VIOLATED)
fanout238/X                              10     21    -11 (VIOLATED)
fanout239/X                              10     21    -11 (VIOLATED)
fanout241/X                              10     21    -11 (VIOLATED)
fanout242/X                              10     21    -11 (VIOLATED)
fanout243/X                              10     21    -11 (VIOLATED)
fanout244/X                              10     21    -11 (VIOLATED)
fanout245/X                              10     21    -11 (VIOLATED)
fanout247/X                              10     21    -11 (VIOLATED)
fanout248/X                              10     21    -11 (VIOLATED)
fanout249/X                              10     21    -11 (VIOLATED)
fanout250/X                              10     21    -11 (VIOLATED)
fanout251/X                              10     21    -11 (VIOLATED)
fanout253/X                              10     21    -11 (VIOLATED)
fanout255/X                              10     21    -11 (VIOLATED)
fanout256/X                              10     21    -11 (VIOLATED)
fanout259/X                              10     21    -11 (VIOLATED)
fanout261/X                              10     21    -11 (VIOLATED)
fanout262/X                              10     21    -11 (VIOLATED)
fanout263/X                              10     21    -11 (VIOLATED)
fanout265/X                              10     21    -11 (VIOLATED)
fanout266/X                              10     21    -11 (VIOLATED)
fanout268/X                              10     21    -11 (VIOLATED)
fanout269/X                              10     21    -11 (VIOLATED)
fanout271/X                              10     21    -11 (VIOLATED)
fanout273/X                              10     21    -11 (VIOLATED)
fanout274/X                              10     21    -11 (VIOLATED)
fanout276/X                              10     21    -11 (VIOLATED)
fanout278/X                              10     21    -11 (VIOLATED)
fanout279/X                              10     21    -11 (VIOLATED)
fanout280/X                              10     21    -11 (VIOLATED)
fanout283/X                              10     21    -11 (VIOLATED)
fanout285/X                              10     21    -11 (VIOLATED)
fanout286/X                              10     21    -11 (VIOLATED)
fanout287/X                              10     21    -11 (VIOLATED)
fanout289/X                              10     21    -11 (VIOLATED)
fanout290/X                              10     21    -11 (VIOLATED)
fanout292/X                              10     21    -11 (VIOLATED)
fanout293/X                              10     21    -11 (VIOLATED)
fanout297/X                              10     21    -11 (VIOLATED)
fanout299/X                              10     21    -11 (VIOLATED)
fanout300/X                              10     21    -11 (VIOLATED)
fanout301/X                              10     21    -11 (VIOLATED)
fanout302/X                              10     21    -11 (VIOLATED)
fanout303/X                              10     21    -11 (VIOLATED)
fanout305/X                              10     21    -11 (VIOLATED)
fanout308/X                              10     21    -11 (VIOLATED)
fanout310/X                              10     21    -11 (VIOLATED)
fanout311/X                              10     21    -11 (VIOLATED)
fanout315/X                              10     21    -11 (VIOLATED)
fanout317/X                              10     21    -11 (VIOLATED)
fanout318/X                              10     21    -11 (VIOLATED)
fanout321/X                              10     21    -11 (VIOLATED)
fanout324/X                              10     21    -11 (VIOLATED)
fanout326/X                              10     21    -11 (VIOLATED)
fanout341/X                              10     21    -11 (VIOLATED)
fanout342/X                              10     21    -11 (VIOLATED)
fanout345/X                              10     21    -11 (VIOLATED)
fanout347/X                              10     21    -11 (VIOLATED)
fanout349/X                              10     21    -11 (VIOLATED)
fanout351/X                              10     21    -11 (VIOLATED)
fanout353/X                              10     21    -11 (VIOLATED)
fanout355/X                              10     21    -11 (VIOLATED)
fanout356/X                              10     21    -11 (VIOLATED)
fanout357/X                              10     21    -11 (VIOLATED)
fanout359/X                              10     21    -11 (VIOLATED)
fanout360/X                              10     21    -11 (VIOLATED)
fanout362/X                              10     21    -11 (VIOLATED)
fanout365/X                              10     21    -11 (VIOLATED)
fanout367/X                              10     21    -11 (VIOLATED)
fanout368/X                              10     21    -11 (VIOLATED)
fanout371/X                              10     21    -11 (VIOLATED)
fanout373/X                              10     21    -11 (VIOLATED)
fanout374/X                              10     21    -11 (VIOLATED)
fanout377/X                              10     21    -11 (VIOLATED)
fanout380/X                              10     21    -11 (VIOLATED)
fanout383/X                              10     21    -11 (VIOLATED)
fanout386/X                              10     21    -11 (VIOLATED)
fanout392/X                              10     21    -11 (VIOLATED)
fanout395/X                              10     21    -11 (VIOLATED)
fanout397/X                              10     21    -11 (VIOLATED)
fanout398/X                              10     21    -11 (VIOLATED)
fanout399/X                              10     21    -11 (VIOLATED)
fanout400/X                              10     21    -11 (VIOLATED)
fanout403/X                              10     21    -11 (VIOLATED)
fanout406/X                              10     21    -11 (VIOLATED)
fanout407/X                              10     21    -11 (VIOLATED)
fanout410/X                              10     21    -11 (VIOLATED)
fanout412/X                              10     21    -11 (VIOLATED)
fanout414/X                              10     21    -11 (VIOLATED)
fanout416/X                              10     21    -11 (VIOLATED)
fanout418/X                              10     21    -11 (VIOLATED)
fanout420/X                              10     21    -11 (VIOLATED)
fanout422/X                              10     21    -11 (VIOLATED)
fanout424/X                              10     21    -11 (VIOLATED)
fanout426/X                              10     21    -11 (VIOLATED)
fanout428/X                              10     21    -11 (VIOLATED)
fanout430/X                              10     21    -11 (VIOLATED)
fanout432/X                              10     21    -11 (VIOLATED)
fanout433/X                              10     21    -11 (VIOLATED)
fanout436/X                              10     21    -11 (VIOLATED)
fanout437/X                              10     21    -11 (VIOLATED)
fanout439/X                              10     21    -11 (VIOLATED)
fanout442/X                              10     21    -11 (VIOLATED)
fanout444/X                              10     21    -11 (VIOLATED)
fanout445/X                              10     21    -11 (VIOLATED)
fanout446/X                              10     21    -11 (VIOLATED)
fanout447/X                              10     21    -11 (VIOLATED)
fanout450/X                              10     21    -11 (VIOLATED)
fanout451/X                              10     21    -11 (VIOLATED)
fanout455/X                              10     21    -11 (VIOLATED)
fanout458/X                              10     21    -11 (VIOLATED)
fanout461/X                              10     21    -11 (VIOLATED)
fanout464/X                              10     21    -11 (VIOLATED)
fanout465/X                              10     21    -11 (VIOLATED)
fanout467/X                              10     21    -11 (VIOLATED)
fanout470/X                              10     21    -11 (VIOLATED)
fanout472/X                              10     21    -11 (VIOLATED)
fanout474/X                              10     21    -11 (VIOLATED)
fanout475/X                              10     21    -11 (VIOLATED)
fanout477/X                              10     21    -11 (VIOLATED)
fanout479/X                              10     21    -11 (VIOLATED)
fanout480/X                              10     21    -11 (VIOLATED)
fanout491/X                              10     21    -11 (VIOLATED)
fanout501/X                              10     21    -11 (VIOLATED)
fanout503/X                              10     21    -11 (VIOLATED)
fanout505/X                              10     21    -11 (VIOLATED)
_8757_/X                                 10     19     -9 (VIOLATED)
_9274_/Q                                 10     19     -9 (VIOLATED)
_9275_/Q                                 10     19     -9 (VIOLATED)
_9279_/Q                                 10     19     -9 (VIOLATED)
clkbuf_2_2__f_clk/X                      10     19     -9 (VIOLATED)
clkbuf_leaf_28_clk/X                     10     19     -9 (VIOLATED)
clkbuf_leaf_31_clk/X                     10     19     -9 (VIOLATED)
fanout155/X                              10     19     -9 (VIOLATED)
fanout164/X                              10     19     -9 (VIOLATED)
fanout199/X                              10     19     -9 (VIOLATED)
fanout232/X                              10     19     -9 (VIOLATED)
fanout260/X                              10     19     -9 (VIOLATED)
fanout267/X                              10     19     -9 (VIOLATED)
fanout402/X                              10     19     -9 (VIOLATED)
fanout413/X                              10     19     -9 (VIOLATED)
fanout448/X                              10     19     -9 (VIOLATED)
fanout454/X                              10     19     -9 (VIOLATED)
fanout460/X                              10     19     -9 (VIOLATED)
fanout462/X                              10     19     -9 (VIOLATED)
fanout506/X                              10     19     -9 (VIOLATED)
fanout542/X                              10     19     -9 (VIOLATED)
clkbuf_leaf_4_clk/X                      10     18     -8 (VIOLATED)
clkbuf_2_1__f_clk/X                      10     17     -7 (VIOLATED)
clkbuf_leaf_13_clk/X                     10     17     -7 (VIOLATED)
clkbuf_leaf_27_clk/X                     10     17     -7 (VIOLATED)
fanout175/X                              10     17     -7 (VIOLATED)
fanout202/X                              10     17     -7 (VIOLATED)
fanout206/X                              10     17     -7 (VIOLATED)
fanout284/X                              10     17     -7 (VIOLATED)
fanout307/X                              10     17     -7 (VIOLATED)
fanout330/X                              10     17     -7 (VIOLATED)
fanout348/X                              10     17     -7 (VIOLATED)
fanout378/X                              10     17     -7 (VIOLATED)
fanout384/X                              10     17     -7 (VIOLATED)
fanout385/X                              10     17     -7 (VIOLATED)
fanout387/X                              10     17     -7 (VIOLATED)
fanout394/X                              10     17     -7 (VIOLATED)
fanout423/X                              10     17     -7 (VIOLATED)
fanout434/X                              10     17     -7 (VIOLATED)
fanout449/X                              10     17     -7 (VIOLATED)
fanout453/X                              10     17     -7 (VIOLATED)
fanout456/X                              10     17     -7 (VIOLATED)
fanout468/X                              10     17     -7 (VIOLATED)
fanout523/X                              10     17     -7 (VIOLATED)
rebuffer24/X                             10     17     -7 (VIOLATED)
clkbuf_leaf_0_clk/X                      10     16     -6 (VIOLATED)
clkbuf_leaf_16_clk/X                     10     16     -6 (VIOLATED)
clkbuf_leaf_9_clk/X                      10     16     -6 (VIOLATED)
_7829_/Y                                 10     15     -5 (VIOLATED)
_9286_/Q                                 10     15     -5 (VIOLATED)
clkbuf_2_0__f_clk/X                      10     15     -5 (VIOLATED)
clkbuf_leaf_17_clk/X                     10     15     -5 (VIOLATED)
clkbuf_leaf_3_clk/X                      10     15     -5 (VIOLATED)
fanout104/X                              10     15     -5 (VIOLATED)
fanout108/X                              10     15     -5 (VIOLATED)
fanout210/X                              10     15     -5 (VIOLATED)
fanout213/X                              10     15     -5 (VIOLATED)
fanout215/X                              10     15     -5 (VIOLATED)
fanout217/X                              10     15     -5 (VIOLATED)
fanout226/X                              10     15     -5 (VIOLATED)
fanout240/X                              10     15     -5 (VIOLATED)
fanout246/X                              10     15     -5 (VIOLATED)
fanout258/X                              10     15     -5 (VIOLATED)
fanout288/X                              10     15     -5 (VIOLATED)
fanout294/X                              10     15     -5 (VIOLATED)
fanout333/X                              10     15     -5 (VIOLATED)
fanout346/X                              10     15     -5 (VIOLATED)
fanout354/X                              10     15     -5 (VIOLATED)
fanout358/X                              10     15     -5 (VIOLATED)
fanout361/X                              10     15     -5 (VIOLATED)
fanout396/X                              10     15     -5 (VIOLATED)
fanout409/X                              10     15     -5 (VIOLATED)
fanout425/X                              10     15     -5 (VIOLATED)
fanout427/X                              10     15     -5 (VIOLATED)
fanout429/X                              10     15     -5 (VIOLATED)
fanout431/X                              10     15     -5 (VIOLATED)
fanout438/X                              10     15     -5 (VIOLATED)
fanout459/X                              10     15     -5 (VIOLATED)
fanout466/X                              10     15     -5 (VIOLATED)
fanout489/X                              10     15     -5 (VIOLATED)
fanout517/X                              10     15     -5 (VIOLATED)
clkbuf_leaf_14_clk/X                     10     13     -3 (VIOLATED)
clkbuf_leaf_24_clk/X                     10     13     -3 (VIOLATED)
fanout113/X                              10     13     -3 (VIOLATED)
fanout161/X                              10     13     -3 (VIOLATED)
fanout201/X                              10     13     -3 (VIOLATED)
fanout211/X                              10     13     -3 (VIOLATED)
fanout252/X                              10     13     -3 (VIOLATED)
fanout254/X                              10     13     -3 (VIOLATED)
fanout270/X                              10     13     -3 (VIOLATED)
fanout277/X                              10     13     -3 (VIOLATED)
fanout281/X                              10     13     -3 (VIOLATED)
fanout295/X                              10     13     -3 (VIOLATED)
fanout304/X                              10     13     -3 (VIOLATED)
fanout322/X                              10     13     -3 (VIOLATED)
fanout337/X                              10     13     -3 (VIOLATED)
fanout343/X                              10     13     -3 (VIOLATED)
fanout363/X                              10     13     -3 (VIOLATED)
fanout364/X                              10     13     -3 (VIOLATED)
fanout369/X                              10     13     -3 (VIOLATED)
fanout370/X                              10     13     -3 (VIOLATED)
fanout376/X                              10     13     -3 (VIOLATED)
fanout382/X                              10     13     -3 (VIOLATED)
fanout388/X                              10     13     -3 (VIOLATED)
fanout391/X                              10     13     -3 (VIOLATED)
fanout408/X                              10     13     -3 (VIOLATED)
fanout417/X                              10     13     -3 (VIOLATED)
fanout435/X                              10     13     -3 (VIOLATED)
fanout457/X                              10     13     -3 (VIOLATED)
fanout463/X                              10     13     -3 (VIOLATED)
fanout469/X                              10     13     -3 (VIOLATED)
fanout486/X                              10     13     -3 (VIOLATED)
fanout494/X                              10     13     -3 (VIOLATED)
fanout534/X                              10     13     -3 (VIOLATED)
clkbuf_leaf_22_clk/X                     10     12     -2 (VIOLATED)
clkbuf_leaf_25_clk/X                     10     12     -2 (VIOLATED)
clkbuf_leaf_5_clk/X                      10     12     -2 (VIOLATED)
clkbuf_leaf_8_clk/X                      10     12     -2 (VIOLATED)
_5405_/X                                 10     11        (VIOLATED)
_5451_/X                                 10     11        (VIOLATED)
_7640_/Y                                 10     11        (VIOLATED)
_8542_/Y                                 10     11        (VIOLATED)
_9346_/Q                                 10     11        (VIOLATED)
_9396_/Q                                 10     11        (VIOLATED)
_9410_/Q                                 10     11        (VIOLATED)
clkbuf_leaf_15_clk/X                     10     11        (VIOLATED)
clkbuf_leaf_20_clk/X                     10     11        (VIOLATED)
clone60/X                                10     11        (VIOLATED)
clone81/X                                10     11        (VIOLATED)
clone92/X                                10     11        (VIOLATED)
fanout142/X                              10     11        (VIOLATED)
fanout178/X                              10     11        (VIOLATED)
fanout204/X                              10     11        (VIOLATED)
fanout208/X                              10     11        (VIOLATED)
fanout218/X                              10     11        (VIOLATED)
fanout221/X                              10     11        (VIOLATED)
fanout224/X                              10     11        (VIOLATED)
fanout230/X                              10     11        (VIOLATED)
fanout236/X                              10     11        (VIOLATED)
fanout264/X                              10     11        (VIOLATED)
fanout272/X                              10     11        (VIOLATED)
fanout275/X                              10     11        (VIOLATED)
fanout282/X                              10     11        (VIOLATED)
fanout291/X                              10     11        (VIOLATED)
fanout298/X                              10     11        (VIOLATED)
fanout309/X                              10     11        (VIOLATED)
fanout313/X                              10     11        (VIOLATED)
fanout316/X                              10     11        (VIOLATED)
fanout323/X                              10     11        (VIOLATED)
fanout327/X                              10     11        (VIOLATED)
fanout340/X                              10     11        (VIOLATED)
fanout344/X                              10     11        (VIOLATED)
fanout352/X                              10     11        (VIOLATED)
fanout375/X                              10     11        (VIOLATED)
fanout381/X                              10     11        (VIOLATED)
fanout389/X                              10     11        (VIOLATED)
fanout404/X                              10     11        (VIOLATED)
fanout405/X                              10     11        (VIOLATED)
fanout411/X                              10     11        (VIOLATED)
fanout415/X                              10     11        (VIOLATED)
fanout421/X                              10     11        (VIOLATED)
fanout441/X                              10     11        (VIOLATED)
fanout476/X                              10     11        (VIOLATED)
fanout481/X                              10     11        (VIOLATED)
fanout482/X                              10     11        (VIOLATED)
fanout484/X                              10     11        (VIOLATED)
fanout518/X                              10     11        (VIOLATED)
fanout539/X                              10     11        (VIOLATED)
fanout548/X                              10     11        (VIOLATED)
fanout549/X                              10     11        (VIOLATED)
rebuffer6/X                              10     11        (VIOLATED)



===========================================================================
report_parasitic_annotation -report_unannotated
============================================================================
Found 29 unannotated drivers.
 clkload0/Y
 clkload1/Y
 clkload10/Y
 clkload11/Y
 clkload12/Y
 clkload13/Y
 clkload14/Y
 clkload15/Y
 clkload16/Y
 clkload17/Y
 clkload18/Y
 clkload19/Y
 clkload2/Y
 clkload20/Y
 clkload21/Y
 clkload22/X
 clkload23/Y
 clkload24/Y
 clkload25/Y
 clkload26/Y
 clkload27/Y
 clkload28/Y
 clkload3/Y
 clkload4/Y
 clkload5/Y
 clkload6/X
 clkload7/Y
 clkload8/Y
 clkload9/Y
Found 0 partially unannotated drivers.

===========================================================================
max slew violation count 12
max fanout violation count 336
max cap violation count 0
============================================================================

===========================================================================
check_setup -verbose -unconstrained_endpoints -multiple_clock -no_clock -no_input_delay -loops -generated_clocks
===========================================================================
