Clock: clk
Sources: clk 
Generated: no
Virtual: yes
Propagated: no
Period: 15.000000

===========================================================================
report_clock_properties
============================================================================
Clock                   Period          Waveform
----------------------------------------------------
clk                  15.000000    0.000000  7.500000

===========================================================================
report_clock_latency
============================================================================
Clock clk
rise -> rise
    min     max
0.000000 0.000000 source latency
0.598864         network latency _9296_/CLK
        0.815827 network latency _9321_/CLK
---------------
0.598864 0.815827 latency
        0.216963 skew

fall -> fall
    min     max
0.000000 0.000000 source latency
0.490505         network latency _9296_/CLK
        0.691490 network latency _9321_/CLK
---------------
0.490505 0.691490 latency
        0.200985 skew



===========================================================================
report_clock_min_period
============================================================================
clk period_min = 10.36 fmax = 96.53
