Clock: clk
Sources: clk 
Generated: no
Virtual: yes
Propagated: no
Period: 25.000000

===========================================================================
report_clock_properties
============================================================================
Clock                   Period          Waveform
----------------------------------------------------
clk                  25.000000    0.000000 12.500000

===========================================================================
report_clock_latency
============================================================================
Clock clk
rise -> rise
    min     max
0.000000 0.000000 source latency
0.409385         network latency _15928_/CLK
        0.572685 network latency _15987_/CLK
---------------
0.409385 0.572685 latency
        0.163300 skew

fall -> fall
    min     max
0.000000 0.000000 source latency
0.335045         network latency _15928_/CLK
        0.488388 network latency _15987_/CLK
---------------
0.335045 0.488388 latency
        0.153343 skew



===========================================================================
report_clock_min_period
============================================================================
clk period_min = 5.77 fmax = 173.46
