Clock: clk
Sources: clk 
Generated: no
Virtual: yes
Propagated: no
Period: 20.000000

===========================================================================
report_clock_properties
============================================================================
Clock                   Period          Waveform
----------------------------------------------------
clk                  20.000000    0.000000 10.000000

===========================================================================
report_clock_latency
============================================================================
Clock clk
rise -> rise
    min     max
0.000000 0.000000 source latency
2.352253         network latency _9208_/CLK
        2.410879 network latency _9445_/CLK
---------------
2.352253 2.410879 latency
        0.058625 skew

fall -> fall
    min     max
0.000000 0.000000 source latency
1.157675         network latency _9208_/CLK
        1.212572 network latency _9445_/CLK
---------------
1.157675 1.212572 latency
        0.054897 skew



===========================================================================
report_clock_min_period
============================================================================
clk period_min = 11.47 fmax = 87.19
