Clock: clk
Sources: clk 
Generated: no
Virtual: yes
Propagated: no
Period: 15.000000

===========================================================================
report_clock_properties
============================================================================
Clock                   Period          Waveform
----------------------------------------------------
clk                  15.000000    0.000000  7.500000

===========================================================================
report_clock_latency
============================================================================
Clock clk
rise -> rise
    min     max
0.000000 0.000000 source latency
0.435061         network latency _9296_/CLK
        0.589389 network latency _9321_/CLK
---------------
0.435061 0.589389 latency
        0.154329 skew

fall -> fall
    min     max
0.000000 0.000000 source latency
0.352014         network latency _9296_/CLK
        0.495840 network latency _9321_/CLK
---------------
0.352014 0.495840 latency
        0.143825 skew



===========================================================================
report_clock_min_period
============================================================================
clk period_min = 6.74 fmax = 148.31
