
===========================================================================
report_checks -unconstrained
===========================================================================
======================= nom_ff_n40C_1v95 Corner ===================================

Startpoint: rst (input port clocked by clk)
Endpoint: _14488_ (recovery check against rising-edge clock clk)
Path Group: asynchronous
Path Type: max

Fanout         Cap        Slew       Delay        Time   Description
---------------------------------------------------------------------------------------------
                                  0.000000    0.000000   clock clk (rise edge)
                                  0.000000    0.000000   clock network delay (propagated)
                                  1.600000    1.600000 v input external delay
     1    0.002705    0.004581    0.002193    1.602193 v rst (in)
                                                         rst (net)
                      0.004582    0.000000    1.602193 v input67/A (sky130_fd_sc_hd__buf_1)
     1    0.009654    0.042536    0.068012    1.670206 v input67/X (sky130_fd_sc_hd__buf_1)
                                                         net67 (net)
                      0.042543    0.000536    1.670741 v fanout2918/A (sky130_fd_sc_hd__clkbuf_2)
     2    0.039395    0.105344    0.138384    1.809125 v fanout2918/X (sky130_fd_sc_hd__clkbuf_2)
                                                         net2918 (net)
                      0.105352    0.000832    1.809957 v fanout2849/A (sky130_fd_sc_hd__dlymetal6s2s_1)
     2    0.021191    0.080411    0.162384    1.972341 v fanout2849/X (sky130_fd_sc_hd__dlymetal6s2s_1)
                                                         net2849 (net)
                      0.080451    0.001668    1.974009 v fanout2848/A (sky130_fd_sc_hd__buf_1)
     2    0.032048    0.127192    0.160475    2.134485 v fanout2848/X (sky130_fd_sc_hd__buf_1)
                                                         net2848 (net)
                      0.127202    0.001146    2.135631 v fanout2847/A (sky130_fd_sc_hd__buf_1)
     2    0.019497    0.080222    0.141538    2.277169 v fanout2847/X (sky130_fd_sc_hd__buf_1)
                                                         net2847 (net)
                      0.080227    0.000631    2.277799 v fanout2846/A (sky130_fd_sc_hd__dlymetal6s2s_1)
     2    0.014721    0.060854    0.136681    2.414480 v fanout2846/X (sky130_fd_sc_hd__dlymetal6s2s_1)
                                                         net2846 (net)
                      0.060855    0.000347    2.414827 v fanout2845/A (sky130_fd_sc_hd__clkbuf_1)
     2    0.009191    0.041247    0.088607    2.503434 v fanout2845/X (sky130_fd_sc_hd__clkbuf_1)
                                                         net2845 (net)
                      0.041248    0.000218    2.503652 v fanout2839/A (sky130_fd_sc_hd__clkbuf_1)
     3    0.015500    0.064651    0.099063    2.602715 v fanout2839/X (sky130_fd_sc_hd__clkbuf_1)
                                                         net2839 (net)
                      0.064652    0.000367    2.603082 v fanout2838/A (sky130_fd_sc_hd__dlymetal6s2s_1)
     4    0.017649    0.069435    0.137642    2.740724 v fanout2838/X (sky130_fd_sc_hd__dlymetal6s2s_1)
                                                         net2838 (net)
                      0.069440    0.000631    2.741355 v fanout2837/A (sky130_fd_sc_hd__clkbuf_2)
     5    0.029145    0.079259    0.133371    2.874726 v fanout2837/X (sky130_fd_sc_hd__clkbuf_2)
                                                         net2837 (net)
                      0.079263    0.000665    2.875391 v _14174_/A (sky130_fd_sc_hd__inv_2)
     1    0.006050    0.034591    0.052806    2.928198 ^ _14174_/Y (sky130_fd_sc_hd__inv_2)
                                                         _00310_ (net)
                      0.034591    0.000179    2.928377 ^ _14488_/RESET_B (sky130_fd_sc_hd__dfrtp_2)
                                              2.928377   data arrival time

                                  8.000000    8.000000   clock clk (rise edge)
                                  0.000000    8.000000   clock source latency
     1    0.052219    0.178635    0.125828    8.125828 ^ clk (in)
                                                         clk (net)
                      0.178775    0.000000    8.125828 ^ clkbuf_0_clk/A (sky130_fd_sc_hd__clkbuf_16)
     2    0.062242    0.063088    0.141081    8.266910 ^ clkbuf_0_clk/X (sky130_fd_sc_hd__clkbuf_16)
                                                         clknet_0_clk (net)
                      0.063314    0.002646    8.269555 ^ clkbuf_1_0__f_clk/A (sky130_fd_sc_hd__clkbuf_16)
    11    0.138852    0.116873    0.157892    8.427447 ^ clkbuf_1_0__f_clk/X (sky130_fd_sc_hd__clkbuf_16)
                                                         clknet_1_0__leaf_clk (net)
                      0.117154    0.004619    8.432066 ^ clkbuf_leaf_11_clk/A (sky130_fd_sc_hd__clkbuf_8)
    19    0.071939    0.100541    0.158097    8.590162 ^ clkbuf_leaf_11_clk/X (sky130_fd_sc_hd__clkbuf_8)
                                                         clknet_leaf_11_clk (net)
                      0.100631    0.001882    8.592045 ^ _14488_/CLK (sky130_fd_sc_hd__dfrtp_2)
                                 -0.250000    8.342045   clock uncertainty
                                  0.000000    8.342045   clock reconvergence pessimism
                                  0.143371    8.485415   library recovery time
                                              8.485415   data required time
---------------------------------------------------------------------------------------------
                                              8.485415   data required time
                                             -2.928377   data arrival time
---------------------------------------------------------------------------------------------
                                              5.557038   slack (MET)


Startpoint: _14415_ (rising edge-triggered flip-flop clocked by clk)
Endpoint: _14499_ (rising edge-triggered flip-flop clocked by clk)
Path Group: clk
Path Type: max

Fanout         Cap        Slew       Delay        Time   Description
---------------------------------------------------------------------------------------------
                                  0.000000    0.000000   clock clk (rise edge)
                                  0.000000    0.000000   clock source latency
     1    0.052219    0.178635    0.125828    0.125828 ^ clk (in)
                                                         clk (net)
                      0.178775    0.000000    0.125828 ^ clkbuf_0_clk/A (sky130_fd_sc_hd__clkbuf_16)
     2    0.062242    0.063088    0.141081    0.266909 ^ clkbuf_0_clk/X (sky130_fd_sc_hd__clkbuf_16)
                                                         clknet_0_clk (net)
                      0.063314    0.002646    0.269555 ^ clkbuf_1_0__f_clk/A (sky130_fd_sc_hd__clkbuf_16)
    11    0.138852    0.116873    0.157893    0.427448 ^ clkbuf_1_0__f_clk/X (sky130_fd_sc_hd__clkbuf_16)
                                                         clknet_1_0__leaf_clk (net)
                      0.117379    0.006152    0.433600 ^ clkbuf_leaf_17_clk/A (sky130_fd_sc_hd__clkbuf_8)
    25    0.075411    0.104772    0.160990    0.594590 ^ clkbuf_leaf_17_clk/X (sky130_fd_sc_hd__clkbuf_8)
                                                         clknet_leaf_17_clk (net)
                      0.104844    0.001439    0.596029 ^ _14415_/CLK (sky130_fd_sc_hd__dfrtp_1)
     2    0.038069    0.132768    0.341452    0.937481 v _14415_/Q (sky130_fd_sc_hd__dfrtp_1)
                                                         adder_inst.man_b_r[5] (net)
                      0.132785    0.001528    0.939009 v fanout1863/A (sky130_fd_sc_hd__buf_4)
     5    0.065961    0.066512    0.174326    1.113335 v fanout1863/X (sky130_fd_sc_hd__buf_4)
                                                         net1863 (net)
                      0.067514    0.006451    1.119786 v _07125_/A (sky130_fd_sc_hd__inv_2)
     1    0.027587    0.098785    0.099947    1.219733 ^ _07125_/Y (sky130_fd_sc_hd__inv_2)
                                                         _06897_ (net)
                      0.098904    0.002798    1.222531 ^ fanout1160/A (sky130_fd_sc_hd__clkbuf_2)
     3    0.105563    0.435669    0.355890    1.578421 ^ fanout1160/X (sky130_fd_sc_hd__clkbuf_2)
                                                         net1160 (net)
                      0.435804    0.006360    1.584781 ^ fanout1154/A (sky130_fd_sc_hd__buf_2)
     6    0.060894    0.223321    0.242589    1.827370 ^ fanout1154/X (sky130_fd_sc_hd__buf_2)
                                                         net1154 (net)
                      0.223547    0.005855    1.833225 ^ fanout1153/A (sky130_fd_sc_hd__clkbuf_2)
     5    0.050318    0.210313    0.220000    2.053224 ^ fanout1153/X (sky130_fd_sc_hd__clkbuf_2)
                                                         net1153 (net)
                      0.210387    0.003254    2.056478 ^ fanout1151/A (sky130_fd_sc_hd__clkbuf_2)
     5    0.033427    0.142383    0.173381    2.229859 ^ fanout1151/X (sky130_fd_sc_hd__clkbuf_2)
                                                         net1151 (net)
                      0.142391    0.000854    2.230713 ^ _09739_/A2 (sky130_fd_sc_hd__o211ai_1)
     2    0.012863    0.092129    0.099830    2.330543 v _09739_/Y (sky130_fd_sc_hd__o211ai_1)
                                                         _02825_ (net)
                      0.092132    0.000417    2.330961 v _09740_/B (sky130_fd_sc_hd__nand2_1)
     1    0.010132    0.081998    0.102256    2.433216 ^ _09740_/Y (sky130_fd_sc_hd__nand2_1)
                                                         _02826_ (net)
                      0.082035    0.000557    2.433773 ^ _09980_/B1 (sky130_fd_sc_hd__a21o_1)
     2    0.022002    0.147166    0.136343    2.570116 ^ _09980_/X (sky130_fd_sc_hd__a21o_1)
                                                         _03066_ (net)
                      0.147172    0.000783    2.570899 ^ _09981_/B1 (sky130_fd_sc_hd__o21ai_4)
     3    0.031349    0.068308    0.062153    2.633053 v _09981_/Y (sky130_fd_sc_hd__o21ai_4)
                                                         _03067_ (net)
                      0.068451    0.002575    2.635628 v _10005_/B2 (sky130_fd_sc_hd__o2bb2ai_4)
     1    0.011051    0.094565    0.105696    2.741324 ^ _10005_/Y (sky130_fd_sc_hd__o2bb2ai_4)
                                                         _03091_ (net)
                      0.094565    0.000418    2.741742 ^ _10011_/A (sky130_fd_sc_hd__nand3_4)
     2    0.010524    0.048616    0.048578    2.790320 v _10011_/Y (sky130_fd_sc_hd__nand3_4)
                                                         _03097_ (net)
                      0.048616    0.000286    2.790607 v fanout393/A (sky130_fd_sc_hd__buf_6)
     2    0.017076    0.023107    0.087481    2.878088 v fanout393/X (sky130_fd_sc_hd__buf_6)
                                                         net393 (net)
                      0.023134    0.000702    2.878790 v _10054_/A1 (sky130_fd_sc_hd__a21boi_4)
     1    0.010540    0.097169    0.098405    2.977195 ^ _10054_/Y (sky130_fd_sc_hd__a21boi_4)
                                                         _03140_ (net)
                      0.097169    0.000345    2.977540 ^ _10062_/C (sky130_fd_sc_hd__nand3_4)
     3    0.022867    0.076990    0.070141    3.047681 v _10062_/Y (sky130_fd_sc_hd__nand3_4)
                                                         _03148_ (net)
                      0.077010    0.001162    3.048843 v fanout325/A (sky130_fd_sc_hd__buf_6)
     2    0.009821    0.019094    0.094150    3.142994 v fanout325/X (sky130_fd_sc_hd__buf_6)
                                                         net325 (net)
                      0.019094    0.000289    3.143283 v fanout324/A (sky130_fd_sc_hd__buf_8)
     5    0.028991    0.027124    0.081139    3.224422 v fanout324/X (sky130_fd_sc_hd__buf_8)
                                                         net324 (net)
                      0.027157    0.000829    3.225250 v _10364_/A1 (sky130_fd_sc_hd__a21o_1)
     1    0.011198    0.047686    0.119021    3.344271 v _10364_/X (sky130_fd_sc_hd__a21o_1)
                                                         _03450_ (net)
                      0.047689    0.000427    3.344698 v _10367_/C1 (sky130_fd_sc_hd__o211ai_4)
     2    0.016520    0.154217    0.071405    3.416103 ^ _10367_/Y (sky130_fd_sc_hd__o211ai_4)
                                                         _03453_ (net)
                      0.154218    0.000913    3.417016 ^ rebuffer306/A (sky130_fd_sc_hd__buf_6)
     2    0.019746    0.039219    0.087666    3.504682 ^ rebuffer306/X (sky130_fd_sc_hd__buf_6)
                                                         net580 (net)
                      0.039226    0.000510    3.505192 ^ _10588_/A1_N (sky130_fd_sc_hd__o2bb2ai_4)
     3    0.024582    0.147910    0.103418    3.608610 ^ _10588_/Y (sky130_fd_sc_hd__o2bb2ai_4)
                                                         _03674_ (net)
                      0.147911    0.000723    3.609333 ^ _10595_/A (sky130_fd_sc_hd__nand3_4)
     4    0.027692    0.087204    0.085012    3.694345 v _10595_/Y (sky130_fd_sc_hd__nand3_4)
                                                         _03681_ (net)
                      0.087217    0.000793    3.695138 v rebuffer322/A (sky130_fd_sc_hd__buf_6)
     1    0.010025    0.019340    0.098674    3.793812 v rebuffer322/X (sky130_fd_sc_hd__buf_6)
                                                         net1140 (net)
                      0.019340    0.000373    3.794185 v _10802_/A2 (sky130_fd_sc_hd__a31oi_4)
     1    0.009395    0.117007    0.115157    3.909341 ^ _10802_/Y (sky130_fd_sc_hd__a31oi_4)
                                                         _03888_ (net)
                      0.117007    0.000289    3.909631 ^ _10806_/A1 (sky130_fd_sc_hd__a22oi_4)
     3    0.019739    0.060102    0.065732    3.975363 v _10806_/Y (sky130_fd_sc_hd__a22oi_4)
                                                         _03892_ (net)
                      0.060105    0.000776    3.976139 v rebuffer326/A (sky130_fd_sc_hd__buf_6)
     1    0.010683    0.019340    0.087478    4.063617 v rebuffer326/X (sky130_fd_sc_hd__buf_6)
                                                         net1146 (net)
                      0.019340    0.000432    4.064048 v _11727_/A4 (sky130_fd_sc_hd__a41oi_4)
     1    0.009758    0.143047    0.159699    4.223748 ^ _11727_/Y (sky130_fd_sc_hd__a41oi_4)
                                                         _04813_ (net)
                      0.143047    0.000216    4.223964 ^ _11728_/B1 (sky130_fd_sc_hd__o21ai_4)
     2    0.011427    0.042600    0.033793    4.257757 v _11728_/Y (sky130_fd_sc_hd__o21ai_4)
                                                         _04814_ (net)
                      0.042605    0.000331    4.258088 v _12230_/B1 (sky130_fd_sc_hd__a21oi_4)
     1    0.022258    0.147890    0.094008    4.352096 ^ _12230_/Y (sky130_fd_sc_hd__a21oi_4)
                                                         _05316_ (net)
                      0.147946    0.000839    4.352935 ^ wire165/A (sky130_fd_sc_hd__buf_8)
     4    0.068880    0.089629    0.119118    4.472053 ^ wire165/X (sky130_fd_sc_hd__buf_8)
                                                         net165 (net)
                      0.090617    0.007491    4.479545 ^ _12238_/A1 (sky130_fd_sc_hd__o21bai_4)
     3    0.048252    0.093478    0.096453    4.575997 v _12238_/Y (sky130_fd_sc_hd__o21bai_4)
                                                         _05324_ (net)
                      0.093711    0.003672    4.579669 v _12353_/A (sky130_fd_sc_hd__nand3_4)
     2    0.021299    0.076675    0.085226    4.664895 ^ _12353_/Y (sky130_fd_sc_hd__nand3_4)
                                                         _05439_ (net)
                      0.076681    0.001297    4.666192 ^ _12403_/A1 (sky130_fd_sc_hd__a21oi_4)
     2    0.013970    0.039433    0.042919    4.709111 v _12403_/Y (sky130_fd_sc_hd__a21oi_4)
                                                         _05489_ (net)
                      0.039435    0.000460    4.709571 v _12425_/A2 (sky130_fd_sc_hd__o21bai_4)
     3    0.016437    0.116406    0.110181    4.819752 ^ _12425_/Y (sky130_fd_sc_hd__o21bai_4)
                                                         _05511_ (net)
                      0.116406    0.000500    4.820252 ^ _12428_/A1 (sky130_fd_sc_hd__a21oi_4)
     3    0.010109    0.072942    0.042044    4.862296 v _12428_/Y (sky130_fd_sc_hd__a21oi_4)
                                                         _05514_ (net)
                      0.072942    0.000253    4.862548 v _12437_/A2 (sky130_fd_sc_hd__o211ai_2)
     2    0.014120    0.164222    0.164233    5.026781 ^ _12437_/Y (sky130_fd_sc_hd__o211ai_2)
                                                         _05523_ (net)
                      0.164222    0.000487    5.027267 ^ fanout148/A (sky130_fd_sc_hd__buf_6)
     2    0.010678    0.028202    0.077791    5.105058 ^ fanout148/X (sky130_fd_sc_hd__buf_6)
                                                         net148 (net)
                      0.028203    0.000286    5.105344 ^ fanout147/A (sky130_fd_sc_hd__buf_8)
     5    0.045325    0.062152    0.086412    5.191756 ^ fanout147/X (sky130_fd_sc_hd__buf_8)
                                                         net147 (net)
                      0.062450    0.003451    5.195207 ^ _12441_/A (sky130_fd_sc_hd__nand2_8)
     2    0.045033    0.084835    0.053827    5.249033 v _12441_/Y (sky130_fd_sc_hd__nand2_8)
                                                         _05527_ (net)
                      0.084876    0.001453    5.250486 v fanout128/A (sky130_fd_sc_hd__buf_8)
     5    0.026977    0.026517    0.107332    5.357818 v fanout128/X (sky130_fd_sc_hd__buf_8)
                                                         net128 (net)
                      0.026652    0.001534    5.359352 v fanout127/A (sky130_fd_sc_hd__buf_6)
     2    0.017830    0.023686    0.078741    5.438094 v fanout127/X (sky130_fd_sc_hd__buf_6)
                                                         net127 (net)
                      0.023728    0.000877    5.438971 v fanout124/A (sky130_fd_sc_hd__buf_8)
     4    0.027949    0.026629    0.082344    5.521315 v fanout124/X (sky130_fd_sc_hd__buf_8)
                                                         net124 (net)
                      0.026641    0.000556    5.521871 v fanout122/A (sky130_fd_sc_hd__buf_8)
     5    0.026963    0.026375    0.082585    5.604456 v fanout122/X (sky130_fd_sc_hd__buf_8)
                                                         net122 (net)
                      0.026559    0.001596    5.606052 v _12474_/A2 (sky130_fd_sc_hd__a21oi_4)
     2    0.010828    0.096900    0.112176    5.718228 ^ _12474_/Y (sky130_fd_sc_hd__a21oi_4)
                                                         _05560_ (net)
                      0.096900    0.000344    5.718572 ^ fanout117/A (sky130_fd_sc_hd__buf_6)
     5    0.023209    0.042500    0.086370    5.804942 ^ fanout117/X (sky130_fd_sc_hd__buf_6)
                                                         net117 (net)
                      0.042512    0.000653    5.805595 ^ _12491_/A (sky130_fd_sc_hd__nand3_4)
     4    0.027869    0.072781    0.064857    5.870452 v _12491_/Y (sky130_fd_sc_hd__nand3_4)
                                                         _05577_ (net)
                      0.072828    0.001435    5.871887 v fanout115/A (sky130_fd_sc_hd__buf_8)
     5    0.031214    0.028427    0.104638    5.976525 v fanout115/X (sky130_fd_sc_hd__buf_8)
                                                         net115 (net)
                      0.028513    0.001354    5.977879 v _12526_/B (sky130_fd_sc_hd__nor2_8)
     2    0.041662    0.131115    0.113451    6.091329 ^ _12526_/Y (sky130_fd_sc_hd__nor2_8)
                                                         _05612_ (net)
                      0.131165    0.002014    6.093343 ^ fanout103/A (sky130_fd_sc_hd__buf_8)
     4    0.032324    0.048260    0.091013    6.184357 ^ fanout103/X (sky130_fd_sc_hd__buf_8)
                                                         net103 (net)
                      0.048263    0.000438    6.184795 ^ fanout102/A (sky130_fd_sc_hd__buf_8)
     5    0.036438    0.051836    0.084002    6.268797 ^ fanout102/X (sky130_fd_sc_hd__buf_8)
                                                         net102 (net)
                      0.051914    0.001348    6.270145 ^ _12620_/A (sky130_fd_sc_hd__nand4_4)
     3    0.025842    0.095669    0.077086    6.347231 v _12620_/Y (sky130_fd_sc_hd__nand4_4)
                                                         _05702_ (net)
                      0.095717    0.000965    6.348196 v _12623_/A1 (sky130_fd_sc_hd__o211ai_2)
     1    0.005154    0.100847    0.137616    6.485811 ^ _12623_/Y (sky130_fd_sc_hd__o211ai_2)
                                                         _05705_ (net)
                      0.100847    0.000110    6.485921 ^ _12625_/A (sky130_fd_sc_hd__nand2_2)
     2    0.005810    0.035584    0.033831    6.519752 v _12625_/Y (sky130_fd_sc_hd__nand2_2)
                                                         multiplier_inst.exp_final[5] (net)
                      0.035584    0.000166    6.519917 v _12715_/A (sky130_fd_sc_hd__nand3_1)
     1    0.002965    0.045898    0.045919    6.565837 ^ _12715_/Y (sky130_fd_sc_hd__nand3_1)
                                                         _05780_ (net)
                      0.045898    0.000086    6.565923 ^ _12717_/A (sky130_fd_sc_hd__nand2_1)
     1    0.004388    0.027980    0.033317    6.599240 v _12717_/Y (sky130_fd_sc_hd__nand2_1)
                                                         multiplier_inst.overflow_calc (net)
                      0.027980    0.000149    6.599389 v _14499_/D (sky130_fd_sc_hd__dfrtp_1)
                                              6.599389   data arrival time

                                  8.000000    8.000000   clock clk (rise edge)
                                  0.000000    8.000000   clock source latency
     1    0.052219    0.178635    0.125828    8.125828 ^ clk (in)
                                                         clk (net)
                      0.178775    0.000000    8.125828 ^ clkbuf_0_clk/A (sky130_fd_sc_hd__clkbuf_16)
     2    0.062242    0.063088    0.141081    8.266910 ^ clkbuf_0_clk/X (sky130_fd_sc_hd__clkbuf_16)
                                                         clknet_0_clk (net)
                      0.063249    0.002118    8.269028 ^ clkbuf_1_1__f_clk/A (sky130_fd_sc_hd__clkbuf_16)
    11    0.117388    0.102085    0.145047    8.414074 ^ clkbuf_1_1__f_clk/X (sky130_fd_sc_hd__clkbuf_16)
                                                         clknet_1_1__leaf_clk (net)
                      0.102708    0.006442    8.420516 ^ clkbuf_leaf_8_clk/A (sky130_fd_sc_hd__clkbuf_8)
    26    0.078700    0.108760    0.160195    8.580711 ^ clkbuf_leaf_8_clk/X (sky130_fd_sc_hd__clkbuf_8)
                                                         clknet_leaf_8_clk (net)
                      0.108826    0.001399    8.582110 ^ _14499_/CLK (sky130_fd_sc_hd__dfrtp_1)
                                 -0.250000    8.332110   clock uncertainty
                                  0.000000    8.332110   clock reconvergence pessimism
                                 -0.063621    8.268489   library setup time
                                              8.268489   data required time
---------------------------------------------------------------------------------------------
                                              8.268489   data required time
                                             -6.599389   data arrival time
---------------------------------------------------------------------------------------------
                                              1.669100   slack (MET)




===========================================================================
report_checks --slack_max -0.01
============================================================================
======================= nom_ff_n40C_1v95 Corner ===================================

No paths found.


===========================================================================
 report_check_types -max_slew -max_cap -max_fanout -violators
============================================================================
======================= nom_ff_n40C_1v95 Corner ===================================

max fanout

Pin                                   Limit Fanout  Slack
---------------------------------------------------------
clkbuf_leaf_8_clk/X                       5     26    -21 (VIOLATED)
clkbuf_leaf_12_clk/X                      5     25    -20 (VIOLATED)
clkbuf_leaf_17_clk/X                      5     25    -20 (VIOLATED)
clkbuf_leaf_7_clk/X                       5     25    -20 (VIOLATED)
clkbuf_leaf_0_clk/X                       5     24    -19 (VIOLATED)
clkbuf_leaf_4_clk/X                       5     21    -16 (VIOLATED)
clkbuf_leaf_20_clk/X                      5     20    -15 (VIOLATED)
clkbuf_leaf_11_clk/X                      5     19    -14 (VIOLATED)
clkbuf_leaf_14_clk/X                      5     19    -14 (VIOLATED)
clkbuf_leaf_6_clk/X                       5     18    -13 (VIOLATED)
clkbuf_leaf_1_clk/X                       5     17    -12 (VIOLATED)
clkbuf_leaf_5_clk/X                       5     17    -12 (VIOLATED)
clkbuf_leaf_18_clk/X                      5     16    -11 (VIOLATED)
clkbuf_leaf_3_clk/X                       5     12     -7 (VIOLATED)
clkbuf_1_0__f_clk/X                       5     11     -6 (VIOLATED)
clkbuf_1_1__f_clk/X                       5     11     -6 (VIOLATED)
clkbuf_leaf_2_clk/X                       5     11     -6 (VIOLATED)
clkbuf_leaf_15_clk/X                      5     10     -5 (VIOLATED)
clkbuf_leaf_9_clk/X                       5      9     -4 (VIOLATED)
fanout923/X                               5      8     -3 (VIOLATED)
_08804_/Y                                 5      7     -2 (VIOLATED)
clkbuf_leaf_10_clk/X                      5      7     -2 (VIOLATED)
fanout1203/X                              5      7     -2 (VIOLATED)
fanout912/X                               5      7     -2 (VIOLATED)
_08138_/Y                                 5      6        (VIOLATED)
fanout1033/X                              5      6        (VIOLATED)
fanout1099/X                              5      6        (VIOLATED)
fanout1116/X                              5      6        (VIOLATED)
fanout1154/X                              5      6        (VIOLATED)
fanout1811/X                              5      6        (VIOLATED)
fanout1840/X                              5      6        (VIOLATED)
fanout2591/X                              5      6        (VIOLATED)
fanout790/X                               5      6        (VIOLATED)
fanout916/X                               5      6        (VIOLATED)



===========================================================================
report_parasitic_annotation -report_unannotated
============================================================================
Found 20 unannotated drivers.
 clkload0/X
 clkload1/Y
 clkload10/X
 clkload11/Y
 clkload12/Y
 clkload13/Y
 clkload14/Y
 clkload15/Y
 clkload16/Y
 clkload17/X
 clkload18/Y
 clkload19/Y
 clkload2/Y
 clkload3/Y
 clkload4/Y
 clkload5/Y
 clkload6/Y
 clkload7/X
 clkload8/Y
 clkload9/Y
Found 0 partially unannotated drivers.

===========================================================================
max slew violation count 0
max fanout violation count 34
max cap violation count 0
============================================================================

===========================================================================
check_setup -verbose -unconstrained_endpoints -multiple_clock -no_clock -no_input_delay -loops -generated_clocks
===========================================================================
