Clock: clk
Sources: clk 
Generated: no
Virtual: yes
Propagated: no
Period: 8.000000

===========================================================================
report_clock_properties
============================================================================
Clock                   Period          Waveform
----------------------------------------------------
clk                   8.000000    0.000000  4.000000

===========================================================================
report_clock_latency
============================================================================
Clock clk
rise -> rise
    min     max
0.000000 0.000000 source latency
0.562180         network latency _14479_/CLK
        0.597756 network latency _14431_/CLK
---------------
0.562180 0.597756 latency
        0.035576 skew

fall -> fall
    min     max
0.000000 0.000000 source latency
0.474445         network latency _14356_/CLK
        0.500801 network latency _14431_/CLK
---------------
0.474445 0.500801 latency
        0.026356 skew



===========================================================================
report_clock_min_period
============================================================================
clk period_min = 6.33 fmax = 157.96
