Clock: clk
Sources: clk 
Generated: no
Virtual: yes
Propagated: no
Period: 15.000000

===========================================================================
report_clock_properties
============================================================================
Clock                   Period          Waveform
----------------------------------------------------
clk                  15.000000    0.000000  7.500000

===========================================================================
report_clock_latency
============================================================================
Clock clk
rise -> rise
    min     max
0.000000 0.000000 source latency
0.473962         network latency _9296_/CLK
        0.661573 network latency _9314_/CLK
---------------
0.473962 0.661573 latency
        0.187610 skew

fall -> fall
    min     max
0.000000 0.000000 source latency
0.408949         network latency _9296_/CLK
        0.588497 network latency _9314_/CLK
---------------
0.408949 0.588497 latency
        0.179548 skew



===========================================================================
report_clock_min_period
============================================================================
clk period_min = 9.71 fmax = 103.02
