
===========================================================================
report_checks -unconstrained
===========================================================================
======================= nom_tt_025C_1v80 Corner ===================================

Startpoint: rst (input port clocked by clk)
Endpoint: _14488_ (recovery check against rising-edge clock clk)
Path Group: asynchronous
Path Type: max

Fanout         Cap        Slew       Delay        Time   Description
---------------------------------------------------------------------------------------------
                                  0.000000    0.000000   clock clk (rise edge)
                                  0.000000    0.000000   clock network delay (propagated)
                                  1.600000    1.600000 v input external delay
     1    0.002664    0.008317    0.004183    1.604182 v rst (in)
                                                         rst (net)
                      0.008317    0.000000    1.604182 v input67/A (sky130_fd_sc_hd__buf_1)
     1    0.006654    0.046779    0.090195    1.694377 v input67/X (sky130_fd_sc_hd__buf_1)
                                                         net67 (net)
                      0.046779    0.000092    1.694469 v fanout2918/A (sky130_fd_sc_hd__clkbuf_2)
     2    0.022455    0.090611    0.156471    1.850941 v fanout2918/X (sky130_fd_sc_hd__clkbuf_2)
                                                         net2918 (net)
                      0.090611    0.000026    1.850967 v fanout2849/A (sky130_fd_sc_hd__dlymetal6s2s_1)
     2    0.015439    0.089914    0.203564    2.054531 v fanout2849/X (sky130_fd_sc_hd__dlymetal6s2s_1)
                                                         net2849 (net)
                      0.089914    0.000477    2.055008 v fanout2848/A (sky130_fd_sc_hd__buf_1)
     2    0.013078    0.081359    0.153153    2.208161 v fanout2848/X (sky130_fd_sc_hd__buf_1)
                                                         net2848 (net)
                      0.081359    0.000027    2.208189 v fanout2847/A (sky130_fd_sc_hd__buf_1)
     2    0.008116    0.054230    0.128457    2.336646 v fanout2847/X (sky130_fd_sc_hd__buf_1)
                                                         net2847 (net)
                      0.054230    0.000099    2.336745 v fanout2846/A (sky130_fd_sc_hd__dlymetal6s2s_1)
     2    0.014728    0.086828    0.184475    2.521220 v fanout2846/X (sky130_fd_sc_hd__dlymetal6s2s_1)
                                                         net2846 (net)
                      0.086828    0.000012    2.521232 v fanout2845/A (sky130_fd_sc_hd__clkbuf_1)
     2    0.005563    0.041239    0.118996    2.640229 v fanout2845/X (sky130_fd_sc_hd__clkbuf_1)
                                                         net2845 (net)
                      0.041239    0.000005    2.640234 v fanout2839/A (sky130_fd_sc_hd__clkbuf_1)
     3    0.011721    0.073878    0.125812    2.766045 v fanout2839/X (sky130_fd_sc_hd__clkbuf_1)
                                                         net2839 (net)
                      0.073878    0.000040    2.766086 v fanout2838/A (sky130_fd_sc_hd__dlymetal6s2s_1)
     4    0.015639    0.090731    0.196767    2.962852 v fanout2838/X (sky130_fd_sc_hd__dlymetal6s2s_1)
                                                         net2838 (net)
                      0.090731    0.000103    2.962955 v fanout2837/A (sky130_fd_sc_hd__clkbuf_2)
     5    0.024725    0.098480    0.182826    3.145782 v fanout2837/X (sky130_fd_sc_hd__clkbuf_2)
                                                         net2837 (net)
                      0.098480    0.000125    3.145906 v _14174_/A (sky130_fd_sc_hd__inv_2)
     1    0.004042    0.038726    0.064505    3.210411 ^ _14174_/Y (sky130_fd_sc_hd__inv_2)
                                                         _00310_ (net)
                      0.038726    0.000009    3.210420 ^ _14488_/RESET_B (sky130_fd_sc_hd__dfrtp_2)
                                              3.210420   data arrival time

                                  8.000000    8.000000   clock clk (rise edge)
                                  0.000000    8.000000   clock source latency
     1    0.028415    0.133362    0.092962    8.092962 ^ clk (in)
                                                         clk (net)
                      0.133417    0.000000    8.092962 ^ clkbuf_0_clk/A (sky130_fd_sc_hd__clkbuf_16)
     2    0.027841    0.049509    0.164571    8.257534 ^ clkbuf_0_clk/X (sky130_fd_sc_hd__clkbuf_16)
                                                         clknet_0_clk (net)
                      0.049521    0.000462    8.257996 ^ clkbuf_1_0__f_clk/A (sky130_fd_sc_hd__clkbuf_16)
    11    0.080854    0.097598    0.173935    8.431930 ^ clkbuf_1_0__f_clk/X (sky130_fd_sc_hd__clkbuf_16)
                                                         clknet_1_0__leaf_clk (net)
                      0.097601    0.000753    8.432683 ^ clkbuf_leaf_11_clk/A (sky130_fd_sc_hd__clkbuf_8)
    19    0.056848    0.108560    0.196912    8.629595 ^ clkbuf_leaf_11_clk/X (sky130_fd_sc_hd__clkbuf_8)
                                                         clknet_leaf_11_clk (net)
                      0.108560    0.000023    8.629618 ^ _14488_/CLK (sky130_fd_sc_hd__dfrtp_2)
                                 -0.250000    8.379618   clock uncertainty
                                  0.000000    8.379618   clock reconvergence pessimism
                                  0.240545    8.620164   library recovery time
                                              8.620164   data required time
---------------------------------------------------------------------------------------------
                                              8.620164   data required time
                                             -3.210420   data arrival time
---------------------------------------------------------------------------------------------
                                              5.409743   slack (MET)


Startpoint: _14420_ (rising edge-triggered flip-flop clocked by clk)
Endpoint: _14522_ (rising edge-triggered flip-flop clocked by clk)
Path Group: clk
Path Type: max

Fanout         Cap        Slew       Delay        Time   Description
---------------------------------------------------------------------------------------------
                                  0.000000    0.000000   clock clk (rise edge)
                                  0.000000    0.000000   clock source latency
     1    0.028415    0.133362    0.092962    0.092962 ^ clk (in)
                                                         clk (net)
                      0.133417    0.000000    0.092962 ^ clkbuf_0_clk/A (sky130_fd_sc_hd__clkbuf_16)
     2    0.027841    0.049509    0.164572    0.257534 ^ clkbuf_0_clk/X (sky130_fd_sc_hd__clkbuf_16)
                                                         clknet_0_clk (net)
                      0.049521    0.000461    0.257995 ^ clkbuf_1_0__f_clk/A (sky130_fd_sc_hd__clkbuf_16)
    11    0.080854    0.097598    0.173935    0.431930 ^ clkbuf_1_0__f_clk/X (sky130_fd_sc_hd__clkbuf_16)
                                                         clknet_1_0__leaf_clk (net)
                      0.097614    0.001316    0.433246 ^ clkbuf_leaf_17_clk/A (sky130_fd_sc_hd__clkbuf_8)
    25    0.060080    0.113720    0.200821    0.634067 ^ clkbuf_leaf_17_clk/X (sky130_fd_sc_hd__clkbuf_8)
                                                         clknet_leaf_17_clk (net)
                      0.113720    0.000182    0.634249 ^ _14420_/CLK (sky130_fd_sc_hd__dfrtp_1)
     1    0.004294    0.045899    0.387280    1.021529 v _14420_/Q (sky130_fd_sc_hd__dfrtp_1)
                                                         adder_inst.man_b_r[10] (net)
                      0.045899    0.000042    1.021572 v fanout1725/A (sky130_fd_sc_hd__buf_1)
     2    0.014844    0.091056    0.141029    1.162601 v fanout1725/X (sky130_fd_sc_hd__buf_1)
                                                         net1725 (net)
                      0.091056    0.000035    1.162635 v fanout1709/A (sky130_fd_sc_hd__buf_1)
     2    0.013491    0.083625    0.155397    1.318032 v fanout1709/X (sky130_fd_sc_hd__buf_1)
                                                         net1709 (net)
                      0.083625    0.000292    1.318324 v fanout1702/A (sky130_fd_sc_hd__buf_1)
     2    0.011686    0.073722    0.144493    1.462817 v fanout1702/X (sky130_fd_sc_hd__buf_1)
                                                         net1702 (net)
                      0.073722    0.000230    1.463047 v fanout1701/A (sky130_fd_sc_hd__buf_1)
     3    0.010247    0.065822    0.134068    1.597115 v fanout1701/X (sky130_fd_sc_hd__buf_1)
                                                         net1701 (net)
                      0.065822    0.000034    1.597149 v fanout1697/A (sky130_fd_sc_hd__dlymetal6s2s_1)
     5    0.016358    0.093823    0.195702    1.792851 v fanout1697/X (sky130_fd_sc_hd__dlymetal6s2s_1)
                                                         net1697 (net)
                      0.093823    0.000122    1.792973 v _07800_/A (sky130_fd_sc_hd__nand2_1)
     1    0.002037    0.042780    0.067846    1.860818 ^ _07800_/Y (sky130_fd_sc_hd__nand2_1)
                                                         _00886_ (net)
                      0.042780    0.000003    1.860821 ^ fanout983/A (sky130_fd_sc_hd__buf_2)
     3    0.029439    0.147706    0.181248    2.042069 ^ fanout983/X (sky130_fd_sc_hd__buf_2)
                                                         net983 (net)
                      0.147707    0.000158    2.042227 ^ fanout982/A (sky130_fd_sc_hd__buf_1)
     2    0.008189    0.104361    0.148648    2.190875 ^ fanout982/X (sky130_fd_sc_hd__buf_1)
                                                         net982 (net)
                      0.104361    0.000103    2.190978 ^ fanout981/A (sky130_fd_sc_hd__clkbuf_2)
     4    0.023303    0.131931    0.188757    2.379735 ^ fanout981/X (sky130_fd_sc_hd__clkbuf_2)
                                                         net981 (net)
                      0.131931    0.000029    2.379764 ^ fanout980/A (sky130_fd_sc_hd__buf_1)
     3    0.009769    0.122304    0.158936    2.538700 ^ fanout980/X (sky130_fd_sc_hd__buf_1)
                                                         net980 (net)
                      0.122304    0.000008    2.538708 ^ fanout979/A (sky130_fd_sc_hd__clkbuf_1)
     2    0.006492    0.085366    0.131301    2.670008 ^ fanout979/X (sky130_fd_sc_hd__clkbuf_1)
                                                         net979 (net)
                      0.085366    0.000005    2.670013 ^ fanout977/A (sky130_fd_sc_hd__buf_1)
     5    0.015175    0.187313    0.190777    2.860790 ^ fanout977/X (sky130_fd_sc_hd__buf_1)
                                                         net977 (net)
                      0.187313    0.000001    2.860792 ^ _08117_/B (sky130_fd_sc_hd__nor2_1)
     3    0.013345    0.087212    0.116799    2.977591 v _08117_/Y (sky130_fd_sc_hd__nor2_1)
                                                         _01203_ (net)
                      0.087212    0.000005    2.977596 v _08170_/A1 (sky130_fd_sc_hd__o211ai_1)
     2    0.005694    0.199507    0.223046    3.200642 ^ _08170_/Y (sky130_fd_sc_hd__o211ai_1)
                                                         _01256_ (net)
                      0.199507    0.000024    3.200666 ^ fanout695/A (sky130_fd_sc_hd__buf_1)
     5    0.012396    0.155543    0.189629    3.390295 ^ fanout695/X (sky130_fd_sc_hd__buf_1)
                                                         net695 (net)
                      0.155543    0.000020    3.390316 ^ _08173_/B (sky130_fd_sc_hd__nand3_1)
     2    0.004166    0.074394    0.104738    3.495053 v _08173_/Y (sky130_fd_sc_hd__nand3_1)
                                                         _01259_ (net)
                      0.074394    0.000006    3.495059 v _08179_/C (sky130_fd_sc_hd__nand3_1)
     1    0.002644    0.060367    0.087615    3.582674 ^ _08179_/Y (sky130_fd_sc_hd__nand3_1)
                                                         _01265_ (net)
                      0.060367    0.000007    3.582681 ^ fanout476/A (sky130_fd_sc_hd__buf_1)
     5    0.014488    0.179298    0.178617    3.761298 ^ fanout476/X (sky130_fd_sc_hd__buf_1)
                                                         net476 (net)
                      0.179298    0.000034    3.761332 ^ fanout475/A (sky130_fd_sc_hd__buf_1)
     5    0.014268    0.176968    0.201602    3.962934 ^ fanout475/X (sky130_fd_sc_hd__buf_1)
                                                         net475 (net)
                      0.176968    0.000031    3.962964 ^ _08183_/A2_N (sky130_fd_sc_hd__o2bb2a_1)
     2    0.008296    0.078457    0.267793    4.230757 v _08183_/X (sky130_fd_sc_hd__o2bb2a_1)
                                                         _01269_ (net)
                      0.078457    0.000110    4.230867 v _08530_/A (sky130_fd_sc_hd__nand3_1)
     2    0.008214    0.108762    0.113400    4.344266 ^ _08530_/Y (sky130_fd_sc_hd__nand3_1)
                                                         _01616_ (net)
                      0.108762    0.000006    4.344273 ^ fanout402/A (sky130_fd_sc_hd__dlymetal6s2s_1)
     5    0.015429    0.172291    0.201062    4.545334 ^ fanout402/X (sky130_fd_sc_hd__dlymetal6s2s_1)
                                                         net402 (net)
                      0.172291    0.000030    4.545365 ^ _08537_/A1_N (sky130_fd_sc_hd__o2bb2ai_1)
     3    0.010278    0.248011    0.189460    4.734825 ^ _08537_/Y (sky130_fd_sc_hd__o2bb2ai_1)
                                                         _01623_ (net)
                      0.248011    0.000020    4.734845 ^ _08541_/B (sky130_fd_sc_hd__nand2_2)
     4    0.019432    0.102763    0.141852    4.876697 v _08541_/Y (sky130_fd_sc_hd__nand2_2)
                                                         _01627_ (net)
                      0.102763    0.000138    4.876834 v _08834_/A2 (sky130_fd_sc_hd__o2111a_1)
     3    0.014623    0.095187    0.306591    5.183426 v _08834_/X (sky130_fd_sc_hd__o2111a_1)
                                                         _01920_ (net)
                      0.095187    0.000109    5.183535 v _08848_/A2 (sky130_fd_sc_hd__o21ai_1)
     1    0.002626    0.098086    0.127791    5.311326 ^ _08848_/Y (sky130_fd_sc_hd__o21ai_1)
                                                         _01934_ (net)
                      0.098086    0.000004    5.311331 ^ _08995_/A (sky130_fd_sc_hd__nand3_1)
     2    0.004969    0.077951    0.090783    5.402113 v _08995_/Y (sky130_fd_sc_hd__nand3_1)
                                                         _02081_ (net)
                      0.077951    0.000008    5.402122 v fanout192/A (sky130_fd_sc_hd__buf_1)
     5    0.011918    0.074958    0.143021    5.545142 v fanout192/X (sky130_fd_sc_hd__buf_1)
                                                         net192 (net)
                      0.074958    0.000004    5.545147 v _09450_/A2 (sky130_fd_sc_hd__a21oi_1)
     2    0.008864    0.223723    0.233513    5.778660 ^ _09450_/Y (sky130_fd_sc_hd__a21oi_1)
                                                         _02536_ (net)
                      0.223723    0.000079    5.778739 ^ _09455_/B1 (sky130_fd_sc_hd__a21oi_2)
     3    0.017441    0.082008    0.098856    5.877595 v _09455_/Y (sky130_fd_sc_hd__a21oi_2)
                                                         _02541_ (net)
                      0.082008    0.000043    5.877638 v _09459_/B1 (sky130_fd_sc_hd__a2111oi_2)
     1    0.010575    0.432780    0.464720    6.342358 ^ _09459_/Y (sky130_fd_sc_hd__a2111oi_2)
                                                         _02545_ (net)
                      0.432780    0.000111    6.342469 ^ _12236_/B (sky130_fd_sc_hd__nand4_4)
     2    0.017260    0.153073    0.191374    6.533844 v _12236_/Y (sky130_fd_sc_hd__nand4_4)
                                                         _05322_ (net)
                      0.153073    0.000393    6.534237 v _12238_/A1 (sky130_fd_sc_hd__o21bai_4)
     3    0.029711    0.229791    0.276700    6.810937 ^ _12238_/Y (sky130_fd_sc_hd__o21bai_4)
                                                         _05324_ (net)
                      0.229811    0.001687    6.812624 ^ _12353_/A (sky130_fd_sc_hd__nand3_1)
     2    0.009317    0.129304    0.161069    6.973692 v _12353_/Y (sky130_fd_sc_hd__nand3_1)
                                                         _05439_ (net)
                      0.129304    0.000139    6.973832 v _12403_/A1 (sky130_fd_sc_hd__a21oi_1)
     2    0.006770    0.183422    0.207467    7.181299 ^ _12403_/Y (sky130_fd_sc_hd__a21oi_1)
                                                         _05489_ (net)
                      0.183422    0.000037    7.181336 ^ _12425_/A2 (sky130_fd_sc_hd__o21bai_1)
     3    0.007458    0.079412    0.114950    7.296286 v _12425_/Y (sky130_fd_sc_hd__o21bai_1)
                                                         _05511_ (net)
                      0.079412    0.000033    7.296319 v _12428_/A1 (sky130_fd_sc_hd__a21oi_1)
     3    0.010496    0.255130    0.239755    7.536073 ^ _12428_/Y (sky130_fd_sc_hd__a21oi_1)
                                                         _05514_ (net)
                      0.255130    0.000030    7.536104 ^ _12437_/A2 (sky130_fd_sc_hd__o211ai_2)
     2    0.006866    0.084847    0.119046    7.655149 v _12437_/Y (sky130_fd_sc_hd__o211ai_2)
                                                         _05523_ (net)
                      0.084847    0.000036    7.655186 v fanout148/A (sky130_fd_sc_hd__buf_2)
     5    0.028795    0.077956    0.187439    7.842626 v fanout148/X (sky130_fd_sc_hd__buf_2)
                                                         net148 (net)
                      0.077956    0.000044    7.842670 v fanout147/A (sky130_fd_sc_hd__dlymetal6s2s_1)
     5    0.017861    0.100346    0.206659    8.049329 v fanout147/X (sky130_fd_sc_hd__dlymetal6s2s_1)
                                                         net147 (net)
                      0.100346    0.000207    8.049536 v _12441_/A (sky130_fd_sc_hd__nand2_1)
     1    0.004729    0.064033    0.089854    8.139390 ^ _12441_/Y (sky130_fd_sc_hd__nand2_1)
                                                         _05527_ (net)
                      0.064033    0.000047    8.139437 ^ fanout129/A (sky130_fd_sc_hd__dlymetal6s2s_1)
     2    0.015276    0.170876    0.185172    8.324609 ^ fanout129/X (sky130_fd_sc_hd__dlymetal6s2s_1)
                                                         net129 (net)
                      0.170876    0.000007    8.324615 ^ fanout128/A (sky130_fd_sc_hd__dlymetal6s2s_1)
     5    0.017300    0.189963    0.227719    8.552335 ^ fanout128/X (sky130_fd_sc_hd__dlymetal6s2s_1)
                                                         net128 (net)
                      0.189963    0.000067    8.552402 ^ fanout127/A (sky130_fd_sc_hd__buf_1)
     2    0.006864    0.089954    0.144165    8.696567 ^ fanout127/X (sky130_fd_sc_hd__buf_1)
                                                         net127 (net)
                      0.089954    0.000042    8.696609 ^ fanout124/A (sky130_fd_sc_hd__buf_1)
     4    0.014845    0.180278    0.189294    8.885902 ^ fanout124/X (sky130_fd_sc_hd__buf_1)
                                                         net124 (net)
                      0.180278    0.000049    8.885951 ^ fanout122/A (sky130_fd_sc_hd__dlymetal6s2s_1)
     5    0.016571    0.183245    0.224839    9.110789 ^ fanout122/X (sky130_fd_sc_hd__dlymetal6s2s_1)
                                                         net122 (net)
                      0.183245    0.000155    9.110944 ^ _12474_/A1 (sky130_fd_sc_hd__a21oi_1)
     2    0.005208    0.077134    0.106614    9.217559 v _12474_/Y (sky130_fd_sc_hd__a21oi_1)
                                                         _05560_ (net)
                      0.077134    0.000019    9.217577 v fanout117/A (sky130_fd_sc_hd__buf_1)
     5    0.010248    0.065826    0.135593    9.353170 v fanout117/X (sky130_fd_sc_hd__buf_1)
                                                         net117 (net)
                      0.065826    0.000039    9.353209 v _12491_/B (sky130_fd_sc_hd__nand3_1)
     1    0.004126    0.071240    0.093794    9.447003 ^ _12491_/Y (sky130_fd_sc_hd__nand3_1)
                                                         _05577_ (net)
                      0.071240    0.000032    9.447036 ^ fanout116/A (sky130_fd_sc_hd__buf_1)
     4    0.014668    0.178161    0.182913    9.629949 ^ fanout116/X (sky130_fd_sc_hd__buf_1)
                                                         net116 (net)
                      0.178161    0.000115    9.630063 ^ fanout115/A (sky130_fd_sc_hd__buf_1)
     5    0.013843    0.168790    0.198012    9.828075 ^ fanout115/X (sky130_fd_sc_hd__buf_1)
                                                         net115 (net)
                      0.168790    0.000089    9.828164 ^ _12526_/A (sky130_fd_sc_hd__nor2_1)
     1    0.002377    0.045570    0.066340    9.894505 v _12526_/Y (sky130_fd_sc_hd__nor2_1)
                                                         _05612_ (net)
                      0.045570    0.000004    9.894508 v fanout106/A (sky130_fd_sc_hd__buf_1)
     2    0.014649    0.090006    0.140020   10.034529 v fanout106/X (sky130_fd_sc_hd__buf_1)
                                                         net106 (net)
                      0.090006    0.000067   10.034595 v fanout105/A (sky130_fd_sc_hd__buf_1)
     2    0.009438    0.061433    0.137883   10.172479 v fanout105/X (sky130_fd_sc_hd__buf_1)
                                                         net105 (net)
                      0.061433    0.000002   10.172481 v fanout104/A (sky130_fd_sc_hd__buf_1)
     5    0.013179    0.081868    0.140982   10.313463 v fanout104/X (sky130_fd_sc_hd__buf_1)
                                                         net104 (net)
                      0.081868    0.000070   10.313534 v _13932_/D (sky130_fd_sc_hd__and4bb_1)
     1    0.002311    0.039043    0.207680   10.521214 v _13932_/X (sky130_fd_sc_hd__and4bb_1)
                                                         _06874_ (net)
                      0.039043    0.000008   10.521221 v _13934_/B (sky130_fd_sc_hd__or3b_1)
     1    0.003725    0.071596    0.349443   10.870665 v _13934_/X (sky130_fd_sc_hd__or3b_1)
                                                         multiplier_inst.man_final[22] (net)
                      0.071596    0.000034   10.870698 v _14522_/D (sky130_fd_sc_hd__dfrtp_1)
                                             10.870698   data arrival time

                                  8.000000    8.000000   clock clk (rise edge)
                                  0.000000    8.000000   clock source latency
     1    0.028415    0.133362    0.092962    8.092962 ^ clk (in)
                                                         clk (net)
                      0.133417    0.000000    8.092962 ^ clkbuf_0_clk/A (sky130_fd_sc_hd__clkbuf_16)
     2    0.027841    0.049509    0.164571    8.257534 ^ clkbuf_0_clk/X (sky130_fd_sc_hd__clkbuf_16)
                                                         clknet_0_clk (net)
                      0.049521    0.000443    8.257977 ^ clkbuf_1_1__f_clk/A (sky130_fd_sc_hd__clkbuf_16)
    11    0.079302    0.095989    0.172519    8.430495 ^ clkbuf_1_1__f_clk/X (sky130_fd_sc_hd__clkbuf_16)
                                                         clknet_1_1__leaf_clk (net)
                      0.096079    0.001621    8.432117 ^ clkbuf_leaf_1_clk/A (sky130_fd_sc_hd__clkbuf_8)
    17    0.060132    0.113798    0.200315    8.632432 ^ clkbuf_leaf_1_clk/X (sky130_fd_sc_hd__clkbuf_8)
                                                         clknet_leaf_1_clk (net)
                      0.113798    0.000330    8.632761 ^ _14522_/CLK (sky130_fd_sc_hd__dfrtp_1)
                                 -0.250000    8.382761   clock uncertainty
                                  0.000000    8.382761   clock reconvergence pessimism
                                 -0.110088    8.272674   library setup time
                                              8.272674   data required time
---------------------------------------------------------------------------------------------
                                              8.272674   data required time
                                            -10.870698   data arrival time
---------------------------------------------------------------------------------------------
                                             -2.598025   slack (VIOLATED)




===========================================================================
report_checks --slack_max -0.01
============================================================================
======================= nom_tt_025C_1v80 Corner ===================================

Startpoint: _14420_ (rising edge-triggered flip-flop clocked by clk)
Endpoint: _14522_ (rising edge-triggered flip-flop clocked by clk)
Path Group: clk
Path Type: max

Fanout         Cap        Slew       Delay        Time   Description
---------------------------------------------------------------------------------------------
                                  0.000000    0.000000   clock clk (rise edge)
                                  0.000000    0.000000   clock source latency
     1    0.028415    0.133362    0.092962    0.092962 ^ clk (in)
                                                         clk (net)
                      0.133417    0.000000    0.092962 ^ clkbuf_0_clk/A (sky130_fd_sc_hd__clkbuf_16)
     2    0.027841    0.049509    0.164572    0.257534 ^ clkbuf_0_clk/X (sky130_fd_sc_hd__clkbuf_16)
                                                         clknet_0_clk (net)
                      0.049521    0.000461    0.257995 ^ clkbuf_1_0__f_clk/A (sky130_fd_sc_hd__clkbuf_16)
    11    0.080854    0.097598    0.173935    0.431930 ^ clkbuf_1_0__f_clk/X (sky130_fd_sc_hd__clkbuf_16)
                                                         clknet_1_0__leaf_clk (net)
                      0.097614    0.001316    0.433246 ^ clkbuf_leaf_17_clk/A (sky130_fd_sc_hd__clkbuf_8)
    25    0.060080    0.113720    0.200821    0.634067 ^ clkbuf_leaf_17_clk/X (sky130_fd_sc_hd__clkbuf_8)
                                                         clknet_leaf_17_clk (net)
                      0.113720    0.000182    0.634249 ^ _14420_/CLK (sky130_fd_sc_hd__dfrtp_1)
     1    0.004294    0.045899    0.387280    1.021529 v _14420_/Q (sky130_fd_sc_hd__dfrtp_1)
                                                         adder_inst.man_b_r[10] (net)
                      0.045899    0.000042    1.021572 v fanout1725/A (sky130_fd_sc_hd__buf_1)
     2    0.014844    0.091056    0.141029    1.162601 v fanout1725/X (sky130_fd_sc_hd__buf_1)
                                                         net1725 (net)
                      0.091056    0.000035    1.162635 v fanout1709/A (sky130_fd_sc_hd__buf_1)
     2    0.013491    0.083625    0.155397    1.318032 v fanout1709/X (sky130_fd_sc_hd__buf_1)
                                                         net1709 (net)
                      0.083625    0.000292    1.318324 v fanout1702/A (sky130_fd_sc_hd__buf_1)
     2    0.011686    0.073722    0.144493    1.462817 v fanout1702/X (sky130_fd_sc_hd__buf_1)
                                                         net1702 (net)
                      0.073722    0.000230    1.463047 v fanout1701/A (sky130_fd_sc_hd__buf_1)
     3    0.010247    0.065822    0.134068    1.597115 v fanout1701/X (sky130_fd_sc_hd__buf_1)
                                                         net1701 (net)
                      0.065822    0.000034    1.597149 v fanout1697/A (sky130_fd_sc_hd__dlymetal6s2s_1)
     5    0.016358    0.093823    0.195702    1.792851 v fanout1697/X (sky130_fd_sc_hd__dlymetal6s2s_1)
                                                         net1697 (net)
                      0.093823    0.000122    1.792973 v _07800_/A (sky130_fd_sc_hd__nand2_1)
     1    0.002037    0.042780    0.067846    1.860818 ^ _07800_/Y (sky130_fd_sc_hd__nand2_1)
                                                         _00886_ (net)
                      0.042780    0.000003    1.860821 ^ fanout983/A (sky130_fd_sc_hd__buf_2)
     3    0.029439    0.147706    0.181248    2.042069 ^ fanout983/X (sky130_fd_sc_hd__buf_2)
                                                         net983 (net)
                      0.147707    0.000158    2.042227 ^ fanout982/A (sky130_fd_sc_hd__buf_1)
     2    0.008189    0.104361    0.148648    2.190875 ^ fanout982/X (sky130_fd_sc_hd__buf_1)
                                                         net982 (net)
                      0.104361    0.000103    2.190978 ^ fanout981/A (sky130_fd_sc_hd__clkbuf_2)
     4    0.023303    0.131931    0.188757    2.379735 ^ fanout981/X (sky130_fd_sc_hd__clkbuf_2)
                                                         net981 (net)
                      0.131931    0.000029    2.379764 ^ fanout980/A (sky130_fd_sc_hd__buf_1)
     3    0.009769    0.122304    0.158936    2.538700 ^ fanout980/X (sky130_fd_sc_hd__buf_1)
                                                         net980 (net)
                      0.122304    0.000008    2.538708 ^ fanout979/A (sky130_fd_sc_hd__clkbuf_1)
     2    0.006492    0.085366    0.131301    2.670008 ^ fanout979/X (sky130_fd_sc_hd__clkbuf_1)
                                                         net979 (net)
                      0.085366    0.000005    2.670013 ^ fanout977/A (sky130_fd_sc_hd__buf_1)
     5    0.015175    0.187313    0.190777    2.860790 ^ fanout977/X (sky130_fd_sc_hd__buf_1)
                                                         net977 (net)
                      0.187313    0.000001    2.860792 ^ _08117_/B (sky130_fd_sc_hd__nor2_1)
     3    0.013345    0.087212    0.116799    2.977591 v _08117_/Y (sky130_fd_sc_hd__nor2_1)
                                                         _01203_ (net)
                      0.087212    0.000005    2.977596 v _08170_/A1 (sky130_fd_sc_hd__o211ai_1)
     2    0.005694    0.199507    0.223046    3.200642 ^ _08170_/Y (sky130_fd_sc_hd__o211ai_1)
                                                         _01256_ (net)
                      0.199507    0.000024    3.200666 ^ fanout695/A (sky130_fd_sc_hd__buf_1)
     5    0.012396    0.155543    0.189629    3.390295 ^ fanout695/X (sky130_fd_sc_hd__buf_1)
                                                         net695 (net)
                      0.155543    0.000020    3.390316 ^ _08173_/B (sky130_fd_sc_hd__nand3_1)
     2    0.004166    0.074394    0.104738    3.495053 v _08173_/Y (sky130_fd_sc_hd__nand3_1)
                                                         _01259_ (net)
                      0.074394    0.000006    3.495059 v _08179_/C (sky130_fd_sc_hd__nand3_1)
     1    0.002644    0.060367    0.087615    3.582674 ^ _08179_/Y (sky130_fd_sc_hd__nand3_1)
                                                         _01265_ (net)
                      0.060367    0.000007    3.582681 ^ fanout476/A (sky130_fd_sc_hd__buf_1)
     5    0.014488    0.179298    0.178617    3.761298 ^ fanout476/X (sky130_fd_sc_hd__buf_1)
                                                         net476 (net)
                      0.179298    0.000034    3.761332 ^ fanout475/A (sky130_fd_sc_hd__buf_1)
     5    0.014268    0.176968    0.201602    3.962934 ^ fanout475/X (sky130_fd_sc_hd__buf_1)
                                                         net475 (net)
                      0.176968    0.000031    3.962964 ^ _08183_/A2_N (sky130_fd_sc_hd__o2bb2a_1)
     2    0.008296    0.078457    0.267793    4.230757 v _08183_/X (sky130_fd_sc_hd__o2bb2a_1)
                                                         _01269_ (net)
                      0.078457    0.000110    4.230867 v _08530_/A (sky130_fd_sc_hd__nand3_1)
     2    0.008214    0.108762    0.113400    4.344266 ^ _08530_/Y (sky130_fd_sc_hd__nand3_1)
                                                         _01616_ (net)
                      0.108762    0.000006    4.344273 ^ fanout402/A (sky130_fd_sc_hd__dlymetal6s2s_1)
     5    0.015429    0.172291    0.201062    4.545334 ^ fanout402/X (sky130_fd_sc_hd__dlymetal6s2s_1)
                                                         net402 (net)
                      0.172291    0.000030    4.545365 ^ _08537_/A1_N (sky130_fd_sc_hd__o2bb2ai_1)
     3    0.010278    0.248011    0.189460    4.734825 ^ _08537_/Y (sky130_fd_sc_hd__o2bb2ai_1)
                                                         _01623_ (net)
                      0.248011    0.000020    4.734845 ^ _08541_/B (sky130_fd_sc_hd__nand2_2)
     4    0.019432    0.102763    0.141852    4.876697 v _08541_/Y (sky130_fd_sc_hd__nand2_2)
                                                         _01627_ (net)
                      0.102763    0.000138    4.876834 v _08834_/A2 (sky130_fd_sc_hd__o2111a_1)
     3    0.014623    0.095187    0.306591    5.183426 v _08834_/X (sky130_fd_sc_hd__o2111a_1)
                                                         _01920_ (net)
                      0.095187    0.000109    5.183535 v _08848_/A2 (sky130_fd_sc_hd__o21ai_1)
     1    0.002626    0.098086    0.127791    5.311326 ^ _08848_/Y (sky130_fd_sc_hd__o21ai_1)
                                                         _01934_ (net)
                      0.098086    0.000004    5.311331 ^ _08995_/A (sky130_fd_sc_hd__nand3_1)
     2    0.004969    0.077951    0.090783    5.402113 v _08995_/Y (sky130_fd_sc_hd__nand3_1)
                                                         _02081_ (net)
                      0.077951    0.000008    5.402122 v fanout192/A (sky130_fd_sc_hd__buf_1)
     5    0.011918    0.074958    0.143021    5.545142 v fanout192/X (sky130_fd_sc_hd__buf_1)
                                                         net192 (net)
                      0.074958    0.000004    5.545147 v _09450_/A2 (sky130_fd_sc_hd__a21oi_1)
     2    0.008864    0.223723    0.233513    5.778660 ^ _09450_/Y (sky130_fd_sc_hd__a21oi_1)
                                                         _02536_ (net)
                      0.223723    0.000079    5.778739 ^ _09455_/B1 (sky130_fd_sc_hd__a21oi_2)
     3    0.017441    0.082008    0.098856    5.877595 v _09455_/Y (sky130_fd_sc_hd__a21oi_2)
                                                         _02541_ (net)
                      0.082008    0.000043    5.877638 v _09459_/B1 (sky130_fd_sc_hd__a2111oi_2)
     1    0.010575    0.432780    0.464720    6.342358 ^ _09459_/Y (sky130_fd_sc_hd__a2111oi_2)
                                                         _02545_ (net)
                      0.432780    0.000111    6.342469 ^ _12236_/B (sky130_fd_sc_hd__nand4_4)
     2    0.017260    0.153073    0.191374    6.533844 v _12236_/Y (sky130_fd_sc_hd__nand4_4)
                                                         _05322_ (net)
                      0.153073    0.000393    6.534237 v _12238_/A1 (sky130_fd_sc_hd__o21bai_4)
     3    0.029711    0.229791    0.276700    6.810937 ^ _12238_/Y (sky130_fd_sc_hd__o21bai_4)
                                                         _05324_ (net)
                      0.229811    0.001687    6.812624 ^ _12353_/A (sky130_fd_sc_hd__nand3_1)
     2    0.009317    0.129304    0.161069    6.973692 v _12353_/Y (sky130_fd_sc_hd__nand3_1)
                                                         _05439_ (net)
                      0.129304    0.000139    6.973832 v _12403_/A1 (sky130_fd_sc_hd__a21oi_1)
     2    0.006770    0.183422    0.207467    7.181299 ^ _12403_/Y (sky130_fd_sc_hd__a21oi_1)
                                                         _05489_ (net)
                      0.183422    0.000037    7.181336 ^ _12425_/A2 (sky130_fd_sc_hd__o21bai_1)
     3    0.007458    0.079412    0.114950    7.296286 v _12425_/Y (sky130_fd_sc_hd__o21bai_1)
                                                         _05511_ (net)
                      0.079412    0.000033    7.296319 v _12428_/A1 (sky130_fd_sc_hd__a21oi_1)
     3    0.010496    0.255130    0.239755    7.536073 ^ _12428_/Y (sky130_fd_sc_hd__a21oi_1)
                                                         _05514_ (net)
                      0.255130    0.000030    7.536104 ^ _12437_/A2 (sky130_fd_sc_hd__o211ai_2)
     2    0.006866    0.084847    0.119046    7.655149 v _12437_/Y (sky130_fd_sc_hd__o211ai_2)
                                                         _05523_ (net)
                      0.084847    0.000036    7.655186 v fanout148/A (sky130_fd_sc_hd__buf_2)
     5    0.028795    0.077956    0.187439    7.842626 v fanout148/X (sky130_fd_sc_hd__buf_2)
                                                         net148 (net)
                      0.077956    0.000044    7.842670 v fanout147/A (sky130_fd_sc_hd__dlymetal6s2s_1)
     5    0.017861    0.100346    0.206659    8.049329 v fanout147/X (sky130_fd_sc_hd__dlymetal6s2s_1)
                                                         net147 (net)
                      0.100346    0.000207    8.049536 v _12441_/A (sky130_fd_sc_hd__nand2_1)
     1    0.004729    0.064033    0.089854    8.139390 ^ _12441_/Y (sky130_fd_sc_hd__nand2_1)
                                                         _05527_ (net)
                      0.064033    0.000047    8.139437 ^ fanout129/A (sky130_fd_sc_hd__dlymetal6s2s_1)
     2    0.015276    0.170876    0.185172    8.324609 ^ fanout129/X (sky130_fd_sc_hd__dlymetal6s2s_1)
                                                         net129 (net)
                      0.170876    0.000007    8.324615 ^ fanout128/A (sky130_fd_sc_hd__dlymetal6s2s_1)
     5    0.017300    0.189963    0.227719    8.552335 ^ fanout128/X (sky130_fd_sc_hd__dlymetal6s2s_1)
                                                         net128 (net)
                      0.189963    0.000067    8.552402 ^ fanout127/A (sky130_fd_sc_hd__buf_1)
     2    0.006864    0.089954    0.144165    8.696567 ^ fanout127/X (sky130_fd_sc_hd__buf_1)
                                                         net127 (net)
                      0.089954    0.000042    8.696609 ^ fanout124/A (sky130_fd_sc_hd__buf_1)
     4    0.014845    0.180278    0.189294    8.885902 ^ fanout124/X (sky130_fd_sc_hd__buf_1)
                                                         net124 (net)
                      0.180278    0.000049    8.885951 ^ fanout122/A (sky130_fd_sc_hd__dlymetal6s2s_1)
     5    0.016571    0.183245    0.224839    9.110789 ^ fanout122/X (sky130_fd_sc_hd__dlymetal6s2s_1)
                                                         net122 (net)
                      0.183245    0.000155    9.110944 ^ _12474_/A1 (sky130_fd_sc_hd__a21oi_1)
     2    0.005208    0.077134    0.106614    9.217559 v _12474_/Y (sky130_fd_sc_hd__a21oi_1)
                                                         _05560_ (net)
                      0.077134    0.000019    9.217577 v fanout117/A (sky130_fd_sc_hd__buf_1)
     5    0.010248    0.065826    0.135593    9.353170 v fanout117/X (sky130_fd_sc_hd__buf_1)
                                                         net117 (net)
                      0.065826    0.000039    9.353209 v _12491_/B (sky130_fd_sc_hd__nand3_1)
     1    0.004126    0.071240    0.093794    9.447003 ^ _12491_/Y (sky130_fd_sc_hd__nand3_1)
                                                         _05577_ (net)
                      0.071240    0.000032    9.447036 ^ fanout116/A (sky130_fd_sc_hd__buf_1)
     4    0.014668    0.178161    0.182913    9.629949 ^ fanout116/X (sky130_fd_sc_hd__buf_1)
                                                         net116 (net)
                      0.178161    0.000115    9.630063 ^ fanout115/A (sky130_fd_sc_hd__buf_1)
     5    0.013843    0.168790    0.198012    9.828075 ^ fanout115/X (sky130_fd_sc_hd__buf_1)
                                                         net115 (net)
                      0.168790    0.000089    9.828164 ^ _12526_/A (sky130_fd_sc_hd__nor2_1)
     1    0.002377    0.045570    0.066340    9.894505 v _12526_/Y (sky130_fd_sc_hd__nor2_1)
                                                         _05612_ (net)
                      0.045570    0.000004    9.894508 v fanout106/A (sky130_fd_sc_hd__buf_1)
     2    0.014649    0.090006    0.140020   10.034529 v fanout106/X (sky130_fd_sc_hd__buf_1)
                                                         net106 (net)
                      0.090006    0.000067   10.034595 v fanout105/A (sky130_fd_sc_hd__buf_1)
     2    0.009438    0.061433    0.137883   10.172479 v fanout105/X (sky130_fd_sc_hd__buf_1)
                                                         net105 (net)
                      0.061433    0.000002   10.172481 v fanout104/A (sky130_fd_sc_hd__buf_1)
     5    0.013179    0.081868    0.140982   10.313463 v fanout104/X (sky130_fd_sc_hd__buf_1)
                                                         net104 (net)
                      0.081868    0.000070   10.313534 v _13932_/D (sky130_fd_sc_hd__and4bb_1)
     1    0.002311    0.039043    0.207680   10.521214 v _13932_/X (sky130_fd_sc_hd__and4bb_1)
                                                         _06874_ (net)
                      0.039043    0.000008   10.521221 v _13934_/B (sky130_fd_sc_hd__or3b_1)
     1    0.003725    0.071596    0.349443   10.870665 v _13934_/X (sky130_fd_sc_hd__or3b_1)
                                                         multiplier_inst.man_final[22] (net)
                      0.071596    0.000034   10.870698 v _14522_/D (sky130_fd_sc_hd__dfrtp_1)
                                             10.870698   data arrival time

                                  8.000000    8.000000   clock clk (rise edge)
                                  0.000000    8.000000   clock source latency
     1    0.028415    0.133362    0.092962    8.092962 ^ clk (in)
                                                         clk (net)
                      0.133417    0.000000    8.092962 ^ clkbuf_0_clk/A (sky130_fd_sc_hd__clkbuf_16)
     2    0.027841    0.049509    0.164571    8.257534 ^ clkbuf_0_clk/X (sky130_fd_sc_hd__clkbuf_16)
                                                         clknet_0_clk (net)
                      0.049521    0.000443    8.257977 ^ clkbuf_1_1__f_clk/A (sky130_fd_sc_hd__clkbuf_16)
    11    0.079302    0.095989    0.172519    8.430495 ^ clkbuf_1_1__f_clk/X (sky130_fd_sc_hd__clkbuf_16)
                                                         clknet_1_1__leaf_clk (net)
                      0.096079    0.001621    8.432117 ^ clkbuf_leaf_1_clk/A (sky130_fd_sc_hd__clkbuf_8)
    17    0.060132    0.113798    0.200315    8.632432 ^ clkbuf_leaf_1_clk/X (sky130_fd_sc_hd__clkbuf_8)
                                                         clknet_leaf_1_clk (net)
                      0.113798    0.000330    8.632761 ^ _14522_/CLK (sky130_fd_sc_hd__dfrtp_1)
                                 -0.250000    8.382761   clock uncertainty
                                  0.000000    8.382761   clock reconvergence pessimism
                                 -0.110088    8.272674   library setup time
                                              8.272674   data required time
---------------------------------------------------------------------------------------------
                                              8.272674   data required time
                                            -10.870698   data arrival time
---------------------------------------------------------------------------------------------
                                             -2.598025   slack (VIOLATED)




===========================================================================
 report_check_types -max_slew -max_cap -max_fanout -violators
============================================================================
======================= nom_tt_025C_1v80 Corner ===================================

max fanout

Pin                                   Limit Fanout  Slack
---------------------------------------------------------
clkbuf_leaf_8_clk/X                       5     26    -21 (VIOLATED)
clkbuf_leaf_12_clk/X                      5     25    -20 (VIOLATED)
clkbuf_leaf_17_clk/X                      5     25    -20 (VIOLATED)
clkbuf_leaf_7_clk/X                       5     25    -20 (VIOLATED)
clkbuf_leaf_0_clk/X                       5     24    -19 (VIOLATED)
clkbuf_leaf_4_clk/X                       5     21    -16 (VIOLATED)
clkbuf_leaf_20_clk/X                      5     20    -15 (VIOLATED)
clkbuf_leaf_11_clk/X                      5     19    -14 (VIOLATED)
clkbuf_leaf_14_clk/X                      5     19    -14 (VIOLATED)
clkbuf_leaf_6_clk/X                       5     18    -13 (VIOLATED)
clkbuf_leaf_1_clk/X                       5     17    -12 (VIOLATED)
clkbuf_leaf_5_clk/X                       5     17    -12 (VIOLATED)
clkbuf_leaf_18_clk/X                      5     16    -11 (VIOLATED)
clkbuf_leaf_3_clk/X                       5     12     -7 (VIOLATED)
clkbuf_1_0__f_clk/X                       5     11     -6 (VIOLATED)
clkbuf_1_1__f_clk/X                       5     11     -6 (VIOLATED)
clkbuf_leaf_2_clk/X                       5     11     -6 (VIOLATED)
clkbuf_leaf_15_clk/X                      5     10     -5 (VIOLATED)
clkbuf_leaf_9_clk/X                       5      9     -4 (VIOLATED)
_08804_/Y                                 5      7     -2 (VIOLATED)
clkbuf_leaf_10_clk/X                      5      7     -2 (VIOLATED)
_08138_/Y                                 5      6        (VIOLATED)



===========================================================================
report_parasitic_annotation -report_unannotated
============================================================================
Found 20 unannotated drivers.
 clkload0/X
 clkload1/Y
 clkload10/X
 clkload11/Y
 clkload12/Y
 clkload13/Y
 clkload14/Y
 clkload15/Y
 clkload16/Y
 clkload17/X
 clkload18/Y
 clkload19/Y
 clkload2/Y
 clkload3/Y
 clkload4/Y
 clkload5/Y
 clkload6/Y
 clkload7/X
 clkload8/Y
 clkload9/Y
Found 0 partially unannotated drivers.

===========================================================================
max slew violation count 0
Writing metric design__max_slew_violation__count__corner:nom_tt_025C_1v80: 0
max fanout violation count 22
Writing metric design__max_fanout_violation__count__corner:nom_tt_025C_1v80: 22
max cap violation count 0
Writing metric design__max_cap_violation__count__corner:nom_tt_025C_1v80: 0
============================================================================

===========================================================================
check_setup -verbose -unconstrained_endpoints -multiple_clock -no_clock -no_input_delay -loops -generated_clocks
===========================================================================
