Clock: clk
Sources: clk 
Generated: no
Virtual: yes
Propagated: no
Period: 8.000000

===========================================================================
report_clock_properties
============================================================================
Clock                   Period          Waveform
----------------------------------------------------
clk                   8.000000    0.000000  4.000000

===========================================================================
report_clock_latency
============================================================================
Clock clk
rise -> rise
    min     max
0.000000 0.000000 source latency
0.616185         network latency _14390_/CLK
        0.637443 network latency _14364_/CLK
---------------
0.616185 0.637443 latency
        0.021257 skew

fall -> fall
    min     max
0.000000 0.000000 source latency
0.556207         network latency _14390_/CLK
        0.572835 network latency _14364_/CLK
---------------
0.556207 0.572835 latency
        0.016628 skew



===========================================================================
report_clock_min_period
============================================================================
clk period_min = 10.60 fmax = 94.36
