
===========================================================================
Violator List
============================================================================
[setup reg-reg] _14420_/Q -> _14522_/D : -2.598025
[setup reg-reg] _14381_/Q -> _14499_/D : -2.588164
[setup reg-reg] _14381_/Q -> _14518_/D : -2.554690
[setup reg-reg] _14381_/Q -> _14519_/D : -2.518066
[setup reg-reg] _14381_/Q -> _14528_/D : -2.479709
[setup reg-reg] _14420_/Q -> _14526_/D : -2.451015
[setup reg-reg] _14420_/Q -> _14530_/D : -2.417085
[setup reg-reg] _14381_/Q -> _14527_/D : -2.413193
[setup reg-reg] _14381_/Q -> _14529_/D : -2.396701
[setup reg-reg] _14381_/Q -> _14517_/D : -2.386655
[setup reg-reg] _14381_/Q -> _14524_/D : -2.362084
[setup reg-reg] _14381_/Q -> _14516_/D : -2.280386
[setup reg-reg] _14381_/Q -> _14523_/D : -2.194340
[setup reg-reg] _14381_/Q -> _14514_/D : -2.179576
[setup reg-reg] _14381_/Q -> _14525_/D : -2.150132
[setup reg-reg] _14381_/Q -> _14513_/D : -2.137596
[setup reg-reg] _14381_/Q -> _14521_/D : -2.083211
[setup reg-reg] _14420_/Q -> _14515_/D : -2.058098
[setup reg-reg] _14404_/Q -> _14359_/D : -2.047766
[setup reg-reg] _14381_/Q -> _14512_/D : -1.985171
[setup reg-reg] _14381_/Q -> _14509_/D : -1.944458
[setup reg-reg] _14404_/Q -> _14356_/D : -1.835244
[setup reg-reg] _14404_/Q -> _14372_/D : -1.751840
[setup reg-reg] _14381_/Q -> _14507_/D : -1.738548
[setup reg-reg] _14381_/Q -> _14520_/D : -1.705573
[setup reg-reg] _14404_/Q -> _14360_/D : -1.702824
[setup reg-reg] _14404_/Q -> _14361_/D : -1.698021
[setup reg-reg] _14404_/Q -> _14373_/D : -1.678968
[setup reg-reg] _14404_/Q -> _14353_/D : -1.660482
[setup reg-reg] _14404_/Q -> _14354_/D : -1.660413
[setup reg-reg] _14404_/Q -> _14365_/D : -1.639156
[setup reg-reg] _14420_/Q -> _14511_/D : -1.638207
[setup reg-reg] _14404_/Q -> _14370_/D : -1.627658
[setup reg-reg] _14381_/Q -> _14506_/D : -1.622885
[setup reg-reg] _14404_/Q -> _14357_/D : -1.617691
[setup reg-reg] _14404_/Q -> _14366_/D : -1.598834
[setup reg-reg] _14404_/Q -> _14369_/D : -1.583381
[setup reg-reg] _14404_/Q -> _14355_/D : -1.579295
[setup reg-reg] _14404_/Q -> _14358_/D : -1.579021
[setup reg-reg] _14420_/Q -> _14503_/D : -1.557484
[setup reg-reg] _14381_/Q -> _14510_/D : -1.508503
[setup reg-reg] _14420_/Q -> _14505_/D : -1.471350
[setup reg-reg] _14420_/Q -> _14508_/D : -1.466876
[setup reg-reg] _14404_/Q -> _14364_/D : -1.462687
[setup reg-reg] _14404_/Q -> _14367_/D : -1.451283
[setup reg-reg] _14420_/Q -> _14501_/D : -1.425159
[setup reg-reg] _14420_/Q -> _14504_/D : -1.352305
[setup reg-reg] _14381_/Q -> _14502_/D : -1.341886
[setup reg-reg] _14404_/Q -> _14368_/D : -1.274612
[setup reg-reg] _14404_/Q -> _14492_/D : -1.240973
[setup reg-reg] _14381_/Q -> _14500_/D : -1.201068
[setup reg-reg] _14404_/Q -> _14363_/D : -0.982006
[setup reg-reg] _14404_/Q -> _14375_/D : -0.944171
[setup reg-reg] _14404_/Q -> _14374_/D : -0.935530
[setup reg-reg] _14404_/Q -> _14362_/D : -0.854942
[setup reg-reg] _14404_/Q -> _14371_/D : -0.818452
[setup reg-reg] _14404_/Q -> _14352_/D : -0.704977
Writing metric timing__hold_vio__count__corner:nom_tt_025C_1v80: 0
Writing metric timing__hold_r2r__ws__corner:nom_tt_025C_1v80: 0.109293
Writing metric timing__hold_r2r_vio__count__corner:nom_tt_025C_1v80: 0
Writing metric timing__setup_vio__count__corner:nom_tt_025C_1v80: 57
Writing metric timing__setup_r2r__ws__corner:nom_tt_025C_1v80: -2.598025
Writing metric timing__setup_r2r_vio__count__corner:nom_tt_025C_1v80: 57
