
===========================================================================
report_checks -unconstrained
===========================================================================
======================= nom_ss_100C_1v60 Corner ===================================

Startpoint: rst (input port clocked by clk)
Endpoint: _15981_ (recovery check against rising-edge clock clk)
Path Group: asynchronous
Path Type: max

Fanout         Cap        Slew       Delay        Time   Description
---------------------------------------------------------------------------------------------
                                  0.000000    0.000000   clock clk (rise edge)
                                  0.000000    0.000000   clock network delay (propagated)
                                  5.000000    5.000000 v input external delay
     1    0.002870    0.018727    0.009454    5.009454 v rst (in)
                                                         rst (net)
                      0.018727    0.000000    5.009454 v input67/A (sky130_fd_sc_hd__clkbuf_1)
     1    0.004505    0.067469    0.152981    5.162435 v input67/X (sky130_fd_sc_hd__clkbuf_1)
                                                         net67 (net)
                      0.067469    0.000159    5.162594 v fanout307/A (sky130_fd_sc_hd__buf_4)
     5    0.083096    0.201088    0.385409    5.548003 v fanout307/X (sky130_fd_sc_hd__buf_4)
                                                         net307 (net)
                      0.201285    0.005625    5.553628 v fanout279/A (sky130_fd_sc_hd__buf_2)
     5    0.053824    0.244153    0.466572    6.020201 v fanout279/X (sky130_fd_sc_hd__buf_2)
                                                         net279 (net)
                      0.244154    0.000959    6.021159 v fanout278/A (sky130_fd_sc_hd__clkbuf_4)
     8    0.044671    0.172190    0.433142    6.454301 v fanout278/X (sky130_fd_sc_hd__clkbuf_4)
                                                         net278 (net)
                      0.172194    0.001097    6.455398 v fanout277/A (sky130_fd_sc_hd__buf_2)
     5    0.031990    0.157356    0.385331    6.840729 v fanout277/X (sky130_fd_sc_hd__buf_2)
                                                         net277 (net)
                      0.157356    0.000587    6.841316 v fanout276/A (sky130_fd_sc_hd__clkbuf_4)
     9    0.041808    0.162897    0.385256    7.226572 v fanout276/X (sky130_fd_sc_hd__clkbuf_4)
                                                         net276 (net)
                      0.162904    0.001271    7.227843 v fanout275/A (sky130_fd_sc_hd__clkbuf_4)
     7    0.039242    0.154867    0.381209    7.609052 v fanout275/X (sky130_fd_sc_hd__clkbuf_4)
                                                         net275 (net)
                      0.154870    0.000980    7.610032 v _15667_/A (sky130_fd_sc_hd__inv_2)
     1    0.004058    0.058654    0.105744    7.715776 ^ _15667_/Y (sky130_fd_sc_hd__inv_2)
                                                         _00229_ (net)
                      0.058654    0.000089    7.715865 ^ _15981_/RESET_B (sky130_fd_sc_hd__dfrtp_1)
                                              7.715865   data arrival time

                                 25.000000   25.000000   clock clk (rise edge)
                                  0.000000   25.000000   clock source latency
     1    0.041043    0.296459    0.209056   25.209055 ^ clk (in)
                                                         clk (net)
                      0.296666    0.000000   25.209055 ^ clkbuf_0_clk/A (sky130_fd_sc_hd__clkbuf_16)
     2    0.042745    0.098603    0.353461   25.562517 ^ clkbuf_0_clk/X (sky130_fd_sc_hd__clkbuf_16)
                                                         clknet_0_clk (net)
                      0.098669    0.001720   25.564236 ^ clkbuf_1_0__f_clk/A (sky130_fd_sc_hd__clkbuf_16)
    14    0.149235    0.245611    0.379426   25.943663 ^ clkbuf_1_0__f_clk/X (sky130_fd_sc_hd__clkbuf_16)
                                                         clknet_1_0__leaf_clk (net)
                      0.246013    0.007164   25.950827 ^ clkbuf_leaf_7_clk/A (sky130_fd_sc_hd__clkbuf_8)
    14    0.051108    0.157131    0.378137   26.328962 ^ clkbuf_leaf_7_clk/X (sky130_fd_sc_hd__clkbuf_8)
                                                         clknet_leaf_7_clk (net)
                      0.157134    0.000970   26.329933 ^ _15981_/CLK (sky130_fd_sc_hd__dfrtp_1)
                                 -0.250000   26.079933   clock uncertainty
                                  0.000000   26.079933   clock reconvergence pessimism
                                  0.495773   26.575706   library recovery time
                                             26.575706   data required time
---------------------------------------------------------------------------------------------
                                             26.575706   data required time
                                             -7.715865   data arrival time
---------------------------------------------------------------------------------------------
                                             18.859840   slack (MET)


Startpoint: _15991_ (rising edge-triggered flip-flop clocked by clk)
Endpoint: _16083_ (rising edge-triggered flip-flop clocked by clk)
Path Group: clk
Path Type: max

Fanout         Cap        Slew       Delay        Time   Description
---------------------------------------------------------------------------------------------
                                  0.000000    0.000000   clock clk (rise edge)
                                  0.000000    0.000000   clock source latency
     1    0.041043    0.296459    0.209055    0.209055 ^ clk (in)
                                                         clk (net)
                      0.296666    0.000000    0.209055 ^ clkbuf_0_clk/A (sky130_fd_sc_hd__clkbuf_16)
     2    0.042745    0.098603    0.353461    0.562516 ^ clkbuf_0_clk/X (sky130_fd_sc_hd__clkbuf_16)
                                                         clknet_0_clk (net)
                      0.098669    0.001720    0.564237 ^ clkbuf_1_0__f_clk/A (sky130_fd_sc_hd__clkbuf_16)
    14    0.149235    0.245611    0.379426    0.943663 ^ clkbuf_1_0__f_clk/X (sky130_fd_sc_hd__clkbuf_16)
                                                         clknet_1_0__leaf_clk (net)
                      0.246032    0.007375    0.951038 ^ clkbuf_leaf_6_clk/A (sky130_fd_sc_hd__clkbuf_8)
    21    0.060099    0.179020    0.394820    1.345858 ^ clkbuf_leaf_6_clk/X (sky130_fd_sc_hd__clkbuf_8)
                                                         clknet_leaf_6_clk (net)
                      0.179022    0.000945    1.346802 ^ _15991_/CLK (sky130_fd_sc_hd__dfrtp_2)
     2    0.028925    0.245113    0.894215    2.241017 ^ _15991_/Q (sky130_fd_sc_hd__dfrtp_2)
                                                         adder_inst.man_b_r[7] (net)
                      0.245120    0.001719    2.242736 ^ fanout154/A (sky130_fd_sc_hd__buf_4)
    10    0.095480    0.419915    0.542147    2.784883 ^ fanout154/X (sky130_fd_sc_hd__buf_4)
                                                         net154 (net)
                      0.420301    0.008608    2.793491 ^ fanout153/A (sky130_fd_sc_hd__clkbuf_4)
     6    0.074619    0.356635    0.615605    3.409096 ^ fanout153/X (sky130_fd_sc_hd__clkbuf_4)
                                                         net153 (net)
                      0.356646    0.002371    3.411467 ^ fanout152/A (sky130_fd_sc_hd__clkbuf_4)
    10    0.063425    0.307808    0.550879    3.962346 ^ fanout152/X (sky130_fd_sc_hd__clkbuf_4)
                                                         net152 (net)
                      0.307898    0.005100    3.967446 ^ _07995_/B (sky130_fd_sc_hd__nand2_1)
     2    0.007193    0.151484    0.244044    4.211490 v _07995_/Y (sky130_fd_sc_hd__nand2_1)
                                                         _07766_ (net)
                      0.151484    0.000187    4.211678 v _07996_/A (sky130_fd_sc_hd__inv_2)
     2    0.009473    0.089645    0.136443    4.348121 ^ _07996_/Y (sky130_fd_sc_hd__inv_2)
                                                         _07767_ (net)
                      0.089645    0.000292    4.348413 ^ _08057_/B (sky130_fd_sc_hd__nand2_1)
     3    0.008816    0.161183    0.184112    4.532525 v _08057_/Y (sky130_fd_sc_hd__nand2_1)
                                                         _07828_ (net)
                      0.161184    0.000212    4.532737 v _08063_/A (sky130_fd_sc_hd__nand3_1)
     3    0.008289    0.175537    0.203569    4.736306 ^ _08063_/Y (sky130_fd_sc_hd__nand3_1)
                                                         _07834_ (net)
                      0.175537    0.000155    4.736462 ^ _08197_/B (sky130_fd_sc_hd__nand2_1)
     3    0.006990    0.134805    0.195568    4.932030 v _08197_/Y (sky130_fd_sc_hd__nand2_1)
                                                         _00496_ (net)
                      0.134805    0.000176    4.932206 v _08209_/B (sky130_fd_sc_hd__nor2_1)
     2    0.010059    0.327560    0.317546    5.249752 ^ _08209_/Y (sky130_fd_sc_hd__nor2_1)
                                                         _00508_ (net)
                      0.327560    0.000221    5.249973 ^ _08210_/A (sky130_fd_sc_hd__inv_2)
     2    0.005229    0.073027    0.139653    5.389626 v _08210_/Y (sky130_fd_sc_hd__inv_2)
                                                         _00509_ (net)
                      0.073027    0.000108    5.389734 v _08213_/A (sky130_fd_sc_hd__nand3_1)
     1    0.002888    0.102869    0.104978    5.494711 ^ _08213_/Y (sky130_fd_sc_hd__nand3_1)
                                                         _00512_ (net)
                      0.102869    0.000084    5.494796 ^ _08214_/B (sky130_fd_sc_hd__nand2_1)
     3    0.009213    0.168595    0.193828    5.688624 v _08214_/Y (sky130_fd_sc_hd__nand2_1)
                                                         _00513_ (net)
                      0.168595    0.000234    5.688859 v _08221_/A2 (sky130_fd_sc_hd__a21boi_1)
     2    0.006538    0.279959    0.355145    6.044003 ^ _08221_/Y (sky130_fd_sc_hd__a21boi_1)
                                                         _00520_ (net)
                      0.279959    0.000134    6.044137 ^ _08222_/B (sky130_fd_sc_hd__nand2_1)
     4    0.013249    0.233008    0.309562    6.353699 v _08222_/Y (sky130_fd_sc_hd__nand2_1)
                                                         _00521_ (net)
                      0.233008    0.000325    6.354024 v _08262_/A1 (sky130_fd_sc_hd__a21oi_1)
     3    0.012988    0.478135    0.509942    6.863966 ^ _08262_/Y (sky130_fd_sc_hd__a21oi_1)
                                                         _00561_ (net)
                      0.478135    0.000363    6.864329 ^ _08265_/A (sky130_fd_sc_hd__nand3_1)
     3    0.012842    0.360195    0.470748    7.335077 v _08265_/Y (sky130_fd_sc_hd__nand3_1)
                                                         _00564_ (net)
                      0.360195    0.000599    7.335676 v _09196_/A1 (sky130_fd_sc_hd__a21oi_1)
     2    0.010171    0.390343    0.495351    7.831028 ^ _09196_/Y (sky130_fd_sc_hd__a21oi_1)
                                                         _01495_ (net)
                      0.390343    0.000356    7.831384 ^ _09199_/A (sky130_fd_sc_hd__nand3_1)
     3    0.008808    0.272206    0.364133    8.195517 v _09199_/Y (sky130_fd_sc_hd__nand3_1)
                                                         _01498_ (net)
                      0.272206    0.000246    8.195763 v _12066_/A2 (sky130_fd_sc_hd__a21boi_1)
     2    0.008714    0.346745    0.446210    8.641973 ^ _12066_/Y (sky130_fd_sc_hd__a21boi_1)
                                                         _04365_ (net)
                      0.346745    0.000272    8.642244 ^ _12067_/A (sky130_fd_sc_hd__inv_2)
     1    0.002631    0.062940    0.119002    8.761246 v _12067_/Y (sky130_fd_sc_hd__inv_2)
                                                         _04366_ (net)
                      0.062940    0.000075    8.761322 v _12122_/A (sky130_fd_sc_hd__nand2_1)
     3    0.009296    0.155809    0.151452    8.912774 ^ _12122_/Y (sky130_fd_sc_hd__nand2_1)
                                                         _04421_ (net)
                      0.155809    0.000215    8.912989 ^ _12131_/A (sky130_fd_sc_hd__nand3_1)
     3    0.011551    0.312239    0.320489    9.233479 v _12131_/Y (sky130_fd_sc_hd__nand3_1)
                                                         _04430_ (net)
                      0.312239    0.000163    9.233641 v _12137_/A (sky130_fd_sc_hd__nand2_1)
     2    0.004578    0.120173    0.207876    9.441516 ^ _12137_/Y (sky130_fd_sc_hd__nand2_1)
                                                         _04436_ (net)
                      0.120173    0.000068    9.441584 ^ _12190_/A_N (sky130_fd_sc_hd__nand2b_1)
     3    0.018179    0.305636    0.358007    9.799591 ^ _12190_/Y (sky130_fd_sc_hd__nand2b_1)
                                                         _04489_ (net)
                      0.305730    0.000957    9.800548 ^ _12192_/A (sky130_fd_sc_hd__nand2_1)
     2    0.012757    0.232215    0.312890   10.113438 v _12192_/Y (sky130_fd_sc_hd__nand2_1)
                                                         _04491_ (net)
                      0.232215    0.000282   10.113720 v _12193_/B (sky130_fd_sc_hd__nor2_1)
     3    0.009649    0.316081    0.347920   10.461639 ^ _12193_/Y (sky130_fd_sc_hd__nor2_1)
                                                         _04492_ (net)
                      0.316081    0.000272   10.461911 ^ _12231_/A (sky130_fd_sc_hd__nand2_1)
     1    0.002996    0.104011    0.184000   10.645912 v _12231_/Y (sky130_fd_sc_hd__nand2_1)
                                                         _04530_ (net)
                      0.104011    0.000087   10.645999 v _12232_/B (sky130_fd_sc_hd__nor2_1)
     1    0.002738    0.128245    0.152657   10.798656 ^ _12232_/Y (sky130_fd_sc_hd__nor2_1)
                                                         _04531_ (net)
                      0.128245    0.000079   10.798736 ^ _12233_/B (sky130_fd_sc_hd__nand2_1)
     1    0.006602    0.145411    0.172798   10.971534 v _12233_/Y (sky130_fd_sc_hd__nand2_1)
                                                         _04532_ (net)
                      0.145411    0.000240   10.971773 v _12251_/A (sky130_fd_sc_hd__nand2_2)
     5    0.035841    0.306914    0.297361   11.269135 ^ _12251_/Y (sky130_fd_sc_hd__nand2_2)
                                                         _04550_ (net)
                      0.306987    0.003896   11.273031 ^ _13064_/A (sky130_fd_sc_hd__nand2_1)
     1    0.002670    0.098779    0.175882   11.448914 v _13064_/Y (sky130_fd_sc_hd__nand2_1)
                                                         _05363_ (net)
                      0.098779    0.000076   11.448990 v _13085_/A (sky130_fd_sc_hd__nand2_1)
     4    0.011993    0.193045    0.195043   11.644032 ^ _13085_/Y (sky130_fd_sc_hd__nand2_1)
                                                         _05384_ (net)
                      0.193049    0.000648   11.644681 ^ _13286_/A (sky130_fd_sc_hd__nand2_1)
     2    0.011706    0.207276    0.253032   11.897714 v _13286_/Y (sky130_fd_sc_hd__nand2_1)
                                                         _05585_ (net)
                      0.207276    0.000553   11.898267 v _13293_/A (sky130_fd_sc_hd__nand2_1)
     2    0.006304    0.119032    0.188531   12.086798 ^ _13293_/Y (sky130_fd_sc_hd__nand2_1)
                                                         _05592_ (net)
                      0.119032    0.000165   12.086963 ^ _13332_/A (sky130_fd_sc_hd__nand2_1)
     1    0.003017    0.076177    0.117337   12.204300 v _13332_/Y (sky130_fd_sc_hd__nand2_1)
                                                         _05631_ (net)
                      0.076177    0.000063   12.204363 v _13334_/A (sky130_fd_sc_hd__nand2_1)
     2    0.004496    0.090858    0.109197   12.313560 ^ _13334_/Y (sky130_fd_sc_hd__nand2_1)
                                                         _05633_ (net)
                      0.090858    0.000117   12.313678 ^ _13342_/A (sky130_fd_sc_hd__nand2_1)
     3    0.014338    0.246328    0.241765   12.555443 v _13342_/Y (sky130_fd_sc_hd__nand2_1)
                                                         _05641_ (net)
                      0.246328    0.000168   12.555611 v _13343_/A (sky130_fd_sc_hd__nand2_1)
     1    0.009267    0.160192    0.235183   12.790793 ^ _13343_/Y (sky130_fd_sc_hd__nand2_1)
                                                         _05642_ (net)
                      0.160192    0.000275   12.791069 ^ _13347_/A (sky130_fd_sc_hd__nand2_4)
    10    0.044507    0.206218    0.231661   13.022730 v _13347_/Y (sky130_fd_sc_hd__nand2_4)
                                                         _05646_ (net)
                      0.206272    0.002764   13.025494 v _13363_/A (sky130_fd_sc_hd__nand2_1)
     2    0.010379    0.196256    0.229264   13.254758 ^ _13363_/Y (sky130_fd_sc_hd__nand2_1)
                                                         _05662_ (net)
                      0.196256    0.000184   13.254942 ^ _13364_/A (sky130_fd_sc_hd__buf_6)
    10    0.039978    0.139940    0.292028   13.546969 ^ _13364_/X (sky130_fd_sc_hd__buf_6)
                                                         _05663_ (net)
                      0.139941    0.000748   13.547717 ^ _13391_/A (sky130_fd_sc_hd__buf_6)
    10    0.038607    0.135678    0.263639   13.811356 ^ _13391_/X (sky130_fd_sc_hd__buf_6)
                                                         _05690_ (net)
                      0.135679    0.000765   13.812120 ^ _13438_/A (sky130_fd_sc_hd__nand2_1)
     1    0.002336    0.101974    0.115057   13.927178 v _13438_/Y (sky130_fd_sc_hd__nand2_1)
                                                         _05737_ (net)
                      0.101974    0.000066   13.927244 v _13439_/B1 (sky130_fd_sc_hd__o21ai_1)
     3    0.010785    0.395877    0.262606   14.189850 ^ _13439_/Y (sky130_fd_sc_hd__o21ai_1)
                                                         _05738_ (net)
                      0.395877    0.000380   14.190229 ^ _13440_/C (sky130_fd_sc_hd__nand3_1)
     4    0.011540    0.322364    0.425299   14.615529 v _13440_/Y (sky130_fd_sc_hd__nand3_1)
                                                         _05739_ (net)
                      0.322364    0.000263   14.615791 v _13441_/B (sky130_fd_sc_hd__nor2_1)
     5    0.020039    0.608352    0.599783   15.215575 ^ _13441_/Y (sky130_fd_sc_hd__nor2_1)
                                                         _05740_ (net)
                      0.608352    0.000595   15.216170 ^ _13548_/A (sky130_fd_sc_hd__nand2_1)
     3    0.007499    0.211418    0.352308   15.568479 v _13548_/Y (sky130_fd_sc_hd__nand2_1)
                                                         _05846_ (net)
                      0.211418    0.000142   15.568621 v _13549_/B (sky130_fd_sc_hd__nor2_1)
     2    0.012486    0.394570    0.398215   15.966835 ^ _13549_/Y (sky130_fd_sc_hd__nor2_1)
                                                         _05847_ (net)
                      0.394570    0.000320   15.967155 ^ _13550_/A (sky130_fd_sc_hd__nand3_4)
     9    0.051020    0.386442    0.448583   16.415739 v _13550_/Y (sky130_fd_sc_hd__nand3_4)
                                                         _05848_ (net)
                      0.386446    0.000943   16.416681 v _15375_/A (sky130_fd_sc_hd__buf_6)
    10    0.042524    0.088751    0.405542   16.822224 v _15375_/X (sky130_fd_sc_hd__buf_6)
                                                         _07604_ (net)
                      0.088752    0.000567   16.822790 v _15420_/S (sky130_fd_sc_hd__mux2_1)
     1    0.005072    0.134114    0.729580   17.552370 v _15420_/X (sky130_fd_sc_hd__mux2_1)
                                                         _07646_ (net)
                      0.134114    0.000206   17.552576 v _15421_/A (sky130_fd_sc_hd__clkbuf_1)
     1    0.002159    0.044341    0.184077   17.736654 v _15421_/X (sky130_fd_sc_hd__clkbuf_1)
                                                         multiplier_inst.man_final[9] (net)
                      0.044360    0.000060   17.736713 v _16083_/D (sky130_fd_sc_hd__dfrtp_1)
                                             17.736713   data arrival time

                                 25.000000   25.000000   clock clk (rise edge)
                                  0.000000   25.000000   clock source latency
     1    0.041043    0.296459    0.209056   25.209055 ^ clk (in)
                                                         clk (net)
                      0.296666    0.000000   25.209055 ^ clkbuf_0_clk/A (sky130_fd_sc_hd__clkbuf_16)
     2    0.042745    0.098603    0.353461   25.562517 ^ clkbuf_0_clk/X (sky130_fd_sc_hd__clkbuf_16)
                                                         clknet_0_clk (net)
                      0.098672    0.001771   25.564287 ^ clkbuf_1_1__f_clk/A (sky130_fd_sc_hd__clkbuf_16)
    13    0.129412    0.217517    0.358295   25.922583 ^ clkbuf_1_1__f_clk/X (sky130_fd_sc_hd__clkbuf_16)
                                                         clknet_1_1__leaf_clk (net)
                      0.217833    0.005686   25.928268 ^ clkbuf_leaf_19_clk/A (sky130_fd_sc_hd__clkbuf_8)
    18    0.063276    0.186185    0.387535   26.315804 ^ clkbuf_leaf_19_clk/X (sky130_fd_sc_hd__clkbuf_8)
                                                         clknet_leaf_19_clk (net)
                      0.186247    0.003272   26.319077 ^ _16083_/CLK (sky130_fd_sc_hd__dfrtp_1)
                                 -0.250000   26.069077   clock uncertainty
                                  0.000000   26.069077   clock reconvergence pessimism
                                 -0.234914   25.834162   library setup time
                                             25.834162   data required time
---------------------------------------------------------------------------------------------
                                             25.834162   data required time
                                            -17.736713   data arrival time
---------------------------------------------------------------------------------------------
                                              8.097448   slack (MET)




===========================================================================
report_checks --slack_max -0.01
============================================================================
======================= nom_ss_100C_1v60 Corner ===================================

No paths found.


===========================================================================
 report_check_types -max_slew -max_cap -max_fanout -violators
============================================================================
======================= nom_ss_100C_1v60 Corner ===================================

max slew

Pin                                        Limit        Slew       Slack
------------------------------------------------------------------------
_15265_/A                               0.750000    0.836896   -0.086896 (VIOLATED)
_15287_/A                               0.750000    0.836895   -0.086895 (VIOLATED)
_15242_/A                               0.750000    0.836895   -0.086895 (VIOLATED)
_15289_/A                               0.750000    0.836892   -0.086892 (VIOLATED)
_15241_/Y                               0.750000    0.836877   -0.086877 (VIOLATED)
_15364_/A1                              0.750000    0.825268   -0.075268 (VIOLATED)
_15361_/Y                               0.750000    0.825257   -0.075257 (VIOLATED)

max fanout

Pin                                   Limit Fanout  Slack
---------------------------------------------------------
clkbuf_leaf_11_clk/X                     10     25    -15 (VIOLATED)
clkbuf_leaf_13_clk/X                     10     25    -15 (VIOLATED)
clkbuf_leaf_15_clk/X                     10     25    -15 (VIOLATED)
clkbuf_leaf_18_clk/X                     10     22    -12 (VIOLATED)
clkbuf_leaf_6_clk/X                      10     21    -11 (VIOLATED)
clkbuf_leaf_20_clk/X                     10     19     -9 (VIOLATED)
clkbuf_leaf_24_clk/X                     10     19     -9 (VIOLATED)
clkbuf_leaf_0_clk/X                      10     18     -8 (VIOLATED)
clkbuf_leaf_19_clk/X                     10     18     -8 (VIOLATED)
clkbuf_leaf_3_clk/X                      10     15     -5 (VIOLATED)
clkbuf_leaf_5_clk/X                      10     15     -5 (VIOLATED)
clkbuf_1_0__f_clk/X                      10     14     -4 (VIOLATED)
clkbuf_leaf_14_clk/X                     10     14     -4 (VIOLATED)
clkbuf_leaf_7_clk/X                      10     14     -4 (VIOLATED)
clkbuf_1_1__f_clk/X                      10     13     -3 (VIOLATED)
clkbuf_leaf_12_clk/X                     10     11        (VIOLATED)
clkbuf_leaf_8_clk/X                      10     11        (VIOLATED)
fanout151/X                              10     11        (VIOLATED)
fanout165/X                              10     11        (VIOLATED)
fanout188/X                              10     11        (VIOLATED)
fanout194/X                              10     11        (VIOLATED)
fanout197/X                              10     11        (VIOLATED)
fanout221/X                              10     11        (VIOLATED)



===========================================================================
report_parasitic_annotation -report_unannotated
============================================================================
Found 23 unannotated drivers.
 clkload0/Y
 clkload1/Y
 clkload10/Y
 clkload11/Y
 clkload12/Y
 clkload13/Y
 clkload14/X
 clkload15/Y
 clkload16/X
 clkload17/Y
 clkload18/Y
 clkload19/Y
 clkload2/Y
 clkload20/Y
 clkload21/Y
 clkload22/Y
 clkload3/Y
 clkload4/Y
 clkload5/Y
 clkload6/Y
 clkload7/Y
 clkload8/Y
 clkload9/Y
Found 0 partially unannotated drivers.

===========================================================================
max slew violation count 7
max fanout violation count 23
max cap violation count 0
============================================================================

===========================================================================
check_setup -verbose -unconstrained_endpoints -multiple_clock -no_clock -no_input_delay -loops -generated_clocks
===========================================================================
