Clock: clk
Sources: clk 
Generated: no
Virtual: yes
Propagated: no
Period: 25.000000

===========================================================================
report_clock_properties
============================================================================
Clock                   Period          Waveform
----------------------------------------------------
clk                  25.000000    0.000000 12.500000

===========================================================================
report_clock_latency
============================================================================
Clock clk
rise -> rise
    min     max
0.000000 0.000000 source latency
0.948581         network latency _15928_/CLK
        1.347521 network latency _15987_/CLK
---------------
0.948581 1.347521 latency
        0.398940 skew

fall -> fall
    min     max
0.000000 0.000000 source latency
0.829737         network latency _15928_/CLK
        1.195565 network latency _15987_/CLK
---------------
0.829737 1.195565 latency
        0.365827 skew



===========================================================================
report_clock_min_period
============================================================================
clk period_min = 16.90 fmax = 59.16
