Reading OpenROAD database at '/mnt/c/Data/IEEE/32Bit-ALU/pd/runs/RUN_2026-01-21_11-02-25/20-openroad-generatepdn/ALU.odb'…
Reading library file at '/home/diddy/.ciel/ciel/sky130/versions/0fe599b2afb6708d281543108caf8310912f54af/sky130A/libs.ref/sky130_fd_sc_hd/lib/sky130_fd_sc_hd__tt_025C_1v80.lib'…
Reading design constraints file at '/nix/store/ifgrnqkf6pcsk2qzdn5bai2rvd4skbbc-python3-3.11.9-env/lib/python3.11/site-packages/librelane/scripts/base.sdc'…
[INFO] Using clock clk…
[INFO] Setting output delay to: 4.0
[INFO] Setting input delay to: 4.0
[INFO] Setting load to: 0.033442
[INFO] Setting clock uncertainty to: 0.25
[INFO] Setting clock transition to: 0.1499999999999999944488848768742172978818416595458984375
[INFO] Setting timing derate to: 5%
+ global_placement -density 0.6197050000000001 -skip_io -pad_right 0 -pad_left 0 -init_wirelength_coef 0.25
[INFO GPL-0002] DBU: 1000
[INFO GPL-0003] SiteSize: (  0.460  2.720 ) um
[INFO GPL-0004] CoreBBox: (  5.520 10.880 ) ( 324.760 329.120 ) um
[INFO GPL-0006] NumInstances:              6611
[INFO GPL-0007] NumPlaceInstances:         4949
[INFO GPL-0008] NumFixedInstances:         1662
[INFO GPL-0009] NumDummyInstances:            0
[INFO GPL-0010] NumNets:                   5017
[INFO GPL-0011] NumPins:                  18746
[INFO GPL-0012] DieBBox:  (  0.000  0.000 ) ( 330.455 341.175 ) um
[INFO GPL-0013] CoreBBox: (  5.520 10.880 ) ( 324.760 329.120 ) um
[INFO GPL-0016] CoreArea:            101594.938 um^2
[INFO GPL-0017] NonPlaceInstsArea:     2665.056 um^2
[INFO GPL-0018] PlaceInstsArea:       51012.675 um^2
[INFO GPL-0019] Util:                    51.564 %
[INFO GPL-0020] StdInstsArea:         51012.675 um^2
[INFO GPL-0021] MacroInstsArea:           0.000 um^2
[INFO GPL-0031] FillerInit:NumGCells:      6001
[INFO GPL-0032] FillerInit:NumGNets:       5017
[INFO GPL-0033] FillerInit:NumGPins:      18746
[INFO GPL-0023] TargetDensity:            0.620
[INFO GPL-0024] AvrgPlaceInstArea:       10.308 um^2
[INFO GPL-0025] IdealBinArea:            16.633 um^2
[INFO GPL-0026] IdealBinCnt:               6107
[INFO GPL-0027] TotalBinArea:        101594.938 um^2
[INFO GPL-0028] BinCnt:        64     64
[INFO GPL-0029] BinSize: (  4.989  4.973 )
[INFO GPL-0030] NumBins: 4096
[NesterovSolve] Iter:    1 overflow: 0.997 HPWL: 12837839
[NesterovSolve] Iter:   10 overflow: 0.996 HPWL: 8572860
[NesterovSolve] Iter:   20 overflow: 0.995 HPWL: 8049851
[NesterovSolve] Iter:   30 overflow: 0.995 HPWL: 7791171
[NesterovSolve] Iter:   40 overflow: 0.995 HPWL: 7676915
[NesterovSolve] Iter:   50 overflow: 0.995 HPWL: 7637419
[NesterovSolve] Iter:   60 overflow: 0.994 HPWL: 7622775
[NesterovSolve] Iter:   70 overflow: 0.994 HPWL: 7615654
[NesterovSolve] Iter:   80 overflow: 0.994 HPWL: 7610275
[NesterovSolve] Iter:   90 overflow: 0.994 HPWL: 7607235
[NesterovSolve] Iter:  100 overflow: 0.994 HPWL: 7629403
[NesterovSolve] Iter:  110 overflow: 0.994 HPWL: 7726190
[NesterovSolve] Iter:  120 overflow: 0.992 HPWL: 8033475
[NesterovSolve] Iter:  130 overflow: 0.989 HPWL: 8864801
[NesterovSolve] Iter:  140 overflow: 0.984 HPWL: 10704403
[NesterovSolve] Iter:  150 overflow: 0.976 HPWL: 13733653
[NesterovSolve] Iter:  160 overflow: 0.963 HPWL: 16747205
[NesterovSolve] Iter:  170 overflow: 0.948 HPWL: 19558167
[NesterovSolve] Iter:  180 overflow: 0.929 HPWL: 22994784
[NesterovSolve] Iter:  190 overflow: 0.905 HPWL: 27032895
[NesterovSolve] Iter:  200 overflow: 0.878 HPWL: 31463259
[NesterovSolve] Iter:  210 overflow: 0.846 HPWL: 35911185
[NesterovSolve] Iter:  220 overflow: 0.814 HPWL: 40219740
[NesterovSolve] Iter:  230 overflow: 0.781 HPWL: 44966287
[NesterovSolve] Iter:  240 overflow: 0.740 HPWL: 50389322
[NesterovSolve] Iter:  250 overflow: 0.697 HPWL: 55300070
[NesterovSolve] Iter:  260 overflow: 0.653 HPWL: 59279870
[NesterovSolve] Iter:  270 overflow: 0.601 HPWL: 62573634
[NesterovSolve] Iter:  280 overflow: 0.548 HPWL: 64720332
[NesterovSolve] Iter:  290 overflow: 0.485 HPWL: 66957377
[NesterovSolve] Iter:  300 overflow: 0.452 HPWL: 68966610
[NesterovSolve] Iter:  310 overflow: 0.410 HPWL: 70916760
[NesterovSolve] Iter:  320 overflow: 0.368 HPWL: 72135622
[NesterovSolve] Iter:  330 overflow: 0.330 HPWL: 73189031
[NesterovSolve] Iter:  340 overflow: 0.305 HPWL: 73811998
[NesterovSolve] Iter:  350 overflow: 0.276 HPWL: 74699760
[NesterovSolve] Iter:  360 overflow: 0.253 HPWL: 75156285
[NesterovSolve] Iter:  370 overflow: 0.226 HPWL: 75553367
[NesterovSolve] Iter:  380 overflow: 0.204 HPWL: 75912839
[NesterovSolve] Iter:  390 overflow: 0.183 HPWL: 76210688
[NesterovSolve] Iter:  400 overflow: 0.163 HPWL: 76448465
[NesterovSolve] Iter:  410 overflow: 0.145 HPWL: 76752875
[NesterovSolve] Iter:  420 overflow: 0.128 HPWL: 77022200
[NesterovSolve] Iter:  430 overflow: 0.112 HPWL: 77326535
[NesterovSolve] Finished with Overflow: 0.098388
[INFO] Setting RC values…
Setting global connections for newly added cells…
[INFO] Setting global connections...
Updating metrics…
Cell type report:                       Count       Area
  Fill cell                               234     878.34
  Tap cell                               1428    1786.71
  Inverter                                415    1557.74
  Sequential cell                         314    8250.41
  Multi-Input combinational cell         4220   41204.52
  Total                                  6611   53677.73
Writing OpenROAD database to '/mnt/c/Data/IEEE/32Bit-ALU/pd/runs/RUN_2026-01-21_11-02-25/23-openroad-globalplacementskipio/ALU.odb'…
Writing netlist to '/mnt/c/Data/IEEE/32Bit-ALU/pd/runs/RUN_2026-01-21_11-02-25/23-openroad-globalplacementskipio/ALU.nl.v'…
Writing powered netlist to '/mnt/c/Data/IEEE/32Bit-ALU/pd/runs/RUN_2026-01-21_11-02-25/23-openroad-globalplacementskipio/ALU.pnl.v'…
Writing layout to '/mnt/c/Data/IEEE/32Bit-ALU/pd/runs/RUN_2026-01-21_11-02-25/23-openroad-globalplacementskipio/ALU.def'…
Writing timing constraints to '/mnt/c/Data/IEEE/32Bit-ALU/pd/runs/RUN_2026-01-21_11-02-25/23-openroad-globalplacementskipio/ALU.sdc'…
