Reading timing models for corner nom_tt_025C_1v80…
Reading timing library for the 'nom_tt_025C_1v80' corner at '/home/diddy/.ciel/ciel/sky130/versions/0fe599b2afb6708d281543108caf8310912f54af/sky130A/libs.ref/sky130_fd_sc_hd/lib/sky130_fd_sc_hd__tt_025C_1v80.lib'…
Reading timing models for corner nom_ff_n40C_1v95…
Reading timing library for the 'nom_ff_n40C_1v95' corner at '/home/diddy/.ciel/ciel/sky130/versions/0fe599b2afb6708d281543108caf8310912f54af/sky130A/libs.ref/sky130_fd_sc_hd/lib/sky130_fd_sc_hd__ff_n40C_1v95.lib'…
Reading timing models for corner nom_ss_100C_1v60…
Reading timing library for the 'nom_ss_100C_1v60' corner at '/home/diddy/.ciel/ciel/sky130/versions/0fe599b2afb6708d281543108caf8310912f54af/sky130A/libs.ref/sky130_fd_sc_hd/lib/sky130_fd_sc_hd__ss_100C_1v60.lib'…
Reading OpenROAD database at '/mnt/c/Data/IEEE/32Bit-ALU/pd/runs/RUN_2026-01-21_11-02-27/34-openroad-cts/ALU.odb'…
Reading design constraints file at '/nix/store/ifgrnqkf6pcsk2qzdn5bai2rvd4skbbc-python3-3.11.9-env/lib/python3.11/site-packages/librelane/scripts/base.sdc'…
[INFO] Using clock clk…
[INFO] Setting output delay to: 1.6
[INFO] Setting input delay to: 1.6
[INFO] Setting load to: 0.033442
[INFO] Setting clock uncertainty to: 0.25
[INFO] Setting clock transition to: 0.1499999999999999944488848768742172978818416595458984375
[INFO] Setting timing derate to: 5%
[INFO] Setting RC values…
[INFO RSZ-0094] Found 81 endpoints with setup violations.
[INFO RSZ-0099] Repairing 81 out of 81 (100.00%) violating endpoints...
   Iter   | Removed | Resized | Inserted | Cloned |  Pin  |    WNS   |   TNS      |  Viol  | Worst
          | Buffers |  Gates  | Buffers  |  Gates | Swaps |          |            | Endpts | Endpt
---------------------------------------------------------------------------------------------------
        0 |       0 |       0 |        0 |      0 |     0 |  -12.520 |     -647.4 |     81 | _14522_/D
       10 |       0 |       9 |        0 |      0 |     0 |  -11.877 |     -630.2 |     81 | _14522_/D
       20 |       0 |      16 |        4 |      0 |     1 |  -11.480 |     -619.8 |     81 | _14518_/D
       30 |       0 |      24 |        6 |      0 |     2 |  -11.202 |     -608.8 |     81 | _14522_/D
       40 |       1 |      33 |        6 |      0 |     2 |  -11.112 |     -602.5 |     81 | _14518_/D
       50 |       1 |      43 |        6 |      0 |     2 |  -10.936 |     -594.9 |     81 | _14359_/D
       60 |       1 |      52 |        6 |      0 |     3 |  -10.711 |     -584.4 |     81 | _14518_/D
       70 |       1 |      62 |        6 |      0 |     3 |  -10.640 |     -579.5 |     81 | _14518_/D
       80 |       3 |      69 |        6 |      0 |     4 |  -10.600 |     -578.3 |     81 | _14518_/D
       90 |       3 |      79 |        6 |      0 |     4 |  -10.499 |     -573.8 |     81 | _14359_/D
      100 |       3 |      89 |        6 |      0 |     4 |  -10.454 |     -571.0 |     81 | _14522_/D
      110 |       4 |      98 |        6 |      0 |     4 |  -10.398 |     -569.3 |     81 | _14518_/D
      120 |       4 |     107 |        6 |      0 |     5 |  -10.343 |     -566.2 |     81 | _14518_/D
      130 |       4 |     115 |        8 |      0 |     6 |  -10.292 |     -562.9 |     81 | _14518_/D
      140 |       4 |     125 |        8 |      0 |     6 |  -10.250 |     -559.9 |     81 | _14518_/D
      150 |       4 |     133 |       10 |      0 |     7 |  -10.211 |     -558.8 |     81 | _14518_/D
      160 |       4 |     142 |       10 |      0 |     8 |  -10.188 |     -557.9 |     81 | _14518_/D
      170 |       4 |     151 |       12 |      0 |     8 |  -10.158 |     -556.9 |     81 | _14518_/D
      180 |       4 |     159 |       14 |      0 |     9 |  -10.153 |     -556.6 |     81 | _14518_/D
      190 |       4 |     165 |       17 |      0 |    12 |  -10.087 |     -552.8 |     81 | _14522_/D
      200 |       4 |     175 |       17 |      0 |    12 |  -10.028 |     -551.2 |     81 | _14359_/D
      210 |       5 |     184 |       17 |      0 |    12 |  -10.008 |     -549.5 |     81 | _14518_/D
      220 |       5 |     194 |       17 |      0 |    12 |   -9.928 |     -545.3 |     81 | _14359_/D
      230 |       5 |     203 |       17 |      0 |    13 |   -9.807 |     -538.2 |     81 | _14522_/D
      240 |       6 |     208 |       19 |      0 |    16 |   -9.788 |     -537.9 |     81 | _14522_/D
      250 |       6 |     215 |       23 |      0 |    17 |   -9.771 |     -536.8 |     81 | _14522_/D
      260 |       6 |     220 |       30 |      0 |    19 |   -9.765 |     -536.7 |     81 | _14522_/D
      270 |       7 |     227 |       32 |      0 |    20 |   -9.614 |     -530.1 |     81 | _14518_/D
      280 |       7 |     237 |       32 |      0 |    20 |   -9.593 |     -528.6 |     81 | _14518_/D
      290 |       7 |     244 |       34 |      0 |    22 |   -9.578 |     -527.9 |     81 | _14359_/D
      300 |       8 |     252 |       34 |      0 |    23 |   -9.590 |     -527.7 |     81 | _14518_/D
      310 |       8 |     262 |       34 |      0 |    23 |   -9.532 |     -523.9 |     81 | _14518_/D
      320 |       8 |     271 |       34 |      0 |    24 |   -9.534 |     -523.7 |     81 | _14518_/D
      330 |       8 |     281 |       34 |      0 |    24 |   -9.489 |     -522.3 |     81 | _14518_/D
      340 |       8 |     289 |       34 |      0 |    26 |   -9.490 |     -522.3 |     81 | _14518_/D
      350 |       8 |     298 |       36 |      0 |    26 |   -9.480 |     -521.7 |     81 | _14359_/D
      360 |       8 |     307 |       38 |      0 |    26 |   -9.430 |     -519.3 |     81 | _14518_/D
      370 |       8 |     317 |       38 |      0 |    26 |   -9.417 |     -518.9 |     81 | _14518_/D
      380 |       9 |     326 |       38 |      0 |    26 |   -9.394 |     -518.1 |     81 | _14518_/D
      390 |       9 |     335 |       38 |      0 |    27 |   -9.385 |     -515.3 |     81 | _14359_/D
      400 |       9 |     345 |       38 |      0 |    27 |   -9.387 |     -515.3 |     81 | _14518_/D
      410 |       9 |     351 |       43 |      0 |    29 |   -9.356 |     -514.1 |     81 | _14518_/D
      420 |       9 |     360 |       46 |      0 |    29 |   -9.316 |     -512.8 |     81 | _14359_/D
      430 |       9 |     369 |       48 |      0 |    29 |   -9.261 |     -510.7 |     81 | _14518_/D
      440 |       9 |     378 |       48 |      0 |    30 |   -9.197 |     -508.4 |     81 | _14359_/D
      450 |      10 |     387 |       48 |      0 |    30 |   -9.072 |     -502.4 |     81 | _14359_/D
      460 |      10 |     397 |       48 |      0 |    30 |   -9.011 |     -501.0 |     81 | _14522_/D
      470 |      10 |     403 |       54 |      0 |    31 |   -9.001 |     -500.7 |     81 | _14518_/D
      480 |      10 |     409 |       54 |      0 |    35 |   -9.026 |     -500.8 |     81 | _14522_/D
      490 |      10 |     417 |       56 |      0 |    36 |   -8.974 |     -498.2 |     81 | _14522_/D
      500 |      10 |     426 |       58 |      0 |    36 |   -8.955 |     -497.7 |     81 | _14518_/D
      510 |      10 |     436 |       58 |      0 |    36 |   -8.941 |     -497.0 |     81 | _14522_/D
      520 |      11 |     445 |       58 |      0 |    36 |   -8.930 |     -496.8 |     81 | _14522_/D
      530 |      11 |     452 |       60 |      0 |    38 |   -8.936 |     -496.9 |     81 | _14522_/D
      540 |      12 |     459 |       62 |      0 |    39 |   -8.939 |     -496.5 |     81 | _14522_/D
      550 |      13 |     466 |       66 |      0 |    39 |   -8.910 |     -496.0 |     81 | _14522_/D
      560 |      14 |     473 |       68 |      0 |    40 |   -8.895 |     -494.1 |     81 | _14522_/D
      570 |      15 |     482 |       68 |      0 |    40 |   -8.880 |     -492.9 |     81 | _14359_/D
      580 |      16 |     489 |       70 |      0 |    41 |   -8.863 |     -492.1 |     81 | _14522_/D
      590 |      16 |     498 |       72 |      0 |    41 |   -8.849 |     -491.6 |     81 | _14359_/D
      600 |      16 |     508 |       72 |      0 |    41 |   -8.838 |     -490.1 |     81 | _14522_/D
      610 |      17 |     517 |       72 |      0 |    41 |   -8.831 |     -490.0 |     81 | _14359_/D
      620 |      20 |     522 |       74 |      0 |    42 |   -8.836 |     -489.6 |     81 | _14518_/D
      630 |      21 |     530 |       74 |      0 |    43 |   -8.807 |     -488.4 |     81 | _14522_/D
      640 |      22 |     539 |       74 |      0 |    43 |   -8.787 |     -487.3 |     81 | _14522_/D
      650 |      22 |     549 |       74 |      0 |    43 |   -8.771 |     -486.0 |     81 | _14522_/D
      660 |      22 |     557 |       74 |      0 |    45 |   -8.716 |     -484.7 |     81 | _14522_/D
      670 |      22 |     566 |       74 |      0 |    46 |   -8.703 |     -484.0 |     81 | _14359_/D
      680 |      22 |     575 |       74 |      0 |    47 |   -8.686 |     -483.1 |     81 | _14522_/D
      690 |      22 |     581 |       79 |      0 |    49 |   -8.719 |     -483.9 |     81 | _14522_/D
      700 |      22 |     589 |       81 |      0 |    50 |   -8.723 |     -484.0 |     81 | _14522_/D
      710 |      22 |     598 |       81 |      0 |    51 |   -8.691 |     -483.3 |     81 | _14522_/D
      720 |      23 |     603 |       85 |      0 |    53 |   -8.685 |     -482.8 |     81 | _14522_/D
      730 |      23 |     612 |       85 |      0 |    54 |   -8.672 |     -481.0 |     81 | _14522_/D
      740 |      23 |     621 |       87 |      0 |    54 |   -8.666 |     -480.8 |     81 | _14359_/D
      750 |      23 |     631 |       87 |      0 |    54 |   -8.656 |     -480.3 |     81 | _14522_/D
      760 |      23 |     640 |       89 |      0 |    54 |   -8.681 |     -481.1 |     81 | _14522_/D
      770 |      24 |     649 |       89 |      0 |    54 |   -8.666 |     -479.7 |     81 | _14522_/D
      780 |      24 |     659 |       89 |      0 |    54 |   -8.604 |     -478.1 |     81 | _14522_/D
      790 |      24 |     667 |       89 |      0 |    56 |   -8.695 |     -480.8 |     81 | _14522_/D
      800 |      25 |     676 |       89 |      0 |    56 |   -8.643 |     -479.2 |     81 | _14522_/D
      810 |      25 |     685 |       89 |      0 |    57 |   -8.637 |     -479.0 |     81 | _14522_/D
      820 |      25 |     694 |       91 |      0 |    57 |   -8.695 |     -480.8 |     81 | _14522_/D
      830 |      25 |     702 |       95 |      0 |    57 |   -8.622 |     -478.5 |     81 | _14522_/D
      833 |      24 |     664 |       92 |      0 |    54 |   -8.600 |     -477.9 |     81 | _14522_/D
      840 |      24 |     669 |       94 |      0 |    54 |   -8.630 |     -478.5 |     81 | _14522_/D
      850 |      24 |     676 |       96 |      0 |    56 |   -8.610 |     -477.9 |     81 | _14522_/D
      860 |      24 |     681 |      102 |      0 |    58 |   -8.599 |     -477.3 |     81 | _14359_/D
      870 |      24 |     691 |      102 |      0 |    58 |   -8.599 |     -476.9 |     81 | _14359_/D
      880 |      24 |     701 |      102 |      0 |    58 |   -8.599 |     -476.4 |     81 | _14359_/D
      890 |      24 |     710 |      102 |      0 |    59 |   -8.599 |     -477.6 |     81 | _14359_/D
      900 |      24 |     719 |      102 |      0 |    60 |   -8.615 |     -477.3 |     81 | _14522_/D
      910 |      24 |     726 |      109 |      0 |    60 |   -8.599 |     -475.7 |     81 | _14359_/D
      920 |      24 |     735 |      109 |      0 |    61 |   -8.599 |     -475.6 |     81 | _14359_/D
      930 |      24 |     745 |      109 |      0 |    61 |   -8.599 |     -475.6 |     81 | _14359_/D
      940 |      24 |     753 |      111 |      0 |    62 |   -8.599 |     -475.7 |     81 | _14359_/D
      950 |      24 |     762 |      111 |      0 |    63 |   -8.599 |     -475.5 |     81 | _14359_/D
      960 |      24 |     771 |      111 |      0 |    64 |   -8.599 |     -475.6 |     81 | _14359_/D
      970 |      25 |     779 |      111 |      0 |    65 |   -8.599 |     -474.3 |     81 | _14359_/D
      980 |      25 |     788 |      111 |      0 |    66 |   -8.599 |     -474.6 |     81 | _14359_/D
      990 |      25 |     798 |      111 |      0 |    66 |   -8.599 |     -473.8 |     81 | _14359_/D
     1000 |      26 |     802 |      115 |      0 |    69 |   -8.599 |     -473.8 |     81 | _14359_/D
     1010 |      27 |     811 |      115 |      0 |    69 |   -8.599 |     -473.4 |     81 | _14359_/D
     1020 |      28 |     818 |      115 |      0 |    71 |   -8.599 |     -473.4 |     81 | _14359_/D
     1030 |      28 |     828 |      115 |      0 |    71 |   -8.599 |     -473.2 |     81 | _14359_/D
     1040 |      29 |     836 |      117 |      0 |    71 |   -8.599 |     -472.8 |     81 | _14359_/D
     1050 |      29 |     845 |      117 |      0 |    72 |   -8.599 |     -472.7 |     81 | _14359_/D
     1060 |      29 |     855 |      117 |      0 |    72 |   -8.599 |     -472.3 |     81 | _14359_/D
     1070 |      29 |     865 |      117 |      0 |    72 |   -8.599 |     -472.1 |     81 | _14359_/D
     1080 |      29 |     875 |      117 |      0 |    72 |   -8.599 |     -472.1 |     81 | _14359_/D
     1090 |      29 |     884 |      117 |      0 |    73 |   -8.599 |     -472.5 |     81 | _14359_/D
     1100 |      29 |     894 |      117 |      0 |    73 |   -8.599 |     -471.4 |     81 | _14359_/D
     1110 |      30 |     902 |      117 |      0 |    74 |   -8.599 |     -471.2 |     81 | _14359_/D
     1120 |      30 |     911 |      119 |      0 |    74 |   -8.599 |     -470.8 |     81 | _14359_/D
     1130 |      30 |     919 |      121 |      0 |    75 |   -8.599 |     -470.6 |     81 | _14359_/D
     1140 |      30 |     926 |      121 |      0 |    78 |   -8.599 |     -470.3 |     81 | _14359_/D
     1150 |      31 |     934 |      121 |      0 |    79 |   -8.599 |     -470.0 |     81 | _14359_/D
     1160 |      32 |     942 |      121 |      0 |    80 |   -8.599 |     -469.8 |     81 | _14359_/D
     1170 |      32 |     952 |      121 |      0 |    80 |   -8.599 |     -469.5 |     81 | _14359_/D
     1180 |      33 |     961 |      121 |      0 |    80 |   -8.599 |     -469.1 |     81 | _14359_/D
     1190 |      33 |     968 |      121 |      0 |    83 |   -8.599 |     -470.9 |     81 | _14359_/D
     1200 |      34 |     973 |      127 |      0 |    84 |   -8.599 |     -471.9 |     81 | _14359_/D
     1200 |      34 |     973 |      127 |      0 |    84 |   -8.599 |     -471.9 |     81 | _14359_/D
     1210 |      34 |     981 |      127 |      0 |    85 |   -8.599 |     -470.8 |     81 | _14359_/D
     1220 |      34 |     990 |      127 |      0 |    86 |   -8.599 |     -468.6 |     81 | _14359_/D
     1230 |      34 |     999 |      127 |      0 |    87 |   -8.599 |     -468.5 |     81 | _14359_/D
     1240 |      34 |    1007 |      127 |      0 |    89 |   -8.599 |     -471.4 |     81 | _14359_/D
     1250 |      34 |    1015 |      129 |      0 |    90 |   -8.599 |     -468.2 |     81 | _14359_/D
     1260 |      36 |    1022 |      129 |      0 |    91 |   -8.599 |     -467.9 |     81 | _14359_/D
     1270 |      37 |    1028 |      137 |      0 |    91 |   -8.599 |     -467.6 |     81 | _14359_/D
     1280 |      37 |    1036 |      137 |      0 |    93 |   -8.599 |     -467.4 |     81 | _14359_/D
     1290 |      37 |    1044 |      137 |      0 |    95 |   -8.599 |     -467.0 |     81 | _14359_/D
     1300 |      38 |    1053 |      137 |      0 |    95 |   -8.599 |     -467.6 |     81 | _14359_/D
     1310 |      38 |    1061 |      137 |      0 |    97 |   -8.599 |     -467.8 |     81 | _14359_/D
     1320 |      38 |    1071 |      137 |      0 |    97 |   -8.599 |     -467.0 |     81 | _14359_/D
     1330 |      38 |    1080 |      140 |      0 |    97 |   -8.599 |     -466.5 |     81 | _14359_/D
     1340 |      38 |    1090 |      140 |      0 |    97 |   -8.599 |     -466.1 |     81 | _14359_/D
     1350 |      38 |    1097 |      142 |      0 |    99 |   -8.599 |     -465.9 |     81 | _14359_/D
     1360 |      38 |    1104 |      144 |      0 |   101 |   -8.599 |     -465.8 |     81 | _14359_/D
     1370 |      38 |    1109 |      150 |      0 |   103 |   -8.599 |     -465.5 |     81 | _14359_/D
     1380 |      38 |    1118 |      152 |      0 |   103 |   -8.599 |     -465.6 |     81 | _14359_/D
     1390 |      38 |    1126 |      154 |      0 |   104 |   -8.599 |     -465.2 |     81 | _14359_/D
     1400 |      38 |    1135 |      156 |      0 |   104 |   -8.599 |     -465.5 |     81 | _14359_/D
     1410 |      39 |    1143 |      156 |      0 |   105 |   -8.599 |     -465.3 |     81 | _14359_/D
     1420 |      39 |    1151 |      156 |      0 |   107 |   -8.599 |     -464.8 |     81 | _14359_/D
     1430 |      39 |    1158 |      161 |      0 |   108 |   -8.599 |     -467.4 |     81 | _14359_/D
     1440 |      39 |    1162 |      168 |      0 |   111 |   -8.599 |     -468.7 |     81 | _14359_/D
     1450 |      39 |    1169 |      170 |      0 |   113 |   -8.599 |     -468.8 |     81 | _14359_/D
     1460 |      39 |    1178 |      170 |      0 |   114 |   -8.599 |     -467.3 |     81 | _14359_/D
     1470 |      39 |    1186 |      172 |      0 |   115 |   -8.599 |     -466.2 |     81 | _14359_/D
     1476 |      39 |    1156 |      167 |      0 |   108 |   -8.599 |     -464.7 |     81 | _14359_/D
     1480 |      39 |    1159 |      167 |      0 |   108 |   -8.599 |     -465.7 |     81 | _14359_/D
     1490 |      39 |    1165 |      176 |      0 |   108 |   -8.599 |     -468.6 |     81 | _14359_/D
     1500 |      39 |    1173 |      180 |      0 |   108 |   -8.599 |     -466.9 |     81 | _14359_/D
     1500 |      39 |    1173 |      180 |      0 |   108 |   -8.599 |     -466.9 |     81 | _14359_/D
     1510 |      39 |    1181 |      182 |      0 |   108 |   -8.599 |     -467.6 |     81 | _14359_/D
     1520 |      40 |    1190 |      182 |      0 |   108 |   -8.599 |     -467.4 |     81 | _14359_/D
     1530 |      40 |    1199 |      182 |      0 |   109 |   -8.599 |     -466.6 |     81 | _14359_/D
     1540 |      41 |    1205 |      186 |      0 |   110 |   -8.599 |     -465.7 |     81 | _14359_/D
     1550 |      41 |    1214 |      188 |      0 |   110 |   -8.599 |     -465.2 |     81 | _14359_/D
     1560 |      41 |    1222 |      188 |      0 |   112 |   -8.599 |     -465.1 |     81 | _14359_/D
     1570 |      41 |    1230 |      191 |      0 |   113 |   -8.599 |     -465.6 |     81 | _14359_/D
     1580 |      41 |    1235 |      195 |      0 |   116 |   -8.599 |     -464.9 |     81 | _14359_/D
     1590 |      41 |    1242 |      197 |      0 |   118 |   -8.599 |     -467.7 |     81 | _14359_/D
     1600 |      41 |    1249 |      201 |      0 |   119 |   -8.599 |     -466.2 |     81 | _14359_/D
     1610 |      41 |    1258 |      203 |      0 |   119 |   -8.599 |     -463.5 |     81 | _14359_/D
     1620 |      41 |    1268 |      203 |      0 |   119 |   -8.599 |     -463.4 |     81 | _14359_/D
     1630 |      41 |    1276 |      203 |      0 |   121 |   -8.599 |     -463.4 |     81 | _14359_/D
     1640 |      41 |    1285 |      205 |      0 |   121 |   -8.599 |     -463.2 |     81 | _14359_/D
     1650 |      41 |    1294 |      205 |      0 |   122 |   -8.599 |     -463.5 |     81 | _14359_/D
     1660 |      41 |    1304 |      205 |      0 |   122 |   -8.599 |     -463.0 |     81 | _14359_/D
     1670 |      41 |    1310 |      209 |      0 |   124 |   -8.599 |     -462.6 |     81 | _14359_/D
     1680 |      41 |    1318 |      209 |      0 |   126 |   -8.599 |     -462.8 |     81 | _14359_/D
     1690 |      41 |    1325 |      213 |      0 |   127 |   -8.599 |     -462.8 |     81 | _14359_/D
     1700 |      41 |    1334 |      213 |      0 |   128 |   -8.599 |     -462.4 |     81 | _14359_/D
     1710 |      41 |    1344 |      213 |      0 |   128 |   -8.599 |     -463.7 |     81 | _14359_/D
     1720 |      42 |    1348 |      215 |      0 |   132 |   -8.599 |     -467.1 |     81 | _14359_/D
     1730 |      42 |    1356 |      215 |      0 |   134 |   -8.599 |     -464.2 |     81 | _14359_/D
     1740 |      42 |    1366 |      215 |      0 |   134 |   -8.599 |     -463.0 |     81 | _14359_/D
     1750 |      42 |    1374 |      217 |      0 |   135 |   -8.599 |     -460.8 |     81 | _14359_/D
     1760 |      42 |    1381 |      219 |      0 |   137 |   -8.599 |     -460.7 |     81 | _14359_/D
     1770 |      42 |    1390 |      221 |      0 |   137 |   -8.599 |     -460.6 |     81 | _14359_/D
     1780 |      42 |    1398 |      223 |      0 |   138 |   -8.599 |     -463.4 |     81 | _14359_/D
     1790 |      42 |    1405 |      228 |      0 |   139 |   -8.599 |     -460.9 |     81 | _14359_/D
     1800 |      42 |    1413 |      230 |      0 |   140 |   -8.599 |     -460.4 |     81 | _14359_/D
     1810 |      42 |    1421 |      232 |      0 |   141 |   -8.599 |     -461.1 |     81 | _14359_/D
     1820 |      42 |    1428 |      236 |      0 |   142 |   -8.599 |     -460.1 |     81 | _14359_/D
     1830 |      42 |    1433 |      240 |      0 |   145 |   -8.599 |     -460.9 |     81 | _14359_/D
     1840 |      42 |    1441 |      240 |      0 |   147 |   -8.599 |     -461.4 |     81 | _14359_/D
     1850 |      42 |    1446 |      244 |      0 |   150 |   -8.599 |     -459.8 |     81 | _14359_/D
     1860 |      42 |    1454 |      246 |      0 |   151 |   -8.599 |     -459.1 |     81 | _14359_/D
     1870 |      42 |    1463 |      248 |      0 |   151 |   -8.599 |     -459.4 |     81 | _14359_/D
     1880 |      42 |    1472 |      248 |      0 |   152 |   -8.599 |     -460.0 |     81 | _14359_/D
     1890 |      42 |    1481 |      248 |      0 |   153 |   -8.599 |     -458.6 |     81 | _14359_/D
     1900 |      42 |    1490 |      248 |      0 |   154 |   -8.599 |     -459.8 |     81 | _14359_/D
     1910 |      42 |    1499 |      250 |      0 |   154 |   -8.599 |     -458.5 |     81 | _14359_/D
     1920 |      42 |    1508 |      250 |      0 |   155 |   -8.599 |     -458.3 |     81 | _14359_/D
     1930 |      42 |    1517 |      250 |      0 |   156 |   -8.599 |     -456.2 |     81 | _14359_/D
     1940 |      42 |    1525 |      252 |      0 |   157 |   -8.599 |     -455.3 |     81 | _14359_/D
     1950 |      42 |    1533 |      256 |      0 |   157 |   -8.599 |     -455.7 |     81 | _14359_/D
     1960 |      42 |    1537 |      262 |      0 |   160 |   -8.599 |     -455.8 |     81 | _14359_/D
     1970 |      42 |    1541 |      266 |      0 |   164 |   -8.599 |     -456.8 |     81 | _14359_/D
     1980 |      42 |    1547 |      270 |      0 |   166 |   -8.599 |     -455.8 |     81 | _14359_/D
     1990 |      42 |    1552 |      274 |      0 |   169 |   -8.599 |     -458.3 |     81 | _14359_/D
     2000 |      42 |    1561 |      276 |      0 |   169 |   -8.599 |     -454.9 |     81 | _14359_/D
     2010 |      42 |    1569 |      276 |      0 |   171 |   -8.599 |     -454.8 |     81 | _14359_/D
     2020 |      42 |    1578 |      276 |      0 |   172 |   -8.599 |     -454.8 |     81 | _14359_/D
     2028 |      42 |    1547 |      274 |      0 |   164 |   -8.599 |     -454.6 |     81 | _14359_/D
     2030 |      42 |    1548 |      274 |      0 |   164 |   -8.599 |     -454.7 |     81 | _14359_/D
     2040 |      42 |    1557 |      276 |      0 |   164 |   -8.599 |     -454.3 |     81 | _14359_/D
     2050 |      42 |    1567 |      276 |      0 |   164 |   -8.599 |     -454.1 |     81 | _14359_/D
     2060 |      42 |    1576 |      278 |      0 |   164 |   -8.599 |     -454.0 |     81 | _14359_/D
     2070 |      42 |    1585 |      278 |      0 |   165 |   -8.599 |     -454.1 |     81 | _14359_/D
     2080 |      43 |    1593 |      278 |      0 |   166 |   -8.599 |     -453.8 |     81 | _14359_/D
     2090 |      43 |    1602 |      280 |      0 |   166 |   -8.599 |     -453.5 |     81 | _14359_/D
     2100 |      43 |    1611 |      280 |      0 |   167 |   -8.599 |     -453.3 |     81 | _14359_/D
     2110 |      43 |    1617 |      284 |      0 |   169 |   -8.599 |     -456.1 |     81 | _14359_/D
     2120 |      43 |    1626 |      286 |      0 |   169 |   -8.599 |     -453.2 |     81 | _14359_/D
     2130 |      43 |    1633 |      288 |      0 |   171 |   -8.599 |     -453.2 |     81 | _14359_/D
     2140 |      43 |    1642 |      288 |      0 |   172 |   -8.599 |     -453.3 |     81 | _14359_/D
     2150 |      43 |    1652 |      288 |      0 |   172 |   -8.599 |     -453.3 |     81 | _14359_/D
     2160 |      43 |    1659 |      292 |      0 |   173 |   -8.599 |     -453.5 |     81 | _14359_/D
     2170 |      44 |    1666 |      294 |      0 |   174 |   -8.599 |     -453.2 |     81 | _14359_/D
     2180 |      44 |    1674 |      296 |      0 |   175 |   -8.599 |     -453.7 |     81 | _14359_/D
     2190 |      44 |    1684 |      296 |      0 |   175 |   -8.599 |     -453.0 |     81 | _14359_/D
     2200 |      44 |    1694 |      296 |      0 |   175 |   -8.599 |     -452.7 |     81 | _14359_/D
     2210 |      44 |    1704 |      296 |      0 |   175 |   -8.599 |     -452.6 |     81 | _14359_/D
     2220 |      44 |    1713 |      299 |      0 |   175 |   -8.599 |     -453.2 |     81 | _14359_/D
     2230 |      44 |    1719 |      305 |      0 |   176 |   -8.599 |     -453.9 |     81 | _14359_/D
     2240 |      44 |    1727 |      307 |      0 |   177 |   -8.599 |     -453.5 |     81 | _14359_/D
     2250 |      44 |    1735 |      311 |      0 |   177 |   -8.599 |     -453.1 |     81 | _14359_/D
     2260 |      44 |    1745 |      311 |      0 |   177 |   -8.599 |     -452.7 |     81 | _14359_/D
     2270 |      44 |    1754 |      311 |      0 |   178 |   -8.599 |     -453.2 |     81 | _14359_/D
     2280 |      44 |    1762 |      313 |      0 |   179 |   -8.599 |     -452.3 |     81 | _14359_/D
     2290 |      45 |    1770 |      313 |      0 |   180 |   -8.599 |     -452.1 |     81 | _14359_/D
     2300 |      47 |    1778 |      313 |      0 |   180 |   -8.599 |     -451.9 |     81 | _14359_/D
     2310 |      47 |    1787 |      313 |      0 |   181 |   -8.599 |     -451.9 |     81 | _14359_/D
     2320 |      47 |    1791 |      319 |      0 |   184 |   -8.599 |     -458.2 |     81 | _14359_/D
     2330 |      47 |    1795 |      327 |      0 |   186 |   -8.599 |     -454.5 |     81 | _14359_/D
     2340 |      48 |    1802 |      327 |      0 |   188 |   -8.599 |     -452.6 |     81 | _14359_/D
     2350 |      48 |    1811 |      327 |      0 |   189 |   -8.599 |     -452.1 |     81 | _14359_/D
     2360 |      48 |    1820 |      327 |      0 |   190 |   -8.599 |     -451.7 |     81 | _14359_/D
     2370 |      48 |    1829 |      329 |      0 |   190 |   -8.599 |     -451.5 |     81 | _14359_/D
     2380 |      48 |    1837 |      332 |      0 |   191 |   -8.599 |     -451.9 |     81 | _14359_/D
     2390 |      48 |    1847 |      332 |      0 |   191 |   -8.599 |     -451.4 |     81 | _14359_/D
     2400 |      48 |    1857 |      332 |      0 |   191 |   -8.599 |     -451.1 |     81 | _14359_/D
     2410 |      48 |    1863 |      336 |      0 |   193 |   -8.599 |     -451.1 |     81 | _14359_/D
     2420 |      48 |    1871 |      338 |      0 |   194 |   -8.599 |     -451.0 |     81 | _14359_/D
     2430 |      48 |    1879 |      340 |      0 |   195 |   -8.599 |     -450.9 |     81 | _14359_/D
     2440 |      48 |    1887 |      340 |      0 |   197 |   -8.599 |     -451.3 |     81 | _14359_/D
     2450 |      48 |    1897 |      340 |      0 |   197 |   -8.599 |     -450.8 |     81 | _14359_/D
     2460 |      48 |    1905 |      342 |      0 |   198 |   -8.599 |     -450.8 |     81 | _14359_/D
     2470 |      48 |    1915 |      342 |      0 |   198 |   -8.599 |     -450.6 |     81 | _14359_/D
     2480 |      48 |    1924 |      342 |      0 |   199 |   -8.599 |     -450.5 |     81 | _14359_/D
     2490 |      49 |    1931 |      342 |      0 |   201 |   -8.599 |     -450.4 |     81 | _14359_/D
     2500 |      49 |    1939 |      348 |      0 |   201 |   -8.599 |     -451.4 |     81 | _14359_/D
     2500 |      49 |    1939 |      348 |      0 |   201 |   -8.599 |     -451.4 |     81 | _14359_/D
     2510 |      49 |    1947 |      350 |      0 |   201 |   -8.599 |     -450.6 |     81 | _14359_/D
     2520 |      49 |    1956 |      350 |      0 |   202 |   -8.599 |     -451.3 |     81 | _14359_/D
     2530 |      49 |    1964 |      354 |      0 |   202 |   -8.599 |     -450.7 |     81 | _14359_/D
     2540 |      50 |    1972 |      354 |      0 |   203 |   -8.599 |     -450.0 |     81 | _14359_/D
     2550 |      50 |    1980 |      356 |      0 |   204 |   -8.599 |     -449.8 |     81 | _14359_/D
     2560 |      52 |    1987 |      356 |      0 |   205 |   -8.599 |     -450.1 |     81 | _14359_/D
     2570 |      52 |    1997 |      356 |      0 |   205 |   -8.599 |     -449.6 |     81 | _14359_/D
     2580 |      52 |    2005 |      358 |      0 |   206 |   -8.599 |     -451.6 |     81 | _14359_/D
     2590 |      52 |    2013 |      360 |      0 |   207 |   -8.599 |     -449.9 |     81 | _14359_/D
     2600 |      53 |    2021 |      362 |      0 |   207 |   -8.599 |     -449.9 |     81 | _14359_/D
     2610 |      53 |    2028 |      365 |      0 |   209 |   -8.599 |     -449.7 |     81 | _14359_/D
     2620 |      53 |    2036 |      368 |      0 |   210 |   -8.599 |     -449.4 |     81 | _14359_/D
     2630 |      53 |    2044 |      370 |      0 |   211 |   -8.599 |     -448.9 |     81 | _14359_/D
     2640 |      53 |    2052 |      375 |      0 |   211 |   -8.599 |     -448.6 |     81 | _14359_/D
     2650 |      53 |    2062 |      375 |      0 |   211 |   -8.599 |     -448.4 |     81 | _14359_/D
     2660 |      53 |    2072 |      375 |      0 |   211 |   -8.599 |     -449.2 |     81 | _14359_/D
     2670 |      53 |    2079 |      377 |      0 |   213 |   -8.599 |     -454.3 |     81 | _14359_/D
     2680 |      53 |    2087 |      380 |      0 |   214 |   -8.599 |     -452.4 |     81 | _14359_/D
     2690 |      53 |    2094 |      384 |      0 |   215 |   -8.599 |     -450.0 |     81 | _14359_/D
     2700 |      53 |    2102 |      386 |      0 |   216 |   -8.599 |     -448.3 |     81 | _14359_/D
     2710 |      53 |    2112 |      386 |      0 |   216 |   -8.599 |     -446.8 |     81 | _14359_/D
     2720 |      53 |    2119 |      386 |      0 |   219 |   -8.599 |     -446.1 |     81 | _14359_/D
     2730 |      53 |    2126 |      388 |      0 |   221 |   -8.599 |     -446.1 |     81 | _14359_/D
     2740 |      53 |    2134 |      390 |      0 |   222 |   -8.599 |     -448.0 |     81 | _14359_/D
     2750 |      53 |    2144 |      390 |      0 |   222 |   -8.599 |     -447.1 |     81 | _14359_/D
     2760 |      53 |    2152 |      392 |      0 |   223 |   -8.599 |     -445.8 |     81 | _14359_/D
     2770 |      53 |    2161 |      394 |      0 |   223 |   -8.599 |     -445.6 |     81 | _14359_/D
     2780 |      53 |    2169 |      394 |      0 |   225 |   -8.599 |     -445.4 |     81 | _14359_/D
     2790 |      53 |    2177 |      394 |      0 |   227 |   -8.599 |     -446.1 |     81 | _14359_/D
     2800 |      53 |    2183 |      394 |      0 |   231 |   -8.599 |     -447.0 |     81 | _14359_/D
     2810 |      53 |    2189 |      397 |      0 |   234 |   -8.599 |     -444.9 |     81 | _14359_/D
     2820 |      53 |    2198 |      397 |      0 |   235 |   -8.599 |     -444.9 |     81 | _14359_/D
     2830 |      53 |    2205 |      401 |      0 |   236 |   -8.599 |     -445.7 |     81 | _14359_/D
     2840 |      53 |    2211 |      405 |      0 |   238 |   -8.599 |     -444.9 |     81 | _14359_/D
     2850 |      53 |    2218 |      407 |      0 |   240 |   -8.599 |     -444.5 |     81 | _14359_/D
     2860 |      53 |    2226 |      412 |      0 |   240 |   -8.599 |     -445.2 |     81 | _14359_/D
     2870 |      53 |    2235 |      412 |      0 |   241 |   -8.599 |     -444.8 |     81 | _14359_/D
     2880 |      53 |    2245 |      412 |      0 |   241 |   -8.599 |     -445.5 |     81 | _14359_/D
     2890 |      53 |    2253 |      412 |      0 |   243 |   -8.599 |     -445.6 |     81 | _14359_/D
     2900 |      53 |    2262 |      414 |      0 |   243 |   -8.599 |     -444.4 |     81 | _14359_/D
     2910 |      53 |    2271 |      414 |      0 |   244 |   -8.599 |     -445.0 |     81 | _14359_/D
     2920 |      53 |    2280 |      414 |      0 |   245 |   -8.599 |     -445.7 |     81 | _14359_/D
     2930 |      53 |    2288 |      416 |      0 |   246 |   -8.599 |     -444.1 |     81 | _14359_/D
     2940 |      53 |    2296 |      418 |      0 |   247 |   -8.599 |     -443.9 |     81 | _14359_/D
     2950 |      53 |    2304 |      422 |      0 |   247 |   -8.599 |     -443.8 |     81 | _14359_/D
     2960 |      53 |    2313 |      422 |      0 |   248 |   -8.599 |     -443.7 |     81 | _14359_/D
     2970 |      53 |    2317 |      428 |      0 |   251 |   -8.599 |     -446.0 |     81 | _14359_/D
     2980 |      53 |    2320 |      437 |      0 |   254 |   -8.599 |     -446.8 |     81 | _14359_/D
     2990 |      53 |    2326 |      445 |      0 |   254 |   -8.599 |     -459.3 |     81 | _14359_/D
     3000 |      54 |    2332 |      451 |      0 |   254 |   -8.599 |     -456.8 |     81 | _14359_/D
     3000 |      54 |    2332 |      451 |      0 |   254 |   -8.599 |     -456.8 |     81 | _14359_/D
     3010 |      54 |    2341 |      451 |      0 |   254 |   -8.599 |     -456.7 |     81 | _14359_/D
     3020 |      54 |    2348 |      456 |      0 |   255 |   -8.599 |     -454.6 |     81 | _14359_/D
     3030 |      54 |    2356 |      458 |      0 |   256 |   -8.599 |     -452.4 |     81 | _14359_/D
     3034 |      54 |    2359 |      458 |      0 |   257 |   -8.599 |     -451.7 |     81 | _14359_/D
     3040 |      54 |    2362 |      458 |      0 |   259 |   -8.599 |     -451.7 |     81 | _14359_/D
     3040 |      54 |    2362 |      458 |      0 |   259 |   -8.599 |     -451.7 |     81 | _14359_/D
     3046 |      54 |    2366 |      458 |      0 |   260 |   -8.599 |     -451.1 |     81 | _14359_/D
     3050 |      54 |    2368 |      458 |      0 |   261 |   -8.599 |     -451.1 |     81 | _14359_/D
     3051 |      54 |    2367 |      458 |      0 |   260 |   -8.599 |     -451.0 |     81 | _14359_/D
     3056 |      54 |    2371 |      458 |      0 |   260 |   -8.599 |     -451.0 |     81 | _14359_/D
     3060 |      54 |    2374 |      458 |      0 |   260 |   -8.599 |     -450.5 |     81 | _14359_/D
     3068 |      54 |    2377 |      458 |      0 |   262 |   -8.599 |     -450.7 |     81 | _14359_/D
     3070 |      54 |    2378 |      458 |      0 |   262 |   -8.599 |     -450.7 |     81 | _14359_/D
     3072 |      54 |    2379 |      458 |      0 |   262 |   -8.599 |     -450.5 |     81 | _14359_/D
     3076 |      54 |    2382 |      458 |      0 |   262 |   -8.599 |     -450.6 |     81 | _14359_/D
     3080 |      54 |    2384 |      458 |      0 |   263 |   -8.599 |     -450.5 |     81 | _14359_/D
     3082 |      54 |    2385 |      458 |      0 |   264 |   -8.599 |     -450.5 |     81 | _14359_/D
     3086 |      54 |    2386 |      458 |      0 |   266 |   -8.599 |     -450.4 |     81 | _14359_/D
     3090 |      54 |    2389 |      458 |      0 |   266 |   -8.596 |     -450.3 |     81 | _14359_/D
     3100 |      54 |    2395 |      462 |      0 |   268 |   -8.525 |     -449.1 |     81 | _14359_/D
     3110 |      54 |    2405 |      462 |      0 |   268 |   -8.388 |     -445.3 |     81 | _14359_/D
     3120 |      55 |    2413 |      464 |      0 |   268 |   -8.300 |     -443.3 |     81 | _14359_/D
     3130 |      55 |    2422 |      464 |      0 |   269 |   -8.158 |     -440.9 |     81 | _14359_/D
     3140 |      55 |    2431 |      464 |      0 |   270 |   -8.150 |     -440.2 |     81 | _14359_/D
     3150 |      55 |    2439 |      466 |      0 |   271 |   -8.054 |     -437.7 |     81 | _14359_/D
     3160 |      56 |    2446 |      469 |      0 |   272 |   -7.970 |     -437.2 |     81 | _14359_/D
     3170 |      56 |    2453 |      471 |      0 |   274 |   -7.944 |     -437.0 |     81 | _14359_/D
     3180 |      56 |    2463 |      471 |      0 |   274 |   -7.813 |     -436.1 |     81 | _14372_/D
     3190 |      56 |    2471 |      473 |      0 |   275 |   -7.758 |     -434.3 |     81 | _14359_/D
     3200 |      56 |    2479 |      473 |      0 |   277 |   -7.702 |     -433.1 |     81 | _14359_/D
     3210 |      56 |    2486 |      477 |      0 |   278 |   -7.681 |     -432.5 |     81 | _14522_/D
     3220 |      56 |    2495 |      479 |      0 |   278 |   -7.681 |     -431.2 |     81 | _14522_/D
     3230 |      57 |    2503 |      479 |      0 |   279 |   -7.681 |     -427.2 |     81 | _14522_/D
     3240 |      58 |    2512 |      479 |      0 |   279 |   -7.681 |     -424.5 |     81 | _14522_/D
     3250 |      58 |    2521 |      479 |      0 |   280 |   -7.681 |     -422.7 |     81 | _14522_/D
     3260 |      59 |    2530 |      479 |      0 |   280 |   -7.681 |     -420.3 |     81 | _14522_/D
     3270 |      59 |    2538 |      479 |      0 |   282 |   -7.681 |     -420.3 |     81 | _14522_/D
     3280 |      59 |    2543 |      481 |      0 |   286 |   -7.681 |     -420.4 |     81 | _14522_/D
     3290 |      59 |    2550 |      486 |      0 |   287 |   -7.681 |     -419.2 |     81 | _14522_/D
     3300 |      59 |    2558 |      490 |      0 |   287 |   -7.681 |     -418.6 |     81 | _14522_/D
     3310 |      59 |    2564 |      493 |      0 |   290 |   -7.681 |     -419.6 |     81 | _14522_/D
     3320 |      59 |    2569 |      499 |      0 |   292 |   -7.681 |     -419.7 |     81 | _14522_/D
     3330 |      60 |    2575 |      504 |      0 |   293 |   -7.681 |     -417.4 |     81 | _14522_/D
     3340 |      60 |    2582 |      506 |      0 |   295 |   -7.681 |     -417.3 |     81 | _14522_/D
     3350 |      60 |    2589 |      506 |      0 |   298 |   -7.681 |     -416.1 |     81 | _14522_/D
     3360 |      60 |    2596 |      508 |      0 |   300 |   -7.681 |     -416.0 |     81 | _14522_/D
     3370 |      60 |    2601 |      512 |      0 |   303 |   -7.681 |     -418.0 |     81 | _14522_/D
     3380 |      60 |    2610 |      515 |      0 |   303 |   -7.681 |     -416.6 |     81 | _14522_/D
     3390 |      60 |    2619 |      518 |      0 |   303 |   -7.681 |     -415.9 |     81 | _14522_/D
     3400 |      62 |    2627 |      518 |      0 |   303 |   -7.681 |     -414.5 |     81 | _14522_/D
     3410 |      62 |    2632 |      524 |      0 |   305 |   -7.681 |     -413.2 |     81 | _14522_/D
     3420 |      62 |    2639 |      524 |      0 |   308 |   -7.681 |     -412.6 |     81 | _14522_/D
     3430 |      62 |    2647 |      524 |      0 |   310 |   -7.681 |     -412.5 |     81 | _14522_/D
     3440 |      62 |    2656 |      526 |      0 |   310 |   -7.681 |     -413.2 |     81 | _14522_/D
     3450 |      62 |    2664 |      530 |      0 |   310 |   -7.681 |     -412.4 |     81 | _14522_/D
     3460 |      62 |    2672 |      532 |      0 |   311 |   -7.681 |     -411.5 |     81 | _14522_/D
     3470 |      62 |    2679 |      534 |      0 |   313 |   -7.681 |     -412.0 |     81 | _14522_/D
     3480 |      62 |    2685 |      538 |      0 |   315 |   -7.681 |     -414.6 |     81 | _14522_/D
     3490 |      62 |    2693 |      543 |      0 |   315 |   -7.681 |     -412.9 |     81 | _14522_/D
     3495 |      62 |    2677 |      539 |      0 |   311 |   -7.681 |     -410.9 |     81 | _14522_/D
     3496 |      62 |    2677 |      539 |      0 |   311 |   -7.681 |     -410.9 |     81 | _14522_/D
     3499 |      62 |    2678 |      539 |      0 |   311 |   -7.681 |     -411.0 |     81 | _14522_/D
     3500 |      62 |    2678 |      539 |      0 |   311 |   -7.681 |     -411.0 |     81 | _14522_/D
     3503 |      62 |    2680 |      539 |      0 |   311 |   -7.681 |     -410.8 |     81 | _14522_/D
     3510 |      62 |    2684 |      541 |      0 |   312 |   -7.681 |     -412.3 |     81 | _14522_/D
     3520 |      62 |    2693 |      541 |      0 |   313 |   -7.681 |     -411.2 |     81 | _14522_/D
     3530 |      62 |    2701 |      543 |      0 |   314 |   -7.681 |     -412.9 |     81 | _14522_/D
     3540 |      62 |    2706 |      554 |      0 |   314 |   -7.681 |     -412.8 |     81 | _14522_/D
     3541 |      62 |    2700 |      547 |      0 |   313 |   -7.681 |     -410.1 |     81 | _14522_/D
     3546 |      62 |    2703 |      547 |      0 |   313 |   -7.681 |     -408.5 |     81 | _14522_/D
     3550 |      62 |    2706 |      547 |      0 |   313 |   -7.681 |     -408.3 |     81 | _14522_/D
     3560 |      63 |    2711 |      553 |      0 |   314 |   -7.681 |     -412.1 |     81 | _14522_/D
     3570 |      64 |    2720 |      553 |      0 |   314 |   -7.681 |     -409.1 |     81 | _14522_/D
     3580 |      64 |    2729 |      553 |      0 |   315 |   -7.681 |     -408.7 |     81 | _14522_/D
     3590 |      64 |    2736 |      555 |      0 |   317 |   -7.681 |     -408.6 |     81 | _14522_/D
     3600 |      64 |    2743 |      557 |      0 |   319 |   -7.681 |     -408.5 |     81 | _14522_/D
     3610 |      64 |    2750 |      561 |      0 |   320 |   -7.681 |     -408.5 |     81 | _14522_/D
     3620 |      64 |    2756 |      567 |      0 |   321 |   -7.681 |     -410.7 |     81 | _14522_/D
     3630 |      64 |    2760 |      578 |      0 |   322 |   -7.681 |     -411.9 |     81 | _14522_/D
     3635 |      64 |    2749 |      567 |      0 |   319 |   -7.681 |     -408.5 |     81 | _14522_/D
     3640 |      64 |    2751 |      569 |      0 |   320 |   -7.733 |     -408.6 |     81 | _14522_/D
     3650 |      64 |    2761 |      569 |      0 |   320 |   -7.681 |     -408.5 |     81 | _14522_/D
     3653 |      64 |    2763 |      571 |      0 |   320 |   -7.674 |     -408.7 |     81 | _14522_/D
     3660 |      65 |    2768 |      571 |      0 |   320 |   -7.687 |     -406.7 |     81 | _14522_/D
     3670 |      65 |    2778 |      571 |      0 |   320 |   -7.658 |     -405.8 |     81 | _14522_/D
     3680 |      65 |    2785 |      573 |      0 |   322 |   -7.684 |     -406.6 |     81 | _14522_/D
     3690 |      65 |    2795 |      573 |      0 |   322 |   -7.670 |     -406.1 |     81 | _14522_/D
     3700 |      65 |    2800 |      581 |      0 |   323 |   -7.671 |     -406.1 |     81 | _14522_/D
     3710 |      67 |    2806 |      585 |      0 |   323 |   -7.708 |     -406.5 |     81 | _14522_/D
     3720 |      68 |    2812 |      587 |      0 |   325 |   -7.697 |     -406.4 |     81 | _14522_/D
     3721 |      65 |    2780 |      580 |      0 |   320 |   -7.658 |     -405.8 |     81 | _14522_/D
     3730 |      65 |    2787 |      580 |      0 |   321 |   -7.646 |     -405.4 |     81 | _14522_/D
     3732 |      65 |    2787 |      580 |      0 |   321 |   -7.646 |     -405.4 |     81 | _14522_/D
     3740 |      65 |    2791 |      582 |      0 |   323 |   -7.646 |     -403.8 |     81 | _14522_/D
     3750 |      65 |    2797 |      586 |      0 |   325 |   -7.646 |     -406.9 |     81 | _14522_/D
     3760 |      65 |    2807 |      586 |      0 |   325 |   -7.646 |     -405.7 |     81 | _14522_/D
     3770 |      65 |    2814 |      588 |      0 |   327 |   -7.646 |     -405.8 |     81 | _14522_/D
     3780 |      65 |    2821 |      590 |      0 |   329 |   -7.646 |     -406.0 |     81 | _14522_/D
     3790 |      65 |    2828 |      593 |      0 |   331 |   -7.646 |     -406.4 |     81 | _14522_/D
     3790 |      65 |    2796 |      588 |      0 |   323 |   -7.646 |     -403.8 |     81 | _14522_/D
     3800 |      65 |    2802 |      594 |      0 |   323 |   -7.646 |     -408.5 |     81 | _14522_/D
     3800 |      65 |    2802 |      594 |      0 |   323 |   -7.646 |     -408.5 |     81 | _14522_/D
     3808 |      65 |    2802 |      594 |      0 |   323 |   -7.646 |     -408.5 |     81 | _14522_/D
     3810 |      65 |    2803 |      594 |      0 |   323 |   -7.646 |     -408.0 |     81 | _14522_/D
     3820 |      65 |    2811 |      594 |      0 |   325 |   -7.646 |     -407.7 |     81 | _14522_/D
     3830 |      65 |    2819 |      598 |      0 |   325 |   -7.646 |     -405.1 |     81 | _14522_/D
     3840 |      65 |    2828 |      598 |      0 |   326 |   -7.646 |     -404.4 |     81 | _14522_/D
     3850 |      65 |    2833 |      609 |      0 |   326 |   -7.646 |     -407.2 |     81 | _14522_/D
     3850 |      65 |    2830 |      604 |      0 |   326 |   -7.646 |     -404.1 |     81 | _14522_/D
     3860 |      65 |    2836 |      608 |      0 |   327 |   -7.646 |     -407.6 |     81 | _14522_/D
     3864 |      65 |    2833 |      608 |      0 |   326 |   -7.646 |     -404.3 |     81 | _14522_/D
     3870 |      65 |    2836 |      608 |      0 |   328 |   -7.646 |     -403.9 |     81 | _14522_/D
     3880 |      65 |    2841 |      614 |      0 |   330 |   -7.646 |     -407.2 |     81 | _14522_/D
     3890 |      65 |    2848 |      621 |      0 |   330 |   -7.646 |     -406.4 |     81 | _14522_/D
     3899 |      65 |    2841 |      619 |      0 |   330 |   -7.646 |     -403.5 |     81 | _14522_/D
     3900 |      65 |    2841 |      619 |      0 |   330 |   -7.646 |     -403.5 |     81 | _14522_/D
     3910 |      65 |    2846 |      623 |      0 |   333 |   -7.646 |     -407.0 |     81 | _14522_/D
     3920 |      65 |    2852 |      632 |      0 |   333 |   -7.646 |     -406.5 |     81 | _14522_/D
     3921 |      65 |    2844 |      626 |      0 |   331 |   -7.646 |     -403.4 |     81 | _14522_/D
     3930 |      65 |    2847 |      635 |      0 |   332 |   -7.646 |     -404.2 |     81 | _14522_/D
     3930 |      65 |    2847 |      635 |      0 |   332 |   -7.646 |     -404.2 |     81 | _14522_/D
     3935 |      65 |    2848 |      635 |      0 |   333 |   -7.646 |     -404.2 |     81 | _14522_/D
     3940 |      65 |    2852 |      635 |      0 |   333 |   -7.669 |     -404.8 |     81 | _14522_/D
     3949 |      65 |    2849 |      635 |      0 |   333 |   -7.646 |     -404.2 |     81 | _14522_/D
     3950 |      65 |    2849 |      635 |      0 |   333 |   -7.646 |     -404.2 |     81 | _14522_/D
     3952 |      65 |    2849 |      635 |      0 |   333 |   -7.646 |     -404.2 |     81 | _14522_/D
     3955 |      65 |    2849 |      635 |      0 |   333 |   -7.646 |     -404.2 |     81 | _14522_/D
     3959 |      65 |    2849 |      635 |      0 |   334 |   -7.646 |     -404.1 |     81 | _14522_/D
     3960 |      65 |    2849 |      635 |      0 |   334 |   -7.646 |     -404.1 |     81 | _14522_/D
     3970 |      65 |    2856 |      637 |      0 |   336 |   -7.646 |     -406.9 |     81 | _14522_/D
     3980 |      65 |    2864 |      639 |      0 |   337 |   -7.646 |     -406.5 |     81 | _14522_/D
     3990 |      65 |    2868 |      649 |      0 |   338 |   -7.646 |     -406.8 |     81 | _14522_/D
     4000 |      65 |    2877 |      651 |      0 |   338 |   -7.646 |     -406.1 |     81 | _14522_/D
     4000 |      65 |    2877 |      651 |      0 |   338 |   -7.646 |     -406.1 |     81 | _14522_/D
     4004 |      65 |    2877 |      651 |      0 |   340 |   -7.646 |     -406.1 |     81 | _14522_/D
     4009 |      65 |    2877 |      651 |      0 |   340 |   -7.646 |     -406.1 |     81 | _14522_/D
     4010 |      65 |    2877 |      651 |      0 |   340 |   -7.646 |     -406.1 |     81 | _14522_/D
     4020 |      66 |    2883 |      653 |      0 |   342 |   -7.646 |     -405.8 |     81 | _14522_/D
     4021 |      66 |    2883 |      653 |      0 |   341 |   -7.646 |     -405.8 |     81 | _14522_/D
     4024 |      66 |    2883 |      653 |      0 |   341 |   -7.646 |     -405.8 |     81 | _14522_/D
     4028 |      66 |    2884 |      653 |      0 |   342 |   -7.646 |     -405.8 |     81 | _14522_/D
     4030 |      66 |    2885 |      653 |      0 |   342 |   -7.647 |     -405.8 |     81 | _14522_/D
     4032 |      66 |    2884 |      653 |      0 |   342 |   -7.646 |     -405.8 |     81 | _14522_/D
     4037 |      66 |    2884 |      653 |      0 |   342 |   -7.646 |     -405.8 |     81 | _14522_/D
     4040 |      66 |    2886 |      653 |      0 |   342 |   -7.646 |     -405.7 |     81 | _14522_/D
     4040 |      66 |    2886 |      653 |      0 |   342 |   -7.646 |     -405.7 |     81 | _14522_/D
     4043 |      66 |    2886 |      653 |      0 |   343 |   -7.646 |     -405.7 |     81 | _14522_/D
     4050 |      66 |    2891 |      653 |      0 |   344 |   -7.669 |     -406.2 |     81 | _14522_/D
     4060 |      66 |    2900 |      653 |      0 |   345 |   -7.669 |     -405.8 |     81 | _14522_/D
     4061 |      66 |    2888 |      653 |      0 |   343 |   -7.646 |     -405.5 |     81 | _14522_/D
     4070 |      66 |    2894 |      653 |      0 |   345 |   -7.646 |     -404.8 |     81 | _14522_/D
     4080 |      66 |    2901 |      653 |      0 |   348 |   -7.646 |     -404.7 |     81 | _14522_/D
     4090 |      66 |    2906 |      655 |      0 |   352 |   -7.646 |     -404.9 |     81 | _14522_/D
     4100 |      66 |    2913 |      655 |      0 |   355 |   -7.646 |     -404.9 |     81 | _14522_/D
     4110 |      66 |    2921 |      657 |      0 |   356 |   -7.646 |     -406.2 |     81 | _14522_/D
     4113 |      66 |    2920 |      659 |      0 |   355 |   -7.646 |     -406.1 |     81 | _14522_/D
     4120 |      66 |    2923 |      661 |      0 |   357 |   -7.646 |     -406.3 |     81 | _14522_/D
     4130 |      66 |    2930 |      667 |      0 |   357 |   -7.646 |     -410.3 |     81 | _14522_/D
     4131 |      66 |    2928 |      664 |      0 |   357 |   -7.646 |     -405.7 |     81 | _14522_/D
     4140 |      66 |    2933 |      668 |      0 |   358 |   -7.646 |     -405.4 |     81 | _14522_/D
     4141 |      66 |    2933 |      668 |      0 |   359 |   -7.646 |     -405.3 |     81 | _14522_/D
     4150 |      66 |    2939 |      670 |      0 |   360 |   -7.646 |     -404.7 |     81 | _14522_/D
     4150 |      66 |    2939 |      670 |      0 |   360 |   -7.646 |     -404.7 |     81 | _14522_/D
     4155 |      66 |    2939 |      670 |      0 |   360 |   -7.646 |     -404.7 |     81 | _14522_/D
     4159 |      66 |    2940 |      670 |      0 |   361 |   -7.646 |     -404.7 |     81 | _14522_/D
     4160 |      66 |    2940 |      670 |      0 |   361 |   -7.646 |     -404.7 |     81 | _14522_/D
     4170 |      66 |    2948 |      672 |      0 |   362 |   -7.646 |     -404.7 |     81 | _14522_/D
     4179 |      66 |    2955 |      673 |      0 |   362 |   -7.646 |     -404.7 |     81 | _14522_/D
     4180 |      66 |    2955 |      673 |      0 |   362 |   -7.646 |     -404.7 |     81 | _14522_/D
     4190 |      66 |    2964 |      673 |      0 |   363 |   -7.646 |     -395.4 |     81 | _14522_/D
     4200 |      66 |    2972 |      673 |      0 |   365 |   -7.646 |     -391.5 |     81 | _14522_/D
     4210 |      66 |    2981 |      673 |      0 |   366 |   -7.646 |     -385.8 |     81 | _14522_/D
     4220 |      68 |    2988 |      673 |      0 |   367 |   -7.646 |     -384.3 |     81 | _14522_/D
     4230 |      70 |    2995 |      675 |      0 |   367 |   -7.646 |     -382.4 |     81 | _14522_/D
     4240 |      70 |    3001 |      684 |      0 |   368 |   -7.646 |     -381.2 |     81 | _14522_/D
     4250 |      71 |    3008 |      686 |      0 |   369 |   -7.646 |     -380.1 |     81 | _14522_/D
     4260 |      73 |    3013 |      686 |      0 |   372 |   -7.646 |     -377.3 |     81 | _14522_/D
     4270 |      74 |    3020 |      688 |      0 |   373 |   -7.646 |     -377.1 |     81 | _14522_/D
     4280 |      76 |    3025 |      690 |      0 |   375 |   -7.646 |     -376.1 |     81 | _14522_/D
     4288 |      77 |    3030 |      692 |      0 |   376 |   -7.646 |     -375.6 |     81 | _14522_/D
     4289 |      77 |    3030 |      692 |      0 |   376 |   -7.646 |     -375.6 |     81 | _14522_/D
     4290 |      77 |    3030 |      692 |      0 |   376 |   -7.646 |     -375.6 |     81 | _14522_/D
     4290 |      77 |    3030 |      692 |      0 |   376 |   -7.646 |     -375.6 |     81 | _14522_/D
     4291 |      77 |    3030 |      692 |      0 |   376 |   -7.646 |     -375.6 |     81 | _14522_/D
     4292 |      77 |    3030 |      692 |      0 |   376 |   -7.646 |     -375.6 |     81 | _14522_/D
     4300 |      78 |    3036 |      692 |      0 |   376 |   -7.646 |     -374.6 |     81 | _14522_/D
     4301 |      79 |    3036 |      692 |      0 |   376 |   -7.646 |     -374.5 |     81 | _14522_/D
     4302 |      79 |    3036 |      692 |      0 |   376 |   -7.646 |     -374.5 |     81 | _14522_/D
     4303 |      79 |    3036 |      692 |      0 |   376 |   -7.646 |     -374.5 |     81 | _14522_/D
     4304 |      79 |    3036 |      692 |      0 |   376 |   -7.646 |     -374.5 |     81 | _14522_/D
     4305 |      79 |    3036 |      692 |      0 |   376 |   -7.646 |     -374.5 |     81 | _14522_/D
     4310 |      79 |    3040 |      692 |      0 |   376 |   -7.646 |     -373.5 |     81 | _14522_/D
     4311 |      79 |    3041 |      692 |      0 |   376 |   -7.646 |     -373.5 |     79 | _14522_/D
     4312 |      79 |    3041 |      692 |      0 |   376 |   -7.646 |     -373.5 |     78 | _14522_/D
     4313 |      79 |    3041 |      692 |      0 |   376 |   -7.646 |     -373.5 |     77 | _14522_/D
     4314 |      79 |    3041 |      692 |      0 |   376 |   -7.646 |     -373.5 |     76 | _14522_/D
     4315 |      79 |    3041 |      692 |      0 |   376 |   -7.646 |     -373.5 |     75 | _14522_/D
     4316 |      79 |    3041 |      692 |      0 |   376 |   -7.646 |     -373.5 |     74 | _14522_/D
     4317 |      79 |    3041 |      692 |      0 |   376 |   -7.646 |     -373.5 |     73 | _14522_/D
     4318 |      79 |    3041 |      692 |      0 |   376 |   -7.646 |     -373.5 |     72 | _14522_/D
     4319 |      79 |    3041 |      692 |      0 |   376 |   -7.646 |     -373.5 |     71 | _14522_/D
     4320 |      79 |    3041 |      692 |      0 |   376 |   -7.646 |     -373.5 |     71 | _14522_/D
     4320 |      79 |    3041 |      692 |      0 |   376 |   -7.646 |     -373.5 |     70 | _14522_/D
     4321 |      79 |    3041 |      692 |      0 |   376 |   -7.646 |     -373.5 |     69 | _14522_/D
     4322 |      79 |    3041 |      692 |      0 |   376 |   -7.646 |     -373.5 |     68 | _14522_/D
     4324 |      79 |    3042 |      692 |      0 |   376 |   -7.646 |     -373.1 |     66 | _14522_/D
    4325* |      79 |    3042 |      692 |      0 |   376 |   -7.646 |     -373.1 |     68 | _14522_/D
    4327* |      79 |    3043 |      692 |      0 |   376 |   -7.646 |     -373.0 |     68 | _14522_/D
    4328* |      79 |    3043 |      692 |      0 |   376 |   -7.646 |     -373.0 |     68 | _14522_/D
    4329* |      79 |    3043 |      692 |      0 |   376 |   -7.646 |     -373.0 |     68 | _14522_/D
    4330* |      79 |    3043 |      692 |      0 |   376 |   -7.646 |     -373.0 |     68 | _14522_/D
    4330* |      79 |    3043 |      692 |      0 |   376 |   -7.646 |     -373.0 |     68 | _14522_/D
    4331* |      79 |    3043 |      692 |      0 |   376 |   -7.646 |     -373.0 |     68 | _14522_/D
    4332* |      79 |    3043 |      692 |      0 |   376 |   -7.646 |     -373.0 |     68 | _14522_/D
    4333* |      79 |    3043 |      692 |      0 |   376 |   -7.646 |     -373.0 |     68 | _14522_/D
    4334* |      79 |    3043 |      692 |      0 |   376 |   -7.646 |     -373.0 |     68 | _14522_/D
    4335* |      79 |    3043 |      692 |      0 |   376 |   -7.646 |     -373.0 |     68 | _14522_/D
    4336* |      79 |    3043 |      692 |      0 |   376 |   -7.646 |     -373.0 |     68 | _14522_/D
    4337* |      79 |    3043 |      692 |      0 |   376 |   -7.646 |     -373.0 |     68 | _14522_/D
    4338* |      79 |    3043 |      692 |      0 |   376 |   -7.646 |     -373.0 |     68 | _14522_/D
    4339* |      79 |    3043 |      692 |      0 |   376 |   -7.646 |     -373.0 |     68 | _14522_/D
    4340* |      79 |    3043 |      692 |      0 |   376 |   -7.646 |     -373.0 |     68 | _14522_/D
    4340* |      79 |    3043 |      692 |      0 |   376 |   -7.646 |     -373.0 |     68 | _14522_/D
    4341* |      79 |    3043 |      692 |      0 |   376 |   -7.646 |     -373.0 |     68 | _14522_/D
    4342* |      79 |    3043 |      692 |      0 |   376 |   -7.646 |     -373.0 |     68 | _14522_/D
    4343* |      79 |    3043 |      692 |      0 |   376 |   -7.646 |     -373.0 |     68 | _14522_/D
    4344* |      79 |    3043 |      692 |      0 |   376 |   -7.646 |     -373.0 |     68 | _14522_/D
    4345* |      79 |    3043 |      692 |      0 |   376 |   -7.646 |     -373.0 |     68 | _14522_/D
    4346* |      79 |    3043 |      692 |      0 |   376 |   -7.646 |     -373.0 |     68 | _14522_/D
    4347* |      79 |    3043 |      692 |      0 |   376 |   -7.646 |     -373.0 |     68 | _14522_/D
    4348* |      79 |    3043 |      692 |      0 |   376 |   -7.646 |     -373.0 |     68 | _14522_/D
    4349* |      79 |    3043 |      692 |      0 |   376 |   -7.646 |     -373.0 |     68 | _14522_/D
    4350* |      79 |    3043 |      692 |      0 |   376 |   -7.646 |     -373.0 |     68 | _14522_/D
    4352* |      79 |    3045 |      692 |      0 |   376 |   -7.646 |     -372.8 |     68 | _14522_/D
    4353* |      79 |    3045 |      692 |      0 |   376 |   -7.646 |     -372.8 |     68 | _14522_/D
    4354* |      79 |    3045 |      692 |      0 |   376 |   -7.646 |     -372.8 |     68 | _14522_/D
    4356* |      79 |    3046 |      692 |      0 |   376 |   -7.646 |     -372.8 |     68 | _14522_/D
    4357* |      79 |    3046 |      692 |      0 |   376 |   -7.646 |     -372.8 |     68 | _14522_/D
    4358* |      79 |    3046 |      692 |      0 |   376 |   -7.646 |     -372.8 |     68 | _14522_/D
    4359* |      79 |    3046 |      692 |      0 |   376 |   -7.646 |     -372.8 |     68 | _14522_/D
    4360* |      79 |    3046 |      692 |      0 |   376 |   -7.646 |     -372.8 |     68 | _14522_/D
    4360* |      79 |    3046 |      692 |      0 |   376 |   -7.646 |     -372.8 |     68 | _14522_/D
    4361* |      79 |    3046 |      692 |      0 |   376 |   -7.646 |     -372.8 |     68 | _14522_/D
    4362* |      79 |    3046 |      692 |      0 |   376 |   -7.646 |     -372.8 |     68 | _14522_/D
    4363* |      79 |    3046 |      692 |      0 |   376 |   -7.646 |     -372.8 |     68 | _14522_/D
    4364* |      79 |    3046 |      692 |      0 |   376 |   -7.646 |     -372.8 |     68 | _14522_/D
    4365* |      79 |    3046 |      692 |      0 |   376 |   -7.646 |     -372.8 |     68 | _14522_/D
    4366* |      79 |    3046 |      692 |      0 |   376 |   -7.646 |     -372.8 |     68 | _14522_/D
    4368* |      79 |    3047 |      692 |      0 |   376 |   -7.646 |     -372.8 |     68 | _14522_/D
    4369* |      79 |    3047 |      692 |      0 |   376 |   -7.646 |     -372.8 |     68 | _14522_/D
    4370* |      79 |    3047 |      692 |      0 |   376 |   -7.646 |     -372.8 |     68 | _14522_/D
    4370* |      79 |    3047 |      692 |      0 |   376 |   -7.646 |     -372.8 |     68 | _14522_/D
    4371* |      79 |    3047 |      692 |      0 |   376 |   -7.646 |     -372.8 |     68 | _14522_/D
    4372* |      79 |    3047 |      692 |      0 |   376 |   -7.646 |     -372.8 |     68 | _14522_/D
    4373* |      79 |    3047 |      692 |      0 |   376 |   -7.646 |     -372.8 |     68 | _14522_/D
    4374* |      79 |    3047 |      692 |      0 |   376 |   -7.646 |     -372.8 |     68 | _14522_/D
    4376* |      79 |    3048 |      692 |      0 |   376 |   -7.646 |     -372.8 |     68 | _14522_/D
    4378* |      79 |    3049 |      692 |      0 |   376 |   -7.646 |     -372.7 |     68 | _14522_/D
    4379* |      79 |    3049 |      692 |      0 |   376 |   -7.646 |     -372.7 |     68 | _14522_/D
    4380* |      79 |    3049 |      692 |      0 |   376 |   -7.646 |     -372.7 |     68 | _14522_/D
    4380* |      79 |    3049 |      692 |      0 |   376 |   -7.646 |     -372.7 |     68 | _14522_/D
    4381* |      79 |    3049 |      692 |      0 |   376 |   -7.646 |     -372.7 |     68 | _14522_/D
    4385* |      79 |    3052 |      692 |      0 |   376 |   -7.646 |     -372.5 |     68 | _14522_/D
    4386* |      79 |    3052 |      692 |      0 |   376 |   -7.646 |     -372.5 |     68 | _14522_/D
    4387* |      79 |    3052 |      692 |      0 |   376 |   -7.646 |     -372.5 |     68 | _14522_/D
    4388* |      79 |    3052 |      692 |      0 |   376 |   -7.646 |     -372.5 |     68 | _14522_/D
    4389* |      79 |    3052 |      692 |      0 |   376 |   -7.646 |     -372.5 |     68 | _14522_/D
    4390* |      79 |    3052 |      692 |      0 |   376 |   -7.646 |     -372.5 |     68 | _14522_/D
    4390* |      79 |    3052 |      692 |      0 |   376 |   -7.646 |     -372.5 |     68 | _14522_/D
    4391* |      79 |    3052 |      692 |      0 |   376 |   -7.646 |     -372.5 |     68 | _14522_/D
    4392* |      79 |    3052 |      692 |      0 |   376 |   -7.646 |     -372.5 |     68 | _14522_/D
    4393* |      79 |    3052 |      692 |      0 |   376 |   -7.646 |     -372.5 |     68 | _14522_/D
    4394* |      79 |    3052 |      692 |      0 |   376 |   -7.646 |     -372.5 |     68 | _14522_/D
    4395* |      79 |    3052 |      692 |      0 |   376 |   -7.646 |     -372.5 |     68 | _14522_/D
    4396* |      79 |    3052 |      692 |      0 |   376 |   -7.646 |     -372.5 |     68 | _14522_/D
    4397* |      79 |    3052 |      692 |      0 |   376 |   -7.646 |     -372.5 |     68 | _14522_/D
    4398* |      79 |    3052 |      692 |      0 |   376 |   -7.646 |     -372.5 |     68 | _14522_/D
    4399* |      79 |    3052 |      692 |      0 |   376 |   -7.646 |     -372.5 |     68 | _14522_/D
    4400* |      79 |    3052 |      692 |      0 |   376 |   -7.646 |     -372.5 |     68 | _14522_/D
    4401* |      79 |    3052 |      692 |      0 |   376 |   -7.646 |     -372.5 |     68 | _14522_/D
    4402* |      79 |    3052 |      692 |      0 |   376 |   -7.646 |     -372.5 |     68 | _14522_/D
    final |      79 |    3052 |      692 |      0 |   376 |   -7.646 |     -372.5 |     68 | _14522_/D
---------------------------------------------------------------------------------------------------
[INFO RSZ-0059] Removed 79 buffers.
[INFO RSZ-0040] Inserted 324 buffers.
[INFO RSZ-0041] Resized 3052 instances.
[INFO RSZ-0043] Swapped pins on 376 instances.
[WARNING RSZ-0062] Unable to repair all setup violations.
[INFO RSZ-0046] Found 137 endpoints with hold violations.
Iteration | Resized | Buffers | Cloned Gates |   WNS   |   TNS   | Endpoint
---------------------------------------------------------------------------
        0 |       0 |       0 |            0 |  -0.011 |  -0.259 | _14429_/D
    final |       0 |     172 |            0 |   0.101 |   0.000 | _14443_/D
---------------------------------------------------------------------------
[INFO RSZ-0032] Inserted 172 hold buffers.
Placement Analysis
---------------------------------
total displacement      20176.6 u
average displacement        1.5 u
max displacement           58.3 u
original HPWL          287163.4 u
legalized HPWL         311745.8 u
delta HPWL                    9 %

[INFO DPL-0020] Mirrored 5361 instances
[INFO DPL-0021] HPWL before          311745.8 u
[INFO DPL-0022] HPWL after           302958.2 u
[INFO DPL-0023] HPWL delta               -2.8 %
[INFO] Setting RC values…
Setting global connections for newly added cells…
[INFO] Setting global connections...
Updating metrics…
Cell type report:                       Count       Area
  Fill cell                               286    1073.53
  Tap cell                               2175    2721.36
  Clock buffer                             28     406.64
  Timing Repair Buffer                   3335   21654.52
  Inverter                                448    1699.13
  Clock inverter                           16     255.24
  Sequential cell                         314    7871.30
  Multi-Input combinational cell         6731   62004.47
  Total                                 13333   97686.19
Writing OpenROAD database to '/mnt/c/Data/IEEE/32Bit-ALU/pd/runs/RUN_2026-01-21_11-02-27/36-openroad-resizertimingpostcts/ALU.odb'…
Writing netlist to '/mnt/c/Data/IEEE/32Bit-ALU/pd/runs/RUN_2026-01-21_11-02-27/36-openroad-resizertimingpostcts/ALU.nl.v'…
Writing powered netlist to '/mnt/c/Data/IEEE/32Bit-ALU/pd/runs/RUN_2026-01-21_11-02-27/36-openroad-resizertimingpostcts/ALU.pnl.v'…
Writing layout to '/mnt/c/Data/IEEE/32Bit-ALU/pd/runs/RUN_2026-01-21_11-02-27/36-openroad-resizertimingpostcts/ALU.def'…
Writing timing constraints to '/mnt/c/Data/IEEE/32Bit-ALU/pd/runs/RUN_2026-01-21_11-02-27/36-openroad-resizertimingpostcts/ALU.sdc'…
