Clock: clk
Sources: clk 
Generated: no
Virtual: yes
Propagated: no
Period: 15.000000

===========================================================================
report_clock_properties
============================================================================
Clock                   Period          Waveform
----------------------------------------------------
clk                  15.000000    0.000000  7.500000

===========================================================================
report_clock_latency
============================================================================
Clock clk
rise -> rise
    min     max
0.000000 0.000000 source latency
2.515285         network latency _9250_/CLK
        2.594699 network latency _9445_/CLK
---------------
2.515285 2.594699 latency
        0.079414 skew

fall -> fall
    min     max
0.000000 0.000000 source latency
1.236609         network latency _9250_/CLK
        1.311180 network latency _9445_/CLK
---------------
1.236609 1.311180 latency
        0.074571 skew



===========================================================================
report_clock_min_period
============================================================================
clk period_min = 11.59 fmax = 86.30
