
===========================================================================
report_checks -unconstrained
===========================================================================
======================= nom_ss_100C_1v60 Corner ===================================

Startpoint: rst (input port clocked by clk)
Endpoint: _9264_ (recovery check against rising-edge clock clk)
Path Group: asynchronous
Path Type: max

Fanout         Cap        Slew       Delay        Time   Description
---------------------------------------------------------------------------------------------
                                  0.000000    0.000000   clock clk (rise edge)
                                  0.000000    0.000000   clock network delay (propagated)
                                  4.000000    4.000000 v input external delay
     1    0.002847    0.018636    0.009384    4.009384 v rst (in)
                                                         rst (net)
                      0.018636    0.000000    4.009384 v input67/A (sky130_fd_sc_hd__clkbuf_2)
     3    0.031446    0.222931    0.298280    4.307664 v input67/X (sky130_fd_sc_hd__clkbuf_2)
                                                         net67 (net)
                      0.223064    0.003101    4.310765 v fanout549/A (sky130_fd_sc_hd__clkbuf_4)
     6    0.048656    0.184500    0.431880    4.742645 v fanout549/X (sky130_fd_sc_hd__clkbuf_4)
                                                         net549 (net)
                      0.184567    0.003416    4.746060 v fanout548/A (sky130_fd_sc_hd__clkbuf_4)
     9    0.060969    0.224592    0.444430    5.190490 v fanout548/X (sky130_fd_sc_hd__clkbuf_4)
                                                         net548 (net)
                      0.224667    0.003932    5.194422 v fanout542/A (sky130_fd_sc_hd__buf_4)
    10    0.065829    0.165910    0.430455    5.624877 v fanout542/X (sky130_fd_sc_hd__buf_4)
                                                         net542 (net)
                      0.165913    0.001143    5.626020 v fanout541/A (sky130_fd_sc_hd__buf_4)
    10    0.054338    0.142691    0.383471    6.009492 v fanout541/X (sky130_fd_sc_hd__buf_4)
                                                         net541 (net)
                      0.142701    0.001336    6.010828 v _8950_/A (sky130_fd_sc_hd__inv_2)
     1    0.004959    0.061453    0.107546    6.118373 ^ _8950_/Y (sky130_fd_sc_hd__inv_2)
                                                         _0174_ (net)
                      0.061453    0.000115    6.118489 ^ _9264_/RESET_B (sky130_fd_sc_hd__dfrtp_4)
                                              6.118489   data arrival time

                                 20.000000   20.000000   clock clk (rise edge)
                                  0.000000   20.000000   clock source latency
     1    0.044732    0.323436    0.225818   20.225819 ^ clk (in)
                                                         clk (net)
                      0.323520    0.000000   20.225819 ^ clkbuf_0_clk/A (sky130_fd_sc_hd__clkbuf_16)
     2    0.041020    0.096848    0.362258   20.588076 ^ clkbuf_0_clk/X (sky130_fd_sc_hd__clkbuf_16)
                                                         clknet_0_clk (net)
                      0.096867    0.001315   20.589390 ^ clkbuf_1_1__f_clk/A (sky130_fd_sc_hd__clkbuf_16)
    13    0.126225    0.213018    0.353957   20.943348 ^ clkbuf_1_1__f_clk/X (sky130_fd_sc_hd__clkbuf_16)
                                                         clknet_1_1__leaf_clk (net)
                      0.213344    0.005725   20.949072 ^ clkbuf_leaf_14_clk/A (sky130_fd_sc_hd__clkbuf_8)
     5    0.052323    0.159820    0.366057   21.315130 ^ clkbuf_leaf_14_clk/X (sky130_fd_sc_hd__clkbuf_8)
                                                         clknet_leaf_14_clk (net)
                      0.159832    0.001515   21.316645 ^ _9264_/CLK (sky130_fd_sc_hd__dfrtp_4)
                                 -0.250000   21.066647   clock uncertainty
                                  0.000000   21.066647   clock reconvergence pessimism
                                  0.477803   21.544449   library recovery time
                                             21.544449   data required time
---------------------------------------------------------------------------------------------
                                             21.544449   data required time
                                             -6.118489   data arrival time
---------------------------------------------------------------------------------------------
                                             15.425960   slack (MET)


Startpoint: _9300_ (rising edge-triggered flip-flop clocked by clk)
Endpoint: _9411_ (rising edge-triggered flip-flop clocked by clk)
Path Group: clk
Path Type: max

Fanout         Cap        Slew       Delay        Time   Description
---------------------------------------------------------------------------------------------
                                  0.000000    0.000000   clock clk (rise edge)
                                  0.000000    0.000000   clock source latency
     1    0.044732    0.323436    0.225817    0.225817 ^ clk (in)
                                                         clk (net)
                      0.323520    0.000000    0.225817 ^ clkbuf_0_clk/A (sky130_fd_sc_hd__clkbuf_16)
     2    0.041020    0.096848    0.362258    0.588075 ^ clkbuf_0_clk/X (sky130_fd_sc_hd__clkbuf_16)
                                                         clknet_0_clk (net)
                      0.096878    0.001580    0.589654 ^ clkbuf_1_0__f_clk/A (sky130_fd_sc_hd__clkbuf_16)
    11    0.107417    0.186472    0.334356    0.924011 ^ clkbuf_1_0__f_clk/X (sky130_fd_sc_hd__clkbuf_16)
                                                         clknet_1_0__leaf_clk (net)
                      0.186791    0.005331    0.929342 ^ clkbuf_leaf_0_clk/A (sky130_fd_sc_hd__clkbuf_8)
    19    0.063079    0.185993    0.373782    1.303124 ^ clkbuf_leaf_0_clk/X (sky130_fd_sc_hd__clkbuf_8)
                                                         clknet_leaf_0_clk (net)
                      0.185993    0.000753    1.303877 ^ _9300_/CLK (sky130_fd_sc_hd__dfrtp_1)
     1    0.014013    0.168514    0.892655    2.196532 v _9300_/Q (sky130_fd_sc_hd__dfrtp_1)
                                                         adder_inst.man_a_r[12] (net)
                      0.168514    0.000573    2.197104 v fanout413/A (sky130_fd_sc_hd__clkbuf_4)
     7    0.082861    0.294629    0.492362    2.689466 v fanout413/X (sky130_fd_sc_hd__clkbuf_4)
                                                         net413 (net)
                      0.294629    0.001016    2.690483 v fanout412/A (sky130_fd_sc_hd__clkbuf_4)
    10    0.060391    0.222182    0.494525    3.185008 v fanout412/X (sky130_fd_sc_hd__clkbuf_4)
                                                         net412 (net)
                      0.222229    0.003234    3.188241 v fanout411/A (sky130_fd_sc_hd__buf_2)
    10    0.052271    0.238921    0.472582    3.660823 v fanout411/X (sky130_fd_sc_hd__buf_2)
                                                         net411 (net)
                      0.239059    0.005278    3.666101 v _4938_/D (sky130_fd_sc_hd__and4_1)
     3    0.006278    0.101255    0.517101    4.183202 v _4938_/X (sky130_fd_sc_hd__and4_1)
                                                         _0568_ (net)
                      0.101327    0.000128    4.183330 v _4941_/A (sky130_fd_sc_hd__or3_1)
     3    0.008856    0.198269    0.941660    5.124990 v _4941_/X (sky130_fd_sc_hd__or3_1)
                                                         _0571_ (net)
                      0.198269    0.000199    5.125189 v _5200_/A1 (sky130_fd_sc_hd__a21o_1)
     3    0.016429    0.163041    0.442755    5.567944 v _5200_/X (sky130_fd_sc_hd__a21o_1)
                                                         _0830_ (net)
                      0.163043    0.000981    5.568924 v _5202_/A2 (sky130_fd_sc_hd__a21bo_1)
     2    0.007368    0.098233    0.414678    5.983602 v _5202_/X (sky130_fd_sc_hd__a21bo_1)
                                                         _0832_ (net)
                      0.098233    0.000269    5.983871 v _5203_/C (sky130_fd_sc_hd__and3_1)
     3    0.007331    0.107421    0.414965    6.398835 v _5203_/X (sky130_fd_sc_hd__and3_1)
                                                         _0833_ (net)
                      0.107421    0.000128    6.398963 v _5219_/A (sky130_fd_sc_hd__nor3_1)
     3    0.011932    0.653438    0.638880    7.037843 ^ _5219_/Y (sky130_fd_sc_hd__nor3_1)
                                                         _0849_ (net)
                      0.653438    0.000234    7.038078 ^ _5220_/B (sky130_fd_sc_hd__or2_1)
     3    0.009454    0.159888    0.433515    7.471593 ^ _5220_/X (sky130_fd_sc_hd__or2_1)
                                                         _0850_ (net)
                      0.159888    0.000240    7.471833 ^ _5222_/B1 (sky130_fd_sc_hd__a21oi_1)
     2    0.005391    0.149761    0.124660    7.596493 v _5222_/Y (sky130_fd_sc_hd__a21oi_1)
                                                         _0852_ (net)
                      0.149761    0.000132    7.596626 v _5224_/C (sky130_fd_sc_hd__nor4_1)
     3    0.013287    1.044824    0.930005    8.526631 ^ _5224_/Y (sky130_fd_sc_hd__nor4_1)
                                                         _0854_ (net)
                      1.044824    0.000274    8.526905 ^ max_cap152/A (sky130_fd_sc_hd__buf_1)
     2    0.010008    0.206173    0.492920    9.019824 ^ max_cap152/X (sky130_fd_sc_hd__buf_1)
                                                         net152 (net)
                      0.206173    0.000374    9.020198 ^ _5330_/B1 (sky130_fd_sc_hd__a211oi_2)
     5    0.016805    0.207378    0.178524    9.198722 v _5330_/Y (sky130_fd_sc_hd__a211oi_2)
                                                         _0960_ (net)
                      0.207378    0.000547    9.199269 v _5340_/A (sky130_fd_sc_hd__or3_1)
     2    0.005881    0.168162    0.942412   10.141682 v _5340_/X (sky130_fd_sc_hd__or3_1)
                                                         _0970_ (net)
                      0.168162    0.000153   10.141834 v _7253_/A1 (sky130_fd_sc_hd__a211oi_1)
     1    0.003940    0.354816    0.424854   10.566689 ^ _7253_/Y (sky130_fd_sc_hd__a211oi_1)
                                                         _2883_ (net)
                      0.354816    0.000098   10.566786 ^ _7254_/B (sky130_fd_sc_hd__nor2_1)
     2    0.004678    0.096398    0.183216   10.750002 v _7254_/Y (sky130_fd_sc_hd__nor2_1)
                                                         _2884_ (net)
                      0.096398    0.000123   10.750125 v _7255_/B (sky130_fd_sc_hd__and2_1)
     3    0.007493    0.104999    0.367117   11.117242 v _7255_/X (sky130_fd_sc_hd__and2_1)
                                                         _2885_ (net)
                      0.104999    0.000088   11.117330 v _7260_/A (sky130_fd_sc_hd__or2_1)
     2    0.012752    0.182265    0.614570   11.731899 v _7260_/X (sky130_fd_sc_hd__or2_1)
                                                         _2890_ (net)
                      0.182265    0.000449   11.732347 v _7322_/A (sky130_fd_sc_hd__xnor2_2)
     4    0.013457    0.336024    0.410457   12.142804 ^ _7322_/Y (sky130_fd_sc_hd__xnor2_2)
                                                         _2952_ (net)
                      0.336024    0.000193   12.142997 ^ _7375_/B (sky130_fd_sc_hd__nand4_1)
     2    0.005658    0.250283    0.347445   12.490442 v _7375_/Y (sky130_fd_sc_hd__nand4_1)
                                                         _3005_ (net)
                      0.250283    0.000128   12.490570 v _7397_/B (sky130_fd_sc_hd__or3_1)
     2    0.005933    0.169310    0.908670   13.399240 v _7397_/X (sky130_fd_sc_hd__or3_1)
                                                         _3027_ (net)
                      0.169310    0.000151   13.399390 v _7399_/A2 (sky130_fd_sc_hd__o221a_1)
     4    0.019063    0.225245    0.640130   14.039520 v _7399_/X (sky130_fd_sc_hd__o221a_1)
                                                         _3029_ (net)
                      0.225245    0.000922   14.040442 v _7405_/A1 (sky130_fd_sc_hd__a21o_1)
     3    0.008012    0.100585    0.394592   14.435034 v _7405_/X (sky130_fd_sc_hd__a21o_1)
                                                         _3035_ (net)
                      0.100585    0.000190   14.435225 v _7496_/A2 (sky130_fd_sc_hd__a211o_1)
     2    0.006279    0.116324    0.588233   15.023457 v _7496_/X (sky130_fd_sc_hd__a211o_1)
                                                         _3126_ (net)
                      0.116324    0.000115   15.023572 v _7518_/A1 (sky130_fd_sc_hd__a2111o_1)
     3    0.010398    0.181944    0.814616   15.838188 v _7518_/X (sky130_fd_sc_hd__a2111o_1)
                                                         _3148_ (net)
                      0.181944    0.000293   15.838481 v _7521_/A1 (sky130_fd_sc_hd__a21o_4)
    10    0.031458    0.115309    0.483011   16.321491 v _7521_/X (sky130_fd_sc_hd__a21o_4)
                                                         _3151_ (net)
                      0.115334    0.001627   16.323120 v _7522_/C (sky130_fd_sc_hd__nand3_1)
     1    0.004896    0.128129    0.165242   16.488361 ^ _7522_/Y (sky130_fd_sc_hd__nand3_1)
                                                         _3152_ (net)
                      0.128129    0.000204   16.488565 ^ fanout114/A (sky130_fd_sc_hd__buf_4)
    10    0.056462    0.256623    0.370397   16.858963 ^ fanout114/X (sky130_fd_sc_hd__buf_4)
                                                         net114 (net)
                      0.256626    0.000780   16.859743 ^ fanout113/A (sky130_fd_sc_hd__buf_4)
     5    0.022689    0.120364    0.329534   17.189276 ^ fanout113/X (sky130_fd_sc_hd__buf_4)
                                                         net113 (net)
                      0.120364    0.000384   17.189659 ^ fanout112/A (sky130_fd_sc_hd__buf_4)
     8    0.029927    0.147338    0.290504   17.480164 ^ fanout112/X (sky130_fd_sc_hd__buf_4)
                                                         net112 (net)
                      0.147339    0.000808   17.480972 ^ fanout111/A (sky130_fd_sc_hd__buf_2)
     6    0.025935    0.210502    0.335234   17.816206 ^ fanout111/X (sky130_fd_sc_hd__buf_2)
                                                         net111 (net)
                      0.210503    0.001029   17.817234 ^ fanout109/A (sky130_fd_sc_hd__buf_6)
    10    0.037680    0.133202    0.293694   18.110928 ^ fanout109/X (sky130_fd_sc_hd__buf_6)
                                                         net109 (net)
                      0.133206    0.000931   18.111858 ^ _7563_/A1 (sky130_fd_sc_hd__o211a_1)
     2    0.004879    0.103281    0.365082   18.476942 ^ _7563_/X (sky130_fd_sc_hd__o211a_1)
                                                         _3193_ (net)
                      0.103281    0.000114   18.477055 ^ _7569_/D_N (sky130_fd_sc_hd__nor4b_4)
     3    0.013181    0.471328    0.487494   18.964550 ^ _7569_/Y (sky130_fd_sc_hd__nor4b_4)
                                                         _3199_ (net)
                      0.471328    0.000615   18.965164 ^ _7614_/A (sky130_fd_sc_hd__and4_2)
     8    0.022714    0.246554    0.731294   19.696459 ^ _7614_/X (sky130_fd_sc_hd__and4_2)
                                                         _3244_ (net)
                      0.246554    0.000590   19.697048 ^ _7639_/B (sky130_fd_sc_hd__and4_1)
     1    0.002640    0.098158    0.420656   20.117704 ^ _7639_/X (sky130_fd_sc_hd__and4_1)
                                                         _3269_ (net)
                      0.098158    0.000076   20.117781 ^ fanout104/A (sky130_fd_sc_hd__buf_2)
     6    0.043521    0.341148    0.404571   20.522350 ^ fanout104/X (sky130_fd_sc_hd__buf_2)
                                                         net104 (net)
                      0.341204    0.003679   20.526030 ^ fanout103/A (sky130_fd_sc_hd__clkbuf_2)
    10    0.029929    0.260439    0.443954   20.969984 ^ fanout103/X (sky130_fd_sc_hd__clkbuf_2)
                                                         net103 (net)
                      0.260439    0.000478   20.970461 ^ _7661_/C (sky130_fd_sc_hd__and4bb_1)
     3    0.007668    0.168025    0.512474   21.482935 ^ _7661_/X (sky130_fd_sc_hd__and4bb_1)
                                                         _3289_ (net)
                      0.168025    0.000171   21.483107 ^ _7771_/A_N (sky130_fd_sc_hd__and4b_1)
     1    0.004589    0.091073    0.445839   21.928946 v _7771_/X (sky130_fd_sc_hd__and4b_1)
                                                         _3380_ (net)
                      0.091073    0.000165   21.929110 v _7773_/A2 (sky130_fd_sc_hd__a31o_1)
     1    0.002932    0.066977    0.374207   22.303318 v _7773_/X (sky130_fd_sc_hd__a31o_1)
                                                         multiplier_inst.overflow_calc (net)
                      0.066977    0.000091   22.303408 v _9411_/D (sky130_fd_sc_hd__dfrtp_1)
                                             22.303408   data arrival time

                                 20.000000   20.000000   clock clk (rise edge)
                                  0.000000   20.000000   clock source latency
     1    0.044732    0.323436    0.225818   20.225819 ^ clk (in)
                                                         clk (net)
                      0.323520    0.000000   20.225819 ^ clkbuf_0_clk/A (sky130_fd_sc_hd__clkbuf_16)
     2    0.041020    0.096848    0.362258   20.588076 ^ clkbuf_0_clk/X (sky130_fd_sc_hd__clkbuf_16)
                                                         clknet_0_clk (net)
                      0.096867    0.001315   20.589390 ^ clkbuf_1_1__f_clk/A (sky130_fd_sc_hd__clkbuf_16)
    13    0.126225    0.213018    0.353957   20.943348 ^ clkbuf_1_1__f_clk/X (sky130_fd_sc_hd__clkbuf_16)
                                                         clknet_1_1__leaf_clk (net)
                      0.213418    0.006557   20.949903 ^ clkbuf_leaf_11_clk/A (sky130_fd_sc_hd__clkbuf_8)
    26    0.075338    0.216222    0.408438   21.358341 ^ clkbuf_leaf_11_clk/X (sky130_fd_sc_hd__clkbuf_8)
                                                         clknet_leaf_11_clk (net)
                      0.216246    0.002355   21.360697 ^ _9411_/CLK (sky130_fd_sc_hd__dfrtp_1)
                                 -0.250000   21.110699   clock uncertainty
                                  0.000000   21.110699   clock reconvergence pessimism
                                 -0.236333   20.874365   library setup time
                                             20.874365   data required time
---------------------------------------------------------------------------------------------
                                             20.874365   data required time
                                            -22.303408   data arrival time
---------------------------------------------------------------------------------------------
                                             -1.429044   slack (VIOLATED)




===========================================================================
report_checks --slack_max -0.01
============================================================================
======================= nom_ss_100C_1v60 Corner ===================================

Startpoint: _9300_ (rising edge-triggered flip-flop clocked by clk)
Endpoint: _9411_ (rising edge-triggered flip-flop clocked by clk)
Path Group: clk
Path Type: max

Fanout         Cap        Slew       Delay        Time   Description
---------------------------------------------------------------------------------------------
                                  0.000000    0.000000   clock clk (rise edge)
                                  0.000000    0.000000   clock source latency
     1    0.044732    0.323436    0.225817    0.225817 ^ clk (in)
                                                         clk (net)
                      0.323520    0.000000    0.225817 ^ clkbuf_0_clk/A (sky130_fd_sc_hd__clkbuf_16)
     2    0.041020    0.096848    0.362258    0.588075 ^ clkbuf_0_clk/X (sky130_fd_sc_hd__clkbuf_16)
                                                         clknet_0_clk (net)
                      0.096878    0.001580    0.589654 ^ clkbuf_1_0__f_clk/A (sky130_fd_sc_hd__clkbuf_16)
    11    0.107417    0.186472    0.334356    0.924011 ^ clkbuf_1_0__f_clk/X (sky130_fd_sc_hd__clkbuf_16)
                                                         clknet_1_0__leaf_clk (net)
                      0.186791    0.005331    0.929342 ^ clkbuf_leaf_0_clk/A (sky130_fd_sc_hd__clkbuf_8)
    19    0.063079    0.185993    0.373782    1.303124 ^ clkbuf_leaf_0_clk/X (sky130_fd_sc_hd__clkbuf_8)
                                                         clknet_leaf_0_clk (net)
                      0.185993    0.000753    1.303877 ^ _9300_/CLK (sky130_fd_sc_hd__dfrtp_1)
     1    0.014013    0.168514    0.892655    2.196532 v _9300_/Q (sky130_fd_sc_hd__dfrtp_1)
                                                         adder_inst.man_a_r[12] (net)
                      0.168514    0.000573    2.197104 v fanout413/A (sky130_fd_sc_hd__clkbuf_4)
     7    0.082861    0.294629    0.492362    2.689466 v fanout413/X (sky130_fd_sc_hd__clkbuf_4)
                                                         net413 (net)
                      0.294629    0.001016    2.690483 v fanout412/A (sky130_fd_sc_hd__clkbuf_4)
    10    0.060391    0.222182    0.494525    3.185008 v fanout412/X (sky130_fd_sc_hd__clkbuf_4)
                                                         net412 (net)
                      0.222229    0.003234    3.188241 v fanout411/A (sky130_fd_sc_hd__buf_2)
    10    0.052271    0.238921    0.472582    3.660823 v fanout411/X (sky130_fd_sc_hd__buf_2)
                                                         net411 (net)
                      0.239059    0.005278    3.666101 v _4938_/D (sky130_fd_sc_hd__and4_1)
     3    0.006278    0.101255    0.517101    4.183202 v _4938_/X (sky130_fd_sc_hd__and4_1)
                                                         _0568_ (net)
                      0.101327    0.000128    4.183330 v _4941_/A (sky130_fd_sc_hd__or3_1)
     3    0.008856    0.198269    0.941660    5.124990 v _4941_/X (sky130_fd_sc_hd__or3_1)
                                                         _0571_ (net)
                      0.198269    0.000199    5.125189 v _5200_/A1 (sky130_fd_sc_hd__a21o_1)
     3    0.016429    0.163041    0.442755    5.567944 v _5200_/X (sky130_fd_sc_hd__a21o_1)
                                                         _0830_ (net)
                      0.163043    0.000981    5.568924 v _5202_/A2 (sky130_fd_sc_hd__a21bo_1)
     2    0.007368    0.098233    0.414678    5.983602 v _5202_/X (sky130_fd_sc_hd__a21bo_1)
                                                         _0832_ (net)
                      0.098233    0.000269    5.983871 v _5203_/C (sky130_fd_sc_hd__and3_1)
     3    0.007331    0.107421    0.414965    6.398835 v _5203_/X (sky130_fd_sc_hd__and3_1)
                                                         _0833_ (net)
                      0.107421    0.000128    6.398963 v _5219_/A (sky130_fd_sc_hd__nor3_1)
     3    0.011932    0.653438    0.638880    7.037843 ^ _5219_/Y (sky130_fd_sc_hd__nor3_1)
                                                         _0849_ (net)
                      0.653438    0.000234    7.038078 ^ _5220_/B (sky130_fd_sc_hd__or2_1)
     3    0.009454    0.159888    0.433515    7.471593 ^ _5220_/X (sky130_fd_sc_hd__or2_1)
                                                         _0850_ (net)
                      0.159888    0.000240    7.471833 ^ _5222_/B1 (sky130_fd_sc_hd__a21oi_1)
     2    0.005391    0.149761    0.124660    7.596493 v _5222_/Y (sky130_fd_sc_hd__a21oi_1)
                                                         _0852_ (net)
                      0.149761    0.000132    7.596626 v _5224_/C (sky130_fd_sc_hd__nor4_1)
     3    0.013287    1.044824    0.930005    8.526631 ^ _5224_/Y (sky130_fd_sc_hd__nor4_1)
                                                         _0854_ (net)
                      1.044824    0.000274    8.526905 ^ max_cap152/A (sky130_fd_sc_hd__buf_1)
     2    0.010008    0.206173    0.492920    9.019824 ^ max_cap152/X (sky130_fd_sc_hd__buf_1)
                                                         net152 (net)
                      0.206173    0.000374    9.020198 ^ _5330_/B1 (sky130_fd_sc_hd__a211oi_2)
     5    0.016805    0.207378    0.178524    9.198722 v _5330_/Y (sky130_fd_sc_hd__a211oi_2)
                                                         _0960_ (net)
                      0.207378    0.000547    9.199269 v _5340_/A (sky130_fd_sc_hd__or3_1)
     2    0.005881    0.168162    0.942412   10.141682 v _5340_/X (sky130_fd_sc_hd__or3_1)
                                                         _0970_ (net)
                      0.168162    0.000153   10.141834 v _7253_/A1 (sky130_fd_sc_hd__a211oi_1)
     1    0.003940    0.354816    0.424854   10.566689 ^ _7253_/Y (sky130_fd_sc_hd__a211oi_1)
                                                         _2883_ (net)
                      0.354816    0.000098   10.566786 ^ _7254_/B (sky130_fd_sc_hd__nor2_1)
     2    0.004678    0.096398    0.183216   10.750002 v _7254_/Y (sky130_fd_sc_hd__nor2_1)
                                                         _2884_ (net)
                      0.096398    0.000123   10.750125 v _7255_/B (sky130_fd_sc_hd__and2_1)
     3    0.007493    0.104999    0.367117   11.117242 v _7255_/X (sky130_fd_sc_hd__and2_1)
                                                         _2885_ (net)
                      0.104999    0.000088   11.117330 v _7260_/A (sky130_fd_sc_hd__or2_1)
     2    0.012752    0.182265    0.614570   11.731899 v _7260_/X (sky130_fd_sc_hd__or2_1)
                                                         _2890_ (net)
                      0.182265    0.000449   11.732347 v _7322_/A (sky130_fd_sc_hd__xnor2_2)
     4    0.013457    0.336024    0.410457   12.142804 ^ _7322_/Y (sky130_fd_sc_hd__xnor2_2)
                                                         _2952_ (net)
                      0.336024    0.000193   12.142997 ^ _7375_/B (sky130_fd_sc_hd__nand4_1)
     2    0.005658    0.250283    0.347445   12.490442 v _7375_/Y (sky130_fd_sc_hd__nand4_1)
                                                         _3005_ (net)
                      0.250283    0.000128   12.490570 v _7397_/B (sky130_fd_sc_hd__or3_1)
     2    0.005933    0.169310    0.908670   13.399240 v _7397_/X (sky130_fd_sc_hd__or3_1)
                                                         _3027_ (net)
                      0.169310    0.000151   13.399390 v _7399_/A2 (sky130_fd_sc_hd__o221a_1)
     4    0.019063    0.225245    0.640130   14.039520 v _7399_/X (sky130_fd_sc_hd__o221a_1)
                                                         _3029_ (net)
                      0.225245    0.000922   14.040442 v _7405_/A1 (sky130_fd_sc_hd__a21o_1)
     3    0.008012    0.100585    0.394592   14.435034 v _7405_/X (sky130_fd_sc_hd__a21o_1)
                                                         _3035_ (net)
                      0.100585    0.000190   14.435225 v _7496_/A2 (sky130_fd_sc_hd__a211o_1)
     2    0.006279    0.116324    0.588233   15.023457 v _7496_/X (sky130_fd_sc_hd__a211o_1)
                                                         _3126_ (net)
                      0.116324    0.000115   15.023572 v _7518_/A1 (sky130_fd_sc_hd__a2111o_1)
     3    0.010398    0.181944    0.814616   15.838188 v _7518_/X (sky130_fd_sc_hd__a2111o_1)
                                                         _3148_ (net)
                      0.181944    0.000293   15.838481 v _7521_/A1 (sky130_fd_sc_hd__a21o_4)
    10    0.031458    0.115309    0.483011   16.321491 v _7521_/X (sky130_fd_sc_hd__a21o_4)
                                                         _3151_ (net)
                      0.115334    0.001627   16.323120 v _7522_/C (sky130_fd_sc_hd__nand3_1)
     1    0.004896    0.128129    0.165242   16.488361 ^ _7522_/Y (sky130_fd_sc_hd__nand3_1)
                                                         _3152_ (net)
                      0.128129    0.000204   16.488565 ^ fanout114/A (sky130_fd_sc_hd__buf_4)
    10    0.056462    0.256623    0.370397   16.858963 ^ fanout114/X (sky130_fd_sc_hd__buf_4)
                                                         net114 (net)
                      0.256626    0.000780   16.859743 ^ fanout113/A (sky130_fd_sc_hd__buf_4)
     5    0.022689    0.120364    0.329534   17.189276 ^ fanout113/X (sky130_fd_sc_hd__buf_4)
                                                         net113 (net)
                      0.120364    0.000384   17.189659 ^ fanout112/A (sky130_fd_sc_hd__buf_4)
     8    0.029927    0.147338    0.290504   17.480164 ^ fanout112/X (sky130_fd_sc_hd__buf_4)
                                                         net112 (net)
                      0.147339    0.000808   17.480972 ^ fanout111/A (sky130_fd_sc_hd__buf_2)
     6    0.025935    0.210502    0.335234   17.816206 ^ fanout111/X (sky130_fd_sc_hd__buf_2)
                                                         net111 (net)
                      0.210503    0.001029   17.817234 ^ fanout109/A (sky130_fd_sc_hd__buf_6)
    10    0.037680    0.133202    0.293694   18.110928 ^ fanout109/X (sky130_fd_sc_hd__buf_6)
                                                         net109 (net)
                      0.133206    0.000931   18.111858 ^ _7563_/A1 (sky130_fd_sc_hd__o211a_1)
     2    0.004879    0.103281    0.365082   18.476942 ^ _7563_/X (sky130_fd_sc_hd__o211a_1)
                                                         _3193_ (net)
                      0.103281    0.000114   18.477055 ^ _7569_/D_N (sky130_fd_sc_hd__nor4b_4)
     3    0.013181    0.471328    0.487494   18.964550 ^ _7569_/Y (sky130_fd_sc_hd__nor4b_4)
                                                         _3199_ (net)
                      0.471328    0.000615   18.965164 ^ _7614_/A (sky130_fd_sc_hd__and4_2)
     8    0.022714    0.246554    0.731294   19.696459 ^ _7614_/X (sky130_fd_sc_hd__and4_2)
                                                         _3244_ (net)
                      0.246554    0.000590   19.697048 ^ _7639_/B (sky130_fd_sc_hd__and4_1)
     1    0.002640    0.098158    0.420656   20.117704 ^ _7639_/X (sky130_fd_sc_hd__and4_1)
                                                         _3269_ (net)
                      0.098158    0.000076   20.117781 ^ fanout104/A (sky130_fd_sc_hd__buf_2)
     6    0.043521    0.341148    0.404571   20.522350 ^ fanout104/X (sky130_fd_sc_hd__buf_2)
                                                         net104 (net)
                      0.341204    0.003679   20.526030 ^ fanout103/A (sky130_fd_sc_hd__clkbuf_2)
    10    0.029929    0.260439    0.443954   20.969984 ^ fanout103/X (sky130_fd_sc_hd__clkbuf_2)
                                                         net103 (net)
                      0.260439    0.000478   20.970461 ^ _7661_/C (sky130_fd_sc_hd__and4bb_1)
     3    0.007668    0.168025    0.512474   21.482935 ^ _7661_/X (sky130_fd_sc_hd__and4bb_1)
                                                         _3289_ (net)
                      0.168025    0.000171   21.483107 ^ _7771_/A_N (sky130_fd_sc_hd__and4b_1)
     1    0.004589    0.091073    0.445839   21.928946 v _7771_/X (sky130_fd_sc_hd__and4b_1)
                                                         _3380_ (net)
                      0.091073    0.000165   21.929110 v _7773_/A2 (sky130_fd_sc_hd__a31o_1)
     1    0.002932    0.066977    0.374207   22.303318 v _7773_/X (sky130_fd_sc_hd__a31o_1)
                                                         multiplier_inst.overflow_calc (net)
                      0.066977    0.000091   22.303408 v _9411_/D (sky130_fd_sc_hd__dfrtp_1)
                                             22.303408   data arrival time

                                 20.000000   20.000000   clock clk (rise edge)
                                  0.000000   20.000000   clock source latency
     1    0.044732    0.323436    0.225818   20.225819 ^ clk (in)
                                                         clk (net)
                      0.323520    0.000000   20.225819 ^ clkbuf_0_clk/A (sky130_fd_sc_hd__clkbuf_16)
     2    0.041020    0.096848    0.362258   20.588076 ^ clkbuf_0_clk/X (sky130_fd_sc_hd__clkbuf_16)
                                                         clknet_0_clk (net)
                      0.096867    0.001315   20.589390 ^ clkbuf_1_1__f_clk/A (sky130_fd_sc_hd__clkbuf_16)
    13    0.126225    0.213018    0.353957   20.943348 ^ clkbuf_1_1__f_clk/X (sky130_fd_sc_hd__clkbuf_16)
                                                         clknet_1_1__leaf_clk (net)
                      0.213418    0.006557   20.949903 ^ clkbuf_leaf_11_clk/A (sky130_fd_sc_hd__clkbuf_8)
    26    0.075338    0.216222    0.408438   21.358341 ^ clkbuf_leaf_11_clk/X (sky130_fd_sc_hd__clkbuf_8)
                                                         clknet_leaf_11_clk (net)
                      0.216246    0.002355   21.360697 ^ _9411_/CLK (sky130_fd_sc_hd__dfrtp_1)
                                 -0.250000   21.110699   clock uncertainty
                                  0.000000   21.110699   clock reconvergence pessimism
                                 -0.236333   20.874365   library setup time
                                             20.874365   data required time
---------------------------------------------------------------------------------------------
                                             20.874365   data required time
                                            -22.303408   data arrival time
---------------------------------------------------------------------------------------------
                                             -1.429044   slack (VIOLATED)




===========================================================================
 report_check_types -max_slew -max_cap -max_fanout -violators
============================================================================
======================= nom_ss_100C_1v60 Corner ===================================

max slew

Pin                                        Limit        Slew       Slack
------------------------------------------------------------------------
_5224_/Y                                0.750000    1.044824   -0.294824 (VIOLATED)
_5225_/A2                               0.750000    1.044824   -0.294824 (VIOLATED)
_5233_/C1                               0.750000    1.044824   -0.294824 (VIOLATED)
max_cap152/A                            0.750000    1.044824   -0.294824 (VIOLATED)
_5784_/Y                                0.750000    0.932349   -0.182349 (VIOLATED)
_5880_/A2                               0.750000    0.932349   -0.182349 (VIOLATED)
_5881_/C1                               0.750000    0.932349   -0.182349 (VIOLATED)
max_cap135/A                            0.750000    0.932349   -0.182349 (VIOLATED)
fanout187/A                             0.750000    0.883723   -0.133723 (VIOLATED)
_8742_/B                                0.750000    0.883723   -0.133723 (VIOLATED)
_8749_/B                                0.750000    0.883722   -0.133722 (VIOLATED)
fanout186/A                             0.750000    0.883722   -0.133722 (VIOLATED)
_8729_/Y                                0.750000    0.883718   -0.133718 (VIOLATED)
_8119_/Y                                0.750000    0.860180   -0.110180 (VIOLATED)
_8136_/C                                0.750000    0.860180   -0.110180 (VIOLATED)
_8220_/A3                               0.750000    0.860180   -0.110180 (VIOLATED)
max_cap155/A                            0.750000    0.860180   -0.110180 (VIOLATED)
_6166_/Y                                0.750000    0.856691   -0.106691 (VIOLATED)
_6168_/C                                0.750000    0.856691   -0.106691 (VIOLATED)
_6171_/B                                0.750000    0.856691   -0.106691 (VIOLATED)
_6252_/B1                               0.750000    0.856691   -0.106691 (VIOLATED)
_6086_/Y                                0.750000    0.791315   -0.041315 (VIOLATED)
_6088_/A                                0.750000    0.791315   -0.041315 (VIOLATED)
_6625_/A                                0.750000    0.791315   -0.041315 (VIOLATED)
_7761_/A                                0.750000    0.774664   -0.024664 (VIOLATED)
_7774_/A_N                              0.750000    0.774663   -0.024663 (VIOLATED)
_7745_/B                                0.750000    0.774663   -0.024663 (VIOLATED)
_7744_/Y                                0.750000    0.774651   -0.024651 (VIOLATED)
_7168_/Y                                0.750000    0.750804   -0.000804 (VIOLATED)
_7169_/B                                0.750000    0.750804   -0.000804 (VIOLATED)

max fanout

Pin                                   Limit Fanout  Slack
---------------------------------------------------------
clkbuf_leaf_11_clk/X                     10     26    -16 (VIOLATED)
clkbuf_leaf_19_clk/X                     10     25    -15 (VIOLATED)
clkbuf_leaf_6_clk/X                      10     25    -15 (VIOLATED)
clkbuf_leaf_3_clk/X                      10     22    -12 (VIOLATED)
clkbuf_leaf_12_clk/X                     10     21    -11 (VIOLATED)
clkbuf_leaf_10_clk/X                     10     20    -10 (VIOLATED)
clkbuf_leaf_20_clk/X                     10     20    -10 (VIOLATED)
clkbuf_leaf_0_clk/X                      10     19     -9 (VIOLATED)
clkbuf_leaf_18_clk/X                     10     18     -8 (VIOLATED)
clkbuf_leaf_22_clk/X                     10     18     -8 (VIOLATED)
clkbuf_leaf_17_clk/X                     10     16     -6 (VIOLATED)
clkbuf_leaf_1_clk/X                      10     14     -4 (VIOLATED)
clkbuf_leaf_21_clk/X                     10     14     -4 (VIOLATED)
clkbuf_1_1__f_clk/X                      10     13     -3 (VIOLATED)
clkbuf_leaf_16_clk/X                     10     12     -2 (VIOLATED)
clkbuf_1_0__f_clk/X                      10     11        (VIOLATED)
clkbuf_leaf_7_clk/X                      10     11        (VIOLATED)
fanout227/X                              10     11        (VIOLATED)
fanout251/X                              10     11        (VIOLATED)
fanout274/X                              10     11        (VIOLATED)
fanout280/X                              10     11        (VIOLATED)
fanout309/X                              10     11        (VIOLATED)
fanout366/X                              10     11        (VIOLATED)
fanout460/X                              10     11        (VIOLATED)



===========================================================================
report_parasitic_annotation -report_unannotated
============================================================================
Found 22 unannotated drivers.
 clkload0/Y
 clkload1/Y
 clkload10/Y
 clkload11/Y
 clkload12/X
 clkload13/Y
 clkload14/Y
 clkload15/Y
 clkload16/Y
 clkload17/Y
 clkload18/Y
 clkload19/Y
 clkload2/Y
 clkload20/Y
 clkload21/Y
 clkload3/Y
 clkload4/Y
 clkload5/Y
 clkload6/Y
 clkload7/Y
 clkload8/Y
 clkload9/Y
Found 0 partially unannotated drivers.

===========================================================================
max slew violation count 30
max fanout violation count 24
max cap violation count 0
============================================================================

===========================================================================
check_setup -verbose -unconstrained_endpoints -multiple_clock -no_clock -no_input_delay -loops -generated_clocks
===========================================================================
