Clock: clk
Sources: clk 
Generated: no
Virtual: yes
Propagated: no
Period: 20.000000

===========================================================================
report_clock_properties
============================================================================
Clock                   Period          Waveform
----------------------------------------------------
clk                  20.000000    0.000000 10.000000

===========================================================================
report_clock_latency
============================================================================
Clock clk
rise -> rise
    min     max
0.000000 0.000000 source latency
1.271533         network latency _9344_/CLK
        1.360746 network latency _9442_/CLK
---------------
1.271533 1.360746 latency
        0.089214 skew

fall -> fall
    min     max
0.000000 0.000000 source latency
1.133871         network latency _9344_/CLK
        1.201022 network latency _9442_/CLK
---------------
1.133871 1.201022 latency
        0.067151 skew



===========================================================================
report_clock_min_period
============================================================================
clk period_min = 21.43 fmax = 46.67
