Clock: clk
Sources: clk 
Generated: no
Virtual: no
Propagated: no
Period: 15.000000

===========================================================================
report_clock_properties
============================================================================
Clock                   Period          Waveform
----------------------------------------------------
clk                  15.000000    0.000000  7.500000

===========================================================================
report_clock_latency
============================================================================
Clock clk
rise -> rise
    min     max
0.000000 0.000000 source latency
1.433415         network latency _9195_/CLK
        1.433415 network latency _9195_/CLK
---------------
1.433415 1.433415 latency
        0.000000 skew

fall -> fall
    min     max
0.000000 0.000000 source latency
0.626398         network latency _9195_/CLK
        0.626398 network latency _9195_/CLK
---------------
0.626398 0.626398 latency
        0.000000 skew



===========================================================================
report_clock_min_period
============================================================================
clk period_min = 6.60 fmax = 151.62
