129. Printing statistics.

=== ALU ===

   Number of wires:               5958
   Number of wire bits:           6446
   Number of public wires:          64
   Number of public wire bits:     521
   Number of ports:                  9
   Number of port bits:            102
   Number of memories:               0
   Number of memory bits:            0
   Number of processes:              0
   Number of cells:               6314
     $_ANDNOT_                    1416
     $_AND_                        626
     $_MUX_                        556
     $_NAND_                       183
     $_NOR_                        376
     $_NOT_                        484
     $_ORNOT_                      323
     $_OR_                         661
     $_XNOR_                       504
     $_XOR_                        871
     sky130_fd_sc_hd__dfrtp_2      314

   Area for cell type $_NOT_ is unknown!
   Area for cell type $_AND_ is unknown!
   Area for cell type $_NAND_ is unknown!
   Area for cell type $_OR_ is unknown!
   Area for cell type $_NOR_ is unknown!
   Area for cell type $_XOR_ is unknown!
   Area for cell type $_XNOR_ is unknown!
   Area for cell type $_ANDNOT_ is unknown!
   Area for cell type $_ORNOT_ is unknown!
   Area for cell type $_MUX_ is unknown!

   Chip area for module '\ALU': 8250.412800
     of which used for sequential elements: 8250.412800 (100.00%)

