
===========================================================================
report_checks -unconstrained
===========================================================================
======================= max_tt_025C_1v80 Corner ===================================

Startpoint: rst (input port clocked by clk)
Endpoint: _9217_ (recovery check against rising-edge clock clk)
Path Group: asynchronous
Path Type: max

Fanout         Cap        Slew       Delay        Time   Description
---------------------------------------------------------------------------------------------
                                  0.000000    0.000000   clock clk (rise edge)
                                  0.000000    0.000000   clock network delay (propagated)
                                  3.000000    3.000000 v input external delay
     2    0.003724    0.010760    0.006034    3.006034 v rst (in)
                                                         rst (net)
                      0.010763    0.000000    3.006034 v input67/A (sky130_fd_sc_hd__clkbuf_2)
     5    0.045801    0.174490    0.200905    3.206939 v input67/X (sky130_fd_sc_hd__clkbuf_2)
                                                         net67 (net)
                      0.174509    0.001582    3.208521 v fanout523/A (sky130_fd_sc_hd__buf_4)
    17    0.093958    0.123593    0.276915    3.485436 v fanout523/X (sky130_fd_sc_hd__buf_4)
                                                         net523 (net)
                      0.123654    0.002357    3.487793 v fanout518/A (sky130_fd_sc_hd__clkbuf_2)
    11    0.042780    0.162268    0.243660    3.731453 v fanout518/X (sky130_fd_sc_hd__clkbuf_2)
                                                         net518 (net)
                      0.162271    0.001037    3.732491 v fanout517/A (sky130_fd_sc_hd__clkbuf_4)
    15    0.053109    0.111376    0.260372    3.992863 v fanout517/X (sky130_fd_sc_hd__clkbuf_4)
                                                         net517 (net)
                      0.111419    0.002236    3.995098 v fanout516/A (sky130_fd_sc_hd__clkbuf_4)
     8    0.041635    0.092636    0.222866    4.217964 v fanout516/X (sky130_fd_sc_hd__clkbuf_4)
                                                         net516 (net)
                      0.092650    0.001171    4.219135 v fanout515/A (sky130_fd_sc_hd__buf_4)
    10    0.060972    0.086274    0.214024    4.433159 v fanout515/X (sky130_fd_sc_hd__buf_4)
                                                         net515 (net)
                      0.087271    0.007102    4.440261 v _8903_/A (sky130_fd_sc_hd__inv_2)
     1    0.005224    0.039275    0.064869    4.505130 ^ _8903_/Y (sky130_fd_sc_hd__inv_2)
                                                         _0127_ (net)
                      0.039276    0.000309    4.505439 ^ _9217_/RESET_B (sky130_fd_sc_hd__dfrtp_1)
                                              4.505439   data arrival time

                                 15.000000   15.000000   clock clk (rise edge)
                                  0.000000   15.000000   clock source latency
     2    0.057586    0.263306    0.187510   15.187510 ^ clk (in)
                                                         clk (net)
                      0.264006    0.000000   15.187510 ^ clkbuf_0_clk/A (sky130_fd_sc_hd__clkbuf_16)
     9    0.090555    0.109230    0.247214   15.434724 ^ clkbuf_0_clk/X (sky130_fd_sc_hd__clkbuf_16)
                                                         clknet_0_clk (net)
                      0.110289    0.008262   15.442986 ^ clkbuf_2_1__f_clk/A (sky130_fd_sc_hd__clkbuf_16)
    17    0.107891    0.122613    0.209690   15.652676 ^ clkbuf_2_1__f_clk/X (sky130_fd_sc_hd__clkbuf_16)
                                                         clknet_2_1__leaf_clk (net)
                      0.125877    0.015797   15.668473 ^ clkbuf_leaf_5_clk/A (sky130_fd_sc_hd__clkbuf_8)
    12    0.046310    0.091881    0.193385   15.861858 ^ clkbuf_leaf_5_clk/X (sky130_fd_sc_hd__clkbuf_8)
                                                         clknet_leaf_5_clk (net)
                      0.091901    0.001329   15.863187 ^ _9217_/CLK (sky130_fd_sc_hd__dfrtp_1)
                                 -0.250000   15.613188   clock uncertainty
                                  0.000000   15.613188   clock reconvergence pessimism
                                  0.246182   15.859369   library recovery time
                                             15.859369   data required time
---------------------------------------------------------------------------------------------
                                             15.859369   data required time
                                             -4.505439   data arrival time
---------------------------------------------------------------------------------------------
                                             11.353930   slack (MET)


Startpoint: _9326_ (rising edge-triggered flip-flop clocked by clk)
Endpoint: _9411_ (rising edge-triggered flip-flop clocked by clk)
Path Group: clk
Path Type: max

Fanout         Cap        Slew       Delay        Time   Description
---------------------------------------------------------------------------------------------
                                  0.000000    0.000000   clock clk (rise edge)
                                  0.000000    0.000000   clock source latency
     2    0.057586    0.263306    0.187511    0.187511 ^ clk (in)
                                                         clk (net)
                      0.264006    0.000000    0.187511 ^ clkbuf_0_clk/A (sky130_fd_sc_hd__clkbuf_16)
     9    0.090555    0.109230    0.247214    0.434725 ^ clkbuf_0_clk/X (sky130_fd_sc_hd__clkbuf_16)
                                                         clknet_0_clk (net)
                      0.110046    0.007194    0.441918 ^ clkbuf_2_0__f_clk/A (sky130_fd_sc_hd__clkbuf_16)
    15    0.106023    0.120681    0.205857    0.647775 ^ clkbuf_2_0__f_clk/X (sky130_fd_sc_hd__clkbuf_16)
                                                         clknet_2_0__leaf_clk (net)
                      0.125902    0.019523    0.667298 ^ clkbuf_leaf_0_clk/A (sky130_fd_sc_hd__clkbuf_8)
    16    0.052345    0.101433    0.200315    0.867613 ^ clkbuf_leaf_0_clk/X (sky130_fd_sc_hd__clkbuf_8)
                                                         clknet_leaf_0_clk (net)
                      0.101494    0.002318    0.869931 ^ _9326_/CLK (sky130_fd_sc_hd__dfrtp_2)
     5    0.040384    0.198220    0.488283    1.358213 ^ _9326_/Q (sky130_fd_sc_hd__dfrtp_2)
                                                         adder_inst.man_b_r[4] (net)
                      0.198421    0.005678    1.363891 ^ fanout316/A (sky130_fd_sc_hd__buf_2)
    11    0.063395    0.308157    0.338821    1.702712 ^ fanout316/X (sky130_fd_sc_hd__buf_2)
                                                         net316 (net)
                      0.308499    0.008469    1.711181 ^ fanout315/A (sky130_fd_sc_hd__buf_2)
    21    0.064168    0.312873    0.366081    2.077262 ^ fanout315/X (sky130_fd_sc_hd__buf_2)
                                                         net315 (net)
                      0.312885    0.001690    2.078952 ^ fanout314/A (sky130_fd_sc_hd__buf_2)
    10    0.041919    0.205984    0.297081    2.376033 ^ fanout314/X (sky130_fd_sc_hd__buf_2)
                                                         net314 (net)
                      0.206154    0.003578    2.379610 ^ _5736_/C (sky130_fd_sc_hd__and4_1)
     2    0.005777    0.080623    0.237318    2.616929 ^ _5736_/X (sky130_fd_sc_hd__and4_1)
                                                         _1366_ (net)
                      0.080623    0.000397    2.617325 ^ _5738_/A (sky130_fd_sc_hd__nor2_1)
     1    0.005279    0.064894    0.060462    2.677787 v _5738_/Y (sky130_fd_sc_hd__nor2_1)
                                                         _1368_ (net)
                      0.064920    0.000387    2.678174 v _5739_/B (sky130_fd_sc_hd__xnor2_1)
     3    0.011966    0.295842    0.272073    2.950248 ^ _5739_/Y (sky130_fd_sc_hd__xnor2_1)
                                                         _1369_ (net)
                      0.295845    0.000794    2.951042 ^ _5740_/C (sky130_fd_sc_hd__nand3_1)
     2    0.008681    0.119736    0.168985    3.120027 v _5740_/Y (sky130_fd_sc_hd__nand3_1)
                                                         _1370_ (net)
                      0.119736    0.000474    3.120501 v _5743_/A1 (sky130_fd_sc_hd__a21o_1)
     2    0.016430    0.088821    0.235996    3.356497 v _5743_/X (sky130_fd_sc_hd__a21o_1)
                                                         _1373_ (net)
                      0.088841    0.001285    3.357781 v _5756_/A2 (sky130_fd_sc_hd__a21o_1)
     2    0.010740    0.065513    0.224670    3.582452 v _5756_/X (sky130_fd_sc_hd__a21o_1)
                                                         _1386_ (net)
                      0.065521    0.000776    3.583228 v _5758_/A1 (sky130_fd_sc_hd__a211oi_2)
     2    0.010235    0.250734    0.259726    3.842954 ^ _5758_/Y (sky130_fd_sc_hd__a211oi_2)
                                                         _1388_ (net)
                      0.250735    0.000611    3.843565 ^ _5779_/A_N (sky130_fd_sc_hd__and4bb_2)
     3    0.009920    0.059123    0.285131    4.128696 v _5779_/X (sky130_fd_sc_hd__and4bb_2)
                                                         _1409_ (net)
                      0.059126    0.000497    4.129193 v _5842_/A2 (sky130_fd_sc_hd__o211a_4)
     5    0.021628    0.060264    0.259489    4.388682 v _5842_/X (sky130_fd_sc_hd__o211a_4)
                                                         _1472_ (net)
                      0.060430    0.002492    4.391174 v _5878_/B (sky130_fd_sc_hd__or4_4)
     2    0.017034    0.109305    0.554299    4.945473 v _5878_/X (sky130_fd_sc_hd__or4_4)
                                                         _1508_ (net)
                      0.109305    0.001354    4.946827 v _5881_/A2 (sky130_fd_sc_hd__a211oi_4)
     2    0.013281    0.240036    0.311520    5.258347 ^ _5881_/Y (sky130_fd_sc_hd__a211oi_4)
                                                         _1511_ (net)
                      0.240037    0.000960    5.259307 ^ _5883_/B (sky130_fd_sc_hd__nor3_4)
     3    0.019268    0.091253    0.095143    5.354450 v _5883_/Y (sky130_fd_sc_hd__nor3_4)
                                                         _1513_ (net)
                      0.091260    0.001470    5.355920 v _5990_/A1 (sky130_fd_sc_hd__o211a_4)
     4    0.018902    0.057136    0.288287    5.644207 v _5990_/X (sky130_fd_sc_hd__o211a_4)
                                                         _1620_ (net)
                      0.057207    0.001277    5.645484 v _5992_/A (sky130_fd_sc_hd__nor3_4)
     9    0.041372    0.448179    0.423792    6.069275 ^ _5992_/Y (sky130_fd_sc_hd__nor3_4)
                                                         _1622_ (net)
                      0.448207    0.002881    6.072156 ^ _7168_/A (sky130_fd_sc_hd__nor3_4)
     1    0.009036    0.092725    0.097347    6.169504 v _7168_/Y (sky130_fd_sc_hd__nor3_4)
                                                         _2798_ (net)
                      0.092725    0.000687    6.170190 v _7169_/A (sky130_fd_sc_hd__nor2_4)
     4    0.033919    0.225521    0.235437    6.405627 ^ _7169_/Y (sky130_fd_sc_hd__nor2_4)
                                                         _2799_ (net)
                      0.225654    0.004457    6.410084 ^ _7170_/B (sky130_fd_sc_hd__nand2_4)
     1    0.015307    0.078908    0.091347    6.501431 v _7170_/Y (sky130_fd_sc_hd__nand2_4)
                                                         _2800_ (net)
                      0.078967    0.001755    6.503186 v _7397_/A (sky130_fd_sc_hd__or3_4)
     2    0.008312    0.072134    0.402459    6.905644 v _7397_/X (sky130_fd_sc_hd__or3_4)
                                                         _3027_ (net)
                      0.072134    0.000539    6.906183 v _7399_/A1 (sky130_fd_sc_hd__o221a_4)
     4    0.019989    0.063245    0.317574    7.223757 v _7399_/X (sky130_fd_sc_hd__o221a_4)
                                                         _3029_ (net)
                      0.063346    0.001858    7.225615 v _7405_/A2 (sky130_fd_sc_hd__a21o_1)
     3    0.013654    0.077286    0.225147    7.450762 v _7405_/X (sky130_fd_sc_hd__a21o_1)
                                                         _3035_ (net)
                      0.077300    0.001051    7.451813 v _7496_/A1 (sky130_fd_sc_hd__a211o_1)
     2    0.008194    0.074038    0.293642    7.745455 v _7496_/X (sky130_fd_sc_hd__a211o_1)
                                                         _3126_ (net)
                      0.074040    0.000527    7.745982 v _7518_/A2 (sky130_fd_sc_hd__a2111o_1)
     4    0.015754    0.120597    0.487939    8.233921 v _7518_/X (sky130_fd_sc_hd__a2111o_1)
                                                         _3148_ (net)
                      0.120602    0.000932    8.234853 v _7521_/A2 (sky130_fd_sc_hd__a21o_4)
     5    0.026816    0.060427    0.274505    8.509357 v _7521_/X (sky130_fd_sc_hd__a21o_4)
                                                         _3151_ (net)
                      0.060486    0.001664    8.511023 v _7522_/C (sky130_fd_sc_hd__nand3_4)
     9    0.052873    0.185688    0.174124    8.685146 ^ _7522_/Y (sky130_fd_sc_hd__nand3_4)
                                                         _3152_ (net)
                      0.185771    0.003140    8.688286 ^ fanout113/A (sky130_fd_sc_hd__buf_8)
    13    0.058501    0.101944    0.178020    8.866306 ^ fanout113/X (sky130_fd_sc_hd__buf_8)
                                                         net113 (net)
                      0.102045    0.002668    8.868975 ^ fanout112/A (sky130_fd_sc_hd__buf_8)
     6    0.030080    0.059947    0.128037    8.997011 ^ fanout112/X (sky130_fd_sc_hd__buf_8)
                                                         net112 (net)
                      0.059998    0.001565    8.998576 ^ fanout111/A (sky130_fd_sc_hd__buf_8)
     6    0.031420    0.061605    0.116958    9.115535 ^ fanout111/X (sky130_fd_sc_hd__buf_8)
                                                         net111 (net)
                      0.061806    0.002527    9.118061 ^ fanout110/A (sky130_fd_sc_hd__buf_8)
     5    0.021459    0.046871    0.106504    9.224566 ^ fanout110/X (sky130_fd_sc_hd__buf_8)
                                                         net110 (net)
                      0.046900    0.001070    9.225636 ^ _7563_/A2 (sky130_fd_sc_hd__o211a_1)
     2    0.005770    0.067357    0.145989    9.371625 ^ _7563_/X (sky130_fd_sc_hd__o211a_1)
                                                         _3193_ (net)
                      0.067357    0.000367    9.371991 ^ _7569_/D_N (sky130_fd_sc_hd__nor4b_4)
     2    0.010870    0.261784    0.247399    9.619390 ^ _7569_/Y (sky130_fd_sc_hd__nor4b_4)
                                                         _3199_ (net)
                      0.261785    0.000855    9.620245 ^ max_cap109/A (sky130_fd_sc_hd__buf_6)
     2    0.012471    0.040914    0.149202    9.769447 ^ max_cap109/X (sky130_fd_sc_hd__buf_6)
                                                         net109 (net)
                      0.040920    0.000494    9.769940 ^ _7614_/D (sky130_fd_sc_hd__and4_4)
     8    0.025358    0.106335    0.271688   10.041629 ^ _7614_/X (sky130_fd_sc_hd__and4_4)
                                                         _3244_ (net)
                      0.106385    0.002119   10.043748 ^ _7639_/A (sky130_fd_sc_hd__and4_1)
     1    0.006926    0.089443    0.210767   10.254516 ^ _7639_/X (sky130_fd_sc_hd__and4_1)
                                                         _3269_ (net)
                      0.089444    0.000533   10.255049 ^ fanout104/A (sky130_fd_sc_hd__buf_6)
    15    0.062130    0.129912    0.172684   10.427732 ^ fanout104/X (sky130_fd_sc_hd__buf_6)
                                                         net104 (net)
                      0.131664    0.012065   10.439797 ^ fanout103/A (sky130_fd_sc_hd__buf_8)
     5    0.019373    0.044722    0.123261   10.563059 ^ fanout103/X (sky130_fd_sc_hd__buf_8)
                                                         net103 (net)
                      0.044741    0.000857   10.563916 ^ _7661_/C (sky130_fd_sc_hd__and4bb_1)
     3    0.008338    0.104578    0.224782   10.788698 ^ _7661_/X (sky130_fd_sc_hd__and4bb_1)
                                                         _3289_ (net)
                      0.104579    0.000460   10.789158 ^ _7771_/A_N (sky130_fd_sc_hd__and4b_1)
     1    0.003981    0.045104    0.205814   10.994972 v _7771_/X (sky130_fd_sc_hd__and4b_1)
                                                         _3380_ (net)
                      0.045104    0.000254   10.995226 v _7773_/A2 (sky130_fd_sc_hd__a31o_1)
     1    0.002323    0.034520    0.194732   11.189959 v _7773_/X (sky130_fd_sc_hd__a31o_1)
                                                         multiplier_inst.overflow_calc (net)
                      0.034520    0.000163   11.190121 v _9411_/D (sky130_fd_sc_hd__dfrtp_1)
                                             11.190121   data arrival time

                                 15.000000   15.000000   clock clk (rise edge)
                                  0.000000   15.000000   clock source latency
     2    0.057586    0.263306    0.187510   15.187510 ^ clk (in)
                                                         clk (net)
                      0.264006    0.000000   15.187510 ^ clkbuf_0_clk/A (sky130_fd_sc_hd__clkbuf_16)
     9    0.090555    0.109230    0.247214   15.434724 ^ clkbuf_0_clk/X (sky130_fd_sc_hd__clkbuf_16)
                                                         clknet_0_clk (net)
                      0.110274    0.008201   15.442925 ^ clkbuf_2_3__f_clk/A (sky130_fd_sc_hd__clkbuf_16)
    23    0.122930    0.136194    0.221361   15.664287 ^ clkbuf_2_3__f_clk/X (sky130_fd_sc_hd__clkbuf_16)
                                                         clknet_2_3__leaf_clk (net)
                      0.137414    0.010276   15.674562 ^ clkbuf_leaf_14_clk/A (sky130_fd_sc_hd__clkbuf_8)
    13    0.047582    0.094033    0.198424   15.872987 ^ clkbuf_leaf_14_clk/X (sky130_fd_sc_hd__clkbuf_8)
                                                         clknet_leaf_14_clk (net)
                      0.094106    0.002361   15.875348 ^ _9411_/CLK (sky130_fd_sc_hd__dfrtp_1)
                                 -0.250000   15.625349   clock uncertainty
                                  0.000000   15.625349   clock reconvergence pessimism
                                 -0.098477   15.526871   library setup time
                                             15.526871   data required time
---------------------------------------------------------------------------------------------
                                             15.526871   data required time
                                            -11.190121   data arrival time
---------------------------------------------------------------------------------------------
                                              4.336750   slack (MET)




===========================================================================
report_checks --slack_max -0.01
============================================================================
======================= max_tt_025C_1v80 Corner ===================================

No paths found.


===========================================================================
 report_check_types -max_slew -max_cap -max_fanout -violators
============================================================================
======================= max_tt_025C_1v80 Corner ===================================

max slew

Pin                                        Limit        Slew       Slack
------------------------------------------------------------------------
_5807_/C                                0.750000    0.916520   -0.166520 (VIOLATED)
ANTENNA__5807__C/DIODE                  0.750000    0.916516   -0.166516 (VIOLATED)
_5154_/A2                               0.750000    0.916460   -0.166460 (VIOLATED)
_4838_/A2                               0.750000    0.916460   -0.166460 (VIOLATED)
ANTENNA__5154__A2/DIODE                 0.750000    0.916459   -0.166459 (VIOLATED)
ANTENNA__4838__A2/DIODE                 0.750000    0.916456   -0.166456 (VIOLATED)
_4974_/B1                               0.750000    0.916444   -0.166444 (VIOLATED)
_4829_/B                                0.750000    0.916443   -0.166443 (VIOLATED)
ANTENNA__4829__B/DIODE                  0.750000    0.916442   -0.166442 (VIOLATED)
ANTENNA__4974__B1/DIODE                 0.750000    0.916442   -0.166442 (VIOLATED)
ANTENNA_clone60_X/DIODE                 0.750000    0.916431   -0.166431 (VIOLATED)
clone60/X                               0.750000    0.916426   -0.166426 (VIOLATED)

max fanout

Pin                                   Limit Fanout  Slack
---------------------------------------------------------
clkbuf_2_3__f_clk/X                      10     23    -13 (VIOLATED)
_4587_/Y                                 10     21    -11 (VIOLATED)
_4599_/X                                 10     21    -11 (VIOLATED)
_7719_/Y                                 10     21    -11 (VIOLATED)
_9270_/Q                                 10     21    -11 (VIOLATED)
_9271_/Q                                 10     21    -11 (VIOLATED)
_9272_/Q                                 10     21    -11 (VIOLATED)
_9273_/Q                                 10     21    -11 (VIOLATED)
_9276_/Q                                 10     21    -11 (VIOLATED)
_9277_/Q                                 10     21    -11 (VIOLATED)
fanout156/X                              10     21    -11 (VIOLATED)
fanout162/X                              10     21    -11 (VIOLATED)
fanout166/X                              10     21    -11 (VIOLATED)
fanout168/X                              10     21    -11 (VIOLATED)
fanout171/X                              10     21    -11 (VIOLATED)
fanout173/X                              10     21    -11 (VIOLATED)
fanout180/X                              10     21    -11 (VIOLATED)
fanout185/X                              10     21    -11 (VIOLATED)
fanout186/X                              10     21    -11 (VIOLATED)
fanout187/X                              10     21    -11 (VIOLATED)
fanout191/X                              10     21    -11 (VIOLATED)
fanout200/X                              10     21    -11 (VIOLATED)
fanout203/X                              10     21    -11 (VIOLATED)
fanout205/X                              10     21    -11 (VIOLATED)
fanout207/X                              10     21    -11 (VIOLATED)
fanout209/X                              10     21    -11 (VIOLATED)
fanout212/X                              10     21    -11 (VIOLATED)
fanout214/X                              10     21    -11 (VIOLATED)
fanout216/X                              10     21    -11 (VIOLATED)
fanout219/X                              10     21    -11 (VIOLATED)
fanout220/X                              10     21    -11 (VIOLATED)
fanout222/X                              10     21    -11 (VIOLATED)
fanout225/X                              10     21    -11 (VIOLATED)
fanout227/X                              10     21    -11 (VIOLATED)
fanout229/X                              10     21    -11 (VIOLATED)
fanout231/X                              10     21    -11 (VIOLATED)
fanout233/X                              10     21    -11 (VIOLATED)
fanout235/X                              10     21    -11 (VIOLATED)
fanout237/X                              10     21    -11 (VIOLATED)
fanout238/X                              10     21    -11 (VIOLATED)
fanout239/X                              10     21    -11 (VIOLATED)
fanout241/X                              10     21    -11 (VIOLATED)
fanout242/X                              10     21    -11 (VIOLATED)
fanout243/X                              10     21    -11 (VIOLATED)
fanout244/X                              10     21    -11 (VIOLATED)
fanout245/X                              10     21    -11 (VIOLATED)
fanout247/X                              10     21    -11 (VIOLATED)
fanout248/X                              10     21    -11 (VIOLATED)
fanout249/X                              10     21    -11 (VIOLATED)
fanout250/X                              10     21    -11 (VIOLATED)
fanout251/X                              10     21    -11 (VIOLATED)
fanout253/X                              10     21    -11 (VIOLATED)
fanout255/X                              10     21    -11 (VIOLATED)
fanout256/X                              10     21    -11 (VIOLATED)
fanout259/X                              10     21    -11 (VIOLATED)
fanout261/X                              10     21    -11 (VIOLATED)
fanout262/X                              10     21    -11 (VIOLATED)
fanout263/X                              10     21    -11 (VIOLATED)
fanout265/X                              10     21    -11 (VIOLATED)
fanout266/X                              10     21    -11 (VIOLATED)
fanout268/X                              10     21    -11 (VIOLATED)
fanout269/X                              10     21    -11 (VIOLATED)
fanout271/X                              10     21    -11 (VIOLATED)
fanout273/X                              10     21    -11 (VIOLATED)
fanout274/X                              10     21    -11 (VIOLATED)
fanout276/X                              10     21    -11 (VIOLATED)
fanout278/X                              10     21    -11 (VIOLATED)
fanout279/X                              10     21    -11 (VIOLATED)
fanout280/X                              10     21    -11 (VIOLATED)
fanout283/X                              10     21    -11 (VIOLATED)
fanout285/X                              10     21    -11 (VIOLATED)
fanout286/X                              10     21    -11 (VIOLATED)
fanout287/X                              10     21    -11 (VIOLATED)
fanout289/X                              10     21    -11 (VIOLATED)
fanout290/X                              10     21    -11 (VIOLATED)
fanout292/X                              10     21    -11 (VIOLATED)
fanout293/X                              10     21    -11 (VIOLATED)
fanout297/X                              10     21    -11 (VIOLATED)
fanout299/X                              10     21    -11 (VIOLATED)
fanout300/X                              10     21    -11 (VIOLATED)
fanout301/X                              10     21    -11 (VIOLATED)
fanout302/X                              10     21    -11 (VIOLATED)
fanout303/X                              10     21    -11 (VIOLATED)
fanout305/X                              10     21    -11 (VIOLATED)
fanout308/X                              10     21    -11 (VIOLATED)
fanout310/X                              10     21    -11 (VIOLATED)
fanout311/X                              10     21    -11 (VIOLATED)
fanout315/X                              10     21    -11 (VIOLATED)
fanout317/X                              10     21    -11 (VIOLATED)
fanout318/X                              10     21    -11 (VIOLATED)
fanout321/X                              10     21    -11 (VIOLATED)
fanout324/X                              10     21    -11 (VIOLATED)
fanout326/X                              10     21    -11 (VIOLATED)
fanout341/X                              10     21    -11 (VIOLATED)
fanout342/X                              10     21    -11 (VIOLATED)
fanout345/X                              10     21    -11 (VIOLATED)
fanout347/X                              10     21    -11 (VIOLATED)
fanout349/X                              10     21    -11 (VIOLATED)
fanout351/X                              10     21    -11 (VIOLATED)
fanout353/X                              10     21    -11 (VIOLATED)
fanout355/X                              10     21    -11 (VIOLATED)
fanout356/X                              10     21    -11 (VIOLATED)
fanout357/X                              10     21    -11 (VIOLATED)
fanout359/X                              10     21    -11 (VIOLATED)
fanout360/X                              10     21    -11 (VIOLATED)
fanout362/X                              10     21    -11 (VIOLATED)
fanout365/X                              10     21    -11 (VIOLATED)
fanout367/X                              10     21    -11 (VIOLATED)
fanout368/X                              10     21    -11 (VIOLATED)
fanout371/X                              10     21    -11 (VIOLATED)
fanout373/X                              10     21    -11 (VIOLATED)
fanout374/X                              10     21    -11 (VIOLATED)
fanout377/X                              10     21    -11 (VIOLATED)
fanout380/X                              10     21    -11 (VIOLATED)
fanout383/X                              10     21    -11 (VIOLATED)
fanout386/X                              10     21    -11 (VIOLATED)
fanout392/X                              10     21    -11 (VIOLATED)
fanout395/X                              10     21    -11 (VIOLATED)
fanout397/X                              10     21    -11 (VIOLATED)
fanout398/X                              10     21    -11 (VIOLATED)
fanout399/X                              10     21    -11 (VIOLATED)
fanout400/X                              10     21    -11 (VIOLATED)
fanout403/X                              10     21    -11 (VIOLATED)
fanout406/X                              10     21    -11 (VIOLATED)
fanout407/X                              10     21    -11 (VIOLATED)
fanout410/X                              10     21    -11 (VIOLATED)
fanout412/X                              10     21    -11 (VIOLATED)
fanout414/X                              10     21    -11 (VIOLATED)
fanout416/X                              10     21    -11 (VIOLATED)
fanout418/X                              10     21    -11 (VIOLATED)
fanout420/X                              10     21    -11 (VIOLATED)
fanout422/X                              10     21    -11 (VIOLATED)
fanout424/X                              10     21    -11 (VIOLATED)
fanout426/X                              10     21    -11 (VIOLATED)
fanout428/X                              10     21    -11 (VIOLATED)
fanout430/X                              10     21    -11 (VIOLATED)
fanout432/X                              10     21    -11 (VIOLATED)
fanout433/X                              10     21    -11 (VIOLATED)
fanout436/X                              10     21    -11 (VIOLATED)
fanout437/X                              10     21    -11 (VIOLATED)
fanout439/X                              10     21    -11 (VIOLATED)
fanout442/X                              10     21    -11 (VIOLATED)
fanout444/X                              10     21    -11 (VIOLATED)
fanout445/X                              10     21    -11 (VIOLATED)
fanout446/X                              10     21    -11 (VIOLATED)
fanout447/X                              10     21    -11 (VIOLATED)
fanout450/X                              10     21    -11 (VIOLATED)
fanout451/X                              10     21    -11 (VIOLATED)
fanout455/X                              10     21    -11 (VIOLATED)
fanout458/X                              10     21    -11 (VIOLATED)
fanout461/X                              10     21    -11 (VIOLATED)
fanout464/X                              10     21    -11 (VIOLATED)
fanout465/X                              10     21    -11 (VIOLATED)
fanout467/X                              10     21    -11 (VIOLATED)
fanout470/X                              10     21    -11 (VIOLATED)
fanout472/X                              10     21    -11 (VIOLATED)
fanout474/X                              10     21    -11 (VIOLATED)
fanout475/X                              10     21    -11 (VIOLATED)
fanout477/X                              10     21    -11 (VIOLATED)
fanout479/X                              10     21    -11 (VIOLATED)
fanout480/X                              10     21    -11 (VIOLATED)
fanout491/X                              10     21    -11 (VIOLATED)
fanout501/X                              10     21    -11 (VIOLATED)
fanout503/X                              10     21    -11 (VIOLATED)
fanout505/X                              10     21    -11 (VIOLATED)
_8757_/X                                 10     19     -9 (VIOLATED)
_9274_/Q                                 10     19     -9 (VIOLATED)
_9275_/Q                                 10     19     -9 (VIOLATED)
_9279_/Q                                 10     19     -9 (VIOLATED)
clkbuf_2_2__f_clk/X                      10     19     -9 (VIOLATED)
clkbuf_leaf_28_clk/X                     10     19     -9 (VIOLATED)
clkbuf_leaf_31_clk/X                     10     19     -9 (VIOLATED)
fanout155/X                              10     19     -9 (VIOLATED)
fanout164/X                              10     19     -9 (VIOLATED)
fanout199/X                              10     19     -9 (VIOLATED)
fanout232/X                              10     19     -9 (VIOLATED)
fanout260/X                              10     19     -9 (VIOLATED)
fanout267/X                              10     19     -9 (VIOLATED)
fanout402/X                              10     19     -9 (VIOLATED)
fanout413/X                              10     19     -9 (VIOLATED)
fanout448/X                              10     19     -9 (VIOLATED)
fanout454/X                              10     19     -9 (VIOLATED)
fanout460/X                              10     19     -9 (VIOLATED)
fanout462/X                              10     19     -9 (VIOLATED)
fanout506/X                              10     19     -9 (VIOLATED)
fanout542/X                              10     19     -9 (VIOLATED)
clkbuf_leaf_4_clk/X                      10     18     -8 (VIOLATED)
clkbuf_2_1__f_clk/X                      10     17     -7 (VIOLATED)
clkbuf_leaf_13_clk/X                     10     17     -7 (VIOLATED)
clkbuf_leaf_27_clk/X                     10     17     -7 (VIOLATED)
fanout175/X                              10     17     -7 (VIOLATED)
fanout202/X                              10     17     -7 (VIOLATED)
fanout206/X                              10     17     -7 (VIOLATED)
fanout284/X                              10     17     -7 (VIOLATED)
fanout307/X                              10     17     -7 (VIOLATED)
fanout330/X                              10     17     -7 (VIOLATED)
fanout348/X                              10     17     -7 (VIOLATED)
fanout378/X                              10     17     -7 (VIOLATED)
fanout384/X                              10     17     -7 (VIOLATED)
fanout385/X                              10     17     -7 (VIOLATED)
fanout387/X                              10     17     -7 (VIOLATED)
fanout394/X                              10     17     -7 (VIOLATED)
fanout423/X                              10     17     -7 (VIOLATED)
fanout434/X                              10     17     -7 (VIOLATED)
fanout449/X                              10     17     -7 (VIOLATED)
fanout453/X                              10     17     -7 (VIOLATED)
fanout456/X                              10     17     -7 (VIOLATED)
fanout468/X                              10     17     -7 (VIOLATED)
fanout523/X                              10     17     -7 (VIOLATED)
rebuffer24/X                             10     17     -7 (VIOLATED)
clkbuf_leaf_0_clk/X                      10     16     -6 (VIOLATED)
clkbuf_leaf_16_clk/X                     10     16     -6 (VIOLATED)
clkbuf_leaf_9_clk/X                      10     16     -6 (VIOLATED)
_7829_/Y                                 10     15     -5 (VIOLATED)
_9286_/Q                                 10     15     -5 (VIOLATED)
clkbuf_2_0__f_clk/X                      10     15     -5 (VIOLATED)
clkbuf_leaf_17_clk/X                     10     15     -5 (VIOLATED)
clkbuf_leaf_3_clk/X                      10     15     -5 (VIOLATED)
fanout104/X                              10     15     -5 (VIOLATED)
fanout108/X                              10     15     -5 (VIOLATED)
fanout210/X                              10     15     -5 (VIOLATED)
fanout213/X                              10     15     -5 (VIOLATED)
fanout215/X                              10     15     -5 (VIOLATED)
fanout217/X                              10     15     -5 (VIOLATED)
fanout226/X                              10     15     -5 (VIOLATED)
fanout240/X                              10     15     -5 (VIOLATED)
fanout246/X                              10     15     -5 (VIOLATED)
fanout258/X                              10     15     -5 (VIOLATED)
fanout288/X                              10     15     -5 (VIOLATED)
fanout294/X                              10     15     -5 (VIOLATED)
fanout333/X                              10     15     -5 (VIOLATED)
fanout346/X                              10     15     -5 (VIOLATED)
fanout354/X                              10     15     -5 (VIOLATED)
fanout358/X                              10     15     -5 (VIOLATED)
fanout361/X                              10     15     -5 (VIOLATED)
fanout396/X                              10     15     -5 (VIOLATED)
fanout409/X                              10     15     -5 (VIOLATED)
fanout425/X                              10     15     -5 (VIOLATED)
fanout427/X                              10     15     -5 (VIOLATED)
fanout429/X                              10     15     -5 (VIOLATED)
fanout431/X                              10     15     -5 (VIOLATED)
fanout438/X                              10     15     -5 (VIOLATED)
fanout459/X                              10     15     -5 (VIOLATED)
fanout466/X                              10     15     -5 (VIOLATED)
fanout489/X                              10     15     -5 (VIOLATED)
fanout517/X                              10     15     -5 (VIOLATED)
clkbuf_leaf_14_clk/X                     10     13     -3 (VIOLATED)
clkbuf_leaf_24_clk/X                     10     13     -3 (VIOLATED)
fanout113/X                              10     13     -3 (VIOLATED)
fanout161/X                              10     13     -3 (VIOLATED)
fanout201/X                              10     13     -3 (VIOLATED)
fanout211/X                              10     13     -3 (VIOLATED)
fanout252/X                              10     13     -3 (VIOLATED)
fanout254/X                              10     13     -3 (VIOLATED)
fanout270/X                              10     13     -3 (VIOLATED)
fanout277/X                              10     13     -3 (VIOLATED)
fanout281/X                              10     13     -3 (VIOLATED)
fanout295/X                              10     13     -3 (VIOLATED)
fanout304/X                              10     13     -3 (VIOLATED)
fanout322/X                              10     13     -3 (VIOLATED)
fanout337/X                              10     13     -3 (VIOLATED)
fanout343/X                              10     13     -3 (VIOLATED)
fanout363/X                              10     13     -3 (VIOLATED)
fanout364/X                              10     13     -3 (VIOLATED)
fanout369/X                              10     13     -3 (VIOLATED)
fanout370/X                              10     13     -3 (VIOLATED)
fanout376/X                              10     13     -3 (VIOLATED)
fanout382/X                              10     13     -3 (VIOLATED)
fanout388/X                              10     13     -3 (VIOLATED)
fanout391/X                              10     13     -3 (VIOLATED)
fanout408/X                              10     13     -3 (VIOLATED)
fanout417/X                              10     13     -3 (VIOLATED)
fanout435/X                              10     13     -3 (VIOLATED)
fanout457/X                              10     13     -3 (VIOLATED)
fanout463/X                              10     13     -3 (VIOLATED)
fanout469/X                              10     13     -3 (VIOLATED)
fanout486/X                              10     13     -3 (VIOLATED)
fanout494/X                              10     13     -3 (VIOLATED)
fanout534/X                              10     13     -3 (VIOLATED)
clkbuf_leaf_22_clk/X                     10     12     -2 (VIOLATED)
clkbuf_leaf_25_clk/X                     10     12     -2 (VIOLATED)
clkbuf_leaf_5_clk/X                      10     12     -2 (VIOLATED)
clkbuf_leaf_8_clk/X                      10     12     -2 (VIOLATED)
_5405_/X                                 10     11        (VIOLATED)
_5451_/X                                 10     11        (VIOLATED)
_7640_/Y                                 10     11        (VIOLATED)
_8542_/Y                                 10     11        (VIOLATED)
_9346_/Q                                 10     11        (VIOLATED)
_9396_/Q                                 10     11        (VIOLATED)
_9410_/Q                                 10     11        (VIOLATED)
clkbuf_leaf_15_clk/X                     10     11        (VIOLATED)
clkbuf_leaf_20_clk/X                     10     11        (VIOLATED)
clone60/X                                10     11        (VIOLATED)
clone81/X                                10     11        (VIOLATED)
clone92/X                                10     11        (VIOLATED)
fanout142/X                              10     11        (VIOLATED)
fanout178/X                              10     11        (VIOLATED)
fanout204/X                              10     11        (VIOLATED)
fanout208/X                              10     11        (VIOLATED)
fanout218/X                              10     11        (VIOLATED)
fanout221/X                              10     11        (VIOLATED)
fanout224/X                              10     11        (VIOLATED)
fanout230/X                              10     11        (VIOLATED)
fanout236/X                              10     11        (VIOLATED)
fanout264/X                              10     11        (VIOLATED)
fanout272/X                              10     11        (VIOLATED)
fanout275/X                              10     11        (VIOLATED)
fanout282/X                              10     11        (VIOLATED)
fanout291/X                              10     11        (VIOLATED)
fanout298/X                              10     11        (VIOLATED)
fanout309/X                              10     11        (VIOLATED)
fanout313/X                              10     11        (VIOLATED)
fanout316/X                              10     11        (VIOLATED)
fanout323/X                              10     11        (VIOLATED)
fanout327/X                              10     11        (VIOLATED)
fanout340/X                              10     11        (VIOLATED)
fanout344/X                              10     11        (VIOLATED)
fanout352/X                              10     11        (VIOLATED)
fanout375/X                              10     11        (VIOLATED)
fanout381/X                              10     11        (VIOLATED)
fanout389/X                              10     11        (VIOLATED)
fanout404/X                              10     11        (VIOLATED)
fanout405/X                              10     11        (VIOLATED)
fanout411/X                              10     11        (VIOLATED)
fanout415/X                              10     11        (VIOLATED)
fanout421/X                              10     11        (VIOLATED)
fanout441/X                              10     11        (VIOLATED)
fanout476/X                              10     11        (VIOLATED)
fanout481/X                              10     11        (VIOLATED)
fanout482/X                              10     11        (VIOLATED)
fanout484/X                              10     11        (VIOLATED)
fanout518/X                              10     11        (VIOLATED)
fanout539/X                              10     11        (VIOLATED)
fanout548/X                              10     11        (VIOLATED)
fanout549/X                              10     11        (VIOLATED)
rebuffer6/X                              10     11        (VIOLATED)



===========================================================================
report_parasitic_annotation -report_unannotated
============================================================================
Found 29 unannotated drivers.
 clkload0/Y
 clkload1/Y
 clkload10/Y
 clkload11/Y
 clkload12/Y
 clkload13/Y
 clkload14/Y
 clkload15/Y
 clkload16/Y
 clkload17/Y
 clkload18/Y
 clkload19/Y
 clkload2/Y
 clkload20/Y
 clkload21/Y
 clkload22/X
 clkload23/Y
 clkload24/Y
 clkload25/Y
 clkload26/Y
 clkload27/Y
 clkload28/Y
 clkload3/Y
 clkload4/Y
 clkload5/Y
 clkload6/X
 clkload7/Y
 clkload8/Y
 clkload9/Y
Found 0 partially unannotated drivers.

===========================================================================
max slew violation count 12
max fanout violation count 336
max cap violation count 0
============================================================================

===========================================================================
check_setup -verbose -unconstrained_endpoints -multiple_clock -no_clock -no_input_delay -loops -generated_clocks
===========================================================================
