Clock: clk
Sources: clk 
Generated: no
Virtual: yes
Propagated: no
Period: 15.000000

===========================================================================
report_clock_properties
============================================================================
Clock                   Period          Waveform
----------------------------------------------------
clk                  15.000000    0.000000  7.500000

===========================================================================
report_clock_latency
============================================================================
Clock clk
rise -> rise
    min     max
0.000000 0.000000 source latency
0.659924         network latency _9296_/CLK
        0.890299 network latency _9321_/CLK
---------------
0.659924 0.890299 latency
        0.230375 skew

fall -> fall
    min     max
0.000000 0.000000 source latency
0.531628         network latency _9296_/CLK
        0.744509 network latency _9321_/CLK
---------------
0.531628 0.744509 latency
        0.212881 skew



===========================================================================
report_clock_min_period
============================================================================
clk period_min = 10.66 fmax = 93.78
