Clock: clk
Sources: clk 
Generated: no
Virtual: yes
Propagated: no
Period: 25.000000

===========================================================================
report_clock_properties
============================================================================
Clock                   Period          Waveform
----------------------------------------------------
clk                  25.000000    0.000000 12.500000

===========================================================================
report_clock_latency
============================================================================
Clock clk
rise -> rise
    min     max
0.000000 0.000000 source latency
0.447914         network latency _15928_/CLK
        0.647098 network latency _16062_/CLK
---------------
0.447914 0.647098 latency
        0.199184 skew

fall -> fall
    min     max
0.000000 0.000000 source latency
0.393792         network latency _15928_/CLK
        0.581205 network latency _15896_/CLK
---------------
0.393792 0.581205 latency
        0.187414 skew



===========================================================================
report_clock_min_period
============================================================================
clk period_min = 7.72 fmax = 129.56
