
===========================================================================
report_checks -unconstrained
===========================================================================
======================= max_ss_100C_1v60 Corner ===================================

Startpoint: rst (input port clocked by clk)
Endpoint: _15915_ (recovery check against rising-edge clock clk)
Path Group: asynchronous
Path Type: max

Fanout         Cap        Slew       Delay        Time   Description
---------------------------------------------------------------------------------------------
                                  0.000000    0.000000   clock clk (rise edge)
                                  0.000000    0.000000   clock network delay (propagated)
                                  5.000000    5.000000 v input external delay
     1    0.002973    0.019119    0.009824    5.009824 v rst (in)
                                                         rst (net)
                      0.019120    0.000000    5.009824 v input67/A (sky130_fd_sc_hd__clkbuf_1)
     1    0.004687    0.069343    0.154574    5.164398 v input67/X (sky130_fd_sc_hd__clkbuf_1)
                                                         net67 (net)
                      0.069343    0.000343    5.164741 v fanout307/A (sky130_fd_sc_hd__buf_4)
     5    0.087809    0.211524    0.392059    5.556800 v fanout307/X (sky130_fd_sc_hd__buf_4)
                                                         net307 (net)
                      0.212084    0.009423    5.566223 v fanout279/A (sky130_fd_sc_hd__buf_2)
     5    0.057574    0.261896    0.479544    6.045767 v fanout279/X (sky130_fd_sc_hd__buf_2)
                                                         net279 (net)
                      0.261913    0.002491    6.048258 v fanout278/A (sky130_fd_sc_hd__clkbuf_4)
     8    0.046004    0.176780    0.444035    6.492293 v fanout278/X (sky130_fd_sc_hd__clkbuf_4)
                                                         net278 (net)
                      0.176804    0.002112    6.494404 v fanout277/A (sky130_fd_sc_hd__buf_2)
     5    0.033276    0.162115    0.390529    6.884933 v fanout277/X (sky130_fd_sc_hd__buf_2)
                                                         net277 (net)
                      0.162124    0.001479    6.886413 v fanout276/A (sky130_fd_sc_hd__clkbuf_4)
     9    0.042627    0.165289    0.388712    7.275125 v fanout276/X (sky130_fd_sc_hd__clkbuf_4)
                                                         net276 (net)
                      0.165346    0.002900    7.278025 v fanout274/A (sky130_fd_sc_hd__buf_4)
    10    0.056340    0.146553    0.385199    7.663224 v fanout274/X (sky130_fd_sc_hd__buf_4)
                                                         net274 (net)
                      0.146876    0.006009    7.669232 v _15601_/A (sky130_fd_sc_hd__inv_2)
     1    0.004163    0.057648    0.103429    7.772662 ^ _15601_/Y (sky130_fd_sc_hd__inv_2)
                                                         _00163_ (net)
                      0.057648    0.000231    7.772893 ^ _15915_/RESET_B (sky130_fd_sc_hd__dfrtp_1)
                                              7.772893   data arrival time

                                 25.000000   25.000000   clock clk (rise edge)
                                  0.000000   25.000000   clock source latency
     1    0.043434    0.313116    0.221940   25.221939 ^ clk (in)
                                                         clk (net)
                      0.313475    0.000000   25.221939 ^ clkbuf_0_clk/A (sky130_fd_sc_hd__clkbuf_16)
     2    0.044615    0.101160    0.361970   25.583910 ^ clkbuf_0_clk/X (sky130_fd_sc_hd__clkbuf_16)
                                                         clknet_0_clk (net)
                      0.101339    0.002652   25.586561 ^ clkbuf_1_0__f_clk/A (sky130_fd_sc_hd__clkbuf_16)
    14    0.160020    0.262878    0.387963   25.974525 ^ clkbuf_1_0__f_clk/X (sky130_fd_sc_hd__clkbuf_16)
                                                         clknet_1_0__leaf_clk (net)
                      0.264071    0.014417   25.988941 ^ clkbuf_leaf_7_clk/A (sky130_fd_sc_hd__clkbuf_8)
    14    0.052604    0.160708    0.387605   26.376547 ^ clkbuf_leaf_7_clk/X (sky130_fd_sc_hd__clkbuf_8)
                                                         clknet_leaf_7_clk (net)
                      0.160755    0.002638   26.379185 ^ _15915_/CLK (sky130_fd_sc_hd__dfrtp_1)
                                 -0.250000   26.129185   clock uncertainty
                                  0.000000   26.129185   clock reconvergence pessimism
                                  0.497348   26.626534   library recovery time
                                             26.626534   data required time
---------------------------------------------------------------------------------------------
                                             26.626534   data required time
                                             -7.772893   data arrival time
---------------------------------------------------------------------------------------------
                                             18.853642   slack (MET)


Startpoint: _15991_ (rising edge-triggered flip-flop clocked by clk)
Endpoint: _16083_ (rising edge-triggered flip-flop clocked by clk)
Path Group: clk
Path Type: max

Fanout         Cap        Slew       Delay        Time   Description
---------------------------------------------------------------------------------------------
                                  0.000000    0.000000   clock clk (rise edge)
                                  0.000000    0.000000   clock source latency
     1    0.043434    0.313116    0.221940    0.221940 ^ clk (in)
                                                         clk (net)
                      0.313475    0.000000    0.221940 ^ clkbuf_0_clk/A (sky130_fd_sc_hd__clkbuf_16)
     2    0.044615    0.101160    0.361970    0.583910 ^ clkbuf_0_clk/X (sky130_fd_sc_hd__clkbuf_16)
                                                         clknet_0_clk (net)
                      0.101339    0.002651    0.586562 ^ clkbuf_1_0__f_clk/A (sky130_fd_sc_hd__clkbuf_16)
    14    0.160020    0.262878    0.387963    0.974525 ^ clkbuf_1_0__f_clk/X (sky130_fd_sc_hd__clkbuf_16)
                                                         clknet_1_0__leaf_clk (net)
                      0.264126    0.014732    0.989257 ^ clkbuf_leaf_6_clk/A (sky130_fd_sc_hd__clkbuf_8)
    21    0.062318    0.184329    0.405681    1.394938 ^ clkbuf_leaf_6_clk/X (sky130_fd_sc_hd__clkbuf_8)
                                                         clknet_leaf_6_clk (net)
                      0.184359    0.002393    1.397330 ^ _15991_/CLK (sky130_fd_sc_hd__dfrtp_2)
     2    0.031704    0.263861    0.910421    2.307751 ^ _15991_/Q (sky130_fd_sc_hd__dfrtp_2)
                                                         adder_inst.man_b_r[7] (net)
                      0.263906    0.003498    2.311249 ^ fanout154/A (sky130_fd_sc_hd__buf_4)
    10    0.103908    0.453820    0.571196    2.882445 ^ fanout154/X (sky130_fd_sc_hd__buf_4)
                                                         net154 (net)
                      0.454599    0.015546    2.897991 ^ fanout153/A (sky130_fd_sc_hd__clkbuf_4)
     6    0.078094    0.372395    0.640009    3.538000 ^ fanout153/X (sky130_fd_sc_hd__clkbuf_4)
                                                         net153 (net)
                      0.372471    0.005173    3.543173 ^ fanout152/A (sky130_fd_sc_hd__clkbuf_4)
    10    0.066292    0.319472    0.565521    4.108694 ^ fanout152/X (sky130_fd_sc_hd__clkbuf_4)
                                                         net152 (net)
                      0.319998    0.009127    4.117821 ^ _07995_/B (sky130_fd_sc_hd__nand2_1)
     2    0.007269    0.154974    0.248809    4.366631 v _07995_/Y (sky130_fd_sc_hd__nand2_1)
                                                         _07766_ (net)
                      0.154974    0.000492    4.367122 v _07996_/A (sky130_fd_sc_hd__inv_2)
     2    0.010013    0.093446    0.140750    4.507872 ^ _07996_/Y (sky130_fd_sc_hd__inv_2)
                                                         _07767_ (net)
                      0.093447    0.000536    4.508408 ^ _08057_/B (sky130_fd_sc_hd__nand2_1)
     3    0.009002    0.164246    0.187613    4.696021 v _08057_/Y (sky130_fd_sc_hd__nand2_1)
                                                         _07828_ (net)
                      0.164248    0.000492    4.696513 v _08063_/A (sky130_fd_sc_hd__nand3_1)
     3    0.008433    0.177771    0.206356    4.902869 ^ _08063_/Y (sky130_fd_sc_hd__nand3_1)
                                                         _07834_ (net)
                      0.177773    0.000424    4.903294 ^ _08197_/B (sky130_fd_sc_hd__nand2_1)
     3    0.007088    0.136448    0.197434    5.100727 v _08197_/Y (sky130_fd_sc_hd__nand2_1)
                                                         _00496_ (net)
                      0.136448    0.000438    5.101165 v _08209_/B (sky130_fd_sc_hd__nor2_1)
     2    0.010175    0.330825    0.320351    5.421517 ^ _08209_/Y (sky130_fd_sc_hd__nor2_1)
                                                         _00508_ (net)
                      0.330827    0.000581    5.422098 ^ _08210_/A (sky130_fd_sc_hd__inv_2)
     2    0.005336    0.074211    0.141285    5.563383 v _08210_/Y (sky130_fd_sc_hd__inv_2)
                                                         _00509_ (net)
                      0.074211    0.000267    5.563651 v _08213_/A (sky130_fd_sc_hd__nand3_1)
     1    0.002942    0.103732    0.106076    5.669726 ^ _08213_/Y (sky130_fd_sc_hd__nand3_1)
                                                         _00512_ (net)
                      0.103732    0.000208    5.669934 ^ _08214_/B (sky130_fd_sc_hd__nand2_1)
     3    0.009510    0.173279    0.197386    5.867320 v _08214_/Y (sky130_fd_sc_hd__nand2_1)
                                                         _00513_ (net)
                      0.173333    0.000587    5.867907 v _08221_/A2 (sky130_fd_sc_hd__a21boi_1)
     2    0.006685    0.284383    0.360412    6.228319 ^ _08221_/Y (sky130_fd_sc_hd__a21boi_1)
                                                         _00520_ (net)
                      0.284383    0.000265    6.228584 ^ _08222_/B (sky130_fd_sc_hd__nand2_1)
     4    0.013623    0.239250    0.315233    6.543817 v _08222_/Y (sky130_fd_sc_hd__nand2_1)
                                                         _00521_ (net)
                      0.239250    0.000822    6.544639 v _08262_/A1 (sky130_fd_sc_hd__a21oi_1)
     3    0.013242    0.486098    0.518281    7.062920 ^ _08262_/Y (sky130_fd_sc_hd__a21oi_1)
                                                         _00561_ (net)
                      0.486099    0.000604    7.063523 ^ _08265_/A (sky130_fd_sc_hd__nand3_1)
     3    0.013614    0.377166    0.486568    7.550091 v _08265_/Y (sky130_fd_sc_hd__nand3_1)
                                                         _00564_ (net)
                      0.377166    0.001334    7.551425 v _09196_/A1 (sky130_fd_sc_hd__a21oi_1)
     2    0.010438    0.398664    0.508241    8.059666 ^ _09196_/Y (sky130_fd_sc_hd__a21oi_1)
                                                         _01495_ (net)
                      0.398666    0.000806    8.060472 ^ _09199_/A (sky130_fd_sc_hd__nand3_1)
     3    0.008940    0.275962    0.369701    8.430173 v _09199_/Y (sky130_fd_sc_hd__nand3_1)
                                                         _01498_ (net)
                      0.275962    0.000603    8.430777 v _12066_/A2 (sky130_fd_sc_hd__a21boi_1)
     2    0.008835    0.350474    0.450266    8.881042 ^ _12066_/Y (sky130_fd_sc_hd__a21boi_1)
                                                         _04365_ (net)
                      0.350474    0.000623    8.881664 ^ _12067_/A (sky130_fd_sc_hd__inv_2)
     1    0.002666    0.063583    0.119956    9.001620 v _12067_/Y (sky130_fd_sc_hd__inv_2)
                                                         _04366_ (net)
                      0.063583    0.000190    9.001810 v _12122_/A (sky130_fd_sc_hd__nand2_1)
     3    0.009499    0.158628    0.153626    9.155436 ^ _12122_/Y (sky130_fd_sc_hd__nand2_1)
                                                         _04421_ (net)
                      0.158631    0.000523    9.155959 ^ _12131_/A (sky130_fd_sc_hd__nand3_1)
     3    0.011792    0.317680    0.325450    9.481409 v _12131_/Y (sky130_fd_sc_hd__nand3_1)
                                                         _04430_ (net)
                      0.317680    0.000371    9.481780 v _12137_/A (sky130_fd_sc_hd__nand2_1)
     2    0.004661    0.122207    0.210589    9.692369 ^ _12137_/Y (sky130_fd_sc_hd__nand2_1)
                                                         _04436_ (net)
                      0.122207    0.000151    9.692520 ^ _12190_/A_N (sky130_fd_sc_hd__nand2b_1)
     3    0.019062    0.319250    0.368358   10.060878 ^ _12190_/Y (sky130_fd_sc_hd__nand2b_1)
                                                         _04489_ (net)
                      0.319353    0.001417   10.062294 ^ _12192_/A (sky130_fd_sc_hd__nand2_1)
     2    0.013030    0.238134    0.321533   10.383827 v _12192_/Y (sky130_fd_sc_hd__nand2_1)
                                                         _04491_ (net)
                      0.238134    0.000658   10.384485 v _12193_/B (sky130_fd_sc_hd__nor2_1)
     3    0.009888    0.322782    0.355128   10.739614 ^ _12193_/Y (sky130_fd_sc_hd__nor2_1)
                                                         _04492_ (net)
                      0.322784    0.000677   10.740291 ^ _12231_/A (sky130_fd_sc_hd__nand2_1)
     1    0.003078    0.106147    0.187248   10.927538 v _12231_/Y (sky130_fd_sc_hd__nand2_1)
                                                         _04530_ (net)
                      0.106147    0.000205   10.927744 v _12232_/B (sky130_fd_sc_hd__nor2_1)
     1    0.002788    0.129656    0.154540   11.082284 ^ _12232_/Y (sky130_fd_sc_hd__nor2_1)
                                                         _04531_ (net)
                      0.129656    0.000201   11.082484 ^ _12233_/B (sky130_fd_sc_hd__nand2_1)
     1    0.006800    0.151424    0.175594   11.258079 v _12233_/Y (sky130_fd_sc_hd__nand2_1)
                                                         _04532_ (net)
                      0.151424    0.000465   11.258543 v _12251_/A (sky130_fd_sc_hd__nand2_2)
     5    0.037973    0.322354    0.310608   11.569150 ^ _12251_/Y (sky130_fd_sc_hd__nand2_2)
                                                         _04550_ (net)
                      0.322537    0.006309   11.575459 ^ _13064_/A (sky130_fd_sc_hd__nand2_1)
     1    0.002722    0.101902    0.180862   11.756322 v _13064_/Y (sky130_fd_sc_hd__nand2_1)
                                                         _05363_ (net)
                      0.101903    0.000191   11.756513 v _13085_/A (sky130_fd_sc_hd__nand2_1)
     4    0.012435    0.199083    0.200521   11.957034 ^ _13085_/Y (sky130_fd_sc_hd__nand2_1)
                                                         _05384_ (net)
                      0.199099    0.001467   11.958501 ^ _13286_/A (sky130_fd_sc_hd__nand2_1)
     2    0.012192    0.214243    0.261000   12.219501 v _13286_/Y (sky130_fd_sc_hd__nand2_1)
                                                         _05585_ (net)
                      0.214245    0.001058   12.220559 v _13293_/A (sky130_fd_sc_hd__nand2_1)
     2    0.006456    0.121481    0.193257   12.413816 ^ _13293_/Y (sky130_fd_sc_hd__nand2_1)
                                                         _05592_ (net)
                      0.121481    0.000354   12.414170 ^ _13332_/A (sky130_fd_sc_hd__nand2_1)
     1    0.003102    0.077647    0.119380   12.533550 v _13332_/Y (sky130_fd_sc_hd__nand2_1)
                                                         _05631_ (net)
                      0.077647    0.000131   12.533681 v _13334_/A (sky130_fd_sc_hd__nand2_1)
     2    0.004577    0.091911    0.110585   12.644266 ^ _13334_/Y (sky130_fd_sc_hd__nand2_1)
                                                         _05633_ (net)
                      0.091911    0.000307   12.644574 ^ _13342_/A (sky130_fd_sc_hd__nand2_1)
     3    0.014491    0.248817    0.243622   12.888196 v _13342_/Y (sky130_fd_sc_hd__nand2_1)
                                                         _05641_ (net)
                      0.248818    0.000407   12.888602 v _13343_/A (sky130_fd_sc_hd__nand2_1)
     1    0.009326    0.161482    0.236542   13.125145 ^ _13343_/Y (sky130_fd_sc_hd__nand2_1)
                                                         _05642_ (net)
                      0.161482    0.000710   13.125854 ^ _13347_/A (sky130_fd_sc_hd__nand2_4)
    10    0.046332    0.214101    0.235927   13.361781 v _13347_/Y (sky130_fd_sc_hd__nand2_4)
                                                         _05646_ (net)
                      0.214306    0.005446   13.367228 v _13363_/A (sky130_fd_sc_hd__nand2_1)
     2    0.010428    0.198769    0.233388   13.600616 ^ _13363_/Y (sky130_fd_sc_hd__nand2_1)
                                                         _05662_ (net)
                      0.198769    0.000399   13.601014 ^ _13364_/A (sky130_fd_sc_hd__buf_6)
    10    0.041212    0.143185    0.294644   13.895658 ^ _13364_/X (sky130_fd_sc_hd__buf_6)
                                                         _05663_ (net)
                      0.143207    0.001910   13.897568 ^ _13391_/A (sky130_fd_sc_hd__buf_6)
    10    0.039537    0.138113    0.266504   14.164072 ^ _13391_/X (sky130_fd_sc_hd__buf_6)
                                                         _05690_ (net)
                      0.138130    0.001616   14.165689 ^ _13438_/A (sky130_fd_sc_hd__nand2_1)
     1    0.002366    0.106007    0.116363   14.282051 v _13438_/Y (sky130_fd_sc_hd__nand2_1)
                                                         _05737_ (net)
                      0.106007    0.000165   14.282217 v _13439_/B1 (sky130_fd_sc_hd__o21ai_1)
     3    0.011305    0.411679    0.272429   14.554646 ^ _13439_/Y (sky130_fd_sc_hd__o21ai_1)
                                                         _05738_ (net)
                      0.411679    0.000762   14.555408 ^ _13440_/C (sky130_fd_sc_hd__nand3_1)
     4    0.011752    0.327452    0.433920   14.989327 v _13440_/Y (sky130_fd_sc_hd__nand3_1)
                                                         _05739_ (net)
                      0.327452    0.000531   14.989859 v _13441_/B (sky130_fd_sc_hd__nor2_1)
     5    0.020424    0.619183    0.609518   15.599377 ^ _13441_/Y (sky130_fd_sc_hd__nor2_1)
                                                         _05740_ (net)
                      0.619185    0.000975   15.600351 ^ _13548_/A (sky130_fd_sc_hd__nand2_1)
     3    0.007671    0.215559    0.358993   15.959345 v _13548_/Y (sky130_fd_sc_hd__nand2_1)
                                                         _05846_ (net)
                      0.215559    0.000339   15.959683 v _13549_/B (sky130_fd_sc_hd__nor2_1)
     2    0.012605    0.398002    0.402054   16.361738 ^ _13549_/Y (sky130_fd_sc_hd__nor2_1)
                                                         _05847_ (net)
                      0.398004    0.000814   16.362551 ^ _13550_/A (sky130_fd_sc_hd__nand3_4)
     9    0.054394    0.407233    0.465258   16.827808 v _13550_/Y (sky130_fd_sc_hd__nand3_4)
                                                         _05848_ (net)
                      0.407254    0.002430   16.830238 v _15375_/A (sky130_fd_sc_hd__buf_6)
    10    0.043718    0.090666    0.415676   17.245914 v _15375_/X (sky130_fd_sc_hd__buf_6)
                                                         _07604_ (net)
                      0.090677    0.001243   17.247158 v _15420_/S (sky130_fd_sc_hd__mux2_1)
     1    0.005489    0.137282    0.735085   17.982244 v _15420_/X (sky130_fd_sc_hd__mux2_1)
                                                         _07646_ (net)
                      0.137282    0.000432   17.982676 v _15421_/A (sky130_fd_sc_hd__clkbuf_1)
     1    0.002186    0.044603    0.185807   18.168482 v _15421_/X (sky130_fd_sc_hd__clkbuf_1)
                                                         multiplier_inst.man_final[9] (net)
                      0.044624    0.000153   18.168634 v _16083_/D (sky130_fd_sc_hd__dfrtp_1)
                                             18.168634   data arrival time

                                 25.000000   25.000000   clock clk (rise edge)
                                  0.000000   25.000000   clock source latency
     1    0.043434    0.313116    0.221940   25.221939 ^ clk (in)
                                                         clk (net)
                      0.313475    0.000000   25.221939 ^ clkbuf_0_clk/A (sky130_fd_sc_hd__clkbuf_16)
     2    0.044615    0.101160    0.361970   25.583910 ^ clkbuf_0_clk/X (sky130_fd_sc_hd__clkbuf_16)
                                                         clknet_0_clk (net)
                      0.101371    0.003034   25.586943 ^ clkbuf_1_1__f_clk/A (sky130_fd_sc_hd__clkbuf_16)
    13    0.136190    0.228639    0.363727   25.950670 ^ clkbuf_1_1__f_clk/X (sky130_fd_sc_hd__clkbuf_16)
                                                         clknet_1_1__leaf_clk (net)
                      0.229525    0.011543   25.962214 ^ clkbuf_leaf_19_clk/A (sky130_fd_sc_hd__clkbuf_8)
    18    0.065747    0.193203    0.395207   26.357420 ^ clkbuf_leaf_19_clk/X (sky130_fd_sc_hd__clkbuf_8)
                                                         clknet_leaf_19_clk (net)
                      0.193663    0.006679   26.364100 ^ _16083_/CLK (sky130_fd_sc_hd__dfrtp_1)
                                 -0.250000   26.114100   clock uncertainty
                                  0.000000   26.114100   clock reconvergence pessimism
                                 -0.233050   25.881050   library setup time
                                             25.881050   data required time
---------------------------------------------------------------------------------------------
                                             25.881050   data required time
                                            -18.168634   data arrival time
---------------------------------------------------------------------------------------------
                                              7.712416   slack (MET)




===========================================================================
report_checks --slack_max -0.01
============================================================================
======================= max_ss_100C_1v60 Corner ===================================

No paths found.


===========================================================================
 report_check_types -max_slew -max_cap -max_fanout -violators
============================================================================
======================= max_ss_100C_1v60 Corner ===================================

max slew

Pin                                        Limit        Slew       Slack
------------------------------------------------------------------------
_15265_/A                               0.750000    0.916903   -0.166903 (VIOLATED)
_15287_/A                               0.750000    0.916901   -0.166901 (VIOLATED)
_15242_/A                               0.750000    0.916900   -0.166900 (VIOLATED)
_15289_/A                               0.750000    0.916892   -0.166892 (VIOLATED)
_15241_/Y                               0.750000    0.916859   -0.166859 (VIOLATED)
_15364_/A1                              0.750000    0.880026   -0.130026 (VIOLATED)
_15361_/Y                               0.750000    0.880003   -0.130003 (VIOLATED)
_13693_/B                               0.750000    0.757635   -0.007635 (VIOLATED)
_13675_/A                               0.750000    0.757635   -0.007635 (VIOLATED)
_13650_/A                               0.750000    0.757631   -0.007631 (VIOLATED)
_15406_/S                               0.750000    0.757586   -0.007586 (VIOLATED)
_15307_/A                               0.750000    0.757586   -0.007586 (VIOLATED)
_15457_/A                               0.750000    0.757586   -0.007586 (VIOLATED)
_13646_/Y                               0.750000    0.757566   -0.007566 (VIOLATED)
_14110_/B1                              0.750000    0.757313   -0.007313 (VIOLATED)
_13984_/B1                              0.750000    0.757313   -0.007313 (VIOLATED)
_14060_/B1                              0.750000    0.757310   -0.007310 (VIOLATED)
_14005_/B1                              0.750000    0.757308   -0.007308 (VIOLATED)
_13995_/B1                              0.750000    0.757307   -0.007307 (VIOLATED)
_14079_/A                               0.750000    0.757304   -0.007304 (VIOLATED)
_13963_/A                               0.750000    0.757294   -0.007294 (VIOLATED)
_13807_/A2                              0.750000    0.757287   -0.007287 (VIOLATED)
_13782_/A2                              0.750000    0.757287   -0.007287 (VIOLATED)
_13780_/Y                               0.750000    0.757281   -0.007281 (VIOLATED)

max fanout

Pin                                   Limit Fanout  Slack
---------------------------------------------------------
clkbuf_leaf_11_clk/X                     10     25    -15 (VIOLATED)
clkbuf_leaf_13_clk/X                     10     25    -15 (VIOLATED)
clkbuf_leaf_15_clk/X                     10     25    -15 (VIOLATED)
clkbuf_leaf_18_clk/X                     10     22    -12 (VIOLATED)
clkbuf_leaf_6_clk/X                      10     21    -11 (VIOLATED)
clkbuf_leaf_20_clk/X                     10     19     -9 (VIOLATED)
clkbuf_leaf_24_clk/X                     10     19     -9 (VIOLATED)
clkbuf_leaf_0_clk/X                      10     18     -8 (VIOLATED)
clkbuf_leaf_19_clk/X                     10     18     -8 (VIOLATED)
clkbuf_leaf_3_clk/X                      10     15     -5 (VIOLATED)
clkbuf_leaf_5_clk/X                      10     15     -5 (VIOLATED)
clkbuf_1_0__f_clk/X                      10     14     -4 (VIOLATED)
clkbuf_leaf_14_clk/X                     10     14     -4 (VIOLATED)
clkbuf_leaf_7_clk/X                      10     14     -4 (VIOLATED)
clkbuf_1_1__f_clk/X                      10     13     -3 (VIOLATED)
clkbuf_leaf_12_clk/X                     10     11        (VIOLATED)
clkbuf_leaf_8_clk/X                      10     11        (VIOLATED)
fanout151/X                              10     11        (VIOLATED)
fanout165/X                              10     11        (VIOLATED)
fanout188/X                              10     11        (VIOLATED)
fanout194/X                              10     11        (VIOLATED)
fanout197/X                              10     11        (VIOLATED)
fanout221/X                              10     11        (VIOLATED)



===========================================================================
report_parasitic_annotation -report_unannotated
============================================================================
Found 23 unannotated drivers.
 clkload0/Y
 clkload1/Y
 clkload10/Y
 clkload11/Y
 clkload12/Y
 clkload13/Y
 clkload14/X
 clkload15/Y
 clkload16/X
 clkload17/Y
 clkload18/Y
 clkload19/Y
 clkload2/Y
 clkload20/Y
 clkload21/Y
 clkload22/Y
 clkload3/Y
 clkload4/Y
 clkload5/Y
 clkload6/Y
 clkload7/Y
 clkload8/Y
 clkload9/Y
Found 0 partially unannotated drivers.

===========================================================================
max slew violation count 24
max fanout violation count 23
max cap violation count 0
============================================================================

===========================================================================
check_setup -verbose -unconstrained_endpoints -multiple_clock -no_clock -no_input_delay -loops -generated_clocks
===========================================================================
