Clock: clk
Sources: clk 
Generated: no
Virtual: yes
Propagated: no
Period: 25.000000

===========================================================================
report_clock_properties
============================================================================
Clock                   Period          Waveform
----------------------------------------------------
clk                  25.000000    0.000000 12.500000

===========================================================================
report_clock_latency
============================================================================
Clock clk
rise -> rise
    min     max
0.000000 0.000000 source latency
0.985398         network latency _15928_/CLK
        1.398470 network latency _15987_/CLK
---------------
0.985398 1.398470 latency
        0.413071 skew

fall -> fall
    min     max
0.000000 0.000000 source latency
0.857027         network latency _15928_/CLK
        1.235062 network latency _15987_/CLK
---------------
0.857027 1.235062 latency
        0.378035 skew



===========================================================================
report_clock_min_period
============================================================================
clk period_min = 17.29 fmax = 57.84
