Clock: clk
Sources: clk 
Generated: no
Virtual: yes
Propagated: no
Period: 20.000000

===========================================================================
report_clock_properties
============================================================================
Clock                   Period          Waveform
----------------------------------------------------
clk                  20.000000    0.000000 10.000000

===========================================================================
report_clock_latency
============================================================================
Clock clk
rise -> rise
    min     max
0.000000 0.000000 source latency
0.626104         network latency _9343_/CLK
        0.669424 network latency _9440_/CLK
---------------
0.626104 0.669424 latency
        0.043321 skew

fall -> fall
    min     max
0.000000 0.000000 source latency
0.563759         network latency _9343_/CLK
        0.596465 network latency _9440_/CLK
---------------
0.563759 0.596465 latency
        0.032706 skew



===========================================================================
report_clock_min_period
============================================================================
clk period_min = 10.52 fmax = 95.03
