
===========================================================================
report_checks -unconstrained
===========================================================================
======================= max_ss_100C_1v60 Corner ===================================

Startpoint: rst (input port clocked by clk)
Endpoint: _14488_ (recovery check against rising-edge clock clk)
Path Group: asynchronous
Path Type: max

Fanout         Cap        Slew       Delay        Time   Description
---------------------------------------------------------------------------------------------
                                  0.000000    0.000000   clock clk (rise edge)
                                  0.000000    0.000000   clock network delay (propagated)
                                  1.600000    1.600000 v input external delay
     1    0.002674    0.017977    0.008882    1.608882 v rst (in)
                                                         rst (net)
                      0.017977    0.000000    1.608882 v input67/A (sky130_fd_sc_hd__buf_1)
     1    0.010005    0.125086    0.197832    1.806714 v input67/X (sky130_fd_sc_hd__buf_1)
                                                         net67 (net)
                      0.125091    0.000961    1.807676 v fanout2918/A (sky130_fd_sc_hd__clkbuf_2)
     2    0.043043    0.300160    0.399530    2.207205 v fanout2918/X (sky130_fd_sc_hd__clkbuf_2)
                                                         net2918 (net)
                      0.300187    0.002428    2.209634 v fanout2849/A (sky130_fd_sc_hd__dlymetal6s2s_1)
     2    0.022580    0.232339    0.529833    2.739467 v fanout2849/X (sky130_fd_sc_hd__dlymetal6s2s_1)
                                                         net2849 (net)
                      0.232373    0.002886    2.742353 v fanout2848/A (sky130_fd_sc_hd__buf_1)
     2    0.034704    0.392944    0.492633    3.234986 v fanout2848/X (sky130_fd_sc_hd__buf_1)
                                                         net2848 (net)
                      0.392957    0.002660    3.237646 v fanout2847/A (sky130_fd_sc_hd__buf_1)
     2    0.019693    0.230367    0.433494    3.671139 v fanout2847/X (sky130_fd_sc_hd__buf_1)
                                                         net2847 (net)
                      0.230368    0.000998    3.672137 v fanout2846/A (sky130_fd_sc_hd__dlymetal6s2s_1)
     2    0.015639    0.174015    0.450739    4.122877 v fanout2846/X (sky130_fd_sc_hd__dlymetal6s2s_1)
                                                         net2846 (net)
                      0.174015    0.000814    4.123691 v fanout2845/A (sky130_fd_sc_hd__clkbuf_1)
     2    0.009616    0.121015    0.267536    4.391227 v fanout2845/X (sky130_fd_sc_hd__clkbuf_1)
                                                         net2845 (net)
                      0.121016    0.000538    4.391765 v fanout2839/A (sky130_fd_sc_hd__clkbuf_1)
     3    0.016115    0.189857    0.293944    4.685709 v fanout2839/X (sky130_fd_sc_hd__clkbuf_1)
                                                         net2839 (net)
                      0.189858    0.000847    4.686557 v fanout2838/A (sky130_fd_sc_hd__dlymetal6s2s_1)
     4    0.018419    0.197118    0.448874    5.135431 v fanout2838/X (sky130_fd_sc_hd__dlymetal6s2s_1)
                                                         net2838 (net)
                      0.197125    0.001504    5.136935 v fanout2837/A (sky130_fd_sc_hd__clkbuf_2)
     5    0.029965    0.213064    0.375493    5.512428 v fanout2837/X (sky130_fd_sc_hd__clkbuf_2)
                                                         net2837 (net)
                      0.213073    0.001582    5.514010 v _14174_/A (sky130_fd_sc_hd__inv_2)
     1    0.005989    0.082691    0.143973    5.657983 ^ _14174_/Y (sky130_fd_sc_hd__inv_2)
                                                         _00310_ (net)
                      0.082691    0.000361    5.658344 ^ _14488_/RESET_B (sky130_fd_sc_hd__dfrtp_2)
                                              5.658344   data arrival time

                                  8.000000    8.000000   clock clk (rise edge)
                                  0.000000    8.000000   clock source latency
     1    0.056878    0.408433    0.287863    8.287863 ^ clk (in)
                                                         clk (net)
                      0.408576    0.000000    8.287863 ^ clkbuf_0_clk/A (sky130_fd_sc_hd__clkbuf_16)
     2    0.067177    0.133267    0.424150    8.712013 ^ clkbuf_0_clk/X (sky130_fd_sc_hd__clkbuf_16)
                                                         clknet_0_clk (net)
                      0.133669    0.006199    8.718213 ^ clkbuf_1_0__f_clk/A (sky130_fd_sc_hd__clkbuf_16)
    11    0.147593    0.244777    0.391487    9.109700 ^ clkbuf_1_0__f_clk/X (sky130_fd_sc_hd__clkbuf_16)
                                                         clknet_1_0__leaf_clk (net)
                      0.245195    0.008318    9.118018 ^ clkbuf_leaf_11_clk/A (sky130_fd_sc_hd__clkbuf_8)
    19    0.071409    0.206359    0.413458    9.531475 ^ clkbuf_leaf_11_clk/X (sky130_fd_sc_hd__clkbuf_8)
                                                         clknet_leaf_11_clk (net)
                      0.206477    0.004550    9.536026 ^ _14488_/CLK (sky130_fd_sc_hd__dfrtp_2)
                                 -0.250000    9.286026   clock uncertainty
                                  0.000000    9.286026   clock reconvergence pessimism
                                  0.484777    9.770802   library recovery time
                                              9.770802   data required time
---------------------------------------------------------------------------------------------
                                              9.770802   data required time
                                             -5.658344   data arrival time
---------------------------------------------------------------------------------------------
                                              4.112458   slack (MET)


Startpoint: _14415_ (rising edge-triggered flip-flop clocked by clk)
Endpoint: _14499_ (rising edge-triggered flip-flop clocked by clk)
Path Group: clk
Path Type: max

Fanout         Cap        Slew       Delay        Time   Description
---------------------------------------------------------------------------------------------
                                  0.000000    0.000000   clock clk (rise edge)
                                  0.000000    0.000000   clock source latency
     1    0.056878    0.408433    0.287863    0.287863 ^ clk (in)
                                                         clk (net)
                      0.408576    0.000000    0.287863 ^ clkbuf_0_clk/A (sky130_fd_sc_hd__clkbuf_16)
     2    0.067177    0.133267    0.424150    0.712014 ^ clkbuf_0_clk/X (sky130_fd_sc_hd__clkbuf_16)
                                                         clknet_0_clk (net)
                      0.133669    0.006199    0.718213 ^ clkbuf_1_0__f_clk/A (sky130_fd_sc_hd__clkbuf_16)
    11    0.147593    0.244777    0.391487    1.109700 ^ clkbuf_1_0__f_clk/X (sky130_fd_sc_hd__clkbuf_16)
                                                         clknet_1_0__leaf_clk (net)
                      0.245705    0.012228    1.121928 ^ clkbuf_leaf_17_clk/A (sky130_fd_sc_hd__clkbuf_8)
    25    0.073697    0.211974    0.417458    1.539387 ^ clkbuf_leaf_17_clk/X (sky130_fd_sc_hd__clkbuf_8)
                                                         clknet_leaf_17_clk (net)
                      0.212027    0.003321    1.542707 ^ _14415_/CLK (sky130_fd_sc_hd__dfrtp_1)
     2    0.040883    0.394331    1.091810    2.634517 v _14415_/Q (sky130_fd_sc_hd__dfrtp_1)
                                                         adder_inst.man_b_r[5] (net)
                      0.394358    0.003469    2.637986 v fanout1863/A (sky130_fd_sc_hd__buf_4)
     5    0.072158    0.181852    0.516680    3.154667 v fanout1863/X (sky130_fd_sc_hd__buf_4)
                                                         net1863 (net)
                      0.182840    0.011440    3.166107 v _07125_/A (sky130_fd_sc_hd__inv_2)
     1    0.030491    0.228955    0.257317    3.423424 ^ _07125_/Y (sky130_fd_sc_hd__inv_2)
                                                         _06897_ (net)
                      0.229101    0.004774    3.428199 ^ fanout1160/A (sky130_fd_sc_hd__clkbuf_2)
     3    0.115135    0.950946    0.878878    4.307076 ^ fanout1160/X (sky130_fd_sc_hd__clkbuf_2)
                                                         net1160 (net)
                      0.951145    0.011512    4.318588 ^ fanout1154/A (sky130_fd_sc_hd__buf_2)
     6    0.066209    0.508236    0.819397    5.137985 ^ fanout1154/X (sky130_fd_sc_hd__buf_2)
                                                         net1154 (net)
                      0.508518    0.011022    5.149008 ^ fanout1153/A (sky130_fd_sc_hd__clkbuf_2)
     5    0.053544    0.451719    0.639060    5.788068 ^ fanout1153/X (sky130_fd_sc_hd__clkbuf_2)
                                                         net1153 (net)
                      0.452006    0.006671    5.794739 ^ fanout1151/A (sky130_fd_sc_hd__clkbuf_2)
     5    0.035099    0.303022    0.514375    6.309114 ^ fanout1151/X (sky130_fd_sc_hd__clkbuf_2)
                                                         net1151 (net)
                      0.303025    0.001548    6.310662 ^ _09739_/A2 (sky130_fd_sc_hd__o211ai_1)
     2    0.013556    0.380190    0.426681    6.737344 v _09739_/Y (sky130_fd_sc_hd__o211ai_1)
                                                         _02825_ (net)
                      0.380190    0.000883    6.738226 v _09740_/B (sky130_fd_sc_hd__nand2_1)
     1    0.011059    0.210175    0.324488    7.062715 ^ _09740_/Y (sky130_fd_sc_hd__nand2_1)
                                                         _02826_ (net)
                      0.210176    0.001027    7.063742 ^ _09980_/B1 (sky130_fd_sc_hd__a21o_1)
     2    0.022419    0.312631    0.378886    7.442628 ^ _09980_/X (sky130_fd_sc_hd__a21o_1)
                                                         _03066_ (net)
                      0.312635    0.001637    7.444265 ^ _09981_/B1 (sky130_fd_sc_hd__o21ai_4)
     3    0.032992    0.188923    0.278225    7.722490 v _09981_/Y (sky130_fd_sc_hd__o21ai_4)
                                                         _03067_ (net)
                      0.189174    0.005470    7.727961 v _10005_/B2 (sky130_fd_sc_hd__o2bb2ai_4)
     1    0.011378    0.202488    0.272016    7.999977 ^ _10005_/Y (sky130_fd_sc_hd__o2bb2ai_4)
                                                         _03091_ (net)
                      0.202490    0.000916    8.000893 ^ _10011_/A (sky130_fd_sc_hd__nand3_4)
     2    0.010832    0.129853    0.183795    8.184688 v _10011_/Y (sky130_fd_sc_hd__nand3_4)
                                                         _03097_ (net)
                      0.129854    0.000699    8.185387 v fanout393/A (sky130_fd_sc_hd__buf_6)
     2    0.017718    0.054150    0.250017    8.435404 v fanout393/X (sky130_fd_sc_hd__buf_6)
                                                         net393 (net)
                      0.054239    0.001531    8.436934 v _10054_/A1 (sky130_fd_sc_hd__a21boi_4)
     1    0.010694    0.202719    0.238706    8.675641 ^ _10054_/Y (sky130_fd_sc_hd__a21boi_4)
                                                         _03140_ (net)
                      0.202720    0.000815    8.676456 ^ _10062_/C (sky130_fd_sc_hd__nand3_4)
     3    0.023955    0.211052    0.274202    8.950658 v _10062_/Y (sky130_fd_sc_hd__nand3_4)
                                                         _03148_ (net)
                      0.211180    0.002442    8.953101 v fanout325/A (sky130_fd_sc_hd__buf_6)
     2    0.009617    0.043118    0.276231    9.229332 v fanout325/X (sky130_fd_sc_hd__buf_6)
                                                         net325 (net)
                      0.043282    0.000658    9.229990 v fanout324/A (sky130_fd_sc_hd__buf_8)
     5    0.029755    0.062484    0.220378    9.450369 v fanout324/X (sky130_fd_sc_hd__buf_8)
                                                         net324 (net)
                      0.062550    0.001807    9.452176 v _10364_/A1 (sky130_fd_sc_hd__a21o_1)
     1    0.011505    0.129394    0.350052    9.802228 v _10364_/X (sky130_fd_sc_hd__a21o_1)
                                                         _03450_ (net)
                      0.129399    0.000911    9.803139 v _10367_/C1 (sky130_fd_sc_hd__o211ai_4)
     2    0.017401    0.327013    0.176698    9.979836 ^ _10367_/Y (sky130_fd_sc_hd__o211ai_4)
                                                         _03453_ (net)
                      0.327015    0.001608    9.981444 ^ rebuffer306/A (sky130_fd_sc_hd__buf_6)
     2    0.019732    0.084165    0.293978   10.275423 ^ rebuffer306/X (sky130_fd_sc_hd__buf_6)
                                                         net580 (net)
                      0.084184    0.001234   10.276656 ^ _10588_/A1_N (sky130_fd_sc_hd__o2bb2ai_4)
     3    0.025154    0.324981    0.277827   10.554482 ^ _10588_/Y (sky130_fd_sc_hd__o2bb2ai_4)
                                                         _03674_ (net)
                      0.324984    0.001648   10.556131 ^ _10595_/A (sky130_fd_sc_hd__nand3_4)
     4    0.028368    0.243196    0.312264   10.868396 v _10595_/Y (sky130_fd_sc_hd__nand3_4)
                                                         _03681_ (net)
                      0.243200    0.001488   10.869884 v rebuffer329/A (sky130_fd_sc_hd__buf_6)
     1    0.008686    0.042510    0.289513   11.159396 v rebuffer329/X (sky130_fd_sc_hd__buf_6)
                                                         net1217 (net)
                      0.042510    0.000662   11.160058 v _10797_/A (sky130_fd_sc_hd__nand2_4)
     2    0.020142    0.144582    0.116700   11.276758 ^ _10797_/Y (sky130_fd_sc_hd__nand2_4)
                                                         _03883_ (net)
                      0.144599    0.001567   11.278325 ^ _10804_/A1 (sky130_fd_sc_hd__a21oi_4)
     1    0.009496    0.132512    0.134984   11.413310 v _10804_/Y (sky130_fd_sc_hd__a21oi_4)
                                                         _03890_ (net)
                      0.132513    0.000742   11.414051 v _10806_/B2 (sky130_fd_sc_hd__a22oi_4)
     3    0.021239    0.345101    0.376976   11.791027 ^ _10806_/Y (sky130_fd_sc_hd__a22oi_4)
                                                         _03892_ (net)
                      0.345103    0.001572   11.792600 ^ rebuffer326/A (sky130_fd_sc_hd__buf_6)
     1    0.011888    0.063236    0.281061   12.073661 ^ rebuffer326/X (sky130_fd_sc_hd__buf_6)
                                                         net1146 (net)
                      0.063236    0.001011   12.074672 ^ _11727_/A4 (sky130_fd_sc_hd__a41oi_4)
     1    0.009098    0.205115    0.269495   12.344166 v _11727_/Y (sky130_fd_sc_hd__a41oi_4)
                                                         _04813_ (net)
                      0.205115    0.000441   12.344606 v _11728_/B1 (sky130_fd_sc_hd__o21ai_4)
     2    0.012592    0.226623    0.174522   12.519128 ^ _11728_/Y (sky130_fd_sc_hd__o21ai_4)
                                                         _04814_ (net)
                      0.226624    0.000902   12.520031 ^ _12230_/B1 (sky130_fd_sc_hd__a21oi_4)
     1    0.022321    0.143030    0.146739   12.666769 v _12230_/Y (sky130_fd_sc_hd__a21oi_4)
                                                         _05316_ (net)
                      0.143065    0.001895   12.668665 v wire165/A (sky130_fd_sc_hd__buf_8)
     4    0.069056    0.103961    0.303827   12.972492 v wire165/X (sky130_fd_sc_hd__buf_8)
                                                         net165 (net)
                      0.106667    0.013029   12.985520 v _12238_/A1 (sky130_fd_sc_hd__o21bai_4)
     3    0.050207    0.555770    0.544336   13.529857 ^ _12238_/Y (sky130_fd_sc_hd__o21bai_4)
                                                         _05324_ (net)
                      0.555920    0.007460   13.537316 ^ _12353_/A (sky130_fd_sc_hd__nand3_4)
     2    0.021271    0.239386    0.360764   13.898081 v _12353_/Y (sky130_fd_sc_hd__nand3_4)
                                                         _05439_ (net)
                      0.239393    0.002393   13.900474 v _12403_/A1 (sky130_fd_sc_hd__a21oi_4)
     2    0.015372    0.242464    0.341681   14.242154 ^ _12403_/Y (sky130_fd_sc_hd__a21oi_4)
                                                         _05489_ (net)
                      0.242469    0.001130   14.243284 ^ _12425_/A2 (sky130_fd_sc_hd__o21bai_4)
     3    0.015721    0.133679    0.196554   14.439838 v _12425_/Y (sky130_fd_sc_hd__o21bai_4)
                                                         _05511_ (net)
                      0.133681    0.001060   14.440898 v _12428_/A1 (sky130_fd_sc_hd__a21oi_4)
     3    0.011217    0.214803    0.263622   14.704520 ^ _12428_/Y (sky130_fd_sc_hd__a21oi_4)
                                                         _05514_ (net)
                      0.214803    0.000684   14.705204 ^ _12437_/A2 (sky130_fd_sc_hd__o211ai_2)
     2    0.014322    0.251717    0.303321   15.008525 v _12437_/Y (sky130_fd_sc_hd__o211ai_2)
                                                         _05523_ (net)
                      0.251717    0.000959   15.009484 v fanout148/A (sky130_fd_sc_hd__buf_6)
     2    0.009728    0.043787    0.295143   15.304627 v fanout148/X (sky130_fd_sc_hd__buf_6)
                                                         net148 (net)
                      0.043963    0.000663   15.305290 v fanout147/A (sky130_fd_sc_hd__buf_8)
     5    0.045225    0.082521    0.237474   15.542764 v fanout147/X (sky130_fd_sc_hd__buf_8)
                                                         net147 (net)
                      0.082763    0.003194   15.545958 v fanout146/A (sky130_fd_sc_hd__buf_6)
     2    0.014451    0.049457    0.221982   15.767941 v fanout146/X (sky130_fd_sc_hd__buf_6)
                                                         net146 (net)
                      0.049503    0.000957   15.768898 v fanout142/A (sky130_fd_sc_hd__buf_8)
     3    0.024281    0.056222    0.216584   15.985482 v fanout142/X (sky130_fd_sc_hd__buf_8)
                                                         net142 (net)
                      0.056371    0.002453   15.987935 v _12456_/A (sky130_fd_sc_hd__nand3_4)
     2    0.012184    0.175868    0.100805   16.088739 ^ _12456_/Y (sky130_fd_sc_hd__nand3_4)
                                                         _05542_ (net)
                      0.175868    0.000538   16.089277 ^ _12457_/A (sky130_fd_sc_hd__nand2_4)
     4    0.024228    0.182361    0.177524   16.266802 v _12457_/Y (sky130_fd_sc_hd__nand2_4)
                                                         _05543_ (net)
                      0.182375    0.001558   16.268360 v _12466_/B (sky130_fd_sc_hd__nor3_4)
     2    0.012709    0.316002    0.401135   16.669495 ^ _12466_/Y (sky130_fd_sc_hd__nor3_4)
                                                         _05552_ (net)
                      0.316003    0.001039   16.670534 ^ max_cap118/A (sky130_fd_sc_hd__buf_6)
     4    0.020650    0.086559    0.292353   16.962887 ^ max_cap118/X (sky130_fd_sc_hd__buf_6)
                                                         net118 (net)
                      0.086589    0.001538   16.964424 ^ _12491_/B (sky130_fd_sc_hd__nand3_4)
     4    0.028654    0.229577    0.247947   17.212372 v _12491_/Y (sky130_fd_sc_hd__nand3_4)
                                                         _05577_ (net)
                      0.229640    0.003054   17.215425 v fanout115/A (sky130_fd_sc_hd__buf_8)
     5    0.032351    0.065912    0.312014   17.527439 v fanout115/X (sky130_fd_sc_hd__buf_8)
                                                         net115 (net)
                      0.066161    0.003178   17.530617 v _12526_/B (sky130_fd_sc_hd__nor2_8)
     2    0.043113    0.285716    0.268381   17.798998 ^ _12526_/Y (sky130_fd_sc_hd__nor2_8)
                                                         _05612_ (net)
                      0.285907    0.003807   17.802805 ^ fanout103/A (sky130_fd_sc_hd__buf_8)
     4    0.032782    0.102315    0.290486   18.093290 ^ fanout103/X (sky130_fd_sc_hd__buf_8)
                                                         net103 (net)
                      0.102322    0.000998   18.094290 ^ fanout102/A (sky130_fd_sc_hd__buf_8)
     5    0.036889    0.110517    0.222425   18.316713 ^ fanout102/X (sky130_fd_sc_hd__buf_8)
                                                         net102 (net)
                      0.110639    0.003277   18.319992 ^ _12620_/A (sky130_fd_sc_hd__nand4_4)
     3    0.026561    0.304954    0.282727   18.602718 v _12620_/Y (sky130_fd_sc_hd__nand4_4)
                                                         _05702_ (net)
                      0.304960    0.001913   18.604631 v _12623_/A1 (sky130_fd_sc_hd__o211ai_2)
     1    0.005161    0.216695    0.366301   18.970932 ^ _12623_/Y (sky130_fd_sc_hd__o211ai_2)
                                                         _05705_ (net)
                      0.216695    0.000250   18.971182 ^ _12625_/A (sky130_fd_sc_hd__nand2_2)
     2    0.005796    0.088932    0.152374   19.123556 v _12625_/Y (sky130_fd_sc_hd__nand2_2)
                                                         multiplier_inst.exp_final[5] (net)
                      0.088933    0.000380   19.123938 v _12715_/A (sky130_fd_sc_hd__nand3_1)
     1    0.003021    0.097568    0.113708   19.237644 ^ _12715_/Y (sky130_fd_sc_hd__nand3_1)
                                                         _05780_ (net)
                      0.097569    0.000208   19.237852 ^ _12717_/A (sky130_fd_sc_hd__nand2_1)
     1    0.004400    0.093864    0.125782   19.363634 v _12717_/Y (sky130_fd_sc_hd__nand2_1)
                                                         multiplier_inst.overflow_calc (net)
                      0.093864    0.000250   19.363886 v _14499_/D (sky130_fd_sc_hd__dfrtp_1)
                                             19.363886   data arrival time

                                  8.000000    8.000000   clock clk (rise edge)
                                  0.000000    8.000000   clock source latency
     1    0.056878    0.408433    0.287863    8.287863 ^ clk (in)
                                                         clk (net)
                      0.408576    0.000000    8.287863 ^ clkbuf_0_clk/A (sky130_fd_sc_hd__clkbuf_16)
     2    0.067177    0.133267    0.424150    8.712013 ^ clkbuf_0_clk/X (sky130_fd_sc_hd__clkbuf_16)
                                                         clknet_0_clk (net)
                      0.133475    0.004620    8.716634 ^ clkbuf_1_1__f_clk/A (sky130_fd_sc_hd__clkbuf_16)
    11    0.122808    0.209693    0.361699    9.078333 ^ clkbuf_1_1__f_clk/X (sky130_fd_sc_hd__clkbuf_16)
                                                         clknet_1_1__leaf_clk (net)
                      0.210922    0.012982    9.091314 ^ clkbuf_leaf_8_clk/A (sky130_fd_sc_hd__clkbuf_8)
    26    0.077301    0.220571    0.409128    9.500443 ^ clkbuf_leaf_8_clk/X (sky130_fd_sc_hd__clkbuf_8)
                                                         clknet_leaf_8_clk (net)
                      0.220634    0.003596    9.504039 ^ _14499_/CLK (sky130_fd_sc_hd__dfrtp_1)
                                 -0.250000    9.254039   clock uncertainty
                                  0.000000    9.254039   clock reconvergence pessimism
                                 -0.246346    9.007692   library setup time
                                              9.007692   data required time
---------------------------------------------------------------------------------------------
                                              9.007692   data required time
                                            -19.363886   data arrival time
---------------------------------------------------------------------------------------------
                                            -10.356193   slack (VIOLATED)




===========================================================================
report_checks --slack_max -0.01
============================================================================
======================= max_ss_100C_1v60 Corner ===================================

Startpoint: _14415_ (rising edge-triggered flip-flop clocked by clk)
Endpoint: _14499_ (rising edge-triggered flip-flop clocked by clk)
Path Group: clk
Path Type: max

Fanout         Cap        Slew       Delay        Time   Description
---------------------------------------------------------------------------------------------
                                  0.000000    0.000000   clock clk (rise edge)
                                  0.000000    0.000000   clock source latency
     1    0.056878    0.408433    0.287863    0.287863 ^ clk (in)
                                                         clk (net)
                      0.408576    0.000000    0.287863 ^ clkbuf_0_clk/A (sky130_fd_sc_hd__clkbuf_16)
     2    0.067177    0.133267    0.424150    0.712014 ^ clkbuf_0_clk/X (sky130_fd_sc_hd__clkbuf_16)
                                                         clknet_0_clk (net)
                      0.133669    0.006199    0.718213 ^ clkbuf_1_0__f_clk/A (sky130_fd_sc_hd__clkbuf_16)
    11    0.147593    0.244777    0.391487    1.109700 ^ clkbuf_1_0__f_clk/X (sky130_fd_sc_hd__clkbuf_16)
                                                         clknet_1_0__leaf_clk (net)
                      0.245705    0.012228    1.121928 ^ clkbuf_leaf_17_clk/A (sky130_fd_sc_hd__clkbuf_8)
    25    0.073697    0.211974    0.417458    1.539387 ^ clkbuf_leaf_17_clk/X (sky130_fd_sc_hd__clkbuf_8)
                                                         clknet_leaf_17_clk (net)
                      0.212027    0.003321    1.542707 ^ _14415_/CLK (sky130_fd_sc_hd__dfrtp_1)
     2    0.040883    0.394331    1.091810    2.634517 v _14415_/Q (sky130_fd_sc_hd__dfrtp_1)
                                                         adder_inst.man_b_r[5] (net)
                      0.394358    0.003469    2.637986 v fanout1863/A (sky130_fd_sc_hd__buf_4)
     5    0.072158    0.181852    0.516680    3.154667 v fanout1863/X (sky130_fd_sc_hd__buf_4)
                                                         net1863 (net)
                      0.182840    0.011440    3.166107 v _07125_/A (sky130_fd_sc_hd__inv_2)
     1    0.030491    0.228955    0.257317    3.423424 ^ _07125_/Y (sky130_fd_sc_hd__inv_2)
                                                         _06897_ (net)
                      0.229101    0.004774    3.428199 ^ fanout1160/A (sky130_fd_sc_hd__clkbuf_2)
     3    0.115135    0.950946    0.878878    4.307076 ^ fanout1160/X (sky130_fd_sc_hd__clkbuf_2)
                                                         net1160 (net)
                      0.951145    0.011512    4.318588 ^ fanout1154/A (sky130_fd_sc_hd__buf_2)
     6    0.066209    0.508236    0.819397    5.137985 ^ fanout1154/X (sky130_fd_sc_hd__buf_2)
                                                         net1154 (net)
                      0.508518    0.011022    5.149008 ^ fanout1153/A (sky130_fd_sc_hd__clkbuf_2)
     5    0.053544    0.451719    0.639060    5.788068 ^ fanout1153/X (sky130_fd_sc_hd__clkbuf_2)
                                                         net1153 (net)
                      0.452006    0.006671    5.794739 ^ fanout1151/A (sky130_fd_sc_hd__clkbuf_2)
     5    0.035099    0.303022    0.514375    6.309114 ^ fanout1151/X (sky130_fd_sc_hd__clkbuf_2)
                                                         net1151 (net)
                      0.303025    0.001548    6.310662 ^ _09739_/A2 (sky130_fd_sc_hd__o211ai_1)
     2    0.013556    0.380190    0.426681    6.737344 v _09739_/Y (sky130_fd_sc_hd__o211ai_1)
                                                         _02825_ (net)
                      0.380190    0.000883    6.738226 v _09740_/B (sky130_fd_sc_hd__nand2_1)
     1    0.011059    0.210175    0.324488    7.062715 ^ _09740_/Y (sky130_fd_sc_hd__nand2_1)
                                                         _02826_ (net)
                      0.210176    0.001027    7.063742 ^ _09980_/B1 (sky130_fd_sc_hd__a21o_1)
     2    0.022419    0.312631    0.378886    7.442628 ^ _09980_/X (sky130_fd_sc_hd__a21o_1)
                                                         _03066_ (net)
                      0.312635    0.001637    7.444265 ^ _09981_/B1 (sky130_fd_sc_hd__o21ai_4)
     3    0.032992    0.188923    0.278225    7.722490 v _09981_/Y (sky130_fd_sc_hd__o21ai_4)
                                                         _03067_ (net)
                      0.189174    0.005470    7.727961 v _10005_/B2 (sky130_fd_sc_hd__o2bb2ai_4)
     1    0.011378    0.202488    0.272016    7.999977 ^ _10005_/Y (sky130_fd_sc_hd__o2bb2ai_4)
                                                         _03091_ (net)
                      0.202490    0.000916    8.000893 ^ _10011_/A (sky130_fd_sc_hd__nand3_4)
     2    0.010832    0.129853    0.183795    8.184688 v _10011_/Y (sky130_fd_sc_hd__nand3_4)
                                                         _03097_ (net)
                      0.129854    0.000699    8.185387 v fanout393/A (sky130_fd_sc_hd__buf_6)
     2    0.017718    0.054150    0.250017    8.435404 v fanout393/X (sky130_fd_sc_hd__buf_6)
                                                         net393 (net)
                      0.054239    0.001531    8.436934 v _10054_/A1 (sky130_fd_sc_hd__a21boi_4)
     1    0.010694    0.202719    0.238706    8.675641 ^ _10054_/Y (sky130_fd_sc_hd__a21boi_4)
                                                         _03140_ (net)
                      0.202720    0.000815    8.676456 ^ _10062_/C (sky130_fd_sc_hd__nand3_4)
     3    0.023955    0.211052    0.274202    8.950658 v _10062_/Y (sky130_fd_sc_hd__nand3_4)
                                                         _03148_ (net)
                      0.211180    0.002442    8.953101 v fanout325/A (sky130_fd_sc_hd__buf_6)
     2    0.009617    0.043118    0.276231    9.229332 v fanout325/X (sky130_fd_sc_hd__buf_6)
                                                         net325 (net)
                      0.043282    0.000658    9.229990 v fanout324/A (sky130_fd_sc_hd__buf_8)
     5    0.029755    0.062484    0.220378    9.450369 v fanout324/X (sky130_fd_sc_hd__buf_8)
                                                         net324 (net)
                      0.062550    0.001807    9.452176 v _10364_/A1 (sky130_fd_sc_hd__a21o_1)
     1    0.011505    0.129394    0.350052    9.802228 v _10364_/X (sky130_fd_sc_hd__a21o_1)
                                                         _03450_ (net)
                      0.129399    0.000911    9.803139 v _10367_/C1 (sky130_fd_sc_hd__o211ai_4)
     2    0.017401    0.327013    0.176698    9.979836 ^ _10367_/Y (sky130_fd_sc_hd__o211ai_4)
                                                         _03453_ (net)
                      0.327015    0.001608    9.981444 ^ rebuffer306/A (sky130_fd_sc_hd__buf_6)
     2    0.019732    0.084165    0.293978   10.275423 ^ rebuffer306/X (sky130_fd_sc_hd__buf_6)
                                                         net580 (net)
                      0.084184    0.001234   10.276656 ^ _10588_/A1_N (sky130_fd_sc_hd__o2bb2ai_4)
     3    0.025154    0.324981    0.277827   10.554482 ^ _10588_/Y (sky130_fd_sc_hd__o2bb2ai_4)
                                                         _03674_ (net)
                      0.324984    0.001648   10.556131 ^ _10595_/A (sky130_fd_sc_hd__nand3_4)
     4    0.028368    0.243196    0.312264   10.868396 v _10595_/Y (sky130_fd_sc_hd__nand3_4)
                                                         _03681_ (net)
                      0.243200    0.001488   10.869884 v rebuffer329/A (sky130_fd_sc_hd__buf_6)
     1    0.008686    0.042510    0.289513   11.159396 v rebuffer329/X (sky130_fd_sc_hd__buf_6)
                                                         net1217 (net)
                      0.042510    0.000662   11.160058 v _10797_/A (sky130_fd_sc_hd__nand2_4)
     2    0.020142    0.144582    0.116700   11.276758 ^ _10797_/Y (sky130_fd_sc_hd__nand2_4)
                                                         _03883_ (net)
                      0.144599    0.001567   11.278325 ^ _10804_/A1 (sky130_fd_sc_hd__a21oi_4)
     1    0.009496    0.132512    0.134984   11.413310 v _10804_/Y (sky130_fd_sc_hd__a21oi_4)
                                                         _03890_ (net)
                      0.132513    0.000742   11.414051 v _10806_/B2 (sky130_fd_sc_hd__a22oi_4)
     3    0.021239    0.345101    0.376976   11.791027 ^ _10806_/Y (sky130_fd_sc_hd__a22oi_4)
                                                         _03892_ (net)
                      0.345103    0.001572   11.792600 ^ rebuffer326/A (sky130_fd_sc_hd__buf_6)
     1    0.011888    0.063236    0.281061   12.073661 ^ rebuffer326/X (sky130_fd_sc_hd__buf_6)
                                                         net1146 (net)
                      0.063236    0.001011   12.074672 ^ _11727_/A4 (sky130_fd_sc_hd__a41oi_4)
     1    0.009098    0.205115    0.269495   12.344166 v _11727_/Y (sky130_fd_sc_hd__a41oi_4)
                                                         _04813_ (net)
                      0.205115    0.000441   12.344606 v _11728_/B1 (sky130_fd_sc_hd__o21ai_4)
     2    0.012592    0.226623    0.174522   12.519128 ^ _11728_/Y (sky130_fd_sc_hd__o21ai_4)
                                                         _04814_ (net)
                      0.226624    0.000902   12.520031 ^ _12230_/B1 (sky130_fd_sc_hd__a21oi_4)
     1    0.022321    0.143030    0.146739   12.666769 v _12230_/Y (sky130_fd_sc_hd__a21oi_4)
                                                         _05316_ (net)
                      0.143065    0.001895   12.668665 v wire165/A (sky130_fd_sc_hd__buf_8)
     4    0.069056    0.103961    0.303827   12.972492 v wire165/X (sky130_fd_sc_hd__buf_8)
                                                         net165 (net)
                      0.106667    0.013029   12.985520 v _12238_/A1 (sky130_fd_sc_hd__o21bai_4)
     3    0.050207    0.555770    0.544336   13.529857 ^ _12238_/Y (sky130_fd_sc_hd__o21bai_4)
                                                         _05324_ (net)
                      0.555920    0.007460   13.537316 ^ _12353_/A (sky130_fd_sc_hd__nand3_4)
     2    0.021271    0.239386    0.360764   13.898081 v _12353_/Y (sky130_fd_sc_hd__nand3_4)
                                                         _05439_ (net)
                      0.239393    0.002393   13.900474 v _12403_/A1 (sky130_fd_sc_hd__a21oi_4)
     2    0.015372    0.242464    0.341681   14.242154 ^ _12403_/Y (sky130_fd_sc_hd__a21oi_4)
                                                         _05489_ (net)
                      0.242469    0.001130   14.243284 ^ _12425_/A2 (sky130_fd_sc_hd__o21bai_4)
     3    0.015721    0.133679    0.196554   14.439838 v _12425_/Y (sky130_fd_sc_hd__o21bai_4)
                                                         _05511_ (net)
                      0.133681    0.001060   14.440898 v _12428_/A1 (sky130_fd_sc_hd__a21oi_4)
     3    0.011217    0.214803    0.263622   14.704520 ^ _12428_/Y (sky130_fd_sc_hd__a21oi_4)
                                                         _05514_ (net)
                      0.214803    0.000684   14.705204 ^ _12437_/A2 (sky130_fd_sc_hd__o211ai_2)
     2    0.014322    0.251717    0.303321   15.008525 v _12437_/Y (sky130_fd_sc_hd__o211ai_2)
                                                         _05523_ (net)
                      0.251717    0.000959   15.009484 v fanout148/A (sky130_fd_sc_hd__buf_6)
     2    0.009728    0.043787    0.295143   15.304627 v fanout148/X (sky130_fd_sc_hd__buf_6)
                                                         net148 (net)
                      0.043963    0.000663   15.305290 v fanout147/A (sky130_fd_sc_hd__buf_8)
     5    0.045225    0.082521    0.237474   15.542764 v fanout147/X (sky130_fd_sc_hd__buf_8)
                                                         net147 (net)
                      0.082763    0.003194   15.545958 v fanout146/A (sky130_fd_sc_hd__buf_6)
     2    0.014451    0.049457    0.221982   15.767941 v fanout146/X (sky130_fd_sc_hd__buf_6)
                                                         net146 (net)
                      0.049503    0.000957   15.768898 v fanout142/A (sky130_fd_sc_hd__buf_8)
     3    0.024281    0.056222    0.216584   15.985482 v fanout142/X (sky130_fd_sc_hd__buf_8)
                                                         net142 (net)
                      0.056371    0.002453   15.987935 v _12456_/A (sky130_fd_sc_hd__nand3_4)
     2    0.012184    0.175868    0.100805   16.088739 ^ _12456_/Y (sky130_fd_sc_hd__nand3_4)
                                                         _05542_ (net)
                      0.175868    0.000538   16.089277 ^ _12457_/A (sky130_fd_sc_hd__nand2_4)
     4    0.024228    0.182361    0.177524   16.266802 v _12457_/Y (sky130_fd_sc_hd__nand2_4)
                                                         _05543_ (net)
                      0.182375    0.001558   16.268360 v _12466_/B (sky130_fd_sc_hd__nor3_4)
     2    0.012709    0.316002    0.401135   16.669495 ^ _12466_/Y (sky130_fd_sc_hd__nor3_4)
                                                         _05552_ (net)
                      0.316003    0.001039   16.670534 ^ max_cap118/A (sky130_fd_sc_hd__buf_6)
     4    0.020650    0.086559    0.292353   16.962887 ^ max_cap118/X (sky130_fd_sc_hd__buf_6)
                                                         net118 (net)
                      0.086589    0.001538   16.964424 ^ _12491_/B (sky130_fd_sc_hd__nand3_4)
     4    0.028654    0.229577    0.247947   17.212372 v _12491_/Y (sky130_fd_sc_hd__nand3_4)
                                                         _05577_ (net)
                      0.229640    0.003054   17.215425 v fanout115/A (sky130_fd_sc_hd__buf_8)
     5    0.032351    0.065912    0.312014   17.527439 v fanout115/X (sky130_fd_sc_hd__buf_8)
                                                         net115 (net)
                      0.066161    0.003178   17.530617 v _12526_/B (sky130_fd_sc_hd__nor2_8)
     2    0.043113    0.285716    0.268381   17.798998 ^ _12526_/Y (sky130_fd_sc_hd__nor2_8)
                                                         _05612_ (net)
                      0.285907    0.003807   17.802805 ^ fanout103/A (sky130_fd_sc_hd__buf_8)
     4    0.032782    0.102315    0.290486   18.093290 ^ fanout103/X (sky130_fd_sc_hd__buf_8)
                                                         net103 (net)
                      0.102322    0.000998   18.094290 ^ fanout102/A (sky130_fd_sc_hd__buf_8)
     5    0.036889    0.110517    0.222425   18.316713 ^ fanout102/X (sky130_fd_sc_hd__buf_8)
                                                         net102 (net)
                      0.110639    0.003277   18.319992 ^ _12620_/A (sky130_fd_sc_hd__nand4_4)
     3    0.026561    0.304954    0.282727   18.602718 v _12620_/Y (sky130_fd_sc_hd__nand4_4)
                                                         _05702_ (net)
                      0.304960    0.001913   18.604631 v _12623_/A1 (sky130_fd_sc_hd__o211ai_2)
     1    0.005161    0.216695    0.366301   18.970932 ^ _12623_/Y (sky130_fd_sc_hd__o211ai_2)
                                                         _05705_ (net)
                      0.216695    0.000250   18.971182 ^ _12625_/A (sky130_fd_sc_hd__nand2_2)
     2    0.005796    0.088932    0.152374   19.123556 v _12625_/Y (sky130_fd_sc_hd__nand2_2)
                                                         multiplier_inst.exp_final[5] (net)
                      0.088933    0.000380   19.123938 v _12715_/A (sky130_fd_sc_hd__nand3_1)
     1    0.003021    0.097568    0.113708   19.237644 ^ _12715_/Y (sky130_fd_sc_hd__nand3_1)
                                                         _05780_ (net)
                      0.097569    0.000208   19.237852 ^ _12717_/A (sky130_fd_sc_hd__nand2_1)
     1    0.004400    0.093864    0.125782   19.363634 v _12717_/Y (sky130_fd_sc_hd__nand2_1)
                                                         multiplier_inst.overflow_calc (net)
                      0.093864    0.000250   19.363886 v _14499_/D (sky130_fd_sc_hd__dfrtp_1)
                                             19.363886   data arrival time

                                  8.000000    8.000000   clock clk (rise edge)
                                  0.000000    8.000000   clock source latency
     1    0.056878    0.408433    0.287863    8.287863 ^ clk (in)
                                                         clk (net)
                      0.408576    0.000000    8.287863 ^ clkbuf_0_clk/A (sky130_fd_sc_hd__clkbuf_16)
     2    0.067177    0.133267    0.424150    8.712013 ^ clkbuf_0_clk/X (sky130_fd_sc_hd__clkbuf_16)
                                                         clknet_0_clk (net)
                      0.133475    0.004620    8.716634 ^ clkbuf_1_1__f_clk/A (sky130_fd_sc_hd__clkbuf_16)
    11    0.122808    0.209693    0.361699    9.078333 ^ clkbuf_1_1__f_clk/X (sky130_fd_sc_hd__clkbuf_16)
                                                         clknet_1_1__leaf_clk (net)
                      0.210922    0.012982    9.091314 ^ clkbuf_leaf_8_clk/A (sky130_fd_sc_hd__clkbuf_8)
    26    0.077301    0.220571    0.409128    9.500443 ^ clkbuf_leaf_8_clk/X (sky130_fd_sc_hd__clkbuf_8)
                                                         clknet_leaf_8_clk (net)
                      0.220634    0.003596    9.504039 ^ _14499_/CLK (sky130_fd_sc_hd__dfrtp_1)
                                 -0.250000    9.254039   clock uncertainty
                                  0.000000    9.254039   clock reconvergence pessimism
                                 -0.246346    9.007692   library setup time
                                              9.007692   data required time
---------------------------------------------------------------------------------------------
                                              9.007692   data required time
                                            -19.363886   data arrival time
---------------------------------------------------------------------------------------------
                                            -10.356193   slack (VIOLATED)




===========================================================================
 report_check_types -max_slew -max_cap -max_fanout -violators
============================================================================
======================= max_ss_100C_1v60 Corner ===================================

max slew

Pin                                        Limit        Slew       Slack
------------------------------------------------------------------------
_13134_/A2                              0.750000    1.835745   -1.085745 (VIOLATED)
_13133_/A2                              0.750000    1.835743   -1.085743 (VIOLATED)
_13131_/Y                               0.750000    1.835671   -1.085671 (VIOLATED)
fanout790/A                             0.750000    1.394761   -0.644761 (VIOLATED)
_12443_/Y                               0.750000    1.394737   -0.644737 (VIOLATED)
_12456_/C                               0.750000    1.254159   -0.504159 (VIOLATED)
_13822_/A2                              0.750000    1.254148   -0.504149 (VIOLATED)
_13859_/A1                              0.750000    1.254139   -0.504139 (VIOLATED)
_12455_/X                               0.750000    1.253897   -0.503897 (VIOLATED)
_13823_/A2                              0.750000    1.147066   -0.397067 (VIOLATED)
ANTENNA_94/DIODE                        0.750000    1.147063   -0.397063 (VIOLATED)
_13116_/A1                              0.750000    1.147028   -0.397028 (VIOLATED)
fanout1097/X                            0.750000    1.147017   -0.397017 (VIOLATED)
fanout1532/A                            0.750000    1.094787   -0.344787 (VIOLATED)
fanout1540/A                            0.750000    1.094735   -0.344735 (VIOLATED)
rebuffer47/X                            0.750000    1.094677   -0.344678 (VIOLATED)
fanout497/A                             0.750000    1.046445   -0.296445 (VIOLATED)
fanout487/A                             0.750000    1.046390   -0.296390 (VIOLATED)
fanout498/X                             0.750000    1.046314   -0.296314 (VIOLATED)
fanout2217/A                            0.750000    1.043443   -0.293444 (VIOLATED)
ANTENNA_60/DIODE                        0.750000    1.043443   -0.293443 (VIOLATED)
ANTENNA_106/DIODE                       0.750000    1.043427   -0.293427 (VIOLATED)
ANTENNA_61/DIODE                        0.750000    1.043426   -0.293426 (VIOLATED)
fanout2224/A                            0.750000    1.043424   -0.293424 (VIOLATED)
rebuffer34/X                            0.750000    1.043362   -0.293362 (VIOLATED)
fanout1782/A                            0.750000    1.033204   -0.283204 (VIOLATED)
fanout1772/A                            0.750000    1.031023   -0.281023 (VIOLATED)
_14418_/Q                               0.750000    1.030997   -0.280997 (VIOLATED)
_13528_/A2                              0.750000    1.020829   -0.270829 (VIOLATED)
_13602_/A2                              0.750000    1.020822   -0.270822 (VIOLATED)
_13600_/B1                              0.750000    1.020815   -0.270815 (VIOLATED)
_13524_/Y                               0.750000    1.020798   -0.270798 (VIOLATED)
fanout1757/A                            0.750000    0.968003   -0.218003 (VIOLATED)
fanout1743/A                            0.750000    0.967687   -0.217687 (VIOLATED)
_14419_/Q                               0.750000    0.967639   -0.217639 (VIOLATED)
fanout1154/A                            0.750000    0.951145   -0.201145 (VIOLATED)
ANTENNA_34/DIODE                        0.750000    0.951144   -0.201144 (VIOLATED)
fanout1159/A                            0.750000    0.950976   -0.200976 (VIOLATED)
fanout1160/X                            0.750000    0.950946   -0.200946 (VIOLATED)
_12496_/B                               0.750000    0.944076   -0.194076 (VIOLATED)
_12501_/C                               0.750000    0.944071   -0.194071 (VIOLATED)
_12495_/Y                               0.750000    0.944049   -0.194049 (VIOLATED)
fanout1667/A                            0.750000    0.926680   -0.176680 (VIOLATED)
ANTENNA_12/DIODE                        0.750000    0.926665   -0.176665 (VIOLATED)
fanout1650/A                            0.750000    0.925423   -0.175423 (VIOLATED)
_14422_/Q                               0.750000    0.925157   -0.175157 (VIOLATED)
_13207_/B1                              0.750000    0.914880   -0.164880 (VIOLATED)
fanout1984/A                            0.750000    0.914860   -0.164860 (VIOLATED)
fanout1983/A                            0.750000    0.914857   -0.164857 (VIOLATED)
fanout1985/X                            0.750000    0.914851   -0.164851 (VIOLATED)
_12427_/B1                              0.750000    0.910723   -0.160723 (VIOLATED)
_12534_/C                               0.750000    0.910721   -0.160721 (VIOLATED)
_12428_/A2                              0.750000    0.910721   -0.160721 (VIOLATED)
_12429_/A2                              0.750000    0.910719   -0.160719 (VIOLATED)
_12426_/Y                               0.750000    0.910715   -0.160715 (VIOLATED)
_13525_/A1                              0.750000    0.907501   -0.157501 (VIOLATED)
_13603_/A2                              0.750000    0.907501   -0.157501 (VIOLATED)
_13521_/Y                               0.750000    0.907492   -0.157492 (VIOLATED)
_10120_/B1                              0.750000    0.858265   -0.108265 (VIOLATED)
_10121_/C                               0.750000    0.858265   -0.108265 (VIOLATED)
_10369_/A1                              0.750000    0.858263   -0.108263 (VIOLATED)
_10152_/B                               0.750000    0.858259   -0.108259 (VIOLATED)
_09864_/Y                               0.750000    0.858258   -0.108258 (VIOLATED)
_10148_/A3                              0.750000    0.858258   -0.108258 (VIOLATED)
_12467_/C                               0.750000    0.841785   -0.091785 (VIOLATED)
_12463_/B1_N                            0.750000    0.841784   -0.091784 (VIOLATED)
_12462_/Y                               0.750000    0.841620   -0.091620 (VIOLATED)
fanout1104/A                            0.750000    0.836591   -0.086591 (VIOLATED)
fanout1107/A                            0.750000    0.835717   -0.085717 (VIOLATED)
fanout1108/X                            0.750000    0.835704   -0.085704 (VIOLATED)
fanout2000/A                            0.750000    0.817230   -0.067231 (VIOLATED)
rebuffer290/X                           0.750000    0.817181   -0.067181 (VIOLATED)
_13039_/A1                              0.750000    0.816593   -0.066593 (VIOLATED)
_13078_/A2                              0.750000    0.816592   -0.066592 (VIOLATED)
_13037_/B1                              0.750000    0.816589   -0.066589 (VIOLATED)
_13030_/Y                               0.750000    0.816582   -0.066582 (VIOLATED)
_13238_/A1                              0.750000    0.809271   -0.059271 (VIOLATED)
_13166_/B                               0.750000    0.809270   -0.059270 (VIOLATED)
_13217_/B                               0.750000    0.809268   -0.059268 (VIOLATED)
_13163_/Y                               0.750000    0.809264   -0.059264 (VIOLATED)
_12460_/A                               0.750000    0.809153   -0.059153 (VIOLATED)
_12464_/A1                              0.750000    0.809147   -0.059147 (VIOLATED)
_13860_/A1                              0.750000    0.809143   -0.059143 (VIOLATED)
_12459_/Y                               0.750000    0.809013   -0.059013 (VIOLATED)
_12610_/B1                              0.750000    0.804825   -0.054825 (VIOLATED)
_12609_/Y                               0.750000    0.804821   -0.054822 (VIOLATED)
_12616_/A                               0.750000    0.804821   -0.054822 (VIOLATED)
_11318_/A3                              0.750000    0.795831   -0.045831 (VIOLATED)
_11191_/A3                              0.750000    0.795828   -0.045829 (VIOLATED)
_11189_/A3                              0.750000    0.795828   -0.045828 (VIOLATED)
_10979_/A3                              0.750000    0.795811   -0.045811 (VIOLATED)
rebuffer227/X                           0.750000    0.795563   -0.045563 (VIOLATED)
_11794_/A2                              0.750000    0.793649   -0.043649 (VIOLATED)
_11793_/B1                              0.750000    0.793649   -0.043649 (VIOLATED)
_11792_/Y                               0.750000    0.793647   -0.043647 (VIOLATED)
_09252_/Y                               0.750000    0.790720   -0.040720 (VIOLATED)
_12247_/A2                              0.750000    0.790720   -0.040720 (VIOLATED)
fanout675/A                             0.750000    0.790720   -0.040720 (VIOLATED)
fanout2671/A                            0.750000    0.776476   -0.026476 (VIOLATED)
_13046_/C1                              0.750000    0.776466   -0.026466 (VIOLATED)
fanout2672/X                            0.750000    0.776454   -0.026454 (VIOLATED)
fanout2190/A                            0.750000    0.771538   -0.021539 (VIOLATED)
fanout2192/A                            0.750000    0.771534   -0.021534 (VIOLATED)
fanout2194/A                            0.750000    0.771526   -0.021526 (VIOLATED)
rebuffer84/X                            0.750000    0.771483   -0.021483 (VIOLATED)
fanout252/A                             0.750000    0.767213   -0.017213 (VIOLATED)
fanout258/A                             0.750000    0.767211   -0.017211 (VIOLATED)
fanout254/A                             0.750000    0.767210   -0.017211 (VIOLATED)
fanout259/X                             0.750000    0.767196   -0.017196 (VIOLATED)
_13368_/A1                              0.750000    0.766873   -0.016873 (VIOLATED)
_13677_/A1                              0.750000    0.766872   -0.016872 (VIOLATED)
fanout1691/A                            0.750000    0.766809   -0.016809 (VIOLATED)
ANTENNA_55/DIODE                        0.750000    0.766809   -0.016809 (VIOLATED)
_13191_/A0                              0.750000    0.766755   -0.016755 (VIOLATED)
fanout1692/X                            0.750000    0.766508   -0.016508 (VIOLATED)
_12473_/B                               0.750000    0.765749   -0.015749 (VIOLATED)
_13865_/A2                              0.750000    0.765744   -0.015744 (VIOLATED)
_13869_/A0                              0.750000    0.765743   -0.015743 (VIOLATED)
_12472_/X                               0.750000    0.765621   -0.015621 (VIOLATED)
_12508_/A                               0.750000    0.765538   -0.015538 (VIOLATED)
_12509_/A_N                             0.750000    0.765531   -0.015531 (VIOLATED)
_13897_/A2                              0.750000    0.765530   -0.015530 (VIOLATED)
_13892_/A2                              0.750000    0.765530   -0.015530 (VIOLATED)
_12507_/X                               0.750000    0.765513   -0.015513 (VIOLATED)
ANTENNA_3/DIODE                         0.750000    0.759363   -0.009363 (VIOLATED)
fanout730/A                             0.750000    0.759363   -0.009363 (VIOLATED)
fanout731/A                             0.750000    0.759316   -0.009316 (VIOLATED)
_13042_/Y                               0.750000    0.759304   -0.009304 (VIOLATED)
_13876_/B                               0.750000    0.755977   -0.005977 (VIOLATED)
_13871_/A2                              0.750000    0.755960   -0.005960 (VIOLATED)
_12487_/B                               0.750000    0.755562   -0.005562 (VIOLATED)
_12486_/Y                               0.750000    0.755406   -0.005406 (VIOLATED)
_13509_/A1                              0.750000    0.754237   -0.004237 (VIOLATED)
_13508_/A1                              0.750000    0.754235   -0.004235 (VIOLATED)
_12443_/A                               0.750000    0.754235   -0.004235 (VIOLATED)
_12444_/A                               0.750000    0.754233   -0.004233 (VIOLATED)
_12581_/A1                              0.750000    0.754228   -0.004228 (VIOLATED)
_07153_/Y                               0.750000    0.754222   -0.004222 (VIOLATED)
fanout1163/A                            0.750000    0.754092   -0.004092 (VIOLATED)
fanout1164/A                            0.750000    0.754062   -0.004062 (VIOLATED)
fanout1165/X                            0.750000    0.754056   -0.004056 (VIOLATED)

max fanout

Pin                                   Limit Fanout  Slack
---------------------------------------------------------
clkbuf_leaf_8_clk/X                       5     26    -21 (VIOLATED)
clkbuf_leaf_12_clk/X                      5     25    -20 (VIOLATED)
clkbuf_leaf_17_clk/X                      5     25    -20 (VIOLATED)
clkbuf_leaf_7_clk/X                       5     25    -20 (VIOLATED)
clkbuf_leaf_0_clk/X                       5     24    -19 (VIOLATED)
clkbuf_leaf_4_clk/X                       5     21    -16 (VIOLATED)
clkbuf_leaf_20_clk/X                      5     20    -15 (VIOLATED)
clkbuf_leaf_11_clk/X                      5     19    -14 (VIOLATED)
clkbuf_leaf_14_clk/X                      5     19    -14 (VIOLATED)
clkbuf_leaf_6_clk/X                       5     18    -13 (VIOLATED)
clkbuf_leaf_1_clk/X                       5     17    -12 (VIOLATED)
clkbuf_leaf_5_clk/X                       5     17    -12 (VIOLATED)
clkbuf_leaf_18_clk/X                      5     16    -11 (VIOLATED)
clkbuf_leaf_3_clk/X                       5     12     -7 (VIOLATED)
clkbuf_1_0__f_clk/X                       5     11     -6 (VIOLATED)
clkbuf_1_1__f_clk/X                       5     11     -6 (VIOLATED)
clkbuf_leaf_2_clk/X                       5     11     -6 (VIOLATED)
clkbuf_leaf_15_clk/X                      5     10     -5 (VIOLATED)
clkbuf_leaf_9_clk/X                       5      9     -4 (VIOLATED)
fanout923/X                               5      8     -3 (VIOLATED)
_08804_/Y                                 5      7     -2 (VIOLATED)
clkbuf_leaf_10_clk/X                      5      7     -2 (VIOLATED)
fanout1203/X                              5      7     -2 (VIOLATED)
fanout912/X                               5      7     -2 (VIOLATED)
_08138_/Y                                 5      6        (VIOLATED)
fanout1033/X                              5      6        (VIOLATED)
fanout1099/X                              5      6        (VIOLATED)
fanout1116/X                              5      6        (VIOLATED)
fanout1154/X                              5      6        (VIOLATED)
fanout1811/X                              5      6        (VIOLATED)
fanout1840/X                              5      6        (VIOLATED)
fanout2591/X                              5      6        (VIOLATED)
fanout790/X                               5      6        (VIOLATED)
fanout916/X                               5      6        (VIOLATED)

max capacitance

Pin                                        Limit         Cap       Slack
------------------------------------------------------------------------
_13131_/Y                               0.047617    0.059435   -0.011818 (VIOLATED)



===========================================================================
report_parasitic_annotation -report_unannotated
============================================================================
Found 20 unannotated drivers.
 clkload0/X
 clkload1/Y
 clkload10/X
 clkload11/Y
 clkload12/Y
 clkload13/Y
 clkload14/Y
 clkload15/Y
 clkload16/Y
 clkload17/X
 clkload18/Y
 clkload19/Y
 clkload2/Y
 clkload3/Y
 clkload4/Y
 clkload5/Y
 clkload6/Y
 clkload7/X
 clkload8/Y
 clkload9/Y
Found 0 partially unannotated drivers.

===========================================================================
max slew violation count 141
max fanout violation count 34
max cap violation count 1
============================================================================

===========================================================================
check_setup -verbose -unconstrained_endpoints -multiple_clock -no_clock -no_input_delay -loops -generated_clocks
===========================================================================
