Clock: clk
Sources: clk 
Generated: no
Virtual: yes
Propagated: no
Period: 8.000000

===========================================================================
report_clock_properties
============================================================================
Clock                   Period          Waveform
----------------------------------------------------
clk                   8.000000    0.000000  4.000000

===========================================================================
report_clock_latency
============================================================================
Clock clk
rise -> rise
    min     max
0.000000 0.000000 source latency
1.464278         network latency _14479_/CLK
        1.546120 network latency _14338_/CLK
---------------
1.464278 1.546120 latency
        0.081843 skew

fall -> fall
    min     max
0.000000 0.000000 source latency
1.272208         network latency _14479_/CLK
        1.334177 network latency _14338_/CLK
---------------
1.272208 1.334177 latency
        0.061969 skew



===========================================================================
report_clock_min_period
============================================================================
clk period_min = 18.36 fmax = 54.48
