Clock: clk
Sources: clk 
Generated: no
Virtual: yes
Propagated: no
Period: 15.000000

===========================================================================
report_clock_properties
============================================================================
Clock                   Period          Waveform
----------------------------------------------------
clk                  15.000000    0.000000  7.500000

===========================================================================
report_clock_latency
============================================================================
Clock clk
rise -> rise
    min     max
0.000000 0.000000 source latency
0.414029         network latency _9296_/CLK
        0.563042 network latency _9321_/CLK
---------------
0.414029 0.563042 latency
        0.149012 skew

fall -> fall
    min     max
0.000000 0.000000 source latency
0.337172         network latency _9296_/CLK
        0.476621 network latency _9321_/CLK
---------------
0.337172 0.476621 latency
        0.139448 skew



===========================================================================
report_clock_min_period
============================================================================
clk period_min = 6.64 fmax = 150.62
