Clock: clk
Sources: clk 
Generated: no
Virtual: no
Propagated: no
Period: 8.000000

===========================================================================
report_clock_properties
============================================================================
Clock                   Period          Waveform
----------------------------------------------------
clk                   8.000000    0.000000  4.000000

===========================================================================
report_clock_latency
============================================================================
Clock clk
rise -> rise
    min     max
0.000000 0.000000 source latency
1.433415         network latency _14283_/CLK
        1.433415 network latency _14283_/CLK
---------------
1.433415 1.433415 latency
        0.000000 skew

fall -> fall
    min     max
0.000000 0.000000 source latency
0.626397         network latency _14283_/CLK
        0.626397 network latency _14283_/CLK
---------------
0.626397 0.626397 latency
        0.000000 skew



===========================================================================
report_clock_min_period
============================================================================
clk period_min = 7.59 fmax = 131.69
