Net: adder_inst.man_a_r\[18\]
  Pin:   fanout192/A (sky130_fd_sc_hd__clkbuf_4)
    Layer: mcon
      Partial area ratio:    0.14
      Required ratio:    3.00 (Gate area) 
      Cumulative area ratio:    0.14
      Required ratio:    0.00 (Cumulative area) 

    Layer: met1
      Partial area ratio:    0.39
      Required ratio:    0.00 (Gate area) 
      Cumulative area ratio:    0.39
      Required ratio:    0.00 (Cumulative area) 
      Partial area ratio:    1.91
      Required ratio:  400.00 (Side area) 
      Cumulative area ratio:    1.91
      Required ratio:    0.00 (Cumulative side area) 

    Layer: via
      Partial area ratio:    0.11
      Required ratio:    6.00 (Gate area) 
      Cumulative area ratio:    0.24
      Required ratio:    0.00 (Cumulative area) 

    Layer: met2
      Partial area ratio:    0.66
      Required ratio:    0.00 (Gate area) 
      Cumulative area ratio:    1.05
      Required ratio:    0.00 (Cumulative area) 
      Partial area ratio:    2.61
      Required ratio:  400.00 (Side area) 
      Cumulative area ratio:    4.52
      Required ratio:    0.00 (Cumulative side area) 

    Layer: via2
      Partial area ratio:    0.19
      Required ratio:    6.00 (Gate area) 
      Cumulative area ratio:    0.43
      Required ratio:    0.00 (Cumulative area) 

    Layer: met3
      Partial area ratio:  137.22
      Required ratio:    0.00 (Gate area) 
      Cumulative area ratio:  138.27
      Required ratio:    0.00 (Cumulative area) 
      Partial area ratio:  732.79
      Required ratio:  400.00 (Side area) (VIOLATED)
      Cumulative area ratio:  737.30
      Required ratio:    0.00 (Cumulative side area) 

    Layer: via3
      Partial area ratio:    0.09
      Required ratio:    6.00 (Gate area) 
      Cumulative area ratio:    0.52
      Required ratio:    0.00 (Cumulative area) 

    Layer: met4
      Partial area ratio:   11.33
      Required ratio:    0.00 (Gate area) 
      Cumulative area ratio:  149.60
      Required ratio:    0.00 (Cumulative area) 
      Partial area ratio:   61.46
      Required ratio: 2956.40 (Side area) 
      Cumulative area ratio:  798.77
      Required ratio:    0.00 (Cumulative side area) 


  Pin:   fanout194/A (sky130_fd_sc_hd__buf_4)
    Layer: mcon
      Partial area ratio:    0.12
      Required ratio:    3.00 (Gate area) 
      Cumulative area ratio:    0.12
      Required ratio:    0.00 (Cumulative area) 

    Layer: met1
      Partial area ratio:    0.34
      Required ratio:    0.00 (Gate area) 
      Cumulative area ratio:    0.34
      Required ratio:    0.00 (Cumulative area) 
      Partial area ratio:    1.64
      Required ratio:  400.00 (Side area) 
      Cumulative area ratio:    1.64
      Required ratio:    0.00 (Cumulative side area) 

    Layer: via
      Partial area ratio:    0.09
      Required ratio:    6.00 (Gate area) 
      Cumulative area ratio:    0.21
      Required ratio:    0.00 (Cumulative area) 

    Layer: met2
      Partial area ratio:    4.48
      Required ratio:    0.00 (Gate area) 
      Cumulative area ratio:    4.82
      Required ratio:    0.00 (Cumulative area) 
      Partial area ratio:   21.25
      Required ratio:  400.00 (Side area) 
      Cumulative area ratio:   22.89
      Required ratio:    0.00 (Cumulative side area) 

    Layer: via2
      Partial area ratio:    0.16
      Required ratio:    6.00 (Gate area) 
      Cumulative area ratio:    0.37
      Required ratio:    0.00 (Cumulative area) 

    Layer: met3
      Partial area ratio:  137.22
      Required ratio:    0.00 (Gate area) 
      Cumulative area ratio:  142.04
      Required ratio:    0.00 (Cumulative area) 
      Partial area ratio:  732.79
      Required ratio:  400.00 (Side area) (VIOLATED)
      Cumulative area ratio:  755.68
      Required ratio:    0.00 (Cumulative side area) 

    Layer: via3
      Partial area ratio:    0.09
      Required ratio:    6.00 (Gate area) 
      Cumulative area ratio:    0.46
      Required ratio:    0.00 (Cumulative area) 

    Layer: met4
      Partial area ratio:   11.33
      Required ratio:    0.00 (Gate area) 
      Cumulative area ratio:  153.37
      Required ratio:    0.00 (Cumulative area) 
      Partial area ratio:   61.46
      Required ratio: 2956.40 (Side area) 
      Cumulative area ratio:  817.14
      Required ratio:    0.00 (Cumulative side area) 



Net: net217
  Pin:   _12784_/A2 (sky130_fd_sc_hd__a22o_1)
    Layer: mcon
      Partial area ratio:    0.12
      Required ratio:    3.00 (Gate area) 
      Cumulative area ratio:    0.12
      Required ratio:    0.00 (Cumulative area) 

    Layer: met1
      Partial area ratio:    0.90
      Required ratio:    0.00 (Gate area) 
      Cumulative area ratio:    0.90
      Required ratio:    0.00 (Cumulative area) 
      Partial area ratio:    4.20
      Required ratio:  400.00 (Side area) 
      Cumulative area ratio:    4.20
      Required ratio:    0.00 (Cumulative side area) 

    Layer: via
      Partial area ratio:    0.09
      Required ratio:    6.00 (Gate area) 
      Cumulative area ratio:    0.21
      Required ratio:    0.00 (Cumulative area) 

    Layer: met2
      Partial area ratio:   14.70
      Required ratio:    0.00 (Gate area) 
      Cumulative area ratio:   15.60
      Required ratio:    0.00 (Cumulative area) 
      Partial area ratio:   72.79
      Required ratio:  400.00 (Side area) 
      Cumulative area ratio:   76.99
      Required ratio:    0.00 (Cumulative side area) 

    Layer: via2
      Partial area ratio:    0.16
      Required ratio:    6.00 (Gate area) 
      Cumulative area ratio:    0.37
      Required ratio:    0.00 (Cumulative area) 

    Layer: met3
      Partial area ratio:  116.76
      Required ratio:    0.00 (Gate area) 
      Cumulative area ratio:  132.35
      Required ratio:    0.00 (Cumulative area) 
      Partial area ratio:  624.58
      Required ratio:  400.00 (Side area) (VIOLATED)
      Cumulative area ratio:  701.57
      Required ratio:    0.00 (Cumulative side area) 

    Layer: via3
      Partial area ratio:    0.16
      Required ratio:    6.00 (Gate area) 
      Cumulative area ratio:    0.53
      Required ratio:    0.00 (Cumulative area) 

    Layer: met4
      Partial area ratio:   32.77
      Required ratio:    0.00 (Gate area) 
      Cumulative area ratio:  165.12
      Required ratio:    0.00 (Cumulative area) 
      Partial area ratio:  175.65
      Required ratio: 2918.08 (Side area) 
      Cumulative area ratio:  877.22
      Required ratio:    0.00 (Cumulative side area) 


  Pin:   _14481_/A1 (sky130_fd_sc_hd__o21ai_1)
    Layer: li1
      Partial area ratio:    0.00
      Required ratio:    0.00 (Gate area) 
      Cumulative area ratio:    0.00
      Required ratio:    0.00 (Cumulative area) 
      Partial area ratio:    0.14
      Required ratio:   75.00 (Side area) 
      Cumulative area ratio:    0.14
      Required ratio:    0.00 (Cumulative side area) 

    Layer: mcon
      Partial area ratio:    0.12
      Required ratio:    3.00 (Gate area) 
      Cumulative area ratio:    0.12
      Required ratio:    0.00 (Cumulative area) 

    Layer: met1
      Partial area ratio:    1.21
      Required ratio:    0.00 (Gate area) 
      Cumulative area ratio:    1.22
      Required ratio:    0.00 (Cumulative area) 
      Partial area ratio:    5.76
      Required ratio:  400.00 (Side area) 
      Cumulative area ratio:    5.90
      Required ratio:    0.00 (Cumulative side area) 

    Layer: via
      Partial area ratio:    0.09
      Required ratio:    6.00 (Gate area) 
      Cumulative area ratio:    0.21
      Required ratio:    0.00 (Cumulative area) 

    Layer: met2
      Partial area ratio:    4.80
      Required ratio:    0.00 (Gate area) 
      Cumulative area ratio:    6.02
      Required ratio:    0.00 (Cumulative area) 
      Partial area ratio:   22.84
      Required ratio:  400.00 (Side area) 
      Cumulative area ratio:   28.74
      Required ratio:    0.00 (Cumulative side area) 

    Layer: via2
      Partial area ratio:    0.16
      Required ratio:    6.00 (Gate area) 
      Cumulative area ratio:    0.37
      Required ratio:    0.00 (Cumulative area) 

    Layer: met3
      Partial area ratio:   67.14
      Required ratio:    0.00 (Gate area) 
      Cumulative area ratio:   73.16
      Required ratio:    0.00 (Cumulative area) 
      Partial area ratio:  359.61
      Required ratio: 2918.08 (Side area) 
      Cumulative area ratio:  388.35
      Required ratio:    0.00 (Cumulative side area) 

    Layer: via3
      Partial area ratio:    0.14
      Required ratio:   34.63 (Gate area) 
      Cumulative area ratio:    0.51
      Required ratio:    0.00 (Cumulative area) 

    Layer: met4
      Partial area ratio:   32.77
      Required ratio:    0.00 (Gate area) 
      Cumulative area ratio:  105.92
      Required ratio:    0.00 (Cumulative area) 
      Partial area ratio:  175.65
      Required ratio: 2918.08 (Side area) 
      Cumulative area ratio:  564.00
      Required ratio:    0.00 (Cumulative side area) 


  Pin:   fanout214/A (sky130_fd_sc_hd__clkbuf_4)
    Layer: mcon
      Partial area ratio:    0.14
      Required ratio:    3.00 (Gate area) 
      Cumulative area ratio:    0.14
      Required ratio:    0.00 (Cumulative area) 

    Layer: met1
      Partial area ratio:    0.39
      Required ratio:    0.00 (Gate area) 
      Cumulative area ratio:    0.39
      Required ratio:    0.00 (Cumulative area) 
      Partial area ratio:    1.91
      Required ratio:  400.00 (Side area) 
      Cumulative area ratio:    1.91
      Required ratio:    0.00 (Cumulative side area) 

    Layer: via
      Partial area ratio:    0.11
      Required ratio:    6.00 (Gate area) 
      Cumulative area ratio:    0.24
      Required ratio:    0.00 (Cumulative area) 

    Layer: met2
      Partial area ratio:    0.99
      Required ratio:    0.00 (Gate area) 
      Cumulative area ratio:    1.38
      Required ratio:    0.00 (Cumulative area) 
      Partial area ratio:    4.12
      Required ratio:  400.00 (Side area) 
      Cumulative area ratio:    6.03
      Required ratio:    0.00 (Cumulative side area) 

    Layer: via2
      Partial area ratio:    0.19
      Required ratio:    6.00 (Gate area) 
      Cumulative area ratio:    0.43
      Required ratio:    0.00 (Cumulative area) 

    Layer: met3
      Partial area ratio:    1.55
      Required ratio:    0.00 (Gate area) 
      Cumulative area ratio:    2.93
      Required ratio:    0.00 (Cumulative area) 
      Partial area ratio:   10.48
      Required ratio:  400.00 (Side area) 
      Cumulative area ratio:   16.51
      Required ratio:    0.00 (Cumulative side area) 

    Layer: via3
      Partial area ratio:    0.19
      Required ratio:    6.00 (Gate area) 
      Cumulative area ratio:    0.62
      Required ratio:    0.00 (Cumulative area) 

    Layer: met4
      Partial area ratio:   32.77
      Required ratio:    0.00 (Gate area) 
      Cumulative area ratio:   35.70
      Required ratio:    0.00 (Cumulative area) 
      Partial area ratio:  175.65
      Required ratio: 2918.08 (Side area) 
      Cumulative area ratio:  192.16
      Required ratio:    0.00 (Cumulative side area) 


  Pin:   fanout215/A (sky130_fd_sc_hd__dlymetal6s2s_1)
    Layer: mcon
      Partial area ratio:    0.23
      Required ratio:    3.00 (Gate area) 
      Cumulative area ratio:    0.23
      Required ratio:    0.00 (Cumulative area) 

    Layer: met1
      Partial area ratio:    0.66
      Required ratio:    0.00 (Gate area) 
      Cumulative area ratio:    0.66
      Required ratio:    0.00 (Cumulative area) 
      Partial area ratio:    3.22
      Required ratio:  400.00 (Side area) 
      Cumulative area ratio:    3.22
      Required ratio:    0.00 (Cumulative side area) 

    Layer: via
      Partial area ratio:    0.18
      Required ratio:    6.00 (Gate area) 
      Cumulative area ratio:    0.41
      Required ratio:    0.00 (Cumulative area) 

    Layer: met2
      Partial area ratio:    3.10
      Required ratio:    0.00 (Gate area) 
      Cumulative area ratio:    3.76
      Required ratio:    0.00 (Cumulative area) 
      Partial area ratio:   13.44
      Required ratio: 2918.08 (Side area) 
      Cumulative area ratio:   16.67
      Required ratio:    0.00 (Cumulative side area) 

    Layer: via2
      Partial area ratio:    0.32
      Required ratio:   34.63 (Gate area) 
      Cumulative area ratio:    0.73
      Required ratio:    0.00 (Cumulative area) 

    Layer: met3
      Partial area ratio:   67.14
      Required ratio:    0.00 (Gate area) 
      Cumulative area ratio:   70.90
      Required ratio:    0.00 (Cumulative area) 
      Partial area ratio:  359.61
      Required ratio: 2918.08 (Side area) 
      Cumulative area ratio:  376.28
      Required ratio:    0.00 (Cumulative side area) 

    Layer: via3
      Partial area ratio:    0.14
      Required ratio:   34.63 (Gate area) 
      Cumulative area ratio:    0.86
      Required ratio:    0.00 (Cumulative area) 

    Layer: met4
      Partial area ratio:   32.77
      Required ratio:    0.00 (Gate area) 
      Cumulative area ratio:  103.66
      Required ratio:    0.00 (Cumulative area) 
      Partial area ratio:  175.65
      Required ratio: 2918.08 (Side area) 
      Cumulative area ratio:  551.93
      Required ratio:    0.00 (Cumulative side area) 


  Pin:   fanout216/A (sky130_fd_sc_hd__clkbuf_4)
    Layer: mcon
      Partial area ratio:    0.14
      Required ratio:    3.00 (Gate area) 
      Cumulative area ratio:    0.14
      Required ratio:    0.00 (Cumulative area) 

    Layer: met1
      Partial area ratio:    2.93
      Required ratio:    0.00 (Gate area) 
      Cumulative area ratio:    2.93
      Required ratio:    0.00 (Cumulative area) 
      Partial area ratio:   14.10
      Required ratio:  400.00 (Side area) 
      Cumulative area ratio:   14.10
      Required ratio:    0.00 (Cumulative side area) 

    Layer: via
      Partial area ratio:    0.21
      Required ratio:    6.00 (Gate area) 
      Cumulative area ratio:    0.35
      Required ratio:    0.00 (Cumulative area) 

    Layer: met2
      Partial area ratio:   45.05
      Required ratio:    0.00 (Gate area) 
      Cumulative area ratio:   47.98
      Required ratio:    0.00 (Cumulative area) 
      Partial area ratio:  223.64
      Required ratio:  400.00 (Side area) 
      Cumulative area ratio:  237.74
      Required ratio:    0.00 (Cumulative side area) 

    Layer: via2
      Partial area ratio:    0.38
      Required ratio:    6.00 (Gate area) 
      Cumulative area ratio:    0.72
      Required ratio:    0.00 (Cumulative area) 

    Layer: met3
      Partial area ratio:   67.14
      Required ratio:    0.00 (Gate area) 
      Cumulative area ratio:  115.12
      Required ratio:    0.00 (Cumulative area) 
      Partial area ratio:  359.61
      Required ratio: 2918.08 (Side area) 
      Cumulative area ratio:  597.35
      Required ratio:    0.00 (Cumulative side area) 

    Layer: via3
      Partial area ratio:    0.14
      Required ratio:   34.63 (Gate area) 
      Cumulative area ratio:    0.86
      Required ratio:    0.00 (Cumulative area) 

    Layer: met4
      Partial area ratio:   32.77
      Required ratio:    0.00 (Gate area) 
      Cumulative area ratio:  147.88
      Required ratio:    0.00 (Cumulative area) 
      Partial area ratio:  175.65
      Required ratio: 2918.08 (Side area) 
      Cumulative area ratio:  773.00
      Required ratio:    0.00 (Cumulative side area) 



[INFO ANT-0002] Found 2 net violations.
[INFO ANT-0001] Found 3 pin violations.
