Reading OpenROAD database at '/mnt/c/Data/IEEE/32Bit-ALU/pd/runs/RUN_2026-01-21_11-02-27/38-openroad-globalrouting/ALU.odb'…
Reading library file at '/home/diddy/.ciel/ciel/sky130/versions/0fe599b2afb6708d281543108caf8310912f54af/sky130A/libs.ref/sky130_fd_sc_hd/lib/sky130_fd_sc_hd__tt_025C_1v80.lib'…
Reading design constraints file at '/nix/store/ifgrnqkf6pcsk2qzdn5bai2rvd4skbbc-python3-3.11.9-env/lib/python3.11/site-packages/librelane/scripts/base.sdc'…
[INFO] Using clock clk…
[INFO] Setting output delay to: 1.6
[INFO] Setting input delay to: 1.6
[INFO] Setting load to: 0.033442
[INFO] Setting clock uncertainty to: 0.25
[INFO] Setting clock transition to: 0.1499999999999999944488848768742172978818416595458984375
[INFO] Setting timing derate to: 5%
[INFO] Setting signal min routing layer to: met1 and clock min routing layer to met1. 
[INFO] Setting signal max routing layer to: met5 and clock max routing layer to met5. 
-congestion_iterations 50 -verbose
[INFO GRT-0020] Min routing layer: met1
[INFO GRT-0021] Max routing layer: met5
[INFO GRT-0022] Global adjustment: 30%
[INFO GRT-0023] Grid origin: (0, 0)
[INFO GRT-0043] No OR_DEFAULT vias defined.
[INFO GRT-0088] Layer li1     Track-Pitch = 0.4600  line-2-Via Pitch: 0.3400
[INFO GRT-0088] Layer met1    Track-Pitch = 0.3400  line-2-Via Pitch: 0.3400
[INFO GRT-0088] Layer met2    Track-Pitch = 0.4600  line-2-Via Pitch: 0.3500
[INFO GRT-0088] Layer met3    Track-Pitch = 0.6800  line-2-Via Pitch: 0.6150
[INFO GRT-0088] Layer met4    Track-Pitch = 0.9200  line-2-Via Pitch: 1.0400
[INFO GRT-0088] Layer met5    Track-Pitch = 3.4000  line-2-Via Pitch: 3.1100
[INFO GRT-0019] Found 25 clock nets.
[INFO GRT-0001] Minimum degree: 2
[INFO GRT-0002] Maximum degree: 27
[INFO GRT-0003] Macros: 0
[INFO GRT-0043] No OR_DEFAULT vias defined.
[INFO GRT-0004] Blockages: 5171

[INFO GRT-0053] Routing resources analysis:
          Routing      Original      Derated      Resource
Layer     Direction    Resources     Resources    Reduction (%)
---------------------------------------------------------------
li1        Vertical            0             0          0.00%
met1       Horizontal      69464         33769          51.39%
met2       Vertical        51581         33738          34.59%
met3       Horizontal      34732         23807          31.46%
met4       Vertical        20715         12956          37.46%
met5       Horizontal       6900          3249          52.91%
---------------------------------------------------------------

[INFO GRT-0101] Running extra iterations to remove overflow.
[INFO GRT-0197] Via related to pin nodes: 63507
[INFO GRT-0198] Via related Steiner nodes: 1062
[INFO GRT-0199] Via filling finished.
[INFO GRT-0111] Final number of vias: 80687
[INFO GRT-0112] Final usage 3D: 288610

[INFO GRT-0096] Final congestion report:
Layer         Resource        Demand        Usage (%)    Max H / Max V / Total Overflow
---------------------------------------------------------------------------------------
li1                  0             0            0.00%             0 /  0 /  0
met1             33769         17883           52.96%             0 /  0 /  0
met2             33738         18246           54.08%             0 /  0 /  0
met3             23807          6157           25.86%             0 /  0 /  0
met4             12956          4108           31.71%             0 /  0 /  0
met5              3249           155            4.77%             0 /  0 /  0
---------------------------------------------------------------------------------------
Total           107519         46549           43.29%             0 /  0 /  0

[INFO GRT-0018] Total wirelength: 504079 um
[INFO GRT-0014] Routed nets: 10920
[INFO GRT-0006] Repairing antennas, iteration 1.
[INFO GRT-0043] No OR_DEFAULT vias defined.
[INFO GRT-0012] Found 74 antenna violations.
[INFO GRT-0015] Inserted 82 diodes.
[INFO GRT-0009] rerouting 3694 nets.
[INFO GRT-0001] Minimum degree: 2
[INFO GRT-0002] Maximum degree: 27
[INFO GRT-0006] Repairing antennas, iteration 2.
[INFO GRT-0043] No OR_DEFAULT vias defined.
[INFO GRT-0012] Found 31 antenna violations.
[INFO GRT-0015] Inserted 34 diodes.
[INFO GRT-0009] rerouting 150 nets.
[INFO GRT-0001] Minimum degree: 2
[INFO GRT-0002] Maximum degree: 9
[INFO GRT-0006] Repairing antennas, iteration 3.
[INFO GRT-0043] No OR_DEFAULT vias defined.
[INFO GRT-0012] Found 1 antenna violations.
[INFO GRT-0015] Inserted 2 diodes.
[INFO GRT-0009] rerouting 10 nets.
[INFO GRT-0001] Minimum degree: 2
[INFO GRT-0002] Maximum degree: 6
Placement Analysis
---------------------------------
total displacement          0.0 u
average displacement        0.0 u
max displacement            0.0 u
original HPWL          313205.8 u
legalized HPWL         313205.8 u
delta HPWL                    0 %

[INFO DPL-0020] Mirrored 5438 instances
[INFO DPL-0021] HPWL before          313205.8 u
[INFO DPL-0022] HPWL after           304487.2 u
[INFO DPL-0023] HPWL delta               -2.8 %
-congestion_iterations 50 -verbose
[INFO GRT-0020] Min routing layer: met1
[INFO GRT-0021] Max routing layer: met5
[INFO GRT-0022] Global adjustment: 30%
[INFO GRT-0023] Grid origin: (0, 0)
[INFO GRT-0043] No OR_DEFAULT vias defined.
[INFO GRT-0088] Layer li1     Track-Pitch = 0.4600  line-2-Via Pitch: 0.3400
[INFO GRT-0088] Layer met1    Track-Pitch = 0.3400  line-2-Via Pitch: 0.3400
[INFO GRT-0088] Layer met2    Track-Pitch = 0.4600  line-2-Via Pitch: 0.3500
[INFO GRT-0088] Layer met3    Track-Pitch = 0.6800  line-2-Via Pitch: 0.6150
[INFO GRT-0088] Layer met4    Track-Pitch = 0.9200  line-2-Via Pitch: 1.0400
[INFO GRT-0088] Layer met5    Track-Pitch = 3.4000  line-2-Via Pitch: 3.1100
[INFO GRT-0019] Found 25 clock nets.
[INFO GRT-0001] Minimum degree: 2
[INFO GRT-0002] Maximum degree: 27
[INFO GRT-0003] Macros: 0
[INFO GRT-0043] No OR_DEFAULT vias defined.
[INFO GRT-0004] Blockages: 5171

[INFO GRT-0053] Routing resources analysis:
          Routing      Original      Derated      Resource
Layer     Direction    Resources     Resources    Reduction (%)
---------------------------------------------------------------
li1        Vertical            0             0          0.00%
met1       Horizontal      69464         33768          51.39%
met2       Vertical        51581         33738          34.59%
met3       Horizontal      34732         23807          31.46%
met4       Vertical        20715         12956          37.46%
met5       Horizontal       6900          3249          52.91%
---------------------------------------------------------------

[INFO GRT-0101] Running extra iterations to remove overflow.
[INFO GRT-0197] Via related to pin nodes: 63651
[INFO GRT-0198] Via related Steiner nodes: 1036
[INFO GRT-0199] Via filling finished.
[INFO GRT-0111] Final number of vias: 80812
[INFO GRT-0112] Final usage 3D: 289316

[INFO GRT-0096] Final congestion report:
Layer         Resource        Demand        Usage (%)    Max H / Max V / Total Overflow
---------------------------------------------------------------------------------------
li1                  0             0            0.00%             0 /  0 /  0
met1             33768         17993           53.28%             0 /  0 /  0
met2             33738         18351           54.39%             0 /  0 /  0
met3             23807          6364           26.73%             0 /  0 /  0
met4             12956          4060           31.34%             0 /  0 /  0
met5              3249           112            3.45%             0 /  0 /  0
---------------------------------------------------------------------------------------
Total           107518         46880           43.60%             0 /  0 /  0

[INFO GRT-0018] Total wirelength: 507239 um
[INFO GRT-0014] Routed nets: 10920
[INFO] Setting RC values…
Setting global connections for newly added cells…
[INFO] Setting global connections...
Updating metrics…
Cell type report:                       Count       Area
  Fill cell                               286    1073.53
  Tap cell                               2175    2721.36
  Antenna cell                            118     295.28
  Clock buffer                             28     406.64
  Timing Repair Buffer                   3335   21654.52
  Inverter                                448    1699.13
  Clock inverter                           16     255.24
  Sequential cell                         314    7871.30
  Multi-Input combinational cell         6731   62004.47
  Total                                 13451   97981.47
Writing OpenROAD database to '/mnt/c/Data/IEEE/32Bit-ALU/pd/runs/RUN_2026-01-21_11-02-27/41-openroad-repairantennas/1-diodeinsertion/ALU.odb'…
Writing layout to '/mnt/c/Data/IEEE/32Bit-ALU/pd/runs/RUN_2026-01-21_11-02-27/41-openroad-repairantennas/1-diodeinsertion/ALU.def'…
