
===========================================================================
report_checks -unconstrained
===========================================================================
======================= min_ss_100C_1v60 Corner ===================================

Startpoint: rst (input port clocked by clk)
Endpoint: _14488_ (recovery check against rising-edge clock clk)
Path Group: asynchronous
Path Type: max

Fanout         Cap        Slew       Delay        Time   Description
---------------------------------------------------------------------------------------------
                                  0.000000    0.000000   clock clk (rise edge)
                                  0.000000    0.000000   clock network delay (propagated)
                                  1.600000    1.600000 v input external delay
     1    0.002588    0.017659    0.008547    1.608547 v rst (in)
                                                         rst (net)
                      0.017659    0.000000    1.608547 v input67/A (sky130_fd_sc_hd__buf_1)
     1    0.008825    0.112475    0.188335    1.796882 v input67/X (sky130_fd_sc_hd__buf_1)
                                                         net67 (net)
                      0.112475    0.000291    1.797173 v fanout2918/A (sky130_fd_sc_hd__clkbuf_2)
     2    0.035915    0.252359    0.362927    2.160101 v fanout2918/X (sky130_fd_sc_hd__clkbuf_2)
                                                         net2918 (net)
                      0.252359    0.000278    2.160379 v fanout2849/A (sky130_fd_sc_hd__dlymetal6s2s_1)
     2    0.019445    0.205662    0.486658    2.647037 v fanout2849/X (sky130_fd_sc_hd__dlymetal6s2s_1)
                                                         net2849 (net)
                      0.205664    0.001107    2.648144 v fanout2848/A (sky130_fd_sc_hd__buf_1)
     2    0.028157    0.320647    0.430751    3.078895 v fanout2848/X (sky130_fd_sc_hd__buf_1)
                                                         net2848 (net)
                      0.320647    0.000407    3.079302 v fanout2847/A (sky130_fd_sc_hd__buf_1)
     2    0.018259    0.213995    0.396348    3.475650 v fanout2847/X (sky130_fd_sc_hd__buf_1)
                                                         net2847 (net)
                      0.213995    0.000209    3.475858 v fanout2846/A (sky130_fd_sc_hd__dlymetal6s2s_1)
     2    0.013701    0.157946    0.430437    3.906296 v fanout2846/X (sky130_fd_sc_hd__dlymetal6s2s_1)
                                                         net2846 (net)
                      0.157946    0.000146    3.906441 v fanout2845/A (sky130_fd_sc_hd__clkbuf_1)
     2    0.008501    0.109134    0.250842    4.157284 v fanout2845/X (sky130_fd_sc_hd__clkbuf_1)
                                                         net2845 (net)
                      0.109134    0.000081    4.157365 v fanout2839/A (sky130_fd_sc_hd__clkbuf_1)
     3    0.014488    0.171993    0.275973    4.433337 v fanout2839/X (sky130_fd_sc_hd__clkbuf_1)
                                                         net2839 (net)
                      0.171993    0.000152    4.433490 v fanout2838/A (sky130_fd_sc_hd__dlymetal6s2s_1)
     4    0.017003    0.185149    0.431493    4.864983 v fanout2838/X (sky130_fd_sc_hd__dlymetal6s2s_1)
                                                         net2838 (net)
                      0.185149    0.000311    4.865294 v fanout2837/A (sky130_fd_sc_hd__clkbuf_2)
     5    0.028404    0.202523    0.363070    5.228363 v fanout2837/X (sky130_fd_sc_hd__clkbuf_2)
                                                         net2837 (net)
                      0.202523    0.000257    5.228621 v _14174_/A (sky130_fd_sc_hd__inv_2)
     1    0.005464    0.077452    0.136181    5.364801 ^ _14174_/Y (sky130_fd_sc_hd__inv_2)
                                                         _00310_ (net)
                      0.077452    0.000089    5.364890 ^ _14488_/RESET_B (sky130_fd_sc_hd__dfrtp_2)
                                              5.364890   data arrival time

                                  8.000000    8.000000   clock clk (rise edge)
                                  0.000000    8.000000   clock source latency
     1    0.047910    0.345289    0.241295    8.241295 ^ clk (in)
                                                         clk (net)
                      0.345317    0.000000    8.241295 ^ clkbuf_0_clk/A (sky130_fd_sc_hd__clkbuf_16)
     2    0.057533    0.119054    0.389780    8.631075 ^ clkbuf_0_clk/X (sky130_fd_sc_hd__clkbuf_16)
                                                         clknet_0_clk (net)
                      0.119065    0.001190    8.632265 ^ clkbuf_1_0__f_clk/A (sky130_fd_sc_hd__clkbuf_16)
    11    0.127518    0.215296    0.367212    8.999477 ^ clkbuf_1_0__f_clk/X (sky130_fd_sc_hd__clkbuf_16)
                                                         clknet_1_0__leaf_clk (net)
                      0.215324    0.002526    9.002003 ^ clkbuf_leaf_11_clk/A (sky130_fd_sc_hd__clkbuf_8)
    19    0.065915    0.192900    0.392582    9.394585 ^ clkbuf_leaf_11_clk/X (sky130_fd_sc_hd__clkbuf_8)
                                                         clknet_leaf_11_clk (net)
                      0.192900    0.000774    9.395359 ^ _14488_/CLK (sky130_fd_sc_hd__dfrtp_2)
                                 -0.250000    9.145359   clock uncertainty
                                  0.000000    9.145359   clock reconvergence pessimism
                                  0.482456    9.627815   library recovery time
                                              9.627815   data required time
---------------------------------------------------------------------------------------------
                                              9.627815   data required time
                                             -5.364890   data arrival time
---------------------------------------------------------------------------------------------
                                              4.262925   slack (MET)


Startpoint: _14415_ (rising edge-triggered flip-flop clocked by clk)
Endpoint: _14499_ (rising edge-triggered flip-flop clocked by clk)
Path Group: clk
Path Type: max

Fanout         Cap        Slew       Delay        Time   Description
---------------------------------------------------------------------------------------------
                                  0.000000    0.000000   clock clk (rise edge)
                                  0.000000    0.000000   clock source latency
     1    0.047910    0.345289    0.241295    0.241295 ^ clk (in)
                                                         clk (net)
                      0.345317    0.000000    0.241295 ^ clkbuf_0_clk/A (sky130_fd_sc_hd__clkbuf_16)
     2    0.057533    0.119054    0.389780    0.631075 ^ clkbuf_0_clk/X (sky130_fd_sc_hd__clkbuf_16)
                                                         clknet_0_clk (net)
                      0.119065    0.001189    0.632265 ^ clkbuf_1_0__f_clk/A (sky130_fd_sc_hd__clkbuf_16)
    11    0.127518    0.215296    0.367213    0.999477 ^ clkbuf_1_0__f_clk/X (sky130_fd_sc_hd__clkbuf_16)
                                                         clknet_1_0__leaf_clk (net)
                      0.215346    0.003198    1.002675 ^ clkbuf_leaf_17_clk/A (sky130_fd_sc_hd__clkbuf_8)
    25    0.068256    0.198683    0.396762    1.399438 ^ clkbuf_leaf_17_clk/X (sky130_fd_sc_hd__clkbuf_8)
                                                         clknet_leaf_17_clk (net)
                      0.198683    0.000530    1.399967 ^ _14415_/CLK (sky130_fd_sc_hd__dfrtp_1)
     2    0.034600    0.343364    1.043513    2.443480 v _14415_/Q (sky130_fd_sc_hd__dfrtp_1)
                                                         adder_inst.man_b_r[5] (net)
                      0.343364    0.000612    2.444092 v fanout1863/A (sky130_fd_sc_hd__buf_4)
     5    0.059258    0.152868    0.475391    2.919483 v fanout1863/X (sky130_fd_sc_hd__buf_4)
                                                         net1863 (net)
                      0.152962    0.003490    2.922973 v _07125_/A (sky130_fd_sc_hd__inv_2)
     1    0.024885    0.188429    0.216560    3.139533 ^ _07125_/Y (sky130_fd_sc_hd__inv_2)
                                                         _06897_ (net)
                      0.188454    0.001789    3.141322 ^ fanout1160/A (sky130_fd_sc_hd__clkbuf_2)
     3    0.095384    0.790212    0.753551    3.894872 ^ fanout1160/X (sky130_fd_sc_hd__clkbuf_2)
                                                         net1160 (net)
                      0.790234    0.003539    3.898412 ^ fanout1154/A (sky130_fd_sc_hd__buf_2)
     6    0.055171    0.428870    0.723896    4.622308 ^ fanout1154/X (sky130_fd_sc_hd__buf_2)
                                                         net1154 (net)
                      0.428888    0.003223    4.625531 ^ fanout1153/A (sky130_fd_sc_hd__clkbuf_2)
     5    0.045952    0.389957    0.568278    5.193809 ^ fanout1153/X (sky130_fd_sc_hd__clkbuf_2)
                                                         net1153 (net)
                      0.389959    0.001755    5.195565 ^ fanout1151/A (sky130_fd_sc_hd__clkbuf_2)
     5    0.031211    0.271095    0.469824    5.665388 ^ fanout1151/X (sky130_fd_sc_hd__clkbuf_2)
                                                         net1151 (net)
                      0.271095    0.000449    5.665837 ^ _09739_/A2 (sky130_fd_sc_hd__o211ai_1)
     2    0.012013    0.346258    0.392253    6.058090 v _09739_/Y (sky130_fd_sc_hd__o211ai_1)
                                                         _02825_ (net)
                      0.346258    0.000170    6.058260 v _09740_/B (sky130_fd_sc_hd__nand2_1)
     1    0.009229    0.182225    0.288635    6.346895 ^ _09740_/Y (sky130_fd_sc_hd__nand2_1)
                                                         _02826_ (net)
                      0.182225    0.000333    6.347228 ^ _09980_/B1 (sky130_fd_sc_hd__a21o_1)
     2    0.021344    0.298396    0.358295    6.705523 ^ _09980_/X (sky130_fd_sc_hd__a21o_1)
                                                         _03066_ (net)
                      0.298396    0.000394    6.705917 ^ _09981_/B1 (sky130_fd_sc_hd__o21ai_4)
     3    0.030362    0.176666    0.266126    6.972043 v _09981_/Y (sky130_fd_sc_hd__o21ai_4)
                                                         _03067_ (net)
                      0.176677    0.001614    6.973657 v _10005_/B2 (sky130_fd_sc_hd__o2bb2ai_4)
     1    0.010911    0.198532    0.263816    7.237473 ^ _10005_/Y (sky130_fd_sc_hd__o2bb2ai_4)
                                                         _03091_ (net)
                      0.198532    0.000182    7.237655 ^ _10011_/A (sky130_fd_sc_hd__nand3_4)
     2    0.010390    0.127040    0.180372    7.418027 v _10011_/Y (sky130_fd_sc_hd__nand3_4)
                                                         _03097_ (net)
                      0.127040    0.000113    7.418139 v fanout393/A (sky130_fd_sc_hd__buf_6)
     2    0.016724    0.052575    0.247529    7.665668 v fanout393/X (sky130_fd_sc_hd__buf_6)
                                                         net393 (net)
                      0.052576    0.000356    7.666025 v _10054_/A1 (sky130_fd_sc_hd__a21boi_4)
     1    0.010372    0.199746    0.235688    7.901712 ^ _10054_/Y (sky130_fd_sc_hd__a21boi_4)
                                                         _03140_ (net)
                      0.199746    0.000124    7.901837 ^ _10062_/C (sky130_fd_sc_hd__nand3_4)
     3    0.021926    0.200154    0.264506    8.166343 v _10062_/Y (sky130_fd_sc_hd__nand3_4)
                                                         _03148_ (net)
                      0.200154    0.000637    8.166980 v fanout325/A (sky130_fd_sc_hd__buf_6)
     2    0.009332    0.042895    0.270541    8.437520 v fanout325/X (sky130_fd_sc_hd__buf_6)
                                                         net325 (net)
                      0.042895    0.000107    8.437628 v fanout324/A (sky130_fd_sc_hd__buf_8)
     5    0.028288    0.060577    0.219168    8.656796 v fanout324/X (sky130_fd_sc_hd__buf_8)
                                                         net324 (net)
                      0.060579    0.000410    8.657206 v _10364_/A1 (sky130_fd_sc_hd__a21o_1)
     1    0.010895    0.123987    0.345008    9.002213 v _10364_/X (sky130_fd_sc_hd__a21o_1)
                                                         _03450_ (net)
                      0.123987    0.000192    9.002405 v _10367_/C1 (sky130_fd_sc_hd__o211ai_4)
     2    0.015664    0.310411    0.167693    9.170098 ^ _10367_/Y (sky130_fd_sc_hd__o211ai_4)
                                                         _03453_ (net)
                      0.310411    0.000553    9.170651 ^ rebuffer306/A (sky130_fd_sc_hd__buf_6)
     2    0.019440    0.083047    0.288095    9.458746 ^ rebuffer306/X (sky130_fd_sc_hd__buf_6)
                                                         net580 (net)
                      0.083047    0.000192    9.458938 ^ _10588_/A1_N (sky130_fd_sc_hd__o2bb2ai_4)
     3    0.024046    0.314371    0.274164    9.733102 ^ _10588_/Y (sky130_fd_sc_hd__o2bb2ai_4)
                                                         _03674_ (net)
                      0.314371    0.000326    9.733428 ^ _10595_/A (sky130_fd_sc_hd__nand3_4)
     4    0.027100    0.234089    0.302647   10.036075 v _10595_/Y (sky130_fd_sc_hd__nand3_4)
                                                         _03681_ (net)
                      0.234089    0.000487   10.036561 v rebuffer329/A (sky130_fd_sc_hd__buf_6)
     1    0.008603    0.042180    0.285420   10.321980 v rebuffer329/X (sky130_fd_sc_hd__buf_6)
                                                         net1217 (net)
                      0.042180    0.000075   10.322057 v _10797_/A (sky130_fd_sc_hd__nand2_4)
     2    0.018367    0.136321    0.111472   10.433528 ^ _10797_/Y (sky130_fd_sc_hd__nand2_4)
                                                         _03883_ (net)
                      0.136321    0.000330   10.433858 ^ _10804_/A1 (sky130_fd_sc_hd__a21oi_4)
     1    0.009171    0.129183    0.130770   10.564628 v _10804_/Y (sky130_fd_sc_hd__a21oi_4)
                                                         _03890_ (net)
                      0.129183    0.000115   10.564742 v _10806_/B2 (sky130_fd_sc_hd__a22oi_4)
     3    0.020036    0.334134    0.367026   10.931767 ^ _10806_/Y (sky130_fd_sc_hd__a22oi_4)
                                                         _03892_ (net)
                      0.334134    0.000466   10.932234 ^ rebuffer326/A (sky130_fd_sc_hd__buf_6)
     1    0.011367    0.061744    0.276332   11.208566 ^ rebuffer326/X (sky130_fd_sc_hd__buf_6)
                                                         net1146 (net)
                      0.061744    0.000218   11.208784 ^ _11727_/A4 (sky130_fd_sc_hd__a41oi_4)
     1    0.009022    0.203114    0.268527   11.477311 v _11727_/Y (sky130_fd_sc_hd__a41oi_4)
                                                         _04813_ (net)
                      0.203114    0.000057   11.477367 v _11728_/B1 (sky130_fd_sc_hd__o21ai_4)
     2    0.012333    0.224243    0.172824   11.650192 ^ _11728_/Y (sky130_fd_sc_hd__o21ai_4)
                                                         _04814_ (net)
                      0.224243    0.000132   11.650325 ^ _12230_/B1 (sky130_fd_sc_hd__a21oi_4)
     1    0.020549    0.138550    0.143384   11.793709 v _12230_/Y (sky130_fd_sc_hd__a21oi_4)
                                                         _05316_ (net)
                      0.138551    0.000332   11.794041 v wire165/A (sky130_fd_sc_hd__buf_8)
     4    0.063116    0.096843    0.300809   12.094850 v wire165/X (sky130_fd_sc_hd__buf_8)
                                                         net165 (net)
                      0.097090    0.004200   12.099051 v _12238_/A1 (sky130_fd_sc_hd__o21bai_4)
     3    0.045448    0.511473    0.509381   12.608431 ^ _12238_/Y (sky130_fd_sc_hd__o21bai_4)
                                                         _05324_ (net)
                      0.511489    0.002329   12.610760 ^ _12353_/A (sky130_fd_sc_hd__nand3_4)
     2    0.019526    0.222440    0.335914   12.946673 v _12353_/Y (sky130_fd_sc_hd__nand3_4)
                                                         _05439_ (net)
                      0.222444    0.000709   12.947382 v _12403_/A1 (sky130_fd_sc_hd__a21oi_4)
     2    0.014607    0.235145    0.329250   13.276631 ^ _12403_/Y (sky130_fd_sc_hd__a21oi_4)
                                                         _05489_ (net)
                      0.235145    0.000230   13.276862 ^ _12425_/A2 (sky130_fd_sc_hd__o21bai_4)
     3    0.014844    0.128985    0.191642   13.468504 v _12425_/Y (sky130_fd_sc_hd__o21bai_4)
                                                         _05511_ (net)
                      0.128985    0.000203   13.468707 v _12428_/A1 (sky130_fd_sc_hd__a21oi_4)
     3    0.010718    0.209815    0.257841   13.726548 ^ _12428_/Y (sky130_fd_sc_hd__a21oi_4)
                                                         _05514_ (net)
                      0.209815    0.000105   13.726653 ^ _12437_/A2 (sky130_fd_sc_hd__o211ai_2)
     2    0.012826    0.233904    0.288300   14.014954 v _12437_/Y (sky130_fd_sc_hd__o211ai_2)
                                                         _05523_ (net)
                      0.233904    0.000225   14.015178 v fanout148/A (sky130_fd_sc_hd__buf_6)
     2    0.009354    0.043111    0.286616   14.301794 v fanout148/X (sky130_fd_sc_hd__buf_6)
                                                         net148 (net)
                      0.043111    0.000083   14.301877 v fanout147/A (sky130_fd_sc_hd__buf_8)
     5    0.041888    0.077164    0.235235   14.537112 v fanout147/X (sky130_fd_sc_hd__buf_8)
                                                         net147 (net)
                      0.077175    0.001005   14.538117 v fanout146/A (sky130_fd_sc_hd__buf_6)
     2    0.013386    0.048000    0.217791   14.755909 v fanout146/X (sky130_fd_sc_hd__buf_6)
                                                         net146 (net)
                      0.048000    0.000204   14.756113 v fanout142/A (sky130_fd_sc_hd__buf_8)
     3    0.022962    0.054626    0.214982   14.971095 v fanout142/X (sky130_fd_sc_hd__buf_8)
                                                         net142 (net)
                      0.054632    0.000577   14.971672 v _12456_/A (sky130_fd_sc_hd__nand3_4)
     2    0.012017    0.164114    0.099673   15.071345 ^ _12456_/Y (sky130_fd_sc_hd__nand3_4)
                                                         _05542_ (net)
                      0.164114    0.000069   15.071415 ^ _12457_/A (sky130_fd_sc_hd__nand2_4)
     4    0.022414    0.171509    0.167129   15.238544 v _12457_/Y (sky130_fd_sc_hd__nand2_4)
                                                         _05543_ (net)
                      0.171509    0.000320   15.238863 v _12466_/B (sky130_fd_sc_hd__nor3_4)
     2    0.012154    0.308317    0.390923   15.629786 ^ _12466_/Y (sky130_fd_sc_hd__nor3_4)
                                                         _05552_ (net)
                      0.308317    0.000130   15.629915 ^ max_cap118/A (sky130_fd_sc_hd__buf_6)
     4    0.019532    0.083305    0.287496   15.917412 ^ max_cap118/X (sky130_fd_sc_hd__buf_6)
                                                         net118 (net)
                      0.083305    0.000394   15.917807 ^ _12491_/B (sky130_fd_sc_hd__nand3_4)
     4    0.026842    0.218253    0.239398   16.157204 v _12491_/Y (sky130_fd_sc_hd__nand3_4)
                                                         _05577_ (net)
                      0.218257    0.000746   16.157949 v fanout115/A (sky130_fd_sc_hd__buf_8)
     5    0.030887    0.063489    0.306125   16.464075 v fanout115/X (sky130_fd_sc_hd__buf_8)
                                                         net115 (net)
                      0.063495    0.000675   16.464750 v _12526_/B (sky130_fd_sc_hd__nor2_8)
     2    0.038672    0.263011    0.251372   16.716122 ^ _12526_/Y (sky130_fd_sc_hd__nor2_8)
                                                         _05612_ (net)
                      0.263016    0.000922   16.717045 ^ fanout103/A (sky130_fd_sc_hd__buf_8)
     4    0.031737    0.099651    0.281771   16.998816 ^ fanout103/X (sky130_fd_sc_hd__buf_8)
                                                         net103 (net)
                      0.099651    0.000121   16.998936 ^ fanout102/A (sky130_fd_sc_hd__buf_8)
     5    0.036024    0.108558    0.221130   17.220066 ^ fanout102/X (sky130_fd_sc_hd__buf_8)
                                                         net102 (net)
                      0.108559    0.000647   17.220713 ^ _12620_/A (sky130_fd_sc_hd__nand4_4)
     3    0.025565    0.296848    0.276456   17.497169 v _12620_/Y (sky130_fd_sc_hd__nand4_4)
                                                         _05702_ (net)
                      0.296848    0.000554   17.497723 v _12623_/A1 (sky130_fd_sc_hd__o211ai_2)
     1    0.005055    0.217861    0.361858   17.859581 ^ _12623_/Y (sky130_fd_sc_hd__o211ai_2)
                                                         _05705_ (net)
                      0.217861    0.000030   17.859612 ^ _12625_/A (sky130_fd_sc_hd__nand2_2)
     2    0.005470    0.087185    0.150848   18.010460 v _12625_/Y (sky130_fd_sc_hd__nand2_2)
                                                         multiplier_inst.exp_final[5] (net)
                      0.087185    0.000068   18.010527 v _12715_/A (sky130_fd_sc_hd__nand3_1)
     1    0.002883    0.095473    0.111420   18.121946 ^ _12715_/Y (sky130_fd_sc_hd__nand3_1)
                                                         _05780_ (net)
                      0.095473    0.000027   18.121973 ^ _12717_/A (sky130_fd_sc_hd__nand2_1)
     1    0.003941    0.086873    0.119329   18.241302 v _12717_/Y (sky130_fd_sc_hd__nand2_1)
                                                         multiplier_inst.overflow_calc (net)
                      0.086873    0.000062   18.241365 v _14499_/D (sky130_fd_sc_hd__dfrtp_1)
                                             18.241365   data arrival time

                                  8.000000    8.000000   clock clk (rise edge)
                                  0.000000    8.000000   clock source latency
     1    0.047910    0.345289    0.241295    8.241295 ^ clk (in)
                                                         clk (net)
                      0.345317    0.000000    8.241295 ^ clkbuf_0_clk/A (sky130_fd_sc_hd__clkbuf_16)
     2    0.057533    0.119054    0.389780    8.631075 ^ clkbuf_0_clk/X (sky130_fd_sc_hd__clkbuf_16)
                                                         clknet_0_clk (net)
                      0.119057    0.000813    8.631887 ^ clkbuf_1_1__f_clk/A (sky130_fd_sc_hd__clkbuf_16)
    11    0.110449    0.190720    0.347854    8.979742 ^ clkbuf_1_1__f_clk/X (sky130_fd_sc_hd__clkbuf_16)
                                                         clknet_1_1__leaf_clk (net)
                      0.190805    0.003793    8.983534 ^ clkbuf_leaf_8_clk/A (sky130_fd_sc_hd__clkbuf_8)
    26    0.071257    0.205943    0.391127    9.374661 ^ clkbuf_leaf_8_clk/X (sky130_fd_sc_hd__clkbuf_8)
                                                         clknet_leaf_8_clk (net)
                      0.205943    0.000437    9.375098 ^ _14499_/CLK (sky130_fd_sc_hd__dfrtp_1)
                                 -0.250000    9.125098   clock uncertainty
                                  0.000000    9.125098   clock reconvergence pessimism
                                 -0.247356    8.877743   library setup time
                                              8.877743   data required time
---------------------------------------------------------------------------------------------
                                              8.877743   data required time
                                            -18.241365   data arrival time
---------------------------------------------------------------------------------------------
                                             -9.363622   slack (VIOLATED)




===========================================================================
report_checks --slack_max -0.01
============================================================================
======================= min_ss_100C_1v60 Corner ===================================

Startpoint: _14415_ (rising edge-triggered flip-flop clocked by clk)
Endpoint: _14499_ (rising edge-triggered flip-flop clocked by clk)
Path Group: clk
Path Type: max

Fanout         Cap        Slew       Delay        Time   Description
---------------------------------------------------------------------------------------------
                                  0.000000    0.000000   clock clk (rise edge)
                                  0.000000    0.000000   clock source latency
     1    0.047910    0.345289    0.241295    0.241295 ^ clk (in)
                                                         clk (net)
                      0.345317    0.000000    0.241295 ^ clkbuf_0_clk/A (sky130_fd_sc_hd__clkbuf_16)
     2    0.057533    0.119054    0.389780    0.631075 ^ clkbuf_0_clk/X (sky130_fd_sc_hd__clkbuf_16)
                                                         clknet_0_clk (net)
                      0.119065    0.001189    0.632265 ^ clkbuf_1_0__f_clk/A (sky130_fd_sc_hd__clkbuf_16)
    11    0.127518    0.215296    0.367213    0.999477 ^ clkbuf_1_0__f_clk/X (sky130_fd_sc_hd__clkbuf_16)
                                                         clknet_1_0__leaf_clk (net)
                      0.215346    0.003198    1.002675 ^ clkbuf_leaf_17_clk/A (sky130_fd_sc_hd__clkbuf_8)
    25    0.068256    0.198683    0.396762    1.399438 ^ clkbuf_leaf_17_clk/X (sky130_fd_sc_hd__clkbuf_8)
                                                         clknet_leaf_17_clk (net)
                      0.198683    0.000530    1.399967 ^ _14415_/CLK (sky130_fd_sc_hd__dfrtp_1)
     2    0.034600    0.343364    1.043513    2.443480 v _14415_/Q (sky130_fd_sc_hd__dfrtp_1)
                                                         adder_inst.man_b_r[5] (net)
                      0.343364    0.000612    2.444092 v fanout1863/A (sky130_fd_sc_hd__buf_4)
     5    0.059258    0.152868    0.475391    2.919483 v fanout1863/X (sky130_fd_sc_hd__buf_4)
                                                         net1863 (net)
                      0.152962    0.003490    2.922973 v _07125_/A (sky130_fd_sc_hd__inv_2)
     1    0.024885    0.188429    0.216560    3.139533 ^ _07125_/Y (sky130_fd_sc_hd__inv_2)
                                                         _06897_ (net)
                      0.188454    0.001789    3.141322 ^ fanout1160/A (sky130_fd_sc_hd__clkbuf_2)
     3    0.095384    0.790212    0.753551    3.894872 ^ fanout1160/X (sky130_fd_sc_hd__clkbuf_2)
                                                         net1160 (net)
                      0.790234    0.003539    3.898412 ^ fanout1154/A (sky130_fd_sc_hd__buf_2)
     6    0.055171    0.428870    0.723896    4.622308 ^ fanout1154/X (sky130_fd_sc_hd__buf_2)
                                                         net1154 (net)
                      0.428888    0.003223    4.625531 ^ fanout1153/A (sky130_fd_sc_hd__clkbuf_2)
     5    0.045952    0.389957    0.568278    5.193809 ^ fanout1153/X (sky130_fd_sc_hd__clkbuf_2)
                                                         net1153 (net)
                      0.389959    0.001755    5.195565 ^ fanout1151/A (sky130_fd_sc_hd__clkbuf_2)
     5    0.031211    0.271095    0.469824    5.665388 ^ fanout1151/X (sky130_fd_sc_hd__clkbuf_2)
                                                         net1151 (net)
                      0.271095    0.000449    5.665837 ^ _09739_/A2 (sky130_fd_sc_hd__o211ai_1)
     2    0.012013    0.346258    0.392253    6.058090 v _09739_/Y (sky130_fd_sc_hd__o211ai_1)
                                                         _02825_ (net)
                      0.346258    0.000170    6.058260 v _09740_/B (sky130_fd_sc_hd__nand2_1)
     1    0.009229    0.182225    0.288635    6.346895 ^ _09740_/Y (sky130_fd_sc_hd__nand2_1)
                                                         _02826_ (net)
                      0.182225    0.000333    6.347228 ^ _09980_/B1 (sky130_fd_sc_hd__a21o_1)
     2    0.021344    0.298396    0.358295    6.705523 ^ _09980_/X (sky130_fd_sc_hd__a21o_1)
                                                         _03066_ (net)
                      0.298396    0.000394    6.705917 ^ _09981_/B1 (sky130_fd_sc_hd__o21ai_4)
     3    0.030362    0.176666    0.266126    6.972043 v _09981_/Y (sky130_fd_sc_hd__o21ai_4)
                                                         _03067_ (net)
                      0.176677    0.001614    6.973657 v _10005_/B2 (sky130_fd_sc_hd__o2bb2ai_4)
     1    0.010911    0.198532    0.263816    7.237473 ^ _10005_/Y (sky130_fd_sc_hd__o2bb2ai_4)
                                                         _03091_ (net)
                      0.198532    0.000182    7.237655 ^ _10011_/A (sky130_fd_sc_hd__nand3_4)
     2    0.010390    0.127040    0.180372    7.418027 v _10011_/Y (sky130_fd_sc_hd__nand3_4)
                                                         _03097_ (net)
                      0.127040    0.000113    7.418139 v fanout393/A (sky130_fd_sc_hd__buf_6)
     2    0.016724    0.052575    0.247529    7.665668 v fanout393/X (sky130_fd_sc_hd__buf_6)
                                                         net393 (net)
                      0.052576    0.000356    7.666025 v _10054_/A1 (sky130_fd_sc_hd__a21boi_4)
     1    0.010372    0.199746    0.235688    7.901712 ^ _10054_/Y (sky130_fd_sc_hd__a21boi_4)
                                                         _03140_ (net)
                      0.199746    0.000124    7.901837 ^ _10062_/C (sky130_fd_sc_hd__nand3_4)
     3    0.021926    0.200154    0.264506    8.166343 v _10062_/Y (sky130_fd_sc_hd__nand3_4)
                                                         _03148_ (net)
                      0.200154    0.000637    8.166980 v fanout325/A (sky130_fd_sc_hd__buf_6)
     2    0.009332    0.042895    0.270541    8.437520 v fanout325/X (sky130_fd_sc_hd__buf_6)
                                                         net325 (net)
                      0.042895    0.000107    8.437628 v fanout324/A (sky130_fd_sc_hd__buf_8)
     5    0.028288    0.060577    0.219168    8.656796 v fanout324/X (sky130_fd_sc_hd__buf_8)
                                                         net324 (net)
                      0.060579    0.000410    8.657206 v _10364_/A1 (sky130_fd_sc_hd__a21o_1)
     1    0.010895    0.123987    0.345008    9.002213 v _10364_/X (sky130_fd_sc_hd__a21o_1)
                                                         _03450_ (net)
                      0.123987    0.000192    9.002405 v _10367_/C1 (sky130_fd_sc_hd__o211ai_4)
     2    0.015664    0.310411    0.167693    9.170098 ^ _10367_/Y (sky130_fd_sc_hd__o211ai_4)
                                                         _03453_ (net)
                      0.310411    0.000553    9.170651 ^ rebuffer306/A (sky130_fd_sc_hd__buf_6)
     2    0.019440    0.083047    0.288095    9.458746 ^ rebuffer306/X (sky130_fd_sc_hd__buf_6)
                                                         net580 (net)
                      0.083047    0.000192    9.458938 ^ _10588_/A1_N (sky130_fd_sc_hd__o2bb2ai_4)
     3    0.024046    0.314371    0.274164    9.733102 ^ _10588_/Y (sky130_fd_sc_hd__o2bb2ai_4)
                                                         _03674_ (net)
                      0.314371    0.000326    9.733428 ^ _10595_/A (sky130_fd_sc_hd__nand3_4)
     4    0.027100    0.234089    0.302647   10.036075 v _10595_/Y (sky130_fd_sc_hd__nand3_4)
                                                         _03681_ (net)
                      0.234089    0.000487   10.036561 v rebuffer329/A (sky130_fd_sc_hd__buf_6)
     1    0.008603    0.042180    0.285420   10.321980 v rebuffer329/X (sky130_fd_sc_hd__buf_6)
                                                         net1217 (net)
                      0.042180    0.000075   10.322057 v _10797_/A (sky130_fd_sc_hd__nand2_4)
     2    0.018367    0.136321    0.111472   10.433528 ^ _10797_/Y (sky130_fd_sc_hd__nand2_4)
                                                         _03883_ (net)
                      0.136321    0.000330   10.433858 ^ _10804_/A1 (sky130_fd_sc_hd__a21oi_4)
     1    0.009171    0.129183    0.130770   10.564628 v _10804_/Y (sky130_fd_sc_hd__a21oi_4)
                                                         _03890_ (net)
                      0.129183    0.000115   10.564742 v _10806_/B2 (sky130_fd_sc_hd__a22oi_4)
     3    0.020036    0.334134    0.367026   10.931767 ^ _10806_/Y (sky130_fd_sc_hd__a22oi_4)
                                                         _03892_ (net)
                      0.334134    0.000466   10.932234 ^ rebuffer326/A (sky130_fd_sc_hd__buf_6)
     1    0.011367    0.061744    0.276332   11.208566 ^ rebuffer326/X (sky130_fd_sc_hd__buf_6)
                                                         net1146 (net)
                      0.061744    0.000218   11.208784 ^ _11727_/A4 (sky130_fd_sc_hd__a41oi_4)
     1    0.009022    0.203114    0.268527   11.477311 v _11727_/Y (sky130_fd_sc_hd__a41oi_4)
                                                         _04813_ (net)
                      0.203114    0.000057   11.477367 v _11728_/B1 (sky130_fd_sc_hd__o21ai_4)
     2    0.012333    0.224243    0.172824   11.650192 ^ _11728_/Y (sky130_fd_sc_hd__o21ai_4)
                                                         _04814_ (net)
                      0.224243    0.000132   11.650325 ^ _12230_/B1 (sky130_fd_sc_hd__a21oi_4)
     1    0.020549    0.138550    0.143384   11.793709 v _12230_/Y (sky130_fd_sc_hd__a21oi_4)
                                                         _05316_ (net)
                      0.138551    0.000332   11.794041 v wire165/A (sky130_fd_sc_hd__buf_8)
     4    0.063116    0.096843    0.300809   12.094850 v wire165/X (sky130_fd_sc_hd__buf_8)
                                                         net165 (net)
                      0.097090    0.004200   12.099051 v _12238_/A1 (sky130_fd_sc_hd__o21bai_4)
     3    0.045448    0.511473    0.509381   12.608431 ^ _12238_/Y (sky130_fd_sc_hd__o21bai_4)
                                                         _05324_ (net)
                      0.511489    0.002329   12.610760 ^ _12353_/A (sky130_fd_sc_hd__nand3_4)
     2    0.019526    0.222440    0.335914   12.946673 v _12353_/Y (sky130_fd_sc_hd__nand3_4)
                                                         _05439_ (net)
                      0.222444    0.000709   12.947382 v _12403_/A1 (sky130_fd_sc_hd__a21oi_4)
     2    0.014607    0.235145    0.329250   13.276631 ^ _12403_/Y (sky130_fd_sc_hd__a21oi_4)
                                                         _05489_ (net)
                      0.235145    0.000230   13.276862 ^ _12425_/A2 (sky130_fd_sc_hd__o21bai_4)
     3    0.014844    0.128985    0.191642   13.468504 v _12425_/Y (sky130_fd_sc_hd__o21bai_4)
                                                         _05511_ (net)
                      0.128985    0.000203   13.468707 v _12428_/A1 (sky130_fd_sc_hd__a21oi_4)
     3    0.010718    0.209815    0.257841   13.726548 ^ _12428_/Y (sky130_fd_sc_hd__a21oi_4)
                                                         _05514_ (net)
                      0.209815    0.000105   13.726653 ^ _12437_/A2 (sky130_fd_sc_hd__o211ai_2)
     2    0.012826    0.233904    0.288300   14.014954 v _12437_/Y (sky130_fd_sc_hd__o211ai_2)
                                                         _05523_ (net)
                      0.233904    0.000225   14.015178 v fanout148/A (sky130_fd_sc_hd__buf_6)
     2    0.009354    0.043111    0.286616   14.301794 v fanout148/X (sky130_fd_sc_hd__buf_6)
                                                         net148 (net)
                      0.043111    0.000083   14.301877 v fanout147/A (sky130_fd_sc_hd__buf_8)
     5    0.041888    0.077164    0.235235   14.537112 v fanout147/X (sky130_fd_sc_hd__buf_8)
                                                         net147 (net)
                      0.077175    0.001005   14.538117 v fanout146/A (sky130_fd_sc_hd__buf_6)
     2    0.013386    0.048000    0.217791   14.755909 v fanout146/X (sky130_fd_sc_hd__buf_6)
                                                         net146 (net)
                      0.048000    0.000204   14.756113 v fanout142/A (sky130_fd_sc_hd__buf_8)
     3    0.022962    0.054626    0.214982   14.971095 v fanout142/X (sky130_fd_sc_hd__buf_8)
                                                         net142 (net)
                      0.054632    0.000577   14.971672 v _12456_/A (sky130_fd_sc_hd__nand3_4)
     2    0.012017    0.164114    0.099673   15.071345 ^ _12456_/Y (sky130_fd_sc_hd__nand3_4)
                                                         _05542_ (net)
                      0.164114    0.000069   15.071415 ^ _12457_/A (sky130_fd_sc_hd__nand2_4)
     4    0.022414    0.171509    0.167129   15.238544 v _12457_/Y (sky130_fd_sc_hd__nand2_4)
                                                         _05543_ (net)
                      0.171509    0.000320   15.238863 v _12466_/B (sky130_fd_sc_hd__nor3_4)
     2    0.012154    0.308317    0.390923   15.629786 ^ _12466_/Y (sky130_fd_sc_hd__nor3_4)
                                                         _05552_ (net)
                      0.308317    0.000130   15.629915 ^ max_cap118/A (sky130_fd_sc_hd__buf_6)
     4    0.019532    0.083305    0.287496   15.917412 ^ max_cap118/X (sky130_fd_sc_hd__buf_6)
                                                         net118 (net)
                      0.083305    0.000394   15.917807 ^ _12491_/B (sky130_fd_sc_hd__nand3_4)
     4    0.026842    0.218253    0.239398   16.157204 v _12491_/Y (sky130_fd_sc_hd__nand3_4)
                                                         _05577_ (net)
                      0.218257    0.000746   16.157949 v fanout115/A (sky130_fd_sc_hd__buf_8)
     5    0.030887    0.063489    0.306125   16.464075 v fanout115/X (sky130_fd_sc_hd__buf_8)
                                                         net115 (net)
                      0.063495    0.000675   16.464750 v _12526_/B (sky130_fd_sc_hd__nor2_8)
     2    0.038672    0.263011    0.251372   16.716122 ^ _12526_/Y (sky130_fd_sc_hd__nor2_8)
                                                         _05612_ (net)
                      0.263016    0.000922   16.717045 ^ fanout103/A (sky130_fd_sc_hd__buf_8)
     4    0.031737    0.099651    0.281771   16.998816 ^ fanout103/X (sky130_fd_sc_hd__buf_8)
                                                         net103 (net)
                      0.099651    0.000121   16.998936 ^ fanout102/A (sky130_fd_sc_hd__buf_8)
     5    0.036024    0.108558    0.221130   17.220066 ^ fanout102/X (sky130_fd_sc_hd__buf_8)
                                                         net102 (net)
                      0.108559    0.000647   17.220713 ^ _12620_/A (sky130_fd_sc_hd__nand4_4)
     3    0.025565    0.296848    0.276456   17.497169 v _12620_/Y (sky130_fd_sc_hd__nand4_4)
                                                         _05702_ (net)
                      0.296848    0.000554   17.497723 v _12623_/A1 (sky130_fd_sc_hd__o211ai_2)
     1    0.005055    0.217861    0.361858   17.859581 ^ _12623_/Y (sky130_fd_sc_hd__o211ai_2)
                                                         _05705_ (net)
                      0.217861    0.000030   17.859612 ^ _12625_/A (sky130_fd_sc_hd__nand2_2)
     2    0.005470    0.087185    0.150848   18.010460 v _12625_/Y (sky130_fd_sc_hd__nand2_2)
                                                         multiplier_inst.exp_final[5] (net)
                      0.087185    0.000068   18.010527 v _12715_/A (sky130_fd_sc_hd__nand3_1)
     1    0.002883    0.095473    0.111420   18.121946 ^ _12715_/Y (sky130_fd_sc_hd__nand3_1)
                                                         _05780_ (net)
                      0.095473    0.000027   18.121973 ^ _12717_/A (sky130_fd_sc_hd__nand2_1)
     1    0.003941    0.086873    0.119329   18.241302 v _12717_/Y (sky130_fd_sc_hd__nand2_1)
                                                         multiplier_inst.overflow_calc (net)
                      0.086873    0.000062   18.241365 v _14499_/D (sky130_fd_sc_hd__dfrtp_1)
                                             18.241365   data arrival time

                                  8.000000    8.000000   clock clk (rise edge)
                                  0.000000    8.000000   clock source latency
     1    0.047910    0.345289    0.241295    8.241295 ^ clk (in)
                                                         clk (net)
                      0.345317    0.000000    8.241295 ^ clkbuf_0_clk/A (sky130_fd_sc_hd__clkbuf_16)
     2    0.057533    0.119054    0.389780    8.631075 ^ clkbuf_0_clk/X (sky130_fd_sc_hd__clkbuf_16)
                                                         clknet_0_clk (net)
                      0.119057    0.000813    8.631887 ^ clkbuf_1_1__f_clk/A (sky130_fd_sc_hd__clkbuf_16)
    11    0.110449    0.190720    0.347854    8.979742 ^ clkbuf_1_1__f_clk/X (sky130_fd_sc_hd__clkbuf_16)
                                                         clknet_1_1__leaf_clk (net)
                      0.190805    0.003793    8.983534 ^ clkbuf_leaf_8_clk/A (sky130_fd_sc_hd__clkbuf_8)
    26    0.071257    0.205943    0.391127    9.374661 ^ clkbuf_leaf_8_clk/X (sky130_fd_sc_hd__clkbuf_8)
                                                         clknet_leaf_8_clk (net)
                      0.205943    0.000437    9.375098 ^ _14499_/CLK (sky130_fd_sc_hd__dfrtp_1)
                                 -0.250000    9.125098   clock uncertainty
                                  0.000000    9.125098   clock reconvergence pessimism
                                 -0.247356    8.877743   library setup time
                                              8.877743   data required time
---------------------------------------------------------------------------------------------
                                              8.877743   data required time
                                            -18.241365   data arrival time
---------------------------------------------------------------------------------------------
                                             -9.363622   slack (VIOLATED)




===========================================================================
 report_check_types -max_slew -max_cap -max_fanout -violators
============================================================================
======================= min_ss_100C_1v60 Corner ===================================

max slew

Pin                                        Limit        Slew       Slack
------------------------------------------------------------------------
_13133_/A2                              0.750000    1.502253   -0.752253 (VIOLATED)
_13134_/A2                              0.750000    1.502254   -0.752254 (VIOLATED)
_13131_/Y                               0.750000    1.502248   -0.752248 (VIOLATED)
fanout790/A                             0.750000    1.168824   -0.418824 (VIOLATED)
_12443_/Y                               0.750000    1.168822   -0.418822 (VIOLATED)
_12456_/C                               0.750000    1.101969   -0.351969 (VIOLATED)
_13822_/A2                              0.750000    1.101968   -0.351968 (VIOLATED)
_13859_/A1                              0.750000    1.101964   -0.351964 (VIOLATED)
_12455_/X                               0.750000    1.101911   -0.351911 (VIOLATED)
_13823_/A2                              0.750000    0.947425   -0.197425 (VIOLATED)
ANTENNA_94/DIODE                        0.750000    0.947425   -0.197425 (VIOLATED)
_13116_/A1                              0.750000    0.947422   -0.197422 (VIOLATED)
fanout1097/X                            0.750000    0.947422   -0.197422 (VIOLATED)
fanout1532/A                            0.750000    0.922367   -0.172367 (VIOLATED)
fanout1540/A                            0.750000    0.922362   -0.172362 (VIOLATED)
rebuffer47/X                            0.750000    0.922359   -0.172359 (VIOLATED)
_13528_/A2                              0.750000    0.894002   -0.144002 (VIOLATED)
_13602_/A2                              0.750000    0.894001   -0.144001 (VIOLATED)
_13600_/B1                              0.750000    0.894001   -0.144001 (VIOLATED)
_13524_/Y                               0.750000    0.893999   -0.143999 (VIOLATED)
_12426_/Y                               0.750000    0.887598   -0.137598 (VIOLATED)
_12427_/B1                              0.750000    0.887598   -0.137598 (VIOLATED)
_12428_/A2                              0.750000    0.887598   -0.137598 (VIOLATED)
_12429_/A2                              0.750000    0.887598   -0.137598 (VIOLATED)
_12534_/C                               0.750000    0.887598   -0.137598 (VIOLATED)
_12496_/B                               0.750000    0.883637   -0.133637 (VIOLATED)
_12501_/C                               0.750000    0.883637   -0.133637 (VIOLATED)
_12495_/Y                               0.750000    0.883636   -0.133636 (VIOLATED)
ANTENNA_60/DIODE                        0.750000    0.873034   -0.123034 (VIOLATED)
fanout2217/A                            0.750000    0.873034   -0.123034 (VIOLATED)
ANTENNA_106/DIODE                       0.750000    0.873032   -0.123032 (VIOLATED)
ANTENNA_61/DIODE                        0.750000    0.873032   -0.123032 (VIOLATED)
fanout2224/A                            0.750000    0.873032   -0.123032 (VIOLATED)
rebuffer34/X                            0.750000    0.873028   -0.123028 (VIOLATED)
fanout497/A                             0.750000    0.867371   -0.117371 (VIOLATED)
fanout487/A                             0.750000    0.867365   -0.117365 (VIOLATED)
fanout498/X                             0.750000    0.867362   -0.117362 (VIOLATED)
fanout1782/A                            0.750000    0.848110   -0.098111 (VIOLATED)
_14418_/Q                               0.750000    0.847915   -0.097915 (VIOLATED)
fanout1772/A                            0.750000    0.847915   -0.097915 (VIOLATED)
fanout1757/A                            0.750000    0.816895   -0.066895 (VIOLATED)
_14419_/Q                               0.750000    0.816849   -0.066849 (VIOLATED)
fanout1743/A                            0.750000    0.816849   -0.066849 (VIOLATED)
fanout1154/A                            0.750000    0.790234   -0.040234 (VIOLATED)
ANTENNA_34/DIODE                        0.750000    0.790234   -0.040234 (VIOLATED)
fanout1159/A                            0.750000    0.790212   -0.040212 (VIOLATED)
fanout1160/X                            0.750000    0.790212   -0.040212 (VIOLATED)
_11792_/Y                               0.750000    0.782540   -0.032540 (VIOLATED)
_11793_/B1                              0.750000    0.782540   -0.032540 (VIOLATED)
_11794_/A2                              0.750000    0.782540   -0.032540 (VIOLATED)
fanout1667/A                            0.750000    0.776734   -0.026734 (VIOLATED)
ANTENNA_12/DIODE                        0.750000    0.776733   -0.026733 (VIOLATED)
fanout1650/A                            0.750000    0.776586   -0.026586 (VIOLATED)
_14422_/Q                               0.750000    0.776569   -0.026569 (VIOLATED)
_13521_/Y                               0.750000    0.774933   -0.024933 (VIOLATED)
_13525_/A1                              0.750000    0.774933   -0.024933 (VIOLATED)
_13603_/A2                              0.750000    0.774933   -0.024933 (VIOLATED)
_12463_/B1_N                            0.750000    0.773212   -0.023212 (VIOLATED)
_12467_/C                               0.750000    0.773211   -0.023211 (VIOLATED)
_12462_/Y                               0.750000    0.773191   -0.023191 (VIOLATED)
_09864_/Y                               0.750000    0.768621   -0.018621 (VIOLATED)
_10120_/B1                              0.750000    0.768621   -0.018621 (VIOLATED)
_10121_/C                               0.750000    0.768621   -0.018621 (VIOLATED)
_10148_/A3                              0.750000    0.768621   -0.018621 (VIOLATED)
_10152_/B                               0.750000    0.768621   -0.018621 (VIOLATED)
_10369_/A1                              0.750000    0.768621   -0.018621 (VIOLATED)

max fanout

Pin                                   Limit Fanout  Slack
---------------------------------------------------------
clkbuf_leaf_8_clk/X                       5     26    -21 (VIOLATED)
clkbuf_leaf_12_clk/X                      5     25    -20 (VIOLATED)
clkbuf_leaf_17_clk/X                      5     25    -20 (VIOLATED)
clkbuf_leaf_7_clk/X                       5     25    -20 (VIOLATED)
clkbuf_leaf_0_clk/X                       5     24    -19 (VIOLATED)
clkbuf_leaf_4_clk/X                       5     21    -16 (VIOLATED)
clkbuf_leaf_20_clk/X                      5     20    -15 (VIOLATED)
clkbuf_leaf_11_clk/X                      5     19    -14 (VIOLATED)
clkbuf_leaf_14_clk/X                      5     19    -14 (VIOLATED)
clkbuf_leaf_6_clk/X                       5     18    -13 (VIOLATED)
clkbuf_leaf_1_clk/X                       5     17    -12 (VIOLATED)
clkbuf_leaf_5_clk/X                       5     17    -12 (VIOLATED)
clkbuf_leaf_18_clk/X                      5     16    -11 (VIOLATED)
clkbuf_leaf_3_clk/X                       5     12     -7 (VIOLATED)
clkbuf_1_0__f_clk/X                       5     11     -6 (VIOLATED)
clkbuf_1_1__f_clk/X                       5     11     -6 (VIOLATED)
clkbuf_leaf_2_clk/X                       5     11     -6 (VIOLATED)
clkbuf_leaf_15_clk/X                      5     10     -5 (VIOLATED)
clkbuf_leaf_9_clk/X                       5      9     -4 (VIOLATED)
fanout923/X                               5      8     -3 (VIOLATED)
_08804_/Y                                 5      7     -2 (VIOLATED)
clkbuf_leaf_10_clk/X                      5      7     -2 (VIOLATED)
fanout1203/X                              5      7     -2 (VIOLATED)
fanout912/X                               5      7     -2 (VIOLATED)
_08138_/Y                                 5      6        (VIOLATED)
fanout1033/X                              5      6        (VIOLATED)
fanout1099/X                              5      6        (VIOLATED)
fanout1116/X                              5      6        (VIOLATED)
fanout1154/X                              5      6        (VIOLATED)
fanout1811/X                              5      6        (VIOLATED)
fanout1840/X                              5      6        (VIOLATED)
fanout2591/X                              5      6        (VIOLATED)
fanout790/X                               5      6        (VIOLATED)
fanout916/X                               5      6        (VIOLATED)

max capacitance

Pin                                        Limit         Cap       Slack
------------------------------------------------------------------------
_13131_/Y                               0.047617    0.048277   -0.000660 (VIOLATED)



===========================================================================
report_parasitic_annotation -report_unannotated
============================================================================
Found 20 unannotated drivers.
 clkload0/X
 clkload1/Y
 clkload10/X
 clkload11/Y
 clkload12/Y
 clkload13/Y
 clkload14/Y
 clkload15/Y
 clkload16/Y
 clkload17/X
 clkload18/Y
 clkload19/Y
 clkload2/Y
 clkload3/Y
 clkload4/Y
 clkload5/Y
 clkload6/Y
 clkload7/X
 clkload8/Y
 clkload9/Y
Found 0 partially unannotated drivers.

===========================================================================
max slew violation count 66
max fanout violation count 34
max cap violation count 1
============================================================================

===========================================================================
check_setup -verbose -unconstrained_endpoints -multiple_clock -no_clock -no_input_delay -loops -generated_clocks
===========================================================================
