Clock: clk
Sources: clk 
Generated: no
Virtual: yes
Propagated: no
Period: 8.000000

===========================================================================
report_clock_properties
============================================================================
Clock                   Period          Waveform
----------------------------------------------------
clk                   8.000000    0.000000  4.000000

===========================================================================
report_clock_latency
============================================================================
Clock clk
rise -> rise
    min     max
0.000000 0.000000 source latency
1.346035         network latency _14479_/CLK
        1.401030 network latency _14338_/CLK
---------------
1.346035 1.401030 latency
        0.054995 skew

fall -> fall
    min     max
0.000000 0.000000 source latency
1.189106         network latency _14479_/CLK
        1.229654 network latency _14338_/CLK
---------------
1.189106 1.229654 latency
        0.040548 skew



===========================================================================
report_clock_min_period
============================================================================
clk period_min = 17.36 fmax = 57.59
