Clock: clk
Sources: clk 
Generated: no
Virtual: yes
Propagated: no
Period: 20.000000

===========================================================================
report_clock_properties
============================================================================
Clock                   Period          Waveform
----------------------------------------------------
clk                  20.000000    0.000000 10.000000

===========================================================================
report_clock_latency
============================================================================
Clock clk
rise -> rise
    min     max
0.000000 0.000000 source latency
1.308502         network latency _9344_/CLK
        1.406854 network latency _9442_/CLK
---------------
1.308502 1.406854 latency
        0.098352 skew

fall -> fall
    min     max
0.000000 0.000000 source latency
1.160556         network latency _9344_/CLK
        1.234539 network latency _9442_/CLK
---------------
1.160556 1.234539 latency
        0.073983 skew



===========================================================================
report_clock_min_period
============================================================================
clk period_min = 21.74 fmax = 45.99
