137. Printing statistics.

=== ALU ===

   Number of wires:               8255
   Number of wire bits:           8348
   Number of public wires:         364
   Number of public wire bits:     457
   Number of ports:                  9
   Number of port bits:            102
   Number of memories:               0
   Number of memory bits:            0
   Number of processes:              0
   Number of cells:               8280
     sky130_fd_sc_hd__a2111o_2       1
     sky130_fd_sc_hd__a211o_2        8
     sky130_fd_sc_hd__a211oi_2       2
     sky130_fd_sc_hd__a21bo_2       24
     sky130_fd_sc_hd__a21boi_2      68
     sky130_fd_sc_hd__a21boi_4       3
     sky130_fd_sc_hd__a21o_2       106
     sky130_fd_sc_hd__a21o_4         1
     sky130_fd_sc_hd__a21oi_2      166
     sky130_fd_sc_hd__a21oi_4       16
     sky130_fd_sc_hd__a221o_2       33
     sky130_fd_sc_hd__a221oi_2       4
     sky130_fd_sc_hd__a22o_2        40
     sky130_fd_sc_hd__a2bb2oi_2      1
     sky130_fd_sc_hd__a311o_2        2
     sky130_fd_sc_hd__a311oi_2       1
     sky130_fd_sc_hd__a31o_2        27
     sky130_fd_sc_hd__a31oi_2        6
     sky130_fd_sc_hd__a32o_2         3
     sky130_fd_sc_hd__a41o_2         2
     sky130_fd_sc_hd__and2_2        44
     sky130_fd_sc_hd__and2_4         2
     sky130_fd_sc_hd__and2b_2        9
     sky130_fd_sc_hd__and3_2        77
     sky130_fd_sc_hd__and3b_2        1
     sky130_fd_sc_hd__and4_2         3
     sky130_fd_sc_hd__and4b_2        3
     sky130_fd_sc_hd__buf_1        133
     sky130_fd_sc_hd__buf_12         3
     sky130_fd_sc_hd__buf_2         16
     sky130_fd_sc_hd__buf_4         11
     sky130_fd_sc_hd__buf_6         12
     sky130_fd_sc_hd__buf_8          5
     sky130_fd_sc_hd__bufinv_8       5
     sky130_fd_sc_hd__dfrtp_2      314
     sky130_fd_sc_hd__inv_12         1
     sky130_fd_sc_hd__inv_2       1298
     sky130_fd_sc_hd__inv_4          3
     sky130_fd_sc_hd__inv_6          3
     sky130_fd_sc_hd__inv_8          5
     sky130_fd_sc_hd__mux2_1         9
     sky130_fd_sc_hd__mux2_2        94
     sky130_fd_sc_hd__mux2_4         6
     sky130_fd_sc_hd__nand2_2     3555
     sky130_fd_sc_hd__nand2_4       33
     sky130_fd_sc_hd__nand2b_2      43
     sky130_fd_sc_hd__nand2b_4       6
     sky130_fd_sc_hd__nand3_2      766
     sky130_fd_sc_hd__nand3_4       32
     sky130_fd_sc_hd__nand3b_2     123
     sky130_fd_sc_hd__nand3b_4       8
     sky130_fd_sc_hd__nor2_2       326
     sky130_fd_sc_hd__nor2_4        14
     sky130_fd_sc_hd__nor2_8         1
     sky130_fd_sc_hd__nor2b_2        6
     sky130_fd_sc_hd__nor3_2        11
     sky130_fd_sc_hd__nor3_4         1
     sky130_fd_sc_hd__o2111a_2       3
     sky130_fd_sc_hd__o2111ai_2      1
     sky130_fd_sc_hd__o211a_2        6
     sky130_fd_sc_hd__o211ai_2      18
     sky130_fd_sc_hd__o21a_2        45
     sky130_fd_sc_hd__o21ai_2      227
     sky130_fd_sc_hd__o21ai_4        7
     sky130_fd_sc_hd__o21ba_2        7
     sky130_fd_sc_hd__o21bai_2       7
     sky130_fd_sc_hd__o21bai_4       1
     sky130_fd_sc_hd__o221a_2       22
     sky130_fd_sc_hd__o22a_2        10
     sky130_fd_sc_hd__o22ai_2        1
     sky130_fd_sc_hd__o2bb2a_2       1
     sky130_fd_sc_hd__o311ai_2       1
     sky130_fd_sc_hd__o31a_2         3
     sky130_fd_sc_hd__o31ai_2        2
     sky130_fd_sc_hd__o32a_2         1
     sky130_fd_sc_hd__or2_2        161
     sky130_fd_sc_hd__or2_4         42
     sky130_fd_sc_hd__or2b_2        31
     sky130_fd_sc_hd__or3_2         15
     sky130_fd_sc_hd__or3_4         19
     sky130_fd_sc_hd__or3b_2         4
     sky130_fd_sc_hd__or4_2         25
     sky130_fd_sc_hd__or4_4          1
     sky130_fd_sc_hd__or4b_2         1
     sky130_fd_sc_hd__xnor2_2       39
     sky130_fd_sc_hd__xor2_2        81
     sky130_fd_sc_hd__xor2_4         2

   Chip area for module '\ALU': 64629.484800
     of which used for sequential elements: 8250.412800 (12.77%)

