Clock: clk
Sources: clk 
Generated: no
Virtual: yes
Propagated: no
Period: 8.000000

===========================================================================
report_clock_properties
============================================================================
Clock                   Period          Waveform
----------------------------------------------------
clk                   8.000000    0.000000  4.000000

===========================================================================
report_clock_latency
============================================================================
Clock clk
rise -> rise
    min     max
0.000000 0.000000 source latency
2.414136         network latency _14335_/CLK
        2.492561 network latency _14503_/CLK
---------------
2.414136 2.492561 latency
        0.078425 skew

fall -> fall
    min     max
0.000000 0.000000 source latency
1.184352         network latency _14335_/CLK
        1.257706 network latency _14503_/CLK
---------------
1.184352 1.257706 latency
        0.073354 skew



===========================================================================
report_clock_min_period
============================================================================
clk period_min = 14.17 fmax = 70.59
