
===========================================================================
Violator List
============================================================================
[hold in-reg] opcode -> _14350_/D : -1.442670
[hold in-reg] i_vld -> _14285_/D : -1.442232
[hold in-reg] i_a[31] -> _14317_/D : -1.430958
[hold in-reg] i_b[31] -> _14349_/D : -1.425532
[hold in-reg] i_a[23] -> _14309_/D : -1.424856
[hold in-reg] i_a[29] -> _14315_/D : -1.423246
[hold in-reg] i_b[24] -> _14342_/D : -1.422292
[hold in-reg] i_b[23] -> _14341_/D : -1.422069
[hold in-reg] i_b[30] -> _14348_/D : -1.420821
[hold in-reg] i_b[27] -> _14345_/D : -1.419513
[hold in-reg] i_b[25] -> _14343_/D : -1.419286
[hold in-reg] i_a[30] -> _14316_/D : -1.417286
[hold in-reg] i_a[1] -> _14287_/D : -1.412927
[hold in-reg] i_b[28] -> _14346_/D : -1.412911
[hold in-reg] i_a[26] -> _14312_/D : -1.412597
[hold in-reg] i_b[29] -> _14347_/D : -1.412493
[hold in-reg] i_a[28] -> _14314_/D : -1.412482
[hold in-reg] i_a[27] -> _14313_/D : -1.412126
[hold in-reg] i_a[2] -> _14288_/D : -1.411500
[hold in-reg] i_a[3] -> _14289_/D : -1.410825
[hold in-reg] i_b[26] -> _14344_/D : -1.410401
[hold in-reg] i_a[5] -> _14291_/D : -1.409807
[hold in-reg] i_a[4] -> _14290_/D : -1.408754
[hold in-reg] i_a[25] -> _14311_/D : -1.408668
[hold in-reg] i_a[24] -> _14310_/D : -1.407985
[hold in-reg] i_a[7] -> _14293_/D : -1.406741
[hold in-reg] i_a[17] -> _14303_/D : -1.406495
[hold in-reg] i_a[6] -> _14292_/D : -1.404478
[hold in-reg] i_a[0] -> _14286_/D : -1.404160
[hold in-reg] i_a[18] -> _14304_/D : -1.403738
[hold in-reg] i_a[19] -> _14305_/D : -1.402733
[hold in-reg] i_a[16] -> _14302_/D : -1.402476
[hold in-reg] i_a[10] -> _14296_/D : -1.376497
[hold in-reg] i_a[11] -> _14297_/D : -1.376344
[hold in-reg] i_a[12] -> _14298_/D : -1.376028
[hold in-reg] i_b[4] -> _14322_/D : -1.376011
[hold in-reg] i_a[8] -> _14294_/D : -1.375786
[hold in-reg] i_b[22] -> _14340_/D : -1.375673
[hold in-reg] i_a[14] -> _14300_/D : -1.375557
[hold in-reg] i_b[21] -> _14339_/D : -1.375542
[hold in-reg] i_a[9] -> _14295_/D : -1.375427
[hold in-reg] i_a[13] -> _14299_/D : -1.375424
[hold in-reg] i_b[13] -> _14331_/D : -1.375243
[hold in-reg] i_a[22] -> _14308_/D : -1.375171
[hold in-reg] i_a[21] -> _14307_/D : -1.375056
[hold in-reg] i_b[5] -> _14323_/D : -1.374647
[hold in-reg] i_b[16] -> _14334_/D : -1.374600
[hold in-reg] i_b[18] -> _14336_/D : -1.374514
[hold in-reg] i_b[20] -> _14338_/D : -1.374461
[hold in-reg] i_b[12] -> _14330_/D : -1.374113
[hold in-reg] i_a[20] -> _14306_/D : -1.374105
[hold in-reg] i_b[7] -> _14325_/D : -1.374106
[hold in-reg] i_b[6] -> _14324_/D : -1.374038
[hold in-reg] i_b[1] -> _14319_/D : -1.373761
[hold in-reg] i_b[17] -> _14335_/D : -1.373689
[hold in-reg] i_b[14] -> _14332_/D : -1.373608
[hold in-reg] i_b[3] -> _14321_/D : -1.373560
[hold in-reg] i_b[15] -> _14333_/D : -1.373173
[hold in-reg] i_b[19] -> _14337_/D : -1.372916
[hold in-reg] i_b[9] -> _14327_/D : -1.372691
[hold in-reg] i_b[10] -> _14328_/D : -1.372297
[hold in-reg] i_b[11] -> _14329_/D : -1.372289
[hold in-reg] i_b[0] -> _14318_/D : -1.371916
[hold in-reg] i_b[2] -> _14320_/D : -1.371257
[hold in-reg] i_b[8] -> _14326_/D : -1.370971
[hold in-reg] i_a[15] -> _14301_/D : -1.370150
[setup reg-reg] _14484_/Q -> _14359_/D : -6.167253
[setup reg-reg] _14484_/Q -> _14356_/D : -6.056208
[setup reg-reg] _14484_/Q -> _14365_/D : -5.901254
[setup reg-reg] _14484_/Q -> _14357_/D : -5.853654
[setup reg-reg] _14484_/Q -> _14355_/D : -5.845123
[setup reg-reg] _14484_/Q -> _14373_/D : -5.844564
[setup reg-reg] _14484_/Q -> _14372_/D : -5.838271
[setup reg-reg] _14484_/Q -> _14369_/D : -5.837347
[setup reg-reg] _14484_/Q -> _14353_/D : -5.836887
[setup reg-reg] _14484_/Q -> _14360_/D : -5.826686
[setup reg-reg] _14484_/Q -> _14354_/D : -5.824717
[setup reg-reg] _14484_/Q -> _14366_/D : -5.821705
[setup reg-reg] _14484_/Q -> _14361_/D : -5.794900
[setup reg-reg] _14484_/Q -> _14370_/D : -5.769121
[setup reg-reg] _14484_/Q -> _14367_/D : -5.767149
[setup reg-reg] _14484_/Q -> _14358_/D : -5.766733
[setup reg-reg] _14484_/Q -> _14364_/D : -5.716195
[setup reg-reg] _14484_/Q -> _14368_/D : -5.571311
[setup reg-reg] _14484_/Q -> _14492_/D : -5.536480
[setup reg-reg] _14484_/Q -> _14362_/D : -5.339590
[setup reg-reg] _14484_/Q -> _14363_/D : -5.202700
[setup reg-reg] _14484_/Q -> _14374_/D : -5.152919
[setup reg-reg] _14484_/Q -> _14371_/D : -5.115277
[setup reg-reg] _14484_/Q -> _14352_/D : -5.054889
[setup reg-reg] _14484_/Q -> _14375_/D : -4.760286
[setup reg-reg] _14411_/Q -> _14499_/D : -3.962923
[setup reg-reg] _14411_/Q -> _14523_/D : -3.731309
[setup reg-reg] _14411_/Q -> _14518_/D : -3.730527
[setup reg-reg] _14411_/Q -> _14529_/D : -3.725575
[setup reg-reg] _14411_/Q -> _14525_/D : -3.724900
[setup reg-reg] _14411_/Q -> _14519_/D : -3.724785
[setup reg-reg] _14411_/Q -> _14528_/D : -3.699807
[setup reg-reg] _14411_/Q -> _14521_/D : -3.650986
[setup reg-reg] _14411_/Q -> _14524_/D : -3.577153
[setup reg-reg] _14411_/Q -> _14526_/D : -3.533678
[setup reg-reg] _14411_/Q -> _14530_/D : -3.521851
[setup reg-reg] _14411_/Q -> _14520_/D : -3.498966
[setup reg-reg] _14411_/Q -> _14522_/D : -3.484453
[setup reg-reg] _14411_/Q -> _14527_/D : -3.481250
[setup reg-reg] _14411_/Q -> _14517_/D : -3.421303
[setup reg-reg] _14411_/Q -> _14514_/D : -3.356719
[setup reg-reg] _14411_/Q -> _14516_/D : -3.335670
[setup reg-reg] _14411_/Q -> _14509_/D : -3.302153
[setup reg-reg] _14411_/Q -> _14515_/D : -3.229253
[setup reg-reg] _14411_/Q -> _14513_/D : -3.203173
[setup reg-reg] _14411_/Q -> _14512_/D : -2.966993
[setup reg-reg] _14411_/Q -> _14507_/D : -2.907988
[setup reg-reg] _14411_/Q -> _14506_/D : -2.824998
[setup reg-reg] _14411_/Q -> _14511_/D : -2.750985
[setup reg-reg] _14411_/Q -> _14510_/D : -2.580692
[setup reg-reg] _14411_/Q -> _14505_/D : -2.558711
[setup reg-reg] _14411_/Q -> _14508_/D : -2.550843
[setup reg-reg] _14484_/Q -> _14351_/D : -2.353771
[setup reg-reg] _14411_/Q -> _14504_/D : -2.314367
[setup reg-reg] _14411_/Q -> _14503_/D : -2.290821
[setup reg-reg] _14411_/Q -> _14500_/D : -2.209368
[setup reg-reg] _14411_/Q -> _14501_/D : -1.883856
[setup reg-reg] _14411_/Q -> _14502_/D : -1.804199
Writing metric timing__hold_vio__count__corner:nom_tt_025C_1v80: 66
Writing metric timing__hold_r2r__ws__corner:nom_tt_025C_1v80: 0.249198
Writing metric timing__hold_r2r_vio__count__corner:nom_tt_025C_1v80: 0
Writing metric timing__setup_vio__count__corner:nom_tt_025C_1v80: 58
Writing metric timing__setup_r2r__ws__corner:nom_tt_025C_1v80: -6.167253
Writing metric timing__setup_r2r_vio__count__corner:nom_tt_025C_1v80: 58
