Clock: clk
Sources: clk 
Generated: no
Virtual: yes
Propagated: no
Period: 25.000000

===========================================================================
report_clock_properties
============================================================================
Clock                   Period          Waveform
----------------------------------------------------
clk                  25.000000    0.000000 12.500000

===========================================================================
report_clock_latency
============================================================================
Clock clk
rise -> rise
    min     max
0.000000 0.000000 source latency
0.581005         network latency _15928_/CLK
        0.818792 network latency _15987_/CLK
---------------
0.581005 0.818792 latency
        0.237788 skew

fall -> fall
    min     max
0.000000 0.000000 source latency
0.480965         network latency _15928_/CLK
        0.699801 network latency _15987_/CLK
---------------
0.480965 0.699801 latency
        0.218836 skew



===========================================================================
report_clock_min_period
============================================================================
clk period_min = 8.89 fmax = 112.54
