Reading OpenROAD database at '/mnt/c/Data/IEEE/32Bit-ALU/pd/runs/RUN_2026-01-21_11-02-41/20-openroad-generatepdn/ALU.odb'…
Reading library file at '/home/diddy/.ciel/ciel/sky130/versions/0fe599b2afb6708d281543108caf8310912f54af/sky130A/libs.ref/sky130_fd_sc_hd/lib/sky130_fd_sc_hd__tt_025C_1v80.lib'…
Reading design constraints file at '/nix/store/ifgrnqkf6pcsk2qzdn5bai2rvd4skbbc-python3-3.11.9-env/lib/python3.11/site-packages/librelane/scripts/base.sdc'…
[INFO] Using clock clk…
[INFO] Setting output delay to: 3.0
[INFO] Setting input delay to: 3.0
[INFO] Setting load to: 0.033442
[INFO] Setting clock uncertainty to: 0.25
[INFO] Setting clock transition to: 0.1499999999999999944488848768742172978818416595458984375
[INFO] Setting timing derate to: 5%
+ global_placement -density 0.4 -skip_io -pad_right 0 -pad_left 0 -init_wirelength_coef 0.25
[INFO GPL-0002] DBU: 1000
[INFO GPL-0003] SiteSize: (  0.460  2.720 ) um
[INFO GPL-0004] CoreBBox: (  5.520 10.880 ) ( 386.860 391.680 ) um
[INFO GPL-0006] NumInstances:              7288
[INFO GPL-0007] NumPlaceInstances:         4949
[INFO GPL-0008] NumFixedInstances:         2339
[INFO GPL-0009] NumDummyInstances:            0
[INFO GPL-0010] NumNets:                   5017
[INFO GPL-0011] NumPins:                  18746
[INFO GPL-0012] DieBBox:  (  0.000  0.000 ) ( 392.810 403.530 ) um
[INFO GPL-0013] CoreBBox: (  5.520 10.880 ) ( 386.860 391.680 ) um
[INFO GPL-0016] CoreArea:            145214.272 um^2
[INFO GPL-0017] NonPlaceInstsArea:     3627.229 um^2
[INFO GPL-0018] PlaceInstsArea:       51012.675 um^2
[INFO GPL-0019] Util:                    36.029 %
[INFO GPL-0020] StdInstsArea:         51012.675 um^2
[INFO GPL-0021] MacroInstsArea:           0.000 um^2
[INFO GPL-0031] FillerInit:NumGCells:      5523
[INFO GPL-0032] FillerInit:NumGNets:       5017
[INFO GPL-0033] FillerInit:NumGPins:      18746
[INFO GPL-0023] TargetDensity:            0.400
[INFO GPL-0024] AvrgPlaceInstArea:       10.308 um^2
[INFO GPL-0025] IdealBinArea:            25.769 um^2
[INFO GPL-0026] IdealBinCnt:               5635
[INFO GPL-0027] TotalBinArea:        145214.272 um^2
[INFO GPL-0028] BinCnt:        64     64
[INFO GPL-0029] BinSize: (  5.959  5.950 )
[INFO GPL-0030] NumBins: 4096
[NesterovSolve] Iter:    1 overflow: 0.999 HPWL: 13326009
[NesterovSolve] Iter:   10 overflow: 0.997 HPWL: 8589269
[NesterovSolve] Iter:   20 overflow: 0.997 HPWL: 8055639
[NesterovSolve] Iter:   30 overflow: 0.996 HPWL: 7792466
[NesterovSolve] Iter:   40 overflow: 0.996 HPWL: 7676757
[NesterovSolve] Iter:   50 overflow: 0.996 HPWL: 7636810
[NesterovSolve] Iter:   60 overflow: 0.996 HPWL: 7620500
[NesterovSolve] Iter:   70 overflow: 0.996 HPWL: 7611929
[NesterovSolve] Iter:   80 overflow: 0.996 HPWL: 7604305
[NesterovSolve] Iter:   90 overflow: 0.996 HPWL: 7604207
[NesterovSolve] Iter:  100 overflow: 0.995 HPWL: 7639976
[NesterovSolve] Iter:  110 overflow: 0.995 HPWL: 7778030
[NesterovSolve] Iter:  120 overflow: 0.994 HPWL: 8230710
[NesterovSolve] Iter:  130 overflow: 0.991 HPWL: 9346677
[NesterovSolve] Iter:  140 overflow: 0.986 HPWL: 11698054
[NesterovSolve] Iter:  150 overflow: 0.978 HPWL: 15494633
[NesterovSolve] Iter:  160 overflow: 0.967 HPWL: 19312653
[NesterovSolve] Iter:  170 overflow: 0.953 HPWL: 22926045
[NesterovSolve] Iter:  180 overflow: 0.937 HPWL: 27110073
[NesterovSolve] Iter:  190 overflow: 0.915 HPWL: 32419615
[NesterovSolve] Iter:  200 overflow: 0.886 HPWL: 38413037
[NesterovSolve] Iter:  210 overflow: 0.854 HPWL: 43897315
[NesterovSolve] Iter:  220 overflow: 0.823 HPWL: 48999816
[NesterovSolve] Iter:  230 overflow: 0.790 HPWL: 54786507
[NesterovSolve] Iter:  240 overflow: 0.749 HPWL: 61518451
[NesterovSolve] Iter:  250 overflow: 0.705 HPWL: 67979042
[NesterovSolve] Iter:  260 overflow: 0.662 HPWL: 72934968
[NesterovSolve] Iter:  270 overflow: 0.612 HPWL: 77184880
[NesterovSolve] Iter:  280 overflow: 0.561 HPWL: 80556776
[NesterovSolve] Iter:  290 overflow: 0.509 HPWL: 83900551
[NesterovSolve] Iter:  300 overflow: 0.455 HPWL: 87364299
[NesterovSolve] Iter:  310 overflow: 0.419 HPWL: 88893029
[NesterovSolve] Iter:  320 overflow: 0.380 HPWL: 90581470
[NesterovSolve] Iter:  330 overflow: 0.340 HPWL: 91787177
[NesterovSolve] Iter:  340 overflow: 0.313 HPWL: 92190208
[NesterovSolve] Iter:  350 overflow: 0.287 HPWL: 92645006
[NesterovSolve] Iter:  360 overflow: 0.261 HPWL: 93309020
[NesterovSolve] Iter:  370 overflow: 0.237 HPWL: 93760442
[NesterovSolve] Iter:  380 overflow: 0.216 HPWL: 94147081
[NesterovSolve] Iter:  390 overflow: 0.191 HPWL: 94487561
[NesterovSolve] Iter:  400 overflow: 0.172 HPWL: 94912567
[NesterovSolve] Iter:  410 overflow: 0.152 HPWL: 95255121
[NesterovSolve] Iter:  420 overflow: 0.135 HPWL: 95616127
[NesterovSolve] Iter:  430 overflow: 0.120 HPWL: 96023271
[NesterovSolve] Iter:  440 overflow: 0.104 HPWL: 96494901
[NesterovSolve] Finished with Overflow: 0.098340
[INFO] Setting RC values…
Setting global connections for newly added cells…
[INFO] Setting global connections...
Updating metrics…
Cell type report:                       Count       Area
  Fill cell                               280    1051.01
  Tap cell                               2059    2576.22
  Inverter                                415    1557.74
  Sequential cell                         314    8250.41
  Multi-Input combinational cell         4220   41204.52
  Total                                  7288   54639.90
Writing OpenROAD database to '/mnt/c/Data/IEEE/32Bit-ALU/pd/runs/RUN_2026-01-21_11-02-41/23-openroad-globalplacementskipio/ALU.odb'…
Writing netlist to '/mnt/c/Data/IEEE/32Bit-ALU/pd/runs/RUN_2026-01-21_11-02-41/23-openroad-globalplacementskipio/ALU.nl.v'…
Writing powered netlist to '/mnt/c/Data/IEEE/32Bit-ALU/pd/runs/RUN_2026-01-21_11-02-41/23-openroad-globalplacementskipio/ALU.pnl.v'…
Writing layout to '/mnt/c/Data/IEEE/32Bit-ALU/pd/runs/RUN_2026-01-21_11-02-41/23-openroad-globalplacementskipio/ALU.def'…
Writing timing constraints to '/mnt/c/Data/IEEE/32Bit-ALU/pd/runs/RUN_2026-01-21_11-02-41/23-openroad-globalplacementskipio/ALU.sdc'…
