Reading timing models for corner nom_tt_025C_1v80…
Reading timing library for the 'nom_tt_025C_1v80' corner at '/home/diddy/.ciel/ciel/sky130/versions/0fe599b2afb6708d281543108caf8310912f54af/sky130A/libs.ref/sky130_fd_sc_hd/lib/sky130_fd_sc_hd__tt_025C_1v80.lib'…
Reading timing models for corner nom_ff_n40C_1v95…
Reading timing library for the 'nom_ff_n40C_1v95' corner at '/home/diddy/.ciel/ciel/sky130/versions/0fe599b2afb6708d281543108caf8310912f54af/sky130A/libs.ref/sky130_fd_sc_hd/lib/sky130_fd_sc_hd__ff_n40C_1v95.lib'…
Reading timing models for corner nom_ss_100C_1v60…
Reading timing library for the 'nom_ss_100C_1v60' corner at '/home/diddy/.ciel/ciel/sky130/versions/0fe599b2afb6708d281543108caf8310912f54af/sky130A/libs.ref/sky130_fd_sc_hd/lib/sky130_fd_sc_hd__ss_100C_1v60.lib'…
Reading OpenROAD database at '/mnt/c/Data/IEEE/32Bit-ALU/pd/runs/RUN_2026-01-21_11-02-41/27-openroad-globalplacement/ALU.odb'…
Reading design constraints file at '/nix/store/ifgrnqkf6pcsk2qzdn5bai2rvd4skbbc-python3-3.11.9-env/lib/python3.11/site-packages/librelane/scripts/base.sdc'…
[INFO] Using clock clk…
[INFO] Setting output delay to: 3.0
[INFO] Setting input delay to: 3.0
[INFO] Setting load to: 0.033442
[INFO] Setting clock uncertainty to: 0.25
[INFO] Setting clock transition to: 0.1499999999999999944488848768742172978818416595458984375
[INFO] Setting timing derate to: 5%
[INFO] Setting RC values…
[INFO RSZ-0027] Inserted 67 input buffers.
[INFO RSZ-0028] Inserted 34 output buffers.
[INFO RSZ-0058] Using max wire length 6335um.
Iteration | Resized | Buffers | Nets repaired | Remaining
---------------------------------------------------------
        0 |       0 |       0 |             0 |      5118
      100 |      95 |       1 |             1 |      5018
      200 |     181 |       8 |             4 |      4918
      300 |     263 |      12 |             5 |      4818
      400 |     349 |      12 |             5 |      4718
      500 |     432 |      12 |             5 |      4618
      600 |     512 |      12 |             5 |      4518
      700 |     593 |      16 |             7 |      4418
      800 |     676 |      16 |             7 |      4318
      900 |     756 |      16 |             8 |      4218
     1000 |     845 |      16 |             8 |      4118
     1100 |     926 |      17 |            10 |      4018
     1200 |    1010 |      17 |            10 |      3918
     1300 |    1105 |      27 |            15 |      3818
     1400 |    1178 |      31 |            19 |      3718
     1500 |    1270 |      44 |            24 |      3618
     1600 |    1347 |      50 |            30 |      3518
     1700 |    1422 |      51 |            31 |      3418
     1800 |    1489 |      51 |            32 |      3318
     1900 |    1572 |      52 |            33 |      3218
     2000 |    1669 |      65 |            35 |      3118
     2100 |    1751 |      66 |            36 |      3018
     2200 |    1837 |      66 |            36 |      2918
     2300 |    1924 |      66 |            36 |      2818
     2400 |    2015 |      66 |            36 |      2718
     2500 |    2111 |      66 |            36 |      2618
     2600 |    2209 |      66 |            36 |      2518
     2700 |    2307 |      66 |            36 |      2418
     2800 |    2405 |      66 |            36 |      2318
     2900 |    2502 |      66 |            36 |      2218
     3000 |    2598 |      66 |            36 |      2118
     3100 |    2697 |      66 |            36 |      2018
     3200 |    2794 |      67 |            37 |      1918
     3300 |    2889 |      74 |            41 |      1818
     3400 |    2987 |      74 |            41 |      1718
     3500 |    3085 |      74 |            41 |      1618
     3600 |    3182 |      74 |            41 |      1518
     3700 |    3248 |      74 |            41 |      1418
     3800 |    3342 |      87 |            46 |      1318
     3900 |    3434 |      87 |            46 |      1218
     4000 |    3526 |      87 |            46 |      1118
     4100 |    3622 |      87 |            46 |      1018
     4200 |    3719 |      87 |            46 |       918
     4300 |    3815 |      87 |            46 |       818
     4400 |    3904 |      93 |            50 |       718
     4500 |    4003 |      96 |            53 |       618
     4600 |    4392 |     401 |           109 |       518
     4700 |    4464 |     405 |           140 |       418
     4800 |    4464 |     405 |           240 |       318
     4900 |    4464 |     405 |           340 |       218
     5000 |    4522 |     448 |           425 |       118
     5100 |    4573 |     448 |           425 |        18
    final |    4573 |     448 |           425 |         0
---------------------------------------------------------
[INFO RSZ-0034] Found 331 slew violations.
[INFO RSZ-0035] Found 95 fanout violations.
[INFO RSZ-0038] Inserted 448 buffers in 425 nets.
[INFO RSZ-0039] Resized 4573 instances.
Placement Analysis
---------------------------------
total displacement      11136.7 u
average displacement        1.4 u
max displacement            9.3 u
original HPWL          146354.0 u
legalized HPWL         155199.9 u
delta HPWL                    6 %

[INFO DPL-0020] Mirrored 2292 instances
[INFO DPL-0021] HPWL before          155199.9 u
[INFO DPL-0022] HPWL after           151494.1 u
[INFO DPL-0023] HPWL delta               -2.4 %
[INFO] Setting RC values…
Setting global connections for newly added cells…
[INFO] Setting global connections...
Updating metrics…
Cell type report:                       Count       Area
  Fill cell                               280    1051.01
  Tap cell                               2059    2576.22
  Timing Repair Buffer                    549    3211.83
  Inverter                                415    1557.74
  Sequential cell                         314    8035.21
  Multi-Input combinational cell         4220   32044.48
  Total                                  7837   48476.49
Writing OpenROAD database to '/mnt/c/Data/IEEE/32Bit-ALU/pd/runs/RUN_2026-01-21_11-02-41/31-openroad-repairdesignpostgpl/ALU.odb'…
Writing netlist to '/mnt/c/Data/IEEE/32Bit-ALU/pd/runs/RUN_2026-01-21_11-02-41/31-openroad-repairdesignpostgpl/ALU.nl.v'…
Writing powered netlist to '/mnt/c/Data/IEEE/32Bit-ALU/pd/runs/RUN_2026-01-21_11-02-41/31-openroad-repairdesignpostgpl/ALU.pnl.v'…
Writing layout to '/mnt/c/Data/IEEE/32Bit-ALU/pd/runs/RUN_2026-01-21_11-02-41/31-openroad-repairdesignpostgpl/ALU.def'…
Writing timing constraints to '/mnt/c/Data/IEEE/32Bit-ALU/pd/runs/RUN_2026-01-21_11-02-41/31-openroad-repairdesignpostgpl/ALU.sdc'…
