Clock: clk
Sources: clk 
Generated: no
Virtual: yes
Propagated: no
Period: 20.000000

===========================================================================
report_clock_properties
============================================================================
Clock                   Period          Waveform
----------------------------------------------------
clk                  20.000000    0.000000 10.000000

===========================================================================
report_clock_latency
============================================================================
Clock clk
rise -> rise
    min     max
0.000000 0.000000 source latency
0.507601         network latency _9344_/CLK
        0.554671 network latency _9442_/CLK
---------------
0.507601 0.554671 latency
        0.047070 skew

fall -> fall
    min     max
0.000000 0.000000 source latency
0.435765         network latency _9344_/CLK
        0.470576 network latency _9442_/CLK
---------------
0.435765 0.470576 latency
        0.034811 skew



===========================================================================
report_clock_min_period
============================================================================
clk period_min = 7.07 fmax = 141.41
