Reading OpenROAD database at '/mnt/c/Data/IEEE/32Bit-ALU/pd/runs/RUN_2026-01-21_11-02-41/38-openroad-globalrouting/ALU.odb'…
Reading library file at '/home/diddy/.ciel/ciel/sky130/versions/0fe599b2afb6708d281543108caf8310912f54af/sky130A/libs.ref/sky130_fd_sc_hd/lib/sky130_fd_sc_hd__tt_025C_1v80.lib'…
Reading design constraints file at '/nix/store/ifgrnqkf6pcsk2qzdn5bai2rvd4skbbc-python3-3.11.9-env/lib/python3.11/site-packages/librelane/scripts/base.sdc'…
[INFO] Using clock clk…
[INFO] Setting output delay to: 3.0
[INFO] Setting input delay to: 3.0
[INFO] Setting load to: 0.033442
[INFO] Setting clock uncertainty to: 0.25
[INFO] Setting clock transition to: 0.1499999999999999944488848768742172978818416595458984375
[INFO] Setting timing derate to: 5%
%OL_CREATE_REPORT /mnt/c/Data/IEEE/32Bit-ALU/pd/runs/RUN_2026-01-21_11-02-41/39-openroad-checkantennas/reports/antenna.rpt
Net: adder_inst.exp_larger\[4\]
  Pin:   _9390_/D (sky130_fd_sc_hd__dfrtp_1)
    Layer: mcon
      Partial area ratio:    0.23
      Required ratio:    3.00 (Gate area) 
      Cumulative area ratio:    0.23
      Required ratio:    0.00 (Cumulative area) 

    Layer: met1
      Partial area ratio:   88.95
      Required ratio:    0.00 (Gate area) 
      Cumulative area ratio:   88.95
      Required ratio:    0.00 (Cumulative area) 
      Partial area ratio:  443.72
      Required ratio:  400.00 (Side area) (VIOLATED)
      Cumulative area ratio:  443.72
      Required ratio:    0.00 (Cumulative side area) 

    Layer: via
      Partial area ratio:    0.36
      Required ratio:    6.00 (Gate area) 
      Cumulative area ratio:    0.59
      Required ratio:    0.00 (Cumulative area) 

    Layer: met2
      Partial area ratio:    9.95
      Required ratio:    0.00 (Gate area) 
      Cumulative area ratio:   98.90
      Required ratio:    0.00 (Cumulative area) 
      Partial area ratio:   48.67
      Required ratio: 2771.60 (Side area) 
      Cumulative area ratio:  492.39
      Required ratio:    0.00 (Cumulative side area) 



Net: adder_inst.exp_larger\[5\]
  Pin:   _9391_/D (sky130_fd_sc_hd__dfrtp_1)
    Layer: mcon
      Partial area ratio:    0.23
      Required ratio:    3.00 (Gate area) 
      Cumulative area ratio:    0.23
      Required ratio:    0.00 (Cumulative area) 

    Layer: met1
      Partial area ratio:  134.02
      Required ratio:    0.00 (Gate area) 
      Cumulative area ratio:  134.02
      Required ratio:    0.00 (Cumulative area) 
      Partial area ratio:  668.64
      Required ratio:  400.00 (Side area) (VIOLATED)
      Cumulative area ratio:  668.64
      Required ratio:    0.00 (Cumulative side area) 

    Layer: via
      Partial area ratio:    0.36
      Required ratio:    6.00 (Gate area) 
      Cumulative area ratio:    0.59
      Required ratio:    0.00 (Cumulative area) 

    Layer: met2
      Partial area ratio:    9.95
      Required ratio:    0.00 (Gate area) 
      Cumulative area ratio:  143.97
      Required ratio:    0.00 (Cumulative area) 
      Partial area ratio:   48.67
      Required ratio: 2771.60 (Side area) 
      Cumulative area ratio:  717.31
      Required ratio:    0.00 (Cumulative side area) 



Net: net67
  Pin:   fanout523/A (sky130_fd_sc_hd__buf_4)
    Layer: mcon
      Partial area ratio:    0.12
      Required ratio:    3.00 (Gate area) 
      Cumulative area ratio:    0.12
      Required ratio:    0.00 (Cumulative area) 

    Layer: met1
      Partial area ratio:    2.02
      Required ratio:    0.00 (Gate area) 
      Cumulative area ratio:    2.02
      Required ratio:    0.00 (Cumulative area) 
      Partial area ratio:    9.36
      Required ratio:  400.00 (Side area) 
      Cumulative area ratio:    9.36
      Required ratio:    0.00 (Cumulative side area) 

    Layer: via
      Partial area ratio:    0.18
      Required ratio:    6.00 (Gate area) 
      Cumulative area ratio:    0.30
      Required ratio:    0.00 (Cumulative area) 

    Layer: met2
      Partial area ratio:    7.18
      Required ratio:    0.00 (Gate area) 
      Cumulative area ratio:    9.20
      Required ratio:    0.00 (Cumulative area) 
      Partial area ratio:   35.36
      Required ratio: 2753.36 (Side area) 
      Cumulative area ratio:   44.72
      Required ratio:    0.00 (Cumulative side area) 


  Pin:   fanout549/A (sky130_fd_sc_hd__clkbuf_4)
    Layer: mcon
      Partial area ratio:    0.14
      Required ratio:    3.00 (Gate area) 
      Cumulative area ratio:    0.14
      Required ratio:    0.00 (Cumulative area) 

    Layer: met1
      Partial area ratio:  128.17
      Required ratio:    0.00 (Gate area) 
      Cumulative area ratio:  128.17
      Required ratio:    0.00 (Cumulative area) 
      Partial area ratio:  639.97
      Required ratio:  400.00 (Side area) (VIOLATED)
      Cumulative area ratio:  639.97
      Required ratio:    0.00 (Cumulative side area) 

    Layer: via
      Partial area ratio:    0.21
      Required ratio:    6.00 (Gate area) 
      Cumulative area ratio:    0.35
      Required ratio:    0.00 (Cumulative area) 

    Layer: met2
      Partial area ratio:    7.18
      Required ratio:    0.00 (Gate area) 
      Cumulative area ratio:  135.35
      Required ratio:    0.00 (Cumulative area) 
      Partial area ratio:   35.36
      Required ratio: 2753.36 (Side area) 
      Cumulative area ratio:  675.33
      Required ratio:    0.00 (Cumulative side area) 



Net: net211
  Pin:   _8504_/A1 (sky130_fd_sc_hd__a22oi_2)
    Layer: mcon
      Partial area ratio:    0.06
      Required ratio:    3.00 (Gate area) 
      Cumulative area ratio:    0.06
      Required ratio:    0.00 (Cumulative area) 

    Layer: met1
      Partial area ratio:    8.44
      Required ratio:    0.00 (Gate area) 
      Cumulative area ratio:    8.44
      Required ratio:    0.00 (Cumulative area) 
      Partial area ratio:   41.83
      Required ratio:  400.00 (Side area) 
      Cumulative area ratio:   41.83
      Required ratio:    0.00 (Cumulative side area) 

    Layer: via
      Partial area ratio:    0.09
      Required ratio:    6.00 (Gate area) 
      Cumulative area ratio:    0.15
      Required ratio:    0.00 (Cumulative area) 

    Layer: met2
      Partial area ratio:   13.55
      Required ratio:    0.00 (Gate area) 
      Cumulative area ratio:   21.99
      Required ratio:    0.00 (Cumulative area) 
      Partial area ratio:   67.27
      Required ratio: 2918.08 (Side area) 
      Cumulative area ratio:  109.10
      Required ratio:    0.00 (Cumulative side area) 


  Pin:   fanout205/A (sky130_fd_sc_hd__buf_2)
    Layer: mcon
      Partial area ratio:    0.18
      Required ratio:    3.00 (Gate area) 
      Cumulative area ratio:    0.18
      Required ratio:    0.00 (Cumulative area) 

    Layer: met1
      Partial area ratio:   34.84
      Required ratio:    0.00 (Gate area) 
      Cumulative area ratio:   34.84
      Required ratio:    0.00 (Cumulative area) 
      Partial area ratio:  172.35
      Required ratio:  400.00 (Side area) 
      Cumulative area ratio:  172.35
      Required ratio:    0.00 (Cumulative side area) 

    Layer: via
      Partial area ratio:    0.42
      Required ratio:    6.00 (Gate area) 
      Cumulative area ratio:    0.61
      Required ratio:    0.00 (Cumulative area) 

    Layer: met2
      Partial area ratio:   13.55
      Required ratio:    0.00 (Gate area) 
      Cumulative area ratio:   48.39
      Required ratio:    0.00 (Cumulative area) 
      Partial area ratio:   67.27
      Required ratio: 2918.08 (Side area) 
      Cumulative area ratio:  239.62
      Required ratio:    0.00 (Cumulative side area) 


  Pin:   fanout206/A (sky130_fd_sc_hd__clkbuf_2)
    Layer: mcon
      Partial area ratio:    0.14
      Required ratio:    3.00 (Gate area) 
      Cumulative area ratio:    0.14
      Required ratio:    0.00 (Cumulative area) 

    Layer: met1
      Partial area ratio:   15.02
      Required ratio:    0.00 (Gate area) 
      Cumulative area ratio:   15.02
      Required ratio:    0.00 (Cumulative area) 
      Partial area ratio:   73.75
      Required ratio:  400.00 (Side area) 
      Cumulative area ratio:   73.75
      Required ratio:    0.00 (Cumulative side area) 

    Layer: via
      Partial area ratio:    0.32
      Required ratio:    6.00 (Gate area) 
      Cumulative area ratio:    0.45
      Required ratio:    0.00 (Cumulative area) 

    Layer: met2
      Partial area ratio:   13.55
      Required ratio:    0.00 (Gate area) 
      Cumulative area ratio:   28.57
      Required ratio:    0.00 (Cumulative area) 
      Partial area ratio:   67.27
      Required ratio: 2918.08 (Side area) 
      Cumulative area ratio:  141.02
      Required ratio:    0.00 (Cumulative side area) 


  Pin:   fanout207/A (sky130_fd_sc_hd__buf_2)
    Layer: mcon
      Partial area ratio:    0.18
      Required ratio:    3.00 (Gate area) 
      Cumulative area ratio:    0.18
      Required ratio:    0.00 (Cumulative area) 

    Layer: met1
      Partial area ratio:   34.17
      Required ratio:    0.00 (Gate area) 
      Cumulative area ratio:   34.17
      Required ratio:    0.00 (Cumulative area) 
      Partial area ratio:  168.59
      Required ratio: 2918.08 (Side area) 
      Cumulative area ratio:  168.59
      Required ratio:    0.00 (Cumulative side area) 

    Layer: via
      Partial area ratio:    0.42
      Required ratio:   34.63 (Gate area) 
      Cumulative area ratio:    0.61
      Required ratio:    0.00 (Cumulative area) 

    Layer: met2
      Partial area ratio:   13.55
      Required ratio:    0.00 (Gate area) 
      Cumulative area ratio:   47.72
      Required ratio:    0.00 (Cumulative area) 
      Partial area ratio:   67.27
      Required ratio: 2918.08 (Side area) 
      Cumulative area ratio:  235.86
      Required ratio:    0.00 (Cumulative side area) 


  Pin:   fanout208/A (sky130_fd_sc_hd__dlymetal6s2s_1)
    Layer: mcon
      Partial area ratio:    0.23
      Required ratio:    3.00 (Gate area) 
      Cumulative area ratio:    0.23
      Required ratio:    0.00 (Cumulative area) 

    Layer: met1
      Partial area ratio:   95.59
      Required ratio:    0.00 (Gate area) 
      Cumulative area ratio:   95.59
      Required ratio:    0.00 (Cumulative area) 
      Partial area ratio:  475.62
      Required ratio:  400.00 (Side area) (VIOLATED)
      Cumulative area ratio:  475.62
      Required ratio:    0.00 (Cumulative side area) 

    Layer: via
      Partial area ratio:    0.54
      Required ratio:    6.00 (Gate area) 
      Cumulative area ratio:    0.77
      Required ratio:    0.00 (Cumulative area) 

    Layer: met2
      Partial area ratio:   13.55
      Required ratio:    0.00 (Gate area) 
      Cumulative area ratio:  109.14
      Required ratio:    0.00 (Cumulative area) 
      Partial area ratio:   67.27
      Required ratio: 2918.08 (Side area) 
      Cumulative area ratio:  542.89
      Required ratio:    0.00 (Cumulative side area) 


  Pin:   fanout210/A (sky130_fd_sc_hd__clkbuf_2)
    Layer: mcon
      Partial area ratio:    0.14
      Required ratio:    3.00 (Gate area) 
      Cumulative area ratio:    0.14
      Required ratio:    0.00 (Cumulative area) 

    Layer: met1
      Partial area ratio:   20.93
      Required ratio:    0.00 (Gate area) 
      Cumulative area ratio:   20.93
      Required ratio:    0.00 (Cumulative area) 
      Partial area ratio:  103.80
      Required ratio:  400.00 (Side area) 
      Cumulative area ratio:  103.80
      Required ratio:    0.00 (Cumulative side area) 

    Layer: via
      Partial area ratio:    0.21
      Required ratio:    6.00 (Gate area) 
      Cumulative area ratio:    0.35
      Required ratio:    0.00 (Cumulative area) 

    Layer: met2
      Partial area ratio:   13.55
      Required ratio:    0.00 (Gate area) 
      Cumulative area ratio:   34.48
      Required ratio:    0.00 (Cumulative area) 
      Partial area ratio:   67.27
      Required ratio: 2918.08 (Side area) 
      Cumulative area ratio:  171.07
      Required ratio:    0.00 (Cumulative side area) 



Net: net230
  Pin:   _8455_/A (sky130_fd_sc_hd__or2_1)
    Layer: mcon
      Partial area ratio:    0.23
      Required ratio:    3.00 (Gate area) 
      Cumulative area ratio:    0.23
      Required ratio:    0.00 (Cumulative area) 

    Layer: met1
      Partial area ratio:  128.23
      Required ratio:    0.00 (Gate area) 
      Cumulative area ratio:  128.23
      Required ratio:    0.00 (Cumulative area) 
      Partial area ratio:  639.68
      Required ratio:  400.00 (Side area) (VIOLATED)
      Cumulative area ratio:  639.68
      Required ratio:    0.00 (Cumulative side area) 

    Layer: via
      Partial area ratio:    0.36
      Required ratio:    6.00 (Gate area) 
      Cumulative area ratio:    0.59
      Required ratio:    0.00 (Cumulative area) 

    Layer: met2
      Partial area ratio:    9.56
      Required ratio:    0.00 (Gate area) 
      Cumulative area ratio:  137.79
      Required ratio:    0.00 (Cumulative area) 
      Partial area ratio:   45.94
      Required ratio:  400.00 (Side area) 
      Cumulative area ratio:  685.62
      Required ratio:    0.00 (Cumulative side area) 

    Layer: via2
      Partial area ratio:    0.63
      Required ratio:    6.00 (Gate area) 
      Cumulative area ratio:    1.22
      Required ratio:    0.00 (Cumulative area) 

    Layer: met3
      Partial area ratio:  100.55
      Required ratio:    0.00 (Gate area) 
      Cumulative area ratio:  238.34
      Required ratio:    0.00 (Cumulative area) 
      Partial area ratio:  543.68
      Required ratio:  400.00 (Side area) (VIOLATED)
      Cumulative area ratio: 1229.30
      Required ratio:    0.00 (Cumulative side area) 

    Layer: via3
      Partial area ratio:    0.63
      Required ratio:    6.00 (Gate area) 
      Cumulative area ratio:    1.86
      Required ratio:    0.00 (Cumulative area) 

    Layer: met4
      Partial area ratio:   52.62
      Required ratio:    0.00 (Gate area) 
      Cumulative area ratio:  290.96
      Required ratio:    0.00 (Cumulative area) 
      Partial area ratio:  281.71
      Required ratio: 2918.08 (Side area) 
      Cumulative area ratio: 1511.02
      Required ratio:    0.00 (Cumulative side area) 


  Pin:   fanout225/A (sky130_fd_sc_hd__clkbuf_4)
    Layer: mcon
      Partial area ratio:    0.14
      Required ratio:    3.00 (Gate area) 
      Cumulative area ratio:    0.14
      Required ratio:    0.00 (Cumulative area) 

    Layer: met1
      Partial area ratio:    4.21
      Required ratio:    0.00 (Gate area) 
      Cumulative area ratio:    4.21
      Required ratio:    0.00 (Cumulative area) 
      Partial area ratio:   20.16
      Required ratio:  400.00 (Side area) 
      Cumulative area ratio:   20.16
      Required ratio:    0.00 (Cumulative side area) 

    Layer: via
      Partial area ratio:    0.21
      Required ratio:    6.00 (Gate area) 
      Cumulative area ratio:    0.35
      Required ratio:    0.00 (Cumulative area) 

    Layer: met2
      Partial area ratio:    8.40
      Required ratio:    0.00 (Gate area) 
      Cumulative area ratio:   12.61
      Required ratio:    0.00 (Cumulative area) 
      Partial area ratio:   41.38
      Required ratio:  400.00 (Side area) 
      Cumulative area ratio:   61.54
      Required ratio:    0.00 (Cumulative side area) 

    Layer: via2
      Partial area ratio:    0.08
      Required ratio:    6.00 (Gate area) 
      Cumulative area ratio:    0.42
      Required ratio:    0.00 (Cumulative area) 

    Layer: met3
      Partial area ratio:    0.24
      Required ratio:    0.00 (Gate area) 
      Cumulative area ratio:   12.84
      Required ratio:    0.00 (Cumulative area) 
      Partial area ratio:    2.14
      Required ratio:  400.00 (Side area) 
      Cumulative area ratio:   63.68
      Required ratio:    0.00 (Cumulative side area) 

    Layer: via3
      Partial area ratio:    0.08
      Required ratio:    6.00 (Gate area) 
      Cumulative area ratio:    0.50
      Required ratio:    0.00 (Cumulative area) 

    Layer: met4
      Partial area ratio:   52.62
      Required ratio:    0.00 (Gate area) 
      Cumulative area ratio:   65.46
      Required ratio:    0.00 (Cumulative area) 
      Partial area ratio:  281.71
      Required ratio: 2918.08 (Side area) 
      Cumulative area ratio:  345.39
      Required ratio:    0.00 (Cumulative side area) 


  Pin:   fanout226/A (sky130_fd_sc_hd__buf_2)
    Layer: mcon
      Partial area ratio:    0.18
      Required ratio:    3.00 (Gate area) 
      Cumulative area ratio:    0.18
      Required ratio:    0.00 (Cumulative area) 

    Layer: met1
      Partial area ratio:   74.43
      Required ratio:    0.00 (Gate area) 
      Cumulative area ratio:   74.43
      Required ratio:    0.00 (Cumulative area) 
      Partial area ratio:  370.32
      Required ratio:  400.00 (Side area) 
      Cumulative area ratio:  370.32
      Required ratio:    0.00 (Cumulative side area) 

    Layer: via
      Partial area ratio:    0.42
      Required ratio:    6.00 (Gate area) 
      Cumulative area ratio:    0.61
      Required ratio:    0.00 (Cumulative area) 

    Layer: met2
      Partial area ratio:    8.40
      Required ratio:    0.00 (Gate area) 
      Cumulative area ratio:   82.83
      Required ratio:    0.00 (Cumulative area) 
      Partial area ratio:   41.38
      Required ratio:  400.00 (Side area) 
      Cumulative area ratio:  411.70
      Required ratio:    0.00 (Cumulative side area) 

    Layer: via2
      Partial area ratio:    0.08
      Required ratio:    6.00 (Gate area) 
      Cumulative area ratio:    0.68
      Required ratio:    0.00 (Cumulative area) 

    Layer: met3
      Partial area ratio:    0.24
      Required ratio:    0.00 (Gate area) 
      Cumulative area ratio:   83.07
      Required ratio:    0.00 (Cumulative area) 
      Partial area ratio:    2.14
      Required ratio:  400.00 (Side area) 
      Cumulative area ratio:  413.84
      Required ratio:    0.00 (Cumulative side area) 

    Layer: via3
      Partial area ratio:    0.08
      Required ratio:    6.00 (Gate area) 
      Cumulative area ratio:    0.76
      Required ratio:    0.00 (Cumulative area) 

    Layer: met4
      Partial area ratio:   52.62
      Required ratio:    0.00 (Gate area) 
      Cumulative area ratio:  135.69
      Required ratio:    0.00 (Cumulative area) 
      Partial area ratio:  281.71
      Required ratio: 2918.08 (Side area) 
      Cumulative area ratio:  695.55
      Required ratio:    0.00 (Cumulative side area) 


  Pin:   fanout227/A (sky130_fd_sc_hd__buf_2)
    Layer: mcon
      Partial area ratio:    0.18
      Required ratio:    3.00 (Gate area) 
      Cumulative area ratio:    0.18
      Required ratio:    0.00 (Cumulative area) 

    Layer: met1
      Partial area ratio:    8.25
      Required ratio:    0.00 (Gate area) 
      Cumulative area ratio:    8.25
      Required ratio:    0.00 (Cumulative area) 
      Partial area ratio:   39.42
      Required ratio:  400.00 (Side area) 
      Cumulative area ratio:   39.42
      Required ratio:    0.00 (Cumulative side area) 

    Layer: via
      Partial area ratio:    0.42
      Required ratio:    6.00 (Gate area) 
      Cumulative area ratio:    0.61
      Required ratio:    0.00 (Cumulative area) 

    Layer: met2
      Partial area ratio:    8.40
      Required ratio:    0.00 (Gate area) 
      Cumulative area ratio:   16.65
      Required ratio:    0.00 (Cumulative area) 
      Partial area ratio:   41.38
      Required ratio:  400.00 (Side area) 
      Cumulative area ratio:   80.80
      Required ratio:    0.00 (Cumulative side area) 

    Layer: via2
      Partial area ratio:    0.08
      Required ratio:    6.00 (Gate area) 
      Cumulative area ratio:    0.68
      Required ratio:    0.00 (Cumulative area) 

    Layer: met3
      Partial area ratio:    0.24
      Required ratio:    0.00 (Gate area) 
      Cumulative area ratio:   16.89
      Required ratio:    0.00 (Cumulative area) 
      Partial area ratio:    2.14
      Required ratio:  400.00 (Side area) 
      Cumulative area ratio:   82.94
      Required ratio:    0.00 (Cumulative side area) 

    Layer: via3
      Partial area ratio:    0.08
      Required ratio:    6.00 (Gate area) 
      Cumulative area ratio:    0.76
      Required ratio:    0.00 (Cumulative area) 

    Layer: met4
      Partial area ratio:   52.62
      Required ratio:    0.00 (Gate area) 
      Cumulative area ratio:   69.51
      Required ratio:    0.00 (Cumulative area) 
      Partial area ratio:  281.71
      Required ratio: 2918.08 (Side area) 
      Cumulative area ratio:  364.65
      Required ratio:    0.00 (Cumulative side area) 


  Pin:   fanout229/A (sky130_fd_sc_hd__clkbuf_4)
    Layer: mcon
      Partial area ratio:    0.14
      Required ratio:    3.00 (Gate area) 
      Cumulative area ratio:    0.14
      Required ratio:    0.00 (Cumulative area) 

    Layer: met1
      Partial area ratio:    4.75
      Required ratio:    0.00 (Gate area) 
      Cumulative area ratio:    4.75
      Required ratio:    0.00 (Cumulative area) 
      Partial area ratio:   22.86
      Required ratio:  400.00 (Side area) 
      Cumulative area ratio:   22.86
      Required ratio:    0.00 (Cumulative side area) 

    Layer: via
      Partial area ratio:    0.21
      Required ratio:    6.00 (Gate area) 
      Cumulative area ratio:    0.35
      Required ratio:    0.00 (Cumulative area) 

    Layer: met2
      Partial area ratio:    5.97
      Required ratio:    0.00 (Gate area) 
      Cumulative area ratio:   10.71
      Required ratio:    0.00 (Cumulative area) 
      Partial area ratio:   28.94
      Required ratio: 2918.08 (Side area) 
      Cumulative area ratio:   51.79
      Required ratio:    0.00 (Cumulative side area) 

    Layer: via2
      Partial area ratio:    0.19
      Required ratio:   34.63 (Gate area) 
      Cumulative area ratio:    0.53
      Required ratio:    0.00 (Cumulative area) 

    Layer: met3
      Partial area ratio:    0.59
      Required ratio:    0.00 (Gate area) 
      Cumulative area ratio:   11.30
      Required ratio:    0.00 (Cumulative area) 
      Partial area ratio:    5.33
      Required ratio: 2918.08 (Side area) 
      Cumulative area ratio:   57.13
      Required ratio:    0.00 (Cumulative side area) 

    Layer: via3
      Partial area ratio:    0.19
      Required ratio:   34.63 (Gate area) 
      Cumulative area ratio:    0.72
      Required ratio:    0.00 (Cumulative area) 

    Layer: met4
      Partial area ratio:   52.62
      Required ratio:    0.00 (Gate area) 
      Cumulative area ratio:   63.92
      Required ratio:    0.00 (Cumulative area) 
      Partial area ratio:  281.71
      Required ratio: 2918.08 (Side area) 
      Cumulative area ratio:  338.84
      Required ratio:    0.00 (Cumulative side area) 



Net: net236
  Pin:   _8462_/A (sky130_fd_sc_hd__or2_1)
    Layer: mcon
      Partial area ratio:    0.23
      Required ratio:    3.00 (Gate area) 
      Cumulative area ratio:    0.23
      Required ratio:    0.00 (Cumulative area) 

    Layer: met1
      Partial area ratio:  145.98
      Required ratio:    0.00 (Gate area) 
      Cumulative area ratio:  145.98
      Required ratio:    0.00 (Cumulative area) 
      Partial area ratio:  727.59
      Required ratio:  400.00 (Side area) (VIOLATED)
      Cumulative area ratio:  727.59
      Required ratio:    0.00 (Cumulative side area) 

    Layer: via
      Partial area ratio:    0.54
      Required ratio:    6.00 (Gate area) 
      Cumulative area ratio:    0.77
      Required ratio:    0.00 (Cumulative area) 

    Layer: met2
      Partial area ratio:   18.92
      Required ratio:    0.00 (Gate area) 
      Cumulative area ratio:  164.91
      Required ratio:    0.00 (Cumulative area) 
      Partial area ratio:   92.80
      Required ratio: 2918.08 (Side area) 
      Cumulative area ratio:  820.40
      Required ratio:    0.00 (Cumulative side area) 

    Layer: via2
      Partial area ratio:    0.12
      Required ratio:   34.63 (Gate area) 
      Cumulative area ratio:    0.88
      Required ratio:    0.00 (Cumulative area) 

    Layer: met3
      Partial area ratio:    0.37
      Required ratio:    0.00 (Gate area) 
      Cumulative area ratio:  165.28
      Required ratio:    0.00 (Cumulative area) 
      Partial area ratio:    3.35
      Required ratio: 2918.08 (Side area) 
      Cumulative area ratio:  823.75
      Required ratio:    0.00 (Cumulative side area) 

    Layer: via3
      Partial area ratio:    0.12
      Required ratio:   34.63 (Gate area) 
      Cumulative area ratio:    1.00
      Required ratio:    0.00 (Cumulative area) 

    Layer: met4
      Partial area ratio:   40.58
      Required ratio:    0.00 (Gate area) 
      Cumulative area ratio:  205.86
      Required ratio:    0.00 (Cumulative area) 
      Partial area ratio:  216.99
      Required ratio: 2918.08 (Side area) 
      Cumulative area ratio: 1040.74
      Required ratio:    0.00 (Cumulative side area) 


  Pin:   fanout231/A (sky130_fd_sc_hd__clkbuf_4)
    Layer: mcon
      Partial area ratio:    0.14
      Required ratio:    3.00 (Gate area) 
      Cumulative area ratio:    0.14
      Required ratio:    0.00 (Cumulative area) 

    Layer: met1
      Partial area ratio:    2.54
      Required ratio:    0.00 (Gate area) 
      Cumulative area ratio:    2.54
      Required ratio:    0.00 (Cumulative area) 
      Partial area ratio:   11.81
      Required ratio:  400.00 (Side area) 
      Cumulative area ratio:   11.81
      Required ratio:    0.00 (Cumulative side area) 

    Layer: via
      Partial area ratio:    0.21
      Required ratio:    6.00 (Gate area) 
      Cumulative area ratio:    0.35
      Required ratio:    0.00 (Cumulative area) 

    Layer: met2
      Partial area ratio:   10.22
      Required ratio:    0.00 (Gate area) 
      Cumulative area ratio:   12.76
      Required ratio:    0.00 (Cumulative area) 
      Partial area ratio:   50.48
      Required ratio:  400.00 (Side area) 
      Cumulative area ratio:   62.29
      Required ratio:    0.00 (Cumulative side area) 

    Layer: via2
      Partial area ratio:    0.08
      Required ratio:    6.00 (Gate area) 
      Cumulative area ratio:    0.42
      Required ratio:    0.00 (Cumulative area) 

    Layer: met3
      Partial area ratio:    0.24
      Required ratio:    0.00 (Gate area) 
      Cumulative area ratio:   12.99
      Required ratio:    0.00 (Cumulative area) 
      Partial area ratio:    2.14
      Required ratio:  400.00 (Side area) 
      Cumulative area ratio:   64.43
      Required ratio:    0.00 (Cumulative side area) 

    Layer: via3
      Partial area ratio:    0.08
      Required ratio:    6.00 (Gate area) 
      Cumulative area ratio:    0.50
      Required ratio:    0.00 (Cumulative area) 

    Layer: met4
      Partial area ratio:   40.58
      Required ratio:    0.00 (Gate area) 
      Cumulative area ratio:   53.58
      Required ratio:    0.00 (Cumulative area) 
      Partial area ratio:  216.99
      Required ratio: 2918.08 (Side area) 
      Cumulative area ratio:  281.42
      Required ratio:    0.00 (Cumulative side area) 


  Pin:   fanout232/A (sky130_fd_sc_hd__buf_2)
    Layer: mcon
      Partial area ratio:    0.18
      Required ratio:    3.00 (Gate area) 
      Cumulative area ratio:    0.18
      Required ratio:    0.00 (Cumulative area) 

    Layer: met1
      Partial area ratio:   56.13
      Required ratio:    0.00 (Gate area) 
      Cumulative area ratio:   56.13
      Required ratio:    0.00 (Cumulative area) 
      Partial area ratio:  278.79
      Required ratio:  400.00 (Side area) 
      Cumulative area ratio:  278.79
      Required ratio:    0.00 (Cumulative side area) 

    Layer: via
      Partial area ratio:    0.42
      Required ratio:    6.00 (Gate area) 
      Cumulative area ratio:    0.61
      Required ratio:    0.00 (Cumulative area) 

    Layer: met2
      Partial area ratio:   10.22
      Required ratio:    0.00 (Gate area) 
      Cumulative area ratio:   66.35
      Required ratio:    0.00 (Cumulative area) 
      Partial area ratio:   50.48
      Required ratio:  400.00 (Side area) 
      Cumulative area ratio:  329.27
      Required ratio:    0.00 (Cumulative side area) 

    Layer: via2
      Partial area ratio:    0.08
      Required ratio:    6.00 (Gate area) 
      Cumulative area ratio:    0.68
      Required ratio:    0.00 (Cumulative area) 

    Layer: met3
      Partial area ratio:    0.24
      Required ratio:    0.00 (Gate area) 
      Cumulative area ratio:   66.58
      Required ratio:    0.00 (Cumulative area) 
      Partial area ratio:    2.14
      Required ratio:  400.00 (Side area) 
      Cumulative area ratio:  331.41
      Required ratio:    0.00 (Cumulative side area) 

    Layer: via3
      Partial area ratio:    0.08
      Required ratio:    6.00 (Gate area) 
      Cumulative area ratio:    0.76
      Required ratio:    0.00 (Cumulative area) 

    Layer: met4
      Partial area ratio:   40.58
      Required ratio:    0.00 (Gate area) 
      Cumulative area ratio:  107.17
      Required ratio:    0.00 (Cumulative area) 
      Partial area ratio:  216.99
      Required ratio: 2918.08 (Side area) 
      Cumulative area ratio:  548.40
      Required ratio:    0.00 (Cumulative side area) 


  Pin:   fanout233/A (sky130_fd_sc_hd__buf_2)
    Layer: mcon
      Partial area ratio:    0.18
      Required ratio:    3.00 (Gate area) 
      Cumulative area ratio:    0.18
      Required ratio:    0.00 (Cumulative area) 

    Layer: met1
      Partial area ratio:   35.09
      Required ratio:    0.00 (Gate area) 
      Cumulative area ratio:   35.09
      Required ratio:    0.00 (Cumulative area) 
      Partial area ratio:  173.58
      Required ratio:  400.00 (Side area) 
      Cumulative area ratio:  173.58
      Required ratio:    0.00 (Cumulative side area) 

    Layer: via
      Partial area ratio:    0.42
      Required ratio:    6.00 (Gate area) 
      Cumulative area ratio:    0.61
      Required ratio:    0.00 (Cumulative area) 

    Layer: met2
      Partial area ratio:   10.22
      Required ratio:    0.00 (Gate area) 
      Cumulative area ratio:   45.30
      Required ratio:    0.00 (Cumulative area) 
      Partial area ratio:   50.48
      Required ratio:  400.00 (Side area) 
      Cumulative area ratio:  224.06
      Required ratio:    0.00 (Cumulative side area) 

    Layer: via2
      Partial area ratio:    0.08
      Required ratio:    6.00 (Gate area) 
      Cumulative area ratio:    0.68
      Required ratio:    0.00 (Cumulative area) 

    Layer: met3
      Partial area ratio:    0.24
      Required ratio:    0.00 (Gate area) 
      Cumulative area ratio:   45.54
      Required ratio:    0.00 (Cumulative area) 
      Partial area ratio:    2.14
      Required ratio:  400.00 (Side area) 
      Cumulative area ratio:  226.20
      Required ratio:    0.00 (Cumulative side area) 

    Layer: via3
      Partial area ratio:    0.08
      Required ratio:    6.00 (Gate area) 
      Cumulative area ratio:    0.76
      Required ratio:    0.00 (Cumulative area) 

    Layer: met4
      Partial area ratio:   40.58
      Required ratio:    0.00 (Gate area) 
      Cumulative area ratio:   86.12
      Required ratio:    0.00 (Cumulative area) 
      Partial area ratio:  216.99
      Required ratio: 2918.08 (Side area) 
      Cumulative area ratio:  443.19
      Required ratio:    0.00 (Cumulative side area) 


  Pin:   fanout235/A (sky130_fd_sc_hd__clkbuf_4)
    Layer: mcon
      Partial area ratio:    0.14
      Required ratio:    3.00 (Gate area) 
      Cumulative area ratio:    0.14
      Required ratio:    0.00 (Cumulative area) 

    Layer: met1
      Partial area ratio:    2.39
      Required ratio:    0.00 (Gate area) 
      Cumulative area ratio:    2.39
      Required ratio:    0.00 (Cumulative area) 
      Partial area ratio:   11.09
      Required ratio:  400.00 (Side area) 
      Cumulative area ratio:   11.09
      Required ratio:    0.00 (Cumulative side area) 

    Layer: via
      Partial area ratio:    0.21
      Required ratio:    6.00 (Gate area) 
      Cumulative area ratio:    0.35
      Required ratio:    0.00 (Cumulative area) 

    Layer: met2
      Partial area ratio:   18.92
      Required ratio:    0.00 (Gate area) 
      Cumulative area ratio:   21.32
      Required ratio:    0.00 (Cumulative area) 
      Partial area ratio:   92.80
      Required ratio: 2918.08 (Side area) 
      Cumulative area ratio:  103.89
      Required ratio:    0.00 (Cumulative side area) 

    Layer: via2
      Partial area ratio:    0.12
      Required ratio:   34.63 (Gate area) 
      Cumulative area ratio:    0.46
      Required ratio:    0.00 (Cumulative area) 

    Layer: met3
      Partial area ratio:    0.37
      Required ratio:    0.00 (Gate area) 
      Cumulative area ratio:   21.69
      Required ratio:    0.00 (Cumulative area) 
      Partial area ratio:    3.35
      Required ratio: 2918.08 (Side area) 
      Cumulative area ratio:  107.24
      Required ratio:    0.00 (Cumulative side area) 

    Layer: via3
      Partial area ratio:    0.12
      Required ratio:   34.63 (Gate area) 
      Cumulative area ratio:    0.58
      Required ratio:    0.00 (Cumulative area) 

    Layer: met4
      Partial area ratio:   40.58
      Required ratio:    0.00 (Gate area) 
      Cumulative area ratio:   62.27
      Required ratio:    0.00 (Cumulative area) 
      Partial area ratio:  216.99
      Required ratio: 2918.08 (Side area) 
      Cumulative area ratio:  324.24
      Required ratio:    0.00 (Cumulative side area) 



Net: net275
  Pin:   _8420_/A1 (sky130_fd_sc_hd__o21ai_1)
    Layer: mcon
      Partial area ratio:    0.12
      Required ratio:    3.00 (Gate area) 
      Cumulative area ratio:    0.12
      Required ratio:    0.00 (Cumulative area) 

    Layer: met1
      Partial area ratio:   36.67
      Required ratio:    0.00 (Gate area) 
      Cumulative area ratio:   36.67
      Required ratio:    0.00 (Cumulative area) 
      Partial area ratio:  182.58
      Required ratio:  400.00 (Side area) 
      Cumulative area ratio:  182.58
      Required ratio:    0.00 (Cumulative side area) 

    Layer: via
      Partial area ratio:    0.18
      Required ratio:    6.00 (Gate area) 
      Cumulative area ratio:    0.30
      Required ratio:    0.00 (Cumulative area) 

    Layer: met2
      Partial area ratio:    4.80
      Required ratio:    0.00 (Gate area) 
      Cumulative area ratio:   41.46
      Required ratio:    0.00 (Cumulative area) 
      Partial area ratio:   23.26
      Required ratio:  400.00 (Side area) 
      Cumulative area ratio:  205.84
      Required ratio:    0.00 (Cumulative side area) 

    Layer: via2
      Partial area ratio:    0.16
      Required ratio:    6.00 (Gate area) 
      Cumulative area ratio:    0.46
      Required ratio:    0.00 (Cumulative area) 

    Layer: met3
      Partial area ratio:  142.68
      Required ratio:    0.00 (Gate area) 
      Cumulative area ratio:  184.15
      Required ratio:    0.00 (Cumulative area) 
      Partial area ratio:  762.86
      Required ratio:  400.00 (Side area) (VIOLATED)
      Cumulative area ratio:  968.70
      Required ratio:    0.00 (Cumulative side area) 

    Layer: via3
      Partial area ratio:    0.16
      Required ratio:    6.00 (Gate area) 
      Cumulative area ratio:    0.62
      Required ratio:    0.00 (Cumulative area) 

    Layer: met4
      Partial area ratio:   25.86
      Required ratio:    0.00 (Gate area) 
      Cumulative area ratio:  210.01
      Required ratio:    0.00 (Cumulative area) 
      Partial area ratio:  138.38
      Required ratio: 2956.40 (Side area) 
      Cumulative area ratio: 1107.08
      Required ratio:    0.00 (Cumulative side area) 


  Pin:   fanout271/A (sky130_fd_sc_hd__buf_2)
    Layer: mcon
      Partial area ratio:    0.18
      Required ratio:    3.00 (Gate area) 
      Cumulative area ratio:    0.18
      Required ratio:    0.00 (Cumulative area) 

    Layer: met1
      Partial area ratio:    1.81
      Required ratio:    0.00 (Gate area) 
      Cumulative area ratio:    1.81
      Required ratio:    0.00 (Cumulative area) 
      Partial area ratio:    7.63
      Required ratio:  400.00 (Side area) 
      Cumulative area ratio:    7.63
      Required ratio:    0.00 (Cumulative side area) 

    Layer: via
      Partial area ratio:    0.28
      Required ratio:    6.00 (Gate area) 
      Cumulative area ratio:    0.46
      Required ratio:    0.00 (Cumulative area) 

    Layer: met2
      Partial area ratio:   32.67
      Required ratio:    0.00 (Gate area) 
      Cumulative area ratio:   34.48
      Required ratio:    0.00 (Cumulative area) 
      Partial area ratio:  162.39
      Required ratio:  400.00 (Side area) 
      Cumulative area ratio:  170.01
      Required ratio:    0.00 (Cumulative side area) 

    Layer: via2
      Partial area ratio:    0.07
      Required ratio:    6.00 (Gate area) 
      Cumulative area ratio:    0.53
      Required ratio:    0.00 (Cumulative area) 

    Layer: met3
      Partial area ratio:    0.21
      Required ratio:    0.00 (Gate area) 
      Cumulative area ratio:   34.69
      Required ratio:    0.00 (Cumulative area) 
      Partial area ratio:    1.94
      Required ratio:  400.00 (Side area) 
      Cumulative area ratio:  171.96
      Required ratio:    0.00 (Cumulative side area) 

    Layer: via3
      Partial area ratio:    0.07
      Required ratio:    6.00 (Gate area) 
      Cumulative area ratio:    0.60
      Required ratio:    0.00 (Cumulative area) 

    Layer: met4
      Partial area ratio:   25.86
      Required ratio:    0.00 (Gate area) 
      Cumulative area ratio:   60.55
      Required ratio:    0.00 (Cumulative area) 
      Partial area ratio:  138.38
      Required ratio: 2956.40 (Side area) 
      Cumulative area ratio:  310.33
      Required ratio:    0.00 (Cumulative side area) 


  Pin:   fanout272/A (sky130_fd_sc_hd__clkbuf_2)
    Layer: mcon
      Partial area ratio:    0.14
      Required ratio:    3.00 (Gate area) 
      Cumulative area ratio:    0.14
      Required ratio:    0.00 (Cumulative area) 

    Layer: met1
      Partial area ratio:    2.15
      Required ratio:    0.00 (Gate area) 
      Cumulative area ratio:    2.15
      Required ratio:    0.00 (Cumulative area) 
      Partial area ratio:    9.88
      Required ratio:  400.00 (Side area) 
      Cumulative area ratio:    9.88
      Required ratio:    0.00 (Cumulative side area) 

    Layer: via
      Partial area ratio:    0.21
      Required ratio:    6.00 (Gate area) 
      Cumulative area ratio:    0.35
      Required ratio:    0.00 (Cumulative area) 

    Layer: met2
      Partial area ratio:   32.67
      Required ratio:    0.00 (Gate area) 
      Cumulative area ratio:   34.82
      Required ratio:    0.00 (Cumulative area) 
      Partial area ratio:  162.39
      Required ratio:  400.00 (Side area) 
      Cumulative area ratio:  172.26
      Required ratio:    0.00 (Cumulative side area) 

    Layer: via2
      Partial area ratio:    0.07
      Required ratio:    6.00 (Gate area) 
      Cumulative area ratio:    0.42
      Required ratio:    0.00 (Cumulative area) 

    Layer: met3
      Partial area ratio:    0.21
      Required ratio:    0.00 (Gate area) 
      Cumulative area ratio:   35.03
      Required ratio:    0.00 (Cumulative area) 
      Partial area ratio:    1.94
      Required ratio:  400.00 (Side area) 
      Cumulative area ratio:  174.21
      Required ratio:    0.00 (Cumulative side area) 

    Layer: via3
      Partial area ratio:    0.07
      Required ratio:    6.00 (Gate area) 
      Cumulative area ratio:    0.48
      Required ratio:    0.00 (Cumulative area) 

    Layer: met4
      Partial area ratio:   25.86
      Required ratio:    0.00 (Gate area) 
      Cumulative area ratio:   60.89
      Required ratio:    0.00 (Cumulative area) 
      Partial area ratio:  138.38
      Required ratio: 2956.40 (Side area) 
      Cumulative area ratio:  312.58
      Required ratio:    0.00 (Cumulative side area) 


  Pin:   fanout273/A (sky130_fd_sc_hd__clkbuf_4)
    Layer: mcon
      Partial area ratio:    0.14
      Required ratio:    3.00 (Gate area) 
      Cumulative area ratio:    0.14
      Required ratio:    0.00 (Cumulative area) 

    Layer: met1
      Partial area ratio:   26.34
      Required ratio:    0.00 (Gate area) 
      Cumulative area ratio:   26.34
      Required ratio:    0.00 (Cumulative area) 
      Partial area ratio:  130.32
      Required ratio:  400.00 (Side area) 
      Cumulative area ratio:  130.32
      Required ratio:    0.00 (Cumulative side area) 

    Layer: via
      Partial area ratio:    0.32
      Required ratio:    6.00 (Gate area) 
      Cumulative area ratio:    0.45
      Required ratio:    0.00 (Cumulative area) 

    Layer: met2
      Partial area ratio:   32.67
      Required ratio:    0.00 (Gate area) 
      Cumulative area ratio:   59.01
      Required ratio:    0.00 (Cumulative area) 
      Partial area ratio:  162.39
      Required ratio:  400.00 (Side area) 
      Cumulative area ratio:  292.71
      Required ratio:    0.00 (Cumulative side area) 

    Layer: via2
      Partial area ratio:    0.07
      Required ratio:    6.00 (Gate area) 
      Cumulative area ratio:    0.52
      Required ratio:    0.00 (Cumulative area) 

    Layer: met3
      Partial area ratio:    0.21
      Required ratio:    0.00 (Gate area) 
      Cumulative area ratio:   59.22
      Required ratio:    0.00 (Cumulative area) 
      Partial area ratio:    1.94
      Required ratio:  400.00 (Side area) 
      Cumulative area ratio:  294.65
      Required ratio:    0.00 (Cumulative side area) 

    Layer: via3
      Partial area ratio:    0.07
      Required ratio:    6.00 (Gate area) 
      Cumulative area ratio:    0.59
      Required ratio:    0.00 (Cumulative area) 

    Layer: met4
      Partial area ratio:   25.86
      Required ratio:    0.00 (Gate area) 
      Cumulative area ratio:   85.08
      Required ratio:    0.00 (Cumulative area) 
      Partial area ratio:  138.38
      Required ratio: 2956.40 (Side area) 
      Cumulative area ratio:  433.03
      Required ratio:    0.00 (Cumulative side area) 


  Pin:   fanout274/A (sky130_fd_sc_hd__clkbuf_4)
    Layer: mcon
      Partial area ratio:    0.14
      Required ratio:    3.00 (Gate area) 
      Cumulative area ratio:    0.14
      Required ratio:    0.00 (Cumulative area) 

    Layer: met1
      Partial area ratio:    8.44
      Required ratio:    0.00 (Gate area) 
      Cumulative area ratio:    8.44
      Required ratio:    0.00 (Cumulative area) 
      Partial area ratio:   40.49
      Required ratio: 2956.40 (Side area) 
      Cumulative area ratio:   40.49
      Required ratio:    0.00 (Cumulative side area) 

    Layer: via
      Partial area ratio:    0.32
      Required ratio:   38.08 (Gate area) 
      Cumulative area ratio:    0.45
      Required ratio:    0.00 (Cumulative area) 

    Layer: met2
      Partial area ratio:    1.27
      Required ratio:    0.00 (Gate area) 
      Cumulative area ratio:    9.70
      Required ratio:    0.00 (Cumulative area) 
      Partial area ratio:    5.95
      Required ratio: 2956.40 (Side area) 
      Cumulative area ratio:   46.44
      Required ratio:    0.00 (Cumulative side area) 

    Layer: via2
      Partial area ratio:    0.19
      Required ratio:   38.08 (Gate area) 
      Cumulative area ratio:    0.64
      Required ratio:    0.00 (Cumulative area) 

    Layer: met3
      Partial area ratio:    0.59
      Required ratio:    0.00 (Gate area) 
      Cumulative area ratio:   10.29
      Required ratio:    0.00 (Cumulative area) 
      Partial area ratio:    5.33
      Required ratio: 2956.40 (Side area) 
      Cumulative area ratio:   51.77
      Required ratio:    0.00 (Cumulative side area) 

    Layer: via3
      Partial area ratio:    0.19
      Required ratio:   38.08 (Gate area) 
      Cumulative area ratio:    0.83
      Required ratio:    0.00 (Cumulative area) 

    Layer: met4
      Partial area ratio:   25.86
      Required ratio:    0.00 (Gate area) 
      Cumulative area ratio:   36.15
      Required ratio:    0.00 (Cumulative area) 
      Partial area ratio:  138.38
      Required ratio: 2956.40 (Side area) 
      Cumulative area ratio:  190.15
      Required ratio:    0.00 (Cumulative side area) 



Net: net358
  Pin:   _4592_/B (sky130_fd_sc_hd__nand2_1)
    Layer: mcon
      Partial area ratio:    0.12
      Required ratio:    3.00 (Gate area) 
      Cumulative area ratio:    0.12
      Required ratio:    0.00 (Cumulative area) 

    Layer: met1
      Partial area ratio:    7.46
      Required ratio:    0.00 (Gate area) 
      Cumulative area ratio:    7.46
      Required ratio:    0.00 (Cumulative area) 
      Partial area ratio:   36.51
      Required ratio:  400.00 (Side area) 
      Cumulative area ratio:   36.51
      Required ratio:    0.00 (Cumulative side area) 

    Layer: via
      Partial area ratio:    0.12
      Required ratio:    6.00 (Gate area) 
      Cumulative area ratio:    0.23
      Required ratio:    0.00 (Cumulative area) 

    Layer: met2
      Partial area ratio:    9.32
      Required ratio:    0.00 (Gate area) 
      Cumulative area ratio:   16.77
      Required ratio:    0.00 (Cumulative area) 
      Partial area ratio:   45.97
      Required ratio:  400.00 (Side area) 
      Cumulative area ratio:   82.48
      Required ratio:    0.00 (Cumulative side area) 

    Layer: via2
      Partial area ratio:    0.04
      Required ratio:    6.00 (Gate area) 
      Cumulative area ratio:    0.27
      Required ratio:    0.00 (Cumulative area) 

    Layer: met3
      Partial area ratio:    0.12
      Required ratio:    0.00 (Gate area) 
      Cumulative area ratio:   16.90
      Required ratio:    0.00 (Cumulative area) 
      Partial area ratio:    1.11
      Required ratio:  400.00 (Side area) 
      Cumulative area ratio:   83.58
      Required ratio:    0.00 (Cumulative side area) 

    Layer: via3
      Partial area ratio:    0.04
      Required ratio:    6.00 (Gate area) 
      Cumulative area ratio:    0.31
      Required ratio:    0.00 (Cumulative area) 

    Layer: met4
      Partial area ratio:   20.80
      Required ratio:    0.00 (Gate area) 
      Cumulative area ratio:   37.70
      Required ratio:    0.00 (Cumulative area) 
      Partial area ratio:  111.26
      Required ratio: 3236.16 (Side area) 
      Cumulative area ratio:  194.85
      Required ratio:    0.00 (Cumulative side area) 


  Pin:   _4595_/A2 (sky130_fd_sc_hd__a31o_1)
    Layer: mcon
      Partial area ratio:    0.12
      Required ratio:    3.00 (Gate area) 
      Cumulative area ratio:    0.12
      Required ratio:    0.00 (Cumulative area) 

    Layer: met1
      Partial area ratio:    7.46
      Required ratio:    0.00 (Gate area) 
      Cumulative area ratio:    7.46
      Required ratio:    0.00 (Cumulative area) 
      Partial area ratio:   36.51
      Required ratio:  400.00 (Side area) 
      Cumulative area ratio:   36.51
      Required ratio:    0.00 (Cumulative side area) 

    Layer: via
      Partial area ratio:    0.12
      Required ratio:    6.00 (Gate area) 
      Cumulative area ratio:    0.23
      Required ratio:    0.00 (Cumulative area) 

    Layer: met2
      Partial area ratio:    9.32
      Required ratio:    0.00 (Gate area) 
      Cumulative area ratio:   16.77
      Required ratio:    0.00 (Cumulative area) 
      Partial area ratio:   45.97
      Required ratio:  400.00 (Side area) 
      Cumulative area ratio:   82.48
      Required ratio:    0.00 (Cumulative side area) 

    Layer: via2
      Partial area ratio:    0.04
      Required ratio:    6.00 (Gate area) 
      Cumulative area ratio:    0.27
      Required ratio:    0.00 (Cumulative area) 

    Layer: met3
      Partial area ratio:    0.12
      Required ratio:    0.00 (Gate area) 
      Cumulative area ratio:   16.90
      Required ratio:    0.00 (Cumulative area) 
      Partial area ratio:    1.11
      Required ratio:  400.00 (Side area) 
      Cumulative area ratio:   83.58
      Required ratio:    0.00 (Cumulative side area) 

    Layer: via3
      Partial area ratio:    0.04
      Required ratio:    6.00 (Gate area) 
      Cumulative area ratio:    0.31
      Required ratio:    0.00 (Cumulative area) 

    Layer: met4
      Partial area ratio:   20.80
      Required ratio:    0.00 (Gate area) 
      Cumulative area ratio:   37.70
      Required ratio:    0.00 (Cumulative area) 
      Partial area ratio:  111.26
      Required ratio: 3236.16 (Side area) 
      Cumulative area ratio:  194.85
      Required ratio:    0.00 (Cumulative side area) 


  Pin:   _8496_/A0 (sky130_fd_sc_hd__mux2_1)
    Layer: mcon
      Partial area ratio:    0.23
      Required ratio:    3.00 (Gate area) 
      Cumulative area ratio:    0.23
      Required ratio:    0.00 (Cumulative area) 

    Layer: met1
      Partial area ratio:  178.26
      Required ratio:    0.00 (Gate area) 
      Cumulative area ratio:  178.26
      Required ratio:    0.00 (Cumulative area) 
      Partial area ratio:  889.83
      Required ratio:  400.00 (Side area) (VIOLATED)
      Cumulative area ratio:  889.83
      Required ratio:    0.00 (Cumulative side area) 

    Layer: via
      Partial area ratio:    0.36
      Required ratio:    6.00 (Gate area) 
      Cumulative area ratio:    0.59
      Required ratio:    0.00 (Cumulative area) 

    Layer: met2
      Partial area ratio:   18.06
      Required ratio:    0.00 (Gate area) 
      Cumulative area ratio:  196.32
      Required ratio:    0.00 (Cumulative area) 
      Partial area ratio:   88.00
      Required ratio: 3236.16 (Side area) 
      Cumulative area ratio:  977.83
      Required ratio:    0.00 (Cumulative side area) 

    Layer: via2
      Partial area ratio:    0.32
      Required ratio:   63.25 (Gate area) 
      Cumulative area ratio:    0.90
      Required ratio:    0.00 (Cumulative area) 

    Layer: met3
      Partial area ratio:    0.99
      Required ratio:    0.00 (Gate area) 
      Cumulative area ratio:  197.31
      Required ratio:    0.00 (Cumulative area) 
      Partial area ratio:    9.02
      Required ratio: 3236.16 (Side area) 
      Cumulative area ratio:  986.85
      Required ratio:    0.00 (Cumulative side area) 

    Layer: via3
      Partial area ratio:    0.32
      Required ratio:   63.25 (Gate area) 
      Cumulative area ratio:    1.22
      Required ratio:    0.00 (Cumulative area) 

    Layer: met4
      Partial area ratio:   20.80
      Required ratio:    0.00 (Gate area) 
      Cumulative area ratio:  218.11
      Required ratio:    0.00 (Cumulative area) 
      Partial area ratio:  111.26
      Required ratio: 3236.16 (Side area) 
      Cumulative area ratio: 1098.11
      Required ratio:    0.00 (Cumulative side area) 


  Pin:   fanout353/A (sky130_fd_sc_hd__buf_2)
    Layer: mcon
      Partial area ratio:    0.18
      Required ratio:    3.00 (Gate area) 
      Cumulative area ratio:    0.18
      Required ratio:    0.00 (Cumulative area) 

    Layer: met1
      Partial area ratio:  103.82
      Required ratio:    0.00 (Gate area) 
      Cumulative area ratio:  103.82
      Required ratio:    0.00 (Cumulative area) 
      Partial area ratio:  517.24
      Required ratio:  400.00 (Side area) (VIOLATED)
      Cumulative area ratio:  517.24
      Required ratio:    0.00 (Cumulative side area) 

    Layer: via
      Partial area ratio:    0.42
      Required ratio:    6.00 (Gate area) 
      Cumulative area ratio:    0.61
      Required ratio:    0.00 (Cumulative area) 

    Layer: met2
      Partial area ratio:    9.32
      Required ratio:    0.00 (Gate area) 
      Cumulative area ratio:  113.14
      Required ratio:    0.00 (Cumulative area) 
      Partial area ratio:   45.97
      Required ratio:  400.00 (Side area) 
      Cumulative area ratio:  563.21
      Required ratio:    0.00 (Cumulative side area) 

    Layer: via2
      Partial area ratio:    0.04
      Required ratio:    6.00 (Gate area) 
      Cumulative area ratio:    0.65
      Required ratio:    0.00 (Cumulative area) 

    Layer: met3
      Partial area ratio:    0.12
      Required ratio:    0.00 (Gate area) 
      Cumulative area ratio:  113.26
      Required ratio:    0.00 (Cumulative area) 
      Partial area ratio:    1.11
      Required ratio:  400.00 (Side area) 
      Cumulative area ratio:  564.32
      Required ratio:    0.00 (Cumulative side area) 

    Layer: via3
      Partial area ratio:    0.04
      Required ratio:    6.00 (Gate area) 
      Cumulative area ratio:    0.68
      Required ratio:    0.00 (Cumulative area) 

    Layer: met4
      Partial area ratio:   20.80
      Required ratio:    0.00 (Gate area) 
      Cumulative area ratio:  134.06
      Required ratio:    0.00 (Cumulative area) 
      Partial area ratio:  111.26
      Required ratio: 3236.16 (Side area) 
      Cumulative area ratio:  675.58
      Required ratio:    0.00 (Cumulative side area) 


  Pin:   fanout354/A (sky130_fd_sc_hd__buf_2)
    Layer: mcon
      Partial area ratio:    0.18
      Required ratio:    3.00 (Gate area) 
      Cumulative area ratio:    0.18
      Required ratio:    0.00 (Cumulative area) 

    Layer: met1
      Partial area ratio:   33.35
      Required ratio:    0.00 (Gate area) 
      Cumulative area ratio:   33.35
      Required ratio:    0.00 (Cumulative area) 
      Partial area ratio:  164.90
      Required ratio:  400.00 (Side area) 
      Cumulative area ratio:  164.90
      Required ratio:    0.00 (Cumulative side area) 

    Layer: via
      Partial area ratio:    0.42
      Required ratio:    6.00 (Gate area) 
      Cumulative area ratio:    0.61
      Required ratio:    0.00 (Cumulative area) 

    Layer: met2
      Partial area ratio:    9.32
      Required ratio:    0.00 (Gate area) 
      Cumulative area ratio:   42.67
      Required ratio:    0.00 (Cumulative area) 
      Partial area ratio:   45.97
      Required ratio:  400.00 (Side area) 
      Cumulative area ratio:  210.86
      Required ratio:    0.00 (Cumulative side area) 

    Layer: via2
      Partial area ratio:    0.04
      Required ratio:    6.00 (Gate area) 
      Cumulative area ratio:    0.65
      Required ratio:    0.00 (Cumulative area) 

    Layer: met3
      Partial area ratio:    0.12
      Required ratio:    0.00 (Gate area) 
      Cumulative area ratio:   42.79
      Required ratio:    0.00 (Cumulative area) 
      Partial area ratio:    1.11
      Required ratio:  400.00 (Side area) 
      Cumulative area ratio:  211.97
      Required ratio:    0.00 (Cumulative side area) 

    Layer: via3
      Partial area ratio:    0.04
      Required ratio:    6.00 (Gate area) 
      Cumulative area ratio:    0.68
      Required ratio:    0.00 (Cumulative area) 

    Layer: met4
      Partial area ratio:   20.80
      Required ratio:    0.00 (Gate area) 
      Cumulative area ratio:   63.59
      Required ratio:    0.00 (Cumulative area) 
      Partial area ratio:  111.26
      Required ratio: 3236.16 (Side area) 
      Cumulative area ratio:  323.23
      Required ratio:    0.00 (Cumulative side area) 


  Pin:   fanout356/A (sky130_fd_sc_hd__buf_4)
    Layer: mcon
      Partial area ratio:    0.12
      Required ratio:    3.00 (Gate area) 
      Cumulative area ratio:    0.12
      Required ratio:    0.00 (Cumulative area) 

    Layer: met1
      Partial area ratio:    4.28
      Required ratio:    0.00 (Gate area) 
      Cumulative area ratio:    4.28
      Required ratio:    0.00 (Cumulative area) 
      Partial area ratio:   20.65
      Required ratio:  400.00 (Side area) 
      Cumulative area ratio:   20.65
      Required ratio:    0.00 (Cumulative side area) 

    Layer: via
      Partial area ratio:    0.18
      Required ratio:    6.00 (Gate area) 
      Cumulative area ratio:    0.30
      Required ratio:    0.00 (Cumulative area) 

    Layer: met2
      Partial area ratio:    0.75
      Required ratio:    0.00 (Gate area) 
      Cumulative area ratio:    5.03
      Required ratio:    0.00 (Cumulative area) 
      Partial area ratio:    3.48
      Required ratio:  400.00 (Side area) 
      Cumulative area ratio:   24.13
      Required ratio:    0.00 (Cumulative side area) 

    Layer: via2
      Partial area ratio:    0.16
      Required ratio:    6.00 (Gate area) 
      Cumulative area ratio:    0.46
      Required ratio:    0.00 (Cumulative area) 

    Layer: met3
      Partial area ratio:    0.50
      Required ratio:    0.00 (Gate area) 
      Cumulative area ratio:    5.54
      Required ratio:    0.00 (Cumulative area) 
      Partial area ratio:    4.59
      Required ratio:  400.00 (Side area) 
      Cumulative area ratio:   28.72
      Required ratio:    0.00 (Cumulative side area) 

    Layer: via3
      Partial area ratio:    0.16
      Required ratio:    6.00 (Gate area) 
      Cumulative area ratio:    0.62
      Required ratio:    0.00 (Cumulative area) 

    Layer: met4
      Partial area ratio:   20.80
      Required ratio:    0.00 (Gate area) 
      Cumulative area ratio:   26.34
      Required ratio:    0.00 (Cumulative area) 
      Partial area ratio:  111.26
      Required ratio: 3236.16 (Side area) 
      Cumulative area ratio:  139.98
      Required ratio:    0.00 (Cumulative side area) 


  Pin:   fanout357/A (sky130_fd_sc_hd__clkbuf_4)
    Layer: mcon
      Partial area ratio:    0.14
      Required ratio:    3.00 (Gate area) 
      Cumulative area ratio:    0.14
      Required ratio:    0.00 (Cumulative area) 

    Layer: met1
      Partial area ratio:    1.11
      Required ratio:    0.00 (Gate area) 
      Cumulative area ratio:    1.11
      Required ratio:    0.00 (Cumulative area) 
      Partial area ratio:    4.22
      Required ratio:  400.00 (Side area) 
      Cumulative area ratio:    4.22
      Required ratio:    0.00 (Cumulative side area) 

    Layer: via
      Partial area ratio:    0.21
      Required ratio:    6.00 (Gate area) 
      Cumulative area ratio:    0.35
      Required ratio:    0.00 (Cumulative area) 

    Layer: met2
      Partial area ratio:    9.32
      Required ratio:    0.00 (Gate area) 
      Cumulative area ratio:   10.43
      Required ratio:    0.00 (Cumulative area) 
      Partial area ratio:   45.97
      Required ratio:  400.00 (Side area) 
      Cumulative area ratio:   50.19
      Required ratio:    0.00 (Cumulative side area) 

    Layer: via2
      Partial area ratio:    0.04
      Required ratio:    6.00 (Gate area) 
      Cumulative area ratio:    0.39
      Required ratio:    0.00 (Cumulative area) 

    Layer: met3
      Partial area ratio:    0.12
      Required ratio:    0.00 (Gate area) 
      Cumulative area ratio:   10.55
      Required ratio:    0.00 (Cumulative area) 
      Partial area ratio:    1.11
      Required ratio:  400.00 (Side area) 
      Cumulative area ratio:   51.30
      Required ratio:    0.00 (Cumulative side area) 

    Layer: via3
      Partial area ratio:    0.04
      Required ratio:    6.00 (Gate area) 
      Cumulative area ratio:    0.42
      Required ratio:    0.00 (Cumulative area) 

    Layer: met4
      Partial area ratio:   20.80
      Required ratio:    0.00 (Gate area) 
      Cumulative area ratio:   31.35
      Required ratio:    0.00 (Cumulative area) 
      Partial area ratio:  111.26
      Required ratio: 3236.16 (Side area) 
      Cumulative area ratio:  162.56
      Required ratio:    0.00 (Cumulative side area) 



Net: net376
  Pin:   _4652_/D (sky130_fd_sc_hd__and4_1)
    Layer: mcon
      Partial area ratio:    0.23
      Required ratio:    3.00 (Gate area) 
      Cumulative area ratio:    0.23
      Required ratio:    0.00 (Cumulative area) 

    Layer: met1
      Partial area ratio:    3.68
      Required ratio:    0.00 (Gate area) 
      Cumulative area ratio:    3.68
      Required ratio:    0.00 (Cumulative area) 
      Partial area ratio:   17.46
      Required ratio:  400.00 (Side area) 
      Cumulative area ratio:   17.46
      Required ratio:    0.00 (Cumulative side area) 

    Layer: via
      Partial area ratio:    0.18
      Required ratio:    6.00 (Gate area) 
      Cumulative area ratio:    0.41
      Required ratio:    0.00 (Cumulative area) 

    Layer: met2
      Partial area ratio:   15.79
      Required ratio:    0.00 (Gate area) 
      Cumulative area ratio:   19.47
      Required ratio:    0.00 (Cumulative area) 
      Partial area ratio:   78.22
      Required ratio: 2918.08 (Side area) 
      Cumulative area ratio:   95.68
      Required ratio:    0.00 (Cumulative side area) 


  Pin:   _4653_/B1 (sky130_fd_sc_hd__a22oi_1)
    Layer: mcon
      Partial area ratio:    0.12
      Required ratio:    3.00 (Gate area) 
      Cumulative area ratio:    0.12
      Required ratio:    0.00 (Cumulative area) 

    Layer: met1
      Partial area ratio:    3.68
      Required ratio:    0.00 (Gate area) 
      Cumulative area ratio:    3.68
      Required ratio:    0.00 (Cumulative area) 
      Partial area ratio:   17.46
      Required ratio:  400.00 (Side area) 
      Cumulative area ratio:   17.46
      Required ratio:    0.00 (Cumulative side area) 

    Layer: via
      Partial area ratio:    0.18
      Required ratio:    6.00 (Gate area) 
      Cumulative area ratio:    0.30
      Required ratio:    0.00 (Cumulative area) 

    Layer: met2
      Partial area ratio:   15.79
      Required ratio:    0.00 (Gate area) 
      Cumulative area ratio:   19.47
      Required ratio:    0.00 (Cumulative area) 
      Partial area ratio:   78.22
      Required ratio: 2918.08 (Side area) 
      Cumulative area ratio:   95.68
      Required ratio:    0.00 (Cumulative side area) 


  Pin:   _8195_/A1 (sky130_fd_sc_hd__mux2_1)
    Layer: mcon
      Partial area ratio:    0.23
      Required ratio:    3.00 (Gate area) 
      Cumulative area ratio:    0.23
      Required ratio:    0.00 (Cumulative area) 

    Layer: met1
      Partial area ratio:    5.01
      Required ratio:    0.00 (Gate area) 
      Cumulative area ratio:    5.01
      Required ratio:    0.00 (Cumulative area) 
      Partial area ratio:   23.56
      Required ratio:  400.00 (Side area) 
      Cumulative area ratio:   23.56
      Required ratio:    0.00 (Cumulative side area) 

    Layer: via
      Partial area ratio:    0.36
      Required ratio:    6.00 (Gate area) 
      Cumulative area ratio:    0.59
      Required ratio:    0.00 (Cumulative area) 

    Layer: met2
      Partial area ratio:   15.79
      Required ratio:    0.00 (Gate area) 
      Cumulative area ratio:   20.79
      Required ratio:    0.00 (Cumulative area) 
      Partial area ratio:   78.22
      Required ratio: 2918.08 (Side area) 
      Cumulative area ratio:  101.78
      Required ratio:    0.00 (Cumulative side area) 


  Pin:   _8464_/A0 (sky130_fd_sc_hd__mux2_1)
    Layer: mcon
      Partial area ratio:    0.23
      Required ratio:    3.00 (Gate area) 
      Cumulative area ratio:    0.23
      Required ratio:    0.00 (Cumulative area) 

    Layer: met1
      Partial area ratio:  143.04
      Required ratio:    0.00 (Gate area) 
      Cumulative area ratio:  143.04
      Required ratio:    0.00 (Cumulative area) 
      Partial area ratio:  712.89
      Required ratio:  400.00 (Side area) (VIOLATED)
      Cumulative area ratio:  712.89
      Required ratio:    0.00 (Cumulative side area) 

    Layer: via
      Partial area ratio:    0.54
      Required ratio:    6.00 (Gate area) 
      Cumulative area ratio:    0.77
      Required ratio:    0.00 (Cumulative area) 

    Layer: met2
      Partial area ratio:   15.79
      Required ratio:    0.00 (Gate area) 
      Cumulative area ratio:  158.83
      Required ratio:    0.00 (Cumulative area) 
      Partial area ratio:   78.22
      Required ratio: 2918.08 (Side area) 
      Cumulative area ratio:  791.11
      Required ratio:    0.00 (Cumulative side area) 


  Pin:   fanout374/A (sky130_fd_sc_hd__clkbuf_4)
    Layer: mcon
      Partial area ratio:    0.14
      Required ratio:    3.00 (Gate area) 
      Cumulative area ratio:    0.14
      Required ratio:    0.00 (Cumulative area) 

    Layer: met1
      Partial area ratio:    3.94
      Required ratio:    0.00 (Gate area) 
      Cumulative area ratio:    3.94
      Required ratio:    0.00 (Cumulative area) 
      Partial area ratio:   18.86
      Required ratio:  400.00 (Side area) 
      Cumulative area ratio:   18.86
      Required ratio:    0.00 (Cumulative side area) 

    Layer: via
      Partial area ratio:    0.16
      Required ratio:    6.00 (Gate area) 
      Cumulative area ratio:    0.29
      Required ratio:    0.00 (Cumulative area) 

    Layer: met2
      Partial area ratio:   15.79
      Required ratio:    0.00 (Gate area) 
      Cumulative area ratio:   19.73
      Required ratio:    0.00 (Cumulative area) 
      Partial area ratio:   78.22
      Required ratio: 2918.08 (Side area) 
      Cumulative area ratio:   97.09
      Required ratio:    0.00 (Cumulative side area) 


  Pin:   fanout375/A (sky130_fd_sc_hd__clkbuf_2)
    Layer: mcon
      Partial area ratio:    0.14
      Required ratio:    3.00 (Gate area) 
      Cumulative area ratio:    0.14
      Required ratio:    0.00 (Cumulative area) 

    Layer: met1
      Partial area ratio:    3.94
      Required ratio:    0.00 (Gate area) 
      Cumulative area ratio:    3.94
      Required ratio:    0.00 (Cumulative area) 
      Partial area ratio:   18.86
      Required ratio:  400.00 (Side area) 
      Cumulative area ratio:   18.86
      Required ratio:    0.00 (Cumulative side area) 

    Layer: via
      Partial area ratio:    0.16
      Required ratio:    6.00 (Gate area) 
      Cumulative area ratio:    0.29
      Required ratio:    0.00 (Cumulative area) 

    Layer: met2
      Partial area ratio:   15.79
      Required ratio:    0.00 (Gate area) 
      Cumulative area ratio:   19.73
      Required ratio:    0.00 (Cumulative area) 
      Partial area ratio:   78.22
      Required ratio: 2918.08 (Side area) 
      Cumulative area ratio:   97.09
      Required ratio:    0.00 (Cumulative side area) 



Net: net391
  Pin:   _5188_/B (sky130_fd_sc_hd__and4_1)
    Layer: mcon
      Partial area ratio:    0.23
      Required ratio:    3.00 (Gate area) 
      Cumulative area ratio:    0.23
      Required ratio:    0.00 (Cumulative area) 

    Layer: met1
      Partial area ratio:   42.79
      Required ratio:    0.00 (Gate area) 
      Cumulative area ratio:   42.79
      Required ratio:    0.00 (Cumulative area) 
      Partial area ratio:  211.62
      Required ratio:  400.00 (Side area) 
      Cumulative area ratio:  211.62
      Required ratio:    0.00 (Cumulative side area) 

    Layer: via
      Partial area ratio:    0.54
      Required ratio:    6.00 (Gate area) 
      Cumulative area ratio:    0.77
      Required ratio:    0.00 (Cumulative area) 

    Layer: met2
      Partial area ratio:    6.88
      Required ratio:    0.00 (Gate area) 
      Cumulative area ratio:   49.67
      Required ratio:    0.00 (Cumulative area) 
      Partial area ratio:   34.00
      Required ratio: 3669.20 (Side area) 
      Cumulative area ratio:  245.62
      Required ratio:    0.00 (Cumulative side area) 


  Pin:   _5190_/A1 (sky130_fd_sc_hd__a22o_1)
    Layer: mcon
      Partial area ratio:    0.12
      Required ratio:    3.00 (Gate area) 
      Cumulative area ratio:    0.12
      Required ratio:    0.00 (Cumulative area) 

    Layer: met1
      Partial area ratio:    3.84
      Required ratio:    0.00 (Gate area) 
      Cumulative area ratio:    3.84
      Required ratio:    0.00 (Cumulative area) 
      Partial area ratio:   18.47
      Required ratio:  400.00 (Side area) 
      Cumulative area ratio:   18.47
      Required ratio:    0.00 (Cumulative side area) 

    Layer: via
      Partial area ratio:    0.18
      Required ratio:    6.00 (Gate area) 
      Cumulative area ratio:    0.30
      Required ratio:    0.00 (Cumulative area) 

    Layer: met2
      Partial area ratio:    6.88
      Required ratio:    0.00 (Gate area) 
      Cumulative area ratio:   10.73
      Required ratio:    0.00 (Cumulative area) 
      Partial area ratio:   34.00
      Required ratio: 3669.20 (Side area) 
      Cumulative area ratio:   52.46
      Required ratio:    0.00 (Cumulative side area) 


  Pin:   _6988_/A (sky130_fd_sc_hd__and4_1)
    Layer: mcon
      Partial area ratio:    0.23
      Required ratio:    3.00 (Gate area) 
      Cumulative area ratio:    0.23
      Required ratio:    0.00 (Cumulative area) 

    Layer: met1
      Partial area ratio:   82.43
      Required ratio:    0.00 (Gate area) 
      Cumulative area ratio:   82.43
      Required ratio:    0.00 (Cumulative area) 
      Partial area ratio:  409.83
      Required ratio:  400.00 (Side area) (VIOLATED)
      Cumulative area ratio:  409.83
      Required ratio:    0.00 (Cumulative side area) 

    Layer: via
      Partial area ratio:    0.54
      Required ratio:    6.00 (Gate area) 
      Cumulative area ratio:    0.77
      Required ratio:    0.00 (Cumulative area) 

    Layer: met2
      Partial area ratio:    6.88
      Required ratio:    0.00 (Gate area) 
      Cumulative area ratio:   89.31
      Required ratio:    0.00 (Cumulative area) 
      Partial area ratio:   34.00
      Required ratio: 3669.20 (Side area) 
      Cumulative area ratio:  443.83
      Required ratio:    0.00 (Cumulative side area) 


  Pin:   _7085_/B (sky130_fd_sc_hd__and4_1)
    Layer: mcon
      Partial area ratio:    0.23
      Required ratio:    3.00 (Gate area) 
      Cumulative area ratio:    0.23
      Required ratio:    0.00 (Cumulative area) 

    Layer: met1
      Partial area ratio:   19.95
      Required ratio:    0.00 (Gate area) 
      Cumulative area ratio:   19.95
      Required ratio:    0.00 (Cumulative area) 
      Partial area ratio:   97.43
      Required ratio:  400.00 (Side area) 
      Cumulative area ratio:   97.43
      Required ratio:    0.00 (Cumulative side area) 

    Layer: via
      Partial area ratio:    0.54
      Required ratio:    6.00 (Gate area) 
      Cumulative area ratio:    0.77
      Required ratio:    0.00 (Cumulative area) 

    Layer: met2
      Partial area ratio:    6.88
      Required ratio:    0.00 (Gate area) 
      Cumulative area ratio:   26.83
      Required ratio:    0.00 (Cumulative area) 
      Partial area ratio:   34.00
      Required ratio: 3669.20 (Side area) 
      Cumulative area ratio:  131.43
      Required ratio:    0.00 (Cumulative side area) 


  Pin:   fanout389/A (sky130_fd_sc_hd__buf_8)
    Layer: mcon
      Partial area ratio:    0.04
      Required ratio:    3.00 (Gate area) 
      Cumulative area ratio:    0.04
      Required ratio:    0.00 (Cumulative area) 

    Layer: met1
      Partial area ratio:    2.77
      Required ratio:    0.00 (Gate area) 
      Cumulative area ratio:    2.77
      Required ratio:    0.00 (Cumulative area) 
      Partial area ratio:   13.45
      Required ratio:  400.00 (Side area) 
      Cumulative area ratio:   13.45
      Required ratio:    0.00 (Cumulative side area) 

    Layer: via
      Partial area ratio:    0.07
      Required ratio:    6.00 (Gate area) 
      Cumulative area ratio:    0.11
      Required ratio:    0.00 (Cumulative area) 

    Layer: met2
      Partial area ratio:    6.88
      Required ratio:    0.00 (Gate area) 
      Cumulative area ratio:    9.65
      Required ratio:    0.00 (Cumulative area) 
      Partial area ratio:   34.00
      Required ratio: 3669.20 (Side area) 
      Cumulative area ratio:   47.45
      Required ratio:    0.00 (Cumulative side area) 


  Pin:   clone81/A (sky130_fd_sc_hd__clkbuf_1)
    Layer: mcon
      Partial area ratio:    0.15
      Required ratio:    3.00 (Gate area) 
      Cumulative area ratio:    0.15
      Required ratio:    0.00 (Cumulative area) 

    Layer: met1
      Partial area ratio:    2.77
      Required ratio:    0.00 (Gate area) 
      Cumulative area ratio:    2.77
      Required ratio:    0.00 (Cumulative area) 
      Partial area ratio:   13.45
      Required ratio:  400.00 (Side area) 
      Cumulative area ratio:   13.45
      Required ratio:    0.00 (Cumulative side area) 

    Layer: via
      Partial area ratio:    0.07
      Required ratio:    6.00 (Gate area) 
      Cumulative area ratio:    0.22
      Required ratio:    0.00 (Cumulative area) 

    Layer: met2
      Partial area ratio:    6.88
      Required ratio:    0.00 (Gate area) 
      Cumulative area ratio:    9.65
      Required ratio:    0.00 (Cumulative area) 
      Partial area ratio:   34.00
      Required ratio: 3669.20 (Side area) 
      Cumulative area ratio:   47.45
      Required ratio:    0.00 (Cumulative side area) 



Net: net429
  Pin:   _4951_/D (sky130_fd_sc_hd__and4bb_1)
    Layer: mcon
      Partial area ratio:    0.23
      Required ratio:    3.00 (Gate area) 
      Cumulative area ratio:    0.23
      Required ratio:    0.00 (Cumulative area) 

    Layer: met1
      Partial area ratio:    5.51
      Required ratio:    0.00 (Gate area) 
      Cumulative area ratio:    5.51
      Required ratio:    0.00 (Cumulative area) 
      Partial area ratio:   26.09
      Required ratio:  400.00 (Side area) 
      Cumulative area ratio:   26.09
      Required ratio:    0.00 (Cumulative side area) 

    Layer: via
      Partial area ratio:    0.36
      Required ratio:    6.00 (Gate area) 
      Cumulative area ratio:    0.59
      Required ratio:    0.00 (Cumulative area) 

    Layer: met2
      Partial area ratio:   16.57
      Required ratio:    0.00 (Gate area) 
      Cumulative area ratio:   22.08
      Required ratio:    0.00 (Cumulative area) 
      Partial area ratio:   82.15
      Required ratio: 3134.60 (Side area) 
      Cumulative area ratio:  108.25
      Required ratio:    0.00 (Cumulative side area) 

    Layer: via2
      Partial area ratio:    0.03
      Required ratio:   54.11 (Gate area) 
      Cumulative area ratio:    0.62
      Required ratio:    0.00 (Cumulative area) 

    Layer: met3
      Partial area ratio:    0.11
      Required ratio:    0.00 (Gate area) 
      Cumulative area ratio:   22.19
      Required ratio:    0.00 (Cumulative area) 
      Partial area ratio:    0.97
      Required ratio: 3134.60 (Side area) 
      Cumulative area ratio:  109.22
      Required ratio:    0.00 (Cumulative side area) 

    Layer: via3
      Partial area ratio:    0.03
      Required ratio:   54.11 (Gate area) 
      Cumulative area ratio:    0.65
      Required ratio:    0.00 (Cumulative area) 

    Layer: met4
      Partial area ratio:   18.74
      Required ratio:    0.00 (Gate area) 
      Cumulative area ratio:   40.92
      Required ratio:    0.00 (Cumulative area) 
      Partial area ratio:  100.29
      Required ratio: 3134.60 (Side area) 
      Cumulative area ratio:  209.50
      Required ratio:    0.00 (Cumulative side area) 


  Pin:   _5205_/A2_N (sky130_fd_sc_hd__o2bb2a_1)
    Layer: mcon
      Partial area ratio:    0.23
      Required ratio:    3.00 (Gate area) 
      Cumulative area ratio:    0.23
      Required ratio:    0.00 (Cumulative area) 

    Layer: met1
      Partial area ratio:    4.09
      Required ratio:    0.00 (Gate area) 
      Cumulative area ratio:    4.09
      Required ratio:    0.00 (Cumulative area) 
      Partial area ratio:   18.96
      Required ratio:  400.00 (Side area) 
      Cumulative area ratio:   18.96
      Required ratio:    0.00 (Cumulative side area) 

    Layer: via
      Partial area ratio:    0.36
      Required ratio:    6.00 (Gate area) 
      Cumulative area ratio:    0.59
      Required ratio:    0.00 (Cumulative area) 

    Layer: met2
      Partial area ratio:   16.57
      Required ratio:    0.00 (Gate area) 
      Cumulative area ratio:   20.65
      Required ratio:    0.00 (Cumulative area) 
      Partial area ratio:   82.15
      Required ratio: 3134.60 (Side area) 
      Cumulative area ratio:  101.11
      Required ratio:    0.00 (Cumulative side area) 

    Layer: via2
      Partial area ratio:    0.03
      Required ratio:   54.11 (Gate area) 
      Cumulative area ratio:    0.62
      Required ratio:    0.00 (Cumulative area) 

    Layer: met3
      Partial area ratio:    0.11
      Required ratio:    0.00 (Gate area) 
      Cumulative area ratio:   20.76
      Required ratio:    0.00 (Cumulative area) 
      Partial area ratio:    0.97
      Required ratio: 3134.60 (Side area) 
      Cumulative area ratio:  102.08
      Required ratio:    0.00 (Cumulative side area) 

    Layer: via3
      Partial area ratio:    0.03
      Required ratio:   54.11 (Gate area) 
      Cumulative area ratio:    0.65
      Required ratio:    0.00 (Cumulative area) 

    Layer: met4
      Partial area ratio:   18.74
      Required ratio:    0.00 (Gate area) 
      Cumulative area ratio:   39.50
      Required ratio:    0.00 (Cumulative area) 
      Partial area ratio:  100.29
      Required ratio: 3134.60 (Side area) 
      Cumulative area ratio:  202.37
      Required ratio:    0.00 (Cumulative side area) 


  Pin:   _8370_/A (sky130_fd_sc_hd__nand2_1)
    Layer: mcon
      Partial area ratio:    0.12
      Required ratio:    3.00 (Gate area) 
      Cumulative area ratio:    0.12
      Required ratio:    0.00 (Cumulative area) 

    Layer: met1
      Partial area ratio:   84.05
      Required ratio:    0.00 (Gate area) 
      Cumulative area ratio:   84.05
      Required ratio:    0.00 (Cumulative area) 
      Partial area ratio:  419.51
      Required ratio:  400.00 (Side area) (VIOLATED)
      Cumulative area ratio:  419.51
      Required ratio:    0.00 (Cumulative side area) 

    Layer: via
      Partial area ratio:    0.18
      Required ratio:    6.00 (Gate area) 
      Cumulative area ratio:    0.30
      Required ratio:    0.00 (Cumulative area) 

    Layer: met2
      Partial area ratio:   16.57
      Required ratio:    0.00 (Gate area) 
      Cumulative area ratio:  100.62
      Required ratio:    0.00 (Cumulative area) 
      Partial area ratio:   82.15
      Required ratio: 3134.60 (Side area) 
      Cumulative area ratio:  501.66
      Required ratio:    0.00 (Cumulative side area) 

    Layer: via2
      Partial area ratio:    0.03
      Required ratio:   54.11 (Gate area) 
      Cumulative area ratio:    0.33
      Required ratio:    0.00 (Cumulative area) 

    Layer: met3
      Partial area ratio:    0.11
      Required ratio:    0.00 (Gate area) 
      Cumulative area ratio:  100.73
      Required ratio:    0.00 (Cumulative area) 
      Partial area ratio:    0.97
      Required ratio: 3134.60 (Side area) 
      Cumulative area ratio:  502.63
      Required ratio:    0.00 (Cumulative side area) 

    Layer: via3
      Partial area ratio:    0.03
      Required ratio:   54.11 (Gate area) 
      Cumulative area ratio:    0.37
      Required ratio:    0.00 (Cumulative area) 

    Layer: met4
      Partial area ratio:   18.74
      Required ratio:    0.00 (Gate area) 
      Cumulative area ratio:  119.46
      Required ratio:    0.00 (Cumulative area) 
      Partial area ratio:  100.29
      Required ratio: 3134.60 (Side area) 
      Cumulative area ratio:  602.92
      Required ratio:    0.00 (Cumulative side area) 


  Pin:   fanout425/A (sky130_fd_sc_hd__buf_4)
    Layer: mcon
      Partial area ratio:    0.12
      Required ratio:    3.00 (Gate area) 
      Cumulative area ratio:    0.12
      Required ratio:    0.00 (Cumulative area) 

    Layer: met1
      Partial area ratio:   48.91
      Required ratio:    0.00 (Gate area) 
      Cumulative area ratio:   48.91
      Required ratio:    0.00 (Cumulative area) 
      Partial area ratio:  243.37
      Required ratio:  400.00 (Side area) 
      Cumulative area ratio:  243.37
      Required ratio:    0.00 (Cumulative side area) 

    Layer: via
      Partial area ratio:    0.27
      Required ratio:    6.00 (Gate area) 
      Cumulative area ratio:    0.39
      Required ratio:    0.00 (Cumulative area) 

    Layer: met2
      Partial area ratio:   16.57
      Required ratio:    0.00 (Gate area) 
      Cumulative area ratio:   65.48
      Required ratio:    0.00 (Cumulative area) 
      Partial area ratio:   82.15
      Required ratio: 3134.60 (Side area) 
      Cumulative area ratio:  325.53
      Required ratio:    0.00 (Cumulative side area) 

    Layer: via2
      Partial area ratio:    0.03
      Required ratio:   54.11 (Gate area) 
      Cumulative area ratio:    0.42
      Required ratio:    0.00 (Cumulative area) 

    Layer: met3
      Partial area ratio:    0.11
      Required ratio:    0.00 (Gate area) 
      Cumulative area ratio:   65.59
      Required ratio:    0.00 (Cumulative area) 
      Partial area ratio:    0.97
      Required ratio: 3134.60 (Side area) 
      Cumulative area ratio:  326.50
      Required ratio:    0.00 (Cumulative side area) 

    Layer: via3
      Partial area ratio:    0.03
      Required ratio:   54.11 (Gate area) 
      Cumulative area ratio:    0.46
      Required ratio:    0.00 (Cumulative area) 

    Layer: met4
      Partial area ratio:   18.74
      Required ratio:    0.00 (Gate area) 
      Cumulative area ratio:   84.32
      Required ratio:    0.00 (Cumulative area) 
      Partial area ratio:  100.29
      Required ratio: 3134.60 (Side area) 
      Cumulative area ratio:  426.78
      Required ratio:    0.00 (Cumulative side area) 


  Pin:   fanout426/A (sky130_fd_sc_hd__buf_2)
    Layer: mcon
      Partial area ratio:    0.18
      Required ratio:    3.00 (Gate area) 
      Cumulative area ratio:    0.18
      Required ratio:    0.00 (Cumulative area) 

    Layer: met1
      Partial area ratio:    6.07
      Required ratio:    0.00 (Gate area) 
      Cumulative area ratio:    6.07
      Required ratio:    0.00 (Cumulative area) 
      Partial area ratio:   29.18
      Required ratio:  400.00 (Side area) 
      Cumulative area ratio:   29.18
      Required ratio:    0.00 (Cumulative side area) 

    Layer: via
      Partial area ratio:    0.28
      Required ratio:    6.00 (Gate area) 
      Cumulative area ratio:    0.46
      Required ratio:    0.00 (Cumulative area) 

    Layer: met2
      Partial area ratio:    1.17
      Required ratio:    0.00 (Gate area) 
      Cumulative area ratio:    7.24
      Required ratio:    0.00 (Cumulative area) 
      Partial area ratio:    5.42
      Required ratio:  400.00 (Side area) 
      Cumulative area ratio:   34.59
      Required ratio:    0.00 (Cumulative side area) 

    Layer: via2
      Partial area ratio:    0.25
      Required ratio:    6.00 (Gate area) 
      Cumulative area ratio:    0.72
      Required ratio:    0.00 (Cumulative area) 

    Layer: met3
      Partial area ratio:    0.79
      Required ratio:    0.00 (Gate area) 
      Cumulative area ratio:    8.03
      Required ratio:    0.00 (Cumulative area) 
      Partial area ratio:    7.14
      Required ratio:  400.00 (Side area) 
      Cumulative area ratio:   41.74
      Required ratio:    0.00 (Cumulative side area) 

    Layer: via3
      Partial area ratio:    0.25
      Required ratio:    6.00 (Gate area) 
      Cumulative area ratio:    0.97
      Required ratio:    0.00 (Cumulative area) 

    Layer: met4
      Partial area ratio:   18.74
      Required ratio:    0.00 (Gate area) 
      Cumulative area ratio:   26.77
      Required ratio:    0.00 (Cumulative area) 
      Partial area ratio:  100.29
      Required ratio: 3134.60 (Side area) 
      Cumulative area ratio:  142.03
      Required ratio:    0.00 (Cumulative side area) 


  Pin:   fanout427/A (sky130_fd_sc_hd__clkbuf_2)
    Layer: mcon
      Partial area ratio:    0.14
      Required ratio:    3.00 (Gate area) 
      Cumulative area ratio:    0.14
      Required ratio:    0.00 (Cumulative area) 

    Layer: met1
      Partial area ratio:    6.44
      Required ratio:    0.00 (Gate area) 
      Cumulative area ratio:    6.44
      Required ratio:    0.00 (Cumulative area) 
      Partial area ratio:   31.35
      Required ratio:  400.00 (Side area) 
      Cumulative area ratio:   31.35
      Required ratio:    0.00 (Cumulative side area) 

    Layer: via
      Partial area ratio:    0.21
      Required ratio:    6.00 (Gate area) 
      Cumulative area ratio:    0.35
      Required ratio:    0.00 (Cumulative area) 

    Layer: met2
      Partial area ratio:   16.57
      Required ratio:    0.00 (Gate area) 
      Cumulative area ratio:   23.01
      Required ratio:    0.00 (Cumulative area) 
      Partial area ratio:   82.15
      Required ratio: 3134.60 (Side area) 
      Cumulative area ratio:  113.51
      Required ratio:    0.00 (Cumulative side area) 

    Layer: via2
      Partial area ratio:    0.03
      Required ratio:   54.11 (Gate area) 
      Cumulative area ratio:    0.38
      Required ratio:    0.00 (Cumulative area) 

    Layer: met3
      Partial area ratio:    0.11
      Required ratio:    0.00 (Gate area) 
      Cumulative area ratio:   23.12
      Required ratio:    0.00 (Cumulative area) 
      Partial area ratio:    0.97
      Required ratio: 3134.60 (Side area) 
      Cumulative area ratio:  114.47
      Required ratio:    0.00 (Cumulative side area) 

    Layer: via3
      Partial area ratio:    0.03
      Required ratio:   54.11 (Gate area) 
      Cumulative area ratio:    0.42
      Required ratio:    0.00 (Cumulative area) 

    Layer: met4
      Partial area ratio:   18.74
      Required ratio:    0.00 (Gate area) 
      Cumulative area ratio:   41.86
      Required ratio:    0.00 (Cumulative area) 
      Partial area ratio:  100.29
      Required ratio: 3134.60 (Side area) 
      Cumulative area ratio:  214.76
      Required ratio:    0.00 (Cumulative side area) 


  Pin:   fanout428/A (sky130_fd_sc_hd__clkbuf_4)
    Layer: mcon
      Partial area ratio:    0.14
      Required ratio:    3.00 (Gate area) 
      Cumulative area ratio:    0.14
      Required ratio:    0.00 (Cumulative area) 

    Layer: met1
      Partial area ratio:   11.54
      Required ratio:    0.00 (Gate area) 
      Cumulative area ratio:   11.54
      Required ratio:    0.00 (Cumulative area) 
      Partial area ratio:   56.35
      Required ratio:  400.00 (Side area) 
      Cumulative area ratio:   56.35
      Required ratio:    0.00 (Cumulative side area) 

    Layer: via
      Partial area ratio:    0.32
      Required ratio:    6.00 (Gate area) 
      Cumulative area ratio:    0.45
      Required ratio:    0.00 (Cumulative area) 

    Layer: met2
      Partial area ratio:   16.57
      Required ratio:    0.00 (Gate area) 
      Cumulative area ratio:   28.11
      Required ratio:    0.00 (Cumulative area) 
      Partial area ratio:   82.15
      Required ratio: 3134.60 (Side area) 
      Cumulative area ratio:  138.50
      Required ratio:    0.00 (Cumulative side area) 

    Layer: via2
      Partial area ratio:    0.03
      Required ratio:   54.11 (Gate area) 
      Cumulative area ratio:    0.49
      Required ratio:    0.00 (Cumulative area) 

    Layer: met3
      Partial area ratio:    0.11
      Required ratio:    0.00 (Gate area) 
      Cumulative area ratio:   28.22
      Required ratio:    0.00 (Cumulative area) 
      Partial area ratio:    0.97
      Required ratio: 3134.60 (Side area) 
      Cumulative area ratio:  139.47
      Required ratio:    0.00 (Cumulative side area) 

    Layer: via3
      Partial area ratio:    0.03
      Required ratio:   54.11 (Gate area) 
      Cumulative area ratio:    0.52
      Required ratio:    0.00 (Cumulative area) 

    Layer: met4
      Partial area ratio:   18.74
      Required ratio:    0.00 (Gate area) 
      Cumulative area ratio:   46.96
      Required ratio:    0.00 (Cumulative area) 
      Partial area ratio:  100.29
      Required ratio: 3134.60 (Side area) 
      Cumulative area ratio:  239.75
      Required ratio:    0.00 (Cumulative side area) 



Net: net583
  Pin:   fanout371/A (sky130_fd_sc_hd__clkbuf_4)
    Layer: mcon
      Partial area ratio:    0.14
      Required ratio:    3.00 (Gate area) 
      Cumulative area ratio:    0.14
      Required ratio:    0.00 (Cumulative area) 

    Layer: met1
      Partial area ratio:    2.16
      Required ratio:    0.00 (Gate area) 
      Cumulative area ratio:    2.16
      Required ratio:    0.00 (Cumulative area) 
      Partial area ratio:   10.17
      Required ratio:  400.00 (Side area) 
      Cumulative area ratio:   10.17
      Required ratio:    0.00 (Cumulative side area) 

    Layer: via
      Partial area ratio:    0.17
      Required ratio:    6.00 (Gate area) 
      Cumulative area ratio:    0.30
      Required ratio:    0.00 (Cumulative area) 

    Layer: met2
      Partial area ratio:   11.84
      Required ratio:    0.00 (Gate area) 
      Cumulative area ratio:   13.99
      Required ratio:    0.00 (Cumulative area) 
      Partial area ratio:   58.43
      Required ratio:  400.00 (Side area) 
      Cumulative area ratio:   68.60
      Required ratio:    0.00 (Cumulative side area) 

    Layer: via2
      Partial area ratio:    0.07
      Required ratio:    6.00 (Gate area) 
      Cumulative area ratio:    0.38
      Required ratio:    0.00 (Cumulative area) 

    Layer: met3
      Partial area ratio:    0.23
      Required ratio:    0.00 (Gate area) 
      Cumulative area ratio:   14.23
      Required ratio:    0.00 (Cumulative area) 
      Partial area ratio:    2.12
      Required ratio:  400.00 (Side area) 
      Cumulative area ratio:   70.72
      Required ratio:    0.00 (Cumulative side area) 

    Layer: via3
      Partial area ratio:    0.07
      Required ratio:    6.00 (Gate area) 
      Cumulative area ratio:    0.45
      Required ratio:    0.00 (Cumulative area) 

    Layer: met4
      Partial area ratio:   65.94
      Required ratio:    0.00 (Gate area) 
      Cumulative area ratio:   80.16
      Required ratio:    0.00 (Cumulative area) 
      Partial area ratio:  352.54
      Required ratio: 2778.20 (Side area) 
      Cumulative area ratio:  423.26
      Required ratio:    0.00 (Cumulative side area) 


  Pin:   fanout372/A (sky130_fd_sc_hd__dlymetal6s2s_1)
    Layer: mcon
      Partial area ratio:    0.23
      Required ratio:    3.00 (Gate area) 
      Cumulative area ratio:    0.23
      Required ratio:    0.00 (Cumulative area) 

    Layer: met1
      Partial area ratio:   48.33
      Required ratio:    0.00 (Gate area) 
      Cumulative area ratio:   48.33
      Required ratio:    0.00 (Cumulative area) 
      Partial area ratio:  239.33
      Required ratio:  400.00 (Side area) 
      Cumulative area ratio:  239.33
      Required ratio:    0.00 (Cumulative side area) 

    Layer: via
      Partial area ratio:    0.54
      Required ratio:    6.00 (Gate area) 
      Cumulative area ratio:    0.77
      Required ratio:    0.00 (Cumulative area) 

    Layer: met2
      Partial area ratio:   11.84
      Required ratio:    0.00 (Gate area) 
      Cumulative area ratio:   60.17
      Required ratio:    0.00 (Cumulative area) 
      Partial area ratio:   58.43
      Required ratio:  400.00 (Side area) 
      Cumulative area ratio:  297.76
      Required ratio:    0.00 (Cumulative side area) 

    Layer: via2
      Partial area ratio:    0.07
      Required ratio:    6.00 (Gate area) 
      Cumulative area ratio:    0.84
      Required ratio:    0.00 (Cumulative area) 

    Layer: met3
      Partial area ratio:    0.23
      Required ratio:    0.00 (Gate area) 
      Cumulative area ratio:   60.40
      Required ratio:    0.00 (Cumulative area) 
      Partial area ratio:    2.12
      Required ratio:  400.00 (Side area) 
      Cumulative area ratio:  299.89
      Required ratio:    0.00 (Cumulative side area) 

    Layer: via3
      Partial area ratio:    0.07
      Required ratio:    6.00 (Gate area) 
      Cumulative area ratio:    0.91
      Required ratio:    0.00 (Cumulative area) 

    Layer: met4
      Partial area ratio:   65.94
      Required ratio:    0.00 (Gate area) 
      Cumulative area ratio:  126.34
      Required ratio:    0.00 (Cumulative area) 
      Partial area ratio:  352.54
      Required ratio: 2778.20 (Side area) 
      Cumulative area ratio:  652.42
      Required ratio:    0.00 (Cumulative side area) 


  Pin:   rebuffer35/A (sky130_fd_sc_hd__buf_1)
    Layer: mcon
      Partial area ratio:    0.15
      Required ratio:    3.00 (Gate area) 
      Cumulative area ratio:    0.15
      Required ratio:    0.00 (Cumulative area) 

    Layer: met1
      Partial area ratio:   94.26
      Required ratio:    0.00 (Gate area) 
      Cumulative area ratio:   94.26
      Required ratio:    0.00 (Cumulative area) 
      Partial area ratio:  470.03
      Required ratio:  400.00 (Side area) (VIOLATED)
      Cumulative area ratio:  470.03
      Required ratio:    0.00 (Cumulative side area) 

    Layer: via
      Partial area ratio:    0.34
      Required ratio:    6.00 (Gate area) 
      Cumulative area ratio:    0.49
      Required ratio:    0.00 (Cumulative area) 

    Layer: met2
      Partial area ratio:   11.84
      Required ratio:    0.00 (Gate area) 
      Cumulative area ratio:  106.09
      Required ratio:    0.00 (Cumulative area) 
      Partial area ratio:   58.43
      Required ratio:  400.00 (Side area) 
      Cumulative area ratio:  528.46
      Required ratio:    0.00 (Cumulative side area) 

    Layer: via2
      Partial area ratio:    0.07
      Required ratio:    6.00 (Gate area) 
      Cumulative area ratio:    0.57
      Required ratio:    0.00 (Cumulative area) 

    Layer: met3
      Partial area ratio:    0.23
      Required ratio:    0.00 (Gate area) 
      Cumulative area ratio:  106.32
      Required ratio:    0.00 (Cumulative area) 
      Partial area ratio:    2.12
      Required ratio:  400.00 (Side area) 
      Cumulative area ratio:  530.59
      Required ratio:    0.00 (Cumulative side area) 

    Layer: via3
      Partial area ratio:    0.07
      Required ratio:    6.00 (Gate area) 
      Cumulative area ratio:    0.64
      Required ratio:    0.00 (Cumulative area) 

    Layer: met4
      Partial area ratio:   65.94
      Required ratio:    0.00 (Gate area) 
      Cumulative area ratio:  172.26
      Required ratio:    0.00 (Cumulative area) 
      Partial area ratio:  352.54
      Required ratio: 2778.20 (Side area) 
      Cumulative area ratio:  883.12
      Required ratio:    0.00 (Cumulative side area) 



Net: net637
  Pin:   _8489_/A (sky130_fd_sc_hd__or2_1)
    Layer: mcon
      Partial area ratio:    0.23
      Required ratio:    3.00 (Gate area) 
      Cumulative area ratio:    0.23
      Required ratio:    0.00 (Cumulative area) 

    Layer: met1
      Partial area ratio:   82.40
      Required ratio:    0.00 (Gate area) 
      Cumulative area ratio:   82.40
      Required ratio:    0.00 (Cumulative area) 
      Partial area ratio:  410.51
      Required ratio:  400.00 (Side area) (VIOLATED)
      Cumulative area ratio:  410.51
      Required ratio:    0.00 (Cumulative side area) 

    Layer: via
      Partial area ratio:    0.36
      Required ratio:    6.00 (Gate area) 
      Cumulative area ratio:    0.59
      Required ratio:    0.00 (Cumulative area) 

    Layer: met2
      Partial area ratio:    9.95
      Required ratio:    0.00 (Gate area) 
      Cumulative area ratio:   92.35
      Required ratio:    0.00 (Cumulative area) 
      Partial area ratio:   48.67
      Required ratio: 2771.60 (Side area) 
      Cumulative area ratio:  459.18
      Required ratio:    0.00 (Cumulative side area) 



[INFO ANT-0002] Found 13 net violations.
[INFO ANT-0001] Found 14 pin violations.
%OL_END_REPORT
