
===========================================================================
report_checks -unconstrained
===========================================================================
======================= max_ss_100C_1v60 Corner ===================================

Startpoint: rst (input port clocked by clk)
Endpoint: _9217_ (recovery check against rising-edge clock clk)
Path Group: asynchronous
Path Type: max

Fanout         Cap        Slew       Delay        Time   Description
---------------------------------------------------------------------------------------------
                                  0.000000    0.000000   clock clk (rise edge)
                                  0.000000    0.000000   clock network delay (propagated)
                                  3.000000    3.000000 v input external delay
     2    0.003845    0.022526    0.012566    3.012566 v rst (in)
                                                         rst (net)
                      0.022527    0.000000    3.012566 v input67/A (sky130_fd_sc_hd__clkbuf_2)
     5    0.046162    0.320084    0.368860    3.381425 v input67/X (sky130_fd_sc_hd__clkbuf_2)
                                                         net67 (net)
                      0.320094    0.001598    3.383024 v fanout523/A (sky130_fd_sc_hd__buf_4)
    17    0.095039    0.219320    0.521008    3.904032 v fanout523/X (sky130_fd_sc_hd__buf_4)
                                                         net523 (net)
                      0.219336    0.002390    3.906421 v fanout518/A (sky130_fd_sc_hd__clkbuf_2)
    11    0.043524    0.302725    0.449771    4.356193 v fanout518/X (sky130_fd_sc_hd__clkbuf_2)
                                                         net518 (net)
                      0.302725    0.001056    4.357249 v fanout517/A (sky130_fd_sc_hd__clkbuf_4)
    15    0.054062    0.203429    0.480603    4.837852 v fanout517/X (sky130_fd_sc_hd__clkbuf_4)
                                                         net517 (net)
                      0.203450    0.002279    4.840131 v fanout516/A (sky130_fd_sc_hd__clkbuf_4)
     8    0.041845    0.163309    0.406361    5.246492 v fanout516/X (sky130_fd_sc_hd__clkbuf_4)
                                                         net516 (net)
                      0.163314    0.001180    5.247672 v fanout515/A (sky130_fd_sc_hd__buf_4)
    10    0.061212    0.157383    0.391608    5.639279 v fanout515/X (sky130_fd_sc_hd__buf_4)
                                                         net515 (net)
                      0.157818    0.007163    5.646442 v _8903_/A (sky130_fd_sc_hd__inv_2)
     1    0.004857    0.064024    0.112788    5.759231 ^ _8903_/Y (sky130_fd_sc_hd__inv_2)
                                                         _0127_ (net)
                      0.064025    0.000286    5.759517 ^ _9217_/RESET_B (sky130_fd_sc_hd__dfrtp_1)
                                              5.759517   data arrival time

                                 15.000000   15.000000   clock clk (rise edge)
                                  0.000000   15.000000   clock source latency
     2    0.057692    0.412708    0.293912   15.293912 ^ clk (in)
                                                         clk (net)
                      0.413146    0.000000   15.293912 ^ clkbuf_0_clk/A (sky130_fd_sc_hd__clkbuf_16)
     9    0.091090    0.166495    0.450630   15.744542 ^ clkbuf_0_clk/X (sky130_fd_sc_hd__clkbuf_16)
                                                         clknet_0_clk (net)
                      0.167264    0.008342   15.752884 ^ clkbuf_2_1__f_clk/A (sky130_fd_sc_hd__clkbuf_16)
    17    0.108536    0.189202    0.363338   16.116222 ^ clkbuf_2_1__f_clk/X (sky130_fd_sc_hd__clkbuf_16)
                                                         clknet_2_1__leaf_clk (net)
                      0.191341    0.016028   16.132250 ^ clkbuf_leaf_5_clk/A (sky130_fd_sc_hd__clkbuf_8)
    12    0.044974    0.141665    0.342165   16.474415 ^ clkbuf_leaf_5_clk/X (sky130_fd_sc_hd__clkbuf_8)
                                                         clknet_leaf_5_clk (net)
                      0.141674    0.001288   16.475702 ^ _9217_/CLK (sky130_fd_sc_hd__dfrtp_1)
                                 -0.250000   16.225704   clock uncertainty
                                  0.000000   16.225704   clock reconvergence pessimism
                                  0.488650   16.714354   library recovery time
                                             16.714354   data required time
---------------------------------------------------------------------------------------------
                                             16.714354   data required time
                                             -5.759517   data arrival time
---------------------------------------------------------------------------------------------
                                             10.954836   slack (MET)


Startpoint: _9291_ (rising edge-triggered flip-flop clocked by clk)
Endpoint: _9411_ (rising edge-triggered flip-flop clocked by clk)
Path Group: clk
Path Type: max

Fanout         Cap        Slew       Delay        Time   Description
---------------------------------------------------------------------------------------------
                                  0.000000    0.000000   clock clk (rise edge)
                                  0.000000    0.000000   clock source latency
     2    0.057692    0.412708    0.293912    0.293912 ^ clk (in)
                                                         clk (net)
                      0.413146    0.000000    0.293912 ^ clkbuf_0_clk/A (sky130_fd_sc_hd__clkbuf_16)
     9    0.091090    0.166495    0.450631    0.744543 ^ clkbuf_0_clk/X (sky130_fd_sc_hd__clkbuf_16)
                                                         clknet_0_clk (net)
                      0.166912    0.007259    0.751801 ^ clkbuf_2_0__f_clk/A (sky130_fd_sc_hd__clkbuf_16)
    15    0.106786    0.187560    0.358948    1.110749 ^ clkbuf_2_0__f_clk/X (sky130_fd_sc_hd__clkbuf_16)
                                                         clknet_2_0__leaf_clk (net)
                      0.191216    0.020689    1.131439 ^ clkbuf_leaf_31_clk/A (sky130_fd_sc_hd__clkbuf_8)
    19    0.058403    0.174249    0.366491    1.497929 ^ clkbuf_leaf_31_clk/X (sky130_fd_sc_hd__clkbuf_8)
                                                         clknet_leaf_31_clk (net)
                      0.174322    0.003319    1.501248 ^ _9291_/CLK (sky130_fd_sc_hd__dfrtp_4)
     5    0.046779    0.260121    1.019737    2.520985 ^ _9291_/Q (sky130_fd_sc_hd__dfrtp_4)
                                                         adder_inst.man_a_r[3] (net)
                      0.260124    0.001817    2.522802 ^ fanout460/A (sky130_fd_sc_hd__clkbuf_4)
    19    0.070308    0.336808    0.527110    3.049912 ^ fanout460/X (sky130_fd_sc_hd__clkbuf_4)
                                                         net460 (net)
                      0.336978    0.006336    3.056248 ^ fanout459/A (sky130_fd_sc_hd__buf_2)
    15    0.057724    0.446112    0.579017    3.635265 ^ fanout459/X (sky130_fd_sc_hd__buf_2)
                                                         net459 (net)
                      0.446133    0.002626    3.637891 ^ fanout458/A (sky130_fd_sc_hd__buf_2)
    21    0.063982    0.492952    0.655770    4.293661 ^ fanout458/X (sky130_fd_sc_hd__buf_2)
                                                         net458 (net)
                      0.493186    0.005457    4.299118 ^ _6752_/D (sky130_fd_sc_hd__and4_1)
     2    0.005351    0.136225    0.553428    4.852546 ^ _6752_/X (sky130_fd_sc_hd__and4_1)
                                                         _2382_ (net)
                      0.136225    0.000275    4.852821 ^ _6754_/A_N (sky130_fd_sc_hd__and2b_1)
     1    0.006902    0.098749    0.419553    5.272375 v _6754_/X (sky130_fd_sc_hd__and2b_1)
                                                         _2384_ (net)
                      0.098750    0.000574    5.272949 v _6756_/A (sky130_fd_sc_hd__xnor2_1)
     3    0.009065    0.388272    0.409879    5.682828 ^ _6756_/Y (sky130_fd_sc_hd__xnor2_1)
                                                         _2386_ (net)
                      0.388272    0.000282    5.683110 ^ _6758_/B (sky130_fd_sc_hd__nand3_1)
     2    0.007928    0.246335    0.357680    6.040790 v _6758_/Y (sky130_fd_sc_hd__nand3_1)
                                                         _2388_ (net)
                      0.246335    0.000485    6.041275 v _6809_/A1 (sky130_fd_sc_hd__a21o_1)
     3    0.009404    0.111891    0.413222    6.454497 v _6809_/X (sky130_fd_sc_hd__a21o_1)
                                                         _2439_ (net)
                      0.111891    0.000504    6.455001 v _6810_/C (sky130_fd_sc_hd__and3_1)
     3    0.009166    0.122756    0.437170    6.892171 v _6810_/X (sky130_fd_sc_hd__and3_1)
                                                         _2440_ (net)
                      0.122756    0.000373    6.892544 v _6845_/A (sky130_fd_sc_hd__or3_1)
     2    0.006375    0.172993    0.916514    7.809058 v _6845_/X (sky130_fd_sc_hd__or3_1)
                                                         _2475_ (net)
                      0.172993    0.000355    7.809413 v _6847_/B (sky130_fd_sc_hd__and3_4)
     3    0.019160    0.087566    0.394314    8.203727 v _6847_/X (sky130_fd_sc_hd__and3_4)
                                                         _2477_ (net)
                      0.087570    0.000697    8.204424 v _6855_/C1 (sky130_fd_sc_hd__a211o_1)
     3    0.008193    0.132868    0.491756    8.696180 v _6855_/X (sky130_fd_sc_hd__a211o_1)
                                                         _2485_ (net)
                      0.132868    0.000252    8.696432 v _6879_/B (sky130_fd_sc_hd__and4_1)
     4    0.014095    0.159224    0.476961    9.173393 v _6879_/X (sky130_fd_sc_hd__and4_1)
                                                         _2509_ (net)
                      0.159224    0.000407    9.173800 v _6886_/A (sky130_fd_sc_hd__or2_1)
     3    0.009571    0.156208    0.605263    9.779063 v _6886_/X (sky130_fd_sc_hd__or2_1)
                                                         _2516_ (net)
                      0.156208    0.000446    9.779509 v _6915_/B (sky130_fd_sc_hd__nor4_1)
     2    0.007175    0.637837    0.693381   10.472891 ^ _6915_/Y (sky130_fd_sc_hd__nor4_1)
                                                         _2545_ (net)
                      0.637837    0.000481   10.473372 ^ _6916_/B2 (sky130_fd_sc_hd__a22o_1)
     3    0.011706    0.205720    0.542602   11.015973 ^ _6916_/X (sky130_fd_sc_hd__a22o_1)
                                                         _2546_ (net)
                      0.205720    0.000735   11.016707 ^ _6918_/A2 (sky130_fd_sc_hd__a31o_1)
     3    0.012562    0.215401    0.449033   11.465741 ^ _6918_/X (sky130_fd_sc_hd__a31o_1)
                                                         _2548_ (net)
                      0.215402    0.000956   11.466697 ^ _6923_/A1_N (sky130_fd_sc_hd__o2bb2a_2)
     3    0.018318    0.151626    0.560080   12.026776 v _6923_/X (sky130_fd_sc_hd__o2bb2a_2)
                                                         _2553_ (net)
                      0.151715    0.001775   12.028552 v _6935_/A3 (sky130_fd_sc_hd__o31ai_4)
     3    0.020186    0.478365    0.482243   12.510795 ^ _6935_/Y (sky130_fd_sc_hd__o31ai_4)
                                                         _2565_ (net)
                      0.478383    0.003050   12.513844 ^ _6937_/A1 (sky130_fd_sc_hd__a21o_1)
     2    0.011113    0.168910    0.432117   12.945961 ^ _6937_/X (sky130_fd_sc_hd__a21o_1)
                                                         _2567_ (net)
                      0.168910    0.000449   12.946409 ^ _6938_/A1 (sky130_fd_sc_hd__a21o_4)
     9    0.071649    0.317027    0.460267   13.406677 ^ _6938_/X (sky130_fd_sc_hd__a21o_4)
                                                         _2568_ (net)
                      0.317792    0.011584   13.418261 ^ _7400_/C (sky130_fd_sc_hd__nand3b_4)
     4    0.022052    0.199539    0.307069   13.725329 v _7400_/Y (sky130_fd_sc_hd__nand3b_4)
                                                         _3030_ (net)
                      0.199558    0.001999   13.727329 v _7405_/A1 (sky130_fd_sc_hd__a21o_1)
     3    0.013681    0.142515    0.426115   14.153444 v _7405_/X (sky130_fd_sc_hd__a21o_1)
                                                         _3035_ (net)
                      0.142520    0.001056   14.154500 v _7496_/A1 (sky130_fd_sc_hd__a211o_1)
     2    0.008170    0.132518    0.570328   14.724828 v _7496_/X (sky130_fd_sc_hd__a211o_1)
                                                         _3126_ (net)
                      0.132518    0.000527   14.725355 v _7518_/A2 (sky130_fd_sc_hd__a2111o_1)
     4    0.015890    0.223092    0.946842   15.672196 v _7518_/X (sky130_fd_sc_hd__a2111o_1)
                                                         _3148_ (net)
                      0.223092    0.000941   15.673138 v _7521_/A2 (sky130_fd_sc_hd__a21o_4)
     5    0.026889    0.106737    0.515048   16.188185 v _7521_/X (sky130_fd_sc_hd__a21o_4)
                                                         _3151_ (net)
                      0.106816    0.001675   16.189861 v _7522_/C (sky130_fd_sc_hd__nand3_4)
     9    0.053145    0.288684    0.286454   16.476315 ^ _7522_/Y (sky130_fd_sc_hd__nand3_4)
                                                         _3152_ (net)
                      0.288736    0.003149   16.479464 ^ fanout113/A (sky130_fd_sc_hd__buf_8)
    13    0.058907    0.161569    0.335637   16.815102 ^ fanout113/X (sky130_fd_sc_hd__buf_8)
                                                         net113 (net)
                      0.161634    0.002681   16.817781 ^ fanout112/A (sky130_fd_sc_hd__buf_8)
     6    0.029396    0.093420    0.236039   17.053820 ^ fanout112/X (sky130_fd_sc_hd__buf_8)
                                                         net112 (net)
                      0.093454    0.001663   17.055483 ^ _7608_/S (sky130_fd_sc_hd__mux2_1)
     5    0.020629    0.260940    0.890374   17.945856 v _7608_/X (sky130_fd_sc_hd__mux2_1)
                                                         _3238_ (net)
                      0.260940    0.001114   17.946970 v _7613_/C (sky130_fd_sc_hd__nor4b_2)
     1    0.006439    0.421199    0.514003   18.460974 ^ _7613_/Y (sky130_fd_sc_hd__nor4b_2)
                                                         _3243_ (net)
                      0.421199    0.000494   18.461468 ^ _7614_/A (sky130_fd_sc_hd__and4_4)
     8    0.025050    0.195330    0.697431   19.158899 ^ _7614_/X (sky130_fd_sc_hd__and4_4)
                                                         _3244_ (net)
                      0.195356    0.002091   19.160990 ^ _7639_/A (sky130_fd_sc_hd__and4_1)
     1    0.006889    0.155163    0.439902   19.600893 ^ _7639_/X (sky130_fd_sc_hd__and4_1)
                                                         _3269_ (net)
                      0.155163    0.000529   19.601421 ^ fanout104/A (sky130_fd_sc_hd__buf_6)
    15    0.062628    0.207285    0.317316   19.918737 ^ fanout104/X (sky130_fd_sc_hd__buf_6)
                                                         net104 (net)
                      0.208380    0.012161   19.930899 ^ fanout103/A (sky130_fd_sc_hd__buf_8)
     5    0.019068    0.070474    0.238140   20.169039 ^ fanout103/X (sky130_fd_sc_hd__buf_8)
                                                         net103 (net)
                      0.070484    0.000844   20.169882 ^ _7661_/C (sky130_fd_sc_hd__and4bb_1)
     3    0.008127    0.174394    0.457598   20.627481 ^ _7661_/X (sky130_fd_sc_hd__and4bb_1)
                                                         _3289_ (net)
                      0.174394    0.000446   20.627926 ^ _7771_/A_N (sky130_fd_sc_hd__and4b_1)
     1    0.004012    0.085706    0.442201   21.070127 v _7771_/X (sky130_fd_sc_hd__and4b_1)
                                                         _3380_ (net)
                      0.085706    0.000258   21.070385 v _7773_/A2 (sky130_fd_sc_hd__a31o_1)
     1    0.002212    0.060840    0.363345   21.433729 v _7773_/X (sky130_fd_sc_hd__a31o_1)
                                                         multiplier_inst.overflow_calc (net)
                      0.060840    0.000155   21.433884 v _9411_/D (sky130_fd_sc_hd__dfrtp_1)
                                             21.433884   data arrival time

                                 15.000000   15.000000   clock clk (rise edge)
                                  0.000000   15.000000   clock source latency
     2    0.057692    0.412708    0.293912   15.293912 ^ clk (in)
                                                         clk (net)
                      0.413146    0.000000   15.293912 ^ clkbuf_0_clk/A (sky130_fd_sc_hd__clkbuf_16)
     9    0.091090    0.166495    0.450630   15.744542 ^ clkbuf_0_clk/X (sky130_fd_sc_hd__clkbuf_16)
                                                         clknet_0_clk (net)
                      0.167056    0.008287   15.752829 ^ clkbuf_2_3__f_clk/A (sky130_fd_sc_hd__clkbuf_16)
    23    0.124148    0.211266    0.381155   16.133984 ^ clkbuf_2_3__f_clk/X (sky130_fd_sc_hd__clkbuf_16)
                                                         clknet_2_3__leaf_clk (net)
                      0.212161    0.010411   16.144394 ^ clkbuf_leaf_14_clk/A (sky130_fd_sc_hd__clkbuf_8)
    13    0.046220    0.144712    0.353994   16.498388 ^ clkbuf_leaf_14_clk/X (sky130_fd_sc_hd__clkbuf_8)
                                                         clknet_leaf_14_clk (net)
                      0.144752    0.002292   16.500681 ^ _9411_/CLK (sky130_fd_sc_hd__dfrtp_1)
                                 -0.250000   16.250681   clock uncertainty
                                  0.000000   16.250681   clock reconvergence pessimism
                                 -0.252828   15.997852   library setup time
                                             15.997852   data required time
---------------------------------------------------------------------------------------------
                                             15.997852   data required time
                                            -21.433884   data arrival time
---------------------------------------------------------------------------------------------
                                             -5.436032   slack (VIOLATED)




===========================================================================
report_checks --slack_max -0.01
============================================================================
======================= max_ss_100C_1v60 Corner ===================================

Startpoint: _9291_ (rising edge-triggered flip-flop clocked by clk)
Endpoint: _9411_ (rising edge-triggered flip-flop clocked by clk)
Path Group: clk
Path Type: max

Fanout         Cap        Slew       Delay        Time   Description
---------------------------------------------------------------------------------------------
                                  0.000000    0.000000   clock clk (rise edge)
                                  0.000000    0.000000   clock source latency
     2    0.057692    0.412708    0.293912    0.293912 ^ clk (in)
                                                         clk (net)
                      0.413146    0.000000    0.293912 ^ clkbuf_0_clk/A (sky130_fd_sc_hd__clkbuf_16)
     9    0.091090    0.166495    0.450631    0.744543 ^ clkbuf_0_clk/X (sky130_fd_sc_hd__clkbuf_16)
                                                         clknet_0_clk (net)
                      0.166912    0.007259    0.751801 ^ clkbuf_2_0__f_clk/A (sky130_fd_sc_hd__clkbuf_16)
    15    0.106786    0.187560    0.358948    1.110749 ^ clkbuf_2_0__f_clk/X (sky130_fd_sc_hd__clkbuf_16)
                                                         clknet_2_0__leaf_clk (net)
                      0.191216    0.020689    1.131439 ^ clkbuf_leaf_31_clk/A (sky130_fd_sc_hd__clkbuf_8)
    19    0.058403    0.174249    0.366491    1.497929 ^ clkbuf_leaf_31_clk/X (sky130_fd_sc_hd__clkbuf_8)
                                                         clknet_leaf_31_clk (net)
                      0.174322    0.003319    1.501248 ^ _9291_/CLK (sky130_fd_sc_hd__dfrtp_4)
     5    0.046779    0.260121    1.019737    2.520985 ^ _9291_/Q (sky130_fd_sc_hd__dfrtp_4)
                                                         adder_inst.man_a_r[3] (net)
                      0.260124    0.001817    2.522802 ^ fanout460/A (sky130_fd_sc_hd__clkbuf_4)
    19    0.070308    0.336808    0.527110    3.049912 ^ fanout460/X (sky130_fd_sc_hd__clkbuf_4)
                                                         net460 (net)
                      0.336978    0.006336    3.056248 ^ fanout459/A (sky130_fd_sc_hd__buf_2)
    15    0.057724    0.446112    0.579017    3.635265 ^ fanout459/X (sky130_fd_sc_hd__buf_2)
                                                         net459 (net)
                      0.446133    0.002626    3.637891 ^ fanout458/A (sky130_fd_sc_hd__buf_2)
    21    0.063982    0.492952    0.655770    4.293661 ^ fanout458/X (sky130_fd_sc_hd__buf_2)
                                                         net458 (net)
                      0.493186    0.005457    4.299118 ^ _6752_/D (sky130_fd_sc_hd__and4_1)
     2    0.005351    0.136225    0.553428    4.852546 ^ _6752_/X (sky130_fd_sc_hd__and4_1)
                                                         _2382_ (net)
                      0.136225    0.000275    4.852821 ^ _6754_/A_N (sky130_fd_sc_hd__and2b_1)
     1    0.006902    0.098749    0.419553    5.272375 v _6754_/X (sky130_fd_sc_hd__and2b_1)
                                                         _2384_ (net)
                      0.098750    0.000574    5.272949 v _6756_/A (sky130_fd_sc_hd__xnor2_1)
     3    0.009065    0.388272    0.409879    5.682828 ^ _6756_/Y (sky130_fd_sc_hd__xnor2_1)
                                                         _2386_ (net)
                      0.388272    0.000282    5.683110 ^ _6758_/B (sky130_fd_sc_hd__nand3_1)
     2    0.007928    0.246335    0.357680    6.040790 v _6758_/Y (sky130_fd_sc_hd__nand3_1)
                                                         _2388_ (net)
                      0.246335    0.000485    6.041275 v _6809_/A1 (sky130_fd_sc_hd__a21o_1)
     3    0.009404    0.111891    0.413222    6.454497 v _6809_/X (sky130_fd_sc_hd__a21o_1)
                                                         _2439_ (net)
                      0.111891    0.000504    6.455001 v _6810_/C (sky130_fd_sc_hd__and3_1)
     3    0.009166    0.122756    0.437170    6.892171 v _6810_/X (sky130_fd_sc_hd__and3_1)
                                                         _2440_ (net)
                      0.122756    0.000373    6.892544 v _6845_/A (sky130_fd_sc_hd__or3_1)
     2    0.006375    0.172993    0.916514    7.809058 v _6845_/X (sky130_fd_sc_hd__or3_1)
                                                         _2475_ (net)
                      0.172993    0.000355    7.809413 v _6847_/B (sky130_fd_sc_hd__and3_4)
     3    0.019160    0.087566    0.394314    8.203727 v _6847_/X (sky130_fd_sc_hd__and3_4)
                                                         _2477_ (net)
                      0.087570    0.000697    8.204424 v _6855_/C1 (sky130_fd_sc_hd__a211o_1)
     3    0.008193    0.132868    0.491756    8.696180 v _6855_/X (sky130_fd_sc_hd__a211o_1)
                                                         _2485_ (net)
                      0.132868    0.000252    8.696432 v _6879_/B (sky130_fd_sc_hd__and4_1)
     4    0.014095    0.159224    0.476961    9.173393 v _6879_/X (sky130_fd_sc_hd__and4_1)
                                                         _2509_ (net)
                      0.159224    0.000407    9.173800 v _6886_/A (sky130_fd_sc_hd__or2_1)
     3    0.009571    0.156208    0.605263    9.779063 v _6886_/X (sky130_fd_sc_hd__or2_1)
                                                         _2516_ (net)
                      0.156208    0.000446    9.779509 v _6915_/B (sky130_fd_sc_hd__nor4_1)
     2    0.007175    0.637837    0.693381   10.472891 ^ _6915_/Y (sky130_fd_sc_hd__nor4_1)
                                                         _2545_ (net)
                      0.637837    0.000481   10.473372 ^ _6916_/B2 (sky130_fd_sc_hd__a22o_1)
     3    0.011706    0.205720    0.542602   11.015973 ^ _6916_/X (sky130_fd_sc_hd__a22o_1)
                                                         _2546_ (net)
                      0.205720    0.000735   11.016707 ^ _6918_/A2 (sky130_fd_sc_hd__a31o_1)
     3    0.012562    0.215401    0.449033   11.465741 ^ _6918_/X (sky130_fd_sc_hd__a31o_1)
                                                         _2548_ (net)
                      0.215402    0.000956   11.466697 ^ _6923_/A1_N (sky130_fd_sc_hd__o2bb2a_2)
     3    0.018318    0.151626    0.560080   12.026776 v _6923_/X (sky130_fd_sc_hd__o2bb2a_2)
                                                         _2553_ (net)
                      0.151715    0.001775   12.028552 v _6935_/A3 (sky130_fd_sc_hd__o31ai_4)
     3    0.020186    0.478365    0.482243   12.510795 ^ _6935_/Y (sky130_fd_sc_hd__o31ai_4)
                                                         _2565_ (net)
                      0.478383    0.003050   12.513844 ^ _6937_/A1 (sky130_fd_sc_hd__a21o_1)
     2    0.011113    0.168910    0.432117   12.945961 ^ _6937_/X (sky130_fd_sc_hd__a21o_1)
                                                         _2567_ (net)
                      0.168910    0.000449   12.946409 ^ _6938_/A1 (sky130_fd_sc_hd__a21o_4)
     9    0.071649    0.317027    0.460267   13.406677 ^ _6938_/X (sky130_fd_sc_hd__a21o_4)
                                                         _2568_ (net)
                      0.317792    0.011584   13.418261 ^ _7400_/C (sky130_fd_sc_hd__nand3b_4)
     4    0.022052    0.199539    0.307069   13.725329 v _7400_/Y (sky130_fd_sc_hd__nand3b_4)
                                                         _3030_ (net)
                      0.199558    0.001999   13.727329 v _7405_/A1 (sky130_fd_sc_hd__a21o_1)
     3    0.013681    0.142515    0.426115   14.153444 v _7405_/X (sky130_fd_sc_hd__a21o_1)
                                                         _3035_ (net)
                      0.142520    0.001056   14.154500 v _7496_/A1 (sky130_fd_sc_hd__a211o_1)
     2    0.008170    0.132518    0.570328   14.724828 v _7496_/X (sky130_fd_sc_hd__a211o_1)
                                                         _3126_ (net)
                      0.132518    0.000527   14.725355 v _7518_/A2 (sky130_fd_sc_hd__a2111o_1)
     4    0.015890    0.223092    0.946842   15.672196 v _7518_/X (sky130_fd_sc_hd__a2111o_1)
                                                         _3148_ (net)
                      0.223092    0.000941   15.673138 v _7521_/A2 (sky130_fd_sc_hd__a21o_4)
     5    0.026889    0.106737    0.515048   16.188185 v _7521_/X (sky130_fd_sc_hd__a21o_4)
                                                         _3151_ (net)
                      0.106816    0.001675   16.189861 v _7522_/C (sky130_fd_sc_hd__nand3_4)
     9    0.053145    0.288684    0.286454   16.476315 ^ _7522_/Y (sky130_fd_sc_hd__nand3_4)
                                                         _3152_ (net)
                      0.288736    0.003149   16.479464 ^ fanout113/A (sky130_fd_sc_hd__buf_8)
    13    0.058907    0.161569    0.335637   16.815102 ^ fanout113/X (sky130_fd_sc_hd__buf_8)
                                                         net113 (net)
                      0.161634    0.002681   16.817781 ^ fanout112/A (sky130_fd_sc_hd__buf_8)
     6    0.029396    0.093420    0.236039   17.053820 ^ fanout112/X (sky130_fd_sc_hd__buf_8)
                                                         net112 (net)
                      0.093454    0.001663   17.055483 ^ _7608_/S (sky130_fd_sc_hd__mux2_1)
     5    0.020629    0.260940    0.890374   17.945856 v _7608_/X (sky130_fd_sc_hd__mux2_1)
                                                         _3238_ (net)
                      0.260940    0.001114   17.946970 v _7613_/C (sky130_fd_sc_hd__nor4b_2)
     1    0.006439    0.421199    0.514003   18.460974 ^ _7613_/Y (sky130_fd_sc_hd__nor4b_2)
                                                         _3243_ (net)
                      0.421199    0.000494   18.461468 ^ _7614_/A (sky130_fd_sc_hd__and4_4)
     8    0.025050    0.195330    0.697431   19.158899 ^ _7614_/X (sky130_fd_sc_hd__and4_4)
                                                         _3244_ (net)
                      0.195356    0.002091   19.160990 ^ _7639_/A (sky130_fd_sc_hd__and4_1)
     1    0.006889    0.155163    0.439902   19.600893 ^ _7639_/X (sky130_fd_sc_hd__and4_1)
                                                         _3269_ (net)
                      0.155163    0.000529   19.601421 ^ fanout104/A (sky130_fd_sc_hd__buf_6)
    15    0.062628    0.207285    0.317316   19.918737 ^ fanout104/X (sky130_fd_sc_hd__buf_6)
                                                         net104 (net)
                      0.208380    0.012161   19.930899 ^ fanout103/A (sky130_fd_sc_hd__buf_8)
     5    0.019068    0.070474    0.238140   20.169039 ^ fanout103/X (sky130_fd_sc_hd__buf_8)
                                                         net103 (net)
                      0.070484    0.000844   20.169882 ^ _7661_/C (sky130_fd_sc_hd__and4bb_1)
     3    0.008127    0.174394    0.457598   20.627481 ^ _7661_/X (sky130_fd_sc_hd__and4bb_1)
                                                         _3289_ (net)
                      0.174394    0.000446   20.627926 ^ _7771_/A_N (sky130_fd_sc_hd__and4b_1)
     1    0.004012    0.085706    0.442201   21.070127 v _7771_/X (sky130_fd_sc_hd__and4b_1)
                                                         _3380_ (net)
                      0.085706    0.000258   21.070385 v _7773_/A2 (sky130_fd_sc_hd__a31o_1)
     1    0.002212    0.060840    0.363345   21.433729 v _7773_/X (sky130_fd_sc_hd__a31o_1)
                                                         multiplier_inst.overflow_calc (net)
                      0.060840    0.000155   21.433884 v _9411_/D (sky130_fd_sc_hd__dfrtp_1)
                                             21.433884   data arrival time

                                 15.000000   15.000000   clock clk (rise edge)
                                  0.000000   15.000000   clock source latency
     2    0.057692    0.412708    0.293912   15.293912 ^ clk (in)
                                                         clk (net)
                      0.413146    0.000000   15.293912 ^ clkbuf_0_clk/A (sky130_fd_sc_hd__clkbuf_16)
     9    0.091090    0.166495    0.450630   15.744542 ^ clkbuf_0_clk/X (sky130_fd_sc_hd__clkbuf_16)
                                                         clknet_0_clk (net)
                      0.167056    0.008287   15.752829 ^ clkbuf_2_3__f_clk/A (sky130_fd_sc_hd__clkbuf_16)
    23    0.124148    0.211266    0.381155   16.133984 ^ clkbuf_2_3__f_clk/X (sky130_fd_sc_hd__clkbuf_16)
                                                         clknet_2_3__leaf_clk (net)
                      0.212161    0.010411   16.144394 ^ clkbuf_leaf_14_clk/A (sky130_fd_sc_hd__clkbuf_8)
    13    0.046220    0.144712    0.353994   16.498388 ^ clkbuf_leaf_14_clk/X (sky130_fd_sc_hd__clkbuf_8)
                                                         clknet_leaf_14_clk (net)
                      0.144752    0.002292   16.500681 ^ _9411_/CLK (sky130_fd_sc_hd__dfrtp_1)
                                 -0.250000   16.250681   clock uncertainty
                                  0.000000   16.250681   clock reconvergence pessimism
                                 -0.252828   15.997852   library setup time
                                             15.997852   data required time
---------------------------------------------------------------------------------------------
                                             15.997852   data required time
                                            -21.433884   data arrival time
---------------------------------------------------------------------------------------------
                                             -5.436032   slack (VIOLATED)




===========================================================================
 report_check_types -max_slew -max_cap -max_fanout -violators
============================================================================
======================= max_ss_100C_1v60 Corner ===================================

max slew

Pin                                        Limit        Slew       Slack
------------------------------------------------------------------------
_5807_/C                                0.750000    1.467157   -0.717157 (VIOLATED)
ANTENNA__5807__C/DIODE                  0.750000    1.467155   -0.717155 (VIOLATED)
ANTENNA__5154__A2/DIODE                 0.750000    1.467120   -0.717120 (VIOLATED)
_4838_/A2                               0.750000    1.467120   -0.717120 (VIOLATED)
_5154_/A2                               0.750000    1.467120   -0.717120 (VIOLATED)
ANTENNA__4838__A2/DIODE                 0.750000    1.467118   -0.717118 (VIOLATED)
ANTENNA__4829__B/DIODE                  0.750000    1.467110   -0.717110 (VIOLATED)
ANTENNA__4974__B1/DIODE                 0.750000    1.467109   -0.717109 (VIOLATED)
_4829_/B                                0.750000    1.467110   -0.717110 (VIOLATED)
_4974_/B1                               0.750000    1.467110   -0.717110 (VIOLATED)
ANTENNA_clone60_X/DIODE                 0.750000    1.467103   -0.717103 (VIOLATED)
clone60/X                               0.750000    1.467100   -0.717100 (VIOLATED)
_6253_/A2                               0.750000    0.989389   -0.239390 (VIOLATED)
_6254_/B1                               0.750000    0.989389   -0.239389 (VIOLATED)
_6250_/Y                                0.750000    0.989387   -0.239387 (VIOLATED)
_5906_/B2                               0.750000    0.989319   -0.239319 (VIOLATED)
ANTENNA__5906__B2/DIODE                 0.750000    0.989316   -0.239316 (VIOLATED)
rebuffer25/A                            0.750000    0.989315   -0.239315 (VIOLATED)
ANTENNA__6975__A1/DIODE                 0.750000    0.989314   -0.239314 (VIOLATED)
ANTENNA_rebuffer25_A/DIODE              0.750000    0.989313   -0.239313 (VIOLATED)
_6975_/A1                               0.750000    0.989294   -0.239294 (VIOLATED)
_7071_/A                                0.750000    0.989236   -0.239236 (VIOLATED)
ANTENNA__7071__A/DIODE                  0.750000    0.989231   -0.239231 (VIOLATED)
_5274_/B2                               0.750000    0.989189   -0.239189 (VIOLATED)
ANTENNA__5274__B2/DIODE                 0.750000    0.989132   -0.239132 (VIOLATED)
_5272_/A                                0.750000    0.989077   -0.239077 (VIOLATED)
ANTENNA__5272__A/DIODE                  0.750000    0.989075   -0.239075 (VIOLATED)
_5169_/A1                               0.750000    0.989060   -0.239060 (VIOLATED)
ANTENNA__5167__B/DIODE                  0.750000    0.989059   -0.239059 (VIOLATED)
ANTENNA__5169__A1/DIODE                 0.750000    0.989059   -0.239059 (VIOLATED)
_5167_/B                                0.750000    0.989055   -0.239055 (VIOLATED)
ANTENNA_rebuffer24_X/DIODE              0.750000    0.989017   -0.239017 (VIOLATED)
rebuffer24/X                            0.750000    0.989006   -0.239006 (VIOLATED)
_5999_/A1                               0.750000    0.980429   -0.230429 (VIOLATED)
ANTENNA__5999__A1/DIODE                 0.750000    0.980428   -0.230428 (VIOLATED)
_5529_/A                                0.750000    0.980425   -0.230425 (VIOLATED)
ANTENNA__5529__A/DIODE                  0.750000    0.980424   -0.230424 (VIOLATED)
_5530_/B2                               0.750000    0.980411   -0.230411 (VIOLATED)
ANTENNA__5530__B2/DIODE                 0.750000    0.980407   -0.230407 (VIOLATED)
_5681_/A1                               0.750000    0.980375   -0.230375 (VIOLATED)
ANTENNA__5681__A1/DIODE                 0.750000    0.980353   -0.230353 (VIOLATED)
_5699_/A                                0.750000    0.980334   -0.230334 (VIOLATED)
ANTENNA__5699__A/DIODE                  0.750000    0.980329   -0.230329 (VIOLATED)
ANTENNA_rebuffer6_X/DIODE               0.750000    0.980012   -0.230012 (VIOLATED)
rebuffer6/X                             0.750000    0.980000   -0.230000 (VIOLATED)
ANTENNA__5904__A/DIODE                  0.750000    0.957439   -0.207439 (VIOLATED)
_5904_/A                                0.750000    0.957439   -0.207439 (VIOLATED)
_6989_/B2                               0.750000    0.957431   -0.207431 (VIOLATED)
ANTENNA__6989__B2/DIODE                 0.750000    0.957428   -0.207428 (VIOLATED)
_7086_/A1                               0.750000    0.957421   -0.207421 (VIOLATED)
ANTENNA_rebuffer90_A/DIODE              0.750000    0.957417   -0.207417 (VIOLATED)
rebuffer90/A                            0.750000    0.957417   -0.207417 (VIOLATED)
_5273_/A                                0.750000    0.957416   -0.207416 (VIOLATED)
ANTENNA__7086__A1/DIODE                 0.750000    0.957416   -0.207416 (VIOLATED)
ANTENNA__5273__A/DIODE                  0.750000    0.957414   -0.207414 (VIOLATED)
ANTENNA_clone92_X/DIODE                 0.750000    0.957410   -0.207410 (VIOLATED)
clone92/X                               0.750000    0.957408   -0.207408 (VIOLATED)
_6232_/C                                0.750000    0.949167   -0.199167 (VIOLATED)
_6312_/B1                               0.750000    0.949167   -0.199167 (VIOLATED)
_6244_/B                                0.750000    0.949167   -0.199167 (VIOLATED)
_6230_/Y                                0.750000    0.949165   -0.199165 (VIOLATED)
_8064_/B                                0.750000    0.833330   -0.083330 (VIOLATED)
ANTENNA__8064__B/DIODE                  0.750000    0.833329   -0.083329 (VIOLATED)
_7886_/C1                               0.750000    0.833324   -0.083324 (VIOLATED)
ANTENNA__7886__C1/DIODE                 0.750000    0.833322   -0.083322 (VIOLATED)
_7854_/C1                               0.750000    0.833321   -0.083321 (VIOLATED)
_7833_/C1                               0.750000    0.833321   -0.083321 (VIOLATED)
ANTENNA__7833__C1/DIODE                 0.750000    0.833320   -0.083320 (VIOLATED)
ANTENNA__7854__C1/DIODE                 0.750000    0.833319   -0.083319 (VIOLATED)
ANTENNA__7836__B1/DIODE                 0.750000    0.833317   -0.083317 (VIOLATED)
_7836_/B1                               0.750000    0.833316   -0.083316 (VIOLATED)
ANTENNA__7875__A/DIODE                  0.750000    0.833295   -0.083295 (VIOLATED)
_7875_/A                                0.750000    0.833286   -0.083286 (VIOLATED)
_7862_/B1                               0.750000    0.833279   -0.083279 (VIOLATED)
ANTENNA__7862__B1/DIODE                 0.750000    0.833278   -0.083278 (VIOLATED)
ANTENNA__7829__Y/DIODE                  0.750000    0.833263   -0.083263 (VIOLATED)
_7829_/Y                                0.750000    0.833261   -0.083261 (VIOLATED)
ANTENNA__7761__A/DIODE                  0.750000    0.824348   -0.074348 (VIOLATED)
_7761_/A                                0.750000    0.824348   -0.074348 (VIOLATED)
_7774_/A_N                              0.750000    0.824347   -0.074347 (VIOLATED)
ANTENNA__7774__A_N/DIODE                0.750000    0.824347   -0.074347 (VIOLATED)
_7745_/B                                0.750000    0.824343   -0.074343 (VIOLATED)
ANTENNA__7745__B/DIODE                  0.750000    0.824342   -0.074343 (VIOLATED)
ANTENNA__7744__Y/DIODE                  0.750000    0.824317   -0.074317 (VIOLATED)
_7744_/Y                                0.750000    0.824317   -0.074317 (VIOLATED)
_8312_/B1                               0.750000    0.819948   -0.069948 (VIOLATED)
_8395_/B1                               0.750000    0.819947   -0.069947 (VIOLATED)
_8311_/Y                                0.750000    0.819943   -0.069943 (VIOLATED)
_5996_/A1                               0.750000    0.818608   -0.068608 (VIOLATED)
_5656_/A                                0.750000    0.818608   -0.068608 (VIOLATED)
ANTENNA__5656__A/DIODE                  0.750000    0.818607   -0.068607 (VIOLATED)
ANTENNA__5996__A1/DIODE                 0.750000    0.818607   -0.068607 (VIOLATED)
_5808_/A1                               0.750000    0.818605   -0.068605 (VIOLATED)
_5807_/B                                0.750000    0.818605   -0.068605 (VIOLATED)
ANTENNA__5808__A1/DIODE                 0.750000    0.818603   -0.068603 (VIOLATED)
ANTENNA__5807__B/DIODE                  0.750000    0.818603   -0.068603 (VIOLATED)
_5747_/A                                0.750000    0.818602   -0.068602 (VIOLATED)
ANTENNA__5747__A/DIODE                  0.750000    0.818602   -0.068602 (VIOLATED)
ANTENNA_clone81_X/DIODE                 0.750000    0.818597   -0.068597 (VIOLATED)
clone81/X                               0.750000    0.818595   -0.068595 (VIOLATED)
_7589_/B1                               0.750000    0.815765   -0.065765 (VIOLATED)
_7580_/A0                               0.750000    0.815764   -0.065764 (VIOLATED)
_7576_/Y                                0.750000    0.815753   -0.065754 (VIOLATED)
ANTENNA__7775__A_N/DIODE                0.750000    0.768419   -0.018419 (VIOLATED)
_7775_/A_N                              0.750000    0.768419   -0.018419 (VIOLATED)
ANTENNA__7764__A/DIODE                  0.750000    0.768414   -0.018414 (VIOLATED)
_7764_/A                                0.750000    0.768414   -0.018414 (VIOLATED)
_7754_/B                                0.750000    0.768412   -0.018412 (VIOLATED)
ANTENNA__7754__B/DIODE                  0.750000    0.768412   -0.018412 (VIOLATED)
ANTENNA__7753__Y/DIODE                  0.750000    0.768274   -0.018274 (VIOLATED)
_7753_/Y                                0.750000    0.768272   -0.018272 (VIOLATED)
_7583_/A1                               0.750000    0.766260   -0.016260 (VIOLATED)
ANTENNA__7583__A1/DIODE                 0.750000    0.766260   -0.016260 (VIOLATED)
_7588_/A0                               0.750000    0.766260   -0.016260 (VIOLATED)
ANTENNA__7588__A0/DIODE                 0.750000    0.766259   -0.016259 (VIOLATED)
ANTENNA__7582__Y/DIODE                  0.750000    0.766250   -0.016250 (VIOLATED)
_7582_/Y                                0.750000    0.766248   -0.016248 (VIOLATED)
_5784_/D                                0.750000    0.765501   -0.015501 (VIOLATED)
_5783_/Y                                0.750000    0.765500   -0.015500 (VIOLATED)
_6075_/B1                               0.750000    0.765500   -0.015500 (VIOLATED)
_7594_/A1                               0.750000    0.764573   -0.014573 (VIOLATED)
_7593_/A1                               0.750000    0.764572   -0.014572 (VIOLATED)
_7603_/B                                0.750000    0.764571   -0.014572 (VIOLATED)
ANTENNA__7603__B/DIODE                  0.750000    0.764571   -0.014571 (VIOLATED)
ANTENNA__7593__A1/DIODE                 0.750000    0.764571   -0.014571 (VIOLATED)
ANTENNA__7594__A1/DIODE                 0.750000    0.764565   -0.014565 (VIOLATED)
_5524_/B                                0.750000    0.764513   -0.014513 (VIOLATED)
ANTENNA__5524__B/DIODE                  0.750000    0.764512   -0.014513 (VIOLATED)
ANTENNA__5523__Y/DIODE                  0.750000    0.764506   -0.014506 (VIOLATED)
_5523_/Y                                0.750000    0.764501   -0.014501 (VIOLATED)

max fanout

Pin                                   Limit Fanout  Slack
---------------------------------------------------------
clkbuf_2_3__f_clk/X                      10     23    -13 (VIOLATED)
_4587_/Y                                 10     21    -11 (VIOLATED)
_4599_/X                                 10     21    -11 (VIOLATED)
_7719_/Y                                 10     21    -11 (VIOLATED)
_9270_/Q                                 10     21    -11 (VIOLATED)
_9271_/Q                                 10     21    -11 (VIOLATED)
_9272_/Q                                 10     21    -11 (VIOLATED)
_9273_/Q                                 10     21    -11 (VIOLATED)
_9276_/Q                                 10     21    -11 (VIOLATED)
_9277_/Q                                 10     21    -11 (VIOLATED)
fanout156/X                              10     21    -11 (VIOLATED)
fanout162/X                              10     21    -11 (VIOLATED)
fanout166/X                              10     21    -11 (VIOLATED)
fanout168/X                              10     21    -11 (VIOLATED)
fanout171/X                              10     21    -11 (VIOLATED)
fanout173/X                              10     21    -11 (VIOLATED)
fanout180/X                              10     21    -11 (VIOLATED)
fanout185/X                              10     21    -11 (VIOLATED)
fanout186/X                              10     21    -11 (VIOLATED)
fanout187/X                              10     21    -11 (VIOLATED)
fanout191/X                              10     21    -11 (VIOLATED)
fanout200/X                              10     21    -11 (VIOLATED)
fanout203/X                              10     21    -11 (VIOLATED)
fanout205/X                              10     21    -11 (VIOLATED)
fanout207/X                              10     21    -11 (VIOLATED)
fanout209/X                              10     21    -11 (VIOLATED)
fanout212/X                              10     21    -11 (VIOLATED)
fanout214/X                              10     21    -11 (VIOLATED)
fanout216/X                              10     21    -11 (VIOLATED)
fanout219/X                              10     21    -11 (VIOLATED)
fanout220/X                              10     21    -11 (VIOLATED)
fanout222/X                              10     21    -11 (VIOLATED)
fanout225/X                              10     21    -11 (VIOLATED)
fanout227/X                              10     21    -11 (VIOLATED)
fanout229/X                              10     21    -11 (VIOLATED)
fanout231/X                              10     21    -11 (VIOLATED)
fanout233/X                              10     21    -11 (VIOLATED)
fanout235/X                              10     21    -11 (VIOLATED)
fanout237/X                              10     21    -11 (VIOLATED)
fanout238/X                              10     21    -11 (VIOLATED)
fanout239/X                              10     21    -11 (VIOLATED)
fanout241/X                              10     21    -11 (VIOLATED)
fanout242/X                              10     21    -11 (VIOLATED)
fanout243/X                              10     21    -11 (VIOLATED)
fanout244/X                              10     21    -11 (VIOLATED)
fanout245/X                              10     21    -11 (VIOLATED)
fanout247/X                              10     21    -11 (VIOLATED)
fanout248/X                              10     21    -11 (VIOLATED)
fanout249/X                              10     21    -11 (VIOLATED)
fanout250/X                              10     21    -11 (VIOLATED)
fanout251/X                              10     21    -11 (VIOLATED)
fanout253/X                              10     21    -11 (VIOLATED)
fanout255/X                              10     21    -11 (VIOLATED)
fanout256/X                              10     21    -11 (VIOLATED)
fanout259/X                              10     21    -11 (VIOLATED)
fanout261/X                              10     21    -11 (VIOLATED)
fanout262/X                              10     21    -11 (VIOLATED)
fanout263/X                              10     21    -11 (VIOLATED)
fanout265/X                              10     21    -11 (VIOLATED)
fanout266/X                              10     21    -11 (VIOLATED)
fanout268/X                              10     21    -11 (VIOLATED)
fanout269/X                              10     21    -11 (VIOLATED)
fanout271/X                              10     21    -11 (VIOLATED)
fanout273/X                              10     21    -11 (VIOLATED)
fanout274/X                              10     21    -11 (VIOLATED)
fanout276/X                              10     21    -11 (VIOLATED)
fanout278/X                              10     21    -11 (VIOLATED)
fanout279/X                              10     21    -11 (VIOLATED)
fanout280/X                              10     21    -11 (VIOLATED)
fanout283/X                              10     21    -11 (VIOLATED)
fanout285/X                              10     21    -11 (VIOLATED)
fanout286/X                              10     21    -11 (VIOLATED)
fanout287/X                              10     21    -11 (VIOLATED)
fanout289/X                              10     21    -11 (VIOLATED)
fanout290/X                              10     21    -11 (VIOLATED)
fanout292/X                              10     21    -11 (VIOLATED)
fanout293/X                              10     21    -11 (VIOLATED)
fanout297/X                              10     21    -11 (VIOLATED)
fanout299/X                              10     21    -11 (VIOLATED)
fanout300/X                              10     21    -11 (VIOLATED)
fanout301/X                              10     21    -11 (VIOLATED)
fanout302/X                              10     21    -11 (VIOLATED)
fanout303/X                              10     21    -11 (VIOLATED)
fanout305/X                              10     21    -11 (VIOLATED)
fanout308/X                              10     21    -11 (VIOLATED)
fanout310/X                              10     21    -11 (VIOLATED)
fanout311/X                              10     21    -11 (VIOLATED)
fanout315/X                              10     21    -11 (VIOLATED)
fanout317/X                              10     21    -11 (VIOLATED)
fanout318/X                              10     21    -11 (VIOLATED)
fanout321/X                              10     21    -11 (VIOLATED)
fanout324/X                              10     21    -11 (VIOLATED)
fanout326/X                              10     21    -11 (VIOLATED)
fanout341/X                              10     21    -11 (VIOLATED)
fanout342/X                              10     21    -11 (VIOLATED)
fanout345/X                              10     21    -11 (VIOLATED)
fanout347/X                              10     21    -11 (VIOLATED)
fanout349/X                              10     21    -11 (VIOLATED)
fanout351/X                              10     21    -11 (VIOLATED)
fanout353/X                              10     21    -11 (VIOLATED)
fanout355/X                              10     21    -11 (VIOLATED)
fanout356/X                              10     21    -11 (VIOLATED)
fanout357/X                              10     21    -11 (VIOLATED)
fanout359/X                              10     21    -11 (VIOLATED)
fanout360/X                              10     21    -11 (VIOLATED)
fanout362/X                              10     21    -11 (VIOLATED)
fanout365/X                              10     21    -11 (VIOLATED)
fanout367/X                              10     21    -11 (VIOLATED)
fanout368/X                              10     21    -11 (VIOLATED)
fanout371/X                              10     21    -11 (VIOLATED)
fanout373/X                              10     21    -11 (VIOLATED)
fanout374/X                              10     21    -11 (VIOLATED)
fanout377/X                              10     21    -11 (VIOLATED)
fanout380/X                              10     21    -11 (VIOLATED)
fanout383/X                              10     21    -11 (VIOLATED)
fanout386/X                              10     21    -11 (VIOLATED)
fanout392/X                              10     21    -11 (VIOLATED)
fanout395/X                              10     21    -11 (VIOLATED)
fanout397/X                              10     21    -11 (VIOLATED)
fanout398/X                              10     21    -11 (VIOLATED)
fanout399/X                              10     21    -11 (VIOLATED)
fanout400/X                              10     21    -11 (VIOLATED)
fanout403/X                              10     21    -11 (VIOLATED)
fanout406/X                              10     21    -11 (VIOLATED)
fanout407/X                              10     21    -11 (VIOLATED)
fanout410/X                              10     21    -11 (VIOLATED)
fanout412/X                              10     21    -11 (VIOLATED)
fanout414/X                              10     21    -11 (VIOLATED)
fanout416/X                              10     21    -11 (VIOLATED)
fanout418/X                              10     21    -11 (VIOLATED)
fanout420/X                              10     21    -11 (VIOLATED)
fanout422/X                              10     21    -11 (VIOLATED)
fanout424/X                              10     21    -11 (VIOLATED)
fanout426/X                              10     21    -11 (VIOLATED)
fanout428/X                              10     21    -11 (VIOLATED)
fanout430/X                              10     21    -11 (VIOLATED)
fanout432/X                              10     21    -11 (VIOLATED)
fanout433/X                              10     21    -11 (VIOLATED)
fanout436/X                              10     21    -11 (VIOLATED)
fanout437/X                              10     21    -11 (VIOLATED)
fanout439/X                              10     21    -11 (VIOLATED)
fanout442/X                              10     21    -11 (VIOLATED)
fanout444/X                              10     21    -11 (VIOLATED)
fanout445/X                              10     21    -11 (VIOLATED)
fanout446/X                              10     21    -11 (VIOLATED)
fanout447/X                              10     21    -11 (VIOLATED)
fanout450/X                              10     21    -11 (VIOLATED)
fanout451/X                              10     21    -11 (VIOLATED)
fanout455/X                              10     21    -11 (VIOLATED)
fanout458/X                              10     21    -11 (VIOLATED)
fanout461/X                              10     21    -11 (VIOLATED)
fanout464/X                              10     21    -11 (VIOLATED)
fanout465/X                              10     21    -11 (VIOLATED)
fanout467/X                              10     21    -11 (VIOLATED)
fanout470/X                              10     21    -11 (VIOLATED)
fanout472/X                              10     21    -11 (VIOLATED)
fanout474/X                              10     21    -11 (VIOLATED)
fanout475/X                              10     21    -11 (VIOLATED)
fanout477/X                              10     21    -11 (VIOLATED)
fanout479/X                              10     21    -11 (VIOLATED)
fanout480/X                              10     21    -11 (VIOLATED)
fanout491/X                              10     21    -11 (VIOLATED)
fanout501/X                              10     21    -11 (VIOLATED)
fanout503/X                              10     21    -11 (VIOLATED)
fanout505/X                              10     21    -11 (VIOLATED)
_8757_/X                                 10     19     -9 (VIOLATED)
_9274_/Q                                 10     19     -9 (VIOLATED)
_9275_/Q                                 10     19     -9 (VIOLATED)
_9279_/Q                                 10     19     -9 (VIOLATED)
clkbuf_2_2__f_clk/X                      10     19     -9 (VIOLATED)
clkbuf_leaf_28_clk/X                     10     19     -9 (VIOLATED)
clkbuf_leaf_31_clk/X                     10     19     -9 (VIOLATED)
fanout155/X                              10     19     -9 (VIOLATED)
fanout164/X                              10     19     -9 (VIOLATED)
fanout199/X                              10     19     -9 (VIOLATED)
fanout232/X                              10     19     -9 (VIOLATED)
fanout260/X                              10     19     -9 (VIOLATED)
fanout267/X                              10     19     -9 (VIOLATED)
fanout402/X                              10     19     -9 (VIOLATED)
fanout413/X                              10     19     -9 (VIOLATED)
fanout448/X                              10     19     -9 (VIOLATED)
fanout454/X                              10     19     -9 (VIOLATED)
fanout460/X                              10     19     -9 (VIOLATED)
fanout462/X                              10     19     -9 (VIOLATED)
fanout506/X                              10     19     -9 (VIOLATED)
fanout542/X                              10     19     -9 (VIOLATED)
clkbuf_leaf_4_clk/X                      10     18     -8 (VIOLATED)
clkbuf_2_1__f_clk/X                      10     17     -7 (VIOLATED)
clkbuf_leaf_13_clk/X                     10     17     -7 (VIOLATED)
clkbuf_leaf_27_clk/X                     10     17     -7 (VIOLATED)
fanout175/X                              10     17     -7 (VIOLATED)
fanout202/X                              10     17     -7 (VIOLATED)
fanout206/X                              10     17     -7 (VIOLATED)
fanout284/X                              10     17     -7 (VIOLATED)
fanout307/X                              10     17     -7 (VIOLATED)
fanout330/X                              10     17     -7 (VIOLATED)
fanout348/X                              10     17     -7 (VIOLATED)
fanout378/X                              10     17     -7 (VIOLATED)
fanout384/X                              10     17     -7 (VIOLATED)
fanout385/X                              10     17     -7 (VIOLATED)
fanout387/X                              10     17     -7 (VIOLATED)
fanout394/X                              10     17     -7 (VIOLATED)
fanout423/X                              10     17     -7 (VIOLATED)
fanout434/X                              10     17     -7 (VIOLATED)
fanout449/X                              10     17     -7 (VIOLATED)
fanout453/X                              10     17     -7 (VIOLATED)
fanout456/X                              10     17     -7 (VIOLATED)
fanout468/X                              10     17     -7 (VIOLATED)
fanout523/X                              10     17     -7 (VIOLATED)
rebuffer24/X                             10     17     -7 (VIOLATED)
clkbuf_leaf_0_clk/X                      10     16     -6 (VIOLATED)
clkbuf_leaf_16_clk/X                     10     16     -6 (VIOLATED)
clkbuf_leaf_9_clk/X                      10     16     -6 (VIOLATED)
_7829_/Y                                 10     15     -5 (VIOLATED)
_9286_/Q                                 10     15     -5 (VIOLATED)
clkbuf_2_0__f_clk/X                      10     15     -5 (VIOLATED)
clkbuf_leaf_17_clk/X                     10     15     -5 (VIOLATED)
clkbuf_leaf_3_clk/X                      10     15     -5 (VIOLATED)
fanout104/X                              10     15     -5 (VIOLATED)
fanout108/X                              10     15     -5 (VIOLATED)
fanout210/X                              10     15     -5 (VIOLATED)
fanout213/X                              10     15     -5 (VIOLATED)
fanout215/X                              10     15     -5 (VIOLATED)
fanout217/X                              10     15     -5 (VIOLATED)
fanout226/X                              10     15     -5 (VIOLATED)
fanout240/X                              10     15     -5 (VIOLATED)
fanout246/X                              10     15     -5 (VIOLATED)
fanout258/X                              10     15     -5 (VIOLATED)
fanout288/X                              10     15     -5 (VIOLATED)
fanout294/X                              10     15     -5 (VIOLATED)
fanout333/X                              10     15     -5 (VIOLATED)
fanout346/X                              10     15     -5 (VIOLATED)
fanout354/X                              10     15     -5 (VIOLATED)
fanout358/X                              10     15     -5 (VIOLATED)
fanout361/X                              10     15     -5 (VIOLATED)
fanout396/X                              10     15     -5 (VIOLATED)
fanout409/X                              10     15     -5 (VIOLATED)
fanout425/X                              10     15     -5 (VIOLATED)
fanout427/X                              10     15     -5 (VIOLATED)
fanout429/X                              10     15     -5 (VIOLATED)
fanout431/X                              10     15     -5 (VIOLATED)
fanout438/X                              10     15     -5 (VIOLATED)
fanout459/X                              10     15     -5 (VIOLATED)
fanout466/X                              10     15     -5 (VIOLATED)
fanout489/X                              10     15     -5 (VIOLATED)
fanout517/X                              10     15     -5 (VIOLATED)
clkbuf_leaf_14_clk/X                     10     13     -3 (VIOLATED)
clkbuf_leaf_24_clk/X                     10     13     -3 (VIOLATED)
fanout113/X                              10     13     -3 (VIOLATED)
fanout161/X                              10     13     -3 (VIOLATED)
fanout201/X                              10     13     -3 (VIOLATED)
fanout211/X                              10     13     -3 (VIOLATED)
fanout252/X                              10     13     -3 (VIOLATED)
fanout254/X                              10     13     -3 (VIOLATED)
fanout270/X                              10     13     -3 (VIOLATED)
fanout277/X                              10     13     -3 (VIOLATED)
fanout281/X                              10     13     -3 (VIOLATED)
fanout295/X                              10     13     -3 (VIOLATED)
fanout304/X                              10     13     -3 (VIOLATED)
fanout322/X                              10     13     -3 (VIOLATED)
fanout337/X                              10     13     -3 (VIOLATED)
fanout343/X                              10     13     -3 (VIOLATED)
fanout363/X                              10     13     -3 (VIOLATED)
fanout364/X                              10     13     -3 (VIOLATED)
fanout369/X                              10     13     -3 (VIOLATED)
fanout370/X                              10     13     -3 (VIOLATED)
fanout376/X                              10     13     -3 (VIOLATED)
fanout382/X                              10     13     -3 (VIOLATED)
fanout388/X                              10     13     -3 (VIOLATED)
fanout391/X                              10     13     -3 (VIOLATED)
fanout408/X                              10     13     -3 (VIOLATED)
fanout417/X                              10     13     -3 (VIOLATED)
fanout435/X                              10     13     -3 (VIOLATED)
fanout457/X                              10     13     -3 (VIOLATED)
fanout463/X                              10     13     -3 (VIOLATED)
fanout469/X                              10     13     -3 (VIOLATED)
fanout486/X                              10     13     -3 (VIOLATED)
fanout494/X                              10     13     -3 (VIOLATED)
fanout534/X                              10     13     -3 (VIOLATED)
clkbuf_leaf_22_clk/X                     10     12     -2 (VIOLATED)
clkbuf_leaf_25_clk/X                     10     12     -2 (VIOLATED)
clkbuf_leaf_5_clk/X                      10     12     -2 (VIOLATED)
clkbuf_leaf_8_clk/X                      10     12     -2 (VIOLATED)
_5405_/X                                 10     11        (VIOLATED)
_5451_/X                                 10     11        (VIOLATED)
_7640_/Y                                 10     11        (VIOLATED)
_8542_/Y                                 10     11        (VIOLATED)
_9346_/Q                                 10     11        (VIOLATED)
_9396_/Q                                 10     11        (VIOLATED)
_9410_/Q                                 10     11        (VIOLATED)
clkbuf_leaf_15_clk/X                     10     11        (VIOLATED)
clkbuf_leaf_20_clk/X                     10     11        (VIOLATED)
clone60/X                                10     11        (VIOLATED)
clone81/X                                10     11        (VIOLATED)
clone92/X                                10     11        (VIOLATED)
fanout142/X                              10     11        (VIOLATED)
fanout178/X                              10     11        (VIOLATED)
fanout204/X                              10     11        (VIOLATED)
fanout208/X                              10     11        (VIOLATED)
fanout218/X                              10     11        (VIOLATED)
fanout221/X                              10     11        (VIOLATED)
fanout224/X                              10     11        (VIOLATED)
fanout230/X                              10     11        (VIOLATED)
fanout236/X                              10     11        (VIOLATED)
fanout264/X                              10     11        (VIOLATED)
fanout272/X                              10     11        (VIOLATED)
fanout275/X                              10     11        (VIOLATED)
fanout282/X                              10     11        (VIOLATED)
fanout291/X                              10     11        (VIOLATED)
fanout298/X                              10     11        (VIOLATED)
fanout309/X                              10     11        (VIOLATED)
fanout313/X                              10     11        (VIOLATED)
fanout316/X                              10     11        (VIOLATED)
fanout323/X                              10     11        (VIOLATED)
fanout327/X                              10     11        (VIOLATED)
fanout340/X                              10     11        (VIOLATED)
fanout344/X                              10     11        (VIOLATED)
fanout352/X                              10     11        (VIOLATED)
fanout375/X                              10     11        (VIOLATED)
fanout381/X                              10     11        (VIOLATED)
fanout389/X                              10     11        (VIOLATED)
fanout404/X                              10     11        (VIOLATED)
fanout405/X                              10     11        (VIOLATED)
fanout411/X                              10     11        (VIOLATED)
fanout415/X                              10     11        (VIOLATED)
fanout421/X                              10     11        (VIOLATED)
fanout441/X                              10     11        (VIOLATED)
fanout476/X                              10     11        (VIOLATED)
fanout481/X                              10     11        (VIOLATED)
fanout482/X                              10     11        (VIOLATED)
fanout484/X                              10     11        (VIOLATED)
fanout518/X                              10     11        (VIOLATED)
fanout539/X                              10     11        (VIOLATED)
fanout548/X                              10     11        (VIOLATED)
fanout549/X                              10     11        (VIOLATED)
rebuffer6/X                              10     11        (VIOLATED)



===========================================================================
report_parasitic_annotation -report_unannotated
============================================================================
Found 29 unannotated drivers.
 clkload0/Y
 clkload1/Y
 clkload10/Y
 clkload11/Y
 clkload12/Y
 clkload13/Y
 clkload14/Y
 clkload15/Y
 clkload16/Y
 clkload17/Y
 clkload18/Y
 clkload19/Y
 clkload2/Y
 clkload20/Y
 clkload21/Y
 clkload22/X
 clkload23/Y
 clkload24/Y
 clkload25/Y
 clkload26/Y
 clkload27/Y
 clkload28/Y
 clkload3/Y
 clkload4/Y
 clkload5/Y
 clkload6/X
 clkload7/Y
 clkload8/Y
 clkload9/Y
Found 0 partially unannotated drivers.

===========================================================================
max slew violation count 130
max fanout violation count 336
max cap violation count 0
============================================================================

===========================================================================
check_setup -verbose -unconstrained_endpoints -multiple_clock -no_clock -no_input_delay -loops -generated_clocks
===========================================================================
