Clock: clk
Sources: clk 
Generated: no
Virtual: yes
Propagated: no
Period: 15.000000

===========================================================================
report_clock_properties
============================================================================
Clock                   Period          Waveform
----------------------------------------------------
clk                  15.000000    0.000000  7.500000

===========================================================================
report_clock_latency
============================================================================
Clock clk
rise -> rise
    min     max
0.000000 0.000000 source latency
1.123045         network latency _9296_/CLK
        1.522631 network latency _9321_/CLK
---------------
1.123045 1.522631 latency
        0.399586 skew

fall -> fall
    min     max
0.000000 0.000000 source latency
0.946861         network latency _9296_/CLK
        1.314308 network latency _9321_/CLK
---------------
0.946861 1.314308 latency
        0.367447 skew



===========================================================================
report_clock_min_period
============================================================================
clk period_min = 20.44 fmax = 48.93
