Clock: clk
Sources: clk 
Generated: no
Virtual: yes
Propagated: no
Period: 25.000000

===========================================================================
report_clock_properties
============================================================================
Clock                   Period          Waveform
----------------------------------------------------
clk                  25.000000    0.000000 12.500000

===========================================================================
report_clock_latency
============================================================================
Clock clk
rise -> rise
    min     max
0.000000 0.000000 source latency
0.454642         network latency _15928_/CLK
        0.666398 network latency _15896_/CLK
---------------
0.454642 0.666398 latency
        0.211755 skew

fall -> fall
    min     max
0.000000 0.000000 source latency
0.399745         network latency _15928_/CLK
        0.597795 network latency _15896_/CLK
---------------
0.399745 0.597795 latency
        0.198050 skew



===========================================================================
report_clock_min_period
============================================================================
clk period_min = 8.29 fmax = 120.56
