
===========================================================================
report_checks -unconstrained
===========================================================================
======================= min_tt_025C_1v80 Corner ===================================

Startpoint: rst (input port clocked by clk)
Endpoint: _14488_ (recovery check against rising-edge clock clk)
Path Group: asynchronous
Path Type: max

Fanout         Cap        Slew       Delay        Time   Description
---------------------------------------------------------------------------------------------
                                  0.000000    0.000000   clock clk (rise edge)
                                  0.000000    0.000000   clock network delay (propagated)
                                  1.600000    1.600000 v input external delay
     1    0.002607    0.008186    0.004092    1.604092 v rst (in)
                                                         rst (net)
                      0.008186    0.000000    1.604092 v input67/A (sky130_fd_sc_hd__buf_1)
     1    0.008802    0.057849    0.099639    1.703731 v input67/X (sky130_fd_sc_hd__buf_1)
                                                         net67 (net)
                      0.057849    0.000290    1.704021 v fanout2918/A (sky130_fd_sc_hd__clkbuf_2)
     2    0.035995    0.137733    0.196544    1.900565 v fanout2918/X (sky130_fd_sc_hd__clkbuf_2)
                                                         net2918 (net)
                      0.137734    0.000278    1.900843 v fanout2849/A (sky130_fd_sc_hd__dlymetal6s2s_1)
     2    0.019483    0.107765    0.239146    2.139989 v fanout2849/X (sky130_fd_sc_hd__dlymetal6s2s_1)
                                                         net2849 (net)
                      0.107775    0.001109    2.141098 v fanout2848/A (sky130_fd_sc_hd__buf_1)
     2    0.028195    0.165133    0.224090    2.365188 v fanout2848/X (sky130_fd_sc_hd__buf_1)
                                                         net2848 (net)
                      0.165133    0.000407    2.365595 v fanout2847/A (sky130_fd_sc_hd__buf_1)
     2    0.018339    0.110844    0.204666    2.570261 v fanout2847/X (sky130_fd_sc_hd__buf_1)
                                                         net2847 (net)
                      0.110844    0.000210    2.570471 v fanout2846/A (sky130_fd_sc_hd__dlymetal6s2s_1)
     2    0.013696    0.082451    0.206460    2.776931 v fanout2846/X (sky130_fd_sc_hd__dlymetal6s2s_1)
                                                         net2846 (net)
                      0.082451    0.000146    2.777077 v fanout2845/A (sky130_fd_sc_hd__clkbuf_1)
     2    0.008539    0.056555    0.130626    2.907702 v fanout2845/X (sky130_fd_sc_hd__clkbuf_1)
                                                         net2845 (net)
                      0.056555    0.000081    2.907784 v fanout2839/A (sky130_fd_sc_hd__clkbuf_1)
     3    0.014502    0.089239    0.144186    3.051970 v fanout2839/X (sky130_fd_sc_hd__clkbuf_1)
                                                         net2839 (net)
                      0.089239    0.000153    3.052123 v fanout2838/A (sky130_fd_sc_hd__dlymetal6s2s_1)
     4    0.016954    0.096470    0.208413    3.260537 v fanout2838/X (sky130_fd_sc_hd__dlymetal6s2s_1)
                                                         net2838 (net)
                      0.096470    0.000310    3.260846 v fanout2837/A (sky130_fd_sc_hd__clkbuf_2)
     5    0.028284    0.111117    0.195135    3.455981 v fanout2837/X (sky130_fd_sc_hd__clkbuf_2)
                                                         net2837 (net)
                      0.111117    0.000256    3.456237 v _14174_/A (sky130_fd_sc_hd__inv_2)
     1    0.005813    0.045999    0.076193    3.532430 ^ _14174_/Y (sky130_fd_sc_hd__inv_2)
                                                         _00310_ (net)
                      0.045999    0.000095    3.532525 ^ _14488_/RESET_B (sky130_fd_sc_hd__dfrtp_2)
                                              3.532525   data arrival time

                                  8.000000    8.000000   clock clk (rise edge)
                                  0.000000    8.000000   clock source latency
     1    0.047910    0.219782    0.153598    8.153598 ^ clk (in)
                                                         clk (net)
                      0.219828    0.000000    8.153598 ^ clkbuf_0_clk/A (sky130_fd_sc_hd__clkbuf_16)
     2    0.057533    0.077362    0.212815    8.366413 ^ clkbuf_0_clk/X (sky130_fd_sc_hd__clkbuf_16)
                                                         clknet_0_clk (net)
                      0.077382    0.001188    8.367601 ^ clkbuf_1_0__f_clk/A (sky130_fd_sc_hd__clkbuf_16)
    11    0.127584    0.140337    0.216618    8.584219 ^ clkbuf_1_0__f_clk/X (sky130_fd_sc_hd__clkbuf_16)
                                                         clknet_1_0__leaf_clk (net)
                      0.140471    0.002526    8.586745 ^ clkbuf_leaf_11_clk/A (sky130_fd_sc_hd__clkbuf_8)
    19    0.067935    0.126532    0.224889    8.811633 ^ clkbuf_leaf_11_clk/X (sky130_fd_sc_hd__clkbuf_8)
                                                         clknet_leaf_11_clk (net)
                      0.126535    0.000799    8.812433 ^ _14488_/CLK (sky130_fd_sc_hd__dfrtp_2)
                                 -0.250000    8.562433   clock uncertainty
                                  0.000000    8.562433   clock reconvergence pessimism
                                  0.243916    8.806349   library recovery time
                                              8.806349   data required time
---------------------------------------------------------------------------------------------
                                              8.806349   data required time
                                             -3.532525   data arrival time
---------------------------------------------------------------------------------------------
                                              5.273824   slack (MET)


Startpoint: _14415_ (rising edge-triggered flip-flop clocked by clk)
Endpoint: _14499_ (rising edge-triggered flip-flop clocked by clk)
Path Group: clk
Path Type: max

Fanout         Cap        Slew       Delay        Time   Description
---------------------------------------------------------------------------------------------
                                  0.000000    0.000000   clock clk (rise edge)
                                  0.000000    0.000000   clock source latency
     1    0.047910    0.219782    0.153598    0.153598 ^ clk (in)
                                                         clk (net)
                      0.219828    0.000000    0.153598 ^ clkbuf_0_clk/A (sky130_fd_sc_hd__clkbuf_16)
     2    0.057533    0.077362    0.212814    0.366413 ^ clkbuf_0_clk/X (sky130_fd_sc_hd__clkbuf_16)
                                                         clknet_0_clk (net)
                      0.077382    0.001189    0.367601 ^ clkbuf_1_0__f_clk/A (sky130_fd_sc_hd__clkbuf_16)
    11    0.127584    0.140337    0.216618    0.584219 ^ clkbuf_1_0__f_clk/X (sky130_fd_sc_hd__clkbuf_16)
                                                         clknet_1_0__leaf_clk (net)
                      0.140513    0.003197    0.587416 ^ clkbuf_leaf_17_clk/A (sky130_fd_sc_hd__clkbuf_8)
    25    0.070747    0.131075    0.228144    0.815560 ^ clkbuf_leaf_17_clk/X (sky130_fd_sc_hd__clkbuf_8)
                                                         clknet_leaf_17_clk (net)
                      0.131076    0.000550    0.816110 ^ _14415_/CLK (sky130_fd_sc_hd__dfrtp_1)
     2    0.034535    0.175982    0.516683    1.332793 v _14415_/Q (sky130_fd_sc_hd__dfrtp_1)
                                                         adder_inst.man_b_r[5] (net)
                      0.175982    0.000610    1.333403 v fanout1863/A (sky130_fd_sc_hd__buf_4)
     5    0.059103    0.084451    0.251933    1.585336 v fanout1863/X (sky130_fd_sc_hd__buf_4)
                                                         net1863 (net)
                      0.084637    0.003474    1.588809 v _07125_/A (sky130_fd_sc_hd__inv_2)
     1    0.024907    0.118663    0.127029    1.715839 ^ _07125_/Y (sky130_fd_sc_hd__inv_2)
                                                         _06897_ (net)
                      0.118703    0.001790    1.717629 ^ fanout1160/A (sky130_fd_sc_hd__clkbuf_2)
     3    0.095353    0.510400    0.452578    2.170207 ^ fanout1160/X (sky130_fd_sc_hd__clkbuf_2)
                                                         net1160 (net)
                      0.510435    0.003536    2.173743 ^ fanout1154/A (sky130_fd_sc_hd__buf_2)
     6    0.055143    0.269334    0.373726    2.547468 ^ fanout1154/X (sky130_fd_sc_hd__buf_2)
                                                         net1154 (net)
                      0.269477    0.003213    2.550682 ^ fanout1153/A (sky130_fd_sc_hd__clkbuf_2)
     5    0.046132    0.251448    0.316083    2.866765 ^ fanout1153/X (sky130_fd_sc_hd__clkbuf_2)
                                                         net1153 (net)
                      0.251547    0.001764    2.868529 ^ fanout1151/A (sky130_fd_sc_hd__clkbuf_2)
     5    0.031367    0.174589    0.258480    3.127008 ^ fanout1151/X (sky130_fd_sc_hd__clkbuf_2)
                                                         net1151 (net)
                      0.174589    0.000450    3.127459 ^ _09739_/A2 (sky130_fd_sc_hd__o211ai_1)
     2    0.011960    0.147706    0.167455    3.294914 v _09739_/Y (sky130_fd_sc_hd__o211ai_1)
                                                         _02825_ (net)
                      0.147706    0.000170    3.295084 v _09740_/B (sky130_fd_sc_hd__nand2_1)
     1    0.009258    0.103012    0.147233    3.442317 ^ _09740_/Y (sky130_fd_sc_hd__nand2_1)
                                                         _02826_ (net)
                      0.103012    0.000334    3.442651 ^ _09980_/B1 (sky130_fd_sc_hd__a21o_1)
     2    0.021313    0.188964    0.201238    3.643888 ^ _09980_/X (sky130_fd_sc_hd__a21o_1)
                                                         _03066_ (net)
                      0.188964    0.000393    3.644282 ^ _09981_/B1 (sky130_fd_sc_hd__o21ai_4)
     3    0.030028    0.098367    0.130348    3.774630 v _09981_/Y (sky130_fd_sc_hd__o21ai_4)
                                                         _03067_ (net)
                      0.098450    0.001594    3.776223 v _10005_/B2 (sky130_fd_sc_hd__o2bb2ai_4)
     1    0.010839    0.125430    0.152939    3.929162 ^ _10005_/Y (sky130_fd_sc_hd__o2bb2ai_4)
                                                         _03091_ (net)
                      0.125430    0.000181    3.929343 ^ _10011_/A (sky130_fd_sc_hd__nand3_4)
     2    0.010264    0.067527    0.085472    4.014814 v _10011_/Y (sky130_fd_sc_hd__nand3_4)
                                                         _03097_ (net)
                      0.067527    0.000111    4.014926 v fanout393/A (sky130_fd_sc_hd__buf_6)
     2    0.016530    0.030745    0.132396    4.147322 v fanout393/X (sky130_fd_sc_hd__buf_6)
                                                         net393 (net)
                      0.030749    0.000352    4.147674 v _10054_/A1 (sky130_fd_sc_hd__a21boi_4)
     1    0.010374    0.128202    0.139577    4.287251 ^ _10054_/Y (sky130_fd_sc_hd__a21boi_4)
                                                         _03140_ (net)
                      0.128202    0.000124    4.287376 ^ _10062_/C (sky130_fd_sc_hd__nand3_4)
     3    0.021815    0.105818    0.119725    4.407101 v _10062_/Y (sky130_fd_sc_hd__nand3_4)
                                                         _03148_ (net)
                      0.105821    0.000632    4.407733 v fanout325/A (sky130_fd_sc_hd__buf_6)
     2    0.009518    0.025042    0.142368    4.550101 v fanout325/X (sky130_fd_sc_hd__buf_6)
                                                         net325 (net)
                      0.025042    0.000110    4.550210 v fanout324/A (sky130_fd_sc_hd__buf_8)
     5    0.028073    0.035651    0.120808    4.671019 v fanout324/X (sky130_fd_sc_hd__buf_8)
                                                         net324 (net)
                      0.035655    0.000406    4.671425 v _10364_/A1 (sky130_fd_sc_hd__a21o_1)
     1    0.010784    0.065662    0.181823    4.853248 v _10364_/X (sky130_fd_sc_hd__a21o_1)
                                                         _03450_ (net)
                      0.065662    0.000190    4.853438 v _10367_/C1 (sky130_fd_sc_hd__o211ai_4)
     2    0.015738    0.199779    0.097736    4.951174 ^ _10367_/Y (sky130_fd_sc_hd__o211ai_4)
                                                         _03453_ (net)
                      0.199779    0.000556    4.951730 ^ rebuffer306/A (sky130_fd_sc_hd__buf_6)
     2    0.019454    0.051327    0.147551    5.099281 ^ rebuffer306/X (sky130_fd_sc_hd__buf_6)
                                                         net580 (net)
                      0.051327    0.000192    5.099473 ^ _10588_/A1_N (sky130_fd_sc_hd__o2bb2ai_4)
     3    0.024044    0.196658    0.151952    5.251425 ^ _10588_/Y (sky130_fd_sc_hd__o2bb2ai_4)
                                                         _03674_ (net)
                      0.196658    0.000326    5.251751 ^ _10595_/A (sky130_fd_sc_hd__nand3_4)
     4    0.026824    0.121960    0.143409    5.395160 v _10595_/Y (sky130_fd_sc_hd__nand3_4)
                                                         _03681_ (net)
                      0.121960    0.000459    5.395619 v rebuffer322/A (sky130_fd_sc_hd__buf_6)
     1    0.009843    0.025288    0.150145    5.545763 v rebuffer322/X (sky130_fd_sc_hd__buf_6)
                                                         net1140 (net)
                      0.025288    0.000161    5.545924 v _10802_/A2 (sky130_fd_sc_hd__a31oi_4)
     1    0.009280    0.151045    0.162154    5.708078 ^ _10802_/Y (sky130_fd_sc_hd__a31oi_4)
                                                         _03888_ (net)
                      0.151045    0.000094    5.708172 ^ _10806_/A1 (sky130_fd_sc_hd__a22oi_4)
     3    0.018996    0.081432    0.117535    5.825707 v _10806_/Y (sky130_fd_sc_hd__a22oi_4)
                                                         _03892_ (net)
                      0.081433    0.000440    5.826147 v rebuffer326/A (sky130_fd_sc_hd__buf_6)
     1    0.010438    0.025701    0.132114    5.958261 v rebuffer326/X (sky130_fd_sc_hd__buf_6)
                                                         net1146 (net)
                      0.025701    0.000199    5.958460 v _11727_/A4 (sky130_fd_sc_hd__a41oi_4)
     1    0.009541    0.180445    0.219168    6.177628 ^ _11727_/Y (sky130_fd_sc_hd__a41oi_4)
                                                         _04813_ (net)
                      0.180445    0.000060    6.177688 ^ _11728_/B1 (sky130_fd_sc_hd__o21ai_4)
     2    0.011045    0.065587    0.091347    6.269035 v _11728_/Y (sky130_fd_sc_hd__o21ai_4)
                                                         _04814_ (net)
                      0.065587    0.000118    6.269153 v _12230_/B1 (sky130_fd_sc_hd__a21oi_4)
     1    0.021331    0.191432    0.188594    6.457747 ^ _12230_/Y (sky130_fd_sc_hd__a21oi_4)
                                                         _05316_ (net)
                      0.191432    0.000350    6.458097 ^ wire165/A (sky130_fd_sc_hd__buf_8)
     4    0.065934    0.113531    0.189217    6.647314 ^ wire165/X (sky130_fd_sc_hd__buf_8)
                                                         net165 (net)
                      0.113794    0.004405    6.651720 ^ _12238_/A1 (sky130_fd_sc_hd__o21bai_4)
     3    0.044794    0.129420    0.147756    6.799475 v _12238_/Y (sky130_fd_sc_hd__o21bai_4)
                                                         _05324_ (net)
                      0.129464    0.002273    6.801749 v _12353_/A (sky130_fd_sc_hd__nand3_4)
     2    0.020204    0.096251    0.118191    6.919940 ^ _12353_/Y (sky130_fd_sc_hd__nand3_4)
                                                         _05439_ (net)
                      0.096252    0.000739    6.920679 ^ _12403_/A1 (sky130_fd_sc_hd__a21oi_4)
     2    0.013384    0.052920    0.072144    6.992822 v _12403_/Y (sky130_fd_sc_hd__a21oi_4)
                                                         _05489_ (net)
                      0.052921    0.000207    6.993030 v _12425_/A2 (sky130_fd_sc_hd__o21bai_4)
     3    0.015744    0.152687    0.153729    7.146759 ^ _12425_/Y (sky130_fd_sc_hd__o21bai_4)
                                                         _05511_ (net)
                      0.152687    0.000216    7.146975 ^ _12428_/A1 (sky130_fd_sc_hd__a21oi_4)
     3    0.009766    0.094699    0.078815    7.225790 v _12428_/Y (sky130_fd_sc_hd__a21oi_4)
                                                         _05514_ (net)
                      0.094699    0.000094    7.225884 v _12437_/A2 (sky130_fd_sc_hd__o211ai_2)
     2    0.013368    0.215147    0.224874    7.450758 ^ _12437_/Y (sky130_fd_sc_hd__o211ai_2)
                                                         _05523_ (net)
                      0.215147    0.000237    7.450995 ^ fanout148/A (sky130_fd_sc_hd__buf_6)
     2    0.010353    0.036572    0.136237    7.587233 ^ fanout148/X (sky130_fd_sc_hd__buf_6)
                                                         net148 (net)
                      0.036572    0.000092    7.587325 ^ fanout147/A (sky130_fd_sc_hd__buf_8)
     5    0.043430    0.079311    0.122801    7.710126 ^ fanout147/X (sky130_fd_sc_hd__buf_8)
                                                         net147 (net)
                      0.079395    0.002096    7.712222 ^ _12441_/A (sky130_fd_sc_hd__nand2_8)
     2    0.041600    0.104524    0.080265    7.792487 v _12441_/Y (sky130_fd_sc_hd__nand2_8)
                                                         _05527_ (net)
                      0.104529    0.000567    7.793054 v fanout128/A (sky130_fd_sc_hd__buf_8)
     5    0.025594    0.034254    0.154312    7.947366 v fanout128/X (sky130_fd_sc_hd__buf_8)
                                                         net128 (net)
                      0.034281    0.000853    7.948218 v fanout127/A (sky130_fd_sc_hd__buf_6)
     2    0.016972    0.031241    0.117993    8.066211 v fanout127/X (sky130_fd_sc_hd__buf_6)
                                                         net127 (net)
                      0.031248    0.000465    8.066675 v fanout124/A (sky130_fd_sc_hd__buf_8)
     4    0.026881    0.034835    0.122570    8.189246 v fanout124/X (sky130_fd_sc_hd__buf_8)
                                                         net124 (net)
                      0.034835    0.000185    8.189430 v fanout122/A (sky130_fd_sc_hd__buf_8)
     5    0.025876    0.034263    0.123223    8.312654 v fanout122/X (sky130_fd_sc_hd__buf_8)
                                                         net122 (net)
                      0.034291    0.000862    8.313517 v _12474_/A2 (sky130_fd_sc_hd__a21oi_4)
     2    0.010390    0.126415    0.156465    8.469981 ^ _12474_/Y (sky130_fd_sc_hd__a21oi_4)
                                                         _05560_ (net)
                      0.126415    0.000151    8.470133 ^ fanout117/A (sky130_fd_sc_hd__buf_6)
     5    0.022519    0.055579    0.136241    8.606374 ^ fanout117/X (sky130_fd_sc_hd__buf_6)
                                                         net117 (net)
                      0.055579    0.000261    8.606635 ^ _12491_/A (sky130_fd_sc_hd__nand3_4)
     4    0.026795    0.106326    0.102481    8.709115 v _12491_/Y (sky130_fd_sc_hd__nand3_4)
                                                         _05577_ (net)
                      0.106372    0.000746    8.709862 v fanout115/A (sky130_fd_sc_hd__buf_8)
     5    0.030471    0.037402    0.158739    8.868600 v fanout115/X (sky130_fd_sc_hd__buf_8)
                                                         net115 (net)
                      0.037415    0.000665    8.869266 v _12526_/B (sky130_fd_sc_hd__nor2_8)
     2    0.038890    0.167209    0.152773    9.022038 ^ _12526_/Y (sky130_fd_sc_hd__nor2_8)
                                                         _05612_ (net)
                      0.167217    0.000928    9.022966 ^ fanout103/A (sky130_fd_sc_hd__buf_8)
     4    0.031761    0.063175    0.146761    9.169727 ^ fanout103/X (sky130_fd_sc_hd__buf_8)
                                                         net103 (net)
                      0.063175    0.000121    9.169848 ^ fanout102/A (sky130_fd_sc_hd__buf_8)
     5    0.035832    0.068068    0.123945    9.293794 ^ fanout102/X (sky130_fd_sc_hd__buf_8)
                                                         net102 (net)
                      0.068073    0.000641    9.294435 ^ _12620_/A (sky130_fd_sc_hd__nand4_4)
     3    0.025318    0.143516    0.125824    9.420259 v _12620_/Y (sky130_fd_sc_hd__nand4_4)
                                                         _05702_ (net)
                      0.143516    0.000614    9.420873 v _12622_/A1 (sky130_fd_sc_hd__o21bai_4)
     1    0.005284    0.098900    0.167269    9.588141 ^ _12622_/Y (sky130_fd_sc_hd__o21bai_4)
                                                         _05704_ (net)
                      0.098900    0.000056    9.588197 ^ _12624_/B1 (sky130_fd_sc_hd__o21ai_2)
     1    0.005399    0.063920    0.067171    9.655369 v _12624_/Y (sky130_fd_sc_hd__o21ai_2)
                                                         _05706_ (net)
                      0.063920    0.000067    9.655435 v _12625_/B (sky130_fd_sc_hd__nand2_2)
     2    0.005712    0.050237    0.075374    9.730809 ^ _12625_/Y (sky130_fd_sc_hd__nand2_2)
                                                         multiplier_inst.exp_final[5] (net)
                      0.050237    0.000070    9.730880 ^ _12715_/A (sky130_fd_sc_hd__nand3_1)
     1    0.002770    0.060072    0.059922    9.790801 v _12715_/Y (sky130_fd_sc_hd__nand3_1)
                                                         _05780_ (net)
                      0.060072    0.000026    9.790827 v _12717_/A (sky130_fd_sc_hd__nand2_1)
     1    0.004109    0.054917    0.068289    9.859117 ^ _12717_/Y (sky130_fd_sc_hd__nand2_1)
                                                         multiplier_inst.overflow_calc (net)
                      0.054917    0.000065    9.859181 ^ _14499_/D (sky130_fd_sc_hd__dfrtp_1)
                                              9.859181   data arrival time

                                  8.000000    8.000000   clock clk (rise edge)
                                  0.000000    8.000000   clock source latency
     1    0.047910    0.219782    0.153598    8.153598 ^ clk (in)
                                                         clk (net)
                      0.219828    0.000000    8.153598 ^ clkbuf_0_clk/A (sky130_fd_sc_hd__clkbuf_16)
     2    0.057533    0.077362    0.212815    8.366413 ^ clkbuf_0_clk/X (sky130_fd_sc_hd__clkbuf_16)
                                                         clknet_0_clk (net)
                      0.077369    0.000812    8.367225 ^ clkbuf_1_1__f_clk/A (sky130_fd_sc_hd__clkbuf_16)
    11    0.110515    0.124506    0.204214    8.571438 ^ clkbuf_1_1__f_clk/X (sky130_fd_sc_hd__clkbuf_16)
                                                         clknet_1_1__leaf_clk (net)
                      0.124685    0.003791    8.575229 ^ clkbuf_leaf_8_clk/A (sky130_fd_sc_hd__clkbuf_8)
    26    0.073880    0.135448    0.227133    8.802361 ^ clkbuf_leaf_8_clk/X (sky130_fd_sc_hd__clkbuf_8)
                                                         clknet_leaf_8_clk (net)
                      0.135448    0.000453    8.802814 ^ _14499_/CLK (sky130_fd_sc_hd__dfrtp_1)
                                 -0.250000    8.552814   clock uncertainty
                                  0.000000    8.552814   clock reconvergence pessimism
                                 -0.048485    8.504329   library setup time
                                              8.504329   data required time
---------------------------------------------------------------------------------------------
                                              8.504329   data required time
                                             -9.859181   data arrival time
---------------------------------------------------------------------------------------------
                                             -1.354852   slack (VIOLATED)




===========================================================================
report_checks --slack_max -0.01
============================================================================
======================= min_tt_025C_1v80 Corner ===================================

Startpoint: _14415_ (rising edge-triggered flip-flop clocked by clk)
Endpoint: _14499_ (rising edge-triggered flip-flop clocked by clk)
Path Group: clk
Path Type: max

Fanout         Cap        Slew       Delay        Time   Description
---------------------------------------------------------------------------------------------
                                  0.000000    0.000000   clock clk (rise edge)
                                  0.000000    0.000000   clock source latency
     1    0.047910    0.219782    0.153598    0.153598 ^ clk (in)
                                                         clk (net)
                      0.219828    0.000000    0.153598 ^ clkbuf_0_clk/A (sky130_fd_sc_hd__clkbuf_16)
     2    0.057533    0.077362    0.212814    0.366413 ^ clkbuf_0_clk/X (sky130_fd_sc_hd__clkbuf_16)
                                                         clknet_0_clk (net)
                      0.077382    0.001189    0.367601 ^ clkbuf_1_0__f_clk/A (sky130_fd_sc_hd__clkbuf_16)
    11    0.127584    0.140337    0.216618    0.584219 ^ clkbuf_1_0__f_clk/X (sky130_fd_sc_hd__clkbuf_16)
                                                         clknet_1_0__leaf_clk (net)
                      0.140513    0.003197    0.587416 ^ clkbuf_leaf_17_clk/A (sky130_fd_sc_hd__clkbuf_8)
    25    0.070747    0.131075    0.228144    0.815560 ^ clkbuf_leaf_17_clk/X (sky130_fd_sc_hd__clkbuf_8)
                                                         clknet_leaf_17_clk (net)
                      0.131076    0.000550    0.816110 ^ _14415_/CLK (sky130_fd_sc_hd__dfrtp_1)
     2    0.034535    0.175982    0.516683    1.332793 v _14415_/Q (sky130_fd_sc_hd__dfrtp_1)
                                                         adder_inst.man_b_r[5] (net)
                      0.175982    0.000610    1.333403 v fanout1863/A (sky130_fd_sc_hd__buf_4)
     5    0.059103    0.084451    0.251933    1.585336 v fanout1863/X (sky130_fd_sc_hd__buf_4)
                                                         net1863 (net)
                      0.084637    0.003474    1.588809 v _07125_/A (sky130_fd_sc_hd__inv_2)
     1    0.024907    0.118663    0.127029    1.715839 ^ _07125_/Y (sky130_fd_sc_hd__inv_2)
                                                         _06897_ (net)
                      0.118703    0.001790    1.717629 ^ fanout1160/A (sky130_fd_sc_hd__clkbuf_2)
     3    0.095353    0.510400    0.452578    2.170207 ^ fanout1160/X (sky130_fd_sc_hd__clkbuf_2)
                                                         net1160 (net)
                      0.510435    0.003536    2.173743 ^ fanout1154/A (sky130_fd_sc_hd__buf_2)
     6    0.055143    0.269334    0.373726    2.547468 ^ fanout1154/X (sky130_fd_sc_hd__buf_2)
                                                         net1154 (net)
                      0.269477    0.003213    2.550682 ^ fanout1153/A (sky130_fd_sc_hd__clkbuf_2)
     5    0.046132    0.251448    0.316083    2.866765 ^ fanout1153/X (sky130_fd_sc_hd__clkbuf_2)
                                                         net1153 (net)
                      0.251547    0.001764    2.868529 ^ fanout1151/A (sky130_fd_sc_hd__clkbuf_2)
     5    0.031367    0.174589    0.258480    3.127008 ^ fanout1151/X (sky130_fd_sc_hd__clkbuf_2)
                                                         net1151 (net)
                      0.174589    0.000450    3.127459 ^ _09739_/A2 (sky130_fd_sc_hd__o211ai_1)
     2    0.011960    0.147706    0.167455    3.294914 v _09739_/Y (sky130_fd_sc_hd__o211ai_1)
                                                         _02825_ (net)
                      0.147706    0.000170    3.295084 v _09740_/B (sky130_fd_sc_hd__nand2_1)
     1    0.009258    0.103012    0.147233    3.442317 ^ _09740_/Y (sky130_fd_sc_hd__nand2_1)
                                                         _02826_ (net)
                      0.103012    0.000334    3.442651 ^ _09980_/B1 (sky130_fd_sc_hd__a21o_1)
     2    0.021313    0.188964    0.201238    3.643888 ^ _09980_/X (sky130_fd_sc_hd__a21o_1)
                                                         _03066_ (net)
                      0.188964    0.000393    3.644282 ^ _09981_/B1 (sky130_fd_sc_hd__o21ai_4)
     3    0.030028    0.098367    0.130348    3.774630 v _09981_/Y (sky130_fd_sc_hd__o21ai_4)
                                                         _03067_ (net)
                      0.098450    0.001594    3.776223 v _10005_/B2 (sky130_fd_sc_hd__o2bb2ai_4)
     1    0.010839    0.125430    0.152939    3.929162 ^ _10005_/Y (sky130_fd_sc_hd__o2bb2ai_4)
                                                         _03091_ (net)
                      0.125430    0.000181    3.929343 ^ _10011_/A (sky130_fd_sc_hd__nand3_4)
     2    0.010264    0.067527    0.085472    4.014814 v _10011_/Y (sky130_fd_sc_hd__nand3_4)
                                                         _03097_ (net)
                      0.067527    0.000111    4.014926 v fanout393/A (sky130_fd_sc_hd__buf_6)
     2    0.016530    0.030745    0.132396    4.147322 v fanout393/X (sky130_fd_sc_hd__buf_6)
                                                         net393 (net)
                      0.030749    0.000352    4.147674 v _10054_/A1 (sky130_fd_sc_hd__a21boi_4)
     1    0.010374    0.128202    0.139577    4.287251 ^ _10054_/Y (sky130_fd_sc_hd__a21boi_4)
                                                         _03140_ (net)
                      0.128202    0.000124    4.287376 ^ _10062_/C (sky130_fd_sc_hd__nand3_4)
     3    0.021815    0.105818    0.119725    4.407101 v _10062_/Y (sky130_fd_sc_hd__nand3_4)
                                                         _03148_ (net)
                      0.105821    0.000632    4.407733 v fanout325/A (sky130_fd_sc_hd__buf_6)
     2    0.009518    0.025042    0.142368    4.550101 v fanout325/X (sky130_fd_sc_hd__buf_6)
                                                         net325 (net)
                      0.025042    0.000110    4.550210 v fanout324/A (sky130_fd_sc_hd__buf_8)
     5    0.028073    0.035651    0.120808    4.671019 v fanout324/X (sky130_fd_sc_hd__buf_8)
                                                         net324 (net)
                      0.035655    0.000406    4.671425 v _10364_/A1 (sky130_fd_sc_hd__a21o_1)
     1    0.010784    0.065662    0.181823    4.853248 v _10364_/X (sky130_fd_sc_hd__a21o_1)
                                                         _03450_ (net)
                      0.065662    0.000190    4.853438 v _10367_/C1 (sky130_fd_sc_hd__o211ai_4)
     2    0.015738    0.199779    0.097736    4.951174 ^ _10367_/Y (sky130_fd_sc_hd__o211ai_4)
                                                         _03453_ (net)
                      0.199779    0.000556    4.951730 ^ rebuffer306/A (sky130_fd_sc_hd__buf_6)
     2    0.019454    0.051327    0.147551    5.099281 ^ rebuffer306/X (sky130_fd_sc_hd__buf_6)
                                                         net580 (net)
                      0.051327    0.000192    5.099473 ^ _10588_/A1_N (sky130_fd_sc_hd__o2bb2ai_4)
     3    0.024044    0.196658    0.151952    5.251425 ^ _10588_/Y (sky130_fd_sc_hd__o2bb2ai_4)
                                                         _03674_ (net)
                      0.196658    0.000326    5.251751 ^ _10595_/A (sky130_fd_sc_hd__nand3_4)
     4    0.026824    0.121960    0.143409    5.395160 v _10595_/Y (sky130_fd_sc_hd__nand3_4)
                                                         _03681_ (net)
                      0.121960    0.000459    5.395619 v rebuffer322/A (sky130_fd_sc_hd__buf_6)
     1    0.009843    0.025288    0.150145    5.545763 v rebuffer322/X (sky130_fd_sc_hd__buf_6)
                                                         net1140 (net)
                      0.025288    0.000161    5.545924 v _10802_/A2 (sky130_fd_sc_hd__a31oi_4)
     1    0.009280    0.151045    0.162154    5.708078 ^ _10802_/Y (sky130_fd_sc_hd__a31oi_4)
                                                         _03888_ (net)
                      0.151045    0.000094    5.708172 ^ _10806_/A1 (sky130_fd_sc_hd__a22oi_4)
     3    0.018996    0.081432    0.117535    5.825707 v _10806_/Y (sky130_fd_sc_hd__a22oi_4)
                                                         _03892_ (net)
                      0.081433    0.000440    5.826147 v rebuffer326/A (sky130_fd_sc_hd__buf_6)
     1    0.010438    0.025701    0.132114    5.958261 v rebuffer326/X (sky130_fd_sc_hd__buf_6)
                                                         net1146 (net)
                      0.025701    0.000199    5.958460 v _11727_/A4 (sky130_fd_sc_hd__a41oi_4)
     1    0.009541    0.180445    0.219168    6.177628 ^ _11727_/Y (sky130_fd_sc_hd__a41oi_4)
                                                         _04813_ (net)
                      0.180445    0.000060    6.177688 ^ _11728_/B1 (sky130_fd_sc_hd__o21ai_4)
     2    0.011045    0.065587    0.091347    6.269035 v _11728_/Y (sky130_fd_sc_hd__o21ai_4)
                                                         _04814_ (net)
                      0.065587    0.000118    6.269153 v _12230_/B1 (sky130_fd_sc_hd__a21oi_4)
     1    0.021331    0.191432    0.188594    6.457747 ^ _12230_/Y (sky130_fd_sc_hd__a21oi_4)
                                                         _05316_ (net)
                      0.191432    0.000350    6.458097 ^ wire165/A (sky130_fd_sc_hd__buf_8)
     4    0.065934    0.113531    0.189217    6.647314 ^ wire165/X (sky130_fd_sc_hd__buf_8)
                                                         net165 (net)
                      0.113794    0.004405    6.651720 ^ _12238_/A1 (sky130_fd_sc_hd__o21bai_4)
     3    0.044794    0.129420    0.147756    6.799475 v _12238_/Y (sky130_fd_sc_hd__o21bai_4)
                                                         _05324_ (net)
                      0.129464    0.002273    6.801749 v _12353_/A (sky130_fd_sc_hd__nand3_4)
     2    0.020204    0.096251    0.118191    6.919940 ^ _12353_/Y (sky130_fd_sc_hd__nand3_4)
                                                         _05439_ (net)
                      0.096252    0.000739    6.920679 ^ _12403_/A1 (sky130_fd_sc_hd__a21oi_4)
     2    0.013384    0.052920    0.072144    6.992822 v _12403_/Y (sky130_fd_sc_hd__a21oi_4)
                                                         _05489_ (net)
                      0.052921    0.000207    6.993030 v _12425_/A2 (sky130_fd_sc_hd__o21bai_4)
     3    0.015744    0.152687    0.153729    7.146759 ^ _12425_/Y (sky130_fd_sc_hd__o21bai_4)
                                                         _05511_ (net)
                      0.152687    0.000216    7.146975 ^ _12428_/A1 (sky130_fd_sc_hd__a21oi_4)
     3    0.009766    0.094699    0.078815    7.225790 v _12428_/Y (sky130_fd_sc_hd__a21oi_4)
                                                         _05514_ (net)
                      0.094699    0.000094    7.225884 v _12437_/A2 (sky130_fd_sc_hd__o211ai_2)
     2    0.013368    0.215147    0.224874    7.450758 ^ _12437_/Y (sky130_fd_sc_hd__o211ai_2)
                                                         _05523_ (net)
                      0.215147    0.000237    7.450995 ^ fanout148/A (sky130_fd_sc_hd__buf_6)
     2    0.010353    0.036572    0.136237    7.587233 ^ fanout148/X (sky130_fd_sc_hd__buf_6)
                                                         net148 (net)
                      0.036572    0.000092    7.587325 ^ fanout147/A (sky130_fd_sc_hd__buf_8)
     5    0.043430    0.079311    0.122801    7.710126 ^ fanout147/X (sky130_fd_sc_hd__buf_8)
                                                         net147 (net)
                      0.079395    0.002096    7.712222 ^ _12441_/A (sky130_fd_sc_hd__nand2_8)
     2    0.041600    0.104524    0.080265    7.792487 v _12441_/Y (sky130_fd_sc_hd__nand2_8)
                                                         _05527_ (net)
                      0.104529    0.000567    7.793054 v fanout128/A (sky130_fd_sc_hd__buf_8)
     5    0.025594    0.034254    0.154312    7.947366 v fanout128/X (sky130_fd_sc_hd__buf_8)
                                                         net128 (net)
                      0.034281    0.000853    7.948218 v fanout127/A (sky130_fd_sc_hd__buf_6)
     2    0.016972    0.031241    0.117993    8.066211 v fanout127/X (sky130_fd_sc_hd__buf_6)
                                                         net127 (net)
                      0.031248    0.000465    8.066675 v fanout124/A (sky130_fd_sc_hd__buf_8)
     4    0.026881    0.034835    0.122570    8.189246 v fanout124/X (sky130_fd_sc_hd__buf_8)
                                                         net124 (net)
                      0.034835    0.000185    8.189430 v fanout122/A (sky130_fd_sc_hd__buf_8)
     5    0.025876    0.034263    0.123223    8.312654 v fanout122/X (sky130_fd_sc_hd__buf_8)
                                                         net122 (net)
                      0.034291    0.000862    8.313517 v _12474_/A2 (sky130_fd_sc_hd__a21oi_4)
     2    0.010390    0.126415    0.156465    8.469981 ^ _12474_/Y (sky130_fd_sc_hd__a21oi_4)
                                                         _05560_ (net)
                      0.126415    0.000151    8.470133 ^ fanout117/A (sky130_fd_sc_hd__buf_6)
     5    0.022519    0.055579    0.136241    8.606374 ^ fanout117/X (sky130_fd_sc_hd__buf_6)
                                                         net117 (net)
                      0.055579    0.000261    8.606635 ^ _12491_/A (sky130_fd_sc_hd__nand3_4)
     4    0.026795    0.106326    0.102481    8.709115 v _12491_/Y (sky130_fd_sc_hd__nand3_4)
                                                         _05577_ (net)
                      0.106372    0.000746    8.709862 v fanout115/A (sky130_fd_sc_hd__buf_8)
     5    0.030471    0.037402    0.158739    8.868600 v fanout115/X (sky130_fd_sc_hd__buf_8)
                                                         net115 (net)
                      0.037415    0.000665    8.869266 v _12526_/B (sky130_fd_sc_hd__nor2_8)
     2    0.038890    0.167209    0.152773    9.022038 ^ _12526_/Y (sky130_fd_sc_hd__nor2_8)
                                                         _05612_ (net)
                      0.167217    0.000928    9.022966 ^ fanout103/A (sky130_fd_sc_hd__buf_8)
     4    0.031761    0.063175    0.146761    9.169727 ^ fanout103/X (sky130_fd_sc_hd__buf_8)
                                                         net103 (net)
                      0.063175    0.000121    9.169848 ^ fanout102/A (sky130_fd_sc_hd__buf_8)
     5    0.035832    0.068068    0.123945    9.293794 ^ fanout102/X (sky130_fd_sc_hd__buf_8)
                                                         net102 (net)
                      0.068073    0.000641    9.294435 ^ _12620_/A (sky130_fd_sc_hd__nand4_4)
     3    0.025318    0.143516    0.125824    9.420259 v _12620_/Y (sky130_fd_sc_hd__nand4_4)
                                                         _05702_ (net)
                      0.143516    0.000614    9.420873 v _12622_/A1 (sky130_fd_sc_hd__o21bai_4)
     1    0.005284    0.098900    0.167269    9.588141 ^ _12622_/Y (sky130_fd_sc_hd__o21bai_4)
                                                         _05704_ (net)
                      0.098900    0.000056    9.588197 ^ _12624_/B1 (sky130_fd_sc_hd__o21ai_2)
     1    0.005399    0.063920    0.067171    9.655369 v _12624_/Y (sky130_fd_sc_hd__o21ai_2)
                                                         _05706_ (net)
                      0.063920    0.000067    9.655435 v _12625_/B (sky130_fd_sc_hd__nand2_2)
     2    0.005712    0.050237    0.075374    9.730809 ^ _12625_/Y (sky130_fd_sc_hd__nand2_2)
                                                         multiplier_inst.exp_final[5] (net)
                      0.050237    0.000070    9.730880 ^ _12715_/A (sky130_fd_sc_hd__nand3_1)
     1    0.002770    0.060072    0.059922    9.790801 v _12715_/Y (sky130_fd_sc_hd__nand3_1)
                                                         _05780_ (net)
                      0.060072    0.000026    9.790827 v _12717_/A (sky130_fd_sc_hd__nand2_1)
     1    0.004109    0.054917    0.068289    9.859117 ^ _12717_/Y (sky130_fd_sc_hd__nand2_1)
                                                         multiplier_inst.overflow_calc (net)
                      0.054917    0.000065    9.859181 ^ _14499_/D (sky130_fd_sc_hd__dfrtp_1)
                                              9.859181   data arrival time

                                  8.000000    8.000000   clock clk (rise edge)
                                  0.000000    8.000000   clock source latency
     1    0.047910    0.219782    0.153598    8.153598 ^ clk (in)
                                                         clk (net)
                      0.219828    0.000000    8.153598 ^ clkbuf_0_clk/A (sky130_fd_sc_hd__clkbuf_16)
     2    0.057533    0.077362    0.212815    8.366413 ^ clkbuf_0_clk/X (sky130_fd_sc_hd__clkbuf_16)
                                                         clknet_0_clk (net)
                      0.077369    0.000812    8.367225 ^ clkbuf_1_1__f_clk/A (sky130_fd_sc_hd__clkbuf_16)
    11    0.110515    0.124506    0.204214    8.571438 ^ clkbuf_1_1__f_clk/X (sky130_fd_sc_hd__clkbuf_16)
                                                         clknet_1_1__leaf_clk (net)
                      0.124685    0.003791    8.575229 ^ clkbuf_leaf_8_clk/A (sky130_fd_sc_hd__clkbuf_8)
    26    0.073880    0.135448    0.227133    8.802361 ^ clkbuf_leaf_8_clk/X (sky130_fd_sc_hd__clkbuf_8)
                                                         clknet_leaf_8_clk (net)
                      0.135448    0.000453    8.802814 ^ _14499_/CLK (sky130_fd_sc_hd__dfrtp_1)
                                 -0.250000    8.552814   clock uncertainty
                                  0.000000    8.552814   clock reconvergence pessimism
                                 -0.048485    8.504329   library setup time
                                              8.504329   data required time
---------------------------------------------------------------------------------------------
                                              8.504329   data required time
                                             -9.859181   data arrival time
---------------------------------------------------------------------------------------------
                                             -1.354852   slack (VIOLATED)




===========================================================================
 report_check_types -max_slew -max_cap -max_fanout -violators
============================================================================
======================= min_tt_025C_1v80 Corner ===================================

max slew

Pin                                        Limit        Slew       Slack
------------------------------------------------------------------------
_13134_/A2                              0.750000    0.895834   -0.145834 (VIOLATED)
_13133_/A2                              0.750000    0.895834   -0.145834 (VIOLATED)
_13131_/Y                               0.750000    0.895824   -0.145824 (VIOLATED)

max fanout

Pin                                   Limit Fanout  Slack
---------------------------------------------------------
clkbuf_leaf_8_clk/X                       5     26    -21 (VIOLATED)
clkbuf_leaf_12_clk/X                      5     25    -20 (VIOLATED)
clkbuf_leaf_17_clk/X                      5     25    -20 (VIOLATED)
clkbuf_leaf_7_clk/X                       5     25    -20 (VIOLATED)
clkbuf_leaf_0_clk/X                       5     24    -19 (VIOLATED)
clkbuf_leaf_4_clk/X                       5     21    -16 (VIOLATED)
clkbuf_leaf_20_clk/X                      5     20    -15 (VIOLATED)
clkbuf_leaf_11_clk/X                      5     19    -14 (VIOLATED)
clkbuf_leaf_14_clk/X                      5     19    -14 (VIOLATED)
clkbuf_leaf_6_clk/X                       5     18    -13 (VIOLATED)
clkbuf_leaf_1_clk/X                       5     17    -12 (VIOLATED)
clkbuf_leaf_5_clk/X                       5     17    -12 (VIOLATED)
clkbuf_leaf_18_clk/X                      5     16    -11 (VIOLATED)
clkbuf_leaf_3_clk/X                       5     12     -7 (VIOLATED)
clkbuf_1_0__f_clk/X                       5     11     -6 (VIOLATED)
clkbuf_1_1__f_clk/X                       5     11     -6 (VIOLATED)
clkbuf_leaf_2_clk/X                       5     11     -6 (VIOLATED)
clkbuf_leaf_15_clk/X                      5     10     -5 (VIOLATED)
clkbuf_leaf_9_clk/X                       5      9     -4 (VIOLATED)
fanout923/X                               5      8     -3 (VIOLATED)
_08804_/Y                                 5      7     -2 (VIOLATED)
clkbuf_leaf_10_clk/X                      5      7     -2 (VIOLATED)
fanout1203/X                              5      7     -2 (VIOLATED)
fanout912/X                               5      7     -2 (VIOLATED)
_08138_/Y                                 5      6        (VIOLATED)
fanout1033/X                              5      6        (VIOLATED)
fanout1099/X                              5      6        (VIOLATED)
fanout1116/X                              5      6        (VIOLATED)
fanout1154/X                              5      6        (VIOLATED)
fanout1811/X                              5      6        (VIOLATED)
fanout1840/X                              5      6        (VIOLATED)
fanout2591/X                              5      6        (VIOLATED)
fanout790/X                               5      6        (VIOLATED)
fanout916/X                               5      6        (VIOLATED)



===========================================================================
report_parasitic_annotation -report_unannotated
============================================================================
Found 20 unannotated drivers.
 clkload0/X
 clkload1/Y
 clkload10/X
 clkload11/Y
 clkload12/Y
 clkload13/Y
 clkload14/Y
 clkload15/Y
 clkload16/Y
 clkload17/X
 clkload18/Y
 clkload19/Y
 clkload2/Y
 clkload3/Y
 clkload4/Y
 clkload5/Y
 clkload6/Y
 clkload7/X
 clkload8/Y
 clkload9/Y
Found 0 partially unannotated drivers.

===========================================================================
max slew violation count 3
max fanout violation count 34
max cap violation count 0
============================================================================

===========================================================================
check_setup -verbose -unconstrained_endpoints -multiple_clock -no_clock -no_input_delay -loops -generated_clocks
===========================================================================
