Clock: clk
Sources: clk 
Generated: no
Virtual: yes
Propagated: no
Period: 8.000000

===========================================================================
report_clock_properties
============================================================================
Clock                   Period          Waveform
----------------------------------------------------
clk                   8.000000    0.000000  4.000000

===========================================================================
report_clock_latency
============================================================================
Clock clk
rise -> rise
    min     max
0.000000 0.000000 source latency
0.781119         network latency _14479_/CLK
        0.817211 network latency _14338_/CLK
---------------
0.781119 0.817211 latency
        0.036092 skew

fall -> fall
    min     max
0.000000 0.000000 source latency
0.666327         network latency _14479_/CLK
        0.693002 network latency _14338_/CLK
---------------
0.666327 0.693002 latency
        0.026676 skew



===========================================================================
report_clock_min_period
============================================================================
clk period_min = 9.35 fmax = 106.90
