Clock: clk
Sources: clk 
Generated: no
Virtual: yes
Propagated: no
Period: 25.000000

===========================================================================
report_clock_properties
============================================================================
Clock                   Period          Waveform
----------------------------------------------------
clk                  25.000000    0.000000 12.500000

===========================================================================
report_clock_latency
============================================================================
Clock clk
rise -> rise
    min     max
0.000000 0.000000 source latency
0.375019         network latency _15928_/CLK
        0.527814 network latency _15987_/CLK
---------------
0.375019 0.527814 latency
        0.152795 skew

fall -> fall
    min     max
0.000000 0.000000 source latency
0.310778         network latency _15928_/CLK
        0.453023 network latency _15987_/CLK
---------------
0.310778 0.453023 latency
        0.142245 skew



===========================================================================
report_clock_min_period
============================================================================
clk period_min = 5.49 fmax = 182.19
