
===========================================================================
report_checks -unconstrained
===========================================================================
======================= nom_ff_n40C_1v95 Corner ===================================

Startpoint: rst (input port clocked by clk)
Endpoint: _15981_ (recovery check against rising-edge clock clk)
Path Group: asynchronous
Path Type: max

Fanout         Cap        Slew       Delay        Time   Description
---------------------------------------------------------------------------------------------
                                  0.000000    0.000000   clock clk (rise edge)
                                  0.000000    0.000000   clock network delay (propagated)
                                  5.000000    5.000000 v input external delay
     1    0.002944    0.004933    0.002404    5.002404 v rst (in)
                                                         rst (net)
                      0.004933    0.000000    5.002404 v input67/A (sky130_fd_sc_hd__clkbuf_1)
     1    0.004488    0.024183    0.052257    5.054661 v input67/X (sky130_fd_sc_hd__clkbuf_1)
                                                         net67 (net)
                      0.024184    0.000158    5.054820 v fanout307/A (sky130_fd_sc_hd__buf_4)
     5    0.083311    0.079097    0.140969    5.195789 v fanout307/X (sky130_fd_sc_hd__buf_4)
                                                         net307 (net)
                      0.079721    0.005626    5.201415 v fanout279/A (sky130_fd_sc_hd__buf_2)
     5    0.053898    0.091192    0.157435    5.358850 v fanout279/X (sky130_fd_sc_hd__buf_2)
                                                         net279 (net)
                      0.091206    0.000959    5.359809 v fanout278/A (sky130_fd_sc_hd__clkbuf_4)
     8    0.044660    0.069564    0.158936    5.518745 v fanout278/X (sky130_fd_sc_hd__clkbuf_4)
                                                         net278 (net)
                      0.069583    0.001098    5.519844 v fanout277/A (sky130_fd_sc_hd__buf_2)
     5    0.031934    0.059825    0.129101    5.648945 v fanout277/X (sky130_fd_sc_hd__buf_2)
                                                         net277 (net)
                      0.059829    0.000585    5.649530 v fanout276/A (sky130_fd_sc_hd__clkbuf_4)
     9    0.041692    0.065775    0.142611    5.792141 v fanout276/X (sky130_fd_sc_hd__clkbuf_4)
                                                         net276 (net)
                      0.065803    0.001267    5.793408 v fanout275/A (sky130_fd_sc_hd__clkbuf_4)
     7    0.039137    0.062477    0.142276    5.935684 v fanout275/X (sky130_fd_sc_hd__clkbuf_4)
                                                         net275 (net)
                      0.062493    0.000976    5.936659 v _15667_/A (sky130_fd_sc_hd__inv_2)
     1    0.004414    0.026897    0.043115    5.979774 ^ _15667_/Y (sky130_fd_sc_hd__inv_2)
                                                         _00229_ (net)
                      0.026897    0.000097    5.979872 ^ _15981_/RESET_B (sky130_fd_sc_hd__dfrtp_1)
                                              5.979872   data arrival time

                                 25.000000   25.000000   clock clk (rise edge)
                                  0.000000   25.000000   clock source latency
     1    0.041112    0.142082    0.100874   25.100874 ^ clk (in)
                                                         clk (net)
                      0.142527    0.000000   25.100874 ^ clkbuf_0_clk/A (sky130_fd_sc_hd__clkbuf_16)
     2    0.042883    0.048507    0.125736   25.226608 ^ clkbuf_0_clk/X (sky130_fd_sc_hd__clkbuf_16)
                                                         clknet_0_clk (net)
                      0.048599    0.001725   25.228334 ^ clkbuf_1_0__f_clk/A (sky130_fd_sc_hd__clkbuf_16)
    14    0.150036    0.125535    0.158950   25.387283 ^ clkbuf_1_0__f_clk/X (sky130_fd_sc_hd__clkbuf_16)
                                                         clknet_1_0__leaf_clk (net)
                      0.126176    0.007180   25.394464 ^ clkbuf_leaf_7_clk/A (sky130_fd_sc_hd__clkbuf_8)
    14    0.053715    0.078475    0.144111   25.538574 ^ clkbuf_leaf_7_clk/X (sky130_fd_sc_hd__clkbuf_8)
                                                         clknet_leaf_7_clk (net)
                      0.078488    0.001020   25.539595 ^ _15981_/CLK (sky130_fd_sc_hd__dfrtp_1)
                                 -0.250000   25.289595   clock uncertainty
                                  0.000000   25.289595   clock reconvergence pessimism
                                  0.151510   25.441107   library recovery time
                                             25.441107   data required time
---------------------------------------------------------------------------------------------
                                             25.441107   data required time
                                             -5.979872   data arrival time
---------------------------------------------------------------------------------------------
                                             19.461233   slack (MET)


Startpoint: _16166_ (rising edge-triggered flip-flop clocked by clk)
Endpoint: o_res[27] (output port clocked by clk)
Path Group: clk
Path Type: max

Fanout         Cap        Slew       Delay        Time   Description
---------------------------------------------------------------------------------------------
                                  0.000000    0.000000   clock clk (rise edge)
                                  0.000000    0.000000   clock source latency
     1    0.041112    0.142082    0.100874    0.100874 ^ clk (in)
                                                         clk (net)
                      0.142527    0.000000    0.100874 ^ clkbuf_0_clk/A (sky130_fd_sc_hd__clkbuf_16)
     2    0.042883    0.048507    0.125736    0.226610 ^ clkbuf_0_clk/X (sky130_fd_sc_hd__clkbuf_16)
                                                         clknet_0_clk (net)
                      0.048605    0.001777    0.228386 ^ clkbuf_1_1__f_clk/A (sky130_fd_sc_hd__clkbuf_16)
    13    0.129919    0.110053    0.148978    0.377364 ^ clkbuf_1_1__f_clk/X (sky130_fd_sc_hd__clkbuf_16)
                                                         clknet_1_1__leaf_clk (net)
                      0.110702    0.006733    0.384097 ^ clkbuf_leaf_13_clk/A (sky130_fd_sc_hd__clkbuf_8)
    25    0.070467    0.098720    0.154978    0.539075 ^ clkbuf_leaf_13_clk/X (sky130_fd_sc_hd__clkbuf_8)
                                                         clknet_leaf_13_clk (net)
                      0.098823    0.002059    0.541134 ^ _16166_/CLK (sky130_fd_sc_hd__dfrtp_1)
     1    0.003928    0.038018    0.221645    0.762780 ^ _16166_/Q (sky130_fd_sc_hd__dfrtp_1)
                                                         net87 (net)
                      0.038018    0.000132    0.762911 ^ output87/A (sky130_fd_sc_hd__buf_2)
     1    0.035262    0.131774    0.141798    0.904709 ^ output87/X (sky130_fd_sc_hd__buf_2)
                                                         o_res[27] (net)
                      0.131779    0.000666    0.905375 ^ o_res[27] (out)
                                              0.905375   data arrival time

                                 25.000000   25.000000   clock clk (rise edge)
                                  0.000000   25.000000   clock network delay (propagated)
                                 -0.250000   24.750000   clock uncertainty
                                  0.000000   24.750000   clock reconvergence pessimism
                                 -5.000000   19.750000   output external delay
                                             19.750000   data required time
---------------------------------------------------------------------------------------------
                                             19.750000   data required time
                                             -0.905375   data arrival time
---------------------------------------------------------------------------------------------
                                             18.844624   slack (MET)




===========================================================================
report_checks --slack_max -0.01
============================================================================
======================= nom_ff_n40C_1v95 Corner ===================================

No paths found.


===========================================================================
 report_check_types -max_slew -max_cap -max_fanout -violators
============================================================================
======================= nom_ff_n40C_1v95 Corner ===================================

max fanout

Pin                                   Limit Fanout  Slack
---------------------------------------------------------
clkbuf_leaf_11_clk/X                     10     25    -15 (VIOLATED)
clkbuf_leaf_13_clk/X                     10     25    -15 (VIOLATED)
clkbuf_leaf_15_clk/X                     10     25    -15 (VIOLATED)
clkbuf_leaf_18_clk/X                     10     22    -12 (VIOLATED)
clkbuf_leaf_6_clk/X                      10     21    -11 (VIOLATED)
clkbuf_leaf_20_clk/X                     10     19     -9 (VIOLATED)
clkbuf_leaf_24_clk/X                     10     19     -9 (VIOLATED)
clkbuf_leaf_0_clk/X                      10     18     -8 (VIOLATED)
clkbuf_leaf_19_clk/X                     10     18     -8 (VIOLATED)
clkbuf_leaf_3_clk/X                      10     15     -5 (VIOLATED)
clkbuf_leaf_5_clk/X                      10     15     -5 (VIOLATED)
clkbuf_1_0__f_clk/X                      10     14     -4 (VIOLATED)
clkbuf_leaf_14_clk/X                     10     14     -4 (VIOLATED)
clkbuf_leaf_7_clk/X                      10     14     -4 (VIOLATED)
clkbuf_1_1__f_clk/X                      10     13     -3 (VIOLATED)
clkbuf_leaf_12_clk/X                     10     11        (VIOLATED)
clkbuf_leaf_8_clk/X                      10     11        (VIOLATED)
fanout151/X                              10     11        (VIOLATED)
fanout165/X                              10     11        (VIOLATED)
fanout188/X                              10     11        (VIOLATED)
fanout194/X                              10     11        (VIOLATED)
fanout197/X                              10     11        (VIOLATED)
fanout221/X                              10     11        (VIOLATED)



===========================================================================
report_parasitic_annotation -report_unannotated
============================================================================
Found 23 unannotated drivers.
 clkload0/Y
 clkload1/Y
 clkload10/Y
 clkload11/Y
 clkload12/Y
 clkload13/Y
 clkload14/X
 clkload15/Y
 clkload16/X
 clkload17/Y
 clkload18/Y
 clkload19/Y
 clkload2/Y
 clkload20/Y
 clkload21/Y
 clkload22/Y
 clkload3/Y
 clkload4/Y
 clkload5/Y
 clkload6/Y
 clkload7/Y
 clkload8/Y
 clkload9/Y
Found 0 partially unannotated drivers.

===========================================================================
max slew violation count 0
max fanout violation count 23
max cap violation count 0
============================================================================

===========================================================================
check_setup -verbose -unconstrained_endpoints -multiple_clock -no_clock -no_input_delay -loops -generated_clocks
===========================================================================
