Clock: clk
Sources: clk 
Generated: no
Virtual: yes
Propagated: no
Period: 25.000000

===========================================================================
report_clock_properties
============================================================================
Clock                   Period          Waveform
----------------------------------------------------
clk                  25.000000    0.000000 12.500000

===========================================================================
report_clock_latency
============================================================================
Clock clk
rise -> rise
    min     max
0.000000 0.000000 source latency
0.392224         network latency _15928_/CLK
        0.549707 network latency _15987_/CLK
---------------
0.392224 0.549707 latency
        0.157483 skew

fall -> fall
    min     max
0.000000 0.000000 source latency
0.322564         network latency _15928_/CLK
        0.469067 network latency _15987_/CLK
---------------
0.322564 0.469067 latency
        0.146502 skew



===========================================================================
report_clock_min_period
============================================================================
clk period_min = 5.63 fmax = 177.69
